#-----------------------------------------------------------
# Vivado v2017.4 (64-bit)
# SW Build 2086221 on Fri Dec 15 20:54:30 MST 2017
# IP Build 2085800 on Fri Dec 15 22:25:07 MST 2017
# Start of session at: Thu Aug 16 09:38:39 2018
# Process ID: 10384
# Current directory: /home/iavendano/pynq-copter/pynqcopter/iicCommMod
# Command line: vivado iicCommMod/iicCommMod.xpr
# Log file: /home/iavendano/pynq-copter/pynqcopter/iicCommMod/vivado.log
# Journal file: /home/iavendano/pynq-copter/pynqcopter/iicCommMod/vivado.jou
#-----------------------------------------------------------
start_gui
open_project iicCommMod/iicCommMod.xpr
Scanning sources...
Finished scanning sources
INFO: [IP_Flow 19-234] Refreshing IP repositories
INFO: [IP_Flow 19-1700] Loaded user IP repository '/home/iavendano/pynq-copter/pynqcopter/ip'.
INFO: [IP_Flow 19-2313] Loaded Vivado IP repository '/data/opt/Xilinx/Vivado/2017.4/data/ip'.
CRITICAL WARNING: [IP_Flow 19-1663] Duplicate IP found for 'UCSD:hlsip:bmesensor:1.0'. The one found in IP location '/home/iavendano/pynq-copter/pynqcopter/ip/bmesensor/bmesensor/bmesensor/impl/ip' will take precedence over the same IP in location /home/iavendano/pynq-copter/pynqcopter/ip/bmesensor2/bmesensor2/bmesensor/impl/ip
CRITICAL WARNING: [IP_Flow 19-1663] Duplicate IP found for 'UCSD:hlsip:iiccomm:1.0'. The one found in IP location '/home/iavendano/pynq-copter/pynqcopter/ip/iiccomm/iiccomm/iiccomm/impl/ip' will take precedence over the same IP in location /home/iavendano/pynq-copter/pynqcopter/ip/iiccommmod/iiccommmod/iiccomm/impl/ip
open_project: Time (s): cpu = 00:00:28 ; elapsed = 00:00:08 . Memory (MB): peak = 6237.660 ; gain = 74.945 ; free physical = 118167 ; free virtual = 503045
update_compile_order -fileset sources_1
open_bd_design {/home/iavendano/pynq-copter/pynqcopter/iicCommMod/iicCommMod/iicCommMod.srcs/sources_1/bd/iicCommMod/iicCommMod.bd}
Adding cell -- xilinx.com:ip:axi_iic:2.0 - axi_iic_0
Adding cell -- UCSD:hlsip:iiccomm:1.0 - iiccomm_0
Adding cell -- xilinx.com:ip:processing_system7:5.5 - processing_system7_0
Adding cell -- xilinx.com:ip:proc_sys_reset:5.0 - rst_ps7_0_100M
Adding cell -- xilinx.com:ip:axi_crossbar:2.1 - xbar
Adding cell -- xilinx.com:ip:axi_mmu:2.1 - s01_mmu
Adding cell -- xilinx.com:ip:axi_protocol_converter:2.1 - auto_pc
Adding cell -- xilinx.com:ip:axi_protocol_converter:2.1 - auto_pc
Successfully read diagram <iicCommMod> from BD file </home/iavendano/pynq-copter/pynqcopter/iicCommMod/iicCommMod/iicCommMod.srcs/sources_1/bd/iicCommMod/iicCommMod.bd>
open_bd_design: Time (s): cpu = 00:00:09 ; elapsed = 00:00:05 . Memory (MB): peak = 6315.707 ; gain = 30.207 ; free physical = 118086 ; free virtual = 502964
delete_bd_objs [get_bd_intf_nets ps7_0_axi_periph_M00_AXI] [get_bd_intf_nets iiccomm_0_m_axi_iic] [get_bd_cells iiccomm_0]
startgroup
create_bd_cell -type ip -vlnv UCSD:hlsip:iiccommmod:1.0 iiccommmod_0
endgroup
set_property location {3 994 154} [get_bd_cells iiccommmod_0]
connect_bd_intf_net -boundary_type upper [get_bd_intf_pins ps7_0_axi_periph/M00_AXI] [get_bd_intf_pins iiccommmod_0/s_axi_AXILiteS]
connect_bd_intf_net [get_bd_intf_pins iiccommmod_0/m_axi_iic] -boundary_type upper [get_bd_intf_pins ps7_0_axi_periph/S01_AXI]
connect_bd_net [get_bd_pins iiccommmod_0/ap_rst_n] [get_bd_pins rst_ps7_0_100M/peripheral_aresetn]
connect_bd_net [get_bd_pins iiccommmod_0/ap_clk] [get_bd_pins processing_system7_0/FCLK_CLK0]
save_bd_design
Wrote  : </home/iavendano/pynq-copter/pynqcopter/iicCommMod/iicCommMod/iicCommMod.srcs/sources_1/bd/iicCommMod/iicCommMod.bd> 
Wrote  : </home/iavendano/pynq-copter/pynqcopter/iicCommMod/iicCommMod/iicCommMod.srcs/sources_1/bd/iicCommMod/ui/bd_6b1889b3.ui> 
validate_bd_design
CRITICAL WARNING: [BD 41-1356] Address block </iiccommmod_0/s_axi_AXILiteS/Reg> is not mapped into </processing_system7_0/Data>. Please use Address Editor to either map or exclude it.
CRITICAL WARNING: [BD 41-1356] Address block </axi_iic_0/S_AXI/Reg> is not mapped into </iiccommmod_0/Data_m_axi_iic>. Please use Address Editor to either map or exclude it.
CRITICAL WARNING: [BD 41-1356] Address block </iiccommmod_0/s_axi_AXILiteS/Reg> is not mapped into </processing_system7_0/Data>. Please use Address Editor to either map or exclude it.
CRITICAL WARNING: [BD 41-1356] Address block </axi_iic_0/S_AXI/Reg> is not mapped into </iiccommmod_0/Data_m_axi_iic>. Please use Address Editor to either map or exclude it.
assign_bd_address [get_bd_addr_segs {iiccommmod_0/s_axi_AXILiteS/Reg }]
</iiccommmod_0/s_axi_AXILiteS/Reg> is being mapped into </processing_system7_0/Data> at <0x43C00000 [ 64K ]>
set_property range 4K [get_bd_addr_segs {processing_system7_0/Data/SEG_iiccommmod_0_Reg}]
set_property offset 0x40000000 [get_bd_addr_segs {processing_system7_0/Data/SEG_iiccommmod_0_Reg}]
assign_bd_address [get_bd_addr_segs {axi_iic_0/S_AXI/Reg }]
</axi_iic_0/S_AXI/Reg> is being mapped into </iiccommmod_0/Data_m_axi_iic> at <0x40001000 [ 4K ]>
INFO: [BD 41-1051] The usage <register> of peripheral </axi_iic_0/S_AXI/Reg> does not match the usage <memory> of master </iiccommmod_0/Data_m_axi_iic> and will be excluded using sparse connectivity from its address space. Use the include_bd_addr_seg command to override this precaution and make this peripheral visible within this masters address space.
Excluding </axi_iic_0/S_AXI/Reg> from </iiccommmod_0/Data_m_axi_iic>
include_bd_addr_seg [get_bd_addr_segs -excluded iiccommmod_0/Data_m_axi_iic/SEG_axi_iic_0_Reg]
Including </axi_iic_0/S_AXI/Reg> into </iiccommmod_0/Data_m_axi_iic>
save_bd_design
Wrote  : </home/iavendano/pynq-copter/pynqcopter/iicCommMod/iicCommMod/iicCommMod.srcs/sources_1/bd/iicCommMod/iicCommMod.bd> 
validate_bd_design
CRITICAL WARNING: [BD 41-1356] Address block </iiccommmod_0/s_axi_AXILiteS/Reg> is not mapped into </iiccommmod_0/Data_m_axi_iic>. Please use Address Editor to either map or exclude it.
exclude_bd_addr_seg [get_bd_addr_segs iiccommmod_0/s_axi_AXILiteS/Reg] -target_address_space [get_bd_addr_spaces iiccommmod_0/Data_m_axi_iic]
</iiccommmod_0/s_axi_AXILiteS/Reg> is being mapped into </iiccommmod_0/Data_m_axi_iic> at <0x40000000 [ 4K ]>
INFO: [BD 41-1051] The usage <register> of peripheral </iiccommmod_0/s_axi_AXILiteS/Reg> does not match the usage <memory> of master </iiccommmod_0/Data_m_axi_iic> and will be excluded using sparse connectivity from its address space. Use the include_bd_addr_seg command to override this precaution and make this peripheral visible within this masters address space.
Excluding </iiccommmod_0/s_axi_AXILiteS/Reg> from </iiccommmod_0/Data_m_axi_iic>
ERROR: [BD 41-1599] /iiccommmod_0/s_axi_AXILiteS/Reg is already excluded.
ERROR: [BD 5-294] Error excluding segment 
delete_bd_objs [get_bd_addr_segs -excluded iiccommmod_0/Data_m_axi_iic/SEG_iiccommmod_0_Reg]
assign_bd_address [get_bd_addr_segs {iiccommmod_0/s_axi_AXILiteS/Reg }]
</iiccommmod_0/s_axi_AXILiteS/Reg> is being mapped into </iiccommmod_0/Data_m_axi_iic> at <0x40000000 [ 4K ]>
INFO: [BD 41-1051] The usage <register> of peripheral </iiccommmod_0/s_axi_AXILiteS/Reg> does not match the usage <memory> of master </iiccommmod_0/Data_m_axi_iic> and will be excluded using sparse connectivity from its address space. Use the include_bd_addr_seg command to override this precaution and make this peripheral visible within this masters address space.
Excluding </iiccommmod_0/s_axi_AXILiteS/Reg> from </iiccommmod_0/Data_m_axi_iic>
save_bd_design
Wrote  : </home/iavendano/pynq-copter/pynqcopter/iicCommMod/iicCommMod/iicCommMod.srcs/sources_1/bd/iicCommMod/iicCommMod.bd> 
validate_bd_design
save_bd_design
Wrote  : </home/iavendano/pynq-copter/pynqcopter/iicCommMod/iicCommMod/iicCommMod.srcs/sources_1/bd/iicCommMod/iicCommMod.bd> 
write_bd_tcl -force -hier_blks [get_bd_cells /] /home/iavendano/pynq-copter/pynqcopter/iicCommMod/iicCommMod.tcl
INFO: [BD 5-148] Tcl file written out </home/iavendano/pynq-copter/pynqcopter/iicCommMod/iicCommMod.tcl>.

exit
INFO: [Common 17-206] Exiting Vivado at Thu Aug 16 09:43:19 2018...
