#-----------------------------------------------------------
# Vivado v2017.4 (64-bit)
# SW Build 2086221 on Fri Dec 15 20:54:30 MST 2017
# IP Build 2085800 on Fri Dec 15 22:25:07 MST 2017
# Start of session at: Thu Aug 16 11:43:14 2018
# Process ID: 32212
# Current directory: /home/iavendano/pynq-copter/pynqcopter/iicCommMod
# Command line: vivado iicCommMod/iicCommMod.xpr
# Log file: /home/iavendano/pynq-copter/pynqcopter/iicCommMod/vivado.log
# Journal file: /home/iavendano/pynq-copter/pynqcopter/iicCommMod/vivado.jou
#-----------------------------------------------------------
start_gui
Maximum number of clients reachedxterm: Xt error: Can't open display: :50
ERROR: [Common 17-1374] Display test failed. Please check DISPLAY environment variable and X server permissions for remote display.
open_project iicCommMod/iicCommMod.xpr
Scanning sources...
Finished scanning sources
INFO: [IP_Flow 19-234] Refreshing IP repositories
INFO: [IP_Flow 19-1700] Loaded user IP repository '/home/iavendano/pynq-copter/pynqcopter/ip'.
INFO: [IP_Flow 19-2313] Loaded Vivado IP repository '/data/opt/Xilinx/Vivado/2017.4/data/ip'.
CRITICAL WARNING: [IP_Flow 19-1663] Duplicate IP found for 'UCSD:hlsip:iiccomm:1.0'. The one found in IP location '/home/iavendano/pynq-copter/pynqcopter/ip/iiccomm/iiccomm/iiccomm/impl/ip' will take precedence over the same IP in location /home/iavendano/pynq-copter/pynqcopter/ip/iiccommmod/iiccommmod/iiccomm/impl/ip
