Copyright 1986-2017 Xilinx, Inc. All Rights Reserved.
--------------------------------------------------------------------------------------------------------------------------------------------------------------------------
| Tool Version : Vivado v.2017.4 (lin64) Build 2086221 Fri Dec 15 20:54:30 MST 2017
| Date         : Fri Aug  3 19:37:01 2018
| Host         : fabricant running 64-bit Linux Mint 18 Sarah
| Command      : report_methodology -file base_wrapper_methodology_drc_routed.rpt -pb base_wrapper_methodology_drc_routed.pb -rpx base_wrapper_methodology_drc_routed.rpx
| Design       : base_wrapper
| Device       : xc7z020clg400-1
| Speed File   : -1
| Design State : Routed
--------------------------------------------------------------------------------------------------------------------------------------------------------------------------

Report Methodology

Table of Contents
-----------------
1. REPORT SUMMARY
2. REPORT DETAILS

1. REPORT SUMMARY
-----------------
            Netlist: netlist
          Floorplan: design_1
      Design limits: <entire design considered>
             Max violations: <unlimited>
             Violations found: 10
+-----------+----------+----------------------------------------------------+------------+
| Rule      | Severity | Description                                        | Violations |
+-----------+----------+----------------------------------------------------+------------+
| TIMING-2  | Warning  | Invalid primary clock source pin                   | 1          |
| TIMING-4  | Warning  | Invalid primary clock redefinition on a clock tree | 1          |
| TIMING-18 | Warning  | Missing input or output delay                      | 8          |
+-----------+----------+----------------------------------------------------+------------+

2. REPORT DETAILS
-----------------
TIMING-2#1 Warning
Invalid primary clock source pin  
A primary clock base_i/plClk/inst/clk_in1 is created on an inappropriate pin base_i/plClk/inst/clk_in1. It is recommended to create a primary clock only on a proper clock source (input port or primitive output pin with no timing arc)
Related violations: <none>

TIMING-4#1 Warning
Invalid primary clock redefinition on a clock tree  
Invalid clock redefinition on a clock tree. The primary clock base_i/plClk/inst/clk_in1 is defined downstream of clock clk_fpga_0 and overrides its insertion delay and/or waveform definition
Related violations: <none>

TIMING-18#1 Warning
Missing input or output delay  
An input delay is missing on pb_i[0] relative to clock(s) base_i/plClk/inst/clk_in1
Related violations: <none>

TIMING-18#2 Warning
Missing input or output delay  
An input delay is missing on pb_i[1] relative to clock(s) base_i/plClk/inst/clk_in1
Related violations: <none>

TIMING-18#3 Warning
Missing input or output delay  
An input delay is missing on pb_i[2] relative to clock(s) base_i/plClk/inst/clk_in1
Related violations: <none>

TIMING-18#4 Warning
Missing input or output delay  
An input delay is missing on pb_i[3] relative to clock(s) base_i/plClk/inst/clk_in1
Related violations: <none>

TIMING-18#5 Warning
Missing input or output delay  
An output delay is missing on led_o[0] relative to clock(s) base_i/plClk/inst/clk_in1
Related violations: <none>

TIMING-18#6 Warning
Missing input or output delay  
An output delay is missing on led_o[1] relative to clock(s) base_i/plClk/inst/clk_in1
Related violations: <none>

TIMING-18#7 Warning
Missing input or output delay  
An output delay is missing on led_o[2] relative to clock(s) base_i/plClk/inst/clk_in1
Related violations: <none>

TIMING-18#8 Warning
Missing input or output delay  
An output delay is missing on led_o[3] relative to clock(s) base_i/plClk/inst/clk_in1
Related violations: <none>


