
****** Vivado(TM) HLS - High-Level Synthesis from C, C++ and SystemC v2017.4 (64-bit)
  **** SW Build 2086221 on Fri Dec 15 20:54:30 MST 2017
  **** IP Build 2085800 on Fri Dec 15 22:25:07 MST 2017
    ** Copyright 1986-2017 Xilinx, Inc. All Rights Reserved.

source /data/opt/Xilinx/Vivado/2017.4/scripts/vivado_hls/hls.tcl -notrace
INFO: [HLS 200-10] Running '/data/opt/Xilinx/Vivado/2017.4/bin/unwrapped/lnx64.o/vivado_hls'
INFO: [HLS 200-10] For user 'iavendano' on host 'fabricant' (Linux_x86_64 version 4.4.0-127-generic) on Mon Jul 23 10:55:56 PDT 2018
INFO: [HLS 200-10] On os Linux Mint 18 Sarah
INFO: [HLS 200-10] In directory '/home/iavendano/pynq-copter/pynqcopter/ip/sensor'
INFO: [HLS 200-10] Creating and opening project '/home/iavendano/pynq-copter/pynqcopter/ip/sensor/sensor'.
INFO: [HLS 200-10] Adding test bench file 'main.cpp' to the project
INFO: [HLS 200-10] Adding test bench file 'sensor.cpp' to the project
INFO: [HLS 200-10] Adding design file 'main.cpp' to the project
INFO: [HLS 200-10] Adding design file 'sensor.cpp' to the project
INFO: [HLS 200-10] Creating and opening solution '/home/iavendano/pynq-copter/pynqcopter/ip/sensor/sensor/sensor'.
INFO: [HLS 200-10] Setting target device to 'xc7z020clg400-1'
INFO: [SYN 201-201] Setting up clock 'default' with a period of 4ns.
INFO: [SIM 211-2] *************** CSIM start ***************
INFO: [SIM 211-4] CSIM will launch CLANG as the compiler.
make[2]: Entering directory '/home/iavendano/pynq-copter/pynqcopter/ip/sensor/sensor/sensor/csim/build'
   Compiling ../../../../sensor.cpp in debug mode
   Compiling ../../../../main.cpp in debug mode
   Generating csim.exe
make[2]: Leaving directory '/home/iavendano/pynq-copter/pynqcopter/ip/sensor/sensor/sensor/csim/build'
awk: symbol lookup error: awk: undefined symbol: mpfr_z_sub
INFO: [SIM 211-1] CSim done with 0 errors.
INFO: [SIM 211-3] *************** CSIM finish ***************
INFO: [HLS 200-10] Analyzing design file 'sensor.cpp' ...
INFO: [HLS 200-10] Analyzing design file 'main.cpp' ...
INFO: [HLS 200-10] Validating synthesis directives ...
INFO: [HLS 200-111] Finished Checking Pragmas Time (s): cpu = 00:00:14 ; elapsed = 00:00:12 . Memory (MB): peak = 359.941 ; gain = 13.379 ; free physical = 140043 ; free virtual = 508892
INFO: [HLS 200-111] Finished Linking Time (s): cpu = 00:00:16 ; elapsed = 00:00:13 . Memory (MB): peak = 359.941 ; gain = 13.379 ; free physical = 140040 ; free virtual = 508894
INFO: [HLS 200-10] Starting code transformations ...
INFO: [HLS 200-111] Finished Standard Transforms Time (s): cpu = 00:00:17 ; elapsed = 00:00:14 . Memory (MB): peak = 359.941 ; gain = 13.379 ; free physical = 140033 ; free virtual = 508889
INFO: [HLS 200-10] Checking synthesizability ...
INFO: [HLS 200-111] Finished Checking Synthesizability Time (s): cpu = 00:00:17 ; elapsed = 00:00:14 . Memory (MB): peak = 359.941 ; gain = 13.379 ; free physical = 140032 ; free virtual = 508890
INFO: [HLS 200-111] Finished Pre-synthesis Time (s): cpu = 00:00:18 ; elapsed = 00:00:15 . Memory (MB): peak = 487.934 ; gain = 141.371 ; free physical = 139962 ; free virtual = 508821
INFO: [HLS 200-111] Finished Architecture Synthesis Time (s): cpu = 00:00:18 ; elapsed = 00:00:16 . Memory (MB): peak = 487.934 ; gain = 141.371 ; free physical = 139948 ; free virtual = 508808
INFO: [HLS 200-10] Starting hardware synthesis ...
INFO: [HLS 200-10] Synthesizing 'sensor' ...
INFO: [HLS 200-10] ----------------------------------------------------------------
INFO: [HLS 200-42] -- Implementing module 'sensor'
INFO: [HLS 200-10] ----------------------------------------------------------------
INFO: [SCHED 204-11] Starting scheduling ...
INFO: [SCHED 204-11] Finished scheduling.
INFO: [HLS 200-111]  Elapsed time: 15.73 seconds; current allocated memory: 58.817 MB.
INFO: [BIND 205-100] Starting micro-architecture generation ...
INFO: [BIND 205-101] Performing variable lifetime analysis.
INFO: [BIND 205-101] Exploring resource sharing.
INFO: [BIND 205-101] Binding ...
INFO: [BIND 205-100] Finished micro-architecture generation.
INFO: [HLS 200-111]  Elapsed time: 0.02 seconds; current allocated memory: 58.955 MB.
INFO: [HLS 200-10] ----------------------------------------------------------------
INFO: [HLS 200-10] -- Generating RTL for module 'sensor'
INFO: [HLS 200-10] ----------------------------------------------------------------
INFO: [RTGEN 206-500] Setting interface mode on port 'sensor/MASTER_BUS' to 'm_axi'.
INFO: [RTGEN 206-500] Setting interface mode on port 'sensor/iicData' to 's_axilite & ap_none'.
INFO: [RTGEN 206-500] Setting interface mode on port 'sensor/iicStatus' to 's_axilite & ap_ovld'.
INFO: [RTGEN 206-500] Setting interface mode on function 'sensor' to 's_axilite & ap_ctrl_hs'.
INFO: [RTGEN 206-100] Bundling port 'return', 'iicData' and 'iicStatus' to AXI-Lite port CTRL.
INFO: [RTGEN 206-100] Finished creating RTL model for 'sensor'.
INFO: [HLS 200-111]  Elapsed time: 0.03 seconds; current allocated memory: 59.559 MB.
INFO: [HLS 200-111] Finished generating all RTL models Time (s): cpu = 00:00:19 ; elapsed = 00:00:16 . Memory (MB): peak = 487.934 ; gain = 141.371 ; free physical = 139946 ; free virtual = 508809
INFO: [SYSC 207-301] Generating SystemC RTL for sensor.
INFO: [VHDL 208-304] Generating VHDL RTL for sensor.
INFO: [VLOG 209-307] Generating Verilog RTL for sensor.
INFO: [IMPL 213-8] Exporting RTL as a Vivado IP.

****** Vivado v2017.4 (64-bit)
  **** SW Build 2086221 on Fri Dec 15 20:54:30 MST 2017
  **** IP Build 2085800 on Fri Dec 15 22:25:07 MST 2017
    ** Copyright 1986-2017 Xilinx, Inc. All Rights Reserved.

source run_ippack.tcl -notrace
INFO: [IP_Flow 19-234] Refreshing IP repositories
INFO: [IP_Flow 19-1704] No user IP repositories specified
INFO: [IP_Flow 19-2313] Loaded Vivado IP repository '/data/opt/Xilinx/Vivado/2017.4/data/ip'.
INFO: [Common 17-206] Exiting Vivado at Mon Jul 23 10:56:23 2018...
INFO: [HLS 200-112] Total elapsed time: 48.79 seconds; peak allocated memory: 59.559 MB.
INFO: [Common 17-206] Exiting vivado_hls at Mon Jul 23 10:56:44 2018...
