Copyright 1986-2017 Xilinx, Inc. All Rights Reserved.
----------------------------------------------------------------------------------------
| Tool Version : Vivado v.2017.4 (lin64) Build 2086221 Fri Dec 15 20:54:30 MST 2017
| Date         : Mon Jul 23 20:07:23 2018
| Host         : apple running 64-bit Ubuntu 16.04.4 LTS
| Command      : report_control_sets -verbose -file pwm_wrapper_control_sets_placed.rpt
| Design       : pwm_wrapper
| Device       : xc7z020
----------------------------------------------------------------------------------------

Control Set Information

Table of Contents
-----------------
1. Summary
2. Flip-Flop Distribution
3. Detailed Control Set Information

1. Summary
----------

+----------------------------------------------------------+-------+
|                          Status                          | Count |
+----------------------------------------------------------+-------+
| Number of unique control sets                            |    46 |
| Unused register locations in slices containing registers |   122 |
+----------------------------------------------------------+-------+


2. Flip-Flop Distribution
-------------------------

+--------------+-----------------------+------------------------+-----------------+--------------+
| Clock Enable | Synchronous Set/Reset | Asynchronous Set/Reset | Total Registers | Total Slices |
+--------------+-----------------------+------------------------+-----------------+--------------+
| No           | No                    | No                     |             141 |           48 |
| No           | No                    | Yes                    |               0 |            0 |
| No           | Yes                   | No                     |             126 |           40 |
| Yes          | No                    | No                     |             596 |          145 |
| Yes          | No                    | Yes                    |               0 |            0 |
| Yes          | Yes                   | No                     |             103 |           36 |
+--------------+-----------------------+------------------------+-----------------+--------------+


3. Detailed Control Set Information
-----------------------------------

+--------------------------------------------+-----------------------------------------------------------------------------------------------------------------------------------------------------------+-------------------------------------------------------------------------------------------------------------------------------------+------------------+----------------+
|                Clock Signal                |                                                                       Enable Signal                                                                       |                                                           Set/Reset Signal                                                          | Slice Load Count | Bel Load Count |
+--------------------------------------------+-----------------------------------------------------------------------------------------------------------------------------------------------------------+-------------------------------------------------------------------------------------------------------------------------------------+------------------+----------------+
|  pwm_i/processing_system7_0/inst/FCLK_CLK0 | pwm_i/ps7_0_axi_periph/s00_couplers/auto_pc/inst/gen_axilite.gen_b2s_conv.axilite_b2s/WR.b_channel_0/bid_fifo_0/bresp_push                                |                                                                                                                                     |                1 |              2 |
|  pwm_i/processing_system7_0/inst/FCLK_CLK0 |                                                                                                                                                           | pwm_i/ps7_0_axi_periph/s00_couplers/auto_pc/inst/gen_axilite.gen_b2s_conv.axilite_b2s/SI_REG/ar.ar_pipe/m_valid_i_reg_0             |                2 |              4 |
|  pwm_i/processing_system7_0/inst/FCLK_CLK0 |                                                                                                                                                           | pwm_i/ps7_0_axi_periph/s00_couplers/auto_pc/inst/gen_axilite.gen_b2s_conv.axilite_b2s/SI_REG/aw.aw_pipe/s_ready_i_reg_0             |                1 |              4 |
|  pwm_i/processing_system7_0/inst/FCLK_CLK0 | pwm_i/ps7_0_axi_periph/s00_couplers/auto_pc/inst/gen_axilite.gen_b2s_conv.axilite_b2s/WR.aw_channel_0/aw_cmd_fsm_0/E[0]                                   | pwm_i/ps7_0_axi_periph/s00_couplers/auto_pc/inst/gen_axilite.gen_b2s_conv.axilite_b2s/WR.aw_channel_0/aw_cmd_fsm_0/axlen_cnt_reg[7] |                1 |              4 |
|  pwm_i/processing_system7_0/inst/FCLK_CLK0 | pwm_i/ps7_0_axi_periph/s00_couplers/auto_pc/inst/gen_axilite.gen_b2s_conv.axilite_b2s/RD.ar_channel_0/ar_cmd_fsm_0/axlen_cnt_reg[4][0]                    | pwm_i/ps7_0_axi_periph/s00_couplers/auto_pc/inst/gen_axilite.gen_b2s_conv.axilite_b2s/RD.ar_channel_0/ar_cmd_fsm_0/axlen_cnt_reg[7] |                2 |              4 |
|  pwm_i/processing_system7_0/inst/FCLK_CLK0 |                                                                                                                                                           | pwm_i/rst_ps7_0_100M/U0/EXT_LPF/lpf_int                                                                                             |                2 |              5 |
|  pwm_i/processing_system7_0/inst/FCLK_CLK0 | pwm_i/atoi_0/inst/atoi_AXILiteS_s_axi_U/aw_hs                                                                                                             |                                                                                                                                     |                2 |              5 |
|  pwm_i/processing_system7_0/inst/FCLK_CLK0 | pwm_i/pwm_0/inst/pwm_AXILiteS_s_axi_U/aw_hs                                                                                                               |                                                                                                                                     |                1 |              5 |
|  pwm_i/processing_system7_0/inst/FCLK_CLK0 | pwm_i/atoi_0/inst/atoi_AXILiteS_s_axi_U/rdata[31]_i_2_n_0                                                                                                 |                                                                                                                                     |                2 |              5 |
|  pwm_i/processing_system7_0/inst/FCLK_CLK0 | pwm_i/pwm_0/inst/pwm_AXILiteS_s_axi_U/rdata[31]_i_2_n_0                                                                                                   |                                                                                                                                     |                2 |              5 |
|  pwm_i/processing_system7_0/inst/FCLK_CLK0 | pwm_i/pwm_0/inst/ap_CS_fsm_state9                                                                                                                         | pwm_i/pwm_0/inst/out_p_V[5]_i_1_n_0                                                                                                 |                2 |              6 |
|  pwm_i/processing_system7_0/inst/FCLK_CLK0 | pwm_i/rst_ps7_0_100M/U0/SEQ/seq_cnt_en                                                                                                                    | pwm_i/rst_ps7_0_100M/U0/SEQ/SEQ_COUNTER/clear                                                                                       |                2 |              6 |
|  pwm_i/processing_system7_0/inst/FCLK_CLK0 | pwm_i/ps7_0_axi_periph/s00_couplers/auto_pc/inst/gen_axilite.gen_b2s_conv.axilite_b2s/RD.ar_channel_0/ar_cmd_fsm_0/E[0]                                   |                                                                                                                                     |                4 |              8 |
|  pwm_i/processing_system7_0/inst/FCLK_CLK0 | pwm_i/ps7_0_axi_periph/s00_couplers/auto_pc/inst/gen_axilite.gen_b2s_conv.axilite_b2s/RD.ar_channel_0/ar_cmd_fsm_0/axaddr_incr_reg[0][0]                  |                                                                                                                                     |                3 |              8 |
|  pwm_i/processing_system7_0/inst/FCLK_CLK0 | pwm_i/ps7_0_axi_periph/s00_couplers/auto_pc/inst/gen_axilite.gen_b2s_conv.axilite_b2s/WR.aw_channel_0/aw_cmd_fsm_0/wrap_boundary_axaddr_r_reg[0][0]       |                                                                                                                                     |                3 |              8 |
|  pwm_i/processing_system7_0/inst/FCLK_CLK0 | pwm_i/ps7_0_axi_periph/s00_couplers/auto_pc/inst/gen_axilite.gen_b2s_conv.axilite_b2s/WR.aw_channel_0/cmd_translator_0/incr_cmd_0/axaddr_incr[11]_i_1_n_0 |                                                                                                                                     |                3 |              8 |
|  pwm_i/processing_system7_0/inst/FCLK_CLK0 | pwm_i/ps7_0_axi_periph/s00_couplers/auto_pc/inst/gen_axilite.gen_b2s_conv.axilite_b2s/WR.b_channel_0/mhandshake_r                                         | pwm_i/ps7_0_axi_periph/s00_couplers/auto_pc/inst/gen_axilite.gen_b2s_conv.axilite_b2s/WR.b_channel_0/bid_fifo_0/SR[0]               |                4 |              8 |
|  pwm_i/processing_system7_0/inst/FCLK_CLK0 |                                                                                                                                                           | pwm_i/ps7_0_axi_periph/xbar/inst/gen_sasd.crossbar_sasd_0/addr_arbiter_inst/SR[0]                                                   |                4 |             11 |
|  pwm_i/processing_system7_0/inst/FCLK_CLK0 | pwm_i/ps7_0_axi_periph/s00_couplers/auto_pc/inst/gen_axilite.gen_b2s_conv.axilite_b2s/RD.r_channel_0/r_push_r                                             |                                                                                                                                     |                4 |             13 |
|  pwm_i/processing_system7_0/inst/FCLK_CLK0 | pwm_i/ps7_0_axi_periph/s00_couplers/auto_pc/inst/gen_axilite.gen_b2s_conv.axilite_b2s/SI_REG/b.b_pipe/skid_buffer_reg[0]_0                                |                                                                                                                                     |                3 |             14 |
|  pwm_i/processing_system7_0/inst/FCLK_CLK0 | pwm_i/ps7_0_axi_periph/s00_couplers/auto_pc/inst/gen_axilite.gen_b2s_conv.axilite_b2s/SI_REG/b.b_pipe/p_1_in                                              |                                                                                                                                     |                2 |             14 |
|  pwm_i/processing_system7_0/inst/FCLK_CLK0 | pwm_i/pwm_0/inst/reg_1230                                                                                                                                 |                                                                                                                                     |                3 |             16 |
|  pwm_i/processing_system7_0/inst/FCLK_CLK0 | pwm_i/pwm_0/inst/ap_CS_fsm_state3                                                                                                                         |                                                                                                                                     |                3 |             16 |
|  pwm_i/processing_system7_0/inst/FCLK_CLK0 | pwm_i/ps7_0_axi_periph/s00_couplers/auto_pc/inst/gen_axilite.gen_b2s_conv.axilite_b2s/WR.aw_channel_0/aw_cmd_fsm_0/b_push                                 |                                                                                                                                     |                3 |             16 |
|  pwm_i/processing_system7_0/inst/FCLK_CLK0 | pwm_i/ps7_0_axi_periph/s00_couplers/auto_pc/inst/gen_axilite.gen_b2s_conv.axilite_b2s/WR.aw_channel_0/aw_cmd_fsm_0/E[0]                                   |                                                                                                                                     |                7 |             17 |
|  pwm_i/processing_system7_0/inst/FCLK_CLK0 | pwm_i/pwm_0/inst/ap_CS_fsm_state8                                                                                                                         |                                                                                                                                     |                5 |             17 |
|  pwm_i/processing_system7_0/inst/FCLK_CLK0 | pwm_i/ps7_0_axi_periph/s00_couplers/auto_pc/inst/gen_axilite.gen_b2s_conv.axilite_b2s/RD.ar_channel_0/ar_cmd_fsm_0/axlen_cnt_reg[4][0]                    |                                                                                                                                     |                8 |             17 |
|  pwm_i/processing_system7_0/inst/FCLK_CLK0 |                                                                                                                                                           | pwm_i/atoi_0/inst/atoi_AXILiteS_s_axi_U/ap_rst_n_inv                                                                                |                7 |             18 |
|  pwm_i/processing_system7_0/inst/FCLK_CLK0 | pwm_i/ps7_0_axi_periph/xbar/inst/gen_sasd.crossbar_sasd_0/addr_arbiter_inst/p_0_in1_in                                                                    | pwm_i/ps7_0_axi_periph/xbar/inst/gen_sasd.crossbar_sasd_0/addr_arbiter_inst/SR[0]                                                   |                8 |             21 |
|  pwm_i/processing_system7_0/inst/FCLK_CLK0 |                                                                                                                                                           | pwm_i/pwm_0/inst/pwm_AXILiteS_s_axi_U/ap_rst_n_inv                                                                                  |                9 |             25 |
|  pwm_i/processing_system7_0/inst/FCLK_CLK0 | pwm_i/atoi_0/inst/atoi_AXILiteS_s_axi_U/rdata[31]_i_2_n_0                                                                                                 | pwm_i/atoi_0/inst/atoi_AXILiteS_s_axi_U/rdata[31]_i_1_n_0                                                                           |                9 |             27 |
|  pwm_i/processing_system7_0/inst/FCLK_CLK0 | pwm_i/pwm_0/inst/pwm_AXILiteS_s_axi_U/rdata[31]_i_2_n_0                                                                                                   | pwm_i/pwm_0/inst/pwm_AXILiteS_s_axi_U/rdata[31]_i_1_n_0                                                                             |                8 |             27 |
|  pwm_i/processing_system7_0/inst/FCLK_CLK0 | pwm_i/pwm_0/inst/rdata_reg[31]_i_4_n_0                                                                                                                    |                                                                                                                                     |                6 |             32 |
|  pwm_i/processing_system7_0/inst/FCLK_CLK0 | pwm_i/atoi_0/inst/rdata_reg[31]_i_4_n_0                                                                                                                   |                                                                                                                                     |                6 |             32 |
|  pwm_i/processing_system7_0/inst/FCLK_CLK0 | pwm_i/ps7_0_axi_periph/xbar/inst/gen_sasd.crossbar_sasd_0/reg_slice_r/aa_rready                                                                           |                                                                                                                                     |                9 |             32 |
|  pwm_i/processing_system7_0/inst/FCLK_CLK0 | pwm_i/pwm_0/inst/reg_123_reg[15]_i_4_n_0                                                                                                                  |                                                                                                                                     |                9 |             32 |
|  pwm_i/processing_system7_0/inst/FCLK_CLK0 | pwm_i/ps7_0_axi_periph/s00_couplers/auto_pc/inst/gen_axilite.gen_b2s_conv.axilite_b2s/RD.r_channel_0/rd_data_fifo_0/wr_en0                                |                                                                                                                                     |                9 |             34 |
|  pwm_i/processing_system7_0/inst/FCLK_CLK0 | pwm_i/ps7_0_axi_periph/xbar/inst/gen_sasd.crossbar_sasd_0/addr_arbiter_inst/E[0]                                                                          |                                                                                                                                     |               11 |             35 |
|  pwm_i/processing_system7_0/inst/FCLK_CLK0 | pwm_i/ps7_0_axi_periph/s00_couplers/auto_pc/inst/gen_axilite.gen_b2s_conv.axilite_b2s/SI_REG/ar.ar_pipe/s_axi_arready                                     |                                                                                                                                     |               12 |             44 |
|  pwm_i/processing_system7_0/inst/FCLK_CLK0 | pwm_i/ps7_0_axi_periph/s00_couplers/auto_pc/inst/gen_axilite.gen_b2s_conv.axilite_b2s/WR.aw_channel_0/aw_cmd_fsm_0/m_payload_i_reg[0][0]                  |                                                                                                                                     |                8 |             44 |
|  pwm_i/processing_system7_0/inst/FCLK_CLK0 | pwm_i/ps7_0_axi_periph/s00_couplers/auto_pc/inst/gen_axilite.gen_b2s_conv.axilite_b2s/SI_REG/aw.aw_pipe/s_axi_awready                                     |                                                                                                                                     |                8 |             44 |
|  pwm_i/processing_system7_0/inst/FCLK_CLK0 | pwm_i/ps7_0_axi_periph/s00_couplers/auto_pc/inst/gen_axilite.gen_b2s_conv.axilite_b2s/RD.ar_channel_0/ar_cmd_fsm_0/m_payload_i_reg[0]_1[0]                |                                                                                                                                     |               10 |             44 |
|  pwm_i/processing_system7_0/inst/FCLK_CLK0 | pwm_i/ps7_0_axi_periph/s00_couplers/auto_pc/inst/gen_axilite.gen_b2s_conv.axilite_b2s/SI_REG/r.r_pipe/skid_buffer_reg[0]_0                                |                                                                                                                                     |                8 |             47 |
|  pwm_i/processing_system7_0/inst/FCLK_CLK0 | pwm_i/ps7_0_axi_periph/s00_couplers/auto_pc/inst/gen_axilite.gen_b2s_conv.axilite_b2s/SI_REG/r.r_pipe/p_1_in                                              |                                                                                                                                     |                7 |             47 |
|  pwm_i/processing_system7_0/inst/FCLK_CLK0 |                                                                                                                                                           | pwm_i/ps7_0_axi_periph/s00_couplers/auto_pc/inst/gen_axilite.gen_b2s_conv.axilite_b2s/areset_d1                                     |               15 |             59 |
|  pwm_i/processing_system7_0/inst/FCLK_CLK0 |                                                                                                                                                           |                                                                                                                                     |               49 |            142 |
+--------------------------------------------+-----------------------------------------------------------------------------------------------------------------------------------------------------------+-------------------------------------------------------------------------------------------------------------------------------------+------------------+----------------+


+--------+-----------------------+
| Fanout | Number of ControlSets |
+--------+-----------------------+
| 2      |                     1 |
| 4      |                     4 |
| 5      |                     5 |
| 6      |                     2 |
| 8      |                     5 |
| 11     |                     1 |
| 13     |                     1 |
| 14     |                     2 |
| 16+    |                    25 |
+--------+-----------------------+


