#-----------------------------------------------------------
# Vivado v2017.4 (64-bit)
# SW Build 2086221 on Fri Dec 15 20:54:30 MST 2017
# IP Build 2085800 on Fri Dec 15 22:25:07 MST 2017
# Start of session at: Fri Aug  3 10:57:15 2018
# Process ID: 28480
# Current directory: /home/iavendano/pynq-copter/pynqcopter/iicStat
# Command line: vivado iicStat/iicStat.xpr
# Log file: /home/iavendano/pynq-copter/pynqcopter/iicStat/vivado.log
# Journal file: /home/iavendano/pynq-copter/pynqcopter/iicStat/vivado.jou
#-----------------------------------------------------------
start_gui
open_project iicStat/iicStat.xpr
Scanning sources...
Finished scanning sources
INFO: [IP_Flow 19-234] Refreshing IP repositories
INFO: [IP_Flow 19-1700] Loaded user IP repository '/home/iavendano/pynq-copter/pynqcopter/ip'.
INFO: [IP_Flow 19-2313] Loaded Vivado IP repository '/data/opt/Xilinx/Vivado/2017.4/data/ip'.
open_project: Time (s): cpu = 00:00:26 ; elapsed = 00:00:08 . Memory (MB): peak = 6237.914 ; gain = 90.742 ; free physical = 128930 ; free virtual = 504986
update_compile_order -fileset sources_1
open_bd_design {/home/iavendano/pynq-copter/pynqcopter/iicStat/iicStat/iicStat.srcs/sources_1/bd/iicStat/iicStat.bd}
Adding cell -- xilinx.com:ip:axi_iic:2.0 - axi_iic_0
Adding cell -- UCSD:hlsip:iicstat:1.0 - iicstat_0
Adding cell -- xilinx.com:ip:processing_system7:5.5 - processing_system7_0
Adding cell -- xilinx.com:ip:proc_sys_reset:5.0 - rst_ps7_0_100M
Adding cell -- xilinx.com:ip:axi_crossbar:2.1 - xbar
Adding cell -- xilinx.com:ip:axi_protocol_converter:2.1 - auto_pc
Adding cell -- xilinx.com:ip:axi_protocol_converter:2.1 - auto_pc
Successfully read diagram <iicStat> from BD file </home/iavendano/pynq-copter/pynqcopter/iicStat/iicStat/iicStat.srcs/sources_1/bd/iicStat/iicStat.bd>
open_bd_design: Time (s): cpu = 00:00:17 ; elapsed = 00:00:06 . Memory (MB): peak = 6326.820 ; gain = 46.707 ; free physical = 128845 ; free virtual = 504901
delete_bd_objs [get_bd_intf_nets axi_iic_0_IIC] [get_bd_intf_ports iic_rtl_0]
connect_bd_intf_net [get_bd_intf_ports arduino_iic] [get_bd_intf_pins axi_iic_0/IIC]
save_bd_design
Wrote  : </home/iavendano/pynq-copter/pynqcopter/iicStat/iicStat/iicStat.srcs/sources_1/bd/iicStat/iicStat.bd> 
Wrote  : </home/iavendano/pynq-copter/pynqcopter/iicStat/iicStat/iicStat.srcs/sources_1/bd/iicStat/ui/bd_1c4cd017.ui> 
validate_bd_design
WARNING: [BD 41-927] Following properties on pin /iicstat_0/ap_clk have been updated from connected ip. They may not be synchronized with cell properties. You can set property on pin directly to confirm the value and resolve the warning.
	CLK_DOMAIN=iicStat_processing_system7_0_0_FCLK_CLK0 
save_bd_design
Wrote  : </home/iavendano/pynq-copter/pynqcopter/iicStat/iicStat/iicStat.srcs/sources_1/bd/iicStat/iicStat.bd> 
write_bd_tcl -force -hier_blks [get_bd_cells /] /home/iavendano/pynq-copter/pynqcopter/iicStat/iicStat.tcl
INFO: [BD 5-148] Tcl file written out </home/iavendano/pynq-copter/pynqcopter/iicStat/iicStat.tcl>.

exit
INFO: [Common 17-206] Exiting Vivado at Fri Aug  3 10:59:50 2018...
