#-----------------------------------------------------------
# Vivado v2017.4 (64-bit)
# SW Build 2086221 on Fri Dec 15 20:54:30 MST 2017
# IP Build 2085800 on Fri Dec 15 22:25:07 MST 2017
# Start of session at: Tue Jul 17 22:12:35 2018
# Process ID: 12267
# Current directory: /home/iavendano/pynq-copter/pynqcopter/pid_overlay
# Command line: vivado pid_overlay/pid_overlay.xpr
# Log file: /home/iavendano/pynq-copter/pynqcopter/pid_overlay/vivado.log
# Journal file: /home/iavendano/pynq-copter/pynqcopter/pid_overlay/vivado.jou
#-----------------------------------------------------------
start_gui
open_project pid_overlay/pid_overlay.xpr
Scanning sources...
Finished scanning sources
INFO: [IP_Flow 19-234] Refreshing IP repositories
INFO: [IP_Flow 19-1700] Loaded user IP repository '/home/iavendano/pynq-copter/pynqcopter/ip'.
INFO: [IP_Flow 19-2313] Loaded Vivado IP repository '/data/opt/Xilinx/Vivado/2017.4/data/ip'.
CRITICAL WARNING: [IP_Flow 19-1663] Duplicate IP found for 'UCSD:hlsip:ctrlloop:1.0'. The one found in IP location '/home/iavendano/pynq-copter/pynqcopter/ip/pid/ctrlloop/ctrlloop/impl/ip' will take precedence over the same IP in location /home/iavendano/pynq-copter/pynqcopter/ip/ctrlloop/ctrlloop/ctrlloop/impl/ip
open_project: Time (s): cpu = 00:00:30 ; elapsed = 00:00:08 . Memory (MB): peak = 6232.137 ; gain = 65.117 ; free physical = 252069 ; free virtual = 517415
update_compile_order -fileset sources_1
open_bd_design {/home/iavendano/pynq-copter/pynqcopter/pid_overlay/pid_overlay/pid_overlay.srcs/sources_1/bd/pid_overlay/pid_overlay.bd}
Adding cell -- UCSD:hlsip:pid:1.0 - pid_0
Adding cell -- xilinx.com:ip:processing_system7:5.5 - processing_system7_0
Adding cell -- xilinx.com:ip:proc_sys_reset:5.0 - userReset
Adding cell -- xilinx.com:ip:axi_protocol_converter:2.1 - auto_pc
Successfully read diagram <pid_overlay> from BD file </home/iavendano/pynq-copter/pynqcopter/pid_overlay/pid_overlay/pid_overlay.srcs/sources_1/bd/pid_overlay/pid_overlay.bd>
open_bd_design: Time (s): cpu = 00:00:18 ; elapsed = 00:00:07 . Memory (MB): peak = 6308.828 ; gain = 39.496 ; free physical = 251982 ; free virtual = 517328
exit
INFO: [Common 17-206] Exiting Vivado at Wed Jul 18 00:22:08 2018...
