
*** Running vivado
    with args -log pwm_xlconstant_0_0.vds -m64 -product Vivado -mode batch -messageDb vivado.pb -notrace -source pwm_xlconstant_0_0.tcl


****** Vivado v2017.4 (64-bit)
  **** SW Build 2086221 on Fri Dec 15 20:54:30 MST 2017
  **** IP Build 2085800 on Fri Dec 15 22:25:07 MST 2017
    ** Copyright 1986-2017 Xilinx, Inc. All Rights Reserved.

source pwm_xlconstant_0_0.tcl -notrace
Command: synth_design -top pwm_xlconstant_0_0 -part xc7z020clg400-1 -mode out_of_context
Starting synth_design
Attempting to get a license for feature 'Synthesis' and/or device 'xc7z020'
INFO: [Common 17-349] Got license for feature 'Synthesis' and/or device 'xc7z020'
INFO: Launching helper process for spawning children vivado processes
INFO: Helper process launched with PID 30864 
---------------------------------------------------------------------------------
Starting RTL Elaboration : Time (s): cpu = 00:00:10 ; elapsed = 00:00:11 . Memory (MB): peak = 1254.336 ; gain = 79.996 ; free physical = 1570 ; free virtual = 10710
---------------------------------------------------------------------------------
INFO: [Synth 8-638] synthesizing module 'pwm_xlconstant_0_0' [/home/brennan/Documents/pynq-copter/pynqcopter/pwm/pwm/pwm.srcs/sources_1/bd/pwm/ip/pwm_xlconstant_0_0/synth/pwm_xlconstant_0_0.v:57]
INFO: [Synth 8-638] synthesizing module 'xlconstant_v1_1_3_xlconstant' [/home/brennan/Documents/pynq-copter/pynqcopter/pwm/pwm/pwm.srcs/sources_1/bd/pwm/ipshared/0750/hdl/xlconstant_v1_1_vl_rfs.v:23]
	Parameter CONST_VAL bound to: 0 - type: integer 
	Parameter CONST_WIDTH bound to: 20 - type: integer 
INFO: [Synth 8-256] done synthesizing module 'xlconstant_v1_1_3_xlconstant' (1#1) [/home/brennan/Documents/pynq-copter/pynqcopter/pwm/pwm/pwm.srcs/sources_1/bd/pwm/ipshared/0750/hdl/xlconstant_v1_1_vl_rfs.v:23]
INFO: [Synth 8-256] done synthesizing module 'pwm_xlconstant_0_0' (2#1) [/home/brennan/Documents/pynq-copter/pynqcopter/pwm/pwm/pwm.srcs/sources_1/bd/pwm/ip/pwm_xlconstant_0_0/synth/pwm_xlconstant_0_0.v:57]
---------------------------------------------------------------------------------
Finished RTL Elaboration : Time (s): cpu = 00:00:11 ; elapsed = 00:00:12 . Memory (MB): peak = 1296.867 ; gain = 122.527 ; free physical = 1546 ; free virtual = 10689
---------------------------------------------------------------------------------

Report Check Netlist: 
+------+------------------+-------+---------+-------+------------------+
|      |Item              |Errors |Warnings |Status |Description       |
+------+------------------+-------+---------+-------+------------------+
|1     |multi_driven_nets |      0|        0|Passed |Multi driven nets |
+------+------------------+-------+---------+-------+------------------+
---------------------------------------------------------------------------------
Finished RTL Optimization Phase 1 : Time (s): cpu = 00:00:11 ; elapsed = 00:00:13 . Memory (MB): peak = 1296.867 ; gain = 122.527 ; free physical = 1598 ; free virtual = 10740
---------------------------------------------------------------------------------
INFO: [Device 21-403] Loading part xc7z020clg400-1
INFO: [Project 1-570] Preparing netlist for logic optimization

Processing XDC Constraints
Initializing timing engine
Completed Processing XDC Constraints

INFO: [Project 1-111] Unisim Transformation Summary:
No Unisim elements were transformed.

Constraint Validation Runtime : Time (s): cpu = 00:00:00 ; elapsed = 00:00:00 . Memory (MB): peak = 1541.883 ; gain = 0.000 ; free physical = 956 ; free virtual = 10137
---------------------------------------------------------------------------------
Finished Constraint Validation : Time (s): cpu = 00:00:35 ; elapsed = 00:00:57 . Memory (MB): peak = 1541.883 ; gain = 367.543 ; free physical = 976 ; free virtual = 10157
---------------------------------------------------------------------------------
---------------------------------------------------------------------------------
Start Loading Part and Timing Information
---------------------------------------------------------------------------------
Loading part: xc7z020clg400-1
---------------------------------------------------------------------------------
Finished Loading Part and Timing Information : Time (s): cpu = 00:00:35 ; elapsed = 00:00:57 . Memory (MB): peak = 1541.883 ; gain = 367.543 ; free physical = 976 ; free virtual = 10157
---------------------------------------------------------------------------------
---------------------------------------------------------------------------------
Start Applying 'set_property' XDC Constraints
---------------------------------------------------------------------------------
---------------------------------------------------------------------------------
Finished applying 'set_property' XDC Constraints : Time (s): cpu = 00:00:35 ; elapsed = 00:00:57 . Memory (MB): peak = 1541.883 ; gain = 367.543 ; free physical = 978 ; free virtual = 10159
---------------------------------------------------------------------------------
---------------------------------------------------------------------------------
Finished RTL Optimization Phase 2 : Time (s): cpu = 00:00:35 ; elapsed = 00:00:57 . Memory (MB): peak = 1541.883 ; gain = 367.543 ; free physical = 978 ; free virtual = 10159
---------------------------------------------------------------------------------

Report RTL Partitions: 
+-+--------------+------------+----------+
| |RTL Partition |Replication |Instances |
+-+--------------+------------+----------+
+-+--------------+------------+----------+
---------------------------------------------------------------------------------
Start RTL Component Statistics 
---------------------------------------------------------------------------------
Detailed RTL Component Info : 
---------------------------------------------------------------------------------
Finished RTL Component Statistics 
---------------------------------------------------------------------------------
---------------------------------------------------------------------------------
Start RTL Hierarchical Component Statistics 
---------------------------------------------------------------------------------
Hierarchical RTL Component report 
---------------------------------------------------------------------------------
Finished RTL Hierarchical Component Statistics
---------------------------------------------------------------------------------
---------------------------------------------------------------------------------
Start Part Resource Summary
---------------------------------------------------------------------------------
Part Resources:
DSPs: 220 (col length:60)
BRAMs: 280 (col length: RAMB18 60 RAMB36 30)
---------------------------------------------------------------------------------
Finished Part Resource Summary
---------------------------------------------------------------------------------
---------------------------------------------------------------------------------
Start Cross Boundary and Area Optimization
---------------------------------------------------------------------------------
WARNING: [Synth 8-3330] design pwm_xlconstant_0_0 has an empty top module
INFO: [Synth 8-3917] design pwm_xlconstant_0_0 has port dout[19] driven by constant 0
INFO: [Synth 8-3917] design pwm_xlconstant_0_0 has port dout[18] driven by constant 0
INFO: [Synth 8-3917] design pwm_xlconstant_0_0 has port dout[17] driven by constant 0
INFO: [Synth 8-3917] design pwm_xlconstant_0_0 has port dout[16] driven by constant 0
INFO: [Synth 8-3917] design pwm_xlconstant_0_0 has port dout[15] driven by constant 0
INFO: [Synth 8-3917] design pwm_xlconstant_0_0 has port dout[14] driven by constant 0
INFO: [Synth 8-3917] design pwm_xlconstant_0_0 has port dout[13] driven by constant 0
INFO: [Synth 8-3917] design pwm_xlconstant_0_0 has port dout[12] driven by constant 0
INFO: [Synth 8-3917] design pwm_xlconstant_0_0 has port dout[11] driven by constant 0
INFO: [Synth 8-3917] design pwm_xlconstant_0_0 has port dout[10] driven by constant 0
INFO: [Synth 8-3917] design pwm_xlconstant_0_0 has port dout[9] driven by constant 0
INFO: [Synth 8-3917] design pwm_xlconstant_0_0 has port dout[8] driven by constant 0
INFO: [Synth 8-3917] design pwm_xlconstant_0_0 has port dout[7] driven by constant 0
INFO: [Synth 8-3917] design pwm_xlconstant_0_0 has port dout[6] driven by constant 0
INFO: [Synth 8-3917] design pwm_xlconstant_0_0 has port dout[5] driven by constant 0
INFO: [Synth 8-3917] design pwm_xlconstant_0_0 has port dout[4] driven by constant 0
INFO: [Synth 8-3917] design pwm_xlconstant_0_0 has port dout[3] driven by constant 0
INFO: [Synth 8-3917] design pwm_xlconstant_0_0 has port dout[2] driven by constant 0
INFO: [Synth 8-3917] design pwm_xlconstant_0_0 has port dout[1] driven by constant 0
INFO: [Synth 8-3917] design pwm_xlconstant_0_0 has port dout[0] driven by constant 0
---------------------------------------------------------------------------------
Finished Cross Boundary and Area Optimization : Time (s): cpu = 00:00:35 ; elapsed = 00:00:57 . Memory (MB): peak = 1541.883 ; gain = 367.543 ; free physical = 977 ; free virtual = 10158
---------------------------------------------------------------------------------

Report RTL Partitions: 
+-+--------------+------------+----------+
| |RTL Partition |Replication |Instances |
+-+--------------+------------+----------+
+-+--------------+------------+----------+
---------------------------------------------------------------------------------
Start Applying XDC Timing Constraints
---------------------------------------------------------------------------------
---------------------------------------------------------------------------------
Finished Applying XDC Timing Constraints : Time (s): cpu = 00:00:44 ; elapsed = 00:01:09 . Memory (MB): peak = 1592.883 ; gain = 418.543 ; free physical = 1456 ; free virtual = 10638
---------------------------------------------------------------------------------
---------------------------------------------------------------------------------
Start Timing Optimization
---------------------------------------------------------------------------------
---------------------------------------------------------------------------------
Finished Timing Optimization : Time (s): cpu = 00:00:44 ; elapsed = 00:01:09 . Memory (MB): peak = 1592.883 ; gain = 418.543 ; free physical = 1456 ; free virtual = 10638
---------------------------------------------------------------------------------

Report RTL Partitions: 
+-+--------------+------------+----------+
| |RTL Partition |Replication |Instances |
+-+--------------+------------+----------+
+-+--------------+------------+----------+
---------------------------------------------------------------------------------
Start Technology Mapping
---------------------------------------------------------------------------------
---------------------------------------------------------------------------------
Finished Technology Mapping : Time (s): cpu = 00:00:44 ; elapsed = 00:01:09 . Memory (MB): peak = 1601.898 ; gain = 427.559 ; free physical = 1456 ; free virtual = 10637
---------------------------------------------------------------------------------

Report RTL Partitions: 
+-+--------------+------------+----------+
| |RTL Partition |Replication |Instances |
+-+--------------+------------+----------+
+-+--------------+------------+----------+
---------------------------------------------------------------------------------
Start IO Insertion
---------------------------------------------------------------------------------
---------------------------------------------------------------------------------
Start Flattening Before IO Insertion
---------------------------------------------------------------------------------
---------------------------------------------------------------------------------
Finished Flattening Before IO Insertion
---------------------------------------------------------------------------------
---------------------------------------------------------------------------------
Start Final Netlist Cleanup
---------------------------------------------------------------------------------
---------------------------------------------------------------------------------
Finished Final Netlist Cleanup
---------------------------------------------------------------------------------
---------------------------------------------------------------------------------
Finished IO Insertion : Time (s): cpu = 00:00:44 ; elapsed = 00:01:10 . Memory (MB): peak = 1601.898 ; gain = 427.559 ; free physical = 1420 ; free virtual = 10601
---------------------------------------------------------------------------------

Report Check Netlist: 
+------+------------------+-------+---------+-------+------------------+
|      |Item              |Errors |Warnings |Status |Description       |
+------+------------------+-------+---------+-------+------------------+
|1     |multi_driven_nets |      0|        0|Passed |Multi driven nets |
+------+------------------+-------+---------+-------+------------------+
---------------------------------------------------------------------------------
Start Renaming Generated Instances
---------------------------------------------------------------------------------
---------------------------------------------------------------------------------
Finished Renaming Generated Instances : Time (s): cpu = 00:00:44 ; elapsed = 00:01:10 . Memory (MB): peak = 1601.898 ; gain = 427.559 ; free physical = 1420 ; free virtual = 10601
---------------------------------------------------------------------------------

Report RTL Partitions: 
+-+--------------+------------+----------+
| |RTL Partition |Replication |Instances |
+-+--------------+------------+----------+
+-+--------------+------------+----------+
---------------------------------------------------------------------------------
Start Rebuilding User Hierarchy
---------------------------------------------------------------------------------
---------------------------------------------------------------------------------
Finished Rebuilding User Hierarchy : Time (s): cpu = 00:00:44 ; elapsed = 00:01:10 . Memory (MB): peak = 1601.898 ; gain = 427.559 ; free physical = 1420 ; free virtual = 10601
---------------------------------------------------------------------------------
---------------------------------------------------------------------------------
Start Renaming Generated Ports
---------------------------------------------------------------------------------
---------------------------------------------------------------------------------
Finished Renaming Generated Ports : Time (s): cpu = 00:00:44 ; elapsed = 00:01:10 . Memory (MB): peak = 1601.898 ; gain = 427.559 ; free physical = 1420 ; free virtual = 10601
---------------------------------------------------------------------------------
---------------------------------------------------------------------------------
Start Handling Custom Attributes
---------------------------------------------------------------------------------
---------------------------------------------------------------------------------
Finished Handling Custom Attributes : Time (s): cpu = 00:00:44 ; elapsed = 00:01:10 . Memory (MB): peak = 1601.898 ; gain = 427.559 ; free physical = 1419 ; free virtual = 10601
---------------------------------------------------------------------------------
---------------------------------------------------------------------------------
Start Renaming Generated Nets
---------------------------------------------------------------------------------
---------------------------------------------------------------------------------
Finished Renaming Generated Nets : Time (s): cpu = 00:00:44 ; elapsed = 00:01:10 . Memory (MB): peak = 1601.898 ; gain = 427.559 ; free physical = 1419 ; free virtual = 10601
---------------------------------------------------------------------------------
---------------------------------------------------------------------------------
Start Writing Synthesis Report
---------------------------------------------------------------------------------

Report BlackBoxes: 
+-+--------------+----------+
| |BlackBox name |Instances |
+-+--------------+----------+
+-+--------------+----------+

Report Cell Usage: 
+-+-----+------+
| |Cell |Count |
+-+-----+------+
+-+-----+------+

Report Instance Areas: 
+------+---------+-------+------+
|      |Instance |Module |Cells |
+------+---------+-------+------+
|1     |top      |       |     0|
+------+---------+-------+------+
---------------------------------------------------------------------------------
Finished Writing Synthesis Report : Time (s): cpu = 00:00:44 ; elapsed = 00:01:10 . Memory (MB): peak = 1601.898 ; gain = 427.559 ; free physical = 1419 ; free virtual = 10601
---------------------------------------------------------------------------------
Synthesis finished with 0 errors, 0 critical warnings and 1 warnings.
Synthesis Optimization Runtime : Time (s): cpu = 00:00:32 ; elapsed = 00:00:38 . Memory (MB): peak = 1601.898 ; gain = 182.543 ; free physical = 1474 ; free virtual = 10655
Synthesis Optimization Complete : Time (s): cpu = 00:00:44 ; elapsed = 00:01:10 . Memory (MB): peak = 1601.906 ; gain = 427.559 ; free physical = 1473 ; free virtual = 10655
INFO: [Project 1-571] Translating synthesized netlist
INFO: [Project 1-570] Preparing netlist for logic optimization
INFO: [Opt 31-138] Pushed 0 inverter(s) to 0 load pin(s).
INFO: [Project 1-111] Unisim Transformation Summary:
No Unisim elements were transformed.

INFO: [Common 17-83] Releasing license: Synthesis
33 Infos, 1 Warnings, 0 Critical Warnings and 0 Errors encountered.
synth_design completed successfully
synth_design: Time (s): cpu = 00:00:46 ; elapsed = 00:01:12 . Memory (MB): peak = 1612.898 ; gain = 451.934 ; free physical = 1441 ; free virtual = 10622
INFO: [Common 17-1381] The checkpoint '/home/brennan/Documents/pynq-copter/pynqcopter/pwm/pwm/pwm.runs/pwm_xlconstant_0_0_synth_1/pwm_xlconstant_0_0.dcp' has been generated.
