#-----------------------------------------------------------
# Vivado v2017.4 (64-bit)
# SW Build 2086221 on Fri Dec 15 20:54:30 MST 2017
# IP Build 2085800 on Fri Dec 15 22:25:07 MST 2017
# Start of session at: Mon Aug  6 15:29:56 2018
# Process ID: 22782
# Current directory: /home/iavendano/pynq-copter/pynqcopter/iicComm
# Command line: vivado iicComm/iicComm.xpr
# Log file: /home/iavendano/pynq-copter/pynqcopter/iicComm/vivado.log
# Journal file: /home/iavendano/pynq-copter/pynqcopter/iicComm/vivado.jou
#-----------------------------------------------------------
start_gui
open_project iicComm/iicComm.xpr
Scanning sources...
Finished scanning sources
INFO: [IP_Flow 19-234] Refreshing IP repositories
INFO: [IP_Flow 19-1700] Loaded user IP repository '/home/iavendano/pynq-copter/pynqcopter/ip'.
INFO: [IP_Flow 19-2313] Loaded Vivado IP repository '/data/opt/Xilinx/Vivado/2017.4/data/ip'.
open_project: Time (s): cpu = 00:00:29 ; elapsed = 00:00:09 . Memory (MB): peak = 6227.250 ; gain = 72.367 ; free physical = 125569 ; free virtual = 504536
update_compile_order -fileset sources_1
open_bd_design {/home/iavendano/pynq-copter/pynqcopter/iicComm/iicComm/iicComm.srcs/sources_1/bd/iicComm/iicComm.bd}
Adding cell -- xilinx.com:ip:axi_iic:2.0 - axi_iic_0
Adding cell -- UCSD:hlsip:iiccomm:1.0 - iiccomm_0
Adding cell -- xilinx.com:ip:processing_system7:5.5 - processing_system7_0
Adding cell -- xilinx.com:ip:proc_sys_reset:5.0 - rst_ps7_0_100M
Adding cell -- xilinx.com:ip:axi_crossbar:2.1 - xbar
Adding cell -- xilinx.com:ip:axi_mmu:2.1 - s01_mmu
Adding cell -- xilinx.com:ip:axi_protocol_converter:2.1 - auto_pc
Adding cell -- xilinx.com:ip:axi_protocol_converter:2.1 - auto_pc
Successfully read diagram <iicComm> from BD file </home/iavendano/pynq-copter/pynqcopter/iicComm/iicComm/iicComm.srcs/sources_1/bd/iicComm/iicComm.bd>
open_bd_design: Time (s): cpu = 00:00:09 ; elapsed = 00:00:06 . Memory (MB): peak = 6317.348 ; gain = 18.762 ; free physical = 125494 ; free virtual = 504462
write_bd_tcl -force -hier_blks [get_bd_cells /] /home/iavendano/pynq-copter/pynqcopter/iicComm/iicComm.tcl
INFO: [BD 5-148] Tcl file written out </home/iavendano/pynq-copter/pynqcopter/iicComm/iicComm.tcl>.

::xilinx.com_ip_axi_interconnect_2.1::pre_propagate
exit
INFO: [Common 17-206] Exiting Vivado at Mon Aug  6 15:31:30 2018...
