#-----------------------------------------------------------
# Vivado v2017.4 (64-bit)
# SW Build 2086221 on Fri Dec 15 20:54:30 MST 2017
# IP Build 2085800 on Fri Dec 15 22:25:07 MST 2017
# Start of session at: Wed Aug 15 17:20:30 2018
# Process ID: 4107
# Current directory: /home/iavendano/pynq-copter/pynqcopter/iicComm
# Command line: vivado iicComm/iicComm.xpr
# Log file: /home/iavendano/pynq-copter/pynqcopter/iicComm/vivado.log
# Journal file: /home/iavendano/pynq-copter/pynqcopter/iicComm/vivado.jou
#-----------------------------------------------------------
start_gui
open_project iicComm/iicComm.xpr
Scanning sources...
Finished scanning sources
INFO: [IP_Flow 19-234] Refreshing IP repositories
INFO: [IP_Flow 19-1700] Loaded user IP repository '/home/iavendano/pynq-copter/pynqcopter/ip'.
INFO: [IP_Flow 19-2313] Loaded Vivado IP repository '/data/opt/Xilinx/Vivado/2017.4/data/ip'.
CRITICAL WARNING: [IP_Flow 19-1663] Duplicate IP found for 'UCSD:hlsip:bmesensor:1.0'. The one found in IP location '/home/iavendano/pynq-copter/pynqcopter/ip/bmesensor/bmesensor/bmesensor/impl/ip' will take precedence over the same IP in location /home/iavendano/pynq-copter/pynqcopter/ip/bmesensor2/bmesensor2/bmesensor/impl/ip
open_project: Time (s): cpu = 00:00:28 ; elapsed = 00:00:10 . Memory (MB): peak = 6250.754 ; gain = 98.184 ; free physical = 115582 ; free virtual = 500128
update_compile_order -fileset sources_1
open_bd_design {/home/iavendano/pynq-copter/pynqcopter/iicComm/iicComm/iicComm.srcs/sources_1/bd/iicComm/iicComm.bd}
Adding cell -- xilinx.com:ip:axi_iic:2.0 - axi_iic_0
Adding cell -- UCSD:hlsip:iiccomm:1.0 - iiccomm_0
Adding cell -- xilinx.com:ip:processing_system7:5.5 - processing_system7_0
Adding cell -- xilinx.com:ip:proc_sys_reset:5.0 - rst_ps7_0_100M
Adding cell -- xilinx.com:ip:axi_crossbar:2.1 - xbar
Adding cell -- xilinx.com:ip:axi_mmu:2.1 - s01_mmu
Adding cell -- xilinx.com:ip:axi_protocol_converter:2.1 - auto_pc
Adding cell -- xilinx.com:ip:axi_protocol_converter:2.1 - auto_pc
Successfully read diagram <iicComm> from BD file </home/iavendano/pynq-copter/pynqcopter/iicComm/iicComm/iicComm.srcs/sources_1/bd/iicComm/iicComm.bd>
open_bd_design: Time (s): cpu = 00:00:15 ; elapsed = 00:00:07 . Memory (MB): peak = 6318.719 ; gain = 30.770 ; free physical = 115451 ; free virtual = 499997
exit
INFO: [Common 17-206] Exiting Vivado at Wed Aug 15 17:21:51 2018...
