#-----------------------------------------------------------
# Vivado v2017.4 (64-bit)
# SW Build 2086221 on Fri Dec 15 20:54:30 MST 2017
# IP Build 2085800 on Fri Dec 15 22:25:07 MST 2017
# Start of session at: Wed Aug  1 12:20:29 2018
# Process ID: 13909
# Current directory: /home/iavendano/pynq-copter/pynqcopter/iicComm
# Command line: vivado iicComm/iicComm.xpr
# Log file: /home/iavendano/pynq-copter/pynqcopter/iicComm/vivado.log
# Journal file: /home/iavendano/pynq-copter/pynqcopter/iicComm/vivado.jou
#-----------------------------------------------------------
start_gui
open_project iicComm/iicComm.xpr
Scanning sources...
Finished scanning sources
INFO: [IP_Flow 19-234] Refreshing IP repositories
INFO: [IP_Flow 19-1700] Loaded user IP repository '/home/iavendano/pynq-copter/pynqcopter/ip'.
INFO: [IP_Flow 19-2313] Loaded Vivado IP repository '/data/opt/Xilinx/Vivado/2017.4/data/ip'.
CRITICAL WARNING: [IP_Flow 19-1663] Duplicate IP found for 'UCSD:hlsip:ctrlloop:1.0'. The one found in IP location '/home/iavendano/pynq-copter/pynqcopter/ip/ctrlloop/ctrlloop/ctrlloop/impl/ip' will take precedence over the same IP in location /home/iavendano/pynq-copter/pynqcopter/ip/pid/ctrlloop/ctrlloop/impl/ip
open_project: Time (s): cpu = 00:00:28 ; elapsed = 00:00:08 . Memory (MB): peak = 6254.387 ; gain = 117.453 ; free physical = 133043 ; free virtual = 505864
update_compile_order -fileset sources_1
open_bd_design {/home/iavendano/pynq-copter/pynqcopter/iicComm/iicComm/iicComm.srcs/sources_1/bd/iicComm/iicComm.bd}
Adding cell -- xilinx.com:ip:axi_iic:2.0 - axi_iic_0
Adding cell -- UCSD:hlsip:iiccomm:1.0 - iiccomm_0
Adding cell -- xilinx.com:ip:processing_system7:5.5 - processing_system7_0
Adding cell -- xilinx.com:ip:proc_sys_reset:5.0 - rst_ps7_0_100M
Adding cell -- xilinx.com:ip:axi_crossbar:2.1 - xbar
Adding cell -- xilinx.com:ip:axi_protocol_converter:2.1 - auto_pc
Adding cell -- xilinx.com:ip:axi_protocol_converter:2.1 - auto_pc
Excluding </axi_iic_0/S_AXI/Reg> from </iiccomm_0/Data_m_axi_bus_r>
Excluding </iiccomm_0/s_axi_AXILiteS/Reg> from </iiccomm_0/Data_m_axi_bus_r>
Successfully read diagram <iicComm> from BD file </home/iavendano/pynq-copter/pynqcopter/iicComm/iicComm/iicComm.srcs/sources_1/bd/iicComm/iicComm.bd>
open_bd_design: Time (s): cpu = 00:00:15 ; elapsed = 00:00:05 . Memory (MB): peak = 6322.348 ; gain = 25.770 ; free physical = 133014 ; free virtual = 505835
write_bd_tcl -force -hier_blks [get_bd_cells /] /home/iavendano/pynq-copter/pynqcopter/iicComm/iicComm.tcl
INFO: [BD 5-148] Tcl file written out </home/iavendano/pynq-copter/pynqcopter/iicComm/iicComm.tcl>.

::xilinx.com_ip_axi_interconnect_2.1::pre_propagate
exit
INFO: [Common 17-206] Exiting Vivado at Wed Aug  1 12:22:30 2018...
