==============================================================
File generated by Vivado(TM) HLS - High-Level Synthesis from C, C++ and SystemC
Version: 2017.4
Copyright (C) 1986-2017 Xilinx, Inc. All Rights Reserved.

==============================================================

INFO: [SYN 201-201] Setting up clock 'default' with a period of 4ns.
INFO: [HLS 200-10] Setting target device to 'xc7z020clg400-1'
INFO: [SIM 211-2] *************** CSIM start ***************
INFO: [SIM 211-4] CSIM will launch CLANG as the compiler.
INFO: [SIM 211-1] CSim done with 0 errors.
INFO: [SIM 211-3] *************** CSIM finish ***************
INFO: [HLS 200-10] Analyzing design file 'iiccomm2.cpp' ...
INFO: [HLS 200-10] Analyzing design file 'main.cpp' ...
INFO: [HLS 200-10] Validating synthesis directives ...
INFO: [HLS 200-111] Finished Checking Pragmas Time (s): cpu = 00:01:14 ; elapsed = 00:00:27 . Memory (MB): peak = 359.938 ; gain = 13.379 ; free physical = 109308 ; free virtual = 500352
INFO: [HLS 200-111] Finished Linking Time (s): cpu = 00:01:15 ; elapsed = 00:00:28 . Memory (MB): peak = 359.938 ; gain = 13.379 ; free physical = 109285 ; free virtual = 500330
INFO: [HLS 200-10] Starting code transformations ...
INFO: [XFORM 203-603] Inlining function 'delay_until_ms<10000ull, 50000000ull>' into 'iiccomm2' (iiccomm2.cpp:109).
INFO: [HLS 200-111] Finished Standard Transforms Time (s): cpu = 00:01:17 ; elapsed = 00:00:30 . Memory (MB): peak = 360.211 ; gain = 13.652 ; free physical = 109172 ; free virtual = 500216
INFO: [HLS 200-10] Checking synthesizability ...
INFO: [HLS 200-111] Finished Checking Synthesizability Time (s): cpu = 00:01:17 ; elapsed = 00:00:30 . Memory (MB): peak = 360.211 ; gain = 13.652 ; free physical = 109196 ; free virtual = 500240
INFO: [HLS 200-111] Finished Pre-synthesis Time (s): cpu = 00:01:17 ; elapsed = 00:00:30 . Memory (MB): peak = 487.930 ; gain = 141.371 ; free physical = 109208 ; free virtual = 500252
INFO: [HLS 200-111] Finished Architecture Synthesis Time (s): cpu = 00:01:18 ; elapsed = 00:00:31 . Memory (MB): peak = 487.930 ; gain = 141.371 ; free physical = 109096 ; free virtual = 500139
INFO: [HLS 200-10] Starting hardware synthesis ...
INFO: [HLS 200-10] Synthesizing 'iiccomm2' ...
INFO: [HLS 200-10] ----------------------------------------------------------------
INFO: [HLS 200-42] -- Implementing module 'iiccomm2'
INFO: [HLS 200-10] ----------------------------------------------------------------
INFO: [SCHED 204-11] Starting scheduling ...
INFO: [SCHED 204-11] Finished scheduling.
INFO: [HLS 200-111]  Elapsed time: 31.2 seconds; current allocated memory: 83.142 MB.
INFO: [BIND 205-100] Starting micro-architecture generation ...
INFO: [BIND 205-101] Performing variable lifetime analysis.
INFO: [BIND 205-101] Exploring resource sharing.
INFO: [BIND 205-101] Binding ...
INFO: [BIND 205-100] Finished micro-architecture generation.
INFO: [HLS 200-111]  Elapsed time: 0.06 seconds; current allocated memory: 83.999 MB.
INFO: [HLS 200-10] ----------------------------------------------------------------
INFO: [HLS 200-10] -- Generating RTL for module 'iiccomm2'
INFO: [HLS 200-10] ----------------------------------------------------------------
INFO: [RTGEN 206-500] Setting interface mode on port 'iiccomm2/iic' to 'm_axi'.
INFO: [RTGEN 206-500] Setting interface mode on port 'iiccomm2/empty_pirq_outValue' to 's_axilite & ap_vld'.
INFO: [RTGEN 206-500] Setting interface mode on port 'iiccomm2/full_pirq_outValue' to 's_axilite & ap_vld'.
INFO: [RTGEN 206-500] Setting interface mode on port 'iiccomm2/ctrl_reg_outValue' to 's_axilite & ap_vld'.
INFO: [RTGEN 206-500] Setting interface mode on port 'iiccomm2/stat_reg_outValue1' to 's_axilite & ap_vld'.
INFO: [RTGEN 206-500] Setting interface mode on port 'iiccomm2/pressure_msb' to 's_axilite & ap_vld'.
INFO: [RTGEN 206-500] Setting interface mode on port 'iiccomm2/pressure_lsb' to 's_axilite & ap_vld'.
INFO: [RTGEN 206-500] Setting interface mode on port 'iiccomm2/pressure_xlsb' to 's_axilite & ap_vld'.
INFO: [RTGEN 206-500] Setting interface mode on function 'iiccomm2' to 's_axilite & ap_ctrl_hs'.
INFO: [RTGEN 206-100] Bundling port 'return', 'empty_pirq_outValue', 'full_pirq_outValue', 'ctrl_reg_outValue', 'stat_reg_outValue1', 'pressure_msb', 'pressure_lsb' and 'pressure_xlsb' to AXI-Lite port AXILiteS.
INFO: [RTGEN 206-100] Finished creating RTL model for 'iiccomm2'.
INFO: [HLS 200-111]  Elapsed time: 0.14 seconds; current allocated memory: 85.847 MB.
INFO: [HLS 200-111] Finished generating all RTL models Time (s): cpu = 00:01:19 ; elapsed = 00:00:32 . Memory (MB): peak = 487.930 ; gain = 141.371 ; free physical = 109034 ; free virtual = 500077
INFO: [SYSC 207-301] Generating SystemC RTL for iiccomm2.
INFO: [VHDL 208-304] Generating VHDL RTL for iiccomm2.
INFO: [VLOG 209-307] Generating Verilog RTL for iiccomm2.
INFO: [IMPL 213-8] Exporting RTL as a Vivado IP.
INFO: [HLS 200-112] Total elapsed time: 68.79 seconds; peak allocated memory: 85.847 MB.
