Copyright 1986-2017 Xilinx, Inc. All Rights Reserved.
---------------------------------------------------------------------------------------------
| Tool Version : Vivado v.2017.4 (lin64) Build 2086221 Fri Dec 15 20:54:30 MST 2017
| Date         : Mon Aug  6 11:22:21 2018
| Host         : fabricant running 64-bit Linux Mint 18 Sarah
| Command      : report_control_sets -verbose -file iicComm5_wrapper_control_sets_placed.rpt
| Design       : iicComm5_wrapper
| Device       : xc7z020
---------------------------------------------------------------------------------------------

Control Set Information

Table of Contents
-----------------
1. Summary
2. Flip-Flop Distribution
3. Detailed Control Set Information

1. Summary
----------

+----------------------------------------------------------+-------+
|                          Status                          | Count |
+----------------------------------------------------------+-------+
| Number of unique control sets                            |   137 |
| Unused register locations in slices containing registers |   364 |
+----------------------------------------------------------+-------+


2. Flip-Flop Distribution
-------------------------

+--------------+-----------------------+------------------------+-----------------+--------------+
| Clock Enable | Synchronous Set/Reset | Asynchronous Set/Reset | Total Registers | Total Slices |
+--------------+-----------------------+------------------------+-----------------+--------------+
| No           | No                    | No                     |             194 |           72 |
| No           | No                    | Yes                    |               0 |            0 |
| No           | Yes                   | No                     |             313 |          110 |
| Yes          | No                    | No                     |            1148 |          291 |
| Yes          | No                    | Yes                    |               0 |            0 |
| Yes          | Yes                   | No                     |            1237 |          349 |
+--------------+-----------------------+------------------------+-----------------+--------------+


3. Detailed Control Set Information
-----------------------------------

+-------------------------------------------------+----------------------------------------------------------------------------------------------------------------------------------------------------------------+------------------------------------------------------------------------------------------------------------------------------------------+------------------+----------------+
|                   Clock Signal                  |                                                                          Enable Signal                                                                         |                                                             Set/Reset Signal                                                             | Slice Load Count | Bel Load Count |
+-------------------------------------------------+----------------------------------------------------------------------------------------------------------------------------------------------------------------+------------------------------------------------------------------------------------------------------------------------------------------+------------------+----------------+
|  iicComm5_i/processing_system7_0/inst/FCLK_CLK0 | iicComm5_i/axi_iic_0/U0/X_IIC/REG_INTERFACE_I/p_3_in                                                                                                           | iicComm5_i/axi_iic_0/U0/X_IIC/REG_INTERFACE_I/Tx_fifo_rst                                                                                |                1 |              1 |
|  iicComm5_i/processing_system7_0/inst/FCLK_CLK0 | iicComm5_i/ps7_0_axi_periph/s01_couplers/auto_pc/inst/gen_axilite.gen_b2s_conv.axilite_b2s/RD.r_channel_0/r_push_r                                             |                                                                                                                                          |                1 |              1 |
|  iicComm5_i/processing_system7_0/inst/FCLK_CLK0 | iicComm5_i/ps7_0_axi_periph/s01_couplers/auto_pc/inst/gen_axilite.gen_b2s_conv.axilite_b2s/WR.aw_channel_0/aw_cmd_fsm_0/m_payload_i_reg[0][0]                  |                                                                                                                                          |                1 |              2 |
|  iicComm5_i/processing_system7_0/inst/FCLK_CLK0 | iicComm5_i/ps7_0_axi_periph/s01_couplers/auto_pc/inst/gen_axilite.gen_b2s_conv.axilite_b2s/SI_REG/aw.aw_pipe/s_axi_awready                                     |                                                                                                                                          |                1 |              2 |
|  iicComm5_i/processing_system7_0/inst/FCLK_CLK0 | iicComm5_i/ps7_0_axi_periph/s01_mmu/inst/register_slice_inst/aw.aw_pipe/m_payload_i[54]_i_1_n_0                                                                |                                                                                                                                          |                1 |              2 |
|  iicComm5_i/processing_system7_0/inst/FCLK_CLK0 | iicComm5_i/axi_iic_0/U0/X_IIC/WRITE_FIFO_CTRL_I/CI                                                                                                             |                                                                                                                                          |                1 |              2 |
|  iicComm5_i/processing_system7_0/inst/FCLK_CLK0 | iicComm5_i/ps7_0_axi_periph/s00_couplers/auto_pc/inst/gen_axilite.gen_b2s_conv.axilite_b2s/WR.b_channel_0/bid_fifo_0/bresp_push                                |                                                                                                                                          |                1 |              2 |
|  iicComm5_i/processing_system7_0/inst/FCLK_CLK0 |                                                                                                                                                                | iicComm5_i/ps7_0_axi_periph/s00_couplers/auto_pc/inst/gen_axilite.gen_b2s_conv.axilite_b2s/SI_REG/ar.ar_pipe/m_valid_i_reg_0             |                2 |              4 |
|  iicComm5_i/processing_system7_0/inst/FCLK_CLK0 | iicComm5_i/iiccomm5_0/inst/iiccomm5_iic_m_axi_U/bus_read/fifo_rctl/could_multi_bursts.arlen_buf_reg[0]_0                                                       | iicComm5_i/iiccomm5_0/inst/iiccomm5_AXILiteS_s_axi_U/ap_rst_n_inv                                                                        |                2 |              4 |
|  iicComm5_i/processing_system7_0/inst/FCLK_CLK0 | iicComm5_i/iiccomm5_0/inst/iiccomm5_iic_m_axi_U/bus_read/fifo_rctl/pout[3]_i_1_n_0                                                                             | iicComm5_i/iiccomm5_0/inst/iiccomm5_AXILiteS_s_axi_U/ap_rst_n_inv                                                                        |                1 |              4 |
|  iicComm5_i/processing_system7_0/inst/FCLK_CLK0 | iicComm5_i/axi_iic_0/U0/X_IIC/WRITE_FIFO_I/Tx_data_exists                                                                                                      | iicComm5_i/axi_iic_0/U0/X_IIC/REG_INTERFACE_I/Tx_fifo_rst                                                                                |                1 |              4 |
|  iicComm5_i/processing_system7_0/inst/FCLK_CLK0 | iicComm5_i/axi_iic_0/U0/X_IIC/X_AXI_IPIF_SSP1/AXI_LITE_IPIF_I/I_SLAVE_ATTACHMENT/I_DECODER/Bus2IIC_WrCE[8]                                                     | iicComm5_i/axi_iic_0/U0/X_IIC/X_AXI_IPIF_SSP1/X_SOFT_RESET/SR[0]                                                                         |                1 |              4 |
|  iicComm5_i/processing_system7_0/inst/FCLK_CLK0 | iicComm5_i/ps7_0_axi_periph/xbar/inst/gen_sasd.crossbar_sasd_0/addr_arbiter_inst/m_grant_enc_i                                                                 | iicComm5_i/ps7_0_axi_periph/xbar/inst/gen_sasd.crossbar_sasd_0/addr_arbiter_inst/SR[0]                                                   |                2 |              4 |
|  iicComm5_i/processing_system7_0/inst/FCLK_CLK0 | iicComm5_i/ps7_0_axi_periph/s00_couplers/auto_pc/inst/gen_axilite.gen_b2s_conv.axilite_b2s/RD.ar_channel_0/ar_cmd_fsm_0/axlen_cnt_reg[4][0]                    | iicComm5_i/ps7_0_axi_periph/s00_couplers/auto_pc/inst/gen_axilite.gen_b2s_conv.axilite_b2s/RD.ar_channel_0/ar_cmd_fsm_0/axlen_cnt_reg[7] |                1 |              4 |
|  iicComm5_i/processing_system7_0/inst/FCLK_CLK0 |                                                                                                                                                                | iicComm5_i/ps7_0_axi_periph/s01_couplers/auto_pc/inst/gen_axilite.gen_b2s_conv.axilite_b2s/SI_REG/aw.aw_pipe/s_ready_i_reg_0             |                3 |              4 |
|  iicComm5_i/processing_system7_0/inst/FCLK_CLK0 |                                                                                                                                                                | iicComm5_i/ps7_0_axi_periph/s01_couplers/auto_pc/inst/gen_axilite.gen_b2s_conv.axilite_b2s/SI_REG/ar.ar_pipe/m_valid_i_reg_0             |                3 |              4 |
|  iicComm5_i/processing_system7_0/inst/FCLK_CLK0 | iicComm5_i/ps7_0_axi_periph/s00_couplers/auto_pc/inst/gen_axilite.gen_b2s_conv.axilite_b2s/WR.aw_channel_0/aw_cmd_fsm_0/E[0]                                   | iicComm5_i/ps7_0_axi_periph/s00_couplers/auto_pc/inst/gen_axilite.gen_b2s_conv.axilite_b2s/WR.aw_channel_0/aw_cmd_fsm_0/axlen_cnt_reg[7] |                1 |              4 |
|  iicComm5_i/processing_system7_0/inst/FCLK_CLK0 |                                                                                                                                                                | iicComm5_i/ps7_0_axi_periph/s00_couplers/auto_pc/inst/gen_axilite.gen_b2s_conv.axilite_b2s/SI_REG/aw.aw_pipe/s_ready_i_reg_0             |                2 |              4 |
|  iicComm5_i/processing_system7_0/inst/FCLK_CLK0 |                                                                                                                                                                | iicComm5_i/ps7_0_axi_periph/xbar/inst/gen_sasd.crossbar_sasd_0/addr_arbiter_inst/s_arvalid_reg                                           |                1 |              4 |
|  iicComm5_i/processing_system7_0/inst/FCLK_CLK0 | iicComm5_i/axi_iic_0/U0/X_IIC/READ_FIFO_I/Rc_Data_Exists                                                                                                       | iicComm5_i/axi_iic_0/U0/X_IIC/X_AXI_IPIF_SSP1/X_SOFT_RESET/SR[0]                                                                         |                1 |              4 |
|  iicComm5_i/processing_system7_0/inst/FCLK_CLK0 |                                                                                                                                                                | iicComm5_i/axi_iic_0/U0/X_IIC/X_AXI_IPIF_SSP1/AXI_LITE_IPIF_I/I_SLAVE_ATTACHMENT/INCLUDE_DPHASE_TIMER.dpto_cnt[3]_i_1_n_0                |                1 |              4 |
|  iicComm5_i/processing_system7_0/inst/FCLK_CLK0 | iicComm5_i/axi_iic_0/U0/X_IIC/IIC_CONTROL_I/FSM_sequential_scl_state[3]_i_2_n_0                                                                                | iicComm5_i/axi_iic_0/U0/X_IIC/REG_INTERFACE_I/SR[0]                                                                                      |                4 |              4 |
|  iicComm5_i/processing_system7_0/inst/FCLK_CLK0 | iicComm5_i/axi_iic_0/U0/X_IIC/WRITE_FIFO_CTRL_I/Addr_Counters[0].FDRE_I_0                                                                                      | iicComm5_i/axi_iic_0/U0/X_IIC/REG_INTERFACE_I/Tx_fifo_rst                                                                                |                1 |              4 |
|  iicComm5_i/processing_system7_0/inst/FCLK_CLK0 | iicComm5_i/axi_iic_0/U0/X_IIC/IIC_CONTROL_I/BITCNT/q_int[0]_i_1__0_n_0                                                                                         | iicComm5_i/axi_iic_0/U0/X_IIC/REG_INTERFACE_I/SR[0]                                                                                      |                2 |              4 |
|  iicComm5_i/processing_system7_0/inst/FCLK_CLK0 |                                                                                                                                                                | iicComm5_i/rst_ps7_0_100M/U0/EXT_LPF/lpf_int                                                                                             |                3 |              5 |
|  iicComm5_i/processing_system7_0/inst/FCLK_CLK0 | iicComm5_i/axi_iic_0/U0/X_IIC/X_AXI_IPIF_SSP1/AXI_LITE_IPIF_I/I_SLAVE_ATTACHMENT/I_DECODER/Bus2IIC_WrCE[11]                                                    | iicComm5_i/axi_iic_0/U0/X_IIC/X_AXI_IPIF_SSP1/X_SOFT_RESET/SR[0]                                                                         |                2 |              5 |
|  iicComm5_i/processing_system7_0/inst/FCLK_CLK0 | iicComm5_i/iiccomm5_0/inst/iiccomm5_iic_m_axi_U/bus_read/rs_rreq/ap_CS_fsm_reg[1]                                                                              | iicComm5_i/iiccomm5_0/inst/iiccomm5_AXILiteS_s_axi_U/ap_rst_n_inv                                                                        |                1 |              6 |
|  iicComm5_i/processing_system7_0/inst/FCLK_CLK0 |                                                                                                                                                                | iicComm5_i/axi_iic_0/U0/X_IIC/X_AXI_IPIF_SSP1/X_SOFT_RESET/AXI_Bus2IP_Reset                                                              |                1 |              6 |
|  iicComm5_i/processing_system7_0/inst/FCLK_CLK0 | iicComm5_i/ps7_0_axi_periph/s01_mmu/inst/register_slice_inst/ar.ar_pipe/gen_read.ar_cnt_reg[5][0]                                                              | iicComm5_i/ps7_0_axi_periph/s01_mmu/inst/register_slice_inst/ar.ar_pipe/m_valid_i_reg_0                                                  |                2 |              6 |
|  iicComm5_i/processing_system7_0/inst/FCLK_CLK0 | iicComm5_i/rst_ps7_0_100M/U0/SEQ/seq_cnt_en                                                                                                                    | iicComm5_i/rst_ps7_0_100M/U0/SEQ/SEQ_COUNTER/clear                                                                                       |                2 |              6 |
|  iicComm5_i/processing_system7_0/inst/FCLK_CLK0 |                                                                                                                                                                | iicComm5_i/axi_iic_0/U0/X_IIC/REG_INTERFACE_I/Tx_fifo_rst                                                                                |                3 |              6 |
|  iicComm5_i/processing_system7_0/inst/FCLK_CLK0 | iicComm5_i/iiccomm5_0/inst/iiccomm5_iic_m_axi_U/bus_read/rs_rreq/load_p1                                                                                       |                                                                                                                                          |                2 |              6 |
|  iicComm5_i/processing_system7_0/inst/FCLK_CLK0 | iicComm5_i/iiccomm5_0/inst/iiccomm5_iic_m_axi_U/bus_read/rs_rdata/ap_CS_fsm_reg[11][0]                                                                         | iicComm5_i/iiccomm5_0/inst/iiccomm5_AXILiteS_s_axi_U/ap_rst_n_inv                                                                        |                1 |              6 |
|  iicComm5_i/processing_system7_0/inst/FCLK_CLK0 | iicComm5_i/ps7_0_axi_periph/s01_mmu/inst/register_slice_inst/aw.aw_pipe/E[0]                                                                                   | iicComm5_i/ps7_0_axi_periph/s01_mmu/inst/register_slice_inst/ar.ar_pipe/m_valid_i_reg_0                                                  |                2 |              6 |
|  iicComm5_i/processing_system7_0/inst/FCLK_CLK0 | iicComm5_i/iiccomm5_0/inst/iiccomm5_iic_m_axi_U/bus_read/rs_rdata/E[0]                                                                                         |                                                                                                                                          |                2 |              6 |
|  iicComm5_i/processing_system7_0/inst/FCLK_CLK0 | iicComm5_i/iiccomm5_0/inst/iiccomm5_iic_m_axi_U/bus_read/fifo_rctl/p_21_in                                                                                     | iicComm5_i/iiccomm5_0/inst/iiccomm5_iic_m_axi_U/bus_read/fifo_rctl/could_multi_bursts.loop_cnt_reg[5][0]                                 |                2 |              6 |
|  iicComm5_i/processing_system7_0/inst/FCLK_CLK0 | iicComm5_i/axi_iic_0/U0/X_IIC/X_AXI_IPIF_SSP1/AXI_LITE_IPIF_I/I_SLAVE_ATTACHMENT/I_DECODER/Bus2IIC_WrCE[9]                                                     | iicComm5_i/axi_iic_0/U0/X_IIC/X_AXI_IPIF_SSP1/X_SOFT_RESET/SR[0]                                                                         |                2 |              7 |
|  iicComm5_i/processing_system7_0/inst/FCLK_CLK0 | iicComm5_i/iiccomm5_0/inst/iiccomm5_iic_m_axi_U/bus_read/fifo_rctl/E[0]                                                                                        | iicComm5_i/iiccomm5_0/inst/iiccomm5_iic_m_axi_U/bus_read/fifo_rctl/SR[0]                                                                 |                2 |              7 |
|  iicComm5_i/processing_system7_0/inst/FCLK_CLK0 | iicComm5_i/axi_iic_0/U0/X_IIC/IIC_CONTROL_I/BITCNT/E[0]                                                                                                        | iicComm5_i/axi_iic_0/U0/X_IIC/IIC_CONTROL_I/state0                                                                                       |                4 |              7 |
|  iicComm5_i/processing_system7_0/inst/FCLK_CLK0 | iicComm5_i/ps7_0_axi_periph/s00_couplers/auto_pc/inst/gen_axilite.gen_b2s_conv.axilite_b2s/WR.b_channel_0/mhandshake_r                                         | iicComm5_i/ps7_0_axi_periph/s00_couplers/auto_pc/inst/gen_axilite.gen_b2s_conv.axilite_b2s/WR.b_channel_0/bid_fifo_0/SR[0]               |                4 |              8 |
|  iicComm5_i/processing_system7_0/inst/FCLK_CLK0 | iicComm5_i/iiccomm5_0/inst/iiccomm5_iic_m_axi_U/bus_read/buff_rdata/usedw[7]_i_1_n_0                                                                           | iicComm5_i/iiccomm5_0/inst/iiccomm5_AXILiteS_s_axi_U/ap_rst_n_inv                                                                        |                3 |              8 |
|  iicComm5_i/processing_system7_0/inst/FCLK_CLK0 | iicComm5_i/iiccomm5_0/inst/iiccomm5_AXILiteS_s_axi_U/waddr                                                                                                     |                                                                                                                                          |                2 |              8 |
|  iicComm5_i/processing_system7_0/inst/FCLK_CLK0 | iicComm5_i/ps7_0_axi_periph/s01_couplers/auto_pc/inst/gen_axilite.gen_b2s_conv.axilite_b2s/WR.aw_channel_0/aw_cmd_fsm_0/axaddr_wrap_reg[0][0]                  |                                                                                                                                          |                2 |              8 |
|  iicComm5_i/processing_system7_0/inst/FCLK_CLK0 | iicComm5_i/axi_iic_0/U0/X_IIC/IIC_CONTROL_I/I2CDATA_REG/data_int[7]_i_1_n_0                                                                                    | iicComm5_i/axi_iic_0/U0/X_IIC/REG_INTERFACE_I/SR[0]                                                                                      |                2 |              8 |
|  iicComm5_i/processing_system7_0/inst/FCLK_CLK0 | iicComm5_i/axi_iic_0/U0/X_IIC/DYN_MASTER_I/rdByteCntr[0]_i_1_n_0                                                                                               | iicComm5_i/axi_iic_0/U0/X_IIC/REG_INTERFACE_I/Tx_fifo_rst                                                                                |                3 |              8 |
|  iicComm5_i/processing_system7_0/inst/FCLK_CLK0 | iicComm5_i/ps7_0_axi_periph/s01_couplers/auto_pc/inst/gen_axilite.gen_b2s_conv.axilite_b2s/WR.b_channel_0/mhandshake_r                                         | iicComm5_i/ps7_0_axi_periph/s01_couplers/auto_pc/inst/gen_axilite.gen_b2s_conv.axilite_b2s/WR.b_channel_0/bid_fifo_0/SR[0]               |                3 |              8 |
|  iicComm5_i/processing_system7_0/inst/FCLK_CLK0 | iicComm5_i/axi_iic_0/U0/X_IIC/IIC_CONTROL_I/data_i2c_i0                                                                                                        | iicComm5_i/axi_iic_0/U0/X_IIC/REG_INTERFACE_I/SR[0]                                                                                      |                1 |              8 |
|  iicComm5_i/processing_system7_0/inst/FCLK_CLK0 | iicComm5_i/ps7_0_axi_periph/s01_couplers/auto_pc/inst/gen_axilite.gen_b2s_conv.axilite_b2s/RD.ar_channel_0/ar_cmd_fsm_0/axaddr_wrap_reg[11][0]                 |                                                                                                                                          |                2 |              8 |
|  iicComm5_i/processing_system7_0/inst/FCLK_CLK0 | iicComm5_i/axi_iic_0/U0/X_IIC/X_AXI_IPIF_SSP1/AXI_LITE_IPIF_I/I_SLAVE_ATTACHMENT/I_DECODER/E[0]                                                                | iicComm5_i/axi_iic_0/U0/X_IIC/X_AXI_IPIF_SSP1/X_SOFT_RESET/SR[0]                                                                         |                1 |              8 |
|  iicComm5_i/processing_system7_0/inst/FCLK_CLK0 | iicComm5_i/axi_iic_0/U0/X_IIC/READ_FIFO_I/CI                                                                                                                   |                                                                                                                                          |                1 |              8 |
|  iicComm5_i/processing_system7_0/inst/FCLK_CLK0 | iicComm5_i/axi_iic_0/U0/X_IIC/IIC_CONTROL_I/i2c_header_en                                                                                                      | iicComm5_i/axi_iic_0/U0/X_IIC/REG_INTERFACE_I/SR[0]                                                                                      |                2 |              8 |
|  iicComm5_i/processing_system7_0/inst/FCLK_CLK0 |                                                                                                                                                                | iicComm5_i/axi_iic_0/U0/X_IIC/X_AXI_IPIF_SSP1/AXI_LITE_IPIF_I/I_SLAVE_ATTACHMENT/rst                                                     |                4 |              8 |
|  iicComm5_i/processing_system7_0/inst/FCLK_CLK0 | iicComm5_i/axi_iic_0/U0/X_IIC/WRITE_FIFO_I/CI                                                                                                                  |                                                                                                                                          |                1 |              8 |
|  iicComm5_i/processing_system7_0/inst/FCLK_CLK0 |                                                                                                                                                                | iicComm5_i/ps7_0_axi_periph/xbar/inst/gen_sasd.crossbar_sasd_0/addr_arbiter_inst/SR[0]                                                   |                3 |             10 |
|  iicComm5_i/processing_system7_0/inst/FCLK_CLK0 | iicComm5_i/axi_iic_0/U0/X_IIC/X_AXI_IPIF_SSP1/AXI_LITE_IPIF_I/I_SLAVE_ATTACHMENT/I_DECODER/Bus2IIC_WrCE[6]                                                     | iicComm5_i/axi_iic_0/U0/X_IIC/X_AXI_IPIF_SSP1/X_SOFT_RESET/SR[0]                                                                         |                4 |             10 |
|  iicComm5_i/processing_system7_0/inst/FCLK_CLK0 | iicComm5_i/axi_iic_0/U0/X_IIC/X_AXI_IPIF_SSP1/AXI_LITE_IPIF_I/I_SLAVE_ATTACHMENT/I_DECODER/Bus2IIC_WrCE[7]                                                     | iicComm5_i/axi_iic_0/U0/X_IIC/X_AXI_IPIF_SSP1/X_SOFT_RESET/SR[0]                                                                         |                4 |             10 |
|  iicComm5_i/processing_system7_0/inst/FCLK_CLK0 | iicComm5_i/iiccomm5_0/inst/iiccomm5_iic_m_axi_U/bus_read/fifo_rctl/sect_len_buf_reg[9]_0                                                                       | iicComm5_i/iiccomm5_0/inst/iiccomm5_AXILiteS_s_axi_U/ap_rst_n_inv                                                                        |                3 |             10 |
|  iicComm5_i/processing_system7_0/inst/FCLK_CLK0 | iicComm5_i/axi_iic_0/U0/X_IIC/X_AXI_IPIF_SSP1/AXI_LITE_IPIF_I/I_SLAVE_ATTACHMENT/I_DECODER/Bus2IIC_WrCE[3]                                                     | iicComm5_i/axi_iic_0/U0/X_IIC/X_AXI_IPIF_SSP1/X_SOFT_RESET/SR[0]                                                                         |                4 |             10 |
|  iicComm5_i/processing_system7_0/inst/FCLK_CLK0 | iicComm5_i/axi_iic_0/U0/X_IIC/X_AXI_IPIF_SSP1/AXI_LITE_IPIF_I/I_SLAVE_ATTACHMENT/I_DECODER/Bus2IIC_WrCE[5]                                                     | iicComm5_i/axi_iic_0/U0/X_IIC/X_AXI_IPIF_SSP1/X_SOFT_RESET/SR[0]                                                                         |                3 |             10 |
|  iicComm5_i/processing_system7_0/inst/FCLK_CLK0 | iicComm5_i/axi_iic_0/U0/X_IIC/X_AXI_IPIF_SSP1/AXI_LITE_IPIF_I/I_SLAVE_ATTACHMENT/I_DECODER/Bus2IIC_WrCE[1]                                                     | iicComm5_i/axi_iic_0/U0/X_IIC/X_AXI_IPIF_SSP1/X_SOFT_RESET/SR[0]                                                                         |                3 |             10 |
|  iicComm5_i/processing_system7_0/inst/FCLK_CLK0 | iicComm5_i/axi_iic_0/U0/X_IIC/X_AXI_IPIF_SSP1/AXI_LITE_IPIF_I/I_SLAVE_ATTACHMENT/bus2ip_addr_i[8]_i_1_n_0                                                      | iicComm5_i/axi_iic_0/U0/X_IIC/X_AXI_IPIF_SSP1/AXI_LITE_IPIF_I/I_SLAVE_ATTACHMENT/rst                                                     |                3 |             10 |
|  iicComm5_i/processing_system7_0/inst/FCLK_CLK0 | iicComm5_i/axi_iic_0/U0/X_IIC/X_AXI_IPIF_SSP1/AXI_LITE_IPIF_I/I_SLAVE_ATTACHMENT/I_DECODER/Bus2IIC_WrCE[2]                                                     | iicComm5_i/axi_iic_0/U0/X_IIC/X_AXI_IPIF_SSP1/X_SOFT_RESET/SR[0]                                                                         |                3 |             10 |
|  iicComm5_i/processing_system7_0/inst/FCLK_CLK0 | iicComm5_i/axi_iic_0/U0/X_IIC/IIC_CONTROL_I/CLKCNT/q_int[0]_i_1_n_0                                                                                            | iicComm5_i/axi_iic_0/U0/X_IIC/REG_INTERFACE_I/SR[0]                                                                                      |                2 |             10 |
|  iicComm5_i/processing_system7_0/inst/FCLK_CLK0 | iicComm5_i/iiccomm5_0/inst/iiccomm5_iic_m_axi_U/bus_read/rs_rreq/push                                                                                          |                                                                                                                                          |                3 |             10 |
|  iicComm5_i/processing_system7_0/inst/FCLK_CLK0 | iicComm5_i/axi_iic_0/U0/X_IIC/X_AXI_IPIF_SSP1/AXI_LITE_IPIF_I/I_SLAVE_ATTACHMENT/I_DECODER/Bus2IIC_WrCE[0]                                                     | iicComm5_i/axi_iic_0/U0/X_IIC/X_AXI_IPIF_SSP1/X_SOFT_RESET/SR[0]                                                                         |                4 |             10 |
|  iicComm5_i/processing_system7_0/inst/FCLK_CLK0 | iicComm5_i/axi_iic_0/U0/X_IIC/X_AXI_IPIF_SSP1/AXI_LITE_IPIF_I/I_SLAVE_ATTACHMENT/I_DECODER/Bus2IIC_WrCE[4]                                                     | iicComm5_i/axi_iic_0/U0/X_IIC/X_AXI_IPIF_SSP1/X_SOFT_RESET/SR[0]                                                                         |                4 |             10 |
|  iicComm5_i/processing_system7_0/inst/FCLK_CLK0 | iicComm5_i/axi_iic_0/U0/X_IIC/IIC_CONTROL_I/SETUP_CNT/q_int[0]_i_1__1_n_0                                                                                      | iicComm5_i/axi_iic_0/U0/X_IIC/REG_INTERFACE_I/SR[0]                                                                                      |                2 |             10 |
|  iicComm5_i/processing_system7_0/inst/FCLK_CLK0 | iicComm5_i/iiccomm5_0/inst/iiccomm5_iic_m_axi_U/bus_read/fifo_rreq/E[0]                                                                                        | iicComm5_i/iiccomm5_0/inst/iiccomm5_AXILiteS_s_axi_U/ap_rst_n_inv                                                                        |                2 |             11 |
|  iicComm5_i/processing_system7_0/inst/FCLK_CLK0 | iicComm5_i/iiccomm5_0/inst/iiccomm5_iic_m_axi_U/bus_read/fifo_rreq/pop0                                                                                        | iicComm5_i/iiccomm5_0/inst/iiccomm5_AXILiteS_s_axi_U/ap_rst_n_inv                                                                        |                4 |             11 |
|  iicComm5_i/processing_system7_0/inst/FCLK_CLK0 | iicComm5_i/ps7_0_axi_periph/s00_couplers/auto_pc/inst/gen_axilite.gen_b2s_conv.axilite_b2s/RD.ar_channel_0/ar_cmd_fsm_0/axaddr_incr_reg[0][0]                  |                                                                                                                                          |                3 |             12 |
|  iicComm5_i/processing_system7_0/inst/FCLK_CLK0 | iicComm5_i/ps7_0_axi_periph/s01_couplers/auto_pc/inst/gen_axilite.gen_b2s_conv.axilite_b2s/WR.aw_channel_0/cmd_translator_0/incr_cmd_0/axaddr_incr[11]_i_1_n_0 |                                                                                                                                          |                2 |             12 |
|  iicComm5_i/processing_system7_0/inst/FCLK_CLK0 | iicComm5_i/ps7_0_axi_periph/s00_couplers/auto_pc/inst/gen_axilite.gen_b2s_conv.axilite_b2s/RD.ar_channel_0/ar_cmd_fsm_0/E[0]                                   |                                                                                                                                          |                4 |             12 |
|  iicComm5_i/processing_system7_0/inst/FCLK_CLK0 | iicComm5_i/ps7_0_axi_periph/s00_couplers/auto_pc/inst/gen_axilite.gen_b2s_conv.axilite_b2s/WR.aw_channel_0/aw_cmd_fsm_0/wrap_boundary_axaddr_r_reg[0][0]       |                                                                                                                                          |                4 |             12 |
|  iicComm5_i/processing_system7_0/inst/FCLK_CLK0 | iicComm5_i/ps7_0_axi_periph/s00_couplers/auto_pc/inst/gen_axilite.gen_b2s_conv.axilite_b2s/WR.aw_channel_0/cmd_translator_0/incr_cmd_0/axaddr_incr[11]_i_1_n_0 |                                                                                                                                          |                2 |             12 |
|  iicComm5_i/processing_system7_0/inst/FCLK_CLK0 | iicComm5_i/axi_iic_0/U0/X_IIC/X_AXI_IPIF_SSP1/AXI_LITE_IPIF_I/I_SLAVE_ATTACHMENT/s_axi_rdata_i                                                                 | iicComm5_i/axi_iic_0/U0/X_IIC/X_AXI_IPIF_SSP1/AXI_LITE_IPIF_I/I_SLAVE_ATTACHMENT/rst                                                     |                4 |             12 |
|  iicComm5_i/processing_system7_0/inst/FCLK_CLK0 | iicComm5_i/ps7_0_axi_periph/s01_couplers/auto_pc/inst/gen_axilite.gen_b2s_conv.axilite_b2s/RD.ar_channel_0/ar_cmd_fsm_0/axaddr_incr_reg[0][0]                  |                                                                                                                                          |                2 |             12 |
|  iicComm5_i/processing_system7_0/inst/FCLK_CLK0 |                                                                                                                                                                | iicComm5_i/ps7_0_axi_periph/s01_mmu/inst/register_slice_inst/ar.ar_pipe/m_valid_i_reg_0                                                  |                6 |             12 |
|  iicComm5_i/processing_system7_0/inst/FCLK_CLK0 | iicComm5_i/ps7_0_axi_periph/s00_couplers/auto_pc/inst/gen_axilite.gen_b2s_conv.axilite_b2s/RD.r_channel_0/r_push_r                                             |                                                                                                                                          |                4 |             13 |
|  iicComm5_i/processing_system7_0/inst/FCLK_CLK0 | iicComm5_i/ps7_0_axi_periph/s00_couplers/auto_pc/inst/gen_axilite.gen_b2s_conv.axilite_b2s/SI_REG/b.b_pipe/p_1_in                                              |                                                                                                                                          |                2 |             14 |
|  iicComm5_i/processing_system7_0/inst/FCLK_CLK0 | iicComm5_i/ps7_0_axi_periph/s00_couplers/auto_pc/inst/gen_axilite.gen_b2s_conv.axilite_b2s/SI_REG/b.b_pipe/skid_buffer_reg[0]_0                                |                                                                                                                                          |                4 |             14 |
|  iicComm5_i/processing_system7_0/inst/FCLK_CLK0 | iicComm5_i/ps7_0_axi_periph/s00_couplers/auto_pc/inst/gen_axilite.gen_b2s_conv.axilite_b2s/WR.aw_channel_0/aw_cmd_fsm_0/b_push                                 |                                                                                                                                          |                3 |             16 |
|  iicComm5_i/processing_system7_0/inst/FCLK_CLK0 | iicComm5_i/iiccomm5_0/inst/iiccomm5_iic_m_axi_U/bus_read/fifo_rreq/sect_cnt_reg[19][0]                                                                         | iicComm5_i/iiccomm5_0/inst/iiccomm5_AXILiteS_s_axi_U/ap_rst_n_inv                                                                        |                6 |             20 |
|  iicComm5_i/processing_system7_0/inst/FCLK_CLK0 | iicComm5_i/iiccomm5_0/inst/iiccomm5_iic_m_axi_U/bus_read/fifo_rctl/E[0]                                                                                        | iicComm5_i/iiccomm5_0/inst/iiccomm5_AXILiteS_s_axi_U/ap_rst_n_inv                                                                        |                6 |             20 |
|  iicComm5_i/processing_system7_0/inst/FCLK_CLK0 | iicComm5_i/ps7_0_axi_periph/s00_couplers/auto_pc/inst/gen_axilite.gen_b2s_conv.axilite_b2s/RD.ar_channel_0/ar_cmd_fsm_0/axlen_cnt_reg[4][0]                    |                                                                                                                                          |                7 |             21 |
|  iicComm5_i/processing_system7_0/inst/FCLK_CLK0 | iicComm5_i/ps7_0_axi_periph/s00_couplers/auto_pc/inst/gen_axilite.gen_b2s_conv.axilite_b2s/WR.aw_channel_0/aw_cmd_fsm_0/E[0]                                   |                                                                                                                                          |                8 |             21 |
|  iicComm5_i/processing_system7_0/inst/FCLK_CLK0 | iicComm5_i/axi_iic_0/U0/X_IIC/X_AXI_IPIF_SSP1/AXI_LITE_IPIF_I/I_SLAVE_ATTACHMENT/start2                                                                        | iicComm5_i/axi_iic_0/U0/X_IIC/X_AXI_IPIF_SSP1/AXI_LITE_IPIF_I/I_SLAVE_ATTACHMENT/I_DECODER/cs_ce_clr                                     |                6 |             24 |
|  iicComm5_i/processing_system7_0/inst/FCLK_CLK0 | iicComm5_i/ps7_0_axi_periph/xbar/inst/gen_sasd.crossbar_sasd_0/addr_arbiter_inst/p_0_in                                                                        | iicComm5_i/ps7_0_axi_periph/xbar/inst/gen_sasd.crossbar_sasd_0/addr_arbiter_inst/SR[0]                                                   |               11 |             29 |
|  iicComm5_i/processing_system7_0/inst/FCLK_CLK0 | iicComm5_i/iiccomm5_0/inst/iiccomm5_iic_m_axi_U/bus_read/fifo_rctl/p_21_in                                                                                     | iicComm5_i/iiccomm5_0/inst/iiccomm5_AXILiteS_s_axi_U/ap_rst_n_inv                                                                        |                9 |             30 |
|  iicComm5_i/processing_system7_0/inst/FCLK_CLK0 | iicComm5_i/iiccomm5_0/inst/iiccomm5_AXILiteS_s_axi_U/ar_hs                                                                                                     | iicComm5_i/iiccomm5_0/inst/iiccomm5_AXILiteS_s_axi_U/rdata[31]_i_1_n_0                                                                   |                9 |             30 |
|  iicComm5_i/processing_system7_0/inst/FCLK_CLK0 | iicComm5_i/ps7_0_axi_periph/xbar/inst/gen_sasd.crossbar_sasd_0/reg_slice_r/aa_rready                                                                           |                                                                                                                                          |               11 |             32 |
|  iicComm5_i/processing_system7_0/inst/FCLK_CLK0 | iicComm5_i/iiccomm5_0/inst/iiccomm5_AXILiteS_s_axi_U/int_outValue9_i[31]_i_1_n_0                                                                               | iicComm5_i/iiccomm5_0/inst/iiccomm5_AXILiteS_s_axi_U/ap_rst_n_inv                                                                        |                7 |             32 |
|  iicComm5_i/processing_system7_0/inst/FCLK_CLK0 | iicComm5_i/iiccomm5_0/inst/iiccomm5_AXILiteS_s_axi_U/int_outValue5_i[31]_i_1_n_0                                                                               | iicComm5_i/iiccomm5_0/inst/iiccomm5_AXILiteS_s_axi_U/ap_rst_n_inv                                                                        |                9 |             32 |
|  iicComm5_i/processing_system7_0/inst/FCLK_CLK0 | iicComm5_i/iiccomm5_0/inst/iiccomm5_AXILiteS_s_axi_U/int_outValue10_i[31]_i_1_n_0                                                                              | iicComm5_i/iiccomm5_0/inst/iiccomm5_AXILiteS_s_axi_U/ap_rst_n_inv                                                                        |               10 |             32 |
|  iicComm5_i/processing_system7_0/inst/FCLK_CLK0 | iicComm5_i/iiccomm5_0/inst/iiccomm5_AXILiteS_s_axi_U/int_outValue1_i[31]_i_1_n_0                                                                               | iicComm5_i/iiccomm5_0/inst/iiccomm5_AXILiteS_s_axi_U/ap_rst_n_inv                                                                        |                9 |             32 |
|  iicComm5_i/processing_system7_0/inst/FCLK_CLK0 | iicComm5_i/iiccomm5_0/inst/iiccomm5_iic_m_axi_U/bus_read/buff_rdata/E[0]                                                                                       |                                                                                                                                          |                6 |             32 |
|  iicComm5_i/processing_system7_0/inst/FCLK_CLK0 | iicComm5_i/iiccomm5_0/inst/iiccomm5_iic_m_axi_U/bus_read/rs_rdata/iic_addr_6_read_reg_486_reg[0][0]                                                            |                                                                                                                                          |                9 |             32 |
|  iicComm5_i/processing_system7_0/inst/FCLK_CLK0 | iicComm5_i/iiccomm5_0/inst/iiccomm5_iic_m_axi_U/bus_read/rs_rdata/iic_addr_7_read_reg_491_reg[0][0]                                                            |                                                                                                                                          |               10 |             32 |
|  iicComm5_i/processing_system7_0/inst/FCLK_CLK0 | iicComm5_i/iiccomm5_0/inst/iiccomm5_AXILiteS_s_axi_U/int_outValue2_i[31]_i_1_n_0                                                                               | iicComm5_i/iiccomm5_0/inst/iiccomm5_AXILiteS_s_axi_U/ap_rst_n_inv                                                                        |                9 |             32 |
|  iicComm5_i/processing_system7_0/inst/FCLK_CLK0 | iicComm5_i/iiccomm5_0/inst/iiccomm5_iic_m_axi_U/bus_read/rs_rdata/iic_addr_5_read_reg_481_reg[0][0]                                                            |                                                                                                                                          |                6 |             32 |
|  iicComm5_i/processing_system7_0/inst/FCLK_CLK0 | iicComm5_i/iiccomm5_0/inst/iiccomm5_iic_m_axi_U/bus_read/rs_rdata/iic_addr_8_read_reg_496_reg[31][1]                                                           |                                                                                                                                          |                8 |             32 |
|  iicComm5_i/processing_system7_0/inst/FCLK_CLK0 | iicComm5_i/iiccomm5_0/inst/iiccomm5_iic_m_axi_U/bus_read/rs_rdata/iic_addr_3_read_reg_471_reg[0][0]                                                            |                                                                                                                                          |                7 |             32 |
|  iicComm5_i/processing_system7_0/inst/FCLK_CLK0 | iicComm5_i/iiccomm5_0/inst/iiccomm5_iic_m_axi_U/bus_read/rs_rdata/load_p1                                                                                      |                                                                                                                                          |                8 |             32 |
|  iicComm5_i/processing_system7_0/inst/FCLK_CLK0 | iicComm5_i/iiccomm5_0/inst/iiccomm5_iic_m_axi_U/bus_read/rs_rdata/iic_addr_4_read_reg_476_reg[0][0]                                                            |                                                                                                                                          |               12 |             32 |
|  iicComm5_i/processing_system7_0/inst/FCLK_CLK0 | iicComm5_i/iiccomm5_0/inst/iiccomm5_iic_m_axi_U/bus_read/rs_rdata/load_p2                                                                                      |                                                                                                                                          |                6 |             32 |
|  iicComm5_i/processing_system7_0/inst/FCLK_CLK0 | iicComm5_i/iiccomm5_0/inst/iiccomm5_iic_m_axi_U/bus_read/rs_rdata/iic_addr_2_read_reg_466_reg[0][0]                                                            |                                                                                                                                          |               12 |             32 |
|  iicComm5_i/processing_system7_0/inst/FCLK_CLK0 | iicComm5_i/iiccomm5_0/inst/iiccomm5_iic_m_axi_U/bus_read/rs_rdata/iic_addr_1_read_reg_455_reg[0][0]                                                            |                                                                                                                                          |                7 |             32 |
|  iicComm5_i/processing_system7_0/inst/FCLK_CLK0 | iicComm5_i/iiccomm5_0/inst/iiccomm5_iic_m_axi_U/bus_read/rs_rdata/iic_read_reg_433_reg[0][0]                                                                   |                                                                                                                                          |               10 |             32 |
|  iicComm5_i/processing_system7_0/inst/FCLK_CLK0 | iicComm5_i/iiccomm5_0/inst/iiccomm5_iic_m_axi_U/bus_read/rs_rdata/iic_addr_read_reg_444_reg[0][0]                                                              |                                                                                                                                          |               11 |             32 |
|  iicComm5_i/processing_system7_0/inst/FCLK_CLK0 | iicComm5_i/iiccomm5_0/inst/iiccomm5_AXILiteS_s_axi_U/int_outValue8_i[31]_i_1_n_0                                                                               | iicComm5_i/iiccomm5_0/inst/iiccomm5_AXILiteS_s_axi_U/ap_rst_n_inv                                                                        |               10 |             32 |
|  iicComm5_i/processing_system7_0/inst/FCLK_CLK0 | iicComm5_i/iiccomm5_0/inst/iiccomm5_AXILiteS_s_axi_U/int_outValue7_i[31]_i_1_n_0                                                                               | iicComm5_i/iiccomm5_0/inst/iiccomm5_AXILiteS_s_axi_U/ap_rst_n_inv                                                                        |               12 |             32 |
|  iicComm5_i/processing_system7_0/inst/FCLK_CLK0 | iicComm5_i/iiccomm5_0/inst/iiccomm5_AXILiteS_s_axi_U/int_outValue6_i[31]_i_1_n_0                                                                               | iicComm5_i/iiccomm5_0/inst/iiccomm5_AXILiteS_s_axi_U/ap_rst_n_inv                                                                        |               10 |             32 |
|  iicComm5_i/processing_system7_0/inst/FCLK_CLK0 | iicComm5_i/iiccomm5_0/inst/iiccomm5_AXILiteS_s_axi_U/int_outValue4_i[31]_i_1_n_0                                                                               | iicComm5_i/iiccomm5_0/inst/iiccomm5_AXILiteS_s_axi_U/ap_rst_n_inv                                                                        |               11 |             32 |
|  iicComm5_i/processing_system7_0/inst/FCLK_CLK0 | iicComm5_i/iiccomm5_0/inst/iiccomm5_AXILiteS_s_axi_U/int_outValue3_i[31]_i_1_n_0                                                                               | iicComm5_i/iiccomm5_0/inst/iiccomm5_AXILiteS_s_axi_U/ap_rst_n_inv                                                                        |                9 |             32 |
|  iicComm5_i/processing_system7_0/inst/FCLK_CLK0 | iicComm5_i/iiccomm5_0/inst/iiccomm5_iic_m_axi_U/bus_read/buff_rdata/pop                                                                                        | iicComm5_i/iiccomm5_0/inst/iiccomm5_AXILiteS_s_axi_U/ap_rst_n_inv                                                                        |               12 |             33 |
|  iicComm5_i/processing_system7_0/inst/FCLK_CLK0 | iicComm5_i/ps7_0_axi_periph/s01_couplers/auto_pc/inst/gen_axilite.gen_b2s_conv.axilite_b2s/RD.r_channel_0/rd_data_fifo_0/wr_en0                                |                                                                                                                                          |                9 |             34 |
|  iicComm5_i/processing_system7_0/inst/FCLK_CLK0 | iicComm5_i/ps7_0_axi_periph/s00_couplers/auto_pc/inst/gen_axilite.gen_b2s_conv.axilite_b2s/RD.r_channel_0/rd_data_fifo_0/wr_en0                                |                                                                                                                                          |                9 |             34 |
|  iicComm5_i/processing_system7_0/inst/FCLK_CLK0 | iicComm5_i/ps7_0_axi_periph/s01_couplers/auto_pc/inst/gen_axilite.gen_b2s_conv.axilite_b2s/SI_REG/r.r_pipe/skid_buffer_reg[0]_0                                |                                                                                                                                          |                8 |             35 |
|  iicComm5_i/processing_system7_0/inst/FCLK_CLK0 | iicComm5_i/ps7_0_axi_periph/s01_couplers/auto_pc/inst/gen_axilite.gen_b2s_conv.axilite_b2s/SI_REG/r.r_pipe/p_1_in                                              |                                                                                                                                          |                6 |             35 |
|  iicComm5_i/processing_system7_0/inst/FCLK_CLK0 | iicComm5_i/ps7_0_axi_periph/xbar/inst/gen_sasd.crossbar_sasd_0/addr_arbiter_inst/E[0]                                                                          |                                                                                                                                          |               11 |             35 |
|  iicComm5_i/processing_system7_0/inst/FCLK_CLK0 | iicComm5_i/ps7_0_axi_periph/s01_couplers/auto_pc/inst/gen_axilite.gen_b2s_conv.axilite_b2s/SI_REG/ar.ar_pipe/s_axi_arready                                     |                                                                                                                                          |                9 |             36 |
|  iicComm5_i/processing_system7_0/inst/FCLK_CLK0 | iicComm5_i/ps7_0_axi_periph/s01_couplers/auto_pc/inst/gen_axilite.gen_b2s_conv.axilite_b2s/RD.ar_channel_0/ar_cmd_fsm_0/m_payload_i_reg[0]_0[0]                |                                                                                                                                          |                9 |             36 |
|  iicComm5_i/processing_system7_0/inst/FCLK_CLK0 | iicComm5_i/ps7_0_axi_periph/s01_mmu/inst/register_slice_inst/ar.ar_pipe/m_payload_i[54]_i_1__0_n_0                                                             |                                                                                                                                          |               11 |             37 |
|  iicComm5_i/processing_system7_0/inst/FCLK_CLK0 |                                                                                                                                                                | iicComm5_i/axi_iic_0/U0/X_IIC/REG_INTERFACE_I/SR[0]                                                                                      |               13 |             40 |
|  iicComm5_i/processing_system7_0/inst/FCLK_CLK0 | iicComm5_i/iiccomm5_0/inst/iiccomm5_iic_m_axi_U/bus_read/buff_rdata/push                                                                                       | iicComm5_i/iiccomm5_0/inst/iiccomm5_AXILiteS_s_axi_U/ap_rst_n_inv                                                                        |                8 |             41 |
|  iicComm5_i/processing_system7_0/inst/FCLK_CLK0 |                                                                                                                                                                | iicComm5_i/axi_iic_0/U0/X_IIC/X_AXI_IPIF_SSP1/X_SOFT_RESET/SR[0]                                                                         |               12 |             42 |
|  iicComm5_i/processing_system7_0/inst/FCLK_CLK0 |                                                                                                                                                                | iicComm5_i/ps7_0_axi_periph/s01_couplers/auto_pc/inst/gen_axilite.gen_b2s_conv.axilite_b2s/areset_d1                                     |               10 |             42 |
|  iicComm5_i/processing_system7_0/inst/FCLK_CLK0 | iicComm5_i/iiccomm5_0/inst/iiccomm5_iic_m_axi_U/bus_read/fifo_rctl/next_rreq                                                                                   | iicComm5_i/iiccomm5_0/inst/iiccomm5_AXILiteS_s_axi_U/ap_rst_n_inv                                                                        |               12 |             44 |
|  iicComm5_i/processing_system7_0/inst/FCLK_CLK0 | iicComm5_i/ps7_0_axi_periph/s00_couplers/auto_pc/inst/gen_axilite.gen_b2s_conv.axilite_b2s/SI_REG/r.r_pipe/p_1_in                                              |                                                                                                                                          |                8 |             47 |
|  iicComm5_i/processing_system7_0/inst/FCLK_CLK0 | iicComm5_i/ps7_0_axi_periph/s00_couplers/auto_pc/inst/gen_axilite.gen_b2s_conv.axilite_b2s/SI_REG/r.r_pipe/skid_buffer_reg[0]_0                                |                                                                                                                                          |                9 |             47 |
|  iicComm5_i/processing_system7_0/inst/FCLK_CLK0 | iicComm5_i/ps7_0_axi_periph/s00_couplers/auto_pc/inst/gen_axilite.gen_b2s_conv.axilite_b2s/WR.aw_channel_0/aw_cmd_fsm_0/m_payload_i_reg[0][0]                  |                                                                                                                                          |               12 |             52 |
|  iicComm5_i/processing_system7_0/inst/FCLK_CLK0 | iicComm5_i/ps7_0_axi_periph/s00_couplers/auto_pc/inst/gen_axilite.gen_b2s_conv.axilite_b2s/SI_REG/aw.aw_pipe/s_axi_awready                                     |                                                                                                                                          |               10 |             52 |
|  iicComm5_i/processing_system7_0/inst/FCLK_CLK0 | iicComm5_i/ps7_0_axi_periph/s00_couplers/auto_pc/inst/gen_axilite.gen_b2s_conv.axilite_b2s/SI_REG/ar.ar_pipe/s_axi_arready                                     |                                                                                                                                          |               12 |             52 |
|  iicComm5_i/processing_system7_0/inst/FCLK_CLK0 | iicComm5_i/ps7_0_axi_periph/s00_couplers/auto_pc/inst/gen_axilite.gen_b2s_conv.axilite_b2s/RD.ar_channel_0/ar_cmd_fsm_0/m_payload_i_reg[0]_1[0]                |                                                                                                                                          |               12 |             52 |
|  iicComm5_i/processing_system7_0/inst/FCLK_CLK0 |                                                                                                                                                                | iicComm5_i/iiccomm5_0/inst/iiccomm5_AXILiteS_s_axi_U/ap_rst_n_inv                                                                        |               28 |             59 |
|  iicComm5_i/processing_system7_0/inst/FCLK_CLK0 |                                                                                                                                                                | iicComm5_i/ps7_0_axi_periph/s00_couplers/auto_pc/inst/gen_axilite.gen_b2s_conv.axilite_b2s/areset_d1                                     |               15 |             59 |
|  iicComm5_i/processing_system7_0/inst/FCLK_CLK0 |                                                                                                                                                                |                                                                                                                                          |               73 |            195 |
|  iicComm5_i/processing_system7_0/inst/FCLK_CLK0 | iicComm5_i/iiccomm5_0/inst/ap_CS_fsm_state18                                                                                                                   | iicComm5_i/iiccomm5_0/inst/iiccomm5_AXILiteS_s_axi_U/ap_rst_n_inv                                                                        |               68 |            321 |
+-------------------------------------------------+----------------------------------------------------------------------------------------------------------------------------------------------------------------+------------------------------------------------------------------------------------------------------------------------------------------+------------------+----------------+


+--------+-----------------------+
| Fanout | Number of ControlSets |
+--------+-----------------------+
| 1      |                     2 |
| 2      |                     5 |
| 4      |                    17 |
| 5      |                     2 |
| 6      |                    10 |
| 7      |                     3 |
| 8      |                    14 |
| 10     |                    14 |
| 11     |                     2 |
| 12     |                     8 |
| 13     |                     1 |
| 14     |                     2 |
| 16+    |                    57 |
+--------+-----------------------+


