#-----------------------------------------------------------
# Vivado v2017.4 (64-bit)
# SW Build 2086221 on Fri Dec 15 20:54:30 MST 2017
# IP Build 2085800 on Fri Dec 15 22:25:07 MST 2017
# Start of session at: Tue Jul 17 20:20:24 2018
# Process ID: 16444
# Current directory: /home/iavendano/pynq-copter/pynqcopter/ip/pid/pid/pid/impl/ip
# Command line: vivado -notrace -mode batch -source run_ippack.tcl
# Log file: /home/iavendano/pynq-copter/pynqcopter/ip/pid/pid/pid/impl/ip/vivado.log
# Journal file: /home/iavendano/pynq-copter/pynqcopter/ip/pid/pid/pid/impl/ip/vivado.jou
#-----------------------------------------------------------
source run_ippack.tcl -notrace
INFO: [IP_Flow 19-234] Refreshing IP repositories
INFO: [IP_Flow 19-1704] No user IP repositories specified
INFO: [IP_Flow 19-2313] Loaded Vivado IP repository '/data/opt/Xilinx/Vivado/2017.4/data/ip'.
WARNING: [IP_Flow 19-4832] The IP name 'pid_ap_faddfsub_8_full_dsp_32' you have specified is long. The Windows operating system has path length limitations. It is recommended you use shorter names to reduce the likelihood of issues.
INFO: [IP_Flow 19-1686] Generating 'Synthesis' target for IP 'pid_ap_faddfsub_8_full_dsp_32'...
INFO: [IP_Flow 19-1686] Generating 'Simulation' target for IP 'pid_ap_faddfsub_8_full_dsp_32'...
INFO: [IP_Flow 19-1686] Generating 'Synthesis' target for IP 'pid_ap_fdiv_28_no_dsp_32'...
INFO: [IP_Flow 19-1686] Generating 'Simulation' target for IP 'pid_ap_fdiv_28_no_dsp_32'...
INFO: [IP_Flow 19-1686] Generating 'Synthesis' target for IP 'pid_ap_fmul_6_max_dsp_32'...
INFO: [IP_Flow 19-1686] Generating 'Simulation' target for IP 'pid_ap_fmul_6_max_dsp_32'...
INFO: [IP_Flow 19-234] Refreshing IP repositories
INFO: [IP_Flow 19-1704] No user IP repositories specified
INFO: [IP_Flow 19-2313] Loaded Vivado IP repository '/data/opt/Xilinx/Vivado/2017.4/data/ip'.
INFO: [Common 17-206] Exiting Vivado at Tue Jul 17 20:20:40 2018...
