

================================================================
== Vivado HLS Report for 'iiccomm2'
================================================================
* Date:           Sat Aug 25 15:57:29 2018

* Version:        2017.4 (Build 2086221 on Fri Dec 15 21:13:33 MST 2017)
* Project:        iiccomm2
* Solution:       iiccomm2
* Product family: zynq
* Target device:  xc7z020clg400-1


================================================================
== Performance Estimates
================================================================
+ Timing (ns): 
    * Summary: 
    +--------+-------+----------+------------+
    |  Clock | Target| Estimated| Uncertainty|
    +--------+-------+----------+------------+
    |ap_clk  |   4.00|      6.97|        0.50|
    +--------+-------+----------+------------+

+ Latency (clock cycles): 
    * Summary: 
    +-----+-----+-----+-----+---------+
    |  Latency  |  Interval | Pipeline|
    | min | max | min | max |   Type  |
    +-----+-----+-----+-----+---------+
    |    ?|    ?|    ?|    ?|   none  |
    +-----+-----+-----+-----+---------+

    + Detail: 
        * Instance: 
        N/A

        * Loop: 
        +---------------------+---------+---------+----------+-----------+-----------+---------+----------+
        |                     |      Latency      | Iteration|  Initiation Interval  |   Trip  |          |
        |      Loop Name      |   min   |   max   |  Latency |  achieved |   target  |  Count  | Pipelined|
        +---------------------+---------+---------+----------+-----------+-----------+---------+----------+
        |- memset_sensorData  |        5|        5|         1|          -|          -|        6|    no    |
        |- Loop 2             |  2500000|  2500000|         1|          -|          -|  2500000|    no    |
        |- Loop 3             |   500000|   500000|         1|          -|          -|   500000|    no    |
        |- Loop 4             |        ?|        ?|    500017|          -|          -|        ?|    no    |
        | + Loop 4.1          |   500000|   500000|         1|          -|          -|   500000|    no    |
        +---------------------+---------+---------+----------+-----------+-----------+---------+----------+



================================================================
== Utilization Estimates
================================================================
* Summary: 
+-----------------+---------+-------+--------+-------+
|       Name      | BRAM_18K| DSP48E|   FF   |  LUT  |
+-----------------+---------+-------+--------+-------+
|DSP              |        -|      -|       -|      -|
|Expression       |        -|      -|       0|   1193|
|FIFO             |        -|      -|       -|      -|
|Instance         |        2|    122|   32758|  22135|
|Memory           |        2|      -|       0|      0|
|Multiplexer      |        -|      -|       -|   2019|
|Register         |        -|      -|    3107|      -|
+-----------------+---------+-------+--------+-------+
|Total            |        4|    122|   35865|  25347|
+-----------------+---------+-------+--------+-------+
|Available        |      280|    220|  106400|  53200|
+-----------------+---------+-------+--------+-------+
|Utilization (%)  |        1|     55|      33|     47|
+-----------------+---------+-------+--------+-------+

+ Detail: 
    * Instance: 
    +---------------------------+-------------------------+---------+-------+------+------+
    |          Instance         |          Module         | BRAM_18K| DSP48E|  FF  |  LUT |
    +---------------------------+-------------------------+---------+-------+------+------+
    |iiccomm2_AXILiteS_s_axi_U  |iiccomm2_AXILiteS_s_axi  |        0|      0|   758|  1256|
    |iiccomm2_add_64nslbW_U11   |iiccomm2_add_64nslbW     |        0|      0|   292|    68|
    |iiccomm2_ddiv_64nbkb_U1    |iiccomm2_ddiv_64nbkb     |        0|      0|  6160|  3871|
    |iiccomm2_iic_m_axi_U       |iiccomm2_iic_m_axi       |        2|      0|   512|   580|
    |iiccomm2_lshr_54nudo_U20   |iiccomm2_lshr_54nudo     |        0|      0|   538|   453|
    |iiccomm2_mul_13nskbM_U10   |iiccomm2_mul_13nskbM     |        0|      9|   406|   113|
    |iiccomm2_mul_13nsncg_U13   |iiccomm2_mul_13nsncg     |        0|      9|   435|   136|
    |iiccomm2_mul_14nstde_U19   |iiccomm2_mul_14nstde     |        0|      9|   586|   133|
    |iiccomm2_mul_16nsfYi_U5    |iiccomm2_mul_16nsfYi     |        0|      4|   165|    22|
    |iiccomm2_mul_17nsibs_U8    |iiccomm2_mul_17nsibs     |        0|      9|   547|   127|
    |iiccomm2_mul_17nsjbC_U9    |iiccomm2_mul_17nsjbC     |        0|      9|   464|   159|
    |iiccomm2_mul_17nsmb6_U12   |iiccomm2_mul_17nsmb6     |        0|      9|   560|   129|
    |iiccomm2_mul_17nssc4_U18   |iiccomm2_mul_17nssc4     |        0|      9|   599|   135|
    |iiccomm2_mul_18nshbi_U7    |iiccomm2_mul_18nshbi     |        0|      9|   547|   127|
    |iiccomm2_mul_29s_dEe_U3    |iiccomm2_mul_29s_dEe     |        0|      4|   165|    22|
    |iiccomm2_mul_52s_g8j_U6    |iiccomm2_mul_52s_g8j     |        0|      9|   435|   136|
    |iiccomm2_mul_52s_ocq_U14   |iiccomm2_mul_52s_ocq     |        0|      9|   435|   136|
    |iiccomm2_mul_61s_rcU_U17   |iiccomm2_mul_61s_rcU     |        0|     15|   453|   292|
    |iiccomm2_mul_7ns_eOg_U4    |iiccomm2_mul_7ns_eOg     |        0|      9|   547|   127|
    |iiccomm2_shl_137nvdy_U21   |iiccomm2_shl_137nvdy     |        0|      0|   538|   453|
    |iiccomm2_udiv_63npcA_U15   |iiccomm2_udiv_63npcA     |        0|      0|  8416|  6428|
    |iiccomm2_udiv_64nqcK_U16   |iiccomm2_udiv_64nqcK     |        0|      0|  8651|  6607|
    |iiccomm2_uitodp_3cud_U2    |iiccomm2_uitodp_3cud     |        0|      0|   549|   625|
    +---------------------------+-------------------------+---------+-------+------+------+
    |Total                      |                         |        2|    122| 32758| 22135|
    +---------------------------+-------------------------+---------+-------+------+------+

    * DSP48: 
    N/A

    * Memory: 
    +--------------+---------------------+---------+---+----+------+-----+------+-------------+
    |    Memory    |        Module       | BRAM_18K| FF| LUT| Words| Bits| Banks| W*Bits*Banks|
    +--------------+---------------------+---------+---+----+------+-----+------+-------------+
    |sensorData_U  |iiccomm2_sensorData  |        2|  0|   0|     6|   32|     1|          192|
    +--------------+---------------------+---------+---+----+------+-----+------+-------------+
    |Total         |                     |        2|  0|   0|     6|   32|     1|          192|
    +--------------+---------------------+---------+---+----+------+-----+------+-------------+

    * FIFO: 
    N/A

    * Expression: 
    +-------------------------+----------+-------+---+----+------------+------------+
    |      Variable Name      | Operation| DSP48E| FF| LUT| Bitwidth P0| Bitwidth P1|
    +-------------------------+----------+-------+---+----+------------+------------+
    |ctr_V_1_fu_1330_p2       |     +    |      0|  0|  26|          19|           1|
    |ctr_V_2_fu_1388_p2       |     +    |      0|  0|  26|          19|           1|
    |ctr_V_fu_1310_p2         |     +    |      0|  0|  29|          22|           1|
    |index_1_fu_1371_p2       |     +    |      0|  0|  39|          32|           1|
    |indvarinc_fu_1280_p2     |     +    |      0|  0|  12|           3|           1|
    |sh_assign_fu_2002_p2     |     +    |      0|  0|  19|          11|          12|
    |t_fine_fu_1614_p2        |     +    |      0|  0|  52|          45|          45|
    |tmp3_fu_1958_p2          |     +    |      0|  0|  43|          14|          36|
    |tmp_15_fu_1582_p2        |     +    |      0|  0|  52|          32|          45|
    |tmp_19_fu_1536_p2        |     +    |      0|  0|  36|          16|          29|
    |tmp_36_fu_1741_p2        |     +    |      0|  0|  71|          64|          64|
    |tmp_38_fu_1835_p2        |     +    |      0|  0|  69|          31|          62|
    |tmp_54_fu_1963_p2        |     +    |      0|  0|  43|          36|          36|
    |tmp_56_fu_1977_p2        |     +    |      0|  0|  39|          32|          32|
    |var3_fu_1633_p2          |     +    |      0|  0|  61|          17|          54|
    |var4_2_fu_1779_p2        |     +    |      0|  0|  70|          30|          63|
    |tmp_40_fu_1788_p2        |     -    |      0|  0|  40|          21|          33|
    |tmp_42_fu_1810_p2        |     -    |      0|  0|  59|          52|          52|
    |tmp_61_fu_2103_p2        |     -    |      0|  0|  39|          32|          32|
    |tmp_62_i_i_i_fu_2016_p2  |     -    |      0|  0|  18|          10|          11|
    |ap_block_state2_io       |    and   |      0|  0|   8|           1|           1|
    |ap_block_state57_io      |    and   |      0|  0|   8|           1|           1|
    |ap_block_state67_io      |    and   |      0|  0|   8|           1|           1|
    |ap_block_state76_io      |    and   |      0|  0|   8|           1|           1|
    |ap_block_state85_io      |    and   |      0|  0|   8|           1|           1|
    |icmp_fu_1861_p2          |   icmp   |      0|  0|  18|          32|           1|
    |tmp_1_fu_1291_p2         |   icmp   |      0|  0|   9|           3|           3|
    |tmp_2_fu_1304_p2         |   icmp   |      0|  0|  18|          22|          22|
    |tmp_44_fu_1382_p2        |   icmp   |      0|  0|  18|          19|          16|
    |tmp_4_fu_1324_p2         |   icmp   |      0|  0|  18|          19|          16|
    |tmp_60_fu_2098_p2        |   icmp   |      0|  0|  18|          32|           1|
    |tmp_6_fu_1365_p2         |   icmp   |      0|  0|  11|           7|           1|
    |ap_block_state24_io      |    or    |      0|  0|   8|           1|           1|
    |tmp_12_fu_1451_p2        |    or    |      0|  0|  39|          32|          32|
    |tmp_16_fu_1504_p2        |    or    |      0|  0|  35|          28|          28|
    |tmp_24_fu_1428_p2        |    or    |      0|  0|  35|          28|          28|
    |tmp_8_fu_1527_p2         |    or    |      0|  0|  39|          32|          32|
    |p_Val2_3_fu_2091_p3      |  select  |      0|  0|  32|           1|          32|
    |sh_assign_1_fu_2026_p3   |  select  |      0|  0|  12|           1|          12|
    +-------------------------+----------+-------+---+----+------------+------------+
    |Total                    |          |      0|  0|1193|         800|         841|
    +-------------------------+----------+-------+---+----+------------+------------+

    * Multiplexer: 
    +----------------------------+------+-----------+-----+-----------+
    |            Name            |  LUT | Input Size| Bits| Total Bits|
    +----------------------------+------+-----------+-----+-----------+
    |ap_NS_fsm                   |  1685|        385|    1|        385|
    |ap_sig_ioackin_iic_ARREADY  |     9|          2|    1|          2|
    |ap_sig_ioackin_iic_AWREADY  |     9|          2|    1|          2|
    |ap_sig_ioackin_iic_WREADY   |     9|          2|    1|          2|
    |flag                        |    15|          3|   32|         96|
    |iic_ARADDR                  |    27|          5|   32|        160|
    |iic_AWADDR                  |    38|          7|   32|        224|
    |iic_WDATA                   |    65|         16|   32|        512|
    |iic_blk_n_AR                |     9|          2|    1|          2|
    |iic_blk_n_AW                |     9|          2|    1|          2|
    |iic_blk_n_B                 |     9|          2|    1|          2|
    |iic_blk_n_R                 |     9|          2|    1|          2|
    |iic_blk_n_W                 |     9|          2|    1|          2|
    |index_reg_1070              |     9|          2|   32|         64|
    |invdar_reg_1027             |     9|          2|    3|          6|
    |p_014_0_i5_reg_1082         |     9|          2|   19|         38|
    |p_014_0_i9_reg_1049         |     9|          2|   19|         38|
    |p_014_0_i_reg_1038          |     9|          2|   22|         44|
    |pressure3_reg_1093          |     9|          2|   64|        128|
    |sensorData_address0         |    27|          5|    3|         15|
    |sensorData_address1         |    27|          5|    3|         15|
    |storemerge1_reg_1060        |     9|          2|   32|         64|
    +----------------------------+------+-----------+-----+-----------+
    |Total                       |  2019|        456|  334|       1805|
    +----------------------------+------+-----------+-----+-----------+

    * Register: 
    +----------------------------------------------+-----+----+-----+-----------+
    |                     Name                     |  FF | LUT| Bits| Const Bits|
    +----------------------------------------------+-----+----+-----+-----------+
    |ap_CS_fsm                                     |  384|   0|  384|          0|
    |ap_reg_ioackin_ctrl_reg_outValue_dummy_ack    |    1|   0|    1|          0|
    |ap_reg_ioackin_empty_pirq_outValue_dummy_ack  |    1|   0|    1|          0|
    |ap_reg_ioackin_full_pirq_outValue_dummy_ack   |    1|   0|    1|          0|
    |ap_reg_ioackin_iic_ARREADY                    |    1|   0|    1|          0|
    |ap_reg_ioackin_iic_AWREADY                    |    1|   0|    1|          0|
    |ap_reg_ioackin_iic_WREADY                     |    1|   0|    1|          0|
    |ap_reg_ioackin_stat_reg_outValue1_dummy_ack   |    1|   0|    1|          0|
    |basepoint_read_reg_2107                       |   32|   0|   32|          0|
    |iic_addr_13_read_reg_2154                     |   32|   0|   32|          0|
    |iic_addr_15_read_reg_2159                     |   32|   0|   32|          0|
    |iic_addr_1_read_reg_2139                      |   32|   0|   32|          0|
    |iic_addr_5_read_reg_2144                      |   32|   0|   32|          0|
    |iic_addr_65_read_reg_2180                     |   32|   0|   32|          0|
    |iic_addr_67_read_reg_2208                     |   32|   0|   32|          0|
    |index_1_reg_2188                              |   32|   0|   32|          0|
    |index_reg_1070                                |   32|   0|   32|          0|
    |invdar_reg_1027                               |    3|   0|    3|          0|
    |isNeg_reg_2561                                |    1|   0|    1|          0|
    |loc_V_1_reg_2556                              |   52|   0|   52|          0|
    |p_014_0_i5_reg_1082                           |   19|   0|   19|          0|
    |p_014_0_i9_reg_1049                           |   19|   0|   19|          0|
    |p_014_0_i_reg_1038                            |   22|   0|   22|          0|
    |p_Val2_3_reg_2601                             |   32|   0|   32|          0|
    |pressure3_reg_1093                            |   64|   0|   64|          0|
    |pressure_1_reg_2494                           |   64|   0|   64|          0|
    |pressure_reg_2451                             |   63|   0|   63|          0|
    |sensorData_load_1_reg_2286                    |   32|   0|   32|          0|
    |sensorData_load_2_reg_2291                    |   32|   0|   32|          0|
    |sensorData_load_3_reg_2231                    |   32|   0|   32|          0|
    |sensorData_load_4_reg_2238                    |   32|   0|   32|          0|
    |sensorData_load_5_reg_2266                    |   32|   0|   32|          0|
    |sensorData_load_reg_2249                      |   32|   0|   32|          0|
    |sh_assign_1_reg_2566                          |   12|   0|   12|          0|
    |storemerge1_reg_1060                          |   32|   0|   32|          0|
    |tmp3_reg_2530                                 |   36|   0|   36|          0|
    |tmp_12_reg_2271                               |   32|   0|   32|          0|
    |tmp_13_reg_2276                               |   29|   0|   29|          0|
    |tmp_14_reg_2328                               |   44|   0|   44|          0|
    |tmp_19_reg_2302                               |   29|   0|   29|          0|
    |tmp_29_reg_2395                               |   64|   0|   64|          0|
    |tmp_30_reg_2333                               |   34|   0|   34|          0|
    |tmp_31_reg_2281                               |   28|   0|   28|          0|
    |tmp_37_reg_2446                               |   62|   0|   62|          0|
    |tmp_39_reg_2313                               |   45|   0|   45|          0|
    |tmp_40_reg_2425                               |   33|   0|   33|          0|
    |tmp_41_reg_2338                               |   37|   0|   37|          0|
    |tmp_42_reg_2435                               |   52|   0|   52|          0|
    |tmp_43_reg_2343                               |   44|   0|   44|          0|
    |tmp_45_reg_2489                               |   64|   0|   64|          0|
    |tmp_46_reg_2479                               |   63|   0|   63|          0|
    |tmp_47_reg_2353                               |   52|   0|   52|          0|
    |tmp_49_cast_reg_2515                          |   48|   0|   48|          0|
    |tmp_49_reg_2370                               |   53|   0|   53|          0|
    |tmp_51_reg_2415                               |   62|   0|   62|          0|
    |tmp_53_reg_2375                               |   51|   0|   51|          0|
    |tmp_55_reg_2400                               |   60|   0|   60|          0|
    |tmp_56_reg_2540                               |   32|   0|   32|          0|
    |tmp_57_reg_2546                               |   64|   0|   64|          0|
    |tmp_58_reg_2405                               |   63|   0|   63|          0|
    |tmp_59_reg_2410                               |   46|   0|   46|          0|
    |tmp_60_reg_2606                               |    1|   0|    1|          0|
    |tmp_61_reg_2610                               |   32|   0|   32|          0|
    |tmp_63_reg_2430                               |   51|   0|   51|          0|
    |tmp_64_reg_2456                               |   32|   0|   32|          0|
    |tmp_65_reg_2510                               |   32|   0|   32|          0|
    |tmp_66_reg_2535                               |   32|   0|   32|          0|
    |tmp_68_reg_2596                               |   32|   0|   32|          0|
    |tmp_69_reg_2591                               |    1|   0|    1|          0|
    |tmp_8_reg_2296                                |   32|   0|   32|          0|
    |var3_1_cast4_reg_2466                         |   63|   0|   63|          0|
    |var3_1_reg_2461                               |   64|   0|   64|          0|
    |var3_3_cast_reg_2525                          |   36|   0|   36|          0|
    |var3_reg_2348                                 |   54|   0|   54|          0|
    |var4_3_cast_reg_2520                          |   36|   0|   36|          0|
    |var4_reg_2390                                 |   64|   0|   64|          0|
    |x_assign_reg_2551                             |   64|   0|   64|          0|
    +----------------------------------------------+-----+----+-----+-----------+
    |Total                                         | 3107|   0| 3107|          0|
    +----------------------------------------------+-----+----+-----+-----------+



================================================================
== Interface
================================================================
* Summary: 
+------------------------+-----+-----+------------+--------------+--------------+
|        RTL Ports       | Dir | Bits|  Protocol  | Source Object|    C Type    |
+------------------------+-----+-----+------------+--------------+--------------+
|s_axi_AXILiteS_AWVALID  |  in |    1|    s_axi   |   AXILiteS   |    pointer   |
|s_axi_AXILiteS_AWREADY  | out |    1|    s_axi   |   AXILiteS   |    pointer   |
|s_axi_AXILiteS_AWADDR   |  in |    8|    s_axi   |   AXILiteS   |    pointer   |
|s_axi_AXILiteS_WVALID   |  in |    1|    s_axi   |   AXILiteS   |    pointer   |
|s_axi_AXILiteS_WREADY   | out |    1|    s_axi   |   AXILiteS   |    pointer   |
|s_axi_AXILiteS_WDATA    |  in |   32|    s_axi   |   AXILiteS   |    pointer   |
|s_axi_AXILiteS_WSTRB    |  in |    4|    s_axi   |   AXILiteS   |    pointer   |
|s_axi_AXILiteS_ARVALID  |  in |    1|    s_axi   |   AXILiteS   |    pointer   |
|s_axi_AXILiteS_ARREADY  | out |    1|    s_axi   |   AXILiteS   |    pointer   |
|s_axi_AXILiteS_ARADDR   |  in |    8|    s_axi   |   AXILiteS   |    pointer   |
|s_axi_AXILiteS_RVALID   | out |    1|    s_axi   |   AXILiteS   |    pointer   |
|s_axi_AXILiteS_RREADY   |  in |    1|    s_axi   |   AXILiteS   |    pointer   |
|s_axi_AXILiteS_RDATA    | out |   32|    s_axi   |   AXILiteS   |    pointer   |
|s_axi_AXILiteS_RRESP    | out |    2|    s_axi   |   AXILiteS   |    pointer   |
|s_axi_AXILiteS_BVALID   | out |    1|    s_axi   |   AXILiteS   |    pointer   |
|s_axi_AXILiteS_BREADY   |  in |    1|    s_axi   |   AXILiteS   |    pointer   |
|s_axi_AXILiteS_BRESP    | out |    2|    s_axi   |   AXILiteS   |    pointer   |
|ap_clk                  |  in |    1| ap_ctrl_hs |   iiccomm2   | return value |
|ap_rst_n                |  in |    1| ap_ctrl_hs |   iiccomm2   | return value |
|interrupt               | out |    1| ap_ctrl_hs |   iiccomm2   | return value |
|m_axi_iic_AWVALID       | out |    1|    m_axi   |      iic     |    pointer   |
|m_axi_iic_AWREADY       |  in |    1|    m_axi   |      iic     |    pointer   |
|m_axi_iic_AWADDR        | out |   32|    m_axi   |      iic     |    pointer   |
|m_axi_iic_AWID          | out |    1|    m_axi   |      iic     |    pointer   |
|m_axi_iic_AWLEN         | out |    8|    m_axi   |      iic     |    pointer   |
|m_axi_iic_AWSIZE        | out |    3|    m_axi   |      iic     |    pointer   |
|m_axi_iic_AWBURST       | out |    2|    m_axi   |      iic     |    pointer   |
|m_axi_iic_AWLOCK        | out |    2|    m_axi   |      iic     |    pointer   |
|m_axi_iic_AWCACHE       | out |    4|    m_axi   |      iic     |    pointer   |
|m_axi_iic_AWPROT        | out |    3|    m_axi   |      iic     |    pointer   |
|m_axi_iic_AWQOS         | out |    4|    m_axi   |      iic     |    pointer   |
|m_axi_iic_AWREGION      | out |    4|    m_axi   |      iic     |    pointer   |
|m_axi_iic_AWUSER        | out |    1|    m_axi   |      iic     |    pointer   |
|m_axi_iic_WVALID        | out |    1|    m_axi   |      iic     |    pointer   |
|m_axi_iic_WREADY        |  in |    1|    m_axi   |      iic     |    pointer   |
|m_axi_iic_WDATA         | out |   32|    m_axi   |      iic     |    pointer   |
|m_axi_iic_WSTRB         | out |    4|    m_axi   |      iic     |    pointer   |
|m_axi_iic_WLAST         | out |    1|    m_axi   |      iic     |    pointer   |
|m_axi_iic_WID           | out |    1|    m_axi   |      iic     |    pointer   |
|m_axi_iic_WUSER         | out |    1|    m_axi   |      iic     |    pointer   |
|m_axi_iic_ARVALID       | out |    1|    m_axi   |      iic     |    pointer   |
|m_axi_iic_ARREADY       |  in |    1|    m_axi   |      iic     |    pointer   |
|m_axi_iic_ARADDR        | out |   32|    m_axi   |      iic     |    pointer   |
|m_axi_iic_ARID          | out |    1|    m_axi   |      iic     |    pointer   |
|m_axi_iic_ARLEN         | out |    8|    m_axi   |      iic     |    pointer   |
|m_axi_iic_ARSIZE        | out |    3|    m_axi   |      iic     |    pointer   |
|m_axi_iic_ARBURST       | out |    2|    m_axi   |      iic     |    pointer   |
|m_axi_iic_ARLOCK        | out |    2|    m_axi   |      iic     |    pointer   |
|m_axi_iic_ARCACHE       | out |    4|    m_axi   |      iic     |    pointer   |
|m_axi_iic_ARPROT        | out |    3|    m_axi   |      iic     |    pointer   |
|m_axi_iic_ARQOS         | out |    4|    m_axi   |      iic     |    pointer   |
|m_axi_iic_ARREGION      | out |    4|    m_axi   |      iic     |    pointer   |
|m_axi_iic_ARUSER        | out |    1|    m_axi   |      iic     |    pointer   |
|m_axi_iic_RVALID        |  in |    1|    m_axi   |      iic     |    pointer   |
|m_axi_iic_RREADY        | out |    1|    m_axi   |      iic     |    pointer   |
|m_axi_iic_RDATA         |  in |   32|    m_axi   |      iic     |    pointer   |
|m_axi_iic_RLAST         |  in |    1|    m_axi   |      iic     |    pointer   |
|m_axi_iic_RID           |  in |    1|    m_axi   |      iic     |    pointer   |
|m_axi_iic_RUSER         |  in |    1|    m_axi   |      iic     |    pointer   |
|m_axi_iic_RRESP         |  in |    2|    m_axi   |      iic     |    pointer   |
|m_axi_iic_BVALID        |  in |    1|    m_axi   |      iic     |    pointer   |
|m_axi_iic_BREADY        | out |    1|    m_axi   |      iic     |    pointer   |
|m_axi_iic_BRESP         |  in |    2|    m_axi   |      iic     |    pointer   |
|m_axi_iic_BID           |  in |    1|    m_axi   |      iic     |    pointer   |
|m_axi_iic_BUSER         |  in |    1|    m_axi   |      iic     |    pointer   |
+------------------------+-----+-----+------------+--------------+--------------+

