
*** Running vivado
    with args -log sensor_overlay_arduinoGpioBreakout_0.vds -m64 -product Vivado -mode batch -messageDb vivado.pb -notrace -source sensor_overlay_arduinoGpioBreakout_0.tcl


****** Vivado v2017.4 (64-bit)
  **** SW Build 2086221 on Fri Dec 15 20:54:30 MST 2017
  **** IP Build 2085800 on Fri Dec 15 22:25:07 MST 2017
    ** Copyright 1986-2017 Xilinx, Inc. All Rights Reserved.

source sensor_overlay_arduinoGpioBreakout_0.tcl -notrace
Command: synth_design -top sensor_overlay_arduinoGpioBreakout_0 -part xc7z020clg400-1 -mode out_of_context
Starting synth_design
Attempting to get a license for feature 'Synthesis' and/or device 'xc7z020'
INFO: [Common 17-349] Got license for feature 'Synthesis' and/or device 'xc7z020'
INFO: Launching helper process for spawning children vivado processes
INFO: Helper process launched with PID 5103 
---------------------------------------------------------------------------------
Starting RTL Elaboration : Time (s): cpu = 00:00:08 ; elapsed = 00:00:09 . Memory (MB): peak = 1254.324 ; gain = 79.992 ; free physical = 137343 ; free virtual = 506631
---------------------------------------------------------------------------------
INFO: [Synth 8-638] synthesizing module 'sensor_overlay_arduinoGpioBreakout_0' [/home/iavendano/pynq-copter/pynqcopter/sensor_overlay/sensor_overlay/sensor_overlay.srcs/sources_1/bd/sensor_overlay/ip/sensor_overlay_arduinoGpioBreakout_0/synth/sensor_overlay_arduinoGpioBreakout_0.v:57]
INFO: [Synth 8-638] synthesizing module 'wire_distributor' [/home/iavendano/pynq-copter/pynqcopter/sensor_overlay/sensor_overlay/sensor_overlay.srcs/sources_1/bd/sensor_overlay/ipshared/1a70/wire_distributor.v:3]
	Parameter TYPE bound to: 1 - type: integer 
	Parameter WIDTH bound to: 20 - type: integer 
INFO: [Synth 8-256] done synthesizing module 'wire_distributor' (1#1) [/home/iavendano/pynq-copter/pynqcopter/sensor_overlay/sensor_overlay/sensor_overlay.srcs/sources_1/bd/sensor_overlay/ipshared/1a70/wire_distributor.v:3]
INFO: [Synth 8-256] done synthesizing module 'sensor_overlay_arduinoGpioBreakout_0' (2#1) [/home/iavendano/pynq-copter/pynqcopter/sensor_overlay/sensor_overlay/sensor_overlay.srcs/sources_1/bd/sensor_overlay/ip/sensor_overlay_arduinoGpioBreakout_0/synth/sensor_overlay_arduinoGpioBreakout_0.v:57]
---------------------------------------------------------------------------------
Finished RTL Elaboration : Time (s): cpu = 00:00:09 ; elapsed = 00:00:10 . Memory (MB): peak = 1296.855 ; gain = 122.523 ; free physical = 137365 ; free virtual = 506658
---------------------------------------------------------------------------------

Report Check Netlist: 
+------+------------------+-------+---------+-------+------------------+
|      |Item              |Errors |Warnings |Status |Description       |
+------+------------------+-------+---------+-------+------------------+
|1     |multi_driven_nets |      0|        0|Passed |Multi driven nets |
+------+------------------+-------+---------+-------+------------------+
---------------------------------------------------------------------------------
Finished RTL Optimization Phase 1 : Time (s): cpu = 00:00:09 ; elapsed = 00:00:10 . Memory (MB): peak = 1296.855 ; gain = 122.523 ; free physical = 137354 ; free virtual = 506647
---------------------------------------------------------------------------------
INFO: [Device 21-403] Loading part xc7z020clg400-1
INFO: [Project 1-570] Preparing netlist for logic optimization

Processing XDC Constraints
Initializing timing engine
Completed Processing XDC Constraints

INFO: [Project 1-111] Unisim Transformation Summary:
No Unisim elements were transformed.

Constraint Validation Runtime : Time (s): cpu = 00:00:00.01 ; elapsed = 00:00:00 . Memory (MB): peak = 1586.016 ; gain = 0.000 ; free physical = 136424 ; free virtual = 505796
---------------------------------------------------------------------------------
Finished Constraint Validation : Time (s): cpu = 00:00:26 ; elapsed = 00:00:51 . Memory (MB): peak = 1586.016 ; gain = 411.684 ; free physical = 136646 ; free virtual = 505890
---------------------------------------------------------------------------------
---------------------------------------------------------------------------------
Start Loading Part and Timing Information
---------------------------------------------------------------------------------
Loading part: xc7z020clg400-1
---------------------------------------------------------------------------------
Finished Loading Part and Timing Information : Time (s): cpu = 00:00:26 ; elapsed = 00:00:51 . Memory (MB): peak = 1586.016 ; gain = 411.684 ; free physical = 136645 ; free virtual = 505890
---------------------------------------------------------------------------------
---------------------------------------------------------------------------------
Start Applying 'set_property' XDC Constraints
---------------------------------------------------------------------------------
---------------------------------------------------------------------------------
Finished applying 'set_property' XDC Constraints : Time (s): cpu = 00:00:26 ; elapsed = 00:00:51 . Memory (MB): peak = 1586.016 ; gain = 411.684 ; free physical = 136648 ; free virtual = 505892
---------------------------------------------------------------------------------
---------------------------------------------------------------------------------
Finished RTL Optimization Phase 2 : Time (s): cpu = 00:00:26 ; elapsed = 00:00:51 . Memory (MB): peak = 1586.016 ; gain = 411.684 ; free physical = 136647 ; free virtual = 505892
---------------------------------------------------------------------------------

Report RTL Partitions: 
+-+--------------+------------+----------+
| |RTL Partition |Replication |Instances |
+-+--------------+------------+----------+
+-+--------------+------------+----------+
---------------------------------------------------------------------------------
Start RTL Component Statistics 
---------------------------------------------------------------------------------
Detailed RTL Component Info : 
---------------------------------------------------------------------------------
Finished RTL Component Statistics 
---------------------------------------------------------------------------------
---------------------------------------------------------------------------------
Start RTL Hierarchical Component Statistics 
---------------------------------------------------------------------------------
Hierarchical RTL Component report 
---------------------------------------------------------------------------------
Finished RTL Hierarchical Component Statistics
---------------------------------------------------------------------------------
---------------------------------------------------------------------------------
Start Part Resource Summary
---------------------------------------------------------------------------------
Part Resources:
DSPs: 220 (col length:60)
BRAMs: 280 (col length: RAMB18 60 RAMB36 30)
---------------------------------------------------------------------------------
Finished Part Resource Summary
---------------------------------------------------------------------------------
---------------------------------------------------------------------------------
Start Cross Boundary and Area Optimization
---------------------------------------------------------------------------------
WARNING: [Synth 8-3330] design sensor_overlay_arduinoGpioBreakout_0 has an empty top module
---------------------------------------------------------------------------------
Finished Cross Boundary and Area Optimization : Time (s): cpu = 00:00:26 ; elapsed = 00:00:51 . Memory (MB): peak = 1586.016 ; gain = 411.684 ; free physical = 136636 ; free virtual = 505881
---------------------------------------------------------------------------------

Report RTL Partitions: 
+-+--------------+------------+----------+
| |RTL Partition |Replication |Instances |
+-+--------------+------------+----------+
+-+--------------+------------+----------+
---------------------------------------------------------------------------------
Start Applying XDC Timing Constraints
---------------------------------------------------------------------------------
---------------------------------------------------------------------------------
Finished Applying XDC Timing Constraints : Time (s): cpu = 00:00:33 ; elapsed = 00:01:02 . Memory (MB): peak = 1599.000 ; gain = 424.668 ; free physical = 136287 ; free virtual = 505559
---------------------------------------------------------------------------------
---------------------------------------------------------------------------------
Start Timing Optimization
---------------------------------------------------------------------------------
---------------------------------------------------------------------------------
Finished Timing Optimization : Time (s): cpu = 00:00:33 ; elapsed = 00:01:02 . Memory (MB): peak = 1599.000 ; gain = 424.668 ; free physical = 136287 ; free virtual = 505559
---------------------------------------------------------------------------------

Report RTL Partitions: 
+-+--------------+------------+----------+
| |RTL Partition |Replication |Instances |
+-+--------------+------------+----------+
+-+--------------+------------+----------+
---------------------------------------------------------------------------------
Start Technology Mapping
---------------------------------------------------------------------------------
---------------------------------------------------------------------------------
Finished Technology Mapping : Time (s): cpu = 00:00:33 ; elapsed = 00:01:02 . Memory (MB): peak = 1609.016 ; gain = 434.684 ; free physical = 136285 ; free virtual = 505558
---------------------------------------------------------------------------------

Report RTL Partitions: 
+-+--------------+------------+----------+
| |RTL Partition |Replication |Instances |
+-+--------------+------------+----------+
+-+--------------+------------+----------+
---------------------------------------------------------------------------------
Start IO Insertion
---------------------------------------------------------------------------------
---------------------------------------------------------------------------------
Start Flattening Before IO Insertion
---------------------------------------------------------------------------------
---------------------------------------------------------------------------------
Finished Flattening Before IO Insertion
---------------------------------------------------------------------------------
---------------------------------------------------------------------------------
Start Final Netlist Cleanup
---------------------------------------------------------------------------------
---------------------------------------------------------------------------------
Finished Final Netlist Cleanup
---------------------------------------------------------------------------------
---------------------------------------------------------------------------------
Finished IO Insertion : Time (s): cpu = 00:00:34 ; elapsed = 00:01:03 . Memory (MB): peak = 1609.016 ; gain = 434.684 ; free physical = 136266 ; free virtual = 505540
---------------------------------------------------------------------------------

Report Check Netlist: 
+------+------------------+-------+---------+-------+------------------+
|      |Item              |Errors |Warnings |Status |Description       |
+------+------------------+-------+---------+-------+------------------+
|1     |multi_driven_nets |      0|        0|Passed |Multi driven nets |
+------+------------------+-------+---------+-------+------------------+
---------------------------------------------------------------------------------
Start Renaming Generated Instances
---------------------------------------------------------------------------------
---------------------------------------------------------------------------------
Finished Renaming Generated Instances : Time (s): cpu = 00:00:34 ; elapsed = 00:01:03 . Memory (MB): peak = 1609.016 ; gain = 434.684 ; free physical = 136266 ; free virtual = 505540
---------------------------------------------------------------------------------

Report RTL Partitions: 
+-+--------------+------------+----------+
| |RTL Partition |Replication |Instances |
+-+--------------+------------+----------+
+-+--------------+------------+----------+
---------------------------------------------------------------------------------
Start Rebuilding User Hierarchy
---------------------------------------------------------------------------------
---------------------------------------------------------------------------------
Finished Rebuilding User Hierarchy : Time (s): cpu = 00:00:34 ; elapsed = 00:01:03 . Memory (MB): peak = 1609.016 ; gain = 434.684 ; free physical = 136266 ; free virtual = 505540
---------------------------------------------------------------------------------
---------------------------------------------------------------------------------
Start Renaming Generated Ports
---------------------------------------------------------------------------------
---------------------------------------------------------------------------------
Finished Renaming Generated Ports : Time (s): cpu = 00:00:34 ; elapsed = 00:01:03 . Memory (MB): peak = 1609.016 ; gain = 434.684 ; free physical = 136266 ; free virtual = 505540
---------------------------------------------------------------------------------
---------------------------------------------------------------------------------
Start Handling Custom Attributes
---------------------------------------------------------------------------------
---------------------------------------------------------------------------------
Finished Handling Custom Attributes : Time (s): cpu = 00:00:34 ; elapsed = 00:01:03 . Memory (MB): peak = 1609.016 ; gain = 434.684 ; free physical = 136266 ; free virtual = 505540
---------------------------------------------------------------------------------
---------------------------------------------------------------------------------
Start Renaming Generated Nets
---------------------------------------------------------------------------------
---------------------------------------------------------------------------------
Finished Renaming Generated Nets : Time (s): cpu = 00:00:34 ; elapsed = 00:01:03 . Memory (MB): peak = 1609.016 ; gain = 434.684 ; free physical = 136266 ; free virtual = 505540
---------------------------------------------------------------------------------
---------------------------------------------------------------------------------
Start Writing Synthesis Report
---------------------------------------------------------------------------------

Report BlackBoxes: 
+-+--------------+----------+
| |BlackBox name |Instances |
+-+--------------+----------+
+-+--------------+----------+

Report Cell Usage: 
+-+-----+------+
| |Cell |Count |
+-+-----+------+
+-+-----+------+

Report Instance Areas: 
+------+---------+-------+------+
|      |Instance |Module |Cells |
+------+---------+-------+------+
|1     |top      |       |     0|
+------+---------+-------+------+
---------------------------------------------------------------------------------
Finished Writing Synthesis Report : Time (s): cpu = 00:00:34 ; elapsed = 00:01:03 . Memory (MB): peak = 1609.016 ; gain = 434.684 ; free physical = 136266 ; free virtual = 505540
---------------------------------------------------------------------------------
Synthesis finished with 0 errors, 0 critical warnings and 1 warnings.
Synthesis Optimization Runtime : Time (s): cpu = 00:00:25 ; elapsed = 00:00:31 . Memory (MB): peak = 1609.016 ; gain = 145.523 ; free physical = 136319 ; free virtual = 505593
Synthesis Optimization Complete : Time (s): cpu = 00:00:34 ; elapsed = 00:01:03 . Memory (MB): peak = 1609.023 ; gain = 434.684 ; free physical = 136319 ; free virtual = 505593
INFO: [Project 1-571] Translating synthesized netlist
INFO: [Project 1-570] Preparing netlist for logic optimization
INFO: [Opt 31-138] Pushed 0 inverter(s) to 0 load pin(s).
INFO: [Project 1-111] Unisim Transformation Summary:
No Unisim elements were transformed.

INFO: [Common 17-83] Releasing license: Synthesis
13 Infos, 1 Warnings, 0 Critical Warnings and 0 Errors encountered.
synth_design completed successfully
synth_design: Time (s): cpu = 00:00:35 ; elapsed = 00:01:04 . Memory (MB): peak = 1615.016 ; gain = 454.062 ; free physical = 136243 ; free virtual = 505520
INFO: [Common 17-1381] The checkpoint '/home/iavendano/pynq-copter/pynqcopter/sensor_overlay/sensor_overlay/sensor_overlay.runs/sensor_overlay_arduinoGpioBreakout_0_synth_1/sensor_overlay_arduinoGpioBreakout_0.dcp' has been generated.
