
*** Running vivado
    with args -log sensor_overlay_xlslice_0_0.vds -m64 -product Vivado -mode batch -messageDb vivado.pb -notrace -source sensor_overlay_xlslice_0_0.tcl


****** Vivado v2017.4 (64-bit)
  **** SW Build 2086221 on Fri Dec 15 20:54:30 MST 2017
  **** IP Build 2085800 on Fri Dec 15 22:25:07 MST 2017
    ** Copyright 1986-2017 Xilinx, Inc. All Rights Reserved.

source sensor_overlay_xlslice_0_0.tcl -notrace
Command: synth_design -top sensor_overlay_xlslice_0_0 -part xc7z020clg400-1 -mode out_of_context
Starting synth_design
Attempting to get a license for feature 'Synthesis' and/or device 'xc7z020'
INFO: [Common 17-349] Got license for feature 'Synthesis' and/or device 'xc7z020'
INFO: Launching helper process for spawning children vivado processes
INFO: Helper process launched with PID 32580 
---------------------------------------------------------------------------------
Starting RTL Elaboration : Time (s): cpu = 00:00:08 ; elapsed = 00:00:09 . Memory (MB): peak = 1254.332 ; gain = 79.992 ; free physical = 133989 ; free virtual = 504257
---------------------------------------------------------------------------------
INFO: [Synth 8-638] synthesizing module 'sensor_overlay_xlslice_0_0' [/home/iavendano/pynq-copter/pynqcopter/sensor_overlay/sensor_overlay/sensor_overlay.srcs/sources_1/bd/sensor_overlay/ip/sensor_overlay_xlslice_0_0/synth/sensor_overlay_xlslice_0_0.v:57]
INFO: [Synth 8-638] synthesizing module 'xlslice_v1_0_1_xlslice' [/home/iavendano/pynq-copter/pynqcopter/sensor_overlay/sensor_overlay/sensor_overlay.srcs/sources_1/bd/sensor_overlay/ipshared/f3db/hdl/xlslice_v1_0_vl_rfs.v:13]
	Parameter DIN_WIDTH bound to: 20 - type: integer 
	Parameter DIN_FROM bound to: 1 - type: integer 
	Parameter DIN_TO bound to: 1 - type: integer 
INFO: [Synth 8-256] done synthesizing module 'xlslice_v1_0_1_xlslice' (1#1) [/home/iavendano/pynq-copter/pynqcopter/sensor_overlay/sensor_overlay/sensor_overlay.srcs/sources_1/bd/sensor_overlay/ipshared/f3db/hdl/xlslice_v1_0_vl_rfs.v:13]
INFO: [Synth 8-256] done synthesizing module 'sensor_overlay_xlslice_0_0' (2#1) [/home/iavendano/pynq-copter/pynqcopter/sensor_overlay/sensor_overlay/sensor_overlay.srcs/sources_1/bd/sensor_overlay/ip/sensor_overlay_xlslice_0_0/synth/sensor_overlay_xlslice_0_0.v:57]
WARNING: [Synth 8-3331] design xlslice_v1_0_1_xlslice has unconnected port Din[19]
WARNING: [Synth 8-3331] design xlslice_v1_0_1_xlslice has unconnected port Din[18]
WARNING: [Synth 8-3331] design xlslice_v1_0_1_xlslice has unconnected port Din[17]
WARNING: [Synth 8-3331] design xlslice_v1_0_1_xlslice has unconnected port Din[16]
WARNING: [Synth 8-3331] design xlslice_v1_0_1_xlslice has unconnected port Din[15]
WARNING: [Synth 8-3331] design xlslice_v1_0_1_xlslice has unconnected port Din[14]
WARNING: [Synth 8-3331] design xlslice_v1_0_1_xlslice has unconnected port Din[13]
WARNING: [Synth 8-3331] design xlslice_v1_0_1_xlslice has unconnected port Din[12]
WARNING: [Synth 8-3331] design xlslice_v1_0_1_xlslice has unconnected port Din[11]
WARNING: [Synth 8-3331] design xlslice_v1_0_1_xlslice has unconnected port Din[10]
WARNING: [Synth 8-3331] design xlslice_v1_0_1_xlslice has unconnected port Din[9]
WARNING: [Synth 8-3331] design xlslice_v1_0_1_xlslice has unconnected port Din[8]
WARNING: [Synth 8-3331] design xlslice_v1_0_1_xlslice has unconnected port Din[7]
WARNING: [Synth 8-3331] design xlslice_v1_0_1_xlslice has unconnected port Din[6]
WARNING: [Synth 8-3331] design xlslice_v1_0_1_xlslice has unconnected port Din[5]
WARNING: [Synth 8-3331] design xlslice_v1_0_1_xlslice has unconnected port Din[4]
WARNING: [Synth 8-3331] design xlslice_v1_0_1_xlslice has unconnected port Din[3]
WARNING: [Synth 8-3331] design xlslice_v1_0_1_xlslice has unconnected port Din[2]
WARNING: [Synth 8-3331] design xlslice_v1_0_1_xlslice has unconnected port Din[0]
---------------------------------------------------------------------------------
Finished RTL Elaboration : Time (s): cpu = 00:00:09 ; elapsed = 00:00:10 . Memory (MB): peak = 1296.863 ; gain = 122.523 ; free physical = 133969 ; free virtual = 504237
---------------------------------------------------------------------------------

Report Check Netlist: 
+------+------------------+-------+---------+-------+------------------+
|      |Item              |Errors |Warnings |Status |Description       |
+------+------------------+-------+---------+-------+------------------+
|1     |multi_driven_nets |      0|        0|Passed |Multi driven nets |
+------+------------------+-------+---------+-------+------------------+
---------------------------------------------------------------------------------
Finished RTL Optimization Phase 1 : Time (s): cpu = 00:00:09 ; elapsed = 00:00:11 . Memory (MB): peak = 1296.863 ; gain = 122.523 ; free physical = 133957 ; free virtual = 504225
---------------------------------------------------------------------------------
INFO: [Device 21-403] Loading part xc7z020clg400-1
INFO: [Project 1-570] Preparing netlist for logic optimization

Processing XDC Constraints
Initializing timing engine
Completed Processing XDC Constraints

INFO: [Project 1-111] Unisim Transformation Summary:
No Unisim elements were transformed.

Constraint Validation Runtime : Time (s): cpu = 00:00:00 ; elapsed = 00:00:00 . Memory (MB): peak = 1586.031 ; gain = 0.000 ; free physical = 133821 ; free virtual = 504092
---------------------------------------------------------------------------------
Finished Constraint Validation : Time (s): cpu = 00:00:28 ; elapsed = 00:00:54 . Memory (MB): peak = 1586.031 ; gain = 411.691 ; free physical = 133739 ; free virtual = 504010
---------------------------------------------------------------------------------
---------------------------------------------------------------------------------
Start Loading Part and Timing Information
---------------------------------------------------------------------------------
Loading part: xc7z020clg400-1
---------------------------------------------------------------------------------
Finished Loading Part and Timing Information : Time (s): cpu = 00:00:28 ; elapsed = 00:00:54 . Memory (MB): peak = 1586.031 ; gain = 411.691 ; free physical = 133739 ; free virtual = 504010
---------------------------------------------------------------------------------
---------------------------------------------------------------------------------
Start Applying 'set_property' XDC Constraints
---------------------------------------------------------------------------------
---------------------------------------------------------------------------------
Finished applying 'set_property' XDC Constraints : Time (s): cpu = 00:00:28 ; elapsed = 00:00:54 . Memory (MB): peak = 1586.031 ; gain = 411.691 ; free physical = 133740 ; free virtual = 504011
---------------------------------------------------------------------------------
---------------------------------------------------------------------------------
Finished RTL Optimization Phase 2 : Time (s): cpu = 00:00:28 ; elapsed = 00:00:54 . Memory (MB): peak = 1586.031 ; gain = 411.691 ; free physical = 133740 ; free virtual = 504011
---------------------------------------------------------------------------------

Report RTL Partitions: 
+-+--------------+------------+----------+
| |RTL Partition |Replication |Instances |
+-+--------------+------------+----------+
+-+--------------+------------+----------+
---------------------------------------------------------------------------------
Start RTL Component Statistics 
---------------------------------------------------------------------------------
Detailed RTL Component Info : 
---------------------------------------------------------------------------------
Finished RTL Component Statistics 
---------------------------------------------------------------------------------
---------------------------------------------------------------------------------
Start RTL Hierarchical Component Statistics 
---------------------------------------------------------------------------------
Hierarchical RTL Component report 
---------------------------------------------------------------------------------
Finished RTL Hierarchical Component Statistics
---------------------------------------------------------------------------------
---------------------------------------------------------------------------------
Start Part Resource Summary
---------------------------------------------------------------------------------
Part Resources:
DSPs: 220 (col length:60)
BRAMs: 280 (col length: RAMB18 60 RAMB36 30)
---------------------------------------------------------------------------------
Finished Part Resource Summary
---------------------------------------------------------------------------------
---------------------------------------------------------------------------------
Start Cross Boundary and Area Optimization
---------------------------------------------------------------------------------
WARNING: [Synth 8-3330] design sensor_overlay_xlslice_0_0 has an empty top module
WARNING: [Synth 8-3331] design sensor_overlay_xlslice_0_0 has unconnected port Din[19]
WARNING: [Synth 8-3331] design sensor_overlay_xlslice_0_0 has unconnected port Din[18]
WARNING: [Synth 8-3331] design sensor_overlay_xlslice_0_0 has unconnected port Din[17]
WARNING: [Synth 8-3331] design sensor_overlay_xlslice_0_0 has unconnected port Din[16]
WARNING: [Synth 8-3331] design sensor_overlay_xlslice_0_0 has unconnected port Din[15]
WARNING: [Synth 8-3331] design sensor_overlay_xlslice_0_0 has unconnected port Din[14]
WARNING: [Synth 8-3331] design sensor_overlay_xlslice_0_0 has unconnected port Din[13]
WARNING: [Synth 8-3331] design sensor_overlay_xlslice_0_0 has unconnected port Din[12]
WARNING: [Synth 8-3331] design sensor_overlay_xlslice_0_0 has unconnected port Din[11]
WARNING: [Synth 8-3331] design sensor_overlay_xlslice_0_0 has unconnected port Din[10]
WARNING: [Synth 8-3331] design sensor_overlay_xlslice_0_0 has unconnected port Din[9]
WARNING: [Synth 8-3331] design sensor_overlay_xlslice_0_0 has unconnected port Din[8]
WARNING: [Synth 8-3331] design sensor_overlay_xlslice_0_0 has unconnected port Din[7]
WARNING: [Synth 8-3331] design sensor_overlay_xlslice_0_0 has unconnected port Din[6]
WARNING: [Synth 8-3331] design sensor_overlay_xlslice_0_0 has unconnected port Din[5]
WARNING: [Synth 8-3331] design sensor_overlay_xlslice_0_0 has unconnected port Din[4]
WARNING: [Synth 8-3331] design sensor_overlay_xlslice_0_0 has unconnected port Din[3]
WARNING: [Synth 8-3331] design sensor_overlay_xlslice_0_0 has unconnected port Din[2]
WARNING: [Synth 8-3331] design sensor_overlay_xlslice_0_0 has unconnected port Din[0]
---------------------------------------------------------------------------------
Finished Cross Boundary and Area Optimization : Time (s): cpu = 00:00:28 ; elapsed = 00:00:54 . Memory (MB): peak = 1586.031 ; gain = 411.691 ; free physical = 133734 ; free virtual = 504005
---------------------------------------------------------------------------------

Report RTL Partitions: 
+-+--------------+------------+----------+
| |RTL Partition |Replication |Instances |
+-+--------------+------------+----------+
+-+--------------+------------+----------+
---------------------------------------------------------------------------------
Start Applying XDC Timing Constraints
---------------------------------------------------------------------------------
---------------------------------------------------------------------------------
Finished Applying XDC Timing Constraints : Time (s): cpu = 00:00:35 ; elapsed = 00:01:05 . Memory (MB): peak = 1599.016 ; gain = 424.676 ; free physical = 133825 ; free virtual = 504097
---------------------------------------------------------------------------------
---------------------------------------------------------------------------------
Start Timing Optimization
---------------------------------------------------------------------------------
---------------------------------------------------------------------------------
Finished Timing Optimization : Time (s): cpu = 00:00:35 ; elapsed = 00:01:05 . Memory (MB): peak = 1599.016 ; gain = 424.676 ; free physical = 133825 ; free virtual = 504097
---------------------------------------------------------------------------------

Report RTL Partitions: 
+-+--------------+------------+----------+
| |RTL Partition |Replication |Instances |
+-+--------------+------------+----------+
+-+--------------+------------+----------+
---------------------------------------------------------------------------------
Start Technology Mapping
---------------------------------------------------------------------------------
---------------------------------------------------------------------------------
Finished Technology Mapping : Time (s): cpu = 00:00:35 ; elapsed = 00:01:05 . Memory (MB): peak = 1609.031 ; gain = 434.691 ; free physical = 133825 ; free virtual = 504096
---------------------------------------------------------------------------------

Report RTL Partitions: 
+-+--------------+------------+----------+
| |RTL Partition |Replication |Instances |
+-+--------------+------------+----------+
+-+--------------+------------+----------+
---------------------------------------------------------------------------------
Start IO Insertion
---------------------------------------------------------------------------------
---------------------------------------------------------------------------------
Start Flattening Before IO Insertion
---------------------------------------------------------------------------------
---------------------------------------------------------------------------------
Finished Flattening Before IO Insertion
---------------------------------------------------------------------------------
---------------------------------------------------------------------------------
Start Final Netlist Cleanup
---------------------------------------------------------------------------------
---------------------------------------------------------------------------------
Finished Final Netlist Cleanup
---------------------------------------------------------------------------------
---------------------------------------------------------------------------------
Finished IO Insertion : Time (s): cpu = 00:00:35 ; elapsed = 00:01:05 . Memory (MB): peak = 1609.031 ; gain = 434.691 ; free physical = 133792 ; free virtual = 504063
---------------------------------------------------------------------------------

Report Check Netlist: 
+------+------------------+-------+---------+-------+------------------+
|      |Item              |Errors |Warnings |Status |Description       |
+------+------------------+-------+---------+-------+------------------+
|1     |multi_driven_nets |      0|        0|Passed |Multi driven nets |
+------+------------------+-------+---------+-------+------------------+
---------------------------------------------------------------------------------
Start Renaming Generated Instances
---------------------------------------------------------------------------------
---------------------------------------------------------------------------------
Finished Renaming Generated Instances : Time (s): cpu = 00:00:35 ; elapsed = 00:01:05 . Memory (MB): peak = 1609.031 ; gain = 434.691 ; free physical = 133788 ; free virtual = 504059
---------------------------------------------------------------------------------

Report RTL Partitions: 
+-+--------------+------------+----------+
| |RTL Partition |Replication |Instances |
+-+--------------+------------+----------+
+-+--------------+------------+----------+
---------------------------------------------------------------------------------
Start Rebuilding User Hierarchy
---------------------------------------------------------------------------------
---------------------------------------------------------------------------------
Finished Rebuilding User Hierarchy : Time (s): cpu = 00:00:35 ; elapsed = 00:01:05 . Memory (MB): peak = 1609.031 ; gain = 434.691 ; free physical = 133781 ; free virtual = 504052
---------------------------------------------------------------------------------
---------------------------------------------------------------------------------
Start Renaming Generated Ports
---------------------------------------------------------------------------------
---------------------------------------------------------------------------------
Finished Renaming Generated Ports : Time (s): cpu = 00:00:35 ; elapsed = 00:01:05 . Memory (MB): peak = 1609.031 ; gain = 434.691 ; free physical = 133777 ; free virtual = 504049
---------------------------------------------------------------------------------
---------------------------------------------------------------------------------
Start Handling Custom Attributes
---------------------------------------------------------------------------------
---------------------------------------------------------------------------------
Finished Handling Custom Attributes : Time (s): cpu = 00:00:35 ; elapsed = 00:01:05 . Memory (MB): peak = 1609.031 ; gain = 434.691 ; free physical = 133777 ; free virtual = 504049
---------------------------------------------------------------------------------
---------------------------------------------------------------------------------
Start Renaming Generated Nets
---------------------------------------------------------------------------------
---------------------------------------------------------------------------------
Finished Renaming Generated Nets : Time (s): cpu = 00:00:35 ; elapsed = 00:01:05 . Memory (MB): peak = 1609.031 ; gain = 434.691 ; free physical = 133777 ; free virtual = 504049
---------------------------------------------------------------------------------
---------------------------------------------------------------------------------
Start Writing Synthesis Report
---------------------------------------------------------------------------------

Report BlackBoxes: 
+-+--------------+----------+
| |BlackBox name |Instances |
+-+--------------+----------+
+-+--------------+----------+

Report Cell Usage: 
+-+-----+------+
| |Cell |Count |
+-+-----+------+
+-+-----+------+

Report Instance Areas: 
+------+---------+-------+------+
|      |Instance |Module |Cells |
+------+---------+-------+------+
|1     |top      |       |     0|
+------+---------+-------+------+
---------------------------------------------------------------------------------
Finished Writing Synthesis Report : Time (s): cpu = 00:00:35 ; elapsed = 00:01:05 . Memory (MB): peak = 1609.031 ; gain = 434.691 ; free physical = 133777 ; free virtual = 504049
---------------------------------------------------------------------------------
Synthesis finished with 0 errors, 0 critical warnings and 20 warnings.
Synthesis Optimization Runtime : Time (s): cpu = 00:00:26 ; elapsed = 00:00:32 . Memory (MB): peak = 1609.031 ; gain = 145.523 ; free physical = 133873 ; free virtual = 504144
Synthesis Optimization Complete : Time (s): cpu = 00:00:36 ; elapsed = 00:01:06 . Memory (MB): peak = 1609.039 ; gain = 434.691 ; free physical = 133870 ; free virtual = 504141
INFO: [Project 1-571] Translating synthesized netlist
INFO: [Project 1-570] Preparing netlist for logic optimization
INFO: [Opt 31-138] Pushed 0 inverter(s) to 0 load pin(s).
INFO: [Project 1-111] Unisim Transformation Summary:
No Unisim elements were transformed.

INFO: [Common 17-83] Releasing license: Synthesis
13 Infos, 39 Warnings, 0 Critical Warnings and 0 Errors encountered.
synth_design completed successfully
synth_design: Time (s): cpu = 00:00:37 ; elapsed = 00:01:07 . Memory (MB): peak = 1615.031 ; gain = 454.070 ; free physical = 133768 ; free virtual = 504039
INFO: [Common 17-1381] The checkpoint '/home/iavendano/pynq-copter/pynqcopter/sensor_overlay/sensor_overlay/sensor_overlay.runs/sensor_overlay_xlslice_0_0_synth_1/sensor_overlay_xlslice_0_0.dcp' has been generated.
