#-----------------------------------------------------------
# Vivado v2017.4 (64-bit)
# SW Build 2086221 on Fri Dec 15 20:54:30 MST 2017
# IP Build 2085800 on Fri Dec 15 22:25:07 MST 2017
# Start of session at: Fri Jul 27 14:56:28 2018
# Process ID: 26130
# Current directory: /home/iavendano/pynq-copter/pynqcopter/hex2
# Command line: vivado hex2/hex2.xpr
# Log file: /home/iavendano/pynq-copter/pynqcopter/hex2/vivado.log
# Journal file: /home/iavendano/pynq-copter/pynqcopter/hex2/vivado.jou
#-----------------------------------------------------------
start_gui
open_project hex2/hex2.xpr
Scanning sources...
Finished scanning sources
INFO: [IP_Flow 19-234] Refreshing IP repositories
INFO: [IP_Flow 19-1700] Loaded user IP repository '/home/iavendano/pynq-copter/pynqcopter/ip'.
INFO: [IP_Flow 19-2313] Loaded Vivado IP repository '/data/opt/Xilinx/Vivado/2017.4/data/ip'.
CRITICAL WARNING: [IP_Flow 19-1663] Duplicate IP found for 'UCSD:hlsip:ctrlloop:1.0'. The one found in IP location '/home/iavendano/pynq-copter/pynqcopter/ip/ctrlloop/ctrlloop/ctrlloop/impl/ip' will take precedence over the same IP in location /home/iavendano/pynq-copter/pynqcopter/ip/pid/ctrlloop/ctrlloop/impl/ip
open_project: Time (s): cpu = 00:00:25 ; elapsed = 00:00:07 . Memory (MB): peak = 6217.277 ; gain = 67.461 ; free physical = 134625 ; free virtual = 505055
update_compile_order -fileset sources_1
open_bd_design {/home/iavendano/pynq-copter/pynqcopter/hex2/hex2/hex2.srcs/sources_1/bd/hex2/hex2.bd}
Adding cell -- xilinx.com:ip:axi_iic:2.0 - axi_iic_0
Adding cell -- xilinx.com:ip:processing_system7:5.5 - processing_system7_0
Adding cell -- xilinx.com:ip:proc_sys_reset:5.0 - rst_ps7_0_100M
Adding cell -- xilinx.com:ip:axi_protocol_converter:2.1 - auto_pc
Successfully read diagram <hex2> from BD file </home/iavendano/pynq-copter/pynqcopter/hex2/hex2/hex2.srcs/sources_1/bd/hex2/hex2.bd>
open_bd_design: Time (s): cpu = 00:00:10 ; elapsed = 00:00:06 . Memory (MB): peak = 6342.504 ; gain = 83.027 ; free physical = 134500 ; free virtual = 504930
exit
INFO: [Common 17-206] Exiting Vivado at Fri Jul 27 14:58:13 2018...
