
****** Vivado(TM) HLS - High-Level Synthesis from C, C++ and SystemC v2017.4 (64-bit)
  **** SW Build 2086221 on Fri Dec 15 20:54:30 MST 2017
  **** IP Build 2085800 on Fri Dec 15 22:25:07 MST 2017
    ** Copyright 1986-2017 Xilinx, Inc. All Rights Reserved.

source /home/brennan/Vivado/Vivado/2017.4/scripts/vivado_hls/hls.tcl -notrace
INFO: [HLS 200-10] Running '/home/brennan/Vivado/Vivado/2017.4/bin/unwrapped/lnx64.o/vivado_hls'
INFO: [HLS 200-10] For user 'brennan' on host 'apple' (Linux_x86_64 version 4.13.0-45-generic) on Mon Jul 23 19:28:15 EDT 2018
INFO: [HLS 200-10] On os Ubuntu 16.04.4 LTS
INFO: [HLS 200-10] In directory '/home/brennan/Documents/pynq-copter/pynqcopter/ip/pwm'
INFO: [HLS 200-10] Creating and opening project '/home/brennan/Documents/pynq-copter/pynqcopter/ip/pwm/pwm'.
INFO: [HLS 200-10] Adding test bench file 'main.cpp' to the project
INFO: [HLS 200-10] Adding test bench file 'pwm.cpp' to the project
INFO: [HLS 200-10] Adding design file 'main.cpp' to the project
INFO: [HLS 200-10] Adding design file 'pwm.cpp' to the project
INFO: [HLS 200-10] Creating and opening solution '/home/brennan/Documents/pynq-copter/pynqcopter/ip/pwm/pwm/pwm'.
INFO: [HLS 200-10] Setting target device to 'xc7z020clg400-1'
INFO: [SYN 201-201] Setting up clock 'default' with a period of 4ns.
INFO: [SIM 211-2] *************** CSIM start ***************
INFO: [SIM 211-4] CSIM will launch CLANG as the compiler.
make[2]: Entering directory '/home/brennan/Documents/pynq-copter/pynqcopter/ip/pwm/pwm/pwm/csim/build'
   Compiling ../../../../pwm.cpp in debug mode
   Compiling ../../../../main.cpp in debug mode
   Generating csim.exe
make[2]: Leaving directory '/home/brennan/Documents/pynq-copter/pynqcopter/ip/pwm/pwm/pwm/csim/build'
INFO: [SIM 211-1] CSim done with 0 errors.
INFO: [SIM 211-3] *************** CSIM finish ***************
INFO: [HLS 200-10] Analyzing design file 'pwm.cpp' ...
INFO: [HLS 200-10] Analyzing design file 'main.cpp' ...
INFO: [HLS 200-10] Validating synthesis directives ...
INFO: [HLS 200-111] Finished Checking Pragmas Time (s): cpu = 00:00:54 ; elapsed = 00:00:32 . Memory (MB): peak = 359.938 ; gain = 13.375 ; free physical = 1910 ; free virtual = 11806
INFO: [HLS 200-111] Finished Linking Time (s): cpu = 00:00:56 ; elapsed = 00:00:34 . Memory (MB): peak = 359.938 ; gain = 13.375 ; free physical = 1907 ; free virtual = 11806
INFO: [HLS 200-10] Starting code transformations ...
INFO: [HLS 200-111] Finished Standard Transforms Time (s): cpu = 00:00:57 ; elapsed = 00:00:35 . Memory (MB): peak = 360.355 ; gain = 13.793 ; free physical = 1891 ; free virtual = 11794
INFO: [HLS 200-10] Checking synthesizability ...
INFO: [HLS 200-111] Finished Checking Synthesizability Time (s): cpu = 00:00:57 ; elapsed = 00:00:35 . Memory (MB): peak = 487.934 ; gain = 141.371 ; free physical = 1885 ; free virtual = 11789
INFO: [XFORM 203-502] Unrolling small iteration loop 'Loop-3' (pwm.cpp:70) in function 'pwm' automatically.
INFO: [XFORM 203-501] Unrolling loop 'Loop-1' (pwm.cpp:52) in function 'pwm' completely.
INFO: [XFORM 203-501] Unrolling loop 'Loop-2' (pwm.cpp:58) in function 'pwm' completely.
INFO: [XFORM 203-501] Unrolling loop 'Loop-3' (pwm.cpp:70) in function 'pwm' completely.
INFO: [XFORM 203-11] Balancing expressions in function 'pwm' (pwm.cpp:42)...6 expression(s) balanced.
INFO: [HLS 200-111] Finished Pre-synthesis Time (s): cpu = 00:00:57 ; elapsed = 00:00:36 . Memory (MB): peak = 488.328 ; gain = 141.766 ; free physical = 1855 ; free virtual = 11764
INFO: [HLS 200-111] Finished Architecture Synthesis Time (s): cpu = 00:00:58 ; elapsed = 00:00:36 . Memory (MB): peak = 488.328 ; gain = 141.766 ; free physical = 1853 ; free virtual = 11762
INFO: [HLS 200-10] Starting hardware synthesis ...
INFO: [HLS 200-10] Synthesizing 'pwm' ...
INFO: [HLS 200-10] ----------------------------------------------------------------
INFO: [HLS 200-42] -- Implementing module 'pwm'
INFO: [HLS 200-10] ----------------------------------------------------------------
INFO: [SCHED 204-11] Starting scheduling ...
INFO: [SCHED 204-11] Finished scheduling.
INFO: [HLS 200-111]  Elapsed time: 36.09 seconds; current allocated memory: 83.610 MB.
INFO: [BIND 205-100] Starting micro-architecture generation ...
INFO: [BIND 205-101] Performing variable lifetime analysis.
INFO: [BIND 205-101] Exploring resource sharing.
INFO: [BIND 205-101] Binding ...
INFO: [BIND 205-100] Finished micro-architecture generation.
INFO: [HLS 200-111]  Elapsed time: 0.03 seconds; current allocated memory: 83.845 MB.
INFO: [HLS 200-10] ----------------------------------------------------------------
INFO: [HLS 200-10] -- Generating RTL for module 'pwm'
INFO: [HLS 200-10] ----------------------------------------------------------------
INFO: [RTGEN 206-500] Setting interface mode on port 'pwm/m_V' to 's_axilite & ap_memory'.
INFO: [RTGEN 206-500] Setting interface mode on port 'pwm/out_V' to 'ap_none'.
WARNING: [RTGEN 206-101] Port 'out_V' with mode 'ap_none' may require an associated data valid signal to correctly communicate with other blocks or a test bench; automatic C/RTL co-simulation may not be able to verify such a port.
INFO: [RTGEN 206-500] Setting interface mode on function 'pwm' to 's_axilite & ap_ctrl_hs'.
WARNING: [RTGEN 206-101] Register 'accumulator_V' is power-on initialization.
WARNING: [RTGEN 206-101] Register 'out_p_V' is power-on initialization.
INFO: [RTGEN 206-100] Bundling port 'return' to AXI-Lite port AXILiteS.
INFO: [RTGEN 206-100] Finished creating RTL model for 'pwm'.
INFO: [HLS 200-111]  Elapsed time: 0.04 seconds; current allocated memory: 84.264 MB.
INFO: [HLS 200-111] Finished generating all RTL models Time (s): cpu = 00:00:58 ; elapsed = 00:00:37 . Memory (MB): peak = 488.328 ; gain = 141.766 ; free physical = 1852 ; free virtual = 11761
INFO: [SYSC 207-301] Generating SystemC RTL for pwm.
INFO: [VHDL 208-304] Generating VHDL RTL for pwm.
INFO: [VLOG 209-307] Generating Verilog RTL for pwm.
INFO: [IMPL 213-8] Exporting RTL as a Vivado IP.

****** Vivado v2017.4 (64-bit)
  **** SW Build 2086221 on Fri Dec 15 20:54:30 MST 2017
  **** IP Build 2085800 on Fri Dec 15 22:25:07 MST 2017
    ** Copyright 1986-2017 Xilinx, Inc. All Rights Reserved.

source run_ippack.tcl -notrace
INFO: [IP_Flow 19-234] Refreshing IP repositories
INFO: [IP_Flow 19-1704] No user IP repositories specified
INFO: [IP_Flow 19-2313] Loaded Vivado IP repository '/home/brennan/Vivado/Vivado/2017.4/data/ip'.
INFO: [Common 17-206] Exiting Vivado at Mon Jul 23 19:29:03 2018...
INFO: [HLS 200-112] Total elapsed time: 69.72 seconds; peak allocated memory: 84.264 MB.
INFO: [Common 17-206] Exiting vivado_hls at Mon Jul 23 19:29:25 2018...
