Copyright 1986-2017 Xilinx, Inc. All Rights Reserved.
----------------------------------------------------------------------------------------------------------------------------------------------------------------------------
| Tool Version     : Vivado v.2017.4 (lin64) Build 2086221 Fri Dec 15 20:54:30 MST 2017
| Date             : Thu Aug 16 11:37:19 2018
| Host             : fabricant running 64-bit Linux Mint 18 Sarah
| Command          : report_power -file iicCommMod_wrapper_power_routed.rpt -pb iicCommMod_wrapper_power_summary_routed.pb -rpx iicCommMod_wrapper_power_routed.rpx
| Design           : iicCommMod_wrapper
| Device           : xc7z020clg400-1
| Design State     : routed
| Grade            : commercial
| Process          : typical
| Characterization : Production
----------------------------------------------------------------------------------------------------------------------------------------------------------------------------

Power Report

Table of Contents
-----------------
1. Summary
1.1 On-Chip Components
1.2 Power Supply Summary
1.3 Confidence Level
2. Settings
2.1 Environment
2.2 Clock Constraints
3. Detailed Reports
3.1 By Hierarchy

1. Summary
----------

+--------------------------+--------------+
| Total On-Chip Power (W)  | 1.430        |
| Design Power Budget (W)  | Unspecified* |
| Power Budget Margin (W)  | NA           |
| Dynamic (W)              | 1.296        |
| Device Static (W)        | 0.134        |
| Effective TJA (C/W)      | 11.5         |
| Max Ambient (C)          | 68.5         |
| Junction Temperature (C) | 41.5         |
| Confidence Level         | Low          |
| Setting File             | ---          |
| Simulation Activity File | ---          |
| Design Nets Matched      | NA           |
+--------------------------+--------------+
* Specify Design Power Budget using, set_operating_conditions -design_power_budget <value in Watts>


1.1 On-Chip Components
----------------------

+-------------------------+-----------+----------+-----------+-----------------+
| On-Chip                 | Power (W) | Used     | Available | Utilization (%) |
+-------------------------+-----------+----------+-----------+-----------------+
| Clocks                  |     0.009 |        4 |       --- |             --- |
| Slice Logic             |     0.004 |     5830 |       --- |             --- |
|   LUT as Logic          |     0.003 |     2036 |     53200 |            3.83 |
|   Register              |    <0.001 |     2784 |    106400 |            2.62 |
|   CARRY4                |    <0.001 |      113 |     13300 |            0.85 |
|   LUT as Shift Register |    <0.001 |      137 |     17400 |            0.79 |
|   F7/F8 Muxes           |    <0.001 |        2 |     53200 |           <0.01 |
|   Others                |     0.000 |      296 |       --- |             --- |
| Signals                 |     0.005 |     4527 |       --- |             --- |
| Block RAM               |     0.005 |        1 |       140 |            0.71 |
| DSPs                    |     0.002 |        3 |       220 |            1.36 |
| I/O                     |     0.000 |        6 |       125 |            4.80 |
| PS7                     |     1.270 |        1 |       --- |             --- |
| Static Power            |     0.134 |          |           |                 |
| Total                   |     1.430 |          |           |                 |
+-------------------------+-----------+----------+-----------+-----------------+


1.2 Power Supply Summary
------------------------

+-----------+-------------+-----------+-------------+------------+
| Source    | Voltage (V) | Total (A) | Dynamic (A) | Static (A) |
+-----------+-------------+-----------+-------------+------------+
| Vccint    |       1.000 |     0.039 |       0.026 |      0.013 |
| Vccaux    |       1.800 |     0.014 |       0.000 |      0.014 |
| Vcco33    |       3.300 |     0.000 |       0.000 |      0.000 |
| Vcco25    |       2.500 |     0.000 |       0.000 |      0.000 |
| Vcco18    |       1.800 |     0.000 |       0.000 |      0.000 |
| Vcco15    |       1.500 |     0.000 |       0.000 |      0.000 |
| Vcco135   |       1.350 |     0.000 |       0.000 |      0.000 |
| Vcco12    |       1.200 |     0.000 |       0.000 |      0.000 |
| Vccaux_io |       1.800 |     0.000 |       0.000 |      0.000 |
| Vccbram   |       1.000 |     0.001 |       0.000 |      0.001 |
| MGTAVcc   |       1.000 |     0.000 |       0.000 |      0.000 |
| MGTAVtt   |       1.200 |     0.000 |       0.000 |      0.000 |
| MGTVccaux |       1.800 |     0.000 |       0.000 |      0.000 |
| Vccpint   |       1.000 |     0.688 |       0.661 |      0.027 |
| Vccpaux   |       1.800 |     0.036 |       0.026 |      0.010 |
| Vccpll    |       1.800 |     0.017 |       0.014 |      0.003 |
| Vcco_ddr  |       1.500 |     0.354 |       0.352 |      0.002 |
| Vcco_mio0 |       1.800 |     0.004 |       0.003 |      0.001 |
| Vcco_mio1 |       1.800 |     0.003 |       0.002 |      0.001 |
| Vccadc    |       1.800 |     0.020 |       0.000 |      0.020 |
+-----------+-------------+-----------+-------------+------------+


1.3 Confidence Level
--------------------

+-----------------------------+------------+--------------------------------------------------------+------------------------------------------------------------------------------------------------------------+
| User Input Data             | Confidence | Details                                                | Action                                                                                                     |
+-----------------------------+------------+--------------------------------------------------------+------------------------------------------------------------------------------------------------------------+
| Design implementation state | High       | Design is routed                                       |                                                                                                            |
| Clock nodes activity        | High       | User specified more than 95% of clocks                 |                                                                                                            |
| I/O nodes activity          | Low        | More than 75% of inputs are missing user specification | Provide missing input activity with simulation results or by editing the "By Resource Type -> I/Os" view   |
| Internal nodes activity     | Medium     | User specified less than 25% of internal nodes         | Provide missing internal nodes activity with simulation results or by editing the "By Resource Type" views |
| Device models               | High       | Device models are Production                           |                                                                                                            |
|                             |            |                                                        |                                                                                                            |
| Overall confidence level    | Low        |                                                        |                                                                                                            |
+-----------------------------+------------+--------------------------------------------------------+------------------------------------------------------------------------------------------------------------+


2. Settings
-----------

2.1 Environment
---------------

+-----------------------+------------------------+
| Ambient Temp (C)      | 25.0                   |
| ThetaJA (C/W)         | 11.5                   |
| Airflow (LFM)         | 250                    |
| Heat Sink             | none                   |
| ThetaSA (C/W)         | 0.0                    |
| Board Selection       | medium (10"x10")       |
| # of Board Layers     | 8to11 (8 to 11 Layers) |
| Board Temperature (C) | 25.0                   |
+-----------------------+------------------------+


2.2 Clock Constraints
---------------------

+------------+---------------------------------------------------------------+-----------------+
| Clock      | Domain                                                        | Constraint (ns) |
+------------+---------------------------------------------------------------+-----------------+
| clk_fpga_0 | iicCommMod_i/processing_system7_0/inst/FCLK_CLK_unbuffered[0] |            10.0 |
+------------+---------------------------------------------------------------+-----------------+


3. Detailed Reports
-------------------

3.1 By Hierarchy
----------------

+--------------------------------------------------+-----------+
| Name                                             | Power (W) |
+--------------------------------------------------+-----------+
| iicCommMod_wrapper                               |     1.296 |
|   arduino_iic_scl_iobuf                          |     0.000 |
|   arduino_iic_sda_iobuf                          |     0.000 |
|   iicCommMod_i                                   |     1.296 |
|     axi_iic_0                                    |     0.002 |
|       U0                                         |     0.002 |
|         X_IIC                                    |     0.002 |
|           DYN_MASTER_I                           |    <0.001 |
|           FILTER_I                               |    <0.001 |
|             SCL_DEBOUNCE                         |    <0.001 |
|               INPUT_DOUBLE_REGS                  |    <0.001 |
|             SDA_DEBOUNCE                         |    <0.001 |
|               INPUT_DOUBLE_REGS                  |    <0.001 |
|           IIC_CONTROL_I                          |    <0.001 |
|             BITCNT                               |    <0.001 |
|             CLKCNT                               |    <0.001 |
|             I2CDATA_REG                          |    <0.001 |
|             I2CHEADER_REG                        |    <0.001 |
|             SETUP_CNT                            |    <0.001 |
|           READ_FIFO_I                            |    <0.001 |
|           REG_INTERFACE_I                        |    <0.001 |
|           WRITE_FIFO_CTRL_I                      |    <0.001 |
|           WRITE_FIFO_I                           |    <0.001 |
|           X_AXI_IPIF_SSP1                        |    <0.001 |
|             AXI_LITE_IPIF_I                      |    <0.001 |
|               I_SLAVE_ATTACHMENT                 |    <0.001 |
|                 I_DECODER                        |    <0.001 |
|             X_INTERRUPT_CONTROL                  |    <0.001 |
|             X_SOFT_RESET                         |    <0.001 |
|     iiccommmod_0                                 |     0.015 |
|       inst                                       |     0.015 |
|         grp_readData_fu_256                      |     0.003 |
|           iiccommmod_mul_32bkb_U1                |     0.003 |
|             iiccommmod_mul_32bkb_MulnS_0_U       |     0.003 |
|         iiccommmod_AXILiteS_s_axi_U              |     0.001 |
|         iiccommmod_iic_m_axi_U                   |     0.010 |
|           bus_read                               |     0.006 |
|             buff_rdata                           |     0.004 |
|             fifo_rctl                            |    <0.001 |
|             fifo_rreq                            |    <0.001 |
|             rs_rdata                             |    <0.001 |
|             rs_rreq                              |    <0.001 |
|           bus_write                              |     0.004 |
|             buff_wdata                           |     0.002 |
|             bus_equal_gen.fifo_burst             |    <0.001 |
|             fifo_resp                            |    <0.001 |
|             fifo_resp_to_user                    |    <0.001 |
|             fifo_wreq                            |    <0.001 |
|             rs_wreq                              |    <0.001 |
|           wreq_throttl                           |    <0.001 |
|     processing_system7_0                         |     1.271 |
|       inst                                       |     1.271 |
|     ps7_0_axi_periph                             |     0.008 |
|       s00_couplers                               |     0.004 |
|         auto_pc                                  |     0.004 |
|           inst                                   |     0.004 |
|             gen_axilite.gen_b2s_conv.axilite_b2s |     0.004 |
|               RD.ar_channel_0                    |    <0.001 |
|                 ar_cmd_fsm_0                     |    <0.001 |
|                 cmd_translator_0                 |    <0.001 |
|                   incr_cmd_0                     |    <0.001 |
|                   wrap_cmd_0                     |    <0.001 |
|               RD.r_channel_0                     |    <0.001 |
|                 rd_data_fifo_0                   |    <0.001 |
|                 transaction_fifo_0               |    <0.001 |
|               SI_REG                             |     0.001 |
|                 ar.ar_pipe                       |    <0.001 |
|                 aw.aw_pipe                       |    <0.001 |
|                 b.b_pipe                         |    <0.001 |
|                 r.r_pipe                         |    <0.001 |
|               WR.aw_channel_0                    |    <0.001 |
|                 aw_cmd_fsm_0                     |    <0.001 |
|                 cmd_translator_0                 |    <0.001 |
|                   incr_cmd_0                     |    <0.001 |
|                   wrap_cmd_0                     |    <0.001 |
|               WR.b_channel_0                     |    <0.001 |
|                 bid_fifo_0                       |    <0.001 |
|                 bresp_fifo_0                     |    <0.001 |
|       s01_couplers                               |     0.003 |
|         auto_pc                                  |     0.003 |
|           inst                                   |     0.003 |
|             gen_axilite.gen_b2s_conv.axilite_b2s |     0.003 |
|               RD.ar_channel_0                    |    <0.001 |
|                 ar_cmd_fsm_0                     |    <0.001 |
|                 cmd_translator_0                 |    <0.001 |
|                   incr_cmd_0                     |    <0.001 |
|                   wrap_cmd_0                     |    <0.001 |
|               RD.r_channel_0                     |    <0.001 |
|                 rd_data_fifo_0                   |    <0.001 |
|                 transaction_fifo_0               |    <0.001 |
|               SI_REG                             |    <0.001 |
|                 ar.ar_pipe                       |    <0.001 |
|                 aw.aw_pipe                       |    <0.001 |
|                 b.b_pipe                         |    <0.001 |
|                 r.r_pipe                         |    <0.001 |
|               WR.aw_channel_0                    |    <0.001 |
|                 aw_cmd_fsm_0                     |    <0.001 |
|                 cmd_translator_0                 |    <0.001 |
|                   incr_cmd_0                     |    <0.001 |
|                   wrap_cmd_0                     |    <0.001 |
|               WR.b_channel_0                     |    <0.001 |
|                 bid_fifo_0                       |    <0.001 |
|                 bresp_fifo_0                     |    <0.001 |
|       xbar                                       |     0.002 |
|         inst                                     |     0.002 |
|           gen_sasd.crossbar_sasd_0               |     0.002 |
|             addr_arbiter_inst                    |     0.001 |
|             gen_decerr.decerr_slave_inst         |    <0.001 |
|             reg_slice_r                          |    <0.001 |
|             splitter_ar                          |    <0.001 |
|             splitter_aw                          |    <0.001 |
|     rst_ps7_0_100M                               |    <0.001 |
|       U0                                         |    <0.001 |
|         EXT_LPF                                  |    <0.001 |
|           ACTIVE_LOW_AUX.ACT_LO_AUX              |    <0.001 |
|           ACTIVE_LOW_EXT.ACT_LO_EXT              |    <0.001 |
|         SEQ                                      |    <0.001 |
|           SEQ_COUNTER                            |    <0.001 |
+--------------------------------------------------+-----------+


