#-----------------------------------------------------------
# Vivado v2017.4 (64-bit)
# SW Build 2086221 on Fri Dec 15 20:54:30 MST 2017
# IP Build 2085800 on Fri Dec 15 22:25:07 MST 2017
# Start of session at: Sun Aug 19 19:11:09 2018
# Process ID: 25518
# Current directory: /home/iavendano/pynq-copter/pynqcopter/bmeMultibyte2
# Command line: vivado bmeMultibyte2/bmeMultibyte2.xpr
# Log file: /home/iavendano/pynq-copter/pynqcopter/bmeMultibyte2/vivado.log
# Journal file: /home/iavendano/pynq-copter/pynqcopter/bmeMultibyte2/vivado.jou
#-----------------------------------------------------------
start_gui
open_project bmeMultibyte2/bmeMultibyte2.xpr
Scanning sources...
Finished scanning sources
INFO: [IP_Flow 19-234] Refreshing IP repositories
INFO: [IP_Flow 19-1700] Loaded user IP repository '/home/iavendano/pynq-copter/pynqcopter/ip'.
INFO: [IP_Flow 19-2313] Loaded Vivado IP repository '/data/opt/Xilinx/Vivado/2017.4/data/ip'.
open_project: Time (s): cpu = 00:00:37 ; elapsed = 00:00:11 . Memory (MB): peak = 6284.992 ; gain = 128.832 ; free physical = 55485 ; free virtual = 444726
update_compile_order -fileset sources_1
open_bd_design {/home/iavendano/pynq-copter/pynqcopter/bmeMultibyte2/bmeMultibyte2/bmeMultibyte2.srcs/sources_1/bd/bmeMultibyte2/bmeMultibyte2.bd}
Adding cell -- xilinx.com:ip:axi_iic:2.0 - axi_iic_0
Adding cell -- UCSD:hlsip:multibyte2:1.0 - multibyte2_0
Adding cell -- xilinx.com:ip:processing_system7:5.5 - processing_system7_0
Adding cell -- xilinx.com:ip:proc_sys_reset:5.0 - rst_ps7_0_100M
Adding cell -- xilinx.com:ip:axi_crossbar:2.1 - xbar
Adding cell -- xilinx.com:ip:axi_mmu:2.1 - s01_mmu
Adding cell -- xilinx.com:ip:axi_protocol_converter:2.1 - auto_pc
Adding cell -- xilinx.com:ip:axi_protocol_converter:2.1 - auto_pc
Successfully read diagram <bmeMultibyte2> from BD file </home/iavendano/pynq-copter/pynqcopter/bmeMultibyte2/bmeMultibyte2/bmeMultibyte2.srcs/sources_1/bd/bmeMultibyte2/bmeMultibyte2.bd>
open_bd_design: Time (s): cpu = 00:00:12 ; elapsed = 00:00:06 . Memory (MB): peak = 6329.320 ; gain = 16.137 ; free physical = 55489 ; free virtual = 444731
exit
INFO: [Common 17-206] Exiting Vivado at Sun Aug 19 19:12:40 2018...
