#-----------------------------------------------------------
# Vivado v2017.4 (64-bit)
# SW Build 2086221 on Fri Dec 15 20:54:30 MST 2017
# IP Build 2085800 on Fri Dec 15 22:25:07 MST 2017
# Start of session at: Sat Aug  4 08:50:20 2018
# Process ID: 27349
# Current directory: /home/iavendano/pynq-copter/pynqcopter/iicComm3
# Command line: vivado iicComm3/iicComm3.xpr
# Log file: /home/iavendano/pynq-copter/pynqcopter/iicComm3/vivado.log
# Journal file: /home/iavendano/pynq-copter/pynqcopter/iicComm3/vivado.jou
#-----------------------------------------------------------
start_gui
open_project iicComm3/iicComm3.xpr
Scanning sources...
Finished scanning sources
INFO: [IP_Flow 19-234] Refreshing IP repositories
INFO: [IP_Flow 19-1700] Loaded user IP repository '/home/iavendano/pynq-copter/pynqcopter/ip'.
INFO: [IP_Flow 19-2313] Loaded Vivado IP repository '/data/opt/Xilinx/Vivado/2017.4/data/ip'.
open_project: Time (s): cpu = 00:00:30 ; elapsed = 00:00:09 . Memory (MB): peak = 6229.891 ; gain = 62.512 ; free physical = 128222 ; free virtual = 504945
update_compile_order -fileset sources_1
open_bd_design {/home/iavendano/pynq-copter/pynqcopter/iicComm3/iicComm3/iicComm3.srcs/sources_1/bd/iicComm3/iicComm3.bd}
Adding cell -- xilinx.com:ip:axi_iic:2.0 - axi_iic_0
Adding cell -- UCSD:hlsip:iicstat:1.0 - iicstat_0
Adding cell -- xilinx.com:ip:processing_system7:5.5 - processing_system7_0
Adding cell -- xilinx.com:ip:proc_sys_reset:5.0 - rst_ps7_0_100M
Adding cell -- xilinx.com:ip:axi_crossbar:2.1 - xbar
Adding cell -- xilinx.com:ip:axi_protocol_converter:2.1 - auto_pc
Adding cell -- xilinx.com:ip:axi_protocol_converter:2.1 - auto_pc
Successfully read diagram <iicComm3> from BD file </home/iavendano/pynq-copter/pynqcopter/iicComm3/iicComm3/iicComm3.srcs/sources_1/bd/iicComm3/iicComm3.bd>
delete_bd_objs [get_bd_intf_nets ps7_0_axi_periph_M00_AXI] [get_bd_intf_nets iicstat_0_m_axi_bus_r] [get_bd_cells iicstat_0]
startgroup
create_bd_cell -type ip -vlnv UCSD:hlsip:iiccomm3:1.0 iiccomm3_0
endgroup
set_property location {3 959 126} [get_bd_cells iiccomm3_0]
connect_bd_intf_net -boundary_type upper [get_bd_intf_pins ps7_0_axi_periph/M00_AXI] [get_bd_intf_pins iiccomm3_0/s_axi_AXILiteS]
connect_bd_intf_net [get_bd_intf_pins iiccomm3_0/m_axi_iic] -boundary_type upper [get_bd_intf_pins ps7_0_axi_periph/S01_AXI]
connect_bd_net [get_bd_pins iiccomm3_0/ap_clk] [get_bd_pins processing_system7_0/FCLK_CLK0]
connect_bd_net [get_bd_pins iiccomm3_0/ap_rst_n] [get_bd_pins rst_ps7_0_100M/peripheral_aresetn]
save_bd_design
Wrote  : </home/iavendano/pynq-copter/pynqcopter/iicComm3/iicComm3/iicComm3.srcs/sources_1/bd/iicComm3/iicComm3.bd> 
Wrote  : </home/iavendano/pynq-copter/pynqcopter/iicComm3/iicComm3/iicComm3.srcs/sources_1/bd/iicComm3/ui/bd_e0ce6464.ui> 
validate_bd_design
CRITICAL WARNING: [BD 41-1356] Address block </iiccomm3_0/s_axi_AXILiteS/Reg> is not mapped into </processing_system7_0/Data>. Please use Address Editor to either map or exclude it.
CRITICAL WARNING: [BD 41-1356] Address block </iiccomm3_0/s_axi_AXILiteS/Reg> is not mapped into </iiccomm3_0/Data_m_axi_iic>. Please use Address Editor to either map or exclude it.
CRITICAL WARNING: [BD 41-1356] Address block </axi_iic_0/S_AXI/Reg> is not mapped into </iiccomm3_0/Data_m_axi_iic>. Please use Address Editor to either map or exclude it.
CRITICAL WARNING: [BD 41-1356] Address block </iiccomm3_0/s_axi_AXILiteS/Reg> is not mapped into </processing_system7_0/Data>. Please use Address Editor to either map or exclude it.
CRITICAL WARNING: [BD 41-1356] Address block </iiccomm3_0/s_axi_AXILiteS/Reg> is not mapped into </iiccomm3_0/Data_m_axi_iic>. Please use Address Editor to either map or exclude it.
CRITICAL WARNING: [BD 41-1356] Address block </axi_iic_0/S_AXI/Reg> is not mapped into </iiccomm3_0/Data_m_axi_iic>. Please use Address Editor to either map or exclude it.
assign_bd_address [get_bd_addr_segs {iiccomm3_0/s_axi_AXILiteS/Reg }]
</iiccomm3_0/s_axi_AXILiteS/Reg> is being mapped into </processing_system7_0/Data> at <0x40000000 [ 64K ]>
</iiccomm3_0/s_axi_AXILiteS/Reg> is being mapped into </iiccomm3_0/Data_m_axi_iic> at <0x40000000 [ 64K ]>
INFO: [BD 41-1051] The usage <register> of peripheral </iiccomm3_0/s_axi_AXILiteS/Reg> does not match the usage <memory> of master </iiccomm3_0/Data_m_axi_iic> and will be excluded using sparse connectivity from its address space. Use the include_bd_addr_seg command to override this precaution and make this peripheral visible within this masters address space.
Excluding </iiccomm3_0/s_axi_AXILiteS/Reg> from </iiccomm3_0/Data_m_axi_iic>
set_property range 4K [get_bd_addr_segs {processing_system7_0/Data/SEG_axi_iic_0_Reg}]
set_property range 4K [get_bd_addr_segs {processing_system7_0/Data/SEG_iiccomm3_0_Reg}]
set_property offset 0x40001000 [get_bd_addr_segs {processing_system7_0/Data/SEG_axi_iic_0_Reg}]
assign_bd_address [get_bd_addr_segs {axi_iic_0/S_AXI/Reg }]
CRITICAL WARNING: [BD 41-1376] Forcibly mapping </axi_iic_0/S_AXI/Reg> into conflicting address 0x40001000 [ 4K ] in address space </iiccomm3_0/Data_m_axi_iic>. This must be resolved before passing validation
</axi_iic_0/S_AXI/Reg> is being mapped into </iiccomm3_0/Data_m_axi_iic> at <0x40001000 [ 4K ]>
INFO: [BD 41-1051] The usage <register> of peripheral </axi_iic_0/S_AXI/Reg> does not match the usage <memory> of master </iiccomm3_0/Data_m_axi_iic> and will be excluded using sparse connectivity from its address space. Use the include_bd_addr_seg command to override this precaution and make this peripheral visible within this masters address space.
Excluding </axi_iic_0/S_AXI/Reg> from </iiccomm3_0/Data_m_axi_iic>
include_bd_addr_seg [get_bd_addr_segs -excluded iiccomm3_0/Data_m_axi_iic/SEG_axi_iic_0_Reg]
Including </axi_iic_0/S_AXI/Reg> into </iiccomm3_0/Data_m_axi_iic>
save_bd_design
Wrote  : </home/iavendano/pynq-copter/pynqcopter/iicComm3/iicComm3/iicComm3.srcs/sources_1/bd/iicComm3/iicComm3.bd> 
exit
INFO: [Common 17-206] Exiting Vivado at Sat Aug  4 08:56:39 2018...
