#-----------------------------------------------------------
# Vivado v2017.4 (64-bit)
# SW Build 2086221 on Fri Dec 15 20:54:30 MST 2017
# IP Build 2085800 on Fri Dec 15 22:25:07 MST 2017
# Start of session at: Sat Aug  4 10:12:43 2018
# Process ID: 10323
# Current directory: /home/iavendano/pynq-copter/pynqcopter/iicComm4
# Command line: vivado iicComm4/iicComm4.xpr
# Log file: /home/iavendano/pynq-copter/pynqcopter/iicComm4/vivado.log
# Journal file: /home/iavendano/pynq-copter/pynqcopter/iicComm4/vivado.jou
#-----------------------------------------------------------
start_gui
open_project iicComm4/iicComm4.xpr
Scanning sources...
Finished scanning sources
INFO: [IP_Flow 19-234] Refreshing IP repositories
INFO: [IP_Flow 19-1700] Loaded user IP repository '/home/iavendano/pynq-copter/pynqcopter/ip'.
INFO: [IP_Flow 19-2313] Loaded Vivado IP repository '/data/opt/Xilinx/Vivado/2017.4/data/ip'.
open_project: Time (s): cpu = 00:00:28 ; elapsed = 00:00:08 . Memory (MB): peak = 6225.723 ; gain = 74.203 ; free physical = 127748 ; free virtual = 504868
update_compile_order -fileset sources_1
open_bd_design {/home/iavendano/pynq-copter/pynqcopter/iicComm4/iicComm4/iicComm4.srcs/sources_1/bd/iicComm4/iicComm4.bd}
Adding cell -- xilinx.com:ip:axi_iic:2.0 - axi_iic_0
Adding cell -- UCSD:hlsip:iiccomm4:1.0 - iiccomm4_0
Adding cell -- xilinx.com:ip:processing_system7:5.5 - processing_system7_0
Adding cell -- xilinx.com:ip:proc_sys_reset:5.0 - rst_ps7_0_100M
Adding cell -- xilinx.com:ip:axi_crossbar:2.1 - xbar
Adding cell -- xilinx.com:ip:axi_protocol_converter:2.1 - auto_pc
Adding cell -- xilinx.com:ip:axi_protocol_converter:2.1 - auto_pc
Excluding </iiccomm4_0/s_axi_AXILiteS/Reg> from </iiccomm4_0/Data_m_axi_iic>
Successfully read diagram <iicComm4> from BD file </home/iavendano/pynq-copter/pynqcopter/iicComm4/iicComm4/iicComm4.srcs/sources_1/bd/iicComm4/iicComm4.bd>
open_bd_design: Time (s): cpu = 00:00:14 ; elapsed = 00:00:06 . Memory (MB): peak = 6310.223 ; gain = 37.020 ; free physical = 127753 ; free virtual = 504873
exit
INFO: [Common 17-206] Exiting Vivado at Sat Aug  4 10:15:29 2018...
