

================================================================
== Vivado HLS Report for 'iiccomm'
================================================================
* Date:           Mon Aug  6 10:45:49 2018

* Version:        2017.4 (Build 2086221 on Fri Dec 15 21:13:33 MST 2017)
* Project:        iiccomm
* Solution:       iiccomm
* Product family: zynq
* Target device:  xc7z020clg400-1


================================================================
== Performance Estimates
================================================================
+ Timing (ns): 
    * Summary: 
    +--------+-------+----------+------------+
    |  Clock | Target| Estimated| Uncertainty|
    +--------+-------+----------+------------+
    |ap_clk  |   4.00|      3.50|        0.50|
    +--------+-------+----------+------------+

+ Latency (clock cycles): 
    * Summary: 
    +-----+-----+-----+-----+---------+
    |  Latency  |  Interval | Pipeline|
    | min | max | min | max |   Type  |
    +-----+-----+-----+-----+---------+
    |    9|    9|    9|    9|   none  |
    +-----+-----+-----+-----+---------+

    + Detail: 
        * Instance: 
        N/A

        * Loop: 
        N/A



================================================================
== Utilization Estimates
================================================================
* Summary: 
+-----------------+---------+-------+--------+-------+
|       Name      | BRAM_18K| DSP48E|   FF   |  LUT  |
+-----------------+---------+-------+--------+-------+
|DSP              |        -|      -|       -|      -|
|Expression       |        -|      -|       -|      -|
|FIFO             |        -|      -|       -|      -|
|Instance         |        2|      -|     700|    876|
|Memory           |        -|      -|       -|      -|
|Multiplexer      |        -|      -|       -|     92|
|Register         |        -|      -|      75|      -|
+-----------------+---------+-------+--------+-------+
|Total            |        2|      0|     775|    968|
+-----------------+---------+-------+--------+-------+
|Available        |      280|    220|  106400|  53200|
+-----------------+---------+-------+--------+-------+
|Utilization (%)  |    ~0   |      0|   ~0   |      1|
+-----------------+---------+-------+--------+-------+

+ Detail: 
    * Instance: 
    +--------------------------+------------------------+---------+-------+-----+-----+
    |         Instance         |         Module         | BRAM_18K| DSP48E|  FF | LUT |
    +--------------------------+------------------------+---------+-------+-----+-----+
    |iiccomm_AXILiteS_s_axi_U  |iiccomm_AXILiteS_s_axi  |        0|      0|  188|  296|
    |iiccomm_iic_m_axi_U       |iiccomm_iic_m_axi       |        2|      0|  512|  580|
    +--------------------------+------------------------+---------+-------+-----+-----+
    |Total                     |                        |        2|      0|  700|  876|
    +--------------------------+------------------------+---------+-------+-----+-----+

    * DSP48: 
    N/A

    * Memory: 
    N/A

    * FIFO: 
    N/A

    * Expression: 
    N/A

    * Multiplexer: 
    +----------------------------+----+-----------+-----+-----------+
    |            Name            | LUT| Input Size| Bits| Total Bits|
    +----------------------------+----+-----------+-----+-----------+
    |ap_NS_fsm                   |  50|         11|    1|         11|
    |ap_sig_ioackin_iic_ARREADY  |   9|          2|    1|          2|
    |iic_ARADDR                  |  15|          3|   32|         96|
    |iic_blk_n_AR                |   9|          2|    1|          2|
    |iic_blk_n_R                 |   9|          2|    1|          2|
    +----------------------------+----+-----------+-----+-----------+
    |Total                       |  92|         20|   36|        113|
    +----------------------------+----+-----------+-----+-----------+

    * Register: 
    +----------------------------+----+----+-----+-----------+
    |            Name            | FF | LUT| Bits| Const Bits|
    +----------------------------+----+----+-----+-----------+
    |ap_CS_fsm                   |  10|   0|   10|          0|
    |ap_reg_ioackin_iic_ARREADY  |   1|   0|    1|          0|
    |iic_addr_1_read_reg_119     |  32|   0|   32|          0|
    |iic_addr_read_reg_114       |  32|   0|   32|          0|
    +----------------------------+----+----+-----+-----------+
    |Total                       |  75|   0|   75|          0|
    +----------------------------+----+----+-----+-----------+



================================================================
== Interface
================================================================
* Summary: 
+------------------------+-----+-----+------------+--------------+--------------+
|        RTL Ports       | Dir | Bits|  Protocol  | Source Object|    C Type    |
+------------------------+-----+-----+------------+--------------+--------------+
|s_axi_AXILiteS_AWVALID  |  in |    1|    s_axi   |   AXILiteS   |    pointer   |
|s_axi_AXILiteS_AWREADY  | out |    1|    s_axi   |   AXILiteS   |    pointer   |
|s_axi_AXILiteS_AWADDR   |  in |    6|    s_axi   |   AXILiteS   |    pointer   |
|s_axi_AXILiteS_WVALID   |  in |    1|    s_axi   |   AXILiteS   |    pointer   |
|s_axi_AXILiteS_WREADY   | out |    1|    s_axi   |   AXILiteS   |    pointer   |
|s_axi_AXILiteS_WDATA    |  in |   32|    s_axi   |   AXILiteS   |    pointer   |
|s_axi_AXILiteS_WSTRB    |  in |    4|    s_axi   |   AXILiteS   |    pointer   |
|s_axi_AXILiteS_ARVALID  |  in |    1|    s_axi   |   AXILiteS   |    pointer   |
|s_axi_AXILiteS_ARREADY  | out |    1|    s_axi   |   AXILiteS   |    pointer   |
|s_axi_AXILiteS_ARADDR   |  in |    6|    s_axi   |   AXILiteS   |    pointer   |
|s_axi_AXILiteS_RVALID   | out |    1|    s_axi   |   AXILiteS   |    pointer   |
|s_axi_AXILiteS_RREADY   |  in |    1|    s_axi   |   AXILiteS   |    pointer   |
|s_axi_AXILiteS_RDATA    | out |   32|    s_axi   |   AXILiteS   |    pointer   |
|s_axi_AXILiteS_RRESP    | out |    2|    s_axi   |   AXILiteS   |    pointer   |
|s_axi_AXILiteS_BVALID   | out |    1|    s_axi   |   AXILiteS   |    pointer   |
|s_axi_AXILiteS_BREADY   |  in |    1|    s_axi   |   AXILiteS   |    pointer   |
|s_axi_AXILiteS_BRESP    | out |    2|    s_axi   |   AXILiteS   |    pointer   |
|ap_clk                  |  in |    1| ap_ctrl_hs |    iiccomm   | return value |
|ap_rst_n                |  in |    1| ap_ctrl_hs |    iiccomm   | return value |
|interrupt               | out |    1| ap_ctrl_hs |    iiccomm   | return value |
|m_axi_iic_AWVALID       | out |    1|    m_axi   |      iic     |    pointer   |
|m_axi_iic_AWREADY       |  in |    1|    m_axi   |      iic     |    pointer   |
|m_axi_iic_AWADDR        | out |   32|    m_axi   |      iic     |    pointer   |
|m_axi_iic_AWID          | out |    1|    m_axi   |      iic     |    pointer   |
|m_axi_iic_AWLEN         | out |    8|    m_axi   |      iic     |    pointer   |
|m_axi_iic_AWSIZE        | out |    3|    m_axi   |      iic     |    pointer   |
|m_axi_iic_AWBURST       | out |    2|    m_axi   |      iic     |    pointer   |
|m_axi_iic_AWLOCK        | out |    2|    m_axi   |      iic     |    pointer   |
|m_axi_iic_AWCACHE       | out |    4|    m_axi   |      iic     |    pointer   |
|m_axi_iic_AWPROT        | out |    3|    m_axi   |      iic     |    pointer   |
|m_axi_iic_AWQOS         | out |    4|    m_axi   |      iic     |    pointer   |
|m_axi_iic_AWREGION      | out |    4|    m_axi   |      iic     |    pointer   |
|m_axi_iic_AWUSER        | out |    1|    m_axi   |      iic     |    pointer   |
|m_axi_iic_WVALID        | out |    1|    m_axi   |      iic     |    pointer   |
|m_axi_iic_WREADY        |  in |    1|    m_axi   |      iic     |    pointer   |
|m_axi_iic_WDATA         | out |   32|    m_axi   |      iic     |    pointer   |
|m_axi_iic_WSTRB         | out |    4|    m_axi   |      iic     |    pointer   |
|m_axi_iic_WLAST         | out |    1|    m_axi   |      iic     |    pointer   |
|m_axi_iic_WID           | out |    1|    m_axi   |      iic     |    pointer   |
|m_axi_iic_WUSER         | out |    1|    m_axi   |      iic     |    pointer   |
|m_axi_iic_ARVALID       | out |    1|    m_axi   |      iic     |    pointer   |
|m_axi_iic_ARREADY       |  in |    1|    m_axi   |      iic     |    pointer   |
|m_axi_iic_ARADDR        | out |   32|    m_axi   |      iic     |    pointer   |
|m_axi_iic_ARID          | out |    1|    m_axi   |      iic     |    pointer   |
|m_axi_iic_ARLEN         | out |    8|    m_axi   |      iic     |    pointer   |
|m_axi_iic_ARSIZE        | out |    3|    m_axi   |      iic     |    pointer   |
|m_axi_iic_ARBURST       | out |    2|    m_axi   |      iic     |    pointer   |
|m_axi_iic_ARLOCK        | out |    2|    m_axi   |      iic     |    pointer   |
|m_axi_iic_ARCACHE       | out |    4|    m_axi   |      iic     |    pointer   |
|m_axi_iic_ARPROT        | out |    3|    m_axi   |      iic     |    pointer   |
|m_axi_iic_ARQOS         | out |    4|    m_axi   |      iic     |    pointer   |
|m_axi_iic_ARREGION      | out |    4|    m_axi   |      iic     |    pointer   |
|m_axi_iic_ARUSER        | out |    1|    m_axi   |      iic     |    pointer   |
|m_axi_iic_RVALID        |  in |    1|    m_axi   |      iic     |    pointer   |
|m_axi_iic_RREADY        | out |    1|    m_axi   |      iic     |    pointer   |
|m_axi_iic_RDATA         |  in |   32|    m_axi   |      iic     |    pointer   |
|m_axi_iic_RLAST         |  in |    1|    m_axi   |      iic     |    pointer   |
|m_axi_iic_RID           |  in |    1|    m_axi   |      iic     |    pointer   |
|m_axi_iic_RUSER         |  in |    1|    m_axi   |      iic     |    pointer   |
|m_axi_iic_RRESP         |  in |    2|    m_axi   |      iic     |    pointer   |
|m_axi_iic_BVALID        |  in |    1|    m_axi   |      iic     |    pointer   |
|m_axi_iic_BREADY        | out |    1|    m_axi   |      iic     |    pointer   |
|m_axi_iic_BRESP         |  in |    2|    m_axi   |      iic     |    pointer   |
|m_axi_iic_BID           |  in |    1|    m_axi   |      iic     |    pointer   |
|m_axi_iic_BUSER         |  in |    1|    m_axi   |      iic     |    pointer   |
+------------------------+-----+-----+------------+--------------+--------------+

