

================================================================
== Vivado HLS Report for 'iiccomm4'
================================================================
* Date:           Tue Aug 21 13:45:04 2018

* Version:        2017.4 (Build 2086221 on Fri Dec 15 21:13:33 MST 2017)
* Project:        iiccomm4
* Solution:       iiccomm4
* Product family: zynq
* Target device:  xc7z020clg400-1


================================================================
== Performance Estimates
================================================================
+ Timing (ns): 
    * Summary: 
    +--------+-------+----------+------------+
    |  Clock | Target| Estimated| Uncertainty|
    +--------+-------+----------+------------+
    |ap_clk  |   4.00|      3.50|        0.50|
    +--------+-------+----------+------------+

+ Latency (clock cycles): 
    * Summary: 
    +-----+-----+-----+-----+---------+
    |  Latency  |  Interval | Pipeline|
    | min | max | min | max |   Type  |
    +-----+-----+-----+-----+---------+
    |    ?|    ?|    ?|    ?|   none  |
    +-----+-----+-----+-----+---------+

    + Detail: 
        * Instance: 
        N/A

        * Loop: 
        +---------------------+--------+--------+----------+-----------+-----------+--------+----------+
        |                     |     Latency     | Iteration|  Initiation Interval  |  Trip  |          |
        |      Loop Name      |   min  |   max  |  Latency |  achieved |   target  |  Count | Pipelined|
        +---------------------+--------+--------+----------+-----------+-----------+--------+----------+
        |- memset_sensorData  |       5|       5|         1|          -|          -|       6|    no    |
        |- Loop 2             |  500000|  500000|         1|          -|          -|  500000|    no    |
        |- Loop 3             |  500000|  500000|         1|          -|          -|  500000|    no    |
        |- Loop 4             |       ?|       ?|    500017|          -|          -|       ?|    no    |
        | + Loop 4.1          |  500000|  500000|         1|          -|          -|  500000|    no    |
        +---------------------+--------+--------+----------+-----------+-----------+--------+----------+



================================================================
== Utilization Estimates
================================================================
* Summary: 
+-----------------+---------+-------+--------+-------+
|       Name      | BRAM_18K| DSP48E|   FF   |  LUT  |
+-----------------+---------+-------+--------+-------+
|DSP              |        -|      -|       -|      -|
|Expression       |        -|      -|       0|    251|
|FIFO             |        -|      -|       -|      -|
|Instance         |        2|      -|    1004|   1388|
|Memory           |        2|      -|       0|      0|
|Multiplexer      |        -|      -|       -|    727|
|Register         |        -|      -|     578|      -|
+-----------------+---------+-------+--------+-------+
|Total            |        4|      0|    1582|   2366|
+-----------------+---------+-------+--------+-------+
|Available        |      280|    220|  106400|  53200|
+-----------------+---------+-------+--------+-------+
|Utilization (%)  |        1|      0|       1|      4|
+-----------------+---------+-------+--------+-------+

+ Detail: 
    * Instance: 
    +---------------------------+-------------------------+---------+-------+-----+-----+
    |          Instance         |          Module         | BRAM_18K| DSP48E|  FF | LUT |
    +---------------------------+-------------------------+---------+-------+-----+-----+
    |iiccomm4_AXILiteS_s_axi_U  |iiccomm4_AXILiteS_s_axi  |        0|      0|  492|  808|
    |iiccomm4_iic_m_axi_U       |iiccomm4_iic_m_axi       |        2|      0|  512|  580|
    +---------------------------+-------------------------+---------+-------+-----+-----+
    |Total                      |                         |        2|      0| 1004| 1388|
    +---------------------------+-------------------------+---------+-------+-----+-----+

    * DSP48: 
    N/A

    * Memory: 
    +--------------+---------------------+---------+---+----+------+-----+------+-------------+
    |    Memory    |        Module       | BRAM_18K| FF| LUT| Words| Bits| Banks| W*Bits*Banks|
    +--------------+---------------------+---------+---+----+------+-----+------+-------------+
    |sensorData_U  |iiccomm4_sensorData  |        2|  0|   0|     6|   32|     1|          192|
    +--------------+---------------------+---------+---+----+------+-----+------+-------------+
    |Total         |                     |        2|  0|   0|     6|   32|     1|          192|
    +--------------+---------------------+---------+---+----+------+-----+------+-------------+

    * FIFO: 
    N/A

    * Expression: 
    +----------------------+----------+-------+---+----+------------+------------+
    |     Variable Name    | Operation| DSP48E| FF| LUT| Bitwidth P0| Bitwidth P1|
    +----------------------+----------+-------+---+----+------------+------------+
    |ctr_V_1_fu_1089_p2    |     +    |      0|  0|  26|          19|           1|
    |ctr_V_2_fu_1147_p2    |     +    |      0|  0|  26|          19|           1|
    |ctr_V_fu_1069_p2      |     +    |      0|  0|  26|          19|           1|
    |index_1_fu_1130_p2    |     +    |      0|  0|  39|          32|           1|
    |indvarinc_fu_1039_p2  |     +    |      0|  0|  12|           3|           1|
    |ap_block_state2_io    |    and   |      0|  0|   8|           1|           1|
    |ap_block_state57_io   |    and   |      0|  0|   8|           1|           1|
    |ap_block_state67_io   |    and   |      0|  0|   8|           1|           1|
    |ap_block_state76_io   |    and   |      0|  0|   8|           1|           1|
    |ap_block_state85_io   |    and   |      0|  0|   8|           1|           1|
    |tmp_1_fu_1050_p2      |   icmp   |      0|  0|   9|           3|           3|
    |tmp_2_fu_1063_p2      |   icmp   |      0|  0|  18|          19|          16|
    |tmp_4_fu_1083_p2      |   icmp   |      0|  0|  18|          19|          16|
    |tmp_6_fu_1124_p2      |   icmp   |      0|  0|  11|           7|           1|
    |tmp_9_fu_1141_p2      |   icmp   |      0|  0|  18|          19|          16|
    |ap_block_state24_io   |    or    |      0|  0|   8|           1|           1|
    +----------------------+----------+-------+---+----+------------+------------+
    |Total                 |          |      0|  0| 251|         165|          63|
    +----------------------+----------+-------+---+----+------------+------------+

    * Multiplexer: 
    +----------------------------+-----+-----------+-----+-----------+
    |            Name            | LUT | Input Size| Bits| Total Bits|
    +----------------------------+-----+-----------+-----+-----------+
    |ap_NS_fsm                   |  417|         96|    1|         96|
    |ap_sig_ioackin_iic_ARREADY  |    9|          2|    1|          2|
    |ap_sig_ioackin_iic_AWREADY  |    9|          2|    1|          2|
    |ap_sig_ioackin_iic_WREADY   |    9|          2|    1|          2|
    |iic_ARADDR                  |   27|          5|   32|        160|
    |iic_AWADDR                  |   38|          7|   32|        224|
    |iic_WDATA                   |   65|         16|   32|        512|
    |iic_blk_n_AR                |    9|          2|    1|          2|
    |iic_blk_n_AW                |    9|          2|    1|          2|
    |iic_blk_n_B                 |    9|          2|    1|          2|
    |iic_blk_n_R                 |    9|          2|    1|          2|
    |iic_blk_n_W                 |    9|          2|    1|          2|
    |index_reg_846               |    9|          2|   32|         64|
    |invdar_reg_803              |    9|          2|    3|          6|
    |p_014_0_i1_reg_814          |    9|          2|   19|         38|
    |p_014_0_i5_reg_825          |    9|          2|   19|         38|
    |p_014_0_i_reg_858           |    9|          2|   19|         38|
    |sensorData_address0         |   27|          5|    3|         15|
    |sensorData_address1         |   27|          5|    3|         15|
    |storemerge1_reg_836         |    9|          2|   32|         64|
    +----------------------------+-----+-----------+-----+-----------+
    |Total                       |  727|        162|  235|       1286|
    +----------------------------+-----+-----------+-----+-----------+

    * Register: 
    +----------------------------------------------+----+----+-----+-----------+
    |                     Name                     | FF | LUT| Bits| Const Bits|
    +----------------------------------------------+----+----+-----+-----------+
    |ap_CS_fsm                                     |  95|   0|   95|          0|
    |ap_reg_ioackin_ctrl_reg_outValue_dummy_ack    |   1|   0|    1|          0|
    |ap_reg_ioackin_empty_pirq_outValue_dummy_ack  |   1|   0|    1|          0|
    |ap_reg_ioackin_full_pirq_outValue_dummy_ack   |   1|   0|    1|          0|
    |ap_reg_ioackin_iic_ARREADY                    |   1|   0|    1|          0|
    |ap_reg_ioackin_iic_AWREADY                    |   1|   0|    1|          0|
    |ap_reg_ioackin_iic_WREADY                     |   1|   0|    1|          0|
    |ap_reg_ioackin_stat_reg_outValue1_dummy_ack   |   1|   0|    1|          0|
    |iic_addr34_read_reg_1192                      |  32|   0|   32|          0|
    |iic_addr_13_read_reg_1202                     |  32|   0|   32|          0|
    |iic_addr_15_read_reg_1207                     |  32|   0|   32|          0|
    |iic_addr_1_read_reg_1187                      |  32|   0|   32|          0|
    |iic_addr_65_read_reg_1228                     |  32|   0|   32|          0|
    |iic_addr_67_read_reg_1256                     |  32|   0|   32|          0|
    |index_1_reg_1236                              |  32|   0|   32|          0|
    |index_reg_846                                 |  32|   0|   32|          0|
    |invdar_reg_803                                |   3|   0|    3|          0|
    |p_014_0_i1_reg_814                            |  19|   0|   19|          0|
    |p_014_0_i5_reg_825                            |  19|   0|   19|          0|
    |p_014_0_i_reg_858                             |  19|   0|   19|          0|
    |sensorData_load_1_reg_1279                    |  32|   0|   32|          0|
    |sensorData_load_2_reg_1294                    |  32|   0|   32|          0|
    |sensorData_load_3_reg_1299                    |  32|   0|   32|          0|
    |sensorData_load_reg_1274                      |  32|   0|   32|          0|
    |storemerge1_reg_836                           |  32|   0|   32|          0|
    +----------------------------------------------+----+----+-----+-----------+
    |Total                                         | 578|   0|  578|          0|
    +----------------------------------------------+----+----+-----+-----------+



================================================================
== Interface
================================================================
* Summary: 
+------------------------+-----+-----+------------+--------------+--------------+
|        RTL Ports       | Dir | Bits|  Protocol  | Source Object|    C Type    |
+------------------------+-----+-----+------------+--------------+--------------+
|s_axi_AXILiteS_AWVALID  |  in |    1|    s_axi   |   AXILiteS   |    pointer   |
|s_axi_AXILiteS_AWREADY  | out |    1|    s_axi   |   AXILiteS   |    pointer   |
|s_axi_AXILiteS_AWADDR   |  in |    7|    s_axi   |   AXILiteS   |    pointer   |
|s_axi_AXILiteS_WVALID   |  in |    1|    s_axi   |   AXILiteS   |    pointer   |
|s_axi_AXILiteS_WREADY   | out |    1|    s_axi   |   AXILiteS   |    pointer   |
|s_axi_AXILiteS_WDATA    |  in |   32|    s_axi   |   AXILiteS   |    pointer   |
|s_axi_AXILiteS_WSTRB    |  in |    4|    s_axi   |   AXILiteS   |    pointer   |
|s_axi_AXILiteS_ARVALID  |  in |    1|    s_axi   |   AXILiteS   |    pointer   |
|s_axi_AXILiteS_ARREADY  | out |    1|    s_axi   |   AXILiteS   |    pointer   |
|s_axi_AXILiteS_ARADDR   |  in |    7|    s_axi   |   AXILiteS   |    pointer   |
|s_axi_AXILiteS_RVALID   | out |    1|    s_axi   |   AXILiteS   |    pointer   |
|s_axi_AXILiteS_RREADY   |  in |    1|    s_axi   |   AXILiteS   |    pointer   |
|s_axi_AXILiteS_RDATA    | out |   32|    s_axi   |   AXILiteS   |    pointer   |
|s_axi_AXILiteS_RRESP    | out |    2|    s_axi   |   AXILiteS   |    pointer   |
|s_axi_AXILiteS_BVALID   | out |    1|    s_axi   |   AXILiteS   |    pointer   |
|s_axi_AXILiteS_BREADY   |  in |    1|    s_axi   |   AXILiteS   |    pointer   |
|s_axi_AXILiteS_BRESP    | out |    2|    s_axi   |   AXILiteS   |    pointer   |
|ap_clk                  |  in |    1| ap_ctrl_hs |   iiccomm4   | return value |
|ap_rst_n                |  in |    1| ap_ctrl_hs |   iiccomm4   | return value |
|interrupt               | out |    1| ap_ctrl_hs |   iiccomm4   | return value |
|m_axi_iic_AWVALID       | out |    1|    m_axi   |      iic     |    pointer   |
|m_axi_iic_AWREADY       |  in |    1|    m_axi   |      iic     |    pointer   |
|m_axi_iic_AWADDR        | out |   32|    m_axi   |      iic     |    pointer   |
|m_axi_iic_AWID          | out |    1|    m_axi   |      iic     |    pointer   |
|m_axi_iic_AWLEN         | out |    8|    m_axi   |      iic     |    pointer   |
|m_axi_iic_AWSIZE        | out |    3|    m_axi   |      iic     |    pointer   |
|m_axi_iic_AWBURST       | out |    2|    m_axi   |      iic     |    pointer   |
|m_axi_iic_AWLOCK        | out |    2|    m_axi   |      iic     |    pointer   |
|m_axi_iic_AWCACHE       | out |    4|    m_axi   |      iic     |    pointer   |
|m_axi_iic_AWPROT        | out |    3|    m_axi   |      iic     |    pointer   |
|m_axi_iic_AWQOS         | out |    4|    m_axi   |      iic     |    pointer   |
|m_axi_iic_AWREGION      | out |    4|    m_axi   |      iic     |    pointer   |
|m_axi_iic_AWUSER        | out |    1|    m_axi   |      iic     |    pointer   |
|m_axi_iic_WVALID        | out |    1|    m_axi   |      iic     |    pointer   |
|m_axi_iic_WREADY        |  in |    1|    m_axi   |      iic     |    pointer   |
|m_axi_iic_WDATA         | out |   32|    m_axi   |      iic     |    pointer   |
|m_axi_iic_WSTRB         | out |    4|    m_axi   |      iic     |    pointer   |
|m_axi_iic_WLAST         | out |    1|    m_axi   |      iic     |    pointer   |
|m_axi_iic_WID           | out |    1|    m_axi   |      iic     |    pointer   |
|m_axi_iic_WUSER         | out |    1|    m_axi   |      iic     |    pointer   |
|m_axi_iic_ARVALID       | out |    1|    m_axi   |      iic     |    pointer   |
|m_axi_iic_ARREADY       |  in |    1|    m_axi   |      iic     |    pointer   |
|m_axi_iic_ARADDR        | out |   32|    m_axi   |      iic     |    pointer   |
|m_axi_iic_ARID          | out |    1|    m_axi   |      iic     |    pointer   |
|m_axi_iic_ARLEN         | out |    8|    m_axi   |      iic     |    pointer   |
|m_axi_iic_ARSIZE        | out |    3|    m_axi   |      iic     |    pointer   |
|m_axi_iic_ARBURST       | out |    2|    m_axi   |      iic     |    pointer   |
|m_axi_iic_ARLOCK        | out |    2|    m_axi   |      iic     |    pointer   |
|m_axi_iic_ARCACHE       | out |    4|    m_axi   |      iic     |    pointer   |
|m_axi_iic_ARPROT        | out |    3|    m_axi   |      iic     |    pointer   |
|m_axi_iic_ARQOS         | out |    4|    m_axi   |      iic     |    pointer   |
|m_axi_iic_ARREGION      | out |    4|    m_axi   |      iic     |    pointer   |
|m_axi_iic_ARUSER        | out |    1|    m_axi   |      iic     |    pointer   |
|m_axi_iic_RVALID        |  in |    1|    m_axi   |      iic     |    pointer   |
|m_axi_iic_RREADY        | out |    1|    m_axi   |      iic     |    pointer   |
|m_axi_iic_RDATA         |  in |   32|    m_axi   |      iic     |    pointer   |
|m_axi_iic_RLAST         |  in |    1|    m_axi   |      iic     |    pointer   |
|m_axi_iic_RID           |  in |    1|    m_axi   |      iic     |    pointer   |
|m_axi_iic_RUSER         |  in |    1|    m_axi   |      iic     |    pointer   |
|m_axi_iic_RRESP         |  in |    2|    m_axi   |      iic     |    pointer   |
|m_axi_iic_BVALID        |  in |    1|    m_axi   |      iic     |    pointer   |
|m_axi_iic_BREADY        | out |    1|    m_axi   |      iic     |    pointer   |
|m_axi_iic_BRESP         |  in |    2|    m_axi   |      iic     |    pointer   |
|m_axi_iic_BID           |  in |    1|    m_axi   |      iic     |    pointer   |
|m_axi_iic_BUSER         |  in |    1|    m_axi   |      iic     |    pointer   |
+------------------------+-----+-----+------------+--------------+--------------+

