#-----------------------------------------------------------
# Vivado v2017.4 (64-bit)
# SW Build 2086221 on Fri Dec 15 20:54:30 MST 2017
# IP Build 2085800 on Fri Dec 15 22:25:07 MST 2017
# Start of session at: Mon Aug 27 12:10:01 2018
# Process ID: 1379
# Current directory: /home/iavendano/pynq-copter/pynqcopter/ip/bmeDriver/bmeDriver/bmeDriver/impl/ip
# Command line: vivado -notrace -mode batch -source run_ippack.tcl
# Log file: /home/iavendano/pynq-copter/pynqcopter/ip/bmeDriver/bmeDriver/bmeDriver/impl/ip/vivado.log
# Journal file: /home/iavendano/pynq-copter/pynqcopter/ip/bmeDriver/bmeDriver/bmeDriver/impl/ip/vivado.jou
#-----------------------------------------------------------
source run_ippack.tcl -notrace
INFO: [IP_Flow 19-234] Refreshing IP repositories
INFO: [IP_Flow 19-1704] No user IP repositories specified
INFO: [IP_Flow 19-2313] Loaded Vivado IP repository '/data/opt/Xilinx/Vivado/2017.4/data/ip'.
WARNING: [IP_Flow 19-4832] The IP name 'bmeDriver_ap_ddiv_57_no_dsp_64' you have specified is long. The Windows operating system has path length limitations. It is recommended you use shorter names to reduce the likelihood of issues.
INFO: [IP_Flow 19-1686] Generating 'Synthesis' target for IP 'bmeDriver_ap_ddiv_57_no_dsp_64'...
INFO: [IP_Flow 19-1686] Generating 'Simulation' target for IP 'bmeDriver_ap_ddiv_57_no_dsp_64'...
WARNING: [IP_Flow 19-4832] The IP name 'bmeDriver_ap_uitodp_6_no_dsp_32' you have specified is long. The Windows operating system has path length limitations. It is recommended you use shorter names to reduce the likelihood of issues.
INFO: [IP_Flow 19-1686] Generating 'Synthesis' target for IP 'bmeDriver_ap_uitodp_6_no_dsp_32'...
INFO: [IP_Flow 19-1686] Generating 'Simulation' target for IP 'bmeDriver_ap_uitodp_6_no_dsp_32'...
INFO: [IP_Flow 19-234] Refreshing IP repositories
INFO: [IP_Flow 19-1704] No user IP repositories specified
INFO: [IP_Flow 19-2313] Loaded Vivado IP repository '/data/opt/Xilinx/Vivado/2017.4/data/ip'.
INFO: [Common 17-206] Exiting Vivado at Mon Aug 27 12:10:29 2018...
