#-----------------------------------------------------------
# Vivado v2017.4 (64-bit)
# SW Build 2086221 on Fri Dec 15 20:54:30 MST 2017
# IP Build 2085800 on Fri Dec 15 22:25:07 MST 2017
# Start of session at: Fri Aug 17 13:51:34 2018
# Process ID: 26495
# Current directory: /home/iavendano/pynq-copter/pynqcopter/bmeMultibyte
# Command line: vivado bmeMultibyte/bmeMultibyte.xpr
# Log file: /home/iavendano/pynq-copter/pynqcopter/bmeMultibyte/vivado.log
# Journal file: /home/iavendano/pynq-copter/pynqcopter/bmeMultibyte/vivado.jou
#-----------------------------------------------------------
start_gui
open_project bmeMultibyte/bmeMultibyte.xpr
Scanning sources...
Finished scanning sources
INFO: [IP_Flow 19-234] Refreshing IP repositories
INFO: [IP_Flow 19-1700] Loaded user IP repository '/home/iavendano/pynq-copter/pynqcopter/ip'.
INFO: [IP_Flow 19-2313] Loaded Vivado IP repository '/data/opt/Xilinx/Vivado/2017.4/data/ip'.
open_project: Time (s): cpu = 00:00:38 ; elapsed = 00:00:16 . Memory (MB): peak = 6231.398 ; gain = 86.766 ; free physical = 58541 ; free virtual = 444400
update_compile_order -fileset sources_1
open_bd_design {/home/iavendano/pynq-copter/pynqcopter/bmeMultibyte/bmeMultibyte/bmeMultibyte.srcs/sources_1/bd/bmeMultibyte/bmeMultibyte.bd}
Adding cell -- xilinx.com:ip:axi_iic:2.0 - axi_iic_0
Adding cell -- UCSD:hlsip:iiccomm:1.0 - iiccomm_0
Adding cell -- xilinx.com:ip:processing_system7:5.5 - processing_system7_0
Adding cell -- xilinx.com:ip:proc_sys_reset:5.0 - rst_ps7_0_100M
Adding cell -- xilinx.com:ip:axi_crossbar:2.1 - xbar
Adding cell -- xilinx.com:ip:axi_mmu:2.1 - s01_mmu
Adding cell -- xilinx.com:ip:axi_protocol_converter:2.1 - auto_pc
Adding cell -- xilinx.com:ip:axi_protocol_converter:2.1 - auto_pc
Successfully read diagram <bmeMultibyte> from BD file </home/iavendano/pynq-copter/pynqcopter/bmeMultibyte/bmeMultibyte/bmeMultibyte.srcs/sources_1/bd/bmeMultibyte/bmeMultibyte.bd>
open_bd_design: Time (s): cpu = 00:00:18 ; elapsed = 00:00:09 . Memory (MB): peak = 6312.016 ; gain = 47.422 ; free physical = 57987 ; free virtual = 443845
delete_bd_objs [get_bd_intf_nets ps7_0_axi_periph_M00_AXI] [get_bd_intf_nets iiccomm_0_m_axi_iic] [get_bd_cells iiccomm_0]
startgroup
create_bd_cell -type ip -vlnv UCSD:hlsip:multibyte:1.0 multibyte_0
endgroup
set_property location {3 1037 159} [get_bd_cells multibyte_0]
connect_bd_intf_net -boundary_type upper [get_bd_intf_pins ps7_0_axi_periph/M00_AXI] [get_bd_intf_pins multibyte_0/s_axi_CTRL]
connect_bd_intf_net [get_bd_intf_pins multibyte_0/m_axi_CTRL] -boundary_type upper [get_bd_intf_pins ps7_0_axi_periph/S01_AXI]
connect_bd_net [get_bd_pins multibyte_0/ap_rst_n] [get_bd_pins rst_ps7_0_100M/peripheral_aresetn]
connect_bd_net [get_bd_pins multibyte_0/ap_clk] [get_bd_pins processing_system7_0/FCLK_CLK0]
save_bd_design
Wrote  : </home/iavendano/pynq-copter/pynqcopter/bmeMultibyte/bmeMultibyte/bmeMultibyte.srcs/sources_1/bd/bmeMultibyte/bmeMultibyte.bd> 
Wrote  : </home/iavendano/pynq-copter/pynqcopter/bmeMultibyte/bmeMultibyte/bmeMultibyte.srcs/sources_1/bd/bmeMultibyte/ui/bd_a8b3bb27.ui> 
validate_bd_design
CRITICAL WARNING: [BD 41-1356] Address block </multibyte_0/s_axi_CTRL/Reg> is not mapped into </processing_system7_0/Data>. Please use Address Editor to either map or exclude it.
CRITICAL WARNING: [BD 41-1356] Address block </axi_iic_0/S_AXI/Reg> is not mapped into </multibyte_0/Data_m_axi_CTRL>. Please use Address Editor to either map or exclude it.
CRITICAL WARNING: [BD 41-1356] Address block </multibyte_0/s_axi_CTRL/Reg> is not mapped into </processing_system7_0/Data>. Please use Address Editor to either map or exclude it.
CRITICAL WARNING: [BD 41-1356] Address block </axi_iic_0/S_AXI/Reg> is not mapped into </multibyte_0/Data_m_axi_CTRL>. Please use Address Editor to either map or exclude it.
validate_bd_design: Time (s): cpu = 00:00:12 ; elapsed = 00:00:06 . Memory (MB): peak = 6409.562 ; gain = 17.562 ; free physical = 55627 ; free virtual = 441476
assign_bd_address [get_bd_addr_segs {multibyte_0/s_axi_CTRL/Reg }]
</multibyte_0/s_axi_CTRL/Reg> is being mapped into </processing_system7_0/Data> at <0x43C00000 [ 64K ]>
set_property range 4K [get_bd_addr_segs {processing_system7_0/Data/SEG_multibyte_0_Reg}]
set_property offset 0x40000000 [get_bd_addr_segs {processing_system7_0/Data/SEG_multibyte_0_Reg}]
assign_bd_address [get_bd_addr_segs {axi_iic_0/S_AXI/Reg }]
</axi_iic_0/S_AXI/Reg> is being mapped into </multibyte_0/Data_m_axi_CTRL> at <0x40001000 [ 4K ]>
INFO: [BD 41-1051] The usage <register> of peripheral </axi_iic_0/S_AXI/Reg> does not match the usage <memory> of master </multibyte_0/Data_m_axi_CTRL> and will be excluded using sparse connectivity from its address space. Use the include_bd_addr_seg command to override this precaution and make this peripheral visible within this masters address space.
Excluding </axi_iic_0/S_AXI/Reg> from </multibyte_0/Data_m_axi_CTRL>
include_bd_addr_seg [get_bd_addr_segs -excluded multibyte_0/Data_m_axi_CTRL/SEG_axi_iic_0_Reg]
Including </axi_iic_0/S_AXI/Reg> into </multibyte_0/Data_m_axi_CTRL>
save_bd_design
Wrote  : </home/iavendano/pynq-copter/pynqcopter/bmeMultibyte/bmeMultibyte/bmeMultibyte.srcs/sources_1/bd/bmeMultibyte/bmeMultibyte.bd> 
validate_bd_design
CRITICAL WARNING: [BD 41-1356] Address block </multibyte_0/s_axi_CTRL/Reg> is not mapped into </multibyte_0/Data_m_axi_CTRL>. Please use Address Editor to either map or exclude it.
assign_bd_address [get_bd_addr_segs {multibyte_0/s_axi_CTRL/Reg }]
</multibyte_0/s_axi_CTRL/Reg> is being mapped into </multibyte_0/Data_m_axi_CTRL> at <0x40000000 [ 4K ]>
INFO: [BD 41-1051] The usage <register> of peripheral </multibyte_0/s_axi_CTRL/Reg> does not match the usage <memory> of master </multibyte_0/Data_m_axi_CTRL> and will be excluded using sparse connectivity from its address space. Use the include_bd_addr_seg command to override this precaution and make this peripheral visible within this masters address space.
Excluding </multibyte_0/s_axi_CTRL/Reg> from </multibyte_0/Data_m_axi_CTRL>
save_bd_design
Wrote  : </home/iavendano/pynq-copter/pynqcopter/bmeMultibyte/bmeMultibyte/bmeMultibyte.srcs/sources_1/bd/bmeMultibyte/bmeMultibyte.bd> 
validate_bd_design
write_bd_tcl -force -hier_blks [get_bd_cells /] /home/iavendano/pynq-copter/pynqcopter/bmeMultibyte/bmeMultibyte.tcl
INFO: [BD 5-148] Tcl file written out </home/iavendano/pynq-copter/pynqcopter/bmeMultibyte/bmeMultibyte.tcl>.

save_bd_design
Wrote  : </home/iavendano/pynq-copter/pynqcopter/bmeMultibyte/bmeMultibyte/bmeMultibyte.srcs/sources_1/bd/bmeMultibyte/bmeMultibyte.bd> 
write_bd_tcl -force -hier_blks [get_bd_cells /] /home/iavendano/pynq-copter/pynqcopter/bmeMultibyte/bmeMultibyte.tcl
INFO: [BD 5-148] Tcl file written out </home/iavendano/pynq-copter/pynqcopter/bmeMultibyte/bmeMultibyte.tcl>.

exit
INFO: [Common 17-206] Exiting Vivado at Fri Aug 17 14:03:53 2018...
