#-----------------------------------------------------------
# Vivado v2017.4 (64-bit)
# SW Build 2086221 on Fri Dec 15 20:54:30 MST 2017
# IP Build 2085800 on Fri Dec 15 22:25:07 MST 2017
# Start of session at: Sat Aug 18 14:28:31 2018
# Process ID: 29777
# Current directory: /home/iavendano/pynq-copter/pynqcopter/bmeMultibyte
# Command line: vivado bmeMultibyte/bmeMultibyte.xpr
# Log file: /home/iavendano/pynq-copter/pynqcopter/bmeMultibyte/vivado.log
# Journal file: /home/iavendano/pynq-copter/pynqcopter/bmeMultibyte/vivado.jou
#-----------------------------------------------------------
start_gui
open_project bmeMultibyte/bmeMultibyte.xpr
Scanning sources...
Finished scanning sources
INFO: [IP_Flow 19-234] Refreshing IP repositories
INFO: [IP_Flow 19-1700] Loaded user IP repository '/home/iavendano/pynq-copter/pynqcopter/ip'.
INFO: [IP_Flow 19-2313] Loaded Vivado IP repository '/data/opt/Xilinx/Vivado/2017.4/data/ip'.
open_project: Time (s): cpu = 00:00:36 ; elapsed = 00:00:14 . Memory (MB): peak = 6227.410 ; gain = 73.059 ; free physical = 23256 ; free virtual = 411703
update_compile_order -fileset sources_1
open_bd_design {/home/iavendano/pynq-copter/pynqcopter/bmeMultibyte/bmeMultibyte/bmeMultibyte.srcs/sources_1/bd/bmeMultibyte/bmeMultibyte.bd}
Adding cell -- xilinx.com:ip:axi_iic:2.0 - axi_iic_0
Adding cell -- UCSD:hlsip:multibyte:1.0 - multibyte_0
Adding cell -- xilinx.com:ip:processing_system7:5.5 - processing_system7_0
Adding cell -- xilinx.com:ip:proc_sys_reset:5.0 - rst_ps7_0_100M
Adding cell -- xilinx.com:ip:axi_crossbar:2.1 - xbar
Adding cell -- xilinx.com:ip:axi_protocol_converter:2.1 - auto_pc
Adding cell -- xilinx.com:ip:axi_protocol_converter:2.1 - auto_pc
Excluding </multibyte_0/s_axi_CTRL/Reg> from </multibyte_0/Data_m_axi_CTRL>
Successfully read diagram <bmeMultibyte> from BD file </home/iavendano/pynq-copter/pynqcopter/bmeMultibyte/bmeMultibyte/bmeMultibyte.srcs/sources_1/bd/bmeMultibyte/bmeMultibyte.bd>
open_bd_design: Time (s): cpu = 00:00:15 ; elapsed = 00:00:08 . Memory (MB): peak = 6309.910 ; gain = 45.305 ; free physical = 21742 ; free virtual = 410189
exit
INFO: [Common 17-206] Exiting Vivado at Sat Aug 18 14:31:16 2018...
