
*** Running vivado
    with args -log iicComm2Update_wrapper.vdi -applog -m64 -product Vivado -messageDb vivado.pb -mode batch -source iicComm2Update_wrapper.tcl -notrace


****** Vivado v2017.4 (64-bit)
  **** SW Build 2086221 on Fri Dec 15 20:54:30 MST 2017
  **** IP Build 2085800 on Fri Dec 15 22:25:07 MST 2017
    ** Copyright 1986-2017 Xilinx, Inc. All Rights Reserved.

source iicComm2Update_wrapper.tcl -notrace
INFO: [IP_Flow 19-234] Refreshing IP repositories
INFO: [IP_Flow 19-1700] Loaded user IP repository '/home/iavendano/pynq-copter/pynqcopter/ip'.
INFO: [IP_Flow 19-2313] Loaded Vivado IP repository '/data/opt/Xilinx/Vivado/2017.4/data/ip'.
Command: link_design -top iicComm2Update_wrapper -part xc7z020clg400-1
Design is defaulting to srcset: sources_1
Design is defaulting to constrset: constrs_1
INFO: [Project 1-454] Reading design checkpoint '/home/iavendano/pynq-copter/pynqcopter/iicComm2Update/iicComm2Update/iicComm2Update.srcs/sources_1/bd/iicComm2Update/ip/iicComm2Update_axi_iic_0_0/iicComm2Update_axi_iic_0_0.dcp' for cell 'iicComm2Update_i/axi_iic_0'
INFO: [Project 1-454] Reading design checkpoint '/home/iavendano/pynq-copter/pynqcopter/iicComm2Update/iicComm2Update/iicComm2Update.srcs/sources_1/bd/iicComm2Update/ip/iicComm2Update_iiccomm2update_0_0/iicComm2Update_iiccomm2update_0_0.dcp' for cell 'iicComm2Update_i/iiccomm2update_0'
INFO: [Project 1-454] Reading design checkpoint '/home/iavendano/pynq-copter/pynqcopter/iicComm2Update/iicComm2Update/iicComm2Update.srcs/sources_1/bd/iicComm2Update/ip/iicComm2Update_processing_system7_0_0/iicComm2Update_processing_system7_0_0.dcp' for cell 'iicComm2Update_i/processing_system7_0'
INFO: [Project 1-454] Reading design checkpoint '/home/iavendano/pynq-copter/pynqcopter/iicComm2Update/iicComm2Update/iicComm2Update.srcs/sources_1/bd/iicComm2Update/ip/iicComm2Update_rst_ps7_0_100M_0/iicComm2Update_rst_ps7_0_100M_0.dcp' for cell 'iicComm2Update_i/rst_ps7_0_100M'
INFO: [Project 1-454] Reading design checkpoint '/home/iavendano/pynq-copter/pynqcopter/iicComm2Update/iicComm2Update/iicComm2Update.srcs/sources_1/bd/iicComm2Update/ip/iicComm2Update_s01_mmu_0/iicComm2Update_s01_mmu_0.dcp' for cell 'iicComm2Update_i/ps7_0_axi_periph/s01_mmu'
INFO: [Project 1-454] Reading design checkpoint '/home/iavendano/pynq-copter/pynqcopter/iicComm2Update/iicComm2Update/iicComm2Update.srcs/sources_1/bd/iicComm2Update/ip/iicComm2Update_xbar_0/iicComm2Update_xbar_0.dcp' for cell 'iicComm2Update_i/ps7_0_axi_periph/xbar'
INFO: [Project 1-454] Reading design checkpoint '/home/iavendano/pynq-copter/pynqcopter/iicComm2Update/iicComm2Update/iicComm2Update.srcs/sources_1/bd/iicComm2Update/ip/iicComm2Update_auto_pc_0/iicComm2Update_auto_pc_0.dcp' for cell 'iicComm2Update_i/ps7_0_axi_periph/s00_couplers/auto_pc'
INFO: [Project 1-454] Reading design checkpoint '/home/iavendano/pynq-copter/pynqcopter/iicComm2Update/iicComm2Update/iicComm2Update.srcs/sources_1/bd/iicComm2Update/ip/iicComm2Update_auto_pc_1/iicComm2Update_auto_pc_1.dcp' for cell 'iicComm2Update_i/ps7_0_axi_periph/s01_couplers/auto_pc'
INFO: [Netlist 29-17] Analyzing 3349 Unisim elements for replacement
INFO: [Netlist 29-28] Unisim Transformation completed in 0 CPU seconds
INFO: [Project 1-479] Netlist was created with Vivado 2017.4
INFO: [Device 21-403] Loading part xc7z020clg400-1
INFO: [Project 1-570] Preparing netlist for logic optimization
Parsing XDC File [/home/iavendano/pynq-copter/pynqcopter/iicComm2Update/iicComm2Update/iicComm2Update.srcs/sources_1/bd/iicComm2Update/ip/iicComm2Update_axi_iic_0_0/iicComm2Update_axi_iic_0_0_board.xdc] for cell 'iicComm2Update_i/axi_iic_0/U0'
Finished Parsing XDC File [/home/iavendano/pynq-copter/pynqcopter/iicComm2Update/iicComm2Update/iicComm2Update.srcs/sources_1/bd/iicComm2Update/ip/iicComm2Update_axi_iic_0_0/iicComm2Update_axi_iic_0_0_board.xdc] for cell 'iicComm2Update_i/axi_iic_0/U0'
Parsing XDC File [/home/iavendano/pynq-copter/pynqcopter/iicComm2Update/iicComm2Update/iicComm2Update.srcs/sources_1/bd/iicComm2Update/ip/iicComm2Update_processing_system7_0_0/iicComm2Update_processing_system7_0_0.xdc] for cell 'iicComm2Update_i/processing_system7_0/inst'
Finished Parsing XDC File [/home/iavendano/pynq-copter/pynqcopter/iicComm2Update/iicComm2Update/iicComm2Update.srcs/sources_1/bd/iicComm2Update/ip/iicComm2Update_processing_system7_0_0/iicComm2Update_processing_system7_0_0.xdc] for cell 'iicComm2Update_i/processing_system7_0/inst'
Parsing XDC File [/home/iavendano/pynq-copter/pynqcopter/iicComm2Update/iicComm2Update/iicComm2Update.srcs/sources_1/bd/iicComm2Update/ip/iicComm2Update_rst_ps7_0_100M_0/iicComm2Update_rst_ps7_0_100M_0_board.xdc] for cell 'iicComm2Update_i/rst_ps7_0_100M/U0'
Finished Parsing XDC File [/home/iavendano/pynq-copter/pynqcopter/iicComm2Update/iicComm2Update/iicComm2Update.srcs/sources_1/bd/iicComm2Update/ip/iicComm2Update_rst_ps7_0_100M_0/iicComm2Update_rst_ps7_0_100M_0_board.xdc] for cell 'iicComm2Update_i/rst_ps7_0_100M/U0'
Parsing XDC File [/home/iavendano/pynq-copter/pynqcopter/iicComm2Update/iicComm2Update/iicComm2Update.srcs/sources_1/bd/iicComm2Update/ip/iicComm2Update_rst_ps7_0_100M_0/iicComm2Update_rst_ps7_0_100M_0.xdc] for cell 'iicComm2Update_i/rst_ps7_0_100M/U0'
Finished Parsing XDC File [/home/iavendano/pynq-copter/pynqcopter/iicComm2Update/iicComm2Update/iicComm2Update.srcs/sources_1/bd/iicComm2Update/ip/iicComm2Update_rst_ps7_0_100M_0/iicComm2Update_rst_ps7_0_100M_0.xdc] for cell 'iicComm2Update_i/rst_ps7_0_100M/U0'
Parsing XDC File [/home/iavendano/pynq-copter/pynqcopter/iicComm2Update/design.xdc]
WARNING: [Vivado 12-584] No ports matched 'arduino_gpio_tri_io[0]'. [/home/iavendano/pynq-copter/pynqcopter/iicComm2Update/design.xdc:49]
CRITICAL WARNING: [Common 17-55] 'set_property' expects at least one object. [/home/iavendano/pynq-copter/pynqcopter/iicComm2Update/design.xdc:49]
Resolution: If [get_<value>] was used to populate the object, check to make sure this command returns at least one valid object.
WARNING: [Vivado 12-584] No ports matched 'arduino_gpio_tri_io[1]'. [/home/iavendano/pynq-copter/pynqcopter/iicComm2Update/design.xdc:50]
CRITICAL WARNING: [Common 17-55] 'set_property' expects at least one object. [/home/iavendano/pynq-copter/pynqcopter/iicComm2Update/design.xdc:50]
Resolution: If [get_<value>] was used to populate the object, check to make sure this command returns at least one valid object.
WARNING: [Vivado 12-584] No ports matched 'arduino_gpio_tri_io[2]'. [/home/iavendano/pynq-copter/pynqcopter/iicComm2Update/design.xdc:51]
CRITICAL WARNING: [Common 17-55] 'set_property' expects at least one object. [/home/iavendano/pynq-copter/pynqcopter/iicComm2Update/design.xdc:51]
Resolution: If [get_<value>] was used to populate the object, check to make sure this command returns at least one valid object.
WARNING: [Vivado 12-584] No ports matched 'arduino_gpio_tri_io[3]'. [/home/iavendano/pynq-copter/pynqcopter/iicComm2Update/design.xdc:52]
CRITICAL WARNING: [Common 17-55] 'set_property' expects at least one object. [/home/iavendano/pynq-copter/pynqcopter/iicComm2Update/design.xdc:52]
Resolution: If [get_<value>] was used to populate the object, check to make sure this command returns at least one valid object.
WARNING: [Vivado 12-584] No ports matched 'arduino_gpio_tri_io[4]'. [/home/iavendano/pynq-copter/pynqcopter/iicComm2Update/design.xdc:53]
CRITICAL WARNING: [Common 17-55] 'set_property' expects at least one object. [/home/iavendano/pynq-copter/pynqcopter/iicComm2Update/design.xdc:53]
Resolution: If [get_<value>] was used to populate the object, check to make sure this command returns at least one valid object.
WARNING: [Vivado 12-584] No ports matched 'arduino_gpio_tri_io[5]'. [/home/iavendano/pynq-copter/pynqcopter/iicComm2Update/design.xdc:55]
CRITICAL WARNING: [Common 17-55] 'set_property' expects at least one object. [/home/iavendano/pynq-copter/pynqcopter/iicComm2Update/design.xdc:55]
Resolution: If [get_<value>] was used to populate the object, check to make sure this command returns at least one valid object.
WARNING: [Vivado 12-584] No ports matched 'arduino_gpio_tri_io[6]'. [/home/iavendano/pynq-copter/pynqcopter/iicComm2Update/design.xdc:56]
CRITICAL WARNING: [Common 17-55] 'set_property' expects at least one object. [/home/iavendano/pynq-copter/pynqcopter/iicComm2Update/design.xdc:56]
Resolution: If [get_<value>] was used to populate the object, check to make sure this command returns at least one valid object.
WARNING: [Vivado 12-584] No ports matched 'arduino_gpio_tri_io[7]'. [/home/iavendano/pynq-copter/pynqcopter/iicComm2Update/design.xdc:57]
CRITICAL WARNING: [Common 17-55] 'set_property' expects at least one object. [/home/iavendano/pynq-copter/pynqcopter/iicComm2Update/design.xdc:57]
Resolution: If [get_<value>] was used to populate the object, check to make sure this command returns at least one valid object.
WARNING: [Vivado 12-584] No ports matched 'arduino_gpio_tri_io[8]'. [/home/iavendano/pynq-copter/pynqcopter/iicComm2Update/design.xdc:58]
CRITICAL WARNING: [Common 17-55] 'set_property' expects at least one object. [/home/iavendano/pynq-copter/pynqcopter/iicComm2Update/design.xdc:58]
Resolution: If [get_<value>] was used to populate the object, check to make sure this command returns at least one valid object.
WARNING: [Vivado 12-584] No ports matched 'arduino_gpio_tri_io[9]'. [/home/iavendano/pynq-copter/pynqcopter/iicComm2Update/design.xdc:59]
CRITICAL WARNING: [Common 17-55] 'set_property' expects at least one object. [/home/iavendano/pynq-copter/pynqcopter/iicComm2Update/design.xdc:59]
Resolution: If [get_<value>] was used to populate the object, check to make sure this command returns at least one valid object.
WARNING: [Vivado 12-584] No ports matched 'arduino_gpio_tri_io[10]'. [/home/iavendano/pynq-copter/pynqcopter/iicComm2Update/design.xdc:61]
CRITICAL WARNING: [Common 17-55] 'set_property' expects at least one object. [/home/iavendano/pynq-copter/pynqcopter/iicComm2Update/design.xdc:61]
Resolution: If [get_<value>] was used to populate the object, check to make sure this command returns at least one valid object.
WARNING: [Vivado 12-584] No ports matched 'arduino_gpio_tri_io[11]'. [/home/iavendano/pynq-copter/pynqcopter/iicComm2Update/design.xdc:62]
CRITICAL WARNING: [Common 17-55] 'set_property' expects at least one object. [/home/iavendano/pynq-copter/pynqcopter/iicComm2Update/design.xdc:62]
Resolution: If [get_<value>] was used to populate the object, check to make sure this command returns at least one valid object.
WARNING: [Vivado 12-584] No ports matched 'arduino_gpio_tri_io[12]'. [/home/iavendano/pynq-copter/pynqcopter/iicComm2Update/design.xdc:63]
CRITICAL WARNING: [Common 17-55] 'set_property' expects at least one object. [/home/iavendano/pynq-copter/pynqcopter/iicComm2Update/design.xdc:63]
Resolution: If [get_<value>] was used to populate the object, check to make sure this command returns at least one valid object.
WARNING: [Vivado 12-584] No ports matched 'arduino_gpio_tri_io[13]'. [/home/iavendano/pynq-copter/pynqcopter/iicComm2Update/design.xdc:64]
CRITICAL WARNING: [Common 17-55] 'set_property' expects at least one object. [/home/iavendano/pynq-copter/pynqcopter/iicComm2Update/design.xdc:64]
Resolution: If [get_<value>] was used to populate the object, check to make sure this command returns at least one valid object.
WARNING: [Vivado 12-584] No ports matched 'arduino_gpio_tri_io[14]'. [/home/iavendano/pynq-copter/pynqcopter/iicComm2Update/design.xdc:65]
CRITICAL WARNING: [Common 17-55] 'set_property' expects at least one object. [/home/iavendano/pynq-copter/pynqcopter/iicComm2Update/design.xdc:65]
Resolution: If [get_<value>] was used to populate the object, check to make sure this command returns at least one valid object.
WARNING: [Vivado 12-584] No ports matched 'arduino_gpio_tri_io[15]'. [/home/iavendano/pynq-copter/pynqcopter/iicComm2Update/design.xdc:67]
CRITICAL WARNING: [Common 17-55] 'set_property' expects at least one object. [/home/iavendano/pynq-copter/pynqcopter/iicComm2Update/design.xdc:67]
Resolution: If [get_<value>] was used to populate the object, check to make sure this command returns at least one valid object.
WARNING: [Vivado 12-584] No ports matched 'arduino_gpio_tri_io[16]'. [/home/iavendano/pynq-copter/pynqcopter/iicComm2Update/design.xdc:68]
CRITICAL WARNING: [Common 17-55] 'set_property' expects at least one object. [/home/iavendano/pynq-copter/pynqcopter/iicComm2Update/design.xdc:68]
Resolution: If [get_<value>] was used to populate the object, check to make sure this command returns at least one valid object.
WARNING: [Vivado 12-584] No ports matched 'arduino_gpio_tri_io[17]'. [/home/iavendano/pynq-copter/pynqcopter/iicComm2Update/design.xdc:69]
CRITICAL WARNING: [Common 17-55] 'set_property' expects at least one object. [/home/iavendano/pynq-copter/pynqcopter/iicComm2Update/design.xdc:69]
Resolution: If [get_<value>] was used to populate the object, check to make sure this command returns at least one valid object.
WARNING: [Vivado 12-584] No ports matched 'arduino_gpio_tri_io[18]'. [/home/iavendano/pynq-copter/pynqcopter/iicComm2Update/design.xdc:70]
CRITICAL WARNING: [Common 17-55] 'set_property' expects at least one object. [/home/iavendano/pynq-copter/pynqcopter/iicComm2Update/design.xdc:70]
Resolution: If [get_<value>] was used to populate the object, check to make sure this command returns at least one valid object.
WARNING: [Vivado 12-584] No ports matched 'arduino_gpio_tri_io[19]'. [/home/iavendano/pynq-copter/pynqcopter/iicComm2Update/design.xdc:71]
CRITICAL WARNING: [Common 17-55] 'set_property' expects at least one object. [/home/iavendano/pynq-copter/pynqcopter/iicComm2Update/design.xdc:71]
Resolution: If [get_<value>] was used to populate the object, check to make sure this command returns at least one valid object.
WARNING: [Vivado 12-584] No ports matched 'arduino_gpio_tri_io[*]'. [/home/iavendano/pynq-copter/pynqcopter/iicComm2Update/design.xdc:76]
CRITICAL WARNING: [Common 17-55] 'set_property' expects at least one object. [/home/iavendano/pynq-copter/pynqcopter/iicComm2Update/design.xdc:76]
Resolution: If [get_<value>] was used to populate the object, check to make sure this command returns at least one valid object.
WARNING: [Vivado 12-584] No ports matched 'pmodJA_gpio_tri_io[1]'. [/home/iavendano/pynq-copter/pynqcopter/iicComm2Update/design.xdc:79]
CRITICAL WARNING: [Common 17-55] 'set_property' expects at least one object. [/home/iavendano/pynq-copter/pynqcopter/iicComm2Update/design.xdc:79]
Resolution: If [get_<value>] was used to populate the object, check to make sure this command returns at least one valid object.
WARNING: [Vivado 12-584] No ports matched 'pmodJA_gpio_tri_io[0]'. [/home/iavendano/pynq-copter/pynqcopter/iicComm2Update/design.xdc:80]
CRITICAL WARNING: [Common 17-55] 'set_property' expects at least one object. [/home/iavendano/pynq-copter/pynqcopter/iicComm2Update/design.xdc:80]
Resolution: If [get_<value>] was used to populate the object, check to make sure this command returns at least one valid object.
WARNING: [Vivado 12-584] No ports matched 'pmodJA_gpio_tri_io[3]'. [/home/iavendano/pynq-copter/pynqcopter/iicComm2Update/design.xdc:81]
CRITICAL WARNING: [Common 17-55] 'set_property' expects at least one object. [/home/iavendano/pynq-copter/pynqcopter/iicComm2Update/design.xdc:81]
Resolution: If [get_<value>] was used to populate the object, check to make sure this command returns at least one valid object.
WARNING: [Vivado 12-584] No ports matched 'pmodJA_gpio_tri_io[2]'. [/home/iavendano/pynq-copter/pynqcopter/iicComm2Update/design.xdc:82]
CRITICAL WARNING: [Common 17-55] 'set_property' expects at least one object. [/home/iavendano/pynq-copter/pynqcopter/iicComm2Update/design.xdc:82]
Resolution: If [get_<value>] was used to populate the object, check to make sure this command returns at least one valid object.
WARNING: [Vivado 12-584] No ports matched 'pmodJA_gpio_tri_io[5]'. [/home/iavendano/pynq-copter/pynqcopter/iicComm2Update/design.xdc:83]
CRITICAL WARNING: [Common 17-55] 'set_property' expects at least one object. [/home/iavendano/pynq-copter/pynqcopter/iicComm2Update/design.xdc:83]
Resolution: If [get_<value>] was used to populate the object, check to make sure this command returns at least one valid object.
WARNING: [Vivado 12-584] No ports matched 'pmodJA_gpio_tri_io[4]'. [/home/iavendano/pynq-copter/pynqcopter/iicComm2Update/design.xdc:84]
CRITICAL WARNING: [Common 17-55] 'set_property' expects at least one object. [/home/iavendano/pynq-copter/pynqcopter/iicComm2Update/design.xdc:84]
Resolution: If [get_<value>] was used to populate the object, check to make sure this command returns at least one valid object.
WARNING: [Vivado 12-584] No ports matched 'pmodJA_gpio_tri_io[7]'. [/home/iavendano/pynq-copter/pynqcopter/iicComm2Update/design.xdc:85]
CRITICAL WARNING: [Common 17-55] 'set_property' expects at least one object. [/home/iavendano/pynq-copter/pynqcopter/iicComm2Update/design.xdc:85]
Resolution: If [get_<value>] was used to populate the object, check to make sure this command returns at least one valid object.
WARNING: [Vivado 12-584] No ports matched 'pmodJA_gpio_tri_io[6]'. [/home/iavendano/pynq-copter/pynqcopter/iicComm2Update/design.xdc:86]
CRITICAL WARNING: [Common 17-55] 'set_property' expects at least one object. [/home/iavendano/pynq-copter/pynqcopter/iicComm2Update/design.xdc:86]
Resolution: If [get_<value>] was used to populate the object, check to make sure this command returns at least one valid object.
WARNING: [Vivado 12-584] No ports matched 'pmodJA_gpio_tri_io[2]'. [/home/iavendano/pynq-copter/pynqcopter/iicComm2Update/design.xdc:87]
CRITICAL WARNING: [Common 17-55] 'set_property' expects at least one object. [/home/iavendano/pynq-copter/pynqcopter/iicComm2Update/design.xdc:87]
Resolution: If [get_<value>] was used to populate the object, check to make sure this command returns at least one valid object.
WARNING: [Vivado 12-584] No ports matched 'pmodJA_gpio_tri_io[3]'. [/home/iavendano/pynq-copter/pynqcopter/iicComm2Update/design.xdc:88]
CRITICAL WARNING: [Common 17-55] 'set_property' expects at least one object. [/home/iavendano/pynq-copter/pynqcopter/iicComm2Update/design.xdc:88]
Resolution: If [get_<value>] was used to populate the object, check to make sure this command returns at least one valid object.
WARNING: [Vivado 12-584] No ports matched 'pmodJA_gpio_tri_io[6]'. [/home/iavendano/pynq-copter/pynqcopter/iicComm2Update/design.xdc:89]
CRITICAL WARNING: [Common 17-55] 'set_property' expects at least one object. [/home/iavendano/pynq-copter/pynqcopter/iicComm2Update/design.xdc:89]
Resolution: If [get_<value>] was used to populate the object, check to make sure this command returns at least one valid object.
WARNING: [Vivado 12-584] No ports matched 'pmodJA_gpio_tri_io[7]'. [/home/iavendano/pynq-copter/pynqcopter/iicComm2Update/design.xdc:90]
CRITICAL WARNING: [Common 17-55] 'set_property' expects at least one object. [/home/iavendano/pynq-copter/pynqcopter/iicComm2Update/design.xdc:90]
Resolution: If [get_<value>] was used to populate the object, check to make sure this command returns at least one valid object.
WARNING: [Vivado 12-584] No ports matched 'pmodJB_gpio_tri_io[1]'. [/home/iavendano/pynq-copter/pynqcopter/iicComm2Update/design.xdc:93]
CRITICAL WARNING: [Common 17-55] 'set_property' expects at least one object. [/home/iavendano/pynq-copter/pynqcopter/iicComm2Update/design.xdc:93]
Resolution: If [get_<value>] was used to populate the object, check to make sure this command returns at least one valid object.
WARNING: [Vivado 12-584] No ports matched 'pmodJB_gpio_tri_io[0]'. [/home/iavendano/pynq-copter/pynqcopter/iicComm2Update/design.xdc:94]
CRITICAL WARNING: [Common 17-55] 'set_property' expects at least one object. [/home/iavendano/pynq-copter/pynqcopter/iicComm2Update/design.xdc:94]
Resolution: If [get_<value>] was used to populate the object, check to make sure this command returns at least one valid object.
WARNING: [Vivado 12-584] No ports matched 'pmodJB_gpio_tri_io[3]'. [/home/iavendano/pynq-copter/pynqcopter/iicComm2Update/design.xdc:95]
CRITICAL WARNING: [Common 17-55] 'set_property' expects at least one object. [/home/iavendano/pynq-copter/pynqcopter/iicComm2Update/design.xdc:95]
Resolution: If [get_<value>] was used to populate the object, check to make sure this command returns at least one valid object.
WARNING: [Vivado 12-584] No ports matched 'pmodJB_gpio_tri_io[2]'. [/home/iavendano/pynq-copter/pynqcopter/iicComm2Update/design.xdc:96]
CRITICAL WARNING: [Common 17-55] 'set_property' expects at least one object. [/home/iavendano/pynq-copter/pynqcopter/iicComm2Update/design.xdc:96]
Resolution: If [get_<value>] was used to populate the object, check to make sure this command returns at least one valid object.
WARNING: [Vivado 12-584] No ports matched 'pmodJB_gpio_tri_io[5]'. [/home/iavendano/pynq-copter/pynqcopter/iicComm2Update/design.xdc:97]
CRITICAL WARNING: [Common 17-55] 'set_property' expects at least one object. [/home/iavendano/pynq-copter/pynqcopter/iicComm2Update/design.xdc:97]
Resolution: If [get_<value>] was used to populate the object, check to make sure this command returns at least one valid object.
WARNING: [Vivado 12-584] No ports matched 'pmodJB_gpio_tri_io[4]'. [/home/iavendano/pynq-copter/pynqcopter/iicComm2Update/design.xdc:98]
CRITICAL WARNING: [Common 17-55] 'set_property' expects at least one object. [/home/iavendano/pynq-copter/pynqcopter/iicComm2Update/design.xdc:98]
Resolution: If [get_<value>] was used to populate the object, check to make sure this command returns at least one valid object.
WARNING: [Vivado 12-584] No ports matched 'pmodJB_gpio_tri_io[7]'. [/home/iavendano/pynq-copter/pynqcopter/iicComm2Update/design.xdc:99]
CRITICAL WARNING: [Common 17-55] 'set_property' expects at least one object. [/home/iavendano/pynq-copter/pynqcopter/iicComm2Update/design.xdc:99]
Resolution: If [get_<value>] was used to populate the object, check to make sure this command returns at least one valid object.
WARNING: [Vivado 12-584] No ports matched 'pmodJB_gpio_tri_io[6]'. [/home/iavendano/pynq-copter/pynqcopter/iicComm2Update/design.xdc:100]
CRITICAL WARNING: [Common 17-55] 'set_property' expects at least one object. [/home/iavendano/pynq-copter/pynqcopter/iicComm2Update/design.xdc:100]
Resolution: If [get_<value>] was used to populate the object, check to make sure this command returns at least one valid object.
WARNING: [Vivado 12-584] No ports matched 'pmodJB_gpio_tri_io[2]'. [/home/iavendano/pynq-copter/pynqcopter/iicComm2Update/design.xdc:101]
CRITICAL WARNING: [Common 17-55] 'set_property' expects at least one object. [/home/iavendano/pynq-copter/pynqcopter/iicComm2Update/design.xdc:101]
Resolution: If [get_<value>] was used to populate the object, check to make sure this command returns at least one valid object.
WARNING: [Vivado 12-584] No ports matched 'pmodJB_gpio_tri_io[3]'. [/home/iavendano/pynq-copter/pynqcopter/iicComm2Update/design.xdc:102]
CRITICAL WARNING: [Common 17-55] 'set_property' expects at least one object. [/home/iavendano/pynq-copter/pynqcopter/iicComm2Update/design.xdc:102]
Resolution: If [get_<value>] was used to populate the object, check to make sure this command returns at least one valid object.
WARNING: [Vivado 12-584] No ports matched 'pmodJB_gpio_tri_io[6]'. [/home/iavendano/pynq-copter/pynqcopter/iicComm2Update/design.xdc:103]
CRITICAL WARNING: [Common 17-55] 'set_property' expects at least one object. [/home/iavendano/pynq-copter/pynqcopter/iicComm2Update/design.xdc:103]
Resolution: If [get_<value>] was used to populate the object, check to make sure this command returns at least one valid object.
WARNING: [Vivado 12-584] No ports matched 'pmodJB_gpio_tri_io[7]'. [/home/iavendano/pynq-copter/pynqcopter/iicComm2Update/design.xdc:104]
CRITICAL WARNING: [Common 17-55] 'set_property' expects at least one object. [/home/iavendano/pynq-copter/pynqcopter/iicComm2Update/design.xdc:104]
Resolution: If [get_<value>] was used to populate the object, check to make sure this command returns at least one valid object.
Finished Parsing XDC File [/home/iavendano/pynq-copter/pynqcopter/iicComm2Update/design.xdc]
INFO: [Opt 31-138] Pushed 0 inverter(s) to 0 load pin(s).
INFO: [Project 1-111] Unisim Transformation Summary:
  A total of 34 instances were transformed.
  IOBUF => IOBUF (IBUF, OBUFT): 2 instances
  RAM16X1S => RAM32X1S (RAMS32): 32 instances

18 Infos, 45 Warnings, 45 Critical Warnings and 0 Errors encountered.
link_design completed successfully
link_design: Time (s): cpu = 00:00:38 ; elapsed = 00:01:22 . Memory (MB): peak = 1634.508 ; gain = 457.551 ; free physical = 101955 ; free virtual = 495413
Command: opt_design
Attempting to get a license for feature 'Implementation' and/or device 'xc7z020'
INFO: [Common 17-349] Got license for feature 'Implementation' and/or device 'xc7z020'
Running DRC as a precondition to command opt_design

Starting DRC Task
INFO: [DRC 23-27] Running DRC with 8 threads
INFO: [Project 1-461] DRC finished with 0 Errors
INFO: [Project 1-462] Please refer to the DRC report (report_drc) for more information.

Time (s): cpu = 00:00:03 ; elapsed = 00:00:03 . Memory (MB): peak = 1721.531 ; gain = 87.023 ; free physical = 101856 ; free virtual = 495315
INFO: [Timing 38-35] Done setting XDC timing constraints.

Starting Logic Optimization Task

Phase 1 Retarget
INFO: [Opt 31-138] Pushed 0 inverter(s) to 0 load pin(s).
INFO: [Opt 31-49] Retargeted 0 cell(s).
Phase 1 Retarget | Checksum: 11ecddf30

Time (s): cpu = 00:00:06 ; elapsed = 00:00:05 . Memory (MB): peak = 2208.023 ; gain = 0.000 ; free physical = 101560 ; free virtual = 494990
INFO: [Opt 31-389] Phase Retarget created 141 cells and removed 347 cells

Phase 2 Constant propagation
INFO: [Opt 31-138] Pushed 0 inverter(s) to 0 load pin(s).
Phase 2 Constant propagation | Checksum: 13a5f4143

Time (s): cpu = 00:00:08 ; elapsed = 00:00:07 . Memory (MB): peak = 2208.023 ; gain = 0.000 ; free physical = 101485 ; free virtual = 494914
INFO: [Opt 31-389] Phase Constant propagation created 124 cells and removed 473 cells

Phase 3 Sweep
Phase 3 Sweep | Checksum: 1c7860eb0

Time (s): cpu = 00:00:11 ; elapsed = 00:00:10 . Memory (MB): peak = 2208.023 ; gain = 0.000 ; free physical = 101353 ; free virtual = 494783
INFO: [Opt 31-389] Phase Sweep created 0 cells and removed 384 cells

Phase 4 BUFG optimization
Phase 4 BUFG optimization | Checksum: 1c7860eb0

Time (s): cpu = 00:00:13 ; elapsed = 00:00:12 . Memory (MB): peak = 2208.023 ; gain = 0.000 ; free physical = 101359 ; free virtual = 494789
INFO: [Opt 31-389] Phase BUFG optimization created 0 cells and removed 0 cells

Phase 5 Shift Register Optimization
Phase 5 Shift Register Optimization | Checksum: 1c7860eb0

Time (s): cpu = 00:00:15 ; elapsed = 00:00:14 . Memory (MB): peak = 2208.023 ; gain = 0.000 ; free physical = 101362 ; free virtual = 494792
INFO: [Opt 31-389] Phase Shift Register Optimization created 0 cells and removed 0 cells

Starting Connectivity Check Task

Time (s): cpu = 00:00:00.20 ; elapsed = 00:00:00.19 . Memory (MB): peak = 2208.023 ; gain = 0.000 ; free physical = 101360 ; free virtual = 494798
Ending Logic Optimization Task | Checksum: 1eb7d0ed8

Time (s): cpu = 00:00:17 ; elapsed = 00:00:16 . Memory (MB): peak = 2208.023 ; gain = 0.000 ; free physical = 101358 ; free virtual = 494796

Starting Power Optimization Task
INFO: [Pwropt 34-132] Skipping clock gating for clocks with a period < 2.00 ns.
INFO: [Pwropt 34-9] Applying IDT optimizations ...
INFO: [Pwropt 34-10] Applying ODC optimizations ...
INFO: [Timing 38-35] Done setting XDC timing constraints.
INFO: [Physopt 32-619] Estimated Timing Summary | WNS=2.555 | TNS=0.000 |
Running Vector-less Activity Propagation...

Finished Running Vector-less Activity Propagation


Starting PowerOpt Patch Enables Task
INFO: [Pwropt 34-162] WRITE_MODE attribute of 0 BRAM(s) out of a total of 3 has been updated to save power. Run report_power_opt to get a complete listing of the BRAMs updated.
INFO: [Pwropt 34-201] Structural ODC has moved 0 WE to EN ports
Number of BRAM Ports augmented: 0 newly gated: 0 Total Ports: 6
Ending PowerOpt Patch Enables Task | Checksum: 122a91d0b

Time (s): cpu = 00:00:00.32 ; elapsed = 00:00:00.35 . Memory (MB): peak = 2670.809 ; gain = 0.000 ; free physical = 101260 ; free virtual = 494705
Ending Power Optimization Task | Checksum: 122a91d0b

Time (s): cpu = 00:00:32 ; elapsed = 00:00:18 . Memory (MB): peak = 2670.809 ; gain = 462.785 ; free physical = 101283 ; free virtual = 494728
INFO: [Common 17-83] Releasing license: Implementation
39 Infos, 45 Warnings, 45 Critical Warnings and 0 Errors encountered.
opt_design completed successfully
opt_design: Time (s): cpu = 00:01:20 ; elapsed = 00:01:31 . Memory (MB): peak = 2670.809 ; gain = 1036.301 ; free physical = 101283 ; free virtual = 494729
Writing placer database...
Writing XDEF routing.
Writing XDEF routing logical nets.
Writing XDEF routing special nets.
Write XDEF Complete: Time (s): cpu = 00:00:00.26 ; elapsed = 00:00:00.21 . Memory (MB): peak = 2670.809 ; gain = 0.000 ; free physical = 101268 ; free virtual = 494716
INFO: [Common 17-1381] The checkpoint '/home/iavendano/pynq-copter/pynqcopter/iicComm2Update/iicComm2Update/iicComm2Update.runs/impl_1/iicComm2Update_wrapper_opt.dcp' has been generated.
write_checkpoint: Time (s): cpu = 00:00:18 ; elapsed = 00:00:21 . Memory (MB): peak = 2670.809 ; gain = 0.000 ; free physical = 101641 ; free virtual = 495110
INFO: [runtcl-4] Executing : report_drc -file iicComm2Update_wrapper_drc_opted.rpt -pb iicComm2Update_wrapper_drc_opted.pb -rpx iicComm2Update_wrapper_drc_opted.rpx
Command: report_drc -file iicComm2Update_wrapper_drc_opted.rpt -pb iicComm2Update_wrapper_drc_opted.pb -rpx iicComm2Update_wrapper_drc_opted.rpx
INFO: [IP_Flow 19-1839] IP Catalog is up to date.
INFO: [DRC 23-27] Running DRC with 8 threads
INFO: [Coretcl 2-168] The results of DRC are in file /home/iavendano/pynq-copter/pynqcopter/iicComm2Update/iicComm2Update/iicComm2Update.runs/impl_1/iicComm2Update_wrapper_drc_opted.rpt.
report_drc completed successfully
report_drc: Time (s): cpu = 00:00:12 ; elapsed = 00:00:09 . Memory (MB): peak = 2670.809 ; gain = 0.000 ; free physical = 101608 ; free virtual = 495077
INFO: [Chipscope 16-241] No debug cores found in the current design.
Before running the implement_debug_core command, either use the Set Up Debug wizard (GUI mode)
or use the create_debug_core and connect_debug_core Tcl commands to insert debug cores into the design.
Command: place_design
Attempting to get a license for feature 'Implementation' and/or device 'xc7z020'
INFO: [Common 17-349] Got license for feature 'Implementation' and/or device 'xc7z020'
INFO: [DRC 23-27] Running DRC with 8 threads
INFO: [Vivado_Tcl 4-198] DRC finished with 0 Errors
INFO: [Vivado_Tcl 4-199] Please refer to the DRC report (report_drc) for more information.
Running DRC as a precondition to command place_design
INFO: [DRC 23-27] Running DRC with 8 threads
INFO: [Vivado_Tcl 4-198] DRC finished with 0 Errors
INFO: [Vivado_Tcl 4-199] Please refer to the DRC report (report_drc) for more information.

Starting Placer Task
INFO: [Place 30-611] Multithreading enabled for place_design using a maximum of 8 CPUs

Phase 1 Placer Initialization

Phase 1.1 Placer Initialization Netlist Sorting
Netlist sorting complete. Time (s): cpu = 00:00:00.08 ; elapsed = 00:00:00.10 . Memory (MB): peak = 2670.809 ; gain = 0.000 ; free physical = 101666 ; free virtual = 495135
Phase 1.1 Placer Initialization Netlist Sorting | Checksum: 1011af0c9

Time (s): cpu = 00:00:00.12 ; elapsed = 00:00:00.15 . Memory (MB): peak = 2670.809 ; gain = 0.000 ; free physical = 101666 ; free virtual = 495135
INFO: [Timing 38-35] Done setting XDC timing constraints.
INFO: [Opt 31-138] Pushed 0 inverter(s) to 0 load pin(s).
Netlist sorting complete. Time (s): cpu = 00:00:00.07 ; elapsed = 00:00:00.07 . Memory (MB): peak = 2670.809 ; gain = 0.000 ; free physical = 101643 ; free virtual = 495112

Phase 1.2 IO Placement/ Clock Placement/ Build Placer Device
INFO: [Timing 38-35] Done setting XDC timing constraints.
Phase 1.2 IO Placement/ Clock Placement/ Build Placer Device | Checksum: 57844f0d

Time (s): cpu = 00:00:21 ; elapsed = 00:00:16 . Memory (MB): peak = 2670.809 ; gain = 0.000 ; free physical = 101504 ; free virtual = 494973

Phase 1.3 Build Placer Netlist Model
Phase 1.3 Build Placer Netlist Model | Checksum: 16a77142f

Time (s): cpu = 00:00:44 ; elapsed = 00:00:32 . Memory (MB): peak = 2670.809 ; gain = 0.000 ; free physical = 101141 ; free virtual = 494608

Phase 1.4 Constrain Clocks/Macros
Phase 1.4 Constrain Clocks/Macros | Checksum: 16a77142f

Time (s): cpu = 00:00:44 ; elapsed = 00:00:32 . Memory (MB): peak = 2670.809 ; gain = 0.000 ; free physical = 101136 ; free virtual = 494604
Phase 1 Placer Initialization | Checksum: 16a77142f

Time (s): cpu = 00:00:44 ; elapsed = 00:00:32 . Memory (MB): peak = 2670.809 ; gain = 0.000 ; free physical = 101130 ; free virtual = 494597

Phase 2 Global Placement
Phase 2 Global Placement | Checksum: 1148f7d5e

Time (s): cpu = 00:03:37 ; elapsed = 00:02:35 . Memory (MB): peak = 2670.891 ; gain = 0.082 ; free physical = 101007 ; free virtual = 494445

Phase 3 Detail Placement

Phase 3.1 Commit Multi Column Macros
Phase 3.1 Commit Multi Column Macros | Checksum: 1148f7d5e

Time (s): cpu = 00:03:37 ; elapsed = 00:02:35 . Memory (MB): peak = 2670.891 ; gain = 0.082 ; free physical = 101006 ; free virtual = 494444

Phase 3.2 Commit Most Macros & LUTRAMs
Phase 3.2 Commit Most Macros & LUTRAMs | Checksum: 1e52aeead

Time (s): cpu = 00:03:54 ; elapsed = 00:02:49 . Memory (MB): peak = 2670.891 ; gain = 0.082 ; free physical = 101047 ; free virtual = 494501

Phase 3.3 Area Swap Optimization
Phase 3.3 Area Swap Optimization | Checksum: 1aad6b317

Time (s): cpu = 00:03:55 ; elapsed = 00:02:50 . Memory (MB): peak = 2670.891 ; gain = 0.082 ; free physical = 101045 ; free virtual = 494499

Phase 3.4 Pipeline Register Optimization
Phase 3.4 Pipeline Register Optimization | Checksum: 11d4fbdaf

Time (s): cpu = 00:03:56 ; elapsed = 00:02:50 . Memory (MB): peak = 2670.891 ; gain = 0.082 ; free physical = 101046 ; free virtual = 494500

Phase 3.5 Small Shape Detail Placement
Phase 3.5 Small Shape Detail Placement | Checksum: 1f85d2baa

Time (s): cpu = 00:04:13 ; elapsed = 00:03:08 . Memory (MB): peak = 2670.891 ; gain = 0.082 ; free physical = 100820 ; free virtual = 494281

Phase 3.6 Re-assign LUT pins
Phase 3.6 Re-assign LUT pins | Checksum: 1d2427e47

Time (s): cpu = 00:04:15 ; elapsed = 00:03:10 . Memory (MB): peak = 2670.891 ; gain = 0.082 ; free physical = 101305 ; free virtual = 494774

Phase 3.7 Pipeline Register Optimization
Phase 3.7 Pipeline Register Optimization | Checksum: 140cc6cc4

Time (s): cpu = 00:04:16 ; elapsed = 00:03:11 . Memory (MB): peak = 2670.891 ; gain = 0.082 ; free physical = 101264 ; free virtual = 494734
Phase 3 Detail Placement | Checksum: 140cc6cc4

Time (s): cpu = 00:04:16 ; elapsed = 00:03:11 . Memory (MB): peak = 2670.891 ; gain = 0.082 ; free physical = 101344 ; free virtual = 494813

Phase 4 Post Placement Optimization and Clean-Up

Phase 4.1 Post Commit Optimization
INFO: [Timing 38-35] Done setting XDC timing constraints.

Phase 4.1.1 Post Placement Optimization
Post Placement Optimization Initialization | Checksum: 6fb8e5dd

Phase 4.1.1.1 BUFG Insertion
INFO: [Physopt 32-721] Multithreading enabled for phys_opt_design using a maximum of 8 CPUs
INFO: [Place 46-33] Processed net iicComm2Update_i/iiccomm2update_0/inst/iiccomm2update_AXILiteS_s_axi_U/FSM_onehot_wstate_reg[1]_0, BUFG insertion was skipped due to placement/routing conflicts.
INFO: [Place 46-31] BUFG insertion identified 1 candidate nets, 0 success, 1 skipped for placement/routing, 0 skipped for timing, 0 skipped for netlist change reason.
Phase 4.1.1.1 BUFG Insertion | Checksum: 6fb8e5dd

Time (s): cpu = 00:04:37 ; elapsed = 00:03:23 . Memory (MB): peak = 2670.891 ; gain = 0.082 ; free physical = 101263 ; free virtual = 494733
INFO: [Place 30-746] Post Placement Timing Summary WNS=2.434. For the most accurate timing information please run report_timing.
Phase 4.1.1 Post Placement Optimization | Checksum: e475e1ce

Time (s): cpu = 00:04:37 ; elapsed = 00:03:24 . Memory (MB): peak = 2670.891 ; gain = 0.082 ; free physical = 101231 ; free virtual = 494700
Phase 4.1 Post Commit Optimization | Checksum: e475e1ce

Time (s): cpu = 00:04:38 ; elapsed = 00:03:24 . Memory (MB): peak = 2670.891 ; gain = 0.082 ; free physical = 101271 ; free virtual = 494740

Phase 4.2 Post Placement Cleanup
Phase 4.2 Post Placement Cleanup | Checksum: e475e1ce

Time (s): cpu = 00:04:38 ; elapsed = 00:03:25 . Memory (MB): peak = 2670.891 ; gain = 0.082 ; free physical = 101260 ; free virtual = 494729

Phase 4.3 Placer Reporting
Phase 4.3 Placer Reporting | Checksum: e475e1ce

Time (s): cpu = 00:04:39 ; elapsed = 00:03:25 . Memory (MB): peak = 2670.891 ; gain = 0.082 ; free physical = 101250 ; free virtual = 494719

Phase 4.4 Final Placement Cleanup
Phase 4.4 Final Placement Cleanup | Checksum: 1a3b27c8b

Time (s): cpu = 00:04:39 ; elapsed = 00:03:25 . Memory (MB): peak = 2670.891 ; gain = 0.082 ; free physical = 101223 ; free virtual = 494692
Phase 4 Post Placement Optimization and Clean-Up | Checksum: 1a3b27c8b

Time (s): cpu = 00:04:39 ; elapsed = 00:03:26 . Memory (MB): peak = 2670.891 ; gain = 0.082 ; free physical = 101212 ; free virtual = 494681
Ending Placer Task | Checksum: f2be055e

Time (s): cpu = 00:04:39 ; elapsed = 00:03:26 . Memory (MB): peak = 2670.891 ; gain = 0.082 ; free physical = 101255 ; free virtual = 494724
INFO: [Common 17-83] Releasing license: Implementation
62 Infos, 45 Warnings, 45 Critical Warnings and 0 Errors encountered.
place_design completed successfully
place_design: Time (s): cpu = 00:04:49 ; elapsed = 00:03:35 . Memory (MB): peak = 2670.891 ; gain = 0.082 ; free physical = 101253 ; free virtual = 494722
Writing placer database...
Writing XDEF routing.
Writing XDEF routing logical nets.
Writing XDEF routing special nets.
Write XDEF Complete: Time (s): cpu = 00:00:08 ; elapsed = 00:00:04 . Memory (MB): peak = 2670.891 ; gain = 0.000 ; free physical = 101131 ; free virtual = 494654
INFO: [Common 17-1381] The checkpoint '/home/iavendano/pynq-copter/pynqcopter/iicComm2Update/iicComm2Update/iicComm2Update.runs/impl_1/iicComm2Update_wrapper_placed.dcp' has been generated.
write_checkpoint: Time (s): cpu = 00:00:22 ; elapsed = 00:00:22 . Memory (MB): peak = 2670.891 ; gain = 0.000 ; free physical = 101061 ; free virtual = 494549
INFO: [runtcl-4] Executing : report_io -file iicComm2Update_wrapper_io_placed.rpt
report_io: Time (s): cpu = 00:00:00.28 ; elapsed = 00:00:00.39 . Memory (MB): peak = 2670.891 ; gain = 0.000 ; free physical = 101072 ; free virtual = 494559
INFO: [runtcl-4] Executing : report_utilization -file iicComm2Update_wrapper_utilization_placed.rpt -pb iicComm2Update_wrapper_utilization_placed.pb
report_utilization: Time (s): cpu = 00:00:00.71 ; elapsed = 00:00:00.87 . Memory (MB): peak = 2670.891 ; gain = 0.000 ; free physical = 101041 ; free virtual = 494529
INFO: [runtcl-4] Executing : report_control_sets -verbose -file iicComm2Update_wrapper_control_sets_placed.rpt
report_control_sets: Time (s): cpu = 00:00:00.27 ; elapsed = 00:00:00.48 . Memory (MB): peak = 2670.891 ; gain = 0.000 ; free physical = 101032 ; free virtual = 494528
Command: route_design
Attempting to get a license for feature 'Implementation' and/or device 'xc7z020'
INFO: [Common 17-349] Got license for feature 'Implementation' and/or device 'xc7z020'
Running DRC as a precondition to command route_design
INFO: [DRC 23-27] Running DRC with 8 threads
INFO: [Vivado_Tcl 4-198] DRC finished with 0 Errors
INFO: [Vivado_Tcl 4-199] Please refer to the DRC report (report_drc) for more information.


Starting Routing Task
INFO: [Route 35-254] Multithreading enabled for route_design using a maximum of 8 CPUs
Checksum: PlaceDB: 1ee590a9 ConstDB: 0 ShapeSum: d3d874b5 RouteDB: 0

Phase 1 Build RT Design
Phase 1 Build RT Design | Checksum: 1e0eb9543

Time (s): cpu = 00:00:49 ; elapsed = 00:00:35 . Memory (MB): peak = 2670.891 ; gain = 0.000 ; free physical = 100707 ; free virtual = 494232
Post Restoration Checksum: NetGraph: ecda4601 NumContArr: f4114f42 Constraints: 0 Timing: 0

Phase 2 Router Initialization

Phase 2.1 Create Timer
Phase 2.1 Create Timer | Checksum: 1e0eb9543

Time (s): cpu = 00:00:51 ; elapsed = 00:00:36 . Memory (MB): peak = 2670.891 ; gain = 0.000 ; free physical = 100737 ; free virtual = 494262

Phase 2.2 Fix Topology Constraints
Phase 2.2 Fix Topology Constraints | Checksum: 1e0eb9543

Time (s): cpu = 00:00:51 ; elapsed = 00:00:37 . Memory (MB): peak = 2670.891 ; gain = 0.000 ; free physical = 100679 ; free virtual = 494204

Phase 2.3 Pre Route Cleanup
Phase 2.3 Pre Route Cleanup | Checksum: 1e0eb9543

Time (s): cpu = 00:00:52 ; elapsed = 00:00:37 . Memory (MB): peak = 2670.891 ; gain = 0.000 ; free physical = 100648 ; free virtual = 494173
 Number of Nodes with overlaps = 0

Phase 2.4 Update Timing
Phase 2.4 Update Timing | Checksum: 185f771c2

Time (s): cpu = 00:01:17 ; elapsed = 00:00:55 . Memory (MB): peak = 2670.891 ; gain = 0.000 ; free physical = 100008 ; free virtual = 493534
INFO: [Route 35-416] Intermediate Timing Summary | WNS=2.694  | TNS=0.000  | WHS=-0.346 | THS=-329.117|

Phase 2 Router Initialization | Checksum: 175ba41b0

Time (s): cpu = 00:01:26 ; elapsed = 00:01:02 . Memory (MB): peak = 2670.891 ; gain = 0.000 ; free physical = 99951 ; free virtual = 493477

Phase 3 Initial Routing
Phase 3 Initial Routing | Checksum: 1ffd2a945

Time (s): cpu = 00:01:39 ; elapsed = 00:01:08 . Memory (MB): peak = 2670.891 ; gain = 0.000 ; free physical = 99872 ; free virtual = 493397

Phase 4 Rip-up And Reroute

Phase 4.1 Global Iteration 0
 Number of Nodes with overlaps = 645
 Number of Nodes with overlaps = 25
 Number of Nodes with overlaps = 1
 Number of Nodes with overlaps = 0
INFO: [Route 35-416] Intermediate Timing Summary | WNS=1.739  | TNS=0.000  | WHS=N/A    | THS=N/A    |

Phase 4.1 Global Iteration 0 | Checksum: 1150a6e8c

Time (s): cpu = 00:08:51 ; elapsed = 00:04:32 . Memory (MB): peak = 2670.891 ; gain = 0.000 ; free physical = 98241 ; free virtual = 491774

Phase 4.2 Global Iteration 1
 Number of Nodes with overlaps = 3
 Number of Nodes with overlaps = 0
INFO: [Route 35-416] Intermediate Timing Summary | WNS=1.739  | TNS=0.000  | WHS=N/A    | THS=N/A    |

Phase 4.2 Global Iteration 1 | Checksum: efaa41c6

Time (s): cpu = 00:09:21 ; elapsed = 00:04:47 . Memory (MB): peak = 2670.891 ; gain = 0.000 ; free physical = 99323 ; free virtual = 492860
Phase 4 Rip-up And Reroute | Checksum: efaa41c6

Time (s): cpu = 00:09:21 ; elapsed = 00:04:47 . Memory (MB): peak = 2670.891 ; gain = 0.000 ; free physical = 99319 ; free virtual = 492856

Phase 5 Delay and Skew Optimization

Phase 5.1 Delay CleanUp
Phase 5.1 Delay CleanUp | Checksum: efaa41c6

Time (s): cpu = 00:09:21 ; elapsed = 00:04:47 . Memory (MB): peak = 2670.891 ; gain = 0.000 ; free physical = 99334 ; free virtual = 492871

Phase 5.2 Clock Skew Optimization
Phase 5.2 Clock Skew Optimization | Checksum: efaa41c6

Time (s): cpu = 00:09:21 ; elapsed = 00:04:47 . Memory (MB): peak = 2670.891 ; gain = 0.000 ; free physical = 99334 ; free virtual = 492872
Phase 5 Delay and Skew Optimization | Checksum: efaa41c6

Time (s): cpu = 00:09:22 ; elapsed = 00:04:47 . Memory (MB): peak = 2670.891 ; gain = 0.000 ; free physical = 99540 ; free virtual = 493077

Phase 6 Post Hold Fix

Phase 6.1 Hold Fix Iter

Phase 6.1.1 Update Timing
Phase 6.1.1 Update Timing | Checksum: 11f0fdb3b

Time (s): cpu = 00:09:26 ; elapsed = 00:04:50 . Memory (MB): peak = 2670.891 ; gain = 0.000 ; free physical = 99453 ; free virtual = 492991
INFO: [Route 35-416] Intermediate Timing Summary | WNS=1.753  | TNS=0.000  | WHS=0.010  | THS=0.000  |

Phase 6.1 Hold Fix Iter | Checksum: 948203d6

Time (s): cpu = 00:09:26 ; elapsed = 00:04:50 . Memory (MB): peak = 2670.891 ; gain = 0.000 ; free physical = 99443 ; free virtual = 492980
Phase 6 Post Hold Fix | Checksum: 948203d6

Time (s): cpu = 00:09:26 ; elapsed = 00:04:50 . Memory (MB): peak = 2670.891 ; gain = 0.000 ; free physical = 99444 ; free virtual = 492981

Phase 7 Route finalize

Router Utilization Summary
  Global Vertical Routing Utilization    = 7.43699 %
  Global Horizontal Routing Utilization  = 9.47972 %
  Routable Net Status*
  *Does not include unroutable nets such as driverless and loadless.
  Run report_route_status for detailed report.
  Number of Failed Nets               = 0
  Number of Unrouted Nets             = 0
  Number of Partially Routed Nets     = 0
  Number of Node Overlaps             = 0

Phase 7 Route finalize | Checksum: a99bc971

Time (s): cpu = 00:09:27 ; elapsed = 00:04:51 . Memory (MB): peak = 2670.891 ; gain = 0.000 ; free physical = 99549 ; free virtual = 493086

Phase 8 Verifying routed nets

 Verification completed successfully
Phase 8 Verifying routed nets | Checksum: a99bc971

Time (s): cpu = 00:09:27 ; elapsed = 00:04:51 . Memory (MB): peak = 2670.891 ; gain = 0.000 ; free physical = 99615 ; free virtual = 493154

Phase 9 Depositing Routes
Phase 9 Depositing Routes | Checksum: 129af138d

Time (s): cpu = 00:09:31 ; elapsed = 00:04:55 . Memory (MB): peak = 2670.891 ; gain = 0.000 ; free physical = 99458 ; free virtual = 492996

Phase 10 Post Router Timing
INFO: [Route 35-57] Estimated Timing Summary | WNS=1.753  | TNS=0.000  | WHS=0.010  | THS=0.000  |

INFO: [Route 35-327] The final timing numbers are based on the router estimated timing analysis. For a complete and accurate timing signoff, please run report_timing_summary.
Phase 10 Post Router Timing | Checksum: 129af138d

Time (s): cpu = 00:09:32 ; elapsed = 00:04:55 . Memory (MB): peak = 2670.891 ; gain = 0.000 ; free physical = 99446 ; free virtual = 492983
INFO: [Route 35-16] Router Completed Successfully

Time (s): cpu = 00:09:32 ; elapsed = 00:04:55 . Memory (MB): peak = 2670.891 ; gain = 0.000 ; free physical = 99488 ; free virtual = 493026

Routing Is Done.
INFO: [Common 17-83] Releasing license: Implementation
79 Infos, 45 Warnings, 45 Critical Warnings and 0 Errors encountered.
route_design completed successfully
route_design: Time (s): cpu = 00:09:44 ; elapsed = 00:05:06 . Memory (MB): peak = 2670.891 ; gain = 0.000 ; free physical = 99487 ; free virtual = 493025
Writing placer database...
Writing XDEF routing.
Writing XDEF routing logical nets.
Writing XDEF routing special nets.
Write XDEF Complete: Time (s): cpu = 00:00:08 ; elapsed = 00:00:05 . Memory (MB): peak = 2670.891 ; gain = 0.000 ; free physical = 99330 ; free virtual = 492934
INFO: [Common 17-1381] The checkpoint '/home/iavendano/pynq-copter/pynqcopter/iicComm2Update/iicComm2Update/iicComm2Update.runs/impl_1/iicComm2Update_wrapper_routed.dcp' has been generated.
write_checkpoint: Time (s): cpu = 00:00:22 ; elapsed = 00:00:24 . Memory (MB): peak = 2670.891 ; gain = 0.000 ; free physical = 98929 ; free virtual = 492481
INFO: [runtcl-4] Executing : report_drc -file iicComm2Update_wrapper_drc_routed.rpt -pb iicComm2Update_wrapper_drc_routed.pb -rpx iicComm2Update_wrapper_drc_routed.rpx
Command: report_drc -file iicComm2Update_wrapper_drc_routed.rpt -pb iicComm2Update_wrapper_drc_routed.pb -rpx iicComm2Update_wrapper_drc_routed.rpx
INFO: [IP_Flow 19-1839] IP Catalog is up to date.
INFO: [DRC 23-27] Running DRC with 8 threads
INFO: [Coretcl 2-168] The results of DRC are in file /home/iavendano/pynq-copter/pynqcopter/iicComm2Update/iicComm2Update/iicComm2Update.runs/impl_1/iicComm2Update_wrapper_drc_routed.rpt.
report_drc completed successfully
report_drc: Time (s): cpu = 00:00:21 ; elapsed = 00:00:10 . Memory (MB): peak = 2687.891 ; gain = 17.000 ; free physical = 98735 ; free virtual = 492287
INFO: [runtcl-4] Executing : report_methodology -file iicComm2Update_wrapper_methodology_drc_routed.rpt -pb iicComm2Update_wrapper_methodology_drc_routed.pb -rpx iicComm2Update_wrapper_methodology_drc_routed.rpx
Command: report_methodology -file iicComm2Update_wrapper_methodology_drc_routed.rpt -pb iicComm2Update_wrapper_methodology_drc_routed.pb -rpx iicComm2Update_wrapper_methodology_drc_routed.rpx
INFO: [Timing 38-35] Done setting XDC timing constraints.
INFO: [Timing 38-35] Done setting XDC timing constraints.
INFO: [DRC 23-133] Running Methodology with 8 threads
INFO: [Coretcl 2-1520] The results of Report Methodology are in file /home/iavendano/pynq-copter/pynqcopter/iicComm2Update/iicComm2Update/iicComm2Update.runs/impl_1/iicComm2Update_wrapper_methodology_drc_routed.rpt.
report_methodology completed successfully
report_methodology: Time (s): cpu = 00:00:39 ; elapsed = 00:00:23 . Memory (MB): peak = 2687.891 ; gain = 0.000 ; free physical = 98903 ; free virtual = 492456
INFO: [runtcl-4] Executing : report_power -file iicComm2Update_wrapper_power_routed.rpt -pb iicComm2Update_wrapper_power_summary_routed.pb -rpx iicComm2Update_wrapper_power_routed.rpx
Command: report_power -file iicComm2Update_wrapper_power_routed.rpt -pb iicComm2Update_wrapper_power_summary_routed.pb -rpx iicComm2Update_wrapper_power_routed.rpx
INFO: [Timing 38-35] Done setting XDC timing constraints.
Running Vector-less Activity Propagation...

Finished Running Vector-less Activity Propagation
91 Infos, 45 Warnings, 45 Critical Warnings and 0 Errors encountered.
report_power completed successfully
report_power: Time (s): cpu = 00:00:21 ; elapsed = 00:00:13 . Memory (MB): peak = 2794.145 ; gain = 106.254 ; free physical = 98891 ; free virtual = 492457
INFO: [runtcl-4] Executing : report_route_status -file iicComm2Update_wrapper_route_status.rpt -pb iicComm2Update_wrapper_route_status.pb
INFO: [runtcl-4] Executing : report_timing_summary -max_paths 10 -file iicComm2Update_wrapper_timing_summary_routed.rpt -rpx iicComm2Update_wrapper_timing_summary_routed.rpx -warn_on_violation 
INFO: [Timing 38-91] UpdateTimingParams: Speed grade: -1, Delay Type: min_max.
INFO: [Timing 38-191] Multithreading enabled for timing update using a maximum of 8 CPUs
INFO: [runtcl-4] Executing : report_incremental_reuse -file iicComm2Update_wrapper_incremental_reuse_routed.rpt
INFO: [Vivado_Tcl 4-545] No incremental reuse to report, no incremental placement and routing data was found.
INFO: [runtcl-4] Executing : report_clock_utilization -file iicComm2Update_wrapper_clock_utilization_routed.rpt
Command: write_bitstream -force iicComm2Update_wrapper.bit
Attempting to get a license for feature 'Implementation' and/or device 'xc7z020'
INFO: [Common 17-349] Got license for feature 'Implementation' and/or device 'xc7z020'
Running DRC as a precondition to command write_bitstream
INFO: [IP_Flow 19-1839] IP Catalog is up to date.
INFO: [DRC 23-27] Running DRC with 8 threads
WARNING: [DRC DPOP-1] PREG Output pipelining: DSP iicComm2Update_i/iiccomm2update_0/inst/iiccomm2update_muibs_U6/iiccomm2update_muibs_Mul6S_0_U/buff0_reg__0 output iicComm2Update_i/iiccomm2update_0/inst/iiccomm2update_muibs_U6/iiccomm2update_muibs_Mul6S_0_U/buff0_reg__0/P[47:0] is not pipelined (PREG=0). Pipelining the DSP48 output will improve performance and often saves power so it is suggested whenever possible to fully pipeline this function.  If this DSP48 function was inferred, it is suggested to describe an additional register stage after this function.  If the DSP48 was instantiated in the design, it is suggested to set the PREG attribute to 1.
WARNING: [DRC DPOP-1] PREG Output pipelining: DSP iicComm2Update_i/iiccomm2update_0/inst/iiccomm2update_muibs_U6/iiccomm2update_muibs_Mul6S_0_U/tmp_product__0 output iicComm2Update_i/iiccomm2update_0/inst/iiccomm2update_muibs_U6/iiccomm2update_muibs_Mul6S_0_U/tmp_product__0/P[47:0] is not pipelined (PREG=0). Pipelining the DSP48 output will improve performance and often saves power so it is suggested whenever possible to fully pipeline this function.  If this DSP48 function was inferred, it is suggested to describe an additional register stage after this function.  If the DSP48 was instantiated in the design, it is suggested to set the PREG attribute to 1.
WARNING: [DRC DPOP-1] PREG Output pipelining: DSP iicComm2Update_i/iiccomm2update_0/inst/iiccomm2update_mutde_U17/iiccomm2update_mutde_MulnS_6_U/buff0_reg output iicComm2Update_i/iiccomm2update_0/inst/iiccomm2update_mutde_U17/iiccomm2update_mutde_MulnS_6_U/buff0_reg/P[47:0] is not pipelined (PREG=0). Pipelining the DSP48 output will improve performance and often saves power so it is suggested whenever possible to fully pipeline this function.  If this DSP48 function was inferred, it is suggested to describe an additional register stage after this function.  If the DSP48 was instantiated in the design, it is suggested to set the PREG attribute to 1.
WARNING: [DRC DPOP-1] PREG Output pipelining: DSP iicComm2Update_i/iiccomm2update_0/inst/iiccomm2update_mutde_U17/iiccomm2update_mutde_MulnS_6_U/buff0_reg__0 output iicComm2Update_i/iiccomm2update_0/inst/iiccomm2update_mutde_U17/iiccomm2update_mutde_MulnS_6_U/buff0_reg__0/P[47:0] is not pipelined (PREG=0). Pipelining the DSP48 output will improve performance and often saves power so it is suggested whenever possible to fully pipeline this function.  If this DSP48 function was inferred, it is suggested to describe an additional register stage after this function.  If the DSP48 was instantiated in the design, it is suggested to set the PREG attribute to 1.
WARNING: [DRC DPOP-1] PREG Output pipelining: DSP iicComm2Update_i/iiccomm2update_0/inst/iiccomm2update_mutde_U17/iiccomm2update_mutde_MulnS_6_U/tmp_product__0 output iicComm2Update_i/iiccomm2update_0/inst/iiccomm2update_mutde_U17/iiccomm2update_mutde_MulnS_6_U/tmp_product__0/P[47:0] is not pipelined (PREG=0). Pipelining the DSP48 output will improve performance and often saves power so it is suggested whenever possible to fully pipeline this function.  If this DSP48 function was inferred, it is suggested to describe an additional register stage after this function.  If the DSP48 was instantiated in the design, it is suggested to set the PREG attribute to 1.
INFO: [Vivado 12-3199] DRC finished with 0 Errors, 5 Warnings
INFO: [Vivado 12-3200] Please refer to the DRC report (report_drc) for more information.
INFO: [Project 1-821] Please set project.enableDesignId to be 'true'.
INFO: [Designutils 20-2272] Running write_bitstream with 8 threads.
Loading data files...
Loading site data...
Loading route data...
Processing options...
Creating bitmap...
Creating bitstream...
Writing bitstream ./iicComm2Update_wrapper.bit...
INFO: [Vivado 12-1842] Bitgen Completed Successfully.
INFO: [Project 1-118] WebTalk data collection is enabled (User setting is ON. Install Setting is ON.).
INFO: [Common 17-186] '/home/iavendano/pynq-copter/pynqcopter/iicComm2Update/iicComm2Update/iicComm2Update.runs/impl_1/usage_statistics_webtalk.xml' has been successfully sent to Xilinx on Fri Aug 24 11:21:41 2018. For additional details about this file, please refer to the WebTalk help file at /data/opt/Xilinx/Vivado/2017.4/doc/webtalk_introduction.html.
INFO: [Common 17-83] Releasing license: Implementation
109 Infos, 50 Warnings, 45 Critical Warnings and 0 Errors encountered.
write_bitstream completed successfully
write_bitstream: Time (s): cpu = 00:01:07 ; elapsed = 00:02:41 . Memory (MB): peak = 3090.574 ; gain = 296.430 ; free physical = 99380 ; free virtual = 492957
INFO: [Common 17-206] Exiting Vivado at Fri Aug 24 11:21:41 2018...
