#-----------------------------------------------------------
# Vivado v2017.4 (64-bit)
# SW Build 2086221 on Fri Dec 15 20:54:30 MST 2017
# IP Build 2085800 on Fri Dec 15 22:25:07 MST 2017
# Start of session at: Tue Aug 28 13:15:12 2018
# Process ID: 5252
# Current directory: /home/iavendano/pynq-copter/pynqcopter/pidFloat
# Command line: vivado hex/hex.xpr
# Log file: /home/iavendano/pynq-copter/pynqcopter/pidFloat/vivado.log
# Journal file: /home/iavendano/pynq-copter/pynqcopter/pidFloat/vivado.jou
#-----------------------------------------------------------
start_gui
open_project hex/hex.xpr
INFO: [Project 1-313] Project file moved from '/home/iavendano/pynq-copter/pynqcopter/hex/hex' since last save.
Scanning sources...
Finished scanning sources
INFO: [IP_Flow 19-234] Refreshing IP repositories
INFO: [IP_Flow 19-1700] Loaded user IP repository '/home/iavendano/pynq-copter/pynqcopter/ip'.
INFO: [IP_Flow 19-2313] Loaded Vivado IP repository '/data/opt/Xilinx/Vivado/2017.4/data/ip'.
open_project: Time (s): cpu = 00:00:23 ; elapsed = 00:00:08 . Memory (MB): peak = 6237.672 ; gain = 91.371 ; free physical = 97422 ; free virtual = 495759
update_compile_order -fileset sources_1
open_bd_design {/home/iavendano/pynq-copter/pynqcopter/pidFloat/hex/hex.srcs/sources_1/bd/hex/hex.bd}
Adding cell -- xilinx.com:ip:axi_iic:2.0 - axi_iic_0
Adding cell -- xilinx.com:ip:processing_system7:5.5 - processing_system7_0
Adding cell -- xilinx.com:ip:proc_sys_reset:5.0 - rst_ps7_0_100M
Adding cell -- xilinx.com:ip:axi_protocol_converter:2.1 - auto_pc
Successfully read diagram <hex> from BD file </home/iavendano/pynq-copter/pynqcopter/pidFloat/hex/hex.srcs/sources_1/bd/hex/hex.bd>
open_bd_design: Time (s): cpu = 00:00:10 ; elapsed = 00:00:05 . Memory (MB): peak = 6311.781 ; gain = 16.770 ; free physical = 97378 ; free virtual = 495715
delete_bd_objs [get_bd_intf_nets axi_iic_0_IIC] [get_bd_intf_nets ps7_0_axi_periph_M00_AXI] [get_bd_cells axi_iic_0]
startgroup
create_bd_cell -type ip -vlnv UCSD:hlsip:pidfloat:1.0 pidfloat_0
endgroup
set_property location {2 575 -177} [get_bd_cells pidfloat_0]
set_property location {2 912 87} [get_bd_cells pidfloat_0]
connect_bd_intf_net -boundary_type upper [get_bd_intf_pins ps7_0_axi_periph/M00_AXI] [get_bd_intf_pins pidfloat_0/s_axi_CTRL]
connect_bd_net [get_bd_pins pidfloat_0/ap_clk] [get_bd_pins processing_system7_0/FCLK_CLK0]
connect_bd_net [get_bd_pins pidfloat_0/ap_rst_n] [get_bd_pins rst_ps7_0_100M/peripheral_aresetn]
save_bd_design
Wrote  : </home/iavendano/pynq-copter/pynqcopter/pidFloat/hex/hex.srcs/sources_1/bd/hex/hex.bd> 
Wrote  : </home/iavendano/pynq-copter/pynqcopter/pidFloat/hex/hex.srcs/sources_1/bd/hex/ui/bd_2e7d43fb.ui> 
assign_bd_address [get_bd_addr_segs {pidfloat_0/s_axi_CTRL/Reg }]
</pidfloat_0/s_axi_CTRL/Reg> is being mapped into </processing_system7_0/Data> at <0x43C00000 [ 64K ]>
save_bd_design
Wrote  : </home/iavendano/pynq-copter/pynqcopter/pidFloat/hex/hex.srcs/sources_1/bd/hex/hex.bd> 
validate_bd_design
write_bd_tcl -force -hier_blks [get_bd_cells /] /home/iavendano/pynq-copter/pynqcopter/pidFloat/pidFloat.tcl
INFO: [BD 5-148] Tcl file written out </home/iavendano/pynq-copter/pynqcopter/pidFloat/pidFloat.tcl>.

save_bd_design
Wrote  : </home/iavendano/pynq-copter/pynqcopter/pidFloat/hex/hex.srcs/sources_1/bd/hex/hex.bd> 
write_bd_tcl -force -hier_blks [get_bd_cells /] /home/iavendano/pynq-copter/pynqcopter/pidFloat/pidFloat.tcl
INFO: [BD 5-148] Tcl file written out </home/iavendano/pynq-copter/pynqcopter/pidFloat/pidFloat.tcl>.

exit
INFO: [Common 17-206] Exiting Vivado at Tue Aug 28 13:20:15 2018...
