                             latency        interval
transaction       0:              36              37
transaction       1:              38              39
transaction       2:              38              39
transaction       3:              38              39
transaction       4:              38              39
transaction       5:              38              39
transaction       6:              38              39
transaction       7:              38              39
transaction       8:              38              39
transaction       9:              38              39
transaction      10:              38              39
transaction      11:              38              39
transaction      12:              38              39
transaction      13:              38              39
transaction      14:              38              39
transaction      15:              38              39
transaction      16:              38              39
transaction      17:              38              39
transaction      18:              38              39
transaction      19:              38              39
transaction      20:              38              39
transaction      21:              38              39
transaction      22:              38              39
transaction      23:              38              39
transaction      24:              38              39
transaction      25:              38              39
transaction      26:              38              39
transaction      27:              38              39
transaction      28:              38              39
transaction      29:              38              39
transaction      30:              38              39
transaction      31:              38              39
transaction      32:              38              39
transaction      33:              38              39
transaction      34:              38              39
transaction      35:              38              39
transaction      36:              38              39
transaction      37:              38              39
transaction      38:              38              39
transaction      39:              38              39
transaction      40:              38              39
transaction      41:              38              39
transaction      42:              38              39
transaction      43:              38              39
transaction      44:              38              39
transaction      45:              38              39
transaction      46:              38              39
transaction      47:              38              39
transaction      48:              38              39
transaction      49:              38              39
transaction      50:              38              39
transaction      51:              38              39
transaction      52:              38              39
transaction      53:              38              39
transaction      54:              38              39
transaction      55:              38              39
transaction      56:              38              39
transaction      57:              38              39
transaction      58:              38              39
transaction      59:              38              39
transaction      60:              38              39
transaction      61:              38              39
transaction      62:              38              39
transaction      63:              38              39
transaction      64:              38              39
transaction      65:              38              39
transaction      66:              38              39
transaction      67:              38              39
transaction      68:              38              39
transaction      69:              38              39
transaction      70:              38              39
transaction      71:              38              39
transaction      72:              38              39
transaction      73:              38              39
transaction      74:              38              39
transaction      75:              38              39
transaction      76:              38              39
transaction      77:              38              39
transaction      78:              38              39
transaction      79:              38              39
transaction      80:              38              39
transaction      81:              38              39
transaction      82:              38              39
transaction      83:              38              39
transaction      84:              38              39
transaction      85:              38              39
transaction      86:              38              39
transaction      87:              38              39
transaction      88:              38              39
transaction      89:              38              39
transaction      90:              38              39
transaction      91:              38              39
transaction      92:              38              39
transaction      93:              38              39
transaction      94:              38              39
transaction      95:              38              39
transaction      96:              38              39
transaction      97:              38              39
transaction      98:              38              39
transaction      99:              38              39
transaction     100:              38              39
transaction     101:              38              39
transaction     102:              38              39
transaction     103:              38              39
transaction     104:              38              39
transaction     105:              38              39
transaction     106:              38              39
transaction     107:              38              39
transaction     108:              38              39
transaction     109:              38              39
transaction     110:              38              39
transaction     111:              38              39
transaction     112:              38              39
transaction     113:              38              39
transaction     114:              38              39
transaction     115:              38              39
transaction     116:              38              39
transaction     117:              38              39
transaction     118:              38              39
transaction     119:              38              39
transaction     120:              38              39
transaction     121:              38              39
transaction     122:              38              39
transaction     123:              38              39
transaction     124:              38              39
transaction     125:              38              39
transaction     126:              38              39
transaction     127:              38              39
transaction     128:              38              39
transaction     129:              38              39
transaction     130:              38              39
transaction     131:              38              39
transaction     132:              38              39
transaction     133:              38              39
transaction     134:              38              39
transaction     135:              38              39
transaction     136:              38              39
transaction     137:              38              39
transaction     138:              38              39
transaction     139:              38              39
transaction     140:              38              39
transaction     141:              38              39
transaction     142:              38              39
transaction     143:              38              39
transaction     144:              38              39
transaction     145:              38              39
transaction     146:              38              39
transaction     147:              38              39
transaction     148:              38              39
transaction     149:              38              39
transaction     150:              38              39
transaction     151:              38              39
transaction     152:              38              39
transaction     153:              38              39
transaction     154:              38              39
transaction     155:              38              39
transaction     156:              38              39
transaction     157:              38              39
transaction     158:              38              39
transaction     159:              38              39
transaction     160:              38              39
transaction     161:              38              39
transaction     162:              38              39
transaction     163:              38              39
transaction     164:              38              39
transaction     165:              38              39
transaction     166:              38              39
transaction     167:              38              39
transaction     168:              38              39
transaction     169:              38              39
transaction     170:              38              39
transaction     171:              38              39
transaction     172:              38              39
transaction     173:              38              39
transaction     174:              38              39
transaction     175:              38              39
transaction     176:              38              39
transaction     177:              38              39
transaction     178:              38              39
transaction     179:              38              39
transaction     180:              38              39
transaction     181:              38              39
transaction     182:              38              39
transaction     183:              38              39
transaction     184:              38              39
transaction     185:              38              39
transaction     186:              38              39
transaction     187:              38              39
transaction     188:              38              39
transaction     189:              38              39
transaction     190:              38              39
transaction     191:              38              39
transaction     192:              38              39
transaction     193:              38              39
transaction     194:              38              39
transaction     195:              38              39
transaction     196:              38              39
transaction     197:              38              39
transaction     198:              38              39
transaction     199:              38              39
transaction     200:              38              39
transaction     201:              38              39
transaction     202:              38              39
transaction     203:              38              39
transaction     204:              38              39
transaction     205:              38              39
transaction     206:              38              39
transaction     207:              38              39
transaction     208:              38              39
transaction     209:              38              39
transaction     210:              38              39
transaction     211:              38              39
transaction     212:              38              39
transaction     213:              38              39
transaction     214:              38              39
transaction     215:              38              39
transaction     216:              38              39
transaction     217:              38              39
transaction     218:              38              39
transaction     219:              38              39
transaction     220:              38              39
transaction     221:              38              39
transaction     222:              38              39
transaction     223:              38              39
transaction     224:              38              39
transaction     225:              38              39
transaction     226:              38              39
transaction     227:              38              39
transaction     228:              38              39
transaction     229:              38              39
transaction     230:              38              39
transaction     231:              38              39
transaction     232:              38              39
transaction     233:              38              39
transaction     234:              38              39
transaction     235:              38              39
transaction     236:              38              39
transaction     237:              38              39
transaction     238:              38              39
transaction     239:              38              39
transaction     240:              38              39
transaction     241:              38              39
transaction     242:              38              39
transaction     243:              38              39
transaction     244:              38              39
transaction     245:              38              39
transaction     246:              38              39
transaction     247:              38              39
transaction     248:              38              39
transaction     249:              38              39
transaction     250:              38              39
transaction     251:              38              39
transaction     252:              38              39
transaction     253:              38              39
transaction     254:              38              39
transaction     255:              38              39
transaction     256:              38              39
transaction     257:              38              39
transaction     258:              38              39
transaction     259:              38              39
transaction     260:              38              39
transaction     261:              38              39
transaction     262:              38              39
transaction     263:              38              39
transaction     264:              38              39
transaction     265:              38              39
transaction     266:              38              39
transaction     267:              38              39
transaction     268:              38              39
transaction     269:              38              39
transaction     270:              38              39
transaction     271:              38              39
transaction     272:              38              39
transaction     273:              38              39
transaction     274:              38              39
transaction     275:              38              39
transaction     276:              38              39
transaction     277:              38              39
transaction     278:              38              39
transaction     279:              38              39
transaction     280:              38              39
transaction     281:              38              39
transaction     282:              38              39
transaction     283:              38              39
transaction     284:              38              39
transaction     285:              38              39
transaction     286:              38              39
transaction     287:              38              39
transaction     288:              38              39
transaction     289:              38              39
transaction     290:              38              39
transaction     291:              38              39
transaction     292:              38              39
transaction     293:              38              39
transaction     294:              38              39
transaction     295:              38              39
transaction     296:              38              39
transaction     297:              38              39
transaction     298:              38              39
transaction     299:              38              39
transaction     300:              38              39
transaction     301:              38              39
transaction     302:              38              39
transaction     303:              38              39
transaction     304:              38              39
transaction     305:              38              39
transaction     306:              38              39
transaction     307:              38              39
transaction     308:              38              39
transaction     309:              38              39
transaction     310:              38              39
transaction     311:              38              39
transaction     312:              38              39
transaction     313:              38              39
transaction     314:              38              39
transaction     315:              38              39
transaction     316:              38              39
transaction     317:              38              39
transaction     318:              38              39
transaction     319:              38              39
transaction     320:              38              39
transaction     321:              38              39
transaction     322:              38              39
transaction     323:              38              39
transaction     324:              38              39
transaction     325:              38              39
transaction     326:              38              39
transaction     327:              38              39
transaction     328:              38              39
transaction     329:              38              39
transaction     330:              38              39
transaction     331:              38              39
transaction     332:              38              39
transaction     333:              38              39
transaction     334:              38              39
transaction     335:              38              39
transaction     336:              38              39
transaction     337:              38              39
transaction     338:              38              39
transaction     339:              38              39
transaction     340:              38              39
transaction     341:              38              39
transaction     342:              38              39
transaction     343:              38              39
transaction     344:              38              39
transaction     345:              38              39
transaction     346:              38              39
transaction     347:              38              39
transaction     348:              38              39
transaction     349:              38              39
transaction     350:              38              39
transaction     351:              38              39
transaction     352:              38              39
transaction     353:              38              39
transaction     354:              38              39
transaction     355:              38              39
transaction     356:              38              39
transaction     357:              38              39
transaction     358:              38              39
transaction     359:              38              39
transaction     360:              38              39
transaction     361:              38              39
transaction     362:              38              39
transaction     363:              38              39
transaction     364:              38              39
transaction     365:              38              39
transaction     366:              38              39
transaction     367:              38              39
transaction     368:              38              39
transaction     369:              38              39
transaction     370:              38              39
transaction     371:              38              39
transaction     372:              38              39
transaction     373:              38              39
transaction     374:              38              39
transaction     375:              38              39
transaction     376:              38              39
transaction     377:              38              39
transaction     378:              38              39
transaction     379:              38              39
transaction     380:              38              39
transaction     381:              38              39
transaction     382:              38              39
transaction     383:              38              39
transaction     384:              38              39
transaction     385:              38              39
transaction     386:              38              39
transaction     387:              38              39
transaction     388:              38              39
transaction     389:              38              39
transaction     390:              38              39
transaction     391:              38              39
transaction     392:              38              39
transaction     393:              38              39
transaction     394:              38              39
transaction     395:              38              39
transaction     396:              38              39
transaction     397:              38              39
transaction     398:              38              39
transaction     399:              38              39
transaction     400:              38              39
transaction     401:              38              39
transaction     402:              38              39
transaction     403:              38              39
transaction     404:              38              39
transaction     405:              38              39
transaction     406:              38              39
transaction     407:              38              39
transaction     408:              38              39
transaction     409:              38              39
transaction     410:              38              39
transaction     411:              38              39
transaction     412:              38              39
transaction     413:              38              39
transaction     414:              38              39
transaction     415:              38              39
transaction     416:              38              39
transaction     417:              38              39
transaction     418:              38              39
transaction     419:              38              39
transaction     420:              38              39
transaction     421:              38              39
transaction     422:              38              39
transaction     423:              38              39
transaction     424:              38              39
transaction     425:              38              39
transaction     426:              38              39
transaction     427:              38              39
transaction     428:              38              39
transaction     429:              38              39
transaction     430:              38              39
transaction     431:              38              39
transaction     432:              38              39
transaction     433:              38              39
transaction     434:              38              39
transaction     435:              38              39
transaction     436:              38              39
transaction     437:              38              39
transaction     438:              38              39
transaction     439:              38              39
transaction     440:              38              39
transaction     441:              38              39
transaction     442:              38              39
transaction     443:              38              39
transaction     444:              38              39
transaction     445:              38              39
transaction     446:              38              39
transaction     447:              38              39
transaction     448:              38              39
transaction     449:              38              39
transaction     450:              38              39
transaction     451:              38              39
transaction     452:              38              39
transaction     453:              38              39
transaction     454:              38              39
transaction     455:              38              39
transaction     456:              38              39
transaction     457:              38              39
transaction     458:              38              39
transaction     459:              38              39
transaction     460:              38              39
transaction     461:              38              39
transaction     462:              38              39
transaction     463:              38              39
transaction     464:              38              39
transaction     465:              38              39
transaction     466:              38              39
transaction     467:              38              39
transaction     468:              38              39
transaction     469:              38              39
transaction     470:              38              39
transaction     471:              38              39
transaction     472:              38              39
transaction     473:              38              39
transaction     474:              38              39
transaction     475:              38              39
transaction     476:              38              39
transaction     477:              38              39
transaction     478:              38              39
transaction     479:              38              39
transaction     480:              38              39
transaction     481:              38              39
transaction     482:              38              39
transaction     483:              38              39
transaction     484:              38              39
transaction     485:              38              39
transaction     486:              38              39
transaction     487:              38              39
transaction     488:              38              39
transaction     489:              38              39
transaction     490:              38              39
transaction     491:              38              39
transaction     492:              38              39
transaction     493:              38              39
transaction     494:              38              39
transaction     495:              38              39
transaction     496:              38              39
transaction     497:              38              39
transaction     498:              38              39
transaction     499:              38              39
transaction     500:              38              39
transaction     501:              38              39
transaction     502:              38              39
transaction     503:              38              39
transaction     504:              38              39
transaction     505:              38              39
transaction     506:              38              39
transaction     507:              38              39
transaction     508:              38              39
transaction     509:              38              39
transaction     510:              38              39
transaction     511:              38              39
transaction     512:              38              39
transaction     513:              38              39
transaction     514:              38              39
transaction     515:              38              39
transaction     516:              38              39
transaction     517:              38              39
transaction     518:              38              39
transaction     519:              38              39
transaction     520:              38              39
transaction     521:              38              39
transaction     522:              38              39
transaction     523:              38              39
transaction     524:              38              39
transaction     525:              38              39
transaction     526:              38              39
transaction     527:              38              39
transaction     528:              38              39
transaction     529:              38              39
transaction     530:              38              39
transaction     531:              38              39
transaction     532:              38              39
transaction     533:              38              39
transaction     534:              38              39
transaction     535:              38              39
transaction     536:              38              39
transaction     537:              38              39
transaction     538:              38              39
transaction     539:              38              39
transaction     540:              38              39
transaction     541:              38              39
transaction     542:              38              39
transaction     543:              38              39
transaction     544:              38              39
transaction     545:              38              39
transaction     546:              38              39
transaction     547:              38              39
transaction     548:              38              39
transaction     549:              38              39
transaction     550:              38              39
transaction     551:              38              39
transaction     552:              38              39
transaction     553:              38              39
transaction     554:              38              39
transaction     555:              38              39
transaction     556:              38              39
transaction     557:              38              39
transaction     558:              38              39
transaction     559:              38              39
transaction     560:              38              39
transaction     561:              38              39
transaction     562:              38              39
transaction     563:              38              39
transaction     564:              38              39
transaction     565:              38              39
transaction     566:              38              39
transaction     567:              38              39
transaction     568:              38              39
transaction     569:              38              39
transaction     570:              38              39
transaction     571:              38              39
transaction     572:              38              39
transaction     573:              38              39
transaction     574:              38              39
transaction     575:              38              39
transaction     576:              38              39
transaction     577:              38              39
transaction     578:              38              39
transaction     579:              38              39
transaction     580:              38              39
transaction     581:              38              39
transaction     582:              38              39
transaction     583:              38              39
transaction     584:              38              39
transaction     585:              38              39
transaction     586:              38              39
transaction     587:              38              39
transaction     588:              38              39
transaction     589:              38              39
transaction     590:              38              39
transaction     591:              38              39
transaction     592:              38              39
transaction     593:              38              39
transaction     594:              38              39
transaction     595:              38              39
transaction     596:              38              39
transaction     597:              38              39
transaction     598:              38              39
transaction     599:              38              39
transaction     600:              38              39
transaction     601:              38              39
transaction     602:              38              39
transaction     603:              38              39
transaction     604:              38              39
transaction     605:              38              39
transaction     606:              38              39
transaction     607:              38              39
transaction     608:              38              39
transaction     609:              38              39
transaction     610:              38              39
transaction     611:              38              39
transaction     612:              38              39
transaction     613:              38              39
transaction     614:              38              39
transaction     615:              38              39
transaction     616:              38              39
transaction     617:              38              39
transaction     618:              38              39
transaction     619:              38              39
transaction     620:              38              39
transaction     621:              38              39
transaction     622:              38              39
transaction     623:              38              39
transaction     624:              38              39
transaction     625:              38              39
transaction     626:              38              39
transaction     627:              38              39
transaction     628:              38              39
transaction     629:              38              39
transaction     630:              38              39
transaction     631:              38              39
transaction     632:              38              39
transaction     633:              38              39
transaction     634:              38              39
transaction     635:              38              39
transaction     636:              38              39
transaction     637:              38              39
transaction     638:              38              39
transaction     639:              38              39
transaction     640:              38              39
transaction     641:              38              39
transaction     642:              38              39
transaction     643:              38              39
transaction     644:              38              39
transaction     645:              38              39
transaction     646:              38              39
transaction     647:              38              39
transaction     648:              38              39
transaction     649:              38              39
transaction     650:              38              39
transaction     651:              38              39
transaction     652:              38              39
transaction     653:              38              39
transaction     654:              38              39
transaction     655:              38              39
transaction     656:              38              39
transaction     657:              38              39
transaction     658:              38              39
transaction     659:              38              39
transaction     660:              38              39
transaction     661:              38              39
transaction     662:              38              39
transaction     663:              38              39
transaction     664:              38              39
transaction     665:              38              39
transaction     666:              38              39
transaction     667:              38              39
transaction     668:              38              39
transaction     669:              38              39
transaction     670:              38              39
transaction     671:              38              39
transaction     672:              38              39
transaction     673:              38              39
transaction     674:              38              39
transaction     675:              38              39
transaction     676:              38              39
transaction     677:              38              39
transaction     678:              38              39
transaction     679:              38              39
transaction     680:              38              39
transaction     681:              38              39
transaction     682:              38              39
transaction     683:              38              39
transaction     684:              38              39
transaction     685:              38              39
transaction     686:              38              39
transaction     687:              38              39
transaction     688:              38              39
transaction     689:              38              39
transaction     690:              38              39
transaction     691:              38              39
transaction     692:              38              39
transaction     693:              38              39
transaction     694:              38              39
transaction     695:              38              39
transaction     696:              38              39
transaction     697:              38              39
transaction     698:              38              39
transaction     699:              38              39
transaction     700:              38              39
transaction     701:              38              39
transaction     702:              38              39
transaction     703:              38              39
transaction     704:              38              39
transaction     705:              38              39
transaction     706:              38              39
transaction     707:              38              39
transaction     708:              38              39
transaction     709:              38              39
transaction     710:              38              39
transaction     711:              38              39
transaction     712:              38              39
transaction     713:              38              39
transaction     714:              38              39
transaction     715:              38              39
transaction     716:              38              39
transaction     717:              38              39
transaction     718:              38              39
transaction     719:              38              39
transaction     720:              38              39
transaction     721:              38              39
transaction     722:              38              39
transaction     723:              38              39
transaction     724:              38              39
transaction     725:              38              39
transaction     726:              38              39
transaction     727:              38              39
transaction     728:              38              39
transaction     729:              38              39
transaction     730:              38              39
transaction     731:              38              39
transaction     732:              38              39
transaction     733:              38              39
transaction     734:              38              39
transaction     735:              38              39
transaction     736:              38              39
transaction     737:              38              39
transaction     738:              38              39
transaction     739:              38              39
transaction     740:              38              39
transaction     741:              38              39
transaction     742:              38              39
transaction     743:              38              39
transaction     744:              38              39
transaction     745:              38              39
transaction     746:              38              39
transaction     747:              38              39
transaction     748:              38              39
transaction     749:              38              39
transaction     750:              38              39
transaction     751:              38              39
transaction     752:              38              39
transaction     753:              38              39
transaction     754:              38              39
transaction     755:              38              39
transaction     756:              38              39
transaction     757:              38              39
transaction     758:              38              39
transaction     759:              38              39
transaction     760:              38              39
transaction     761:              38              39
transaction     762:              38              39
transaction     763:              38              39
transaction     764:              38              39
transaction     765:              38              39
transaction     766:              38              39
transaction     767:              38              39
transaction     768:              38              39
transaction     769:              38              39
transaction     770:              38              39
transaction     771:              38              39
transaction     772:              38              39
transaction     773:              38              39
transaction     774:              38              39
transaction     775:              38              39
transaction     776:              38              39
transaction     777:              38              39
transaction     778:              38              39
transaction     779:              38              39
transaction     780:              38              39
transaction     781:              38              39
transaction     782:              38              39
transaction     783:              38              39
transaction     784:              38              39
transaction     785:              38              39
transaction     786:              38              39
transaction     787:              38              39
transaction     788:              38              39
transaction     789:              38              39
transaction     790:              38              39
transaction     791:              38              39
transaction     792:              38              39
transaction     793:              38              39
transaction     794:              38              39
transaction     795:              38              39
transaction     796:              38              39
transaction     797:              38              39
transaction     798:              38              39
transaction     799:              38              39
transaction     800:              38              39
transaction     801:              38              39
transaction     802:              38              39
transaction     803:              38              39
transaction     804:              38              39
transaction     805:              38              39
transaction     806:              38              39
transaction     807:              38              39
transaction     808:              38              39
transaction     809:              38              39
transaction     810:              38              39
transaction     811:              38              39
transaction     812:              38              39
transaction     813:              38              39
transaction     814:              38              39
transaction     815:              38              39
transaction     816:              38              39
transaction     817:              38              39
transaction     818:              38              39
transaction     819:              38              39
transaction     820:              38              39
transaction     821:              38              39
transaction     822:              38              39
transaction     823:              38              39
transaction     824:              38              39
transaction     825:              38              39
transaction     826:              38              39
transaction     827:              38              39
transaction     828:              38              39
transaction     829:              38              39
transaction     830:              38              39
transaction     831:              38              39
transaction     832:              38              39
transaction     833:              38              39
transaction     834:              38              39
transaction     835:              38              39
transaction     836:              38              39
transaction     837:              38              39
transaction     838:              38              39
transaction     839:              38              39
transaction     840:              38              39
transaction     841:              38              39
transaction     842:              38              39
transaction     843:              38              39
transaction     844:              38              39
transaction     845:              38              39
transaction     846:              38              39
transaction     847:              38              39
transaction     848:              38              39
transaction     849:              38              39
transaction     850:              38              39
transaction     851:              38              39
transaction     852:              38              39
transaction     853:              38              39
transaction     854:              38              39
transaction     855:              38              39
transaction     856:              38              39
transaction     857:              38              39
transaction     858:              38              39
transaction     859:              38              39
transaction     860:              38              39
transaction     861:              38              39
transaction     862:              38              39
transaction     863:              38              39
transaction     864:              38              39
transaction     865:              38              39
transaction     866:              38              39
transaction     867:              38              39
transaction     868:              38              39
transaction     869:              38              39
transaction     870:              38              39
transaction     871:              38              39
transaction     872:              38              39
transaction     873:              38              39
transaction     874:              38              39
transaction     875:              38              39
transaction     876:              38              39
transaction     877:              38              39
transaction     878:              38              39
transaction     879:              38              39
transaction     880:              38              39
transaction     881:              38              39
transaction     882:              38              39
transaction     883:              38              39
transaction     884:              38              39
transaction     885:              38              39
transaction     886:              38              39
transaction     887:              38              39
transaction     888:              38              39
transaction     889:              38              39
transaction     890:              38              39
transaction     891:              38              39
transaction     892:              38              39
transaction     893:              38              39
transaction     894:              38              39
transaction     895:              38              39
transaction     896:              38              39
transaction     897:              38              39
transaction     898:              38              39
transaction     899:              38              39
transaction     900:              38              39
transaction     901:              38              39
transaction     902:              38              39
transaction     903:              38              39
transaction     904:              38              39
transaction     905:              38              39
transaction     906:              38              39
transaction     907:              38              39
transaction     908:              38              39
transaction     909:              38              39
transaction     910:              38              39
transaction     911:              38              39
transaction     912:              38              39
transaction     913:              38              39
transaction     914:              38              39
transaction     915:              38              39
transaction     916:              38              39
transaction     917:              38              39
transaction     918:              38              39
transaction     919:              38              39
transaction     920:              38              39
transaction     921:              38              39
transaction     922:              38              39
transaction     923:              38              39
transaction     924:              38              39
transaction     925:              38              39
transaction     926:              38              39
transaction     927:              38              39
transaction     928:              38              39
transaction     929:              38              39
transaction     930:              38              39
transaction     931:              38              39
transaction     932:              38              39
transaction     933:              38              39
transaction     934:              38              39
transaction     935:              38              39
transaction     936:              38              39
transaction     937:              38              39
transaction     938:              38              39
transaction     939:              38              39
transaction     940:              38              39
transaction     941:              38              39
transaction     942:              38              39
transaction     943:              38              39
transaction     944:              38              39
transaction     945:              38              39
transaction     946:              38              39
transaction     947:              38              39
transaction     948:              38              39
transaction     949:              38              39
transaction     950:              38              39
transaction     951:              38              39
transaction     952:              38              39
transaction     953:              38              39
transaction     954:              38              39
transaction     955:              38               x
