Copyright 1986-2017 Xilinx, Inc. All Rights Reserved.
------------------------------------------------------------------------------------------------------------------------------------------------------------
| Tool Version : Vivado v.2017.4 (lin64) Build 2086221 Fri Dec 15 20:54:30 MST 2017
| Date         : Thu Jul 26 13:26:06 2018
| Host         : fabricant running 64-bit Linux Mint 18 Sarah
| Command      : report_drc -file sensor_overlay_wrapper_drc_routed.rpt -pb sensor_overlay_wrapper_drc_routed.pb -rpx sensor_overlay_wrapper_drc_routed.rpx
| Design       : sensor_overlay_wrapper
| Device       : xc7z020clg400-1
| Speed File   : -1
| Design State : Routed
------------------------------------------------------------------------------------------------------------------------------------------------------------

Report DRC

Table of Contents
-----------------
1. REPORT SUMMARY
2. REPORT DETAILS

1. REPORT SUMMARY
-----------------
            Netlist: netlist
          Floorplan: design_1
      Design limits: <entire design considered>
           Ruledeck: default
             Max violations: <unlimited>
             Violations found: 18
+--------+----------+--------------------------+------------+
| Rule   | Severity | Description              | Violations |
+--------+----------+--------------------------+------------+
| BUFC-1 | Warning  | Input Buffer Connections | 18         |
+--------+----------+--------------------------+------------+

2. REPORT DETAILS
-----------------
BUFC-1#1 Warning
Input Buffer Connections  
Input buffer arduino_gpio_tri_iobuf_10/IBUF (in arduino_gpio_tri_iobuf_10 macro) has no loads. It is recommended to have an input buffer drive an internal load.
Related violations: <none>

BUFC-1#2 Warning
Input Buffer Connections  
Input buffer arduino_gpio_tri_iobuf_11/IBUF (in arduino_gpio_tri_iobuf_11 macro) has no loads. It is recommended to have an input buffer drive an internal load.
Related violations: <none>

BUFC-1#3 Warning
Input Buffer Connections  
Input buffer arduino_gpio_tri_iobuf_12/IBUF (in arduino_gpio_tri_iobuf_12 macro) has no loads. It is recommended to have an input buffer drive an internal load.
Related violations: <none>

BUFC-1#4 Warning
Input Buffer Connections  
Input buffer arduino_gpio_tri_iobuf_13/IBUF (in arduino_gpio_tri_iobuf_13 macro) has no loads. It is recommended to have an input buffer drive an internal load.
Related violations: <none>

BUFC-1#5 Warning
Input Buffer Connections  
Input buffer arduino_gpio_tri_iobuf_14/IBUF (in arduino_gpio_tri_iobuf_14 macro) has no loads. It is recommended to have an input buffer drive an internal load.
Related violations: <none>

BUFC-1#6 Warning
Input Buffer Connections  
Input buffer arduino_gpio_tri_iobuf_15/IBUF (in arduino_gpio_tri_iobuf_15 macro) has no loads. It is recommended to have an input buffer drive an internal load.
Related violations: <none>

BUFC-1#7 Warning
Input Buffer Connections  
Input buffer arduino_gpio_tri_iobuf_16/IBUF (in arduino_gpio_tri_iobuf_16 macro) has no loads. It is recommended to have an input buffer drive an internal load.
Related violations: <none>

BUFC-1#8 Warning
Input Buffer Connections  
Input buffer arduino_gpio_tri_iobuf_17/IBUF (in arduino_gpio_tri_iobuf_17 macro) has no loads. It is recommended to have an input buffer drive an internal load.
Related violations: <none>

BUFC-1#9 Warning
Input Buffer Connections  
Input buffer arduino_gpio_tri_iobuf_18/IBUF (in arduino_gpio_tri_iobuf_18 macro) has no loads. It is recommended to have an input buffer drive an internal load.
Related violations: <none>

BUFC-1#10 Warning
Input Buffer Connections  
Input buffer arduino_gpio_tri_iobuf_19/IBUF (in arduino_gpio_tri_iobuf_19 macro) has no loads. It is recommended to have an input buffer drive an internal load.
Related violations: <none>

BUFC-1#11 Warning
Input Buffer Connections  
Input buffer arduino_gpio_tri_iobuf_2/IBUF (in arduino_gpio_tri_iobuf_2 macro) has no loads. It is recommended to have an input buffer drive an internal load.
Related violations: <none>

BUFC-1#12 Warning
Input Buffer Connections  
Input buffer arduino_gpio_tri_iobuf_3/IBUF (in arduino_gpio_tri_iobuf_3 macro) has no loads. It is recommended to have an input buffer drive an internal load.
Related violations: <none>

BUFC-1#13 Warning
Input Buffer Connections  
Input buffer arduino_gpio_tri_iobuf_4/IBUF (in arduino_gpio_tri_iobuf_4 macro) has no loads. It is recommended to have an input buffer drive an internal load.
Related violations: <none>

BUFC-1#14 Warning
Input Buffer Connections  
Input buffer arduino_gpio_tri_iobuf_5/IBUF (in arduino_gpio_tri_iobuf_5 macro) has no loads. It is recommended to have an input buffer drive an internal load.
Related violations: <none>

BUFC-1#15 Warning
Input Buffer Connections  
Input buffer arduino_gpio_tri_iobuf_6/IBUF (in arduino_gpio_tri_iobuf_6 macro) has no loads. It is recommended to have an input buffer drive an internal load.
Related violations: <none>

BUFC-1#16 Warning
Input Buffer Connections  
Input buffer arduino_gpio_tri_iobuf_7/IBUF (in arduino_gpio_tri_iobuf_7 macro) has no loads. It is recommended to have an input buffer drive an internal load.
Related violations: <none>

BUFC-1#17 Warning
Input Buffer Connections  
Input buffer arduino_gpio_tri_iobuf_8/IBUF (in arduino_gpio_tri_iobuf_8 macro) has no loads. It is recommended to have an input buffer drive an internal load.
Related violations: <none>

BUFC-1#18 Warning
Input Buffer Connections  
Input buffer arduino_gpio_tri_iobuf_9/IBUF (in arduino_gpio_tri_iobuf_9 macro) has no loads. It is recommended to have an input buffer drive an internal load.
Related violations: <none>


