
*** Running vivado
    with args -log pwm_wire_distributor_0_0.vds -m64 -product Vivado -mode batch -messageDb vivado.pb -notrace -source pwm_wire_distributor_0_0.tcl


****** Vivado v2017.4 (64-bit)
  **** SW Build 2086221 on Fri Dec 15 20:54:30 MST 2017
  **** IP Build 2085800 on Fri Dec 15 22:25:07 MST 2017
    ** Copyright 1986-2017 Xilinx, Inc. All Rights Reserved.

source pwm_wire_distributor_0_0.tcl -notrace
Command: synth_design -top pwm_wire_distributor_0_0 -part xc7z020clg400-1 -mode out_of_context
Starting synth_design
Attempting to get a license for feature 'Synthesis' and/or device 'xc7z020'
INFO: [Common 17-349] Got license for feature 'Synthesis' and/or device 'xc7z020'
INFO: Launching helper process for spawning children vivado processes
INFO: Helper process launched with PID 14905 
---------------------------------------------------------------------------------
Starting RTL Elaboration : Time (s): cpu = 00:00:14 ; elapsed = 00:00:19 . Memory (MB): peak = 1254.332 ; gain = 79.996 ; free physical = 131 ; free virtual = 10104
---------------------------------------------------------------------------------
INFO: [Synth 8-638] synthesizing module 'pwm_wire_distributor_0_0' [/home/brennan/Documents/pynq-copter/pynqcopter/pwm/pwm/pwm.srcs/sources_1/bd/pwm/ip/pwm_wire_distributor_0_0/synth/pwm_wire_distributor_0_0.v:57]
INFO: [Synth 8-638] synthesizing module 'wire_distributor' [/home/brennan/Documents/pynq-copter/pynqcopter/pwm/pwm/pwm.srcs/sources_1/bd/pwm/ipshared/1a70/wire_distributor.v:3]
	Parameter TYPE bound to: 1 - type: integer 
	Parameter WIDTH bound to: 20 - type: integer 
INFO: [Synth 8-256] done synthesizing module 'wire_distributor' (1#1) [/home/brennan/Documents/pynq-copter/pynqcopter/pwm/pwm/pwm.srcs/sources_1/bd/pwm/ipshared/1a70/wire_distributor.v:3]
INFO: [Synth 8-256] done synthesizing module 'pwm_wire_distributor_0_0' (2#1) [/home/brennan/Documents/pynq-copter/pynqcopter/pwm/pwm/pwm.srcs/sources_1/bd/pwm/ip/pwm_wire_distributor_0_0/synth/pwm_wire_distributor_0_0.v:57]
---------------------------------------------------------------------------------
Finished RTL Elaboration : Time (s): cpu = 00:00:15 ; elapsed = 00:00:21 . Memory (MB): peak = 1296.863 ; gain = 122.527 ; free physical = 241 ; free virtual = 10123
---------------------------------------------------------------------------------

Report Check Netlist: 
+------+------------------+-------+---------+-------+------------------+
|      |Item              |Errors |Warnings |Status |Description       |
+------+------------------+-------+---------+-------+------------------+
|1     |multi_driven_nets |      0|        0|Passed |Multi driven nets |
+------+------------------+-------+---------+-------+------------------+
---------------------------------------------------------------------------------
Finished RTL Optimization Phase 1 : Time (s): cpu = 00:00:15 ; elapsed = 00:00:21 . Memory (MB): peak = 1296.863 ; gain = 122.527 ; free physical = 235 ; free virtual = 10116
---------------------------------------------------------------------------------
INFO: [Device 21-403] Loading part xc7z020clg400-1
INFO: [Project 1-570] Preparing netlist for logic optimization

Processing XDC Constraints
Initializing timing engine
Completed Processing XDC Constraints

INFO: [Project 1-111] Unisim Transformation Summary:
No Unisim elements were transformed.

Constraint Validation Runtime : Time (s): cpu = 00:00:00 ; elapsed = 00:00:00.28 . Memory (MB): peak = 1547.855 ; gain = 0.000 ; free physical = 128 ; free virtual = 9376
---------------------------------------------------------------------------------
Finished Constraint Validation : Time (s): cpu = 00:00:44 ; elapsed = 00:01:31 . Memory (MB): peak = 1547.855 ; gain = 373.520 ; free physical = 221 ; free virtual = 9474
---------------------------------------------------------------------------------
---------------------------------------------------------------------------------
Start Loading Part and Timing Information
---------------------------------------------------------------------------------
Loading part: xc7z020clg400-1
---------------------------------------------------------------------------------
Finished Loading Part and Timing Information : Time (s): cpu = 00:00:44 ; elapsed = 00:01:31 . Memory (MB): peak = 1547.855 ; gain = 373.520 ; free physical = 221 ; free virtual = 9473
---------------------------------------------------------------------------------
---------------------------------------------------------------------------------
Start Applying 'set_property' XDC Constraints
---------------------------------------------------------------------------------
---------------------------------------------------------------------------------
Finished applying 'set_property' XDC Constraints : Time (s): cpu = 00:00:44 ; elapsed = 00:01:31 . Memory (MB): peak = 1547.855 ; gain = 373.520 ; free physical = 222 ; free virtual = 9475
---------------------------------------------------------------------------------
---------------------------------------------------------------------------------
Finished RTL Optimization Phase 2 : Time (s): cpu = 00:00:44 ; elapsed = 00:01:31 . Memory (MB): peak = 1547.855 ; gain = 373.520 ; free physical = 221 ; free virtual = 9475
---------------------------------------------------------------------------------

Report RTL Partitions: 
+-+--------------+------------+----------+
| |RTL Partition |Replication |Instances |
+-+--------------+------------+----------+
+-+--------------+------------+----------+
---------------------------------------------------------------------------------
Start RTL Component Statistics 
---------------------------------------------------------------------------------
Detailed RTL Component Info : 
---------------------------------------------------------------------------------
Finished RTL Component Statistics 
---------------------------------------------------------------------------------
---------------------------------------------------------------------------------
Start RTL Hierarchical Component Statistics 
---------------------------------------------------------------------------------
Hierarchical RTL Component report 
---------------------------------------------------------------------------------
Finished RTL Hierarchical Component Statistics
---------------------------------------------------------------------------------
---------------------------------------------------------------------------------
Start Part Resource Summary
---------------------------------------------------------------------------------
Part Resources:
DSPs: 220 (col length:60)
BRAMs: 280 (col length: RAMB18 60 RAMB36 30)
---------------------------------------------------------------------------------
Finished Part Resource Summary
---------------------------------------------------------------------------------
---------------------------------------------------------------------------------
Start Cross Boundary and Area Optimization
---------------------------------------------------------------------------------
WARNING: [Synth 8-3330] design pwm_wire_distributor_0_0 has an empty top module
---------------------------------------------------------------------------------
Finished Cross Boundary and Area Optimization : Time (s): cpu = 00:00:44 ; elapsed = 00:01:32 . Memory (MB): peak = 1547.855 ; gain = 373.520 ; free physical = 239 ; free virtual = 9495
---------------------------------------------------------------------------------

Report RTL Partitions: 
+-+--------------+------------+----------+
| |RTL Partition |Replication |Instances |
+-+--------------+------------+----------+
+-+--------------+------------+----------+
---------------------------------------------------------------------------------
Start Applying XDC Timing Constraints
---------------------------------------------------------------------------------
---------------------------------------------------------------------------------
Finished Applying XDC Timing Constraints : Time (s): cpu = 00:00:57 ; elapsed = 00:01:53 . Memory (MB): peak = 1592.855 ; gain = 418.520 ; free physical = 139 ; free virtual = 8886
---------------------------------------------------------------------------------
---------------------------------------------------------------------------------
Start Timing Optimization
---------------------------------------------------------------------------------
---------------------------------------------------------------------------------
Finished Timing Optimization : Time (s): cpu = 00:00:57 ; elapsed = 00:01:53 . Memory (MB): peak = 1592.855 ; gain = 418.520 ; free physical = 137 ; free virtual = 8884
---------------------------------------------------------------------------------

Report RTL Partitions: 
+-+--------------+------------+----------+
| |RTL Partition |Replication |Instances |
+-+--------------+------------+----------+
+-+--------------+------------+----------+
---------------------------------------------------------------------------------
Start Technology Mapping
---------------------------------------------------------------------------------
---------------------------------------------------------------------------------
Finished Technology Mapping : Time (s): cpu = 00:00:57 ; elapsed = 00:01:53 . Memory (MB): peak = 1602.871 ; gain = 428.535 ; free physical = 130 ; free virtual = 8879
---------------------------------------------------------------------------------

Report RTL Partitions: 
+-+--------------+------------+----------+
| |RTL Partition |Replication |Instances |
+-+--------------+------------+----------+
+-+--------------+------------+----------+
---------------------------------------------------------------------------------
Start IO Insertion
---------------------------------------------------------------------------------
---------------------------------------------------------------------------------
Start Flattening Before IO Insertion
---------------------------------------------------------------------------------
---------------------------------------------------------------------------------
Finished Flattening Before IO Insertion
---------------------------------------------------------------------------------
---------------------------------------------------------------------------------
Start Final Netlist Cleanup
---------------------------------------------------------------------------------
---------------------------------------------------------------------------------
Finished Final Netlist Cleanup
---------------------------------------------------------------------------------
---------------------------------------------------------------------------------
Finished IO Insertion : Time (s): cpu = 00:00:58 ; elapsed = 00:01:55 . Memory (MB): peak = 1602.871 ; gain = 428.535 ; free physical = 123 ; free virtual = 8873
---------------------------------------------------------------------------------

Report Check Netlist: 
+------+------------------+-------+---------+-------+------------------+
|      |Item              |Errors |Warnings |Status |Description       |
+------+------------------+-------+---------+-------+------------------+
|1     |multi_driven_nets |      0|        0|Passed |Multi driven nets |
+------+------------------+-------+---------+-------+------------------+
---------------------------------------------------------------------------------
Start Renaming Generated Instances
---------------------------------------------------------------------------------
---------------------------------------------------------------------------------
Finished Renaming Generated Instances : Time (s): cpu = 00:00:58 ; elapsed = 00:01:55 . Memory (MB): peak = 1602.871 ; gain = 428.535 ; free physical = 123 ; free virtual = 8873
---------------------------------------------------------------------------------

Report RTL Partitions: 
+-+--------------+------------+----------+
| |RTL Partition |Replication |Instances |
+-+--------------+------------+----------+
+-+--------------+------------+----------+
---------------------------------------------------------------------------------
Start Rebuilding User Hierarchy
---------------------------------------------------------------------------------
---------------------------------------------------------------------------------
Finished Rebuilding User Hierarchy : Time (s): cpu = 00:00:58 ; elapsed = 00:01:55 . Memory (MB): peak = 1602.871 ; gain = 428.535 ; free physical = 123 ; free virtual = 8873
---------------------------------------------------------------------------------
---------------------------------------------------------------------------------
Start Renaming Generated Ports
---------------------------------------------------------------------------------
---------------------------------------------------------------------------------
Finished Renaming Generated Ports : Time (s): cpu = 00:00:58 ; elapsed = 00:01:55 . Memory (MB): peak = 1602.871 ; gain = 428.535 ; free physical = 122 ; free virtual = 8873
---------------------------------------------------------------------------------
---------------------------------------------------------------------------------
Start Handling Custom Attributes
---------------------------------------------------------------------------------
---------------------------------------------------------------------------------
Finished Handling Custom Attributes : Time (s): cpu = 00:00:58 ; elapsed = 00:01:55 . Memory (MB): peak = 1602.871 ; gain = 428.535 ; free physical = 122 ; free virtual = 8873
---------------------------------------------------------------------------------
---------------------------------------------------------------------------------
Start Renaming Generated Nets
---------------------------------------------------------------------------------
---------------------------------------------------------------------------------
Finished Renaming Generated Nets : Time (s): cpu = 00:00:58 ; elapsed = 00:01:55 . Memory (MB): peak = 1602.871 ; gain = 428.535 ; free physical = 122 ; free virtual = 8873
---------------------------------------------------------------------------------
---------------------------------------------------------------------------------
Start Writing Synthesis Report
---------------------------------------------------------------------------------

Report BlackBoxes: 
+-+--------------+----------+
| |BlackBox name |Instances |
+-+--------------+----------+
+-+--------------+----------+

Report Cell Usage: 
+-+-----+------+
| |Cell |Count |
+-+-----+------+
+-+-----+------+

Report Instance Areas: 
+------+---------+-------+------+
|      |Instance |Module |Cells |
+------+---------+-------+------+
|1     |top      |       |     0|
+------+---------+-------+------+
---------------------------------------------------------------------------------
Finished Writing Synthesis Report : Time (s): cpu = 00:00:58 ; elapsed = 00:01:55 . Memory (MB): peak = 1602.871 ; gain = 428.535 ; free physical = 121 ; free virtual = 8872
---------------------------------------------------------------------------------
Synthesis finished with 0 errors, 0 critical warnings and 1 warnings.
Synthesis Optimization Runtime : Time (s): cpu = 00:00:43 ; elapsed = 00:01:02 . Memory (MB): peak = 1602.871 ; gain = 177.543 ; free physical = 257 ; free virtual = 9002
Synthesis Optimization Complete : Time (s): cpu = 00:00:58 ; elapsed = 00:01:55 . Memory (MB): peak = 1602.879 ; gain = 428.535 ; free physical = 255 ; free virtual = 9001
INFO: [Project 1-571] Translating synthesized netlist
INFO: [Project 1-570] Preparing netlist for logic optimization
INFO: [Opt 31-138] Pushed 0 inverter(s) to 0 load pin(s).
INFO: [Project 1-111] Unisim Transformation Summary:
No Unisim elements were transformed.

INFO: [Common 17-83] Releasing license: Synthesis
13 Infos, 1 Warnings, 0 Critical Warnings and 0 Errors encountered.
synth_design completed successfully
synth_design: Time (s): cpu = 00:01:00 ; elapsed = 00:01:59 . Memory (MB): peak = 1608.871 ; gain = 447.910 ; free physical = 258 ; free virtual = 9031
INFO: [Common 17-1381] The checkpoint '/home/brennan/Documents/pynq-copter/pynqcopter/pwm/pwm/pwm.runs/pwm_wire_distributor_0_0_synth_1/pwm_wire_distributor_0_0.dcp' has been generated.
