#-----------------------------------------------------------
# Vivado v2017.4 (64-bit)
# SW Build 2086221 on Fri Dec 15 20:54:30 MST 2017
# IP Build 2085800 on Fri Dec 15 22:25:07 MST 2017
# Start of session at: Thu Aug 16 17:25:20 2018
# Process ID: 16224
# Current directory: /home/iavendano/pynq-copter/pynqcopter/bmeSensor
# Command line: vivado bmeSensor/bmeSensor.xpr
# Log file: /home/iavendano/pynq-copter/pynqcopter/bmeSensor/vivado.log
# Journal file: /home/iavendano/pynq-copter/pynqcopter/bmeSensor/vivado.jou
#-----------------------------------------------------------
start_gui
open_project bmeSensor/bmeSensor.xpr
Scanning sources...
Finished scanning sources
INFO: [IP_Flow 19-234] Refreshing IP repositories
INFO: [IP_Flow 19-1700] Loaded user IP repository '/home/iavendano/pynq-copter/pynqcopter/ip'.
INFO: [IP_Flow 19-2313] Loaded Vivado IP repository '/data/opt/Xilinx/Vivado/2017.4/data/ip'.
open_project: Time (s): cpu = 00:00:36 ; elapsed = 00:00:13 . Memory (MB): peak = 6251.820 ; gain = 112.371 ; free physical = 57472 ; free virtual = 442905
update_compile_order -fileset sources_1
open_bd_design {/home/iavendano/pynq-copter/pynqcopter/bmeSensor/bmeSensor/bmeSensor.srcs/sources_1/bd/bmeSensor/bmeSensor.bd}
Adding cell -- xilinx.com:ip:axi_iic:2.0 - axi_iic_0
Adding cell -- UCSD:hlsip:bmesensor:1.0 - bmesensor_0
Adding cell -- xilinx.com:ip:processing_system7:5.5 - processing_system7_0
Adding cell -- xilinx.com:ip:proc_sys_reset:5.0 - rst_ps7_0_100M
Adding cell -- xilinx.com:ip:axi_crossbar:2.1 - xbar
Adding cell -- xilinx.com:ip:axi_mmu:2.1 - s01_mmu
Adding cell -- xilinx.com:ip:axi_protocol_converter:2.1 - auto_pc
Adding cell -- xilinx.com:ip:axi_protocol_converter:2.1 - auto_pc
Successfully read diagram <bmeSensor> from BD file </home/iavendano/pynq-copter/pynqcopter/bmeSensor/bmeSensor/bmeSensor.srcs/sources_1/bd/bmeSensor/bmeSensor.bd>
open_bd_design: Time (s): cpu = 00:00:16 ; elapsed = 00:00:08 . Memory (MB): peak = 6333.789 ; gain = 43.770 ; free physical = 57431 ; free virtual = 442864
exit
INFO: [Common 17-206] Exiting Vivado at Thu Aug 16 17:27:03 2018...
