#-----------------------------------------------------------
# Vivado v2017.4 (64-bit)
# SW Build 2086221 on Fri Dec 15 20:54:30 MST 2017
# IP Build 2085800 on Fri Dec 15 22:25:07 MST 2017
# Start of session at: Tue Aug 14 14:46:22 2018
# Process ID: 5278
# Current directory: /home/iavendano/pynq-copter/pynqcopter/bmeSensor
# Command line: vivado bmeSensor/bmeSensor.xpr
# Log file: /home/iavendano/pynq-copter/pynqcopter/bmeSensor/vivado.log
# Journal file: /home/iavendano/pynq-copter/pynqcopter/bmeSensor/vivado.jou
#-----------------------------------------------------------
start_gui
open_project bmeSensor/bmeSensor.xpr
Scanning sources...
Finished scanning sources
INFO: [IP_Flow 19-234] Refreshing IP repositories
INFO: [IP_Flow 19-1700] Loaded user IP repository '/home/iavendano/pynq-copter/pynqcopter/ip'.
INFO: [IP_Flow 19-2313] Loaded Vivado IP repository '/data/opt/Xilinx/Vivado/2017.4/data/ip'.
CRITICAL WARNING: [IP_Flow 19-1663] Duplicate IP found for 'UCSD:hlsip:bmesensor:1.0'. The one found in IP location '/home/iavendano/pynq-copter/pynqcopter/ip/bmesensor/bmesensor/bmesensor/impl/ip' will take precedence over the same IP in location /home/iavendano/pynq-copter/pynqcopter/ip/bmesensor2/bmesensor2/bmesensor/impl/ip
open_project: Time (s): cpu = 00:00:36 ; elapsed = 00:00:16 . Memory (MB): peak = 6230.766 ; gain = 74.078 ; free physical = 76165 ; free virtual = 496626
update_compile_order -fileset sources_1
open_bd_design {/home/iavendano/pynq-copter/pynqcopter/bmeSensor/bmeSensor/bmeSensor.srcs/sources_1/bd/bmeSensor/bmeSensor.bd}
Adding cell -- xilinx.com:ip:axi_iic:2.0 - axi_iic_0
Adding cell -- UCSD:hlsip:bmesensor:1.0 - bmesensor_0
Adding cell -- xilinx.com:ip:processing_system7:5.5 - processing_system7_0
Adding cell -- xilinx.com:ip:proc_sys_reset:5.0 - rst_ps7_0_100M
Adding cell -- xilinx.com:ip:axi_crossbar:2.1 - xbar
Adding cell -- xilinx.com:ip:axi_mmu:2.1 - s01_mmu
Adding cell -- xilinx.com:ip:axi_protocol_converter:2.1 - auto_pc
Adding cell -- xilinx.com:ip:axi_protocol_converter:2.1 - auto_pc
Successfully read diagram <bmeSensor> from BD file </home/iavendano/pynq-copter/pynqcopter/bmeSensor/bmeSensor/bmeSensor.srcs/sources_1/bd/bmeSensor/bmeSensor.bd>
open_bd_design: Time (s): cpu = 00:00:16 ; elapsed = 00:00:09 . Memory (MB): peak = 6327.742 ; gain = 62.258 ; free physical = 76130 ; free virtual = 496591
validate_bd_design -force
WARNING: [BD 41-927] Following properties on pin /bmesensor_0/ap_clk have been updated from connected ip. They may not be synchronized with cell properties. You can set property on pin directly to confirm the value and resolve the warning.
	CLK_DOMAIN=bmeSensor_processing_system7_0_0_FCLK_CLK0 
validate_bd_design: Time (s): cpu = 00:00:16 ; elapsed = 00:00:08 . Memory (MB): peak = 6360.852 ; gain = 19.078 ; free physical = 75999 ; free virtual = 496454
save_bd_design
Wrote  : </home/iavendano/pynq-copter/pynqcopter/bmeSensor/bmeSensor/bmeSensor.srcs/sources_1/bd/bmeSensor/bmeSensor.bd> 
Wrote  : </home/iavendano/pynq-copter/pynqcopter/bmeSensor/bmeSensor/bmeSensor.srcs/sources_1/bd/bmeSensor/ui/bd_de4afcf4.ui> 
write_bd_tcl -force -hier_blks [get_bd_cells /] /home/iavendano/pynq-copter/pynqcopter/bmeSensor/bmeSensor.tcl
INFO: [BD 5-148] Tcl file written out </home/iavendano/pynq-copter/pynqcopter/bmeSensor/bmeSensor.tcl>.

exit
INFO: [Common 17-206] Exiting Vivado at Tue Aug 14 14:51:05 2018...
