#-----------------------------------------------------------
# Vivado v2017.4 (64-bit)
# SW Build 2086221 on Fri Dec 15 20:54:30 MST 2017
# IP Build 2085800 on Fri Dec 15 22:25:07 MST 2017
# Start of session at: Mon Aug 13 20:46:07 2018
# Process ID: 25749
# Current directory: /home/iavendano/pynq-copter/pynqcopter/bmeSensor
# Command line: vivado bmeSensor/bmeSensor.xpr
# Log file: /home/iavendano/pynq-copter/pynqcopter/bmeSensor/vivado.log
# Journal file: /home/iavendano/pynq-copter/pynqcopter/bmeSensor/vivado.jou
#-----------------------------------------------------------
start_gui
open_project bmeSensor/bmeSensor.xpr
INFO: [Project 1-313] Project file moved from '/home/iavendano/pynq-copter/pynqcopter/BmeSensor/bmeSensor' since last save.
Scanning sources...
Finished scanning sources
INFO: [IP_Flow 19-234] Refreshing IP repositories
INFO: [IP_Flow 19-1700] Loaded user IP repository '/home/iavendano/pynq-copter/pynqcopter/ip'.
INFO: [IP_Flow 19-2313] Loaded Vivado IP repository '/data/opt/Xilinx/Vivado/2017.4/data/ip'.
open_project: Time (s): cpu = 00:00:30 ; elapsed = 00:00:13 . Memory (MB): peak = 6225.578 ; gain = 84.199 ; free physical = 110818 ; free virtual = 493496
update_compile_order -fileset sources_1
open_bd_design {/home/iavendano/pynq-copter/pynqcopter/bmeSensor/bmeSensor/bmeSensor.srcs/sources_1/bd/bmeSensor/bmeSensor.bd}
Adding cell -- xilinx.com:ip:axi_iic:2.0 - axi_iic_0
Adding cell -- UCSD:hlsip:iiccomm:1.0 - iiccomm_0
Adding cell -- xilinx.com:ip:processing_system7:5.5 - processing_system7_0
Adding cell -- xilinx.com:ip:proc_sys_reset:5.0 - rst_ps7_0_100M
Adding cell -- xilinx.com:ip:axi_crossbar:2.1 - xbar
Adding cell -- xilinx.com:ip:axi_mmu:2.1 - s01_mmu
Adding cell -- xilinx.com:ip:axi_protocol_converter:2.1 - auto_pc
Adding cell -- xilinx.com:ip:axi_protocol_converter:2.1 - auto_pc
Successfully read diagram <bmeSensor> from BD file </home/iavendano/pynq-copter/pynqcopter/bmeSensor/bmeSensor/bmeSensor.srcs/sources_1/bd/bmeSensor/bmeSensor.bd>
open_bd_design: Time (s): cpu = 00:00:11 ; elapsed = 00:00:07 . Memory (MB): peak = 6301.113 ; gain = 32.621 ; free physical = 110628 ; free virtual = 493306
delete_bd_objs [get_bd_intf_nets ps7_0_axi_periph_M00_AXI] [get_bd_intf_nets iiccomm_0_m_axi_iic] [get_bd_cells iiccomm_0]
startgroup
create_bd_cell -type ip -vlnv UCSD:hlsip:bmesensor:1.0 bmesensor_0
endgroup
set_property location {3 895 150} [get_bd_cells bmesensor_0]
connect_bd_intf_net -boundary_type upper [get_bd_intf_pins ps7_0_axi_periph/M00_AXI] [get_bd_intf_pins bmesensor_0/s_axi_AXILiteS]
connect_bd_intf_net [get_bd_intf_pins bmesensor_0/m_axi_iic] -boundary_type upper [get_bd_intf_pins ps7_0_axi_periph/S01_AXI]
connect_bd_net [get_bd_pins bmesensor_0/ap_clk] [get_bd_pins processing_system7_0/FCLK_CLK0]
connect_bd_net [get_bd_pins bmesensor_0/ap_rst_n] [get_bd_pins rst_ps7_0_100M/peripheral_aresetn]
save_bd_design
Wrote  : </home/iavendano/pynq-copter/pynqcopter/bmeSensor/bmeSensor/bmeSensor.srcs/sources_1/bd/bmeSensor/bmeSensor.bd> 
Wrote  : </home/iavendano/pynq-copter/pynqcopter/bmeSensor/bmeSensor/bmeSensor.srcs/sources_1/bd/bmeSensor/ui/bd_de4afcf4.ui> 
assign_bd_address [get_bd_addr_segs {bmesensor_0/s_axi_AXILiteS/Reg }]
</bmesensor_0/s_axi_AXILiteS/Reg> is being mapped into </processing_system7_0/Data> at <0x43C00000 [ 64K ]>
CRITICAL WARNING: [BD 41-1294] requested address <0x40000000 [ 64K ]> conflicts with peripheral </axi_iic_0/S_AXI/Reg> mapped into segment </processing_system7_0/Data/SEG_axi_iic_0_Reg> at <0x40001000 [ 4K ]>.
set_property offset 0x40000000 [get_bd_addr_segs {processing_system7_0/Data/SEG_bmesensor_0_Reg}]
ERROR: [BD 41-70] Exec TCL: The proposed address 0x40000000 [ 64K ] conflicts with peripheral /axi_iic_0/S_AXI/Reg mapped into segment /processing_system7_0/Data/SEG_axi_iic_0_Reg at 0x40001000 [ 4K ]..
WARNING: [BD 41-1642] Cannot set the parameter 'offset' on '/processing_system7_0/Data/SEG_bmesensor_0_Reg' - Parameter does not exist. 
ERROR: [Common 17-39] 'set_property' failed due to earlier errors.
set_property range 4K [get_bd_addr_segs {processing_system7_0/Data/SEG_bmesensor_0_Reg}]
set_property offset 0x40000000 [get_bd_addr_segs {processing_system7_0/Data/SEG_bmesensor_0_Reg}]
assign_bd_address [get_bd_addr_segs {axi_iic_0/S_AXI/Reg }]
</axi_iic_0/S_AXI/Reg> is being mapped into </bmesensor_0/Data_m_axi_iic> at <0x40001000 [ 4K ]>
INFO: [BD 41-1051] The usage <register> of peripheral </axi_iic_0/S_AXI/Reg> does not match the usage <memory> of master </bmesensor_0/Data_m_axi_iic> and will be excluded using sparse connectivity from its address space. Use the include_bd_addr_seg command to override this precaution and make this peripheral visible within this masters address space.
Excluding </axi_iic_0/S_AXI/Reg> from </bmesensor_0/Data_m_axi_iic>
include_bd_addr_seg [get_bd_addr_segs -excluded bmesensor_0/Data_m_axi_iic/SEG_axi_iic_0_Reg]
Including </axi_iic_0/S_AXI/Reg> into </bmesensor_0/Data_m_axi_iic>
save_bd_design
Wrote  : </home/iavendano/pynq-copter/pynqcopter/bmeSensor/bmeSensor/bmeSensor.srcs/sources_1/bd/bmeSensor/bmeSensor.bd> 
validate_bd_design
save_bd_design
Wrote  : </home/iavendano/pynq-copter/pynqcopter/bmeSensor/bmeSensor/bmeSensor.srcs/sources_1/bd/bmeSensor/bmeSensor.bd> 
write_bd_tcl -force -hier_blks [get_bd_cells /] /home/iavendano/pynq-copter/pynqcopter/bmeSensor/bmeSensor.tcl
INFO: [BD 5-148] Tcl file written out </home/iavendano/pynq-copter/pynqcopter/bmeSensor/bmeSensor.tcl>.

exit
INFO: [Common 17-206] Exiting Vivado at Mon Aug 13 20:57:45 2018...
