#-----------------------------------------------------------
# Vivado v2017.4 (64-bit)
# SW Build 2086221 on Fri Dec 15 20:54:30 MST 2017
# IP Build 2085800 on Fri Dec 15 22:25:07 MST 2017
# Start of session at: Sun Jul 22 08:40:10 2018
# Process ID: 14663
# Current directory: /home/iavendano/pynq-copter/pynqcopter/base
# Command line: vivado base/base.xpr
# Log file: /home/iavendano/pynq-copter/pynqcopter/base/vivado.log
# Journal file: /home/iavendano/pynq-copter/pynqcopter/base/vivado.jou
#-----------------------------------------------------------
start_gui
open_project base/base.xpr
Scanning sources...
Finished scanning sources
INFO: [IP_Flow 19-234] Refreshing IP repositories
INFO: [IP_Flow 19-1700] Loaded user IP repository '/home/iavendano/pynq-copter/pynqcopter/ip'.
INFO: [IP_Flow 19-2313] Loaded Vivado IP repository '/data/opt/Xilinx/Vivado/2017.4/data/ip'.
CRITICAL WARNING: [IP_Flow 19-1663] Duplicate IP found for 'UCSD:hlsip:ctrlloop:1.0'. The one found in IP location '/home/iavendano/pynq-copter/pynqcopter/ip/sensor/ctrlloop/ctrlloop/impl/ip' will take precedence over the same IP in locations: 
   /home/iavendano/pynq-copter/pynqcopter/ip/pid/ctrlloop/ctrlloop/impl/ip
   /home/iavendano/pynq-copter/pynqcopter/ip/ctrlloop/ctrlloop/ctrlloop/impl/ip
update_compile_order -fileset sources_1
open_bd_design {/home/iavendano/pynq-copter/pynqcopter/base/base/base.srcs/sources_1/bd/base/base.bd}
Successfully read diagram <base> from BD file </home/iavendano/pynq-copter/pynqcopter/base/base/base.srcs/sources_1/bd/base/base.bd>
exit
INFO: [Common 17-206] Exiting Vivado at Sun Jul 22 08:41:07 2018...
