#-----------------------------------------------------------
# Vivado v2017.4 (64-bit)
# SW Build 2086221 on Fri Dec 15 20:54:30 MST 2017
# IP Build 2085800 on Fri Dec 15 22:25:07 MST 2017
# Start of session at: Wed Jul 18 13:13:07 2018
# Process ID: 24232
# Current directory: /home/iavendano/pynq-copter/pynqcopter/base
# Command line: vivado -mode batch -source ..//build.tcl -tclargs base single xc7z020clg400-1
# Log file: /home/iavendano/pynq-copter/pynqcopter/base/vivado.log
# Journal file: /home/iavendano/pynq-copter/pynqcopter/base/vivado.jou
#-----------------------------------------------------------
source ..//build.tcl
# set argc [llength $argv]
# set target [file tail [pwd]]
# set run_type "single"
# set part ""
# if { $argc != 0 } {
#     if { $argc != 3 } {
# 	puts ""
# 	set errmsg "Expected two arguments: Name of Overlay (e.g. riscv) \
#                 sweep | single, and part (e.g. xc7z020clg400-1)"
# 	catch {common::send_msg_id "PYNQ-000" "ERROR" $errmsg}
# 	return 1
#     }
#     set target [lindex $argv 0]
#     set exists [file exists $target.tcl]
#     if { $exists == 0 } {
#         puts ""
# 	set errmsg "Could not find file: $target.tcl"
#         catch {common::send_msg_id "PYNQ-000" "ERROR" $errmsg}
#         return 1
#     }
# 
#     set run_arg [lindex $argv 1]
#     if { $run_arg == "sweep"} {
# 	set run_type "sweep"
#     } elseif {$run_arg == "single"} {
# 	set run_type "single"
#     } else {
# 	puts ""
# 	set errmsg "Unknown argument value $run_arg"
# 	catch {common::send_msg_id "PYNQ-000" "ERROR" $errmsg}
# 	return 1
#     }
#     set part [lindex $argv 2]
# } else {
#     puts ""
#     set errmsg "Using default target ($target -- from current directory name) and run type ($run_type)"
#     catch {common::send_msg_id "PYNQ-000" "WARN" $errmsg}
#     after 10000
# }
# create_project $target $target -part $part 
# set ip_dirs "../ip"
# set_property ip_repo_paths $ip_dirs [current_project]
# update_ip_catalog
INFO: [IP_Flow 19-234] Refreshing IP repositories
INFO: [IP_Flow 19-1700] Loaded user IP repository '/home/iavendano/pynq-copter/pynqcopter/ip'.
INFO: [IP_Flow 19-2313] Loaded Vivado IP repository '/data/opt/Xilinx/Vivado/2017.4/data/ip'.
CRITICAL WARNING: [IP_Flow 19-1663] Duplicate IP found for 'UCSD:hlsip:ctrlloop:1.0'. The one found in IP location '/home/iavendano/pynq-copter/pynqcopter/ip/ctrlloop/ctrlloop/ctrlloop/impl/ip' will take precedence over the same IP in location /home/iavendano/pynq-copter/pynqcopter/ip/pid/ctrlloop/ctrlloop/impl/ip
# set design_name $target
# create_bd_design $design_name
Wrote  : </home/iavendano/pynq-copter/pynqcopter/base/base/base.srcs/sources_1/bd/base/base.bd> 
# current_bd_design $design_name
# source $target.tcl
## namespace eval _tcl {
## proc get_script_folder {} {
##    set script_path [file normalize [info script]]
##    set script_folder [file dirname $script_path]
##    return $script_folder
## }
## }
## variable script_folder
## set script_folder [_tcl::get_script_folder]
## set scripts_vivado_version 2017.4
## set current_vivado_version [version -short]
## if { [string first $scripts_vivado_version $current_vivado_version] == -1 } {
##    puts ""
##    catch {common::send_msg_id "BD_TCL-109" "ERROR" "This script was generated using Vivado <$scripts_vivado_version> and is being run in <$current_vivado_version> of Vivado. Please run the script in Vivado <$scripts_vivado_version> then open the design in Vivado <$current_vivado_version>. Upgrade the design by running \"Tools => Report => Report IP Status...\", then run write_bd_tcl to create an updated script."}
## 
##    return 1
## }
## set bCheckIPsPassed 1
## set bCheckIPs 1
## if { $bCheckIPs == 1 } {
##    set list_check_ips "\ 
## xilinx.com:user:wire_distributor:1.0\
## UCSD:hlsip:ctrlloop:1.0\
## xilinx.com:ip:axi_uartlite:2.0\
## xilinx.com:ip:clk_wiz:5.4\
## xilinx.com:ip:axi_intc:4.1\
## xilinx.com:ip:xlconcat:2.1\
## xilinx.com:ip:processing_system7:5.5\
## xilinx.com:ip:proc_sys_reset:5.0\
## xilinx.com:ip:xlslice:1.0\
## "
## 
##    set list_ips_missing ""
##    common::send_msg_id "BD_TCL-006" "INFO" "Checking if the following IPs exist in the project's IP catalog: $list_check_ips ."
## 
##    foreach ip_vlnv $list_check_ips {
##       set ip_obj [get_ipdefs -all $ip_vlnv]
##       if { $ip_obj eq "" } {
##          lappend list_ips_missing $ip_vlnv
##       }
##    }
## 
##    if { $list_ips_missing ne "" } {
##       catch {common::send_msg_id "BD_TCL-115" "ERROR" "The following IPs are not found in the IP Catalog:\n  $list_ips_missing\n\nResolution: Please add the repository containing the IP(s) to the project." }
##       set bCheckIPsPassed 0
##    }
## 
## }
INFO: [BD_TCL-6] Checking if the following IPs exist in the project's IP catalog:  
xilinx.com:user:wire_distributor:1.0 UCSD:hlsip:ctrlloop:1.0 xilinx.com:ip:axi_uartlite:2.0 xilinx.com:ip:clk_wiz:5.4 xilinx.com:ip:axi_intc:4.1 xilinx.com:ip:xlconcat:2.1 xilinx.com:ip:processing_system7:5.5 xilinx.com:ip:proc_sys_reset:5.0 xilinx.com:ip:xlslice:1.0  .
WARNING: [Coretcl 2-175] No Catalog IPs found
ERROR: [BD_TCL-115] The following IPs are not found in the IP Catalog:
  xilinx.com:user:wire_distributor:1.0

Resolution: Please add the repository containing the IP(s) to the project.
## if { $bCheckIPsPassed != 1 } {
##   common::send_msg_id "BD_TCL-1003" "WARNING" "Will not continue with creation of design due to the error(s) above."
##   return 3
## }
WARNING: [BD_TCL-1003] Will not continue with creation of design due to the error(s) above.
# create_root_design ""
invalid command name "create_root_design"
    while executing
"create_root_design """
    (file "..//build.tcl" line 95)
INFO: [Common 17-206] Exiting Vivado at Wed Jul 18 13:13:17 2018...
