
****** Vivado(TM) HLS - High-Level Synthesis from C, C++ and SystemC v2017.4 (64-bit)
  **** SW Build 2086221 on Fri Dec 15 20:54:30 MST 2017
  **** IP Build 2085800 on Fri Dec 15 22:25:07 MST 2017
    ** Copyright 1986-2017 Xilinx, Inc. All Rights Reserved.

source /data/opt/Xilinx/Vivado/2017.4/scripts/vivado_hls/hls.tcl -notrace
INFO: [HLS 200-10] Running '/data/opt/Xilinx/Vivado/2017.4/bin/unwrapped/lnx64.o/vivado_hls'
INFO: [HLS 200-10] For user 'iavendano' on host 'fabricant' (Linux_x86_64 version 4.4.0-127-generic) on Wed Aug 08 15:37:45 PDT 2018
INFO: [HLS 200-10] On os Linux Mint 18 Sarah
INFO: [HLS 200-10] In directory '/home/iavendano/pynq-copter/pynqcopter/ip/iiccomm3'
INFO: [HLS 200-10] Opening project '/home/iavendano/pynq-copter/pynqcopter/ip/iiccomm3/iiccomm3'.
INFO: [HLS 200-10] Adding test bench file 'main.cpp' to the project
INFO: [HLS 200-10] Adding test bench file 'iiccomm3.cpp' to the project
INFO: [HLS 200-10] Adding design file 'main.cpp' to the project
INFO: [HLS 200-10] Adding design file 'iiccomm3.cpp' to the project
INFO: [HLS 200-10] Opening solution '/home/iavendano/pynq-copter/pynqcopter/ip/iiccomm3/iiccomm3/iiccomm3'.
INFO: [SYN 201-201] Setting up clock 'default' with a period of 4ns.
INFO: [HLS 200-10] Setting target device to 'xc7z020clg400-1'
INFO: [SIM 211-2] *************** CSIM start ***************
INFO: [SIM 211-4] CSIM will launch CLANG as the compiler.
make[1]: Entering directory '/home/iavendano/pynq-copter/pynqcopter/ip/iiccomm3/iiccomm3/iiccomm3/csim/build'
   Compiling ../../../../iiccomm3.cpp in debug mode
   Compiling ../../../../main.cpp in debug mode
   Generating csim.exe
make[1]: Leaving directory '/home/iavendano/pynq-copter/pynqcopter/ip/iiccomm3/iiccomm3/iiccomm3/csim/build'
awk: symbol lookup error: awk: undefined symbol: mpfr_z_sub
INFO: [SIM 211-1] CSim done with 0 errors.
INFO: [SIM 211-3] *************** CSIM finish ***************
INFO: [HLS 200-10] Analyzing design file 'iiccomm3.cpp' ...
INFO: [HLS 200-10] Analyzing design file 'main.cpp' ...
INFO: [HLS 200-10] Validating synthesis directives ...
INFO: [HLS 200-111] Finished Checking Pragmas Time (s): cpu = 00:01:25 ; elapsed = 00:00:32 . Memory (MB): peak = 359.941 ; gain = 13.379 ; free physical = 124153 ; free virtual = 504166
INFO: [HLS 200-111] Finished Linking Time (s): cpu = 00:01:27 ; elapsed = 00:00:34 . Memory (MB): peak = 359.941 ; gain = 13.379 ; free physical = 124154 ; free virtual = 504169
INFO: [HLS 200-10] Starting code transformations ...
INFO: [HLS 200-111] Finished Standard Transforms Time (s): cpu = 00:01:29 ; elapsed = 00:00:35 . Memory (MB): peak = 360.207 ; gain = 13.645 ; free physical = 124223 ; free virtual = 504239
INFO: [HLS 200-10] Checking synthesizability ...
INFO: [HLS 200-111] Finished Checking Synthesizability Time (s): cpu = 00:01:29 ; elapsed = 00:00:35 . Memory (MB): peak = 360.207 ; gain = 13.645 ; free physical = 124225 ; free virtual = 504242
INFO: [HLS 200-111] Finished Pre-synthesis Time (s): cpu = 00:01:29 ; elapsed = 00:00:36 . Memory (MB): peak = 487.934 ; gain = 141.371 ; free physical = 124153 ; free virtual = 504173
INFO: [HLS 200-111] Finished Architecture Synthesis Time (s): cpu = 00:01:30 ; elapsed = 00:00:37 . Memory (MB): peak = 487.934 ; gain = 141.371 ; free physical = 124149 ; free virtual = 504169
INFO: [HLS 200-10] Starting hardware synthesis ...
INFO: [HLS 200-10] Synthesizing 'iiccomm3' ...
INFO: [HLS 200-10] ----------------------------------------------------------------
INFO: [HLS 200-42] -- Implementing module 'iiccomm3'
INFO: [HLS 200-10] ----------------------------------------------------------------
INFO: [SCHED 204-11] Starting scheduling ...
INFO: [SCHED 204-11] Finished scheduling.
INFO: [HLS 200-111]  Elapsed time: 37.02 seconds; current allocated memory: 79.503 MB.
INFO: [BIND 205-100] Starting micro-architecture generation ...
INFO: [BIND 205-101] Performing variable lifetime analysis.
INFO: [BIND 205-101] Exploring resource sharing.
INFO: [BIND 205-101] Binding ...
INFO: [BIND 205-100] Finished micro-architecture generation.
INFO: [HLS 200-111]  Elapsed time: 0.02 seconds; current allocated memory: 79.871 MB.
INFO: [HLS 200-10] ----------------------------------------------------------------
INFO: [HLS 200-10] -- Generating RTL for module 'iiccomm3'
INFO: [HLS 200-10] ----------------------------------------------------------------
INFO: [RTGEN 206-500] Setting interface mode on port 'iiccomm3/iic_V' to 'm_axi'.
INFO: [RTGEN 206-500] Setting interface mode on port 'iiccomm3/stat_reg_outValue1_V' to 's_axilite & ap_vld'.
INFO: [RTGEN 206-500] Setting interface mode on port 'iiccomm3/stat_reg_outValue2_V' to 's_axilite & ap_vld'.
INFO: [RTGEN 206-500] Setting interface mode on port 'iiccomm3/stat_reg_outValue3_V' to 's_axilite & ap_vld'.
INFO: [RTGEN 206-500] Setting interface mode on port 'iiccomm3/stat_reg_outValue4_V' to 's_axilite & ap_vld'.
INFO: [RTGEN 206-500] Setting interface mode on port 'iiccomm3/ctrl_reg_outValue_V' to 's_axilite & ap_vld'.
INFO: [RTGEN 206-500] Setting interface mode on port 'iiccomm3/empty_pirq_outValue_V' to 's_axilite & ap_vld'.
INFO: [RTGEN 206-500] Setting interface mode on port 'iiccomm3/full_pirq_outValue_V' to 's_axilite & ap_vld'.
INFO: [RTGEN 206-500] Setting interface mode on port 'iiccomm3/tx_fifo_outValue1_V' to 's_axilite & ap_vld'.
INFO: [RTGEN 206-500] Setting interface mode on port 'iiccomm3/tx_fifo_outValue2_V' to 's_axilite & ap_vld'.
INFO: [RTGEN 206-500] Setting interface mode on port 'iiccomm3/tx_fifo_outValue3_V' to 's_axilite & ap_vld'.
INFO: [RTGEN 206-500] Setting interface mode on port 'iiccomm3/rx_fifo_outValue_V' to 's_axilite & ap_vld'.
INFO: [RTGEN 206-500] Setting interface mode on port 'iiccomm3/length1_V' to 's_axilite & ap_vld'.
INFO: [RTGEN 206-500] Setting interface mode on function 'iiccomm3' to 's_axilite & ap_ctrl_hs'.
INFO: [RTGEN 206-100] Bundling port 'return', 'stat_reg_outValue1_V', 'stat_reg_outValue2_V', 'stat_reg_outValue3_V', 'stat_reg_outValue4_V', 'ctrl_reg_outValue_V', 'empty_pirq_outValue_V', 'full_pirq_outValue_V', 'tx_fifo_outValue1_V', 'tx_fifo_outValue2_V', 'tx_fifo_outValue3_V', 'rx_fifo_outValue_V' and 'length1_V' to AXI-Lite port AXILiteS.
INFO: [RTGEN 206-100] Finished creating RTL model for 'iiccomm3'.
INFO: [HLS 200-111]  Elapsed time: 0.07 seconds; current allocated memory: 80.965 MB.
INFO: [HLS 200-111] Finished generating all RTL models Time (s): cpu = 00:01:31 ; elapsed = 00:00:38 . Memory (MB): peak = 487.934 ; gain = 141.371 ; free physical = 124143 ; free virtual = 504165
INFO: [SYSC 207-301] Generating SystemC RTL for iiccomm3.
INFO: [VHDL 208-304] Generating VHDL RTL for iiccomm3.
INFO: [VLOG 209-307] Generating Verilog RTL for iiccomm3.
INFO: [IMPL 213-8] Exporting RTL as a Vivado IP.

****** Vivado v2017.4 (64-bit)
  **** SW Build 2086221 on Fri Dec 15 20:54:30 MST 2017
  **** IP Build 2085800 on Fri Dec 15 22:25:07 MST 2017
    ** Copyright 1986-2017 Xilinx, Inc. All Rights Reserved.

source run_ippack.tcl -notrace
INFO: [IP_Flow 19-234] Refreshing IP repositories
INFO: [IP_Flow 19-1704] No user IP repositories specified
INFO: [IP_Flow 19-2313] Loaded Vivado IP repository '/data/opt/Xilinx/Vivado/2017.4/data/ip'.
INFO: [Common 17-206] Exiting Vivado at Wed Aug  8 15:38:37 2018...
INFO: [HLS 200-112] Total elapsed time: 78.32 seconds; peak allocated memory: 80.965 MB.
INFO: [Common 17-206] Exiting vivado_hls at Wed Aug  8 15:39:03 2018...
