#-----------------------------------------------------------
# Vivado v2017.4 (64-bit)
# SW Build 2086221 on Fri Dec 15 20:54:30 MST 2017
# IP Build 2085800 on Fri Dec 15 22:25:07 MST 2017
# Start of session at: Fri Aug  3 15:15:52 2018
# Process ID: 32492
# Current directory: /home/iavendano/pynq-copter/pynqcopter/iicComm3
# Command line: vivado iicComm3/iicComm3.xpr
# Log file: /home/iavendano/pynq-copter/pynqcopter/iicComm3/vivado.log
# Journal file: /home/iavendano/pynq-copter/pynqcopter/iicComm3/vivado.jou
#-----------------------------------------------------------
start_gui
open_project iicComm3/iicComm3.xpr
Scanning sources...
Finished scanning sources
INFO: [IP_Flow 19-234] Refreshing IP repositories
INFO: [IP_Flow 19-1700] Loaded user IP repository '/home/iavendano/pynq-copter/pynqcopter/ip'.
INFO: [IP_Flow 19-2313] Loaded Vivado IP repository '/data/opt/Xilinx/Vivado/2017.4/data/ip'.
open_project: Time (s): cpu = 00:00:23 ; elapsed = 00:00:08 . Memory (MB): peak = 6249.023 ; gain = 83.957 ; free physical = 127484 ; free virtual = 503936
update_compile_order -fileset sources_1
open_bd_design {/home/iavendano/pynq-copter/pynqcopter/iicComm3/iicComm3/iicComm3.srcs/sources_1/bd/iicComm3/iicComm3.bd}
Adding cell -- xilinx.com:ip:axi_iic:2.0 - axi_iic_0
Adding cell -- UCSD:hlsip:iiccomm3:1.0 - iiccomm3_0
Adding cell -- xilinx.com:ip:processing_system7:5.5 - processing_system7_0
Adding cell -- xilinx.com:ip:proc_sys_reset:5.0 - rst_ps7_0_100M
Adding cell -- xilinx.com:ip:axi_crossbar:2.1 - xbar
Adding cell -- xilinx.com:ip:axi_protocol_converter:2.1 - auto_pc
Adding cell -- xilinx.com:ip:axi_protocol_converter:2.1 - auto_pc
Successfully read diagram <iicComm3> from BD file </home/iavendano/pynq-copter/pynqcopter/iicComm3/iicComm3/iicComm3.srcs/sources_1/bd/iicComm3/iicComm3.bd>
open_bd_design: Time (s): cpu = 00:00:14 ; elapsed = 00:00:06 . Memory (MB): peak = 6320.281 ; gain = 31.059 ; free physical = 127393 ; free virtual = 503845
exit
INFO: [Common 17-206] Exiting Vivado at Fri Aug  3 15:17:24 2018...
