
*** Running vivado
    with args -log bmeMultibyte_wrapper.vdi -applog -m64 -product Vivado -messageDb vivado.pb -mode batch -source bmeMultibyte_wrapper.tcl -notrace


****** Vivado v2017.4 (64-bit)
  **** SW Build 2086221 on Fri Dec 15 20:54:30 MST 2017
  **** IP Build 2085800 on Fri Dec 15 22:25:07 MST 2017
    ** Copyright 1986-2017 Xilinx, Inc. All Rights Reserved.

source bmeMultibyte_wrapper.tcl -notrace
INFO: [IP_Flow 19-234] Refreshing IP repositories
INFO: [IP_Flow 19-1700] Loaded user IP repository '/home/iavendano/pynq-copter/pynqcopter/ip'.
INFO: [IP_Flow 19-2313] Loaded Vivado IP repository '/data/opt/Xilinx/Vivado/2017.4/data/ip'.
Command: link_design -top bmeMultibyte_wrapper -part xc7z020clg400-1
Design is defaulting to srcset: sources_1
Design is defaulting to constrset: constrs_1
INFO: [Project 1-454] Reading design checkpoint '/home/iavendano/pynq-copter/pynqcopter/bmeMultibyte/bmeMultibyte/bmeMultibyte.srcs/sources_1/bd/bmeMultibyte/ip/bmeMultibyte_axi_iic_0_0/bmeMultibyte_axi_iic_0_0.dcp' for cell 'bmeMultibyte_i/axi_iic_0'
INFO: [Project 1-454] Reading design checkpoint '/home/iavendano/pynq-copter/pynqcopter/bmeMultibyte/bmeMultibyte/bmeMultibyte.srcs/sources_1/bd/bmeMultibyte/ip/bmeMultibyte_multibyte_0_0/bmeMultibyte_multibyte_0_0.dcp' for cell 'bmeMultibyte_i/multibyte_0'
INFO: [Project 1-454] Reading design checkpoint '/home/iavendano/pynq-copter/pynqcopter/bmeMultibyte/bmeMultibyte/bmeMultibyte.srcs/sources_1/bd/bmeMultibyte/ip/bmeMultibyte_processing_system7_0_0/bmeMultibyte_processing_system7_0_0.dcp' for cell 'bmeMultibyte_i/processing_system7_0'
INFO: [Project 1-454] Reading design checkpoint '/home/iavendano/pynq-copter/pynqcopter/bmeMultibyte/bmeMultibyte/bmeMultibyte.srcs/sources_1/bd/bmeMultibyte/ip/bmeMultibyte_rst_ps7_0_100M_0/bmeMultibyte_rst_ps7_0_100M_0.dcp' for cell 'bmeMultibyte_i/rst_ps7_0_100M'
INFO: [Project 1-454] Reading design checkpoint '/home/iavendano/pynq-copter/pynqcopter/bmeMultibyte/bmeMultibyte/bmeMultibyte.srcs/sources_1/bd/bmeMultibyte/ip/bmeMultibyte_xbar_0/bmeMultibyte_xbar_0.dcp' for cell 'bmeMultibyte_i/ps7_0_axi_periph/xbar'
INFO: [Project 1-454] Reading design checkpoint '/home/iavendano/pynq-copter/pynqcopter/bmeMultibyte/bmeMultibyte/bmeMultibyte.srcs/sources_1/bd/bmeMultibyte/ip/bmeMultibyte_auto_pc_0/bmeMultibyte_auto_pc_0.dcp' for cell 'bmeMultibyte_i/ps7_0_axi_periph/s00_couplers/auto_pc'
INFO: [Project 1-454] Reading design checkpoint '/home/iavendano/pynq-copter/pynqcopter/bmeMultibyte/bmeMultibyte/bmeMultibyte.srcs/sources_1/bd/bmeMultibyte/ip/bmeMultibyte_auto_pc_1/bmeMultibyte_auto_pc_1.dcp' for cell 'bmeMultibyte_i/ps7_0_axi_periph/s01_couplers/auto_pc'
INFO: [Netlist 29-17] Analyzing 167 Unisim elements for replacement
INFO: [Netlist 29-28] Unisim Transformation completed in 0 CPU seconds
INFO: [Project 1-479] Netlist was created with Vivado 2017.4
INFO: [Device 21-403] Loading part xc7z020clg400-1
INFO: [Project 1-570] Preparing netlist for logic optimization
Parsing XDC File [/home/iavendano/pynq-copter/pynqcopter/bmeMultibyte/bmeMultibyte/bmeMultibyte.srcs/sources_1/bd/bmeMultibyte/ip/bmeMultibyte_axi_iic_0_0/bmeMultibyte_axi_iic_0_0_board.xdc] for cell 'bmeMultibyte_i/axi_iic_0/U0'
Finished Parsing XDC File [/home/iavendano/pynq-copter/pynqcopter/bmeMultibyte/bmeMultibyte/bmeMultibyte.srcs/sources_1/bd/bmeMultibyte/ip/bmeMultibyte_axi_iic_0_0/bmeMultibyte_axi_iic_0_0_board.xdc] for cell 'bmeMultibyte_i/axi_iic_0/U0'
Parsing XDC File [/home/iavendano/pynq-copter/pynqcopter/bmeMultibyte/bmeMultibyte/bmeMultibyte.srcs/sources_1/bd/bmeMultibyte/ip/bmeMultibyte_processing_system7_0_0/bmeMultibyte_processing_system7_0_0.xdc] for cell 'bmeMultibyte_i/processing_system7_0/inst'
Finished Parsing XDC File [/home/iavendano/pynq-copter/pynqcopter/bmeMultibyte/bmeMultibyte/bmeMultibyte.srcs/sources_1/bd/bmeMultibyte/ip/bmeMultibyte_processing_system7_0_0/bmeMultibyte_processing_system7_0_0.xdc] for cell 'bmeMultibyte_i/processing_system7_0/inst'
Parsing XDC File [/home/iavendano/pynq-copter/pynqcopter/bmeMultibyte/bmeMultibyte/bmeMultibyte.srcs/sources_1/bd/bmeMultibyte/ip/bmeMultibyte_rst_ps7_0_100M_0/bmeMultibyte_rst_ps7_0_100M_0_board.xdc] for cell 'bmeMultibyte_i/rst_ps7_0_100M/U0'
Finished Parsing XDC File [/home/iavendano/pynq-copter/pynqcopter/bmeMultibyte/bmeMultibyte/bmeMultibyte.srcs/sources_1/bd/bmeMultibyte/ip/bmeMultibyte_rst_ps7_0_100M_0/bmeMultibyte_rst_ps7_0_100M_0_board.xdc] for cell 'bmeMultibyte_i/rst_ps7_0_100M/U0'
Parsing XDC File [/home/iavendano/pynq-copter/pynqcopter/bmeMultibyte/bmeMultibyte/bmeMultibyte.srcs/sources_1/bd/bmeMultibyte/ip/bmeMultibyte_rst_ps7_0_100M_0/bmeMultibyte_rst_ps7_0_100M_0.xdc] for cell 'bmeMultibyte_i/rst_ps7_0_100M/U0'
Finished Parsing XDC File [/home/iavendano/pynq-copter/pynqcopter/bmeMultibyte/bmeMultibyte/bmeMultibyte.srcs/sources_1/bd/bmeMultibyte/ip/bmeMultibyte_rst_ps7_0_100M_0/bmeMultibyte_rst_ps7_0_100M_0.xdc] for cell 'bmeMultibyte_i/rst_ps7_0_100M/U0'
Parsing XDC File [/home/iavendano/pynq-copter/pynqcopter/bmeMultibyte/design.xdc]
WARNING: [Vivado 12-584] No ports matched 'arduino_gpio_tri_io[0]'. [/home/iavendano/pynq-copter/pynqcopter/bmeMultibyte/design.xdc:49]
CRITICAL WARNING: [Common 17-55] 'set_property' expects at least one object. [/home/iavendano/pynq-copter/pynqcopter/bmeMultibyte/design.xdc:49]
Resolution: If [get_<value>] was used to populate the object, check to make sure this command returns at least one valid object.
WARNING: [Vivado 12-584] No ports matched 'arduino_gpio_tri_io[1]'. [/home/iavendano/pynq-copter/pynqcopter/bmeMultibyte/design.xdc:50]
CRITICAL WARNING: [Common 17-55] 'set_property' expects at least one object. [/home/iavendano/pynq-copter/pynqcopter/bmeMultibyte/design.xdc:50]
Resolution: If [get_<value>] was used to populate the object, check to make sure this command returns at least one valid object.
WARNING: [Vivado 12-584] No ports matched 'arduino_gpio_tri_io[2]'. [/home/iavendano/pynq-copter/pynqcopter/bmeMultibyte/design.xdc:51]
CRITICAL WARNING: [Common 17-55] 'set_property' expects at least one object. [/home/iavendano/pynq-copter/pynqcopter/bmeMultibyte/design.xdc:51]
Resolution: If [get_<value>] was used to populate the object, check to make sure this command returns at least one valid object.
WARNING: [Vivado 12-584] No ports matched 'arduino_gpio_tri_io[3]'. [/home/iavendano/pynq-copter/pynqcopter/bmeMultibyte/design.xdc:52]
CRITICAL WARNING: [Common 17-55] 'set_property' expects at least one object. [/home/iavendano/pynq-copter/pynqcopter/bmeMultibyte/design.xdc:52]
Resolution: If [get_<value>] was used to populate the object, check to make sure this command returns at least one valid object.
WARNING: [Vivado 12-584] No ports matched 'arduino_gpio_tri_io[4]'. [/home/iavendano/pynq-copter/pynqcopter/bmeMultibyte/design.xdc:53]
CRITICAL WARNING: [Common 17-55] 'set_property' expects at least one object. [/home/iavendano/pynq-copter/pynqcopter/bmeMultibyte/design.xdc:53]
Resolution: If [get_<value>] was used to populate the object, check to make sure this command returns at least one valid object.
WARNING: [Vivado 12-584] No ports matched 'arduino_gpio_tri_io[5]'. [/home/iavendano/pynq-copter/pynqcopter/bmeMultibyte/design.xdc:55]
CRITICAL WARNING: [Common 17-55] 'set_property' expects at least one object. [/home/iavendano/pynq-copter/pynqcopter/bmeMultibyte/design.xdc:55]
Resolution: If [get_<value>] was used to populate the object, check to make sure this command returns at least one valid object.
WARNING: [Vivado 12-584] No ports matched 'arduino_gpio_tri_io[6]'. [/home/iavendano/pynq-copter/pynqcopter/bmeMultibyte/design.xdc:56]
CRITICAL WARNING: [Common 17-55] 'set_property' expects at least one object. [/home/iavendano/pynq-copter/pynqcopter/bmeMultibyte/design.xdc:56]
Resolution: If [get_<value>] was used to populate the object, check to make sure this command returns at least one valid object.
WARNING: [Vivado 12-584] No ports matched 'arduino_gpio_tri_io[7]'. [/home/iavendano/pynq-copter/pynqcopter/bmeMultibyte/design.xdc:57]
CRITICAL WARNING: [Common 17-55] 'set_property' expects at least one object. [/home/iavendano/pynq-copter/pynqcopter/bmeMultibyte/design.xdc:57]
Resolution: If [get_<value>] was used to populate the object, check to make sure this command returns at least one valid object.
WARNING: [Vivado 12-584] No ports matched 'arduino_gpio_tri_io[8]'. [/home/iavendano/pynq-copter/pynqcopter/bmeMultibyte/design.xdc:58]
CRITICAL WARNING: [Common 17-55] 'set_property' expects at least one object. [/home/iavendano/pynq-copter/pynqcopter/bmeMultibyte/design.xdc:58]
Resolution: If [get_<value>] was used to populate the object, check to make sure this command returns at least one valid object.
WARNING: [Vivado 12-584] No ports matched 'arduino_gpio_tri_io[9]'. [/home/iavendano/pynq-copter/pynqcopter/bmeMultibyte/design.xdc:59]
CRITICAL WARNING: [Common 17-55] 'set_property' expects at least one object. [/home/iavendano/pynq-copter/pynqcopter/bmeMultibyte/design.xdc:59]
Resolution: If [get_<value>] was used to populate the object, check to make sure this command returns at least one valid object.
WARNING: [Vivado 12-584] No ports matched 'arduino_gpio_tri_io[10]'. [/home/iavendano/pynq-copter/pynqcopter/bmeMultibyte/design.xdc:61]
CRITICAL WARNING: [Common 17-55] 'set_property' expects at least one object. [/home/iavendano/pynq-copter/pynqcopter/bmeMultibyte/design.xdc:61]
Resolution: If [get_<value>] was used to populate the object, check to make sure this command returns at least one valid object.
WARNING: [Vivado 12-584] No ports matched 'arduino_gpio_tri_io[11]'. [/home/iavendano/pynq-copter/pynqcopter/bmeMultibyte/design.xdc:62]
CRITICAL WARNING: [Common 17-55] 'set_property' expects at least one object. [/home/iavendano/pynq-copter/pynqcopter/bmeMultibyte/design.xdc:62]
Resolution: If [get_<value>] was used to populate the object, check to make sure this command returns at least one valid object.
WARNING: [Vivado 12-584] No ports matched 'arduino_gpio_tri_io[12]'. [/home/iavendano/pynq-copter/pynqcopter/bmeMultibyte/design.xdc:63]
CRITICAL WARNING: [Common 17-55] 'set_property' expects at least one object. [/home/iavendano/pynq-copter/pynqcopter/bmeMultibyte/design.xdc:63]
Resolution: If [get_<value>] was used to populate the object, check to make sure this command returns at least one valid object.
WARNING: [Vivado 12-584] No ports matched 'arduino_gpio_tri_io[13]'. [/home/iavendano/pynq-copter/pynqcopter/bmeMultibyte/design.xdc:64]
CRITICAL WARNING: [Common 17-55] 'set_property' expects at least one object. [/home/iavendano/pynq-copter/pynqcopter/bmeMultibyte/design.xdc:64]
Resolution: If [get_<value>] was used to populate the object, check to make sure this command returns at least one valid object.
WARNING: [Vivado 12-584] No ports matched 'arduino_gpio_tri_io[14]'. [/home/iavendano/pynq-copter/pynqcopter/bmeMultibyte/design.xdc:65]
CRITICAL WARNING: [Common 17-55] 'set_property' expects at least one object. [/home/iavendano/pynq-copter/pynqcopter/bmeMultibyte/design.xdc:65]
Resolution: If [get_<value>] was used to populate the object, check to make sure this command returns at least one valid object.
WARNING: [Vivado 12-584] No ports matched 'arduino_gpio_tri_io[15]'. [/home/iavendano/pynq-copter/pynqcopter/bmeMultibyte/design.xdc:67]
CRITICAL WARNING: [Common 17-55] 'set_property' expects at least one object. [/home/iavendano/pynq-copter/pynqcopter/bmeMultibyte/design.xdc:67]
Resolution: If [get_<value>] was used to populate the object, check to make sure this command returns at least one valid object.
WARNING: [Vivado 12-584] No ports matched 'arduino_gpio_tri_io[16]'. [/home/iavendano/pynq-copter/pynqcopter/bmeMultibyte/design.xdc:68]
CRITICAL WARNING: [Common 17-55] 'set_property' expects at least one object. [/home/iavendano/pynq-copter/pynqcopter/bmeMultibyte/design.xdc:68]
Resolution: If [get_<value>] was used to populate the object, check to make sure this command returns at least one valid object.
WARNING: [Vivado 12-584] No ports matched 'arduino_gpio_tri_io[17]'. [/home/iavendano/pynq-copter/pynqcopter/bmeMultibyte/design.xdc:69]
CRITICAL WARNING: [Common 17-55] 'set_property' expects at least one object. [/home/iavendano/pynq-copter/pynqcopter/bmeMultibyte/design.xdc:69]
Resolution: If [get_<value>] was used to populate the object, check to make sure this command returns at least one valid object.
WARNING: [Vivado 12-584] No ports matched 'arduino_gpio_tri_io[18]'. [/home/iavendano/pynq-copter/pynqcopter/bmeMultibyte/design.xdc:70]
CRITICAL WARNING: [Common 17-55] 'set_property' expects at least one object. [/home/iavendano/pynq-copter/pynqcopter/bmeMultibyte/design.xdc:70]
Resolution: If [get_<value>] was used to populate the object, check to make sure this command returns at least one valid object.
WARNING: [Vivado 12-584] No ports matched 'arduino_gpio_tri_io[19]'. [/home/iavendano/pynq-copter/pynqcopter/bmeMultibyte/design.xdc:71]
CRITICAL WARNING: [Common 17-55] 'set_property' expects at least one object. [/home/iavendano/pynq-copter/pynqcopter/bmeMultibyte/design.xdc:71]
Resolution: If [get_<value>] was used to populate the object, check to make sure this command returns at least one valid object.
WARNING: [Vivado 12-584] No ports matched 'arduino_gpio_tri_io[*]'. [/home/iavendano/pynq-copter/pynqcopter/bmeMultibyte/design.xdc:76]
CRITICAL WARNING: [Common 17-55] 'set_property' expects at least one object. [/home/iavendano/pynq-copter/pynqcopter/bmeMultibyte/design.xdc:76]
Resolution: If [get_<value>] was used to populate the object, check to make sure this command returns at least one valid object.
WARNING: [Vivado 12-584] No ports matched 'pmodJA_gpio_tri_io[1]'. [/home/iavendano/pynq-copter/pynqcopter/bmeMultibyte/design.xdc:79]
CRITICAL WARNING: [Common 17-55] 'set_property' expects at least one object. [/home/iavendano/pynq-copter/pynqcopter/bmeMultibyte/design.xdc:79]
Resolution: If [get_<value>] was used to populate the object, check to make sure this command returns at least one valid object.
WARNING: [Vivado 12-584] No ports matched 'pmodJA_gpio_tri_io[0]'. [/home/iavendano/pynq-copter/pynqcopter/bmeMultibyte/design.xdc:80]
CRITICAL WARNING: [Common 17-55] 'set_property' expects at least one object. [/home/iavendano/pynq-copter/pynqcopter/bmeMultibyte/design.xdc:80]
Resolution: If [get_<value>] was used to populate the object, check to make sure this command returns at least one valid object.
WARNING: [Vivado 12-584] No ports matched 'pmodJA_gpio_tri_io[3]'. [/home/iavendano/pynq-copter/pynqcopter/bmeMultibyte/design.xdc:81]
CRITICAL WARNING: [Common 17-55] 'set_property' expects at least one object. [/home/iavendano/pynq-copter/pynqcopter/bmeMultibyte/design.xdc:81]
Resolution: If [get_<value>] was used to populate the object, check to make sure this command returns at least one valid object.
WARNING: [Vivado 12-584] No ports matched 'pmodJA_gpio_tri_io[2]'. [/home/iavendano/pynq-copter/pynqcopter/bmeMultibyte/design.xdc:82]
CRITICAL WARNING: [Common 17-55] 'set_property' expects at least one object. [/home/iavendano/pynq-copter/pynqcopter/bmeMultibyte/design.xdc:82]
Resolution: If [get_<value>] was used to populate the object, check to make sure this command returns at least one valid object.
WARNING: [Vivado 12-584] No ports matched 'pmodJA_gpio_tri_io[5]'. [/home/iavendano/pynq-copter/pynqcopter/bmeMultibyte/design.xdc:83]
CRITICAL WARNING: [Common 17-55] 'set_property' expects at least one object. [/home/iavendano/pynq-copter/pynqcopter/bmeMultibyte/design.xdc:83]
Resolution: If [get_<value>] was used to populate the object, check to make sure this command returns at least one valid object.
WARNING: [Vivado 12-584] No ports matched 'pmodJA_gpio_tri_io[4]'. [/home/iavendano/pynq-copter/pynqcopter/bmeMultibyte/design.xdc:84]
CRITICAL WARNING: [Common 17-55] 'set_property' expects at least one object. [/home/iavendano/pynq-copter/pynqcopter/bmeMultibyte/design.xdc:84]
Resolution: If [get_<value>] was used to populate the object, check to make sure this command returns at least one valid object.
WARNING: [Vivado 12-584] No ports matched 'pmodJA_gpio_tri_io[7]'. [/home/iavendano/pynq-copter/pynqcopter/bmeMultibyte/design.xdc:85]
CRITICAL WARNING: [Common 17-55] 'set_property' expects at least one object. [/home/iavendano/pynq-copter/pynqcopter/bmeMultibyte/design.xdc:85]
Resolution: If [get_<value>] was used to populate the object, check to make sure this command returns at least one valid object.
WARNING: [Vivado 12-584] No ports matched 'pmodJA_gpio_tri_io[6]'. [/home/iavendano/pynq-copter/pynqcopter/bmeMultibyte/design.xdc:86]
CRITICAL WARNING: [Common 17-55] 'set_property' expects at least one object. [/home/iavendano/pynq-copter/pynqcopter/bmeMultibyte/design.xdc:86]
Resolution: If [get_<value>] was used to populate the object, check to make sure this command returns at least one valid object.
WARNING: [Vivado 12-584] No ports matched 'pmodJA_gpio_tri_io[2]'. [/home/iavendano/pynq-copter/pynqcopter/bmeMultibyte/design.xdc:87]
CRITICAL WARNING: [Common 17-55] 'set_property' expects at least one object. [/home/iavendano/pynq-copter/pynqcopter/bmeMultibyte/design.xdc:87]
Resolution: If [get_<value>] was used to populate the object, check to make sure this command returns at least one valid object.
WARNING: [Vivado 12-584] No ports matched 'pmodJA_gpio_tri_io[3]'. [/home/iavendano/pynq-copter/pynqcopter/bmeMultibyte/design.xdc:88]
CRITICAL WARNING: [Common 17-55] 'set_property' expects at least one object. [/home/iavendano/pynq-copter/pynqcopter/bmeMultibyte/design.xdc:88]
Resolution: If [get_<value>] was used to populate the object, check to make sure this command returns at least one valid object.
WARNING: [Vivado 12-584] No ports matched 'pmodJA_gpio_tri_io[6]'. [/home/iavendano/pynq-copter/pynqcopter/bmeMultibyte/design.xdc:89]
CRITICAL WARNING: [Common 17-55] 'set_property' expects at least one object. [/home/iavendano/pynq-copter/pynqcopter/bmeMultibyte/design.xdc:89]
Resolution: If [get_<value>] was used to populate the object, check to make sure this command returns at least one valid object.
WARNING: [Vivado 12-584] No ports matched 'pmodJA_gpio_tri_io[7]'. [/home/iavendano/pynq-copter/pynqcopter/bmeMultibyte/design.xdc:90]
CRITICAL WARNING: [Common 17-55] 'set_property' expects at least one object. [/home/iavendano/pynq-copter/pynqcopter/bmeMultibyte/design.xdc:90]
Resolution: If [get_<value>] was used to populate the object, check to make sure this command returns at least one valid object.
WARNING: [Vivado 12-584] No ports matched 'pmodJB_gpio_tri_io[1]'. [/home/iavendano/pynq-copter/pynqcopter/bmeMultibyte/design.xdc:93]
CRITICAL WARNING: [Common 17-55] 'set_property' expects at least one object. [/home/iavendano/pynq-copter/pynqcopter/bmeMultibyte/design.xdc:93]
Resolution: If [get_<value>] was used to populate the object, check to make sure this command returns at least one valid object.
WARNING: [Vivado 12-584] No ports matched 'pmodJB_gpio_tri_io[0]'. [/home/iavendano/pynq-copter/pynqcopter/bmeMultibyte/design.xdc:94]
CRITICAL WARNING: [Common 17-55] 'set_property' expects at least one object. [/home/iavendano/pynq-copter/pynqcopter/bmeMultibyte/design.xdc:94]
Resolution: If [get_<value>] was used to populate the object, check to make sure this command returns at least one valid object.
WARNING: [Vivado 12-584] No ports matched 'pmodJB_gpio_tri_io[3]'. [/home/iavendano/pynq-copter/pynqcopter/bmeMultibyte/design.xdc:95]
CRITICAL WARNING: [Common 17-55] 'set_property' expects at least one object. [/home/iavendano/pynq-copter/pynqcopter/bmeMultibyte/design.xdc:95]
Resolution: If [get_<value>] was used to populate the object, check to make sure this command returns at least one valid object.
WARNING: [Vivado 12-584] No ports matched 'pmodJB_gpio_tri_io[2]'. [/home/iavendano/pynq-copter/pynqcopter/bmeMultibyte/design.xdc:96]
CRITICAL WARNING: [Common 17-55] 'set_property' expects at least one object. [/home/iavendano/pynq-copter/pynqcopter/bmeMultibyte/design.xdc:96]
Resolution: If [get_<value>] was used to populate the object, check to make sure this command returns at least one valid object.
WARNING: [Vivado 12-584] No ports matched 'pmodJB_gpio_tri_io[5]'. [/home/iavendano/pynq-copter/pynqcopter/bmeMultibyte/design.xdc:97]
CRITICAL WARNING: [Common 17-55] 'set_property' expects at least one object. [/home/iavendano/pynq-copter/pynqcopter/bmeMultibyte/design.xdc:97]
Resolution: If [get_<value>] was used to populate the object, check to make sure this command returns at least one valid object.
WARNING: [Vivado 12-584] No ports matched 'pmodJB_gpio_tri_io[4]'. [/home/iavendano/pynq-copter/pynqcopter/bmeMultibyte/design.xdc:98]
CRITICAL WARNING: [Common 17-55] 'set_property' expects at least one object. [/home/iavendano/pynq-copter/pynqcopter/bmeMultibyte/design.xdc:98]
Resolution: If [get_<value>] was used to populate the object, check to make sure this command returns at least one valid object.
WARNING: [Vivado 12-584] No ports matched 'pmodJB_gpio_tri_io[7]'. [/home/iavendano/pynq-copter/pynqcopter/bmeMultibyte/design.xdc:99]
CRITICAL WARNING: [Common 17-55] 'set_property' expects at least one object. [/home/iavendano/pynq-copter/pynqcopter/bmeMultibyte/design.xdc:99]
Resolution: If [get_<value>] was used to populate the object, check to make sure this command returns at least one valid object.
WARNING: [Vivado 12-584] No ports matched 'pmodJB_gpio_tri_io[6]'. [/home/iavendano/pynq-copter/pynqcopter/bmeMultibyte/design.xdc:100]
CRITICAL WARNING: [Common 17-55] 'set_property' expects at least one object. [/home/iavendano/pynq-copter/pynqcopter/bmeMultibyte/design.xdc:100]
Resolution: If [get_<value>] was used to populate the object, check to make sure this command returns at least one valid object.
WARNING: [Vivado 12-584] No ports matched 'pmodJB_gpio_tri_io[2]'. [/home/iavendano/pynq-copter/pynqcopter/bmeMultibyte/design.xdc:101]
CRITICAL WARNING: [Common 17-55] 'set_property' expects at least one object. [/home/iavendano/pynq-copter/pynqcopter/bmeMultibyte/design.xdc:101]
Resolution: If [get_<value>] was used to populate the object, check to make sure this command returns at least one valid object.
WARNING: [Vivado 12-584] No ports matched 'pmodJB_gpio_tri_io[3]'. [/home/iavendano/pynq-copter/pynqcopter/bmeMultibyte/design.xdc:102]
CRITICAL WARNING: [Common 17-55] 'set_property' expects at least one object. [/home/iavendano/pynq-copter/pynqcopter/bmeMultibyte/design.xdc:102]
Resolution: If [get_<value>] was used to populate the object, check to make sure this command returns at least one valid object.
WARNING: [Vivado 12-584] No ports matched 'pmodJB_gpio_tri_io[6]'. [/home/iavendano/pynq-copter/pynqcopter/bmeMultibyte/design.xdc:103]
CRITICAL WARNING: [Common 17-55] 'set_property' expects at least one object. [/home/iavendano/pynq-copter/pynqcopter/bmeMultibyte/design.xdc:103]
Resolution: If [get_<value>] was used to populate the object, check to make sure this command returns at least one valid object.
WARNING: [Vivado 12-584] No ports matched 'pmodJB_gpio_tri_io[7]'. [/home/iavendano/pynq-copter/pynqcopter/bmeMultibyte/design.xdc:104]
CRITICAL WARNING: [Common 17-55] 'set_property' expects at least one object. [/home/iavendano/pynq-copter/pynqcopter/bmeMultibyte/design.xdc:104]
Resolution: If [get_<value>] was used to populate the object, check to make sure this command returns at least one valid object.
Finished Parsing XDC File [/home/iavendano/pynq-copter/pynqcopter/bmeMultibyte/design.xdc]
INFO: [Opt 31-138] Pushed 0 inverter(s) to 0 load pin(s).
INFO: [Project 1-111] Unisim Transformation Summary:
  A total of 2 instances were transformed.
  IOBUF => IOBUF (IBUF, OBUFT): 2 instances

17 Infos, 45 Warnings, 45 Critical Warnings and 0 Errors encountered.
link_design completed successfully
link_design: Time (s): cpu = 00:00:15 ; elapsed = 00:00:40 . Memory (MB): peak = 1561.543 ; gain = 387.543 ; free physical = 109742 ; free virtual = 500290
Command: opt_design
Attempting to get a license for feature 'Implementation' and/or device 'xc7z020'
INFO: [Common 17-349] Got license for feature 'Implementation' and/or device 'xc7z020'
Running DRC as a precondition to command opt_design

Starting DRC Task
INFO: [DRC 23-27] Running DRC with 8 threads
INFO: [Project 1-461] DRC finished with 0 Errors
INFO: [Project 1-462] Please refer to the DRC report (report_drc) for more information.

Time (s): cpu = 00:00:02 ; elapsed = 00:00:02 . Memory (MB): peak = 1641.566 ; gain = 80.023 ; free physical = 109760 ; free virtual = 500308
INFO: [Timing 38-35] Done setting XDC timing constraints.

Starting Logic Optimization Task

Phase 1 Retarget
INFO: [Opt 31-138] Pushed 0 inverter(s) to 0 load pin(s).
INFO: [Opt 31-49] Retargeted 0 cell(s).
Phase 1 Retarget | Checksum: 1d5650b89

Time (s): cpu = 00:00:00.68 ; elapsed = 00:00:00.44 . Memory (MB): peak = 2095.059 ; gain = 0.000 ; free physical = 109182 ; free virtual = 499730
INFO: [Opt 31-389] Phase Retarget created 85 cells and removed 125 cells

Phase 2 Constant propagation
INFO: [Opt 31-138] Pushed 0 inverter(s) to 0 load pin(s).
Phase 2 Constant propagation | Checksum: 18a3d2f78

Time (s): cpu = 00:00:00.88 ; elapsed = 00:00:00.63 . Memory (MB): peak = 2095.059 ; gain = 0.000 ; free physical = 109203 ; free virtual = 499739
INFO: [Opt 31-389] Phase Constant propagation created 83 cells and removed 207 cells

Phase 3 Sweep
Phase 3 Sweep | Checksum: 12c8b197c

Time (s): cpu = 00:00:01 ; elapsed = 00:00:01 . Memory (MB): peak = 2095.059 ; gain = 0.000 ; free physical = 109204 ; free virtual = 499740
INFO: [Opt 31-389] Phase Sweep created 0 cells and removed 299 cells

Phase 4 BUFG optimization
Phase 4 BUFG optimization | Checksum: 12c8b197c

Time (s): cpu = 00:00:01 ; elapsed = 00:00:01 . Memory (MB): peak = 2095.059 ; gain = 0.000 ; free physical = 109202 ; free virtual = 499738
INFO: [Opt 31-389] Phase BUFG optimization created 0 cells and removed 0 cells

Phase 5 Shift Register Optimization
Phase 5 Shift Register Optimization | Checksum: 12c8b197c

Time (s): cpu = 00:00:02 ; elapsed = 00:00:01 . Memory (MB): peak = 2095.059 ; gain = 0.000 ; free physical = 109201 ; free virtual = 499737
INFO: [Opt 31-389] Phase Shift Register Optimization created 0 cells and removed 0 cells

Starting Connectivity Check Task

Time (s): cpu = 00:00:00.02 ; elapsed = 00:00:00.01 . Memory (MB): peak = 2095.059 ; gain = 0.000 ; free physical = 109197 ; free virtual = 499733
Ending Logic Optimization Task | Checksum: 12514a023

Time (s): cpu = 00:00:02 ; elapsed = 00:00:02 . Memory (MB): peak = 2095.059 ; gain = 0.000 ; free physical = 109193 ; free virtual = 499730

Starting Power Optimization Task
INFO: [Pwropt 34-132] Skipping clock gating for clocks with a period < 2.00 ns.
INFO: [Pwropt 34-9] Applying IDT optimizations ...
INFO: [Pwropt 34-10] Applying ODC optimizations ...
INFO: [Timing 38-35] Done setting XDC timing constraints.
INFO: [Physopt 32-619] Estimated Timing Summary | WNS=3.149 | TNS=0.000 |
Running Vector-less Activity Propagation...

Finished Running Vector-less Activity Propagation


Starting PowerOpt Patch Enables Task
INFO: [Pwropt 34-162] WRITE_MODE attribute of 0 BRAM(s) out of a total of 3 has been updated to save power. Run report_power_opt to get a complete listing of the BRAMs updated.
INFO: [Pwropt 34-201] Structural ODC has moved 0 WE to EN ports
Number of BRAM Ports augmented: 0 newly gated: 0 Total Ports: 6
Ending PowerOpt Patch Enables Task | Checksum: 2011a91eb

Time (s): cpu = 00:00:00.04 ; elapsed = 00:00:00.04 . Memory (MB): peak = 2475.461 ; gain = 0.000 ; free physical = 109164 ; free virtual = 499701
Ending Power Optimization Task | Checksum: 2011a91eb

Time (s): cpu = 00:00:05 ; elapsed = 00:00:03 . Memory (MB): peak = 2475.461 ; gain = 380.402 ; free physical = 109171 ; free virtual = 499708
INFO: [Common 17-83] Releasing license: Implementation
38 Infos, 45 Warnings, 45 Critical Warnings and 0 Errors encountered.
opt_design completed successfully
opt_design: Time (s): cpu = 00:00:21 ; elapsed = 00:00:38 . Memory (MB): peak = 2475.461 ; gain = 913.918 ; free physical = 109171 ; free virtual = 499708
Writing placer database...
Writing XDEF routing.
Writing XDEF routing logical nets.
Writing XDEF routing special nets.
Write XDEF Complete: Time (s): cpu = 00:00:00.13 ; elapsed = 00:00:00.04 . Memory (MB): peak = 2475.461 ; gain = 0.000 ; free physical = 109165 ; free virtual = 499705
INFO: [Common 17-1381] The checkpoint '/home/iavendano/pynq-copter/pynqcopter/bmeMultibyte/bmeMultibyte/bmeMultibyte.runs/impl_1/bmeMultibyte_wrapper_opt.dcp' has been generated.
INFO: [runtcl-4] Executing : report_drc -file bmeMultibyte_wrapper_drc_opted.rpt -pb bmeMultibyte_wrapper_drc_opted.pb -rpx bmeMultibyte_wrapper_drc_opted.rpx
Command: report_drc -file bmeMultibyte_wrapper_drc_opted.rpt -pb bmeMultibyte_wrapper_drc_opted.pb -rpx bmeMultibyte_wrapper_drc_opted.rpx
INFO: [IP_Flow 19-1839] IP Catalog is up to date.
INFO: [DRC 23-27] Running DRC with 8 threads
INFO: [Coretcl 2-168] The results of DRC are in file /home/iavendano/pynq-copter/pynqcopter/bmeMultibyte/bmeMultibyte/bmeMultibyte.runs/impl_1/bmeMultibyte_wrapper_drc_opted.rpt.
report_drc completed successfully
INFO: [Chipscope 16-241] No debug cores found in the current design.
Before running the implement_debug_core command, either use the Set Up Debug wizard (GUI mode)
or use the create_debug_core and connect_debug_core Tcl commands to insert debug cores into the design.
Command: place_design
Attempting to get a license for feature 'Implementation' and/or device 'xc7z020'
INFO: [Common 17-349] Got license for feature 'Implementation' and/or device 'xc7z020'
INFO: [DRC 23-27] Running DRC with 8 threads
INFO: [Vivado_Tcl 4-198] DRC finished with 0 Errors
INFO: [Vivado_Tcl 4-199] Please refer to the DRC report (report_drc) for more information.
Running DRC as a precondition to command place_design
INFO: [DRC 23-27] Running DRC with 8 threads
INFO: [Vivado_Tcl 4-198] DRC finished with 0 Errors
INFO: [Vivado_Tcl 4-199] Please refer to the DRC report (report_drc) for more information.

Starting Placer Task
INFO: [Place 30-611] Multithreading enabled for place_design using a maximum of 8 CPUs

Phase 1 Placer Initialization

Phase 1.1 Placer Initialization Netlist Sorting
Netlist sorting complete. Time (s): cpu = 00:00:00.02 ; elapsed = 00:00:00.02 . Memory (MB): peak = 2475.461 ; gain = 0.000 ; free physical = 109088 ; free virtual = 499627
Phase 1.1 Placer Initialization Netlist Sorting | Checksum: 18f8f40c3

Time (s): cpu = 00:00:00.04 ; elapsed = 00:00:00.07 . Memory (MB): peak = 2475.461 ; gain = 0.000 ; free physical = 109088 ; free virtual = 499627
INFO: [Timing 38-35] Done setting XDC timing constraints.
INFO: [Opt 31-138] Pushed 0 inverter(s) to 0 load pin(s).
Netlist sorting complete. Time (s): cpu = 00:00:00.01 ; elapsed = 00:00:00 . Memory (MB): peak = 2475.461 ; gain = 0.000 ; free physical = 109089 ; free virtual = 499627

Phase 1.2 IO Placement/ Clock Placement/ Build Placer Device
INFO: [Timing 38-35] Done setting XDC timing constraints.
Phase 1.2 IO Placement/ Clock Placement/ Build Placer Device | Checksum: 88de2334

Time (s): cpu = 00:00:03 ; elapsed = 00:00:03 . Memory (MB): peak = 2475.461 ; gain = 0.000 ; free physical = 109075 ; free virtual = 499613

Phase 1.3 Build Placer Netlist Model
Phase 1.3 Build Placer Netlist Model | Checksum: c001f287

Time (s): cpu = 00:00:06 ; elapsed = 00:00:04 . Memory (MB): peak = 2475.461 ; gain = 0.000 ; free physical = 109040 ; free virtual = 499579

Phase 1.4 Constrain Clocks/Macros
Phase 1.4 Constrain Clocks/Macros | Checksum: c001f287

Time (s): cpu = 00:00:06 ; elapsed = 00:00:04 . Memory (MB): peak = 2475.461 ; gain = 0.000 ; free physical = 109038 ; free virtual = 499577
Phase 1 Placer Initialization | Checksum: c001f287

Time (s): cpu = 00:00:06 ; elapsed = 00:00:04 . Memory (MB): peak = 2475.461 ; gain = 0.000 ; free physical = 109036 ; free virtual = 499575

Phase 2 Global Placement
Phase 2 Global Placement | Checksum: 193faa883

Time (s): cpu = 00:00:29 ; elapsed = 00:00:11 . Memory (MB): peak = 2475.543 ; gain = 0.082 ; free physical = 108978 ; free virtual = 499517

Phase 3 Detail Placement

Phase 3.1 Commit Multi Column Macros
Phase 3.1 Commit Multi Column Macros | Checksum: 193faa883

Time (s): cpu = 00:00:29 ; elapsed = 00:00:11 . Memory (MB): peak = 2475.543 ; gain = 0.082 ; free physical = 108978 ; free virtual = 499517

Phase 3.2 Commit Most Macros & LUTRAMs
Phase 3.2 Commit Most Macros & LUTRAMs | Checksum: 11462d77a

Time (s): cpu = 00:00:31 ; elapsed = 00:00:12 . Memory (MB): peak = 2475.543 ; gain = 0.082 ; free physical = 108966 ; free virtual = 499505

Phase 3.3 Area Swap Optimization
Phase 3.3 Area Swap Optimization | Checksum: ea0a3f8f

Time (s): cpu = 00:00:31 ; elapsed = 00:00:12 . Memory (MB): peak = 2475.543 ; gain = 0.082 ; free physical = 108956 ; free virtual = 499494

Phase 3.4 Pipeline Register Optimization
Phase 3.4 Pipeline Register Optimization | Checksum: ea0a3f8f

Time (s): cpu = 00:00:31 ; elapsed = 00:00:12 . Memory (MB): peak = 2475.543 ; gain = 0.082 ; free physical = 108956 ; free virtual = 499494

Phase 3.5 Small Shape Detail Placement
Phase 3.5 Small Shape Detail Placement | Checksum: 1c6e1d177

Time (s): cpu = 00:00:34 ; elapsed = 00:00:14 . Memory (MB): peak = 2475.543 ; gain = 0.082 ; free physical = 108948 ; free virtual = 499487

Phase 3.6 Re-assign LUT pins
Phase 3.6 Re-assign LUT pins | Checksum: 186d23a37

Time (s): cpu = 00:00:34 ; elapsed = 00:00:14 . Memory (MB): peak = 2475.543 ; gain = 0.082 ; free physical = 108950 ; free virtual = 499489

Phase 3.7 Pipeline Register Optimization
Phase 3.7 Pipeline Register Optimization | Checksum: 186d23a37

Time (s): cpu = 00:00:34 ; elapsed = 00:00:14 . Memory (MB): peak = 2475.543 ; gain = 0.082 ; free physical = 108946 ; free virtual = 499485
Phase 3 Detail Placement | Checksum: 186d23a37

Time (s): cpu = 00:00:34 ; elapsed = 00:00:14 . Memory (MB): peak = 2475.543 ; gain = 0.082 ; free physical = 108941 ; free virtual = 499480

Phase 4 Post Placement Optimization and Clean-Up

Phase 4.1 Post Commit Optimization
INFO: [Timing 38-35] Done setting XDC timing constraints.

Phase 4.1.1 Post Placement Optimization
Post Placement Optimization Initialization | Checksum: 1b7f770d3

Phase 4.1.1.1 BUFG Insertion
INFO: [Physopt 32-721] Multithreading enabled for phys_opt_design using a maximum of 8 CPUs
INFO: [Place 46-33] Processed net bmeMultibyte_i/multibyte_0/inst/multibyte_CTRL_s_axi_U/ap_rst_n_inv, BUFG insertion was skipped due to placement/routing conflicts.
INFO: [Place 46-31] BUFG insertion identified 1 candidate nets, 0 success, 1 skipped for placement/routing, 0 skipped for timing, 0 skipped for netlist change reason.
Phase 4.1.1.1 BUFG Insertion | Checksum: 1b7f770d3

Time (s): cpu = 00:00:37 ; elapsed = 00:00:15 . Memory (MB): peak = 2475.543 ; gain = 0.082 ; free physical = 108959 ; free virtual = 499498
INFO: [Place 30-746] Post Placement Timing Summary WNS=1.514. For the most accurate timing information please run report_timing.
Phase 4.1.1 Post Placement Optimization | Checksum: 1ff737e43

Time (s): cpu = 00:00:37 ; elapsed = 00:00:15 . Memory (MB): peak = 2475.543 ; gain = 0.082 ; free physical = 108959 ; free virtual = 499498
Phase 4.1 Post Commit Optimization | Checksum: 1ff737e43

Time (s): cpu = 00:00:37 ; elapsed = 00:00:16 . Memory (MB): peak = 2475.543 ; gain = 0.082 ; free physical = 108959 ; free virtual = 499498

Phase 4.2 Post Placement Cleanup
Phase 4.2 Post Placement Cleanup | Checksum: 1ff737e43

Time (s): cpu = 00:00:37 ; elapsed = 00:00:16 . Memory (MB): peak = 2475.543 ; gain = 0.082 ; free physical = 108891 ; free virtual = 499429

Phase 4.3 Placer Reporting
Phase 4.3 Placer Reporting | Checksum: 1ff737e43

Time (s): cpu = 00:00:37 ; elapsed = 00:00:16 . Memory (MB): peak = 2475.543 ; gain = 0.082 ; free physical = 108944 ; free virtual = 499482

Phase 4.4 Final Placement Cleanup
Phase 4.4 Final Placement Cleanup | Checksum: 18f62f7f0

Time (s): cpu = 00:00:37 ; elapsed = 00:00:16 . Memory (MB): peak = 2475.543 ; gain = 0.082 ; free physical = 108944 ; free virtual = 499482
Phase 4 Post Placement Optimization and Clean-Up | Checksum: 18f62f7f0

Time (s): cpu = 00:00:37 ; elapsed = 00:00:16 . Memory (MB): peak = 2475.543 ; gain = 0.082 ; free physical = 108944 ; free virtual = 499482
Ending Placer Task | Checksum: fbc9e8ca

Time (s): cpu = 00:00:37 ; elapsed = 00:00:16 . Memory (MB): peak = 2475.543 ; gain = 0.082 ; free physical = 108960 ; free virtual = 499498
INFO: [Common 17-83] Releasing license: Implementation
61 Infos, 45 Warnings, 45 Critical Warnings and 0 Errors encountered.
place_design completed successfully
place_design: Time (s): cpu = 00:00:40 ; elapsed = 00:00:19 . Memory (MB): peak = 2475.543 ; gain = 0.082 ; free physical = 108960 ; free virtual = 499498
Writing placer database...
Writing XDEF routing.
Writing XDEF routing logical nets.
Writing XDEF routing special nets.
Write XDEF Complete: Time (s): cpu = 00:00:00.85 ; elapsed = 00:00:00.33 . Memory (MB): peak = 2475.543 ; gain = 0.000 ; free physical = 108946 ; free virtual = 499494
INFO: [Common 17-1381] The checkpoint '/home/iavendano/pynq-copter/pynqcopter/bmeMultibyte/bmeMultibyte/bmeMultibyte.runs/impl_1/bmeMultibyte_wrapper_placed.dcp' has been generated.
INFO: [runtcl-4] Executing : report_io -file bmeMultibyte_wrapper_io_placed.rpt
report_io: Time (s): cpu = 00:00:00.16 ; elapsed = 00:00:00.23 . Memory (MB): peak = 2475.543 ; gain = 0.000 ; free physical = 108930 ; free virtual = 499471
INFO: [runtcl-4] Executing : report_utilization -file bmeMultibyte_wrapper_utilization_placed.rpt -pb bmeMultibyte_wrapper_utilization_placed.pb
report_utilization: Time (s): cpu = 00:00:00.16 ; elapsed = 00:00:00.23 . Memory (MB): peak = 2475.543 ; gain = 0.000 ; free physical = 108937 ; free virtual = 499478
INFO: [runtcl-4] Executing : report_control_sets -verbose -file bmeMultibyte_wrapper_control_sets_placed.rpt
report_control_sets: Time (s): cpu = 00:00:00.14 ; elapsed = 00:00:00.20 . Memory (MB): peak = 2475.543 ; gain = 0.000 ; free physical = 108866 ; free virtual = 499407
Command: route_design
Attempting to get a license for feature 'Implementation' and/or device 'xc7z020'
INFO: [Common 17-349] Got license for feature 'Implementation' and/or device 'xc7z020'
Running DRC as a precondition to command route_design
INFO: [DRC 23-27] Running DRC with 8 threads
INFO: [Vivado_Tcl 4-198] DRC finished with 0 Errors
INFO: [Vivado_Tcl 4-199] Please refer to the DRC report (report_drc) for more information.


Starting Routing Task
INFO: [Route 35-254] Multithreading enabled for route_design using a maximum of 8 CPUs
Checksum: PlaceDB: 879b09af ConstDB: 0 ShapeSum: 742edf1b RouteDB: 0

Phase 1 Build RT Design
Phase 1 Build RT Design | Checksum: 1729eec29

Time (s): cpu = 00:00:24 ; elapsed = 00:00:19 . Memory (MB): peak = 2475.543 ; gain = 0.000 ; free physical = 108576 ; free virtual = 499119
Post Restoration Checksum: NetGraph: d399a6e0 NumContArr: 9f054549 Constraints: 0 Timing: 0

Phase 2 Router Initialization

Phase 2.1 Create Timer
Phase 2.1 Create Timer | Checksum: 1729eec29

Time (s): cpu = 00:00:24 ; elapsed = 00:00:19 . Memory (MB): peak = 2475.543 ; gain = 0.000 ; free physical = 108574 ; free virtual = 499117

Phase 2.2 Fix Topology Constraints
Phase 2.2 Fix Topology Constraints | Checksum: 1729eec29

Time (s): cpu = 00:00:24 ; elapsed = 00:00:20 . Memory (MB): peak = 2475.543 ; gain = 0.000 ; free physical = 108542 ; free virtual = 499085

Phase 2.3 Pre Route Cleanup
Phase 2.3 Pre Route Cleanup | Checksum: 1729eec29

Time (s): cpu = 00:00:24 ; elapsed = 00:00:20 . Memory (MB): peak = 2475.543 ; gain = 0.000 ; free physical = 108542 ; free virtual = 499085
 Number of Nodes with overlaps = 0

Phase 2.4 Update Timing
Phase 2.4 Update Timing | Checksum: 1840f9eb1

Time (s): cpu = 00:00:27 ; elapsed = 00:00:21 . Memory (MB): peak = 2475.543 ; gain = 0.000 ; free physical = 108531 ; free virtual = 499074
INFO: [Route 35-416] Intermediate Timing Summary | WNS=1.745  | TNS=0.000  | WHS=-0.358 | THS=-73.749|

Phase 2 Router Initialization | Checksum: 16903f8d9

Time (s): cpu = 00:00:28 ; elapsed = 00:00:21 . Memory (MB): peak = 2475.543 ; gain = 0.000 ; free physical = 108533 ; free virtual = 499076

Phase 3 Initial Routing
Phase 3 Initial Routing | Checksum: 1c68ca6bb

Time (s): cpu = 00:00:31 ; elapsed = 00:00:22 . Memory (MB): peak = 2475.543 ; gain = 0.000 ; free physical = 108538 ; free virtual = 499081

Phase 4 Rip-up And Reroute

Phase 4.1 Global Iteration 0
 Number of Nodes with overlaps = 520
 Number of Nodes with overlaps = 7
 Number of Nodes with overlaps = 0
INFO: [Route 35-416] Intermediate Timing Summary | WNS=1.550  | TNS=0.000  | WHS=N/A    | THS=N/A    |

Phase 4.1 Global Iteration 0 | Checksum: fc3b77ae

Time (s): cpu = 00:00:43 ; elapsed = 00:00:24 . Memory (MB): peak = 2475.543 ; gain = 0.000 ; free physical = 108529 ; free virtual = 499072

Phase 4.2 Global Iteration 1
 Number of Nodes with overlaps = 1
 Number of Nodes with overlaps = 0
INFO: [Route 35-416] Intermediate Timing Summary | WNS=1.550  | TNS=0.000  | WHS=N/A    | THS=N/A    |

Phase 4.2 Global Iteration 1 | Checksum: 22a9b9fae

Time (s): cpu = 00:00:44 ; elapsed = 00:00:25 . Memory (MB): peak = 2475.543 ; gain = 0.000 ; free physical = 108412 ; free virtual = 498955
Phase 4 Rip-up And Reroute | Checksum: 22a9b9fae

Time (s): cpu = 00:00:44 ; elapsed = 00:00:25 . Memory (MB): peak = 2475.543 ; gain = 0.000 ; free physical = 108498 ; free virtual = 499040

Phase 5 Delay and Skew Optimization

Phase 5.1 Delay CleanUp
Phase 5.1 Delay CleanUp | Checksum: 22a9b9fae

Time (s): cpu = 00:00:44 ; elapsed = 00:00:25 . Memory (MB): peak = 2475.543 ; gain = 0.000 ; free physical = 108504 ; free virtual = 499047

Phase 5.2 Clock Skew Optimization
Phase 5.2 Clock Skew Optimization | Checksum: 22a9b9fae

Time (s): cpu = 00:00:44 ; elapsed = 00:00:25 . Memory (MB): peak = 2475.543 ; gain = 0.000 ; free physical = 108495 ; free virtual = 499038
Phase 5 Delay and Skew Optimization | Checksum: 22a9b9fae

Time (s): cpu = 00:00:44 ; elapsed = 00:00:25 . Memory (MB): peak = 2475.543 ; gain = 0.000 ; free physical = 108484 ; free virtual = 499027

Phase 6 Post Hold Fix

Phase 6.1 Hold Fix Iter

Phase 6.1.1 Update Timing
Phase 6.1.1 Update Timing | Checksum: 220a54751

Time (s): cpu = 00:00:45 ; elapsed = 00:00:25 . Memory (MB): peak = 2475.543 ; gain = 0.000 ; free physical = 108519 ; free virtual = 499062
INFO: [Route 35-416] Intermediate Timing Summary | WNS=1.564  | TNS=0.000  | WHS=0.014  | THS=0.000  |

Phase 6.1 Hold Fix Iter | Checksum: 2abc940af

Time (s): cpu = 00:00:45 ; elapsed = 00:00:25 . Memory (MB): peak = 2475.543 ; gain = 0.000 ; free physical = 108518 ; free virtual = 499061
Phase 6 Post Hold Fix | Checksum: 2abc940af

Time (s): cpu = 00:00:45 ; elapsed = 00:00:25 . Memory (MB): peak = 2475.543 ; gain = 0.000 ; free physical = 108516 ; free virtual = 499059

Phase 7 Route finalize

Router Utilization Summary
  Global Vertical Routing Utilization    = 0.882106 %
  Global Horizontal Routing Utilization  = 1.1441 %
  Routable Net Status*
  *Does not include unroutable nets such as driverless and loadless.
  Run report_route_status for detailed report.
  Number of Failed Nets               = 0
  Number of Unrouted Nets             = 0
  Number of Partially Routed Nets     = 0
  Number of Node Overlaps             = 0

Phase 7 Route finalize | Checksum: 270e5cc96

Time (s): cpu = 00:00:45 ; elapsed = 00:00:25 . Memory (MB): peak = 2475.543 ; gain = 0.000 ; free physical = 108509 ; free virtual = 499052

Phase 8 Verifying routed nets

 Verification completed successfully
Phase 8 Verifying routed nets | Checksum: 270e5cc96

Time (s): cpu = 00:00:45 ; elapsed = 00:00:25 . Memory (MB): peak = 2475.543 ; gain = 0.000 ; free physical = 108526 ; free virtual = 499069

Phase 9 Depositing Routes
Phase 9 Depositing Routes | Checksum: 2972ed4e1

Time (s): cpu = 00:00:46 ; elapsed = 00:00:25 . Memory (MB): peak = 2475.543 ; gain = 0.000 ; free physical = 108527 ; free virtual = 499070

Phase 10 Post Router Timing
INFO: [Route 35-57] Estimated Timing Summary | WNS=1.564  | TNS=0.000  | WHS=0.014  | THS=0.000  |

INFO: [Route 35-327] The final timing numbers are based on the router estimated timing analysis. For a complete and accurate timing signoff, please run report_timing_summary.
Phase 10 Post Router Timing | Checksum: 2972ed4e1

Time (s): cpu = 00:00:46 ; elapsed = 00:00:25 . Memory (MB): peak = 2475.543 ; gain = 0.000 ; free physical = 108527 ; free virtual = 499070
INFO: [Route 35-16] Router Completed Successfully

Time (s): cpu = 00:00:46 ; elapsed = 00:00:25 . Memory (MB): peak = 2475.543 ; gain = 0.000 ; free physical = 108564 ; free virtual = 499107

Routing Is Done.
INFO: [Common 17-83] Releasing license: Implementation
78 Infos, 45 Warnings, 45 Critical Warnings and 0 Errors encountered.
route_design completed successfully
route_design: Time (s): cpu = 00:00:50 ; elapsed = 00:00:29 . Memory (MB): peak = 2475.543 ; gain = 0.000 ; free physical = 108564 ; free virtual = 499107
Writing placer database...
Writing XDEF routing.
Writing XDEF routing logical nets.
Writing XDEF routing special nets.
Write XDEF Complete: Time (s): cpu = 00:00:01 ; elapsed = 00:00:00.52 . Memory (MB): peak = 2475.543 ; gain = 0.000 ; free physical = 108553 ; free virtual = 499106
INFO: [Common 17-1381] The checkpoint '/home/iavendano/pynq-copter/pynqcopter/bmeMultibyte/bmeMultibyte/bmeMultibyte.runs/impl_1/bmeMultibyte_wrapper_routed.dcp' has been generated.
INFO: [runtcl-4] Executing : report_drc -file bmeMultibyte_wrapper_drc_routed.rpt -pb bmeMultibyte_wrapper_drc_routed.pb -rpx bmeMultibyte_wrapper_drc_routed.rpx
Command: report_drc -file bmeMultibyte_wrapper_drc_routed.rpt -pb bmeMultibyte_wrapper_drc_routed.pb -rpx bmeMultibyte_wrapper_drc_routed.rpx
INFO: [IP_Flow 19-1839] IP Catalog is up to date.
INFO: [DRC 23-27] Running DRC with 8 threads
INFO: [Coretcl 2-168] The results of DRC are in file /home/iavendano/pynq-copter/pynqcopter/bmeMultibyte/bmeMultibyte/bmeMultibyte.runs/impl_1/bmeMultibyte_wrapper_drc_routed.rpt.
report_drc completed successfully
INFO: [runtcl-4] Executing : report_methodology -file bmeMultibyte_wrapper_methodology_drc_routed.rpt -pb bmeMultibyte_wrapper_methodology_drc_routed.pb -rpx bmeMultibyte_wrapper_methodology_drc_routed.rpx
Command: report_methodology -file bmeMultibyte_wrapper_methodology_drc_routed.rpt -pb bmeMultibyte_wrapper_methodology_drc_routed.pb -rpx bmeMultibyte_wrapper_methodology_drc_routed.rpx
INFO: [Timing 38-35] Done setting XDC timing constraints.
INFO: [Timing 38-35] Done setting XDC timing constraints.
INFO: [DRC 23-133] Running Methodology with 8 threads
INFO: [Coretcl 2-1520] The results of Report Methodology are in file /home/iavendano/pynq-copter/pynqcopter/bmeMultibyte/bmeMultibyte/bmeMultibyte.runs/impl_1/bmeMultibyte_wrapper_methodology_drc_routed.rpt.
report_methodology completed successfully
INFO: [runtcl-4] Executing : report_power -file bmeMultibyte_wrapper_power_routed.rpt -pb bmeMultibyte_wrapper_power_summary_routed.pb -rpx bmeMultibyte_wrapper_power_routed.rpx
Command: report_power -file bmeMultibyte_wrapper_power_routed.rpt -pb bmeMultibyte_wrapper_power_summary_routed.pb -rpx bmeMultibyte_wrapper_power_routed.rpx
INFO: [Timing 38-35] Done setting XDC timing constraints.
Running Vector-less Activity Propagation...

Finished Running Vector-less Activity Propagation
90 Infos, 45 Warnings, 45 Critical Warnings and 0 Errors encountered.
report_power completed successfully
INFO: [runtcl-4] Executing : report_route_status -file bmeMultibyte_wrapper_route_status.rpt -pb bmeMultibyte_wrapper_route_status.pb
INFO: [runtcl-4] Executing : report_timing_summary -max_paths 10 -file bmeMultibyte_wrapper_timing_summary_routed.rpt -rpx bmeMultibyte_wrapper_timing_summary_routed.rpx -warn_on_violation 
INFO: [Timing 38-91] UpdateTimingParams: Speed grade: -1, Delay Type: min_max.
INFO: [Timing 38-191] Multithreading enabled for timing update using a maximum of 8 CPUs
INFO: [runtcl-4] Executing : report_incremental_reuse -file bmeMultibyte_wrapper_incremental_reuse_routed.rpt
INFO: [Vivado_Tcl 4-545] No incremental reuse to report, no incremental placement and routing data was found.
INFO: [runtcl-4] Executing : report_clock_utilization -file bmeMultibyte_wrapper_clock_utilization_routed.rpt
Command: write_bitstream -force bmeMultibyte_wrapper.bit
Attempting to get a license for feature 'Implementation' and/or device 'xc7z020'
INFO: [Common 17-349] Got license for feature 'Implementation' and/or device 'xc7z020'
Running DRC as a precondition to command write_bitstream
INFO: [IP_Flow 19-1839] IP Catalog is up to date.
INFO: [DRC 23-27] Running DRC with 8 threads
INFO: [Vivado 12-3199] DRC finished with 0 Errors
INFO: [Vivado 12-3200] Please refer to the DRC report (report_drc) for more information.
INFO: [Project 1-821] Please set project.enableDesignId to be 'true'.
INFO: [Designutils 20-2272] Running write_bitstream with 8 threads.
Loading data files...
Loading site data...
Loading route data...
Processing options...
Creating bitmap...
Creating bitstream...
Writing bitstream ./bmeMultibyte_wrapper.bit...
INFO: [Vivado 12-1842] Bitgen Completed Successfully.
INFO: [Project 1-118] WebTalk data collection is enabled (User setting is ON. Install Setting is ON.).
INFO: [Common 17-186] '/home/iavendano/pynq-copter/pynqcopter/bmeMultibyte/bmeMultibyte/bmeMultibyte.runs/impl_1/usage_statistics_webtalk.xml' has been successfully sent to Xilinx on Mon Aug 20 16:03:21 2018. For additional details about this file, please refer to the WebTalk help file at /data/opt/Xilinx/Vivado/2017.4/doc/webtalk_introduction.html.
INFO: [Common 17-83] Releasing license: Implementation
108 Infos, 45 Warnings, 45 Critical Warnings and 0 Errors encountered.
write_bitstream completed successfully
write_bitstream: Time (s): cpu = 00:00:18 ; elapsed = 00:02:23 . Memory (MB): peak = 2725.344 ; gain = 249.801 ; free physical = 108303 ; free virtual = 498864
INFO: [Common 17-206] Exiting Vivado at Mon Aug 20 16:03:21 2018...
