==============================================================
File generated by Vivado(TM) HLS - High-Level Synthesis from C, C++ and SystemC
Version: 2017.4
Copyright (C) 1986-2017 Xilinx, Inc. All Rights Reserved.

==============================================================

INFO: [SYN 201-201] Setting up clock 'default' with a period of 4ns.
INFO: [HLS 200-10] Setting target device to 'xc7z020clg400-1'
INFO: [SIM 211-2] *************** CSIM start ***************
INFO: [SIM 211-4] CSIM will launch CLANG as the compiler.
INFO: [SIM 211-1] CSim done with 0 errors.
INFO: [SIM 211-3] *************** CSIM finish ***************
INFO: [HLS 200-10] Analyzing design file 'bmesensor.cpp' ...
INFO: [HLS 200-10] Analyzing design file 'main.cpp' ...
INFO: [HLS 200-10] Validating synthesis directives ...
INFO: [HLS 200-111] Finished Checking Pragmas Time (s): cpu = 00:01:42 ; elapsed = 00:00:47 . Memory (MB): peak = 359.941 ; gain = 13.379 ; free physical = 115151 ; free virtual = 497561
INFO: [HLS 200-111] Finished Linking Time (s): cpu = 00:01:44 ; elapsed = 00:00:49 . Memory (MB): peak = 359.941 ; gain = 13.379 ; free physical = 115164 ; free virtual = 497573
INFO: [HLS 200-10] Starting code transformations ...
INFO: [HLS 200-111] Finished Standard Transforms Time (s): cpu = 00:01:46 ; elapsed = 00:00:50 . Memory (MB): peak = 360.160 ; gain = 13.598 ; free physical = 115125 ; free virtual = 497535
INFO: [HLS 200-10] Checking synthesizability ...
INFO: [HLS 200-111] Finished Checking Synthesizability Time (s): cpu = 00:01:46 ; elapsed = 00:00:50 . Memory (MB): peak = 360.160 ; gain = 13.598 ; free physical = 115119 ; free virtual = 497529
INFO: [XFORM 203-401] Performing if-conversion on hyperblock from (bmesensor.cpp:238:51) to (bmesensor.cpp:259:2) in function 'bmesensor'... converting 3 basic blocks.
INFO: [XFORM 203-401] Performing if-conversion on hyperblock from (bmesensor.cpp:147:3) to (bmesensor.cpp:172:2) in function 'bmesensor'... converting 3 basic blocks.
INFO: [HLS 200-111] Finished Pre-synthesis Time (s): cpu = 00:01:47 ; elapsed = 00:00:51 . Memory (MB): peak = 488.148 ; gain = 141.586 ; free physical = 115096 ; free virtual = 497505
INFO: [HLS 200-111] Finished Architecture Synthesis Time (s): cpu = 00:01:48 ; elapsed = 00:00:52 . Memory (MB): peak = 488.148 ; gain = 141.586 ; free physical = 115116 ; free virtual = 497525
INFO: [HLS 200-10] Starting hardware synthesis ...
INFO: [HLS 200-10] Synthesizing 'bmesensor' ...
INFO: [HLS 200-10] ----------------------------------------------------------------
INFO: [HLS 200-42] -- Implementing module 'bmesensor'
INFO: [HLS 200-10] ----------------------------------------------------------------
INFO: [SCHED 204-11] Starting scheduling ...
INFO: [SCHED 204-11] Finished scheduling.
INFO: [HLS 200-111]  Elapsed time: 52.62 seconds; current allocated memory: 85.574 MB.
INFO: [BIND 205-100] Starting micro-architecture generation ...
INFO: [BIND 205-101] Performing variable lifetime analysis.
INFO: [BIND 205-101] Exploring resource sharing.
INFO: [BIND 205-101] Binding ...
INFO: [BIND 205-100] Finished micro-architecture generation.
INFO: [HLS 200-111]  Elapsed time: 0.16 seconds; current allocated memory: 86.889 MB.
INFO: [HLS 200-10] ----------------------------------------------------------------
INFO: [HLS 200-10] -- Generating RTL for module 'bmesensor'
INFO: [HLS 200-10] ----------------------------------------------------------------
INFO: [RTGEN 206-500] Setting interface mode on port 'bmesensor/iic' to 'm_axi'.
INFO: [RTGEN 206-500] Setting interface mode on port 'bmesensor/stat_reg_outValue1' to 's_axilite & ap_ovld'.
INFO: [RTGEN 206-500] Setting interface mode on port 'bmesensor/empty_pirq_outValue' to 's_axilite & ap_ovld'.
INFO: [RTGEN 206-500] Setting interface mode on port 'bmesensor/full_pirq_outValue' to 's_axilite & ap_ovld'.
INFO: [RTGEN 206-500] Setting interface mode on port 'bmesensor/ctrl_reg_outValue1' to 's_axilite & ap_ovld'.
INFO: [RTGEN 206-500] Setting interface mode on port 'bmesensor/pressure_msb' to 's_axilite & ap_ovld'.
INFO: [RTGEN 206-500] Setting interface mode on port 'bmesensor/pressure_lsb' to 's_axilite & ap_ovld'.
INFO: [RTGEN 206-500] Setting interface mode on port 'bmesensor/pressure_xlsb' to 's_axilite & ap_ovld'.
INFO: [RTGEN 206-500] Setting interface mode on function 'bmesensor' to 's_axilite & ap_ctrl_hs'.
INFO: [RTGEN 206-100] Bundling port 'return', 'stat_reg_outValue1', 'empty_pirq_outValue', 'full_pirq_outValue', 'ctrl_reg_outValue1', 'pressure_msb', 'pressure_lsb' and 'pressure_xlsb' to AXI-Lite port AXILiteS.
INFO: [RTGEN 206-100] Finished creating RTL model for 'bmesensor'.
INFO: [HLS 200-111]  Elapsed time: 0.31 seconds; current allocated memory: 90.567 MB.
INFO: [HLS 200-111] Finished generating all RTL models Time (s): cpu = 00:01:50 ; elapsed = 00:00:55 . Memory (MB): peak = 488.148 ; gain = 141.586 ; free physical = 115077 ; free virtual = 497486
INFO: [SYSC 207-301] Generating SystemC RTL for bmesensor.
INFO: [VHDL 208-304] Generating VHDL RTL for bmesensor.
INFO: [VLOG 209-307] Generating Verilog RTL for bmesensor.
INFO: [IMPL 213-8] Exporting RTL as a Vivado IP.
INFO: [HLS 200-112] Total elapsed time: 111.54 seconds; peak allocated memory: 90.567 MB.
