==============================================================
File generated by Vivado(TM) HLS - High-Level Synthesis from C, C++ and SystemC
Version: 2017.4
Copyright (C) 1986-2017 Xilinx, Inc. All Rights Reserved.

==============================================================

INFO: [HLS 200-10] Setting target device to 'xc7z020clg400-1'
INFO: [SYN 201-201] Setting up clock 'default' with a period of 4ns.
INFO: [SIM 211-2] *************** CSIM start ***************
INFO: [SIM 211-4] CSIM will launch CLANG as the compiler.
INFO: [SIM 211-1] CSim done with 0 errors.
INFO: [SIM 211-3] *************** CSIM finish ***************
INFO: [HLS 200-10] Analyzing design file 'ctrlloop.cpp' ...
INFO: [HLS 200-10] Analyzing design file 'main.cpp' ...
INFO: [HLS 200-10] Validating synthesis directives ...
INFO: [HLS 200-111] Finished Checking Pragmas Time (s): cpu = 00:01:29 ; elapsed = 00:00:33 . Memory (MB): peak = 359.941 ; gain = 13.379 ; free physical = 196616 ; free virtual = 509528
INFO: [HLS 200-111] Finished Linking Time (s): cpu = 00:01:31 ; elapsed = 00:00:35 . Memory (MB): peak = 359.941 ; gain = 13.379 ; free physical = 196595 ; free virtual = 509510
INFO: [HLS 200-10] Starting code transformations ...
INFO: [XFORM 203-603] Inlining function 'delay_until_ms<1000ull, 100000000ull>' into 'ctrlloop' (ctrlloop.cpp:92).
INFO: [HLS 200-111] Finished Standard Transforms Time (s): cpu = 00:01:32 ; elapsed = 00:00:36 . Memory (MB): peak = 360.383 ; gain = 13.820 ; free physical = 196596 ; free virtual = 509515
INFO: [HLS 200-10] Checking synthesizability ...
INFO: [HLS 200-111] Finished Checking Synthesizability Time (s): cpu = 00:01:32 ; elapsed = 00:00:37 . Memory (MB): peak = 488.184 ; gain = 141.621 ; free physical = 196589 ; free virtual = 509508
INFO: [HLS 200-111] Finished Pre-synthesis Time (s): cpu = 00:01:33 ; elapsed = 00:00:37 . Memory (MB): peak = 488.184 ; gain = 141.621 ; free physical = 196557 ; free virtual = 509480
WARNING: [XFORM 203-803] Cannot bundle argument 'iomem.V' to m_axi port 'IOMEM' since its offset mode is off.
INFO: [HLS 200-111] Finished Architecture Synthesis Time (s): cpu = 00:01:33 ; elapsed = 00:00:38 . Memory (MB): peak = 488.184 ; gain = 141.621 ; free physical = 196531 ; free virtual = 509455
INFO: [HLS 200-10] Starting hardware synthesis ...
INFO: [HLS 200-10] Synthesizing 'ctrlloop' ...
INFO: [HLS 200-10] ----------------------------------------------------------------
INFO: [HLS 200-42] -- Implementing module 'ctrlloop'
INFO: [HLS 200-10] ----------------------------------------------------------------
INFO: [SCHED 204-11] Starting scheduling ...
INFO: [SCHED 204-11] Finished scheduling.
INFO: [HLS 200-111]  Elapsed time: 37.91 seconds; current allocated memory: 86.038 MB.
INFO: [BIND 205-100] Starting micro-architecture generation ...
INFO: [BIND 205-101] Performing variable lifetime analysis.
INFO: [BIND 205-101] Exploring resource sharing.
INFO: [BIND 205-101] Binding ...
INFO: [BIND 205-100] Finished micro-architecture generation.
INFO: [HLS 200-111]  Elapsed time: 0.02 seconds; current allocated memory: 86.244 MB.
INFO: [HLS 200-10] ----------------------------------------------------------------
INFO: [HLS 200-10] -- Generating RTL for module 'ctrlloop'
INFO: [HLS 200-10] ----------------------------------------------------------------
INFO: [RTGEN 206-500] Setting interface mode on port 'ctrlloop/IOMEM' to 'm_axi'.
INFO: [RTGEN 206-500] Setting interface mode on port 'ctrlloop/regs_V' to 's_axilite & ap_memory'.
INFO: [RTGEN 206-500] Setting interface mode on port 'ctrlloop/buttons_V' to 'ap_none'.
INFO: [RTGEN 206-500] Setting interface mode on port 'ctrlloop/interrupt_V' to 'ap_none'.
INFO: [RTGEN 206-500] Setting interface mode on port 'ctrlloop/leds_V' to 'ap_none'.
WARNING: [RTGEN 206-101] Port 'leds_V' with mode 'ap_none' may require an associated data valid signal to correctly communicate with other blocks or a test bench; automatic C/RTL co-simulation may not be able to verify such a port.
INFO: [RTGEN 206-500] Setting interface mode on function 'ctrlloop' to 's_axilite & ap_ctrl_hs'.
WARNING: [RTGEN 206-101] Register 'led_state_V' is power-on initialization.
INFO: [RTGEN 206-100] Bundling port 'return' and 'regs_V' to AXI-Lite port CTRL.
WARNING: [RTGEN 206-101] Port 'ctrlloop/m_axi_IOMEM_AWVALID' has no fanin or fanout and is left dangling.
               Please use C simulation to confirm this function argument can be read from or written to.
WARNING: [RTGEN 206-101] Setting dangling out port 'ctrlloop/m_axi_IOMEM_AWVALID' to 0.
WARNING: [RTGEN 206-101] Port 'ctrlloop/m_axi_IOMEM_AWREADY' has no fanin or fanout and is left dangling.
               Please use C simulation to confirm this function argument can be read from or written to.
WARNING: [RTGEN 206-101] Port 'ctrlloop/m_axi_IOMEM_AWADDR' has no fanin or fanout and is left dangling.
               Please use C simulation to confirm this function argument can be read from or written to.
WARNING: [RTGEN 206-101] Setting dangling out port 'ctrlloop/m_axi_IOMEM_AWADDR' to 0.
WARNING: [RTGEN 206-101] Port 'ctrlloop/m_axi_IOMEM_AWID' has no fanin or fanout and is left dangling.
               Please use C simulation to confirm this function argument can be read from or written to.
WARNING: [RTGEN 206-101] Setting dangling out port 'ctrlloop/m_axi_IOMEM_AWID' to 0.
WARNING: [RTGEN 206-101] Port 'ctrlloop/m_axi_IOMEM_AWLEN' has no fanin or fanout and is left dangling.
               Please use C simulation to confirm this function argument can be read from or written to.
WARNING: [RTGEN 206-101] Setting dangling out port 'ctrlloop/m_axi_IOMEM_AWLEN' to 0.
WARNING: [RTGEN 206-101] Port 'ctrlloop/m_axi_IOMEM_AWSIZE' has no fanin or fanout and is left dangling.
               Please use C simulation to confirm this function argument can be read from or written to.
WARNING: [RTGEN 206-101] Setting dangling out port 'ctrlloop/m_axi_IOMEM_AWSIZE' to 0.
WARNING: [RTGEN 206-101] Port 'ctrlloop/m_axi_IOMEM_AWBURST' has no fanin or fanout and is left dangling.
               Please use C simulation to confirm this function argument can be read from or written to.
WARNING: [RTGEN 206-101] Setting dangling out port 'ctrlloop/m_axi_IOMEM_AWBURST' to 0.
WARNING: [RTGEN 206-101] Port 'ctrlloop/m_axi_IOMEM_AWLOCK' has no fanin or fanout and is left dangling.
               Please use C simulation to confirm this function argument can be read from or written to.
WARNING: [RTGEN 206-101] Setting dangling out port 'ctrlloop/m_axi_IOMEM_AWLOCK' to 0.
WARNING: [RTGEN 206-101] Port 'ctrlloop/m_axi_IOMEM_AWCACHE' has no fanin or fanout and is left dangling.
               Please use C simulation to confirm this function argument can be read from or written to.
WARNING: [RTGEN 206-101] Setting dangling out port 'ctrlloop/m_axi_IOMEM_AWCACHE' to 0.
WARNING: [RTGEN 206-101] Port 'ctrlloop/m_axi_IOMEM_AWPROT' has no fanin or fanout and is left dangling.
               Please use C simulation to confirm this function argument can be read from or written to.
WARNING: [RTGEN 206-101] Setting dangling out port 'ctrlloop/m_axi_IOMEM_AWPROT' to 0.
WARNING: [RTGEN 206-101] Port 'ctrlloop/m_axi_IOMEM_AWQOS' has no fanin or fanout and is left dangling.
               Please use C simulation to confirm this function argument can be read from or written to.
WARNING: [RTGEN 206-101] Setting dangling out port 'ctrlloop/m_axi_IOMEM_AWQOS' to 0.
WARNING: [RTGEN 206-101] Port 'ctrlloop/m_axi_IOMEM_AWREGION' has no fanin or fanout and is left dangling.
               Please use C simulation to confirm this function argument can be read from or written to.
WARNING: [RTGEN 206-101] Setting dangling out port 'ctrlloop/m_axi_IOMEM_AWREGION' to 0.
WARNING: [RTGEN 206-101] Port 'ctrlloop/m_axi_IOMEM_AWUSER' has no fanin or fanout and is left dangling.
               Please use C simulation to confirm this function argument can be read from or written to.
WARNING: [RTGEN 206-101] Setting dangling out port 'ctrlloop/m_axi_IOMEM_AWUSER' to 0.
WARNING: [RTGEN 206-101] Port 'ctrlloop/m_axi_IOMEM_WVALID' has no fanin or fanout and is left dangling.
               Please use C simulation to confirm this function argument can be read from or written to.
WARNING: [RTGEN 206-101] Setting dangling out port 'ctrlloop/m_axi_IOMEM_WVALID' to 0.
WARNING: [RTGEN 206-101] Port 'ctrlloop/m_axi_IOMEM_WREADY' has no fanin or fanout and is left dangling.
               Please use C simulation to confirm this function argument can be read from or written to.
WARNING: [RTGEN 206-101] Port 'ctrlloop/m_axi_IOMEM_WDATA' has no fanin or fanout and is left dangling.
               Please use C simulation to confirm this function argument can be read from or written to.
WARNING: [RTGEN 206-101] Setting dangling out port 'ctrlloop/m_axi_IOMEM_WDATA' to 0.
WARNING: [RTGEN 206-101] Port 'ctrlloop/m_axi_IOMEM_WSTRB' has no fanin or fanout and is left dangling.
               Please use C simulation to confirm this function argument can be read from or written to.
WARNING: [RTGEN 206-101] Setting dangling out port 'ctrlloop/m_axi_IOMEM_WSTRB' to 0.
WARNING: [RTGEN 206-101] Port 'ctrlloop/m_axi_IOMEM_WLAST' has no fanin or fanout and is left dangling.
               Please use C simulation to confirm this function argument can be read from or written to.
WARNING: [RTGEN 206-101] Setting dangling out port 'ctrlloop/m_axi_IOMEM_WLAST' to 0.
WARNING: [RTGEN 206-101] Port 'ctrlloop/m_axi_IOMEM_WID' has no fanin or fanout and is left dangling.
               Please use C simulation to confirm this function argument can be read from or written to.
WARNING: [RTGEN 206-101] Setting dangling out port 'ctrlloop/m_axi_IOMEM_WID' to 0.
WARNING: [RTGEN 206-101] Port 'ctrlloop/m_axi_IOMEM_WUSER' has no fanin or fanout and is left dangling.
               Please use C simulation to confirm this function argument can be read from or written to.
WARNING: [RTGEN 206-101] Setting dangling out port 'ctrlloop/m_axi_IOMEM_WUSER' to 0.
WARNING: [RTGEN 206-101] Port 'ctrlloop/m_axi_IOMEM_ARVALID' has no fanin or fanout and is left dangling.
               Please use C simulation to confirm this function argument can be read from or written to.
WARNING: [RTGEN 206-101] Setting dangling out port 'ctrlloop/m_axi_IOMEM_ARVALID' to 0.
WARNING: [RTGEN 206-101] Port 'ctrlloop/m_axi_IOMEM_ARREADY' has no fanin or fanout and is left dangling.
               Please use C simulation to confirm this function argument can be read from or written to.
WARNING: [RTGEN 206-101] Port 'ctrlloop/m_axi_IOMEM_ARADDR' has no fanin or fanout and is left dangling.
               Please use C simulation to confirm this function argument can be read from or written to.
WARNING: [RTGEN 206-101] Setting dangling out port 'ctrlloop/m_axi_IOMEM_ARADDR' to 0.
WARNING: [RTGEN 206-101] Port 'ctrlloop/m_axi_IOMEM_ARID' has no fanin or fanout and is left dangling.
               Please use C simulation to confirm this function argument can be read from or written to.
WARNING: [RTGEN 206-101] Setting dangling out port 'ctrlloop/m_axi_IOMEM_ARID' to 0.
WARNING: [RTGEN 206-101] Port 'ctrlloop/m_axi_IOMEM_ARLEN' has no fanin or fanout and is left dangling.
               Please use C simulation to confirm this function argument can be read from or written to.
WARNING: [RTGEN 206-101] Setting dangling out port 'ctrlloop/m_axi_IOMEM_ARLEN' to 0.
WARNING: [RTGEN 206-101] Port 'ctrlloop/m_axi_IOMEM_ARSIZE' has no fanin or fanout and is left dangling.
               Please use C simulation to confirm this function argument can be read from or written to.
WARNING: [RTGEN 206-101] Setting dangling out port 'ctrlloop/m_axi_IOMEM_ARSIZE' to 0.
WARNING: [RTGEN 206-101] Port 'ctrlloop/m_axi_IOMEM_ARBURST' has no fanin or fanout and is left dangling.
               Please use C simulation to confirm this function argument can be read from or written to.
WARNING: [RTGEN 206-101] Setting dangling out port 'ctrlloop/m_axi_IOMEM_ARBURST' to 0.
WARNING: [RTGEN 206-101] Port 'ctrlloop/m_axi_IOMEM_ARLOCK' has no fanin or fanout and is left dangling.
               Please use C simulation to confirm this function argument can be read from or written to.
WARNING: [RTGEN 206-101] Setting dangling out port 'ctrlloop/m_axi_IOMEM_ARLOCK' to 0.
WARNING: [RTGEN 206-101] Port 'ctrlloop/m_axi_IOMEM_ARCACHE' has no fanin or fanout and is left dangling.
               Please use C simulation to confirm this function argument can be read from or written to.
WARNING: [RTGEN 206-101] Setting dangling out port 'ctrlloop/m_axi_IOMEM_ARCACHE' to 0.
WARNING: [RTGEN 206-101] Port 'ctrlloop/m_axi_IOMEM_ARPROT' has no fanin or fanout and is left dangling.
               Please use C simulation to confirm this function argument can be read from or written to.
WARNING: [RTGEN 206-101] Setting dangling out port 'ctrlloop/m_axi_IOMEM_ARPROT' to 0.
WARNING: [RTGEN 206-101] Port 'ctrlloop/m_axi_IOMEM_ARQOS' has no fanin or fanout and is left dangling.
               Please use C simulation to confirm this function argument can be read from or written to.
WARNING: [RTGEN 206-101] Setting dangling out port 'ctrlloop/m_axi_IOMEM_ARQOS' to 0.
WARNING: [RTGEN 206-101] Port 'ctrlloop/m_axi_IOMEM_ARREGION' has no fanin or fanout and is left dangling.
               Please use C simulation to confirm this function argument can be read from or written to.
WARNING: [RTGEN 206-101] Setting dangling out port 'ctrlloop/m_axi_IOMEM_ARREGION' to 0.
WARNING: [RTGEN 206-101] Port 'ctrlloop/m_axi_IOMEM_ARUSER' has no fanin or fanout and is left dangling.
               Please use C simulation to confirm this function argument can be read from or written to.
WARNING: [RTGEN 206-101] Setting dangling out port 'ctrlloop/m_axi_IOMEM_ARUSER' to 0.
WARNING: [RTGEN 206-101] Port 'ctrlloop/m_axi_IOMEM_RVALID' has no fanin or fanout and is left dangling.
               Please use C simulation to confirm this function argument can be read from or written to.
WARNING: [RTGEN 206-101] Port 'ctrlloop/m_axi_IOMEM_RREADY' has no fanin or fanout and is left dangling.
               Please use C simulation to confirm this function argument can be read from or written to.
WARNING: [RTGEN 206-101] Setting dangling out port 'ctrlloop/m_axi_IOMEM_RREADY' to 0.
WARNING: [RTGEN 206-101] Port 'ctrlloop/m_axi_IOMEM_RDATA' has no fanin or fanout and is left dangling.
               Please use C simulation to confirm this function argument can be read from or written to.
WARNING: [RTGEN 206-101] Port 'ctrlloop/m_axi_IOMEM_RLAST' has no fanin or fanout and is left dangling.
               Please use C simulation to confirm this function argument can be read from or written to.
WARNING: [RTGEN 206-101] Port 'ctrlloop/m_axi_IOMEM_RID' has no fanin or fanout and is left dangling.
               Please use C simulation to confirm this function argument can be read from or written to.
WARNING: [RTGEN 206-101] Port 'ctrlloop/m_axi_IOMEM_RUSER' has no fanin or fanout and is left dangling.
               Please use C simulation to confirm this function argument can be read from or written to.
WARNING: [RTGEN 206-101] Port 'ctrlloop/m_axi_IOMEM_RRESP' has no fanin or fanout and is left dangling.
               Please use C simulation to confirm this function argument can be read from or written to.
WARNING: [RTGEN 206-101] Port 'ctrlloop/m_axi_IOMEM_BVALID' has no fanin or fanout and is left dangling.
               Please use C simulation to confirm this function argument can be read from or written to.
WARNING: [RTGEN 206-101] Port 'ctrlloop/m_axi_IOMEM_BREADY' has no fanin or fanout and is left dangling.
               Please use C simulation to confirm this function argument can be read from or written to.
WARNING: [RTGEN 206-101] Setting dangling out port 'ctrlloop/m_axi_IOMEM_BREADY' to 0.
WARNING: [RTGEN 206-101] Port 'ctrlloop/m_axi_IOMEM_BRESP' has no fanin or fanout and is left dangling.
               Please use C simulation to confirm this function argument can be read from or written to.
WARNING: [RTGEN 206-101] Port 'ctrlloop/m_axi_IOMEM_BID' has no fanin or fanout and is left dangling.
               Please use C simulation to confirm this function argument can be read from or written to.
WARNING: [RTGEN 206-101] Port 'ctrlloop/m_axi_IOMEM_BUSER' has no fanin or fanout and is left dangling.
               Please use C simulation to confirm this function argument can be read from or written to.
WARNING: [RTGEN 206-101] Port 'ctrlloop/interrupt_V' has no fanin or fanout and is left dangling.
               Please use C simulation to confirm this function argument can be read from or written to.
INFO: [RTGEN 206-100] Finished creating RTL model for 'ctrlloop'.
INFO: [HLS 200-111]  Elapsed time: 0.12 seconds; current allocated memory: 86.730 MB.
INFO: [HLS 200-111] Finished generating all RTL models Time (s): cpu = 00:01:34 ; elapsed = 00:00:39 . Memory (MB): peak = 488.184 ; gain = 141.621 ; free physical = 196482 ; free virtual = 509407
INFO: [SYSC 207-301] Generating SystemC RTL for ctrlloop.
INFO: [VHDL 208-304] Generating VHDL RTL for ctrlloop.
INFO: [VLOG 209-307] Generating Verilog RTL for ctrlloop.
INFO: [IMPL 213-8] Exporting RTL as a Vivado IP.
INFO: [HLS 200-112] Total elapsed time: 69.65 seconds; peak allocated memory: 86.730 MB.
