Copyright 1986-2017 Xilinx, Inc. All Rights Reserved.
---------------------------------------------------------------------------------------------
| Tool Version : Vivado v.2017.4 (lin64) Build 2086221 Fri Dec 15 20:54:30 MST 2017
| Date         : Tue Aug 21 09:49:19 2018
| Host         : fabricant running 64-bit Linux Mint 18 Sarah
| Command      : report_control_sets -verbose -file iicComm3_wrapper_control_sets_placed.rpt
| Design       : iicComm3_wrapper
| Device       : xc7z020
---------------------------------------------------------------------------------------------

Control Set Information

Table of Contents
-----------------
1. Summary
2. Flip-Flop Distribution
3. Detailed Control Set Information

1. Summary
----------

+----------------------------------------------------------+-------+
|                          Status                          | Count |
+----------------------------------------------------------+-------+
| Number of unique control sets                            |   155 |
| Unused register locations in slices containing registers |   418 |
+----------------------------------------------------------+-------+


2. Flip-Flop Distribution
-------------------------

+--------------+-----------------------+------------------------+-----------------+--------------+
| Clock Enable | Synchronous Set/Reset | Asynchronous Set/Reset | Total Registers | Total Slices |
+--------------+-----------------------+------------------------+-----------------+--------------+
| No           | No                    | No                     |             234 |           89 |
| No           | No                    | Yes                    |               0 |            0 |
| No           | Yes                   | No                     |             392 |          143 |
| Yes          | No                    | No                     |            1377 |          328 |
| Yes          | No                    | Yes                    |               0 |            0 |
| Yes          | Yes                   | No                     |            1099 |          323 |
+--------------+-----------------------+------------------------+-----------------+--------------+


3. Detailed Control Set Information
-----------------------------------

+-------------------------------------------------+----------------------------------------------------------------------------------------------------------------------------------------------------------------+------------------------------------------------------------------------------------------------------------------------------------------+------------------+----------------+
|                   Clock Signal                  |                                                                          Enable Signal                                                                         |                                                             Set/Reset Signal                                                             | Slice Load Count | Bel Load Count |
+-------------------------------------------------+----------------------------------------------------------------------------------------------------------------------------------------------------------------+------------------------------------------------------------------------------------------------------------------------------------------+------------------+----------------+
|  iicComm3_i/processing_system7_0/inst/FCLK_CLK0 | iicComm3_i/iiccomm3_0/inst/iiccomm3_iic_m_axi_U/bus_write/bus_equal_gen.fifo_burst/E[0]                                                                        | iicComm3_i/iiccomm3_0/inst/iiccomm3_iic_m_axi_U/bus_read/buff_rdata/SR[0]                                                                |                1 |              1 |
|  iicComm3_i/processing_system7_0/inst/FCLK_CLK0 | iicComm3_i/ps7_0_axi_periph/s01_couplers/auto_pc/inst/gen_axilite.gen_b2s_conv.axilite_b2s/RD.r_channel_0/r_push_r                                             |                                                                                                                                          |                1 |              1 |
|  iicComm3_i/processing_system7_0/inst/FCLK_CLK0 | iicComm3_i/axi_iic_0/U0/X_IIC/REG_INTERFACE_I/p_3_in                                                                                                           | iicComm3_i/axi_iic_0/U0/X_IIC/REG_INTERFACE_I/Tx_fifo_rst                                                                                |                1 |              1 |
|  iicComm3_i/processing_system7_0/inst/FCLK_CLK0 | iicComm3_i/ps7_0_axi_periph/s00_couplers/auto_pc/inst/gen_axilite.gen_b2s_conv.axilite_b2s/WR.b_channel_0/bid_fifo_0/bresp_push                                |                                                                                                                                          |                1 |              2 |
|  iicComm3_i/processing_system7_0/inst/FCLK_CLK0 | iicComm3_i/iiccomm3_0/inst/iiccomm3_iic_m_axi_U/bus_write/fifo_resp/pop0                                                                                       | iicComm3_i/iiccomm3_0/inst/iiccomm3_iic_m_axi_U/bus_read/buff_rdata/SR[0]                                                                |                1 |              2 |
|  iicComm3_i/processing_system7_0/inst/FCLK_CLK0 | iicComm3_i/axi_iic_0/U0/X_IIC/WRITE_FIFO_CTRL_I/CI                                                                                                             |                                                                                                                                          |                1 |              2 |
|  iicComm3_i/processing_system7_0/inst/FCLK_CLK0 | iicComm3_i/iiccomm3_0/inst/iiccomm3_iic_m_axi_U/bus_write/fifo_resp/push                                                                                       |                                                                                                                                          |                1 |              2 |
|  iicComm3_i/processing_system7_0/inst/FCLK_CLK0 | iicComm3_i/iiccomm3_0/inst/iiccomm3_iic_m_axi_U/bus_write/fifo_wreq/align_len_reg[31][0]                                                                       | iicComm3_i/iiccomm3_0/inst/iiccomm3_iic_m_axi_U/bus_write/fifo_wreq/align_len_reg[31]_3[0]                                               |                1 |              2 |
|  iicComm3_i/processing_system7_0/inst/FCLK_CLK0 | iicComm3_i/axi_iic_0/U0/X_IIC/IIC_CONTROL_I/BITCNT/q_int[0]_i_1__0_n_0                                                                                         | iicComm3_i/axi_iic_0/U0/X_IIC/REG_INTERFACE_I/SR[0]                                                                                      |                1 |              4 |
|  iicComm3_i/processing_system7_0/inst/FCLK_CLK0 | iicComm3_i/iiccomm3_0/inst/iiccomm3_iic_m_axi_U/bus_write/fifo_resp/pout[3]_i_1_n_0                                                                            | iicComm3_i/iiccomm3_0/inst/iiccomm3_iic_m_axi_U/bus_read/buff_rdata/SR[0]                                                                |                2 |              4 |
|  iicComm3_i/processing_system7_0/inst/FCLK_CLK0 | iicComm3_i/iiccomm3_0/inst/iiccomm3_iic_m_axi_U/bus_write/fifo_resp/push_1                                                                                     |                                                                                                                                          |                1 |              4 |
|  iicComm3_i/processing_system7_0/inst/FCLK_CLK0 | iicComm3_i/axi_iic_0/U0/X_IIC/WRITE_FIFO_CTRL_I/Addr_Counters[0].FDRE_I_0                                                                                      | iicComm3_i/axi_iic_0/U0/X_IIC/REG_INTERFACE_I/Tx_fifo_rst                                                                                |                1 |              4 |
|  iicComm3_i/processing_system7_0/inst/FCLK_CLK0 |                                                                                                                                                                | iicComm3_i/ps7_0_axi_periph/s01_couplers/auto_pc/inst/gen_axilite.gen_b2s_conv.axilite_b2s/SI_REG/aw.aw_pipe/s_ready_i_reg_0             |                2 |              4 |
|  iicComm3_i/processing_system7_0/inst/FCLK_CLK0 | iicComm3_i/axi_iic_0/U0/X_IIC/IIC_CONTROL_I/FSM_sequential_scl_state[3]_i_2_n_0                                                                                | iicComm3_i/axi_iic_0/U0/X_IIC/REG_INTERFACE_I/SR[0]                                                                                      |                4 |              4 |
|  iicComm3_i/processing_system7_0/inst/FCLK_CLK0 | iicComm3_i/axi_iic_0/U0/X_IIC/READ_FIFO_I/Rc_Data_Exists                                                                                                       | iicComm3_i/axi_iic_0/U0/X_IIC/X_AXI_IPIF_SSP1/X_SOFT_RESET/SR[0]                                                                         |                1 |              4 |
|  iicComm3_i/processing_system7_0/inst/FCLK_CLK0 | iicComm3_i/axi_iic_0/U0/X_IIC/X_AXI_IPIF_SSP1/AXI_LITE_IPIF_I/I_SLAVE_ATTACHMENT/I_DECODER/Bus2IIC_WrCE[8]                                                     | iicComm3_i/axi_iic_0/U0/X_IIC/X_AXI_IPIF_SSP1/X_SOFT_RESET/SR[0]                                                                         |                1 |              4 |
|  iicComm3_i/processing_system7_0/inst/FCLK_CLK0 | iicComm3_i/axi_iic_0/U0/X_IIC/WRITE_FIFO_I/Tx_data_exists                                                                                                      | iicComm3_i/axi_iic_0/U0/X_IIC/REG_INTERFACE_I/Tx_fifo_rst                                                                                |                1 |              4 |
|  iicComm3_i/processing_system7_0/inst/FCLK_CLK0 |                                                                                                                                                                | iicComm3_i/ps7_0_axi_periph/s01_couplers/auto_pc/inst/gen_axilite.gen_b2s_conv.axilite_b2s/SI_REG/ar.ar_pipe/m_valid_i_reg_0             |                2 |              4 |
|  iicComm3_i/processing_system7_0/inst/FCLK_CLK0 |                                                                                                                                                                | iicComm3_i/ps7_0_axi_periph/s00_couplers/auto_pc/inst/gen_axilite.gen_b2s_conv.axilite_b2s/SI_REG/aw.aw_pipe/s_ready_i_reg_0             |                2 |              4 |
|  iicComm3_i/processing_system7_0/inst/FCLK_CLK0 |                                                                                                                                                                | iicComm3_i/ps7_0_axi_periph/s00_couplers/auto_pc/inst/gen_axilite.gen_b2s_conv.axilite_b2s/SI_REG/ar.ar_pipe/m_valid_i_reg_0             |                3 |              4 |
|  iicComm3_i/processing_system7_0/inst/FCLK_CLK0 | iicComm3_i/iiccomm3_0/inst/iiccomm3_iic_m_axi_U/bus_read/fifo_rctl/sect_addr_buf_reg[2]_0[0]                                                                   | iicComm3_i/iiccomm3_0/inst/iiccomm3_iic_m_axi_U/bus_read/fifo_rctl/sect_addr_buf_reg[2][0]                                               |                2 |              4 |
|  iicComm3_i/processing_system7_0/inst/FCLK_CLK0 |                                                                                                                                                                | iicComm3_i/ps7_0_axi_periph/xbar/inst/gen_sasd.crossbar_sasd_0/addr_arbiter_inst/s_arvalid_reg                                           |                1 |              4 |
|  iicComm3_i/processing_system7_0/inst/FCLK_CLK0 | iicComm3_i/iiccomm3_0/inst/iiccomm3_iic_m_axi_U/bus_read/fifo_rctl/pout[3]_i_1__0_n_0                                                                          | iicComm3_i/iiccomm3_0/inst/iiccomm3_iic_m_axi_U/bus_read/buff_rdata/SR[0]                                                                |                2 |              4 |
|  iicComm3_i/processing_system7_0/inst/FCLK_CLK0 | iicComm3_i/iiccomm3_0/inst/iiccomm3_iic_m_axi_U/bus_read/fifo_rctl/could_multi_bursts.arlen_buf_reg[0]_0                                                       | iicComm3_i/iiccomm3_0/inst/iiccomm3_iic_m_axi_U/bus_read/buff_rdata/SR[0]                                                                |                1 |              4 |
|  iicComm3_i/processing_system7_0/inst/FCLK_CLK0 | iicComm3_i/ps7_0_axi_periph/xbar/inst/gen_sasd.crossbar_sasd_0/addr_arbiter_inst/m_grant_enc_i                                                                 | iicComm3_i/ps7_0_axi_periph/xbar/inst/gen_sasd.crossbar_sasd_0/addr_arbiter_inst/SR[0]                                                   |                2 |              4 |
|  iicComm3_i/processing_system7_0/inst/FCLK_CLK0 |                                                                                                                                                                | iicComm3_i/axi_iic_0/U0/X_IIC/X_AXI_IPIF_SSP1/AXI_LITE_IPIF_I/I_SLAVE_ATTACHMENT/INCLUDE_DPHASE_TIMER.dpto_cnt[3]_i_1_n_0                |                1 |              4 |
|  iicComm3_i/processing_system7_0/inst/FCLK_CLK0 | iicComm3_i/ps7_0_axi_periph/s00_couplers/auto_pc/inst/gen_axilite.gen_b2s_conv.axilite_b2s/RD.ar_channel_0/ar_cmd_fsm_0/axlen_cnt_reg[4][0]                    | iicComm3_i/ps7_0_axi_periph/s00_couplers/auto_pc/inst/gen_axilite.gen_b2s_conv.axilite_b2s/RD.ar_channel_0/ar_cmd_fsm_0/axlen_cnt_reg[7] |                1 |              4 |
|  iicComm3_i/processing_system7_0/inst/FCLK_CLK0 | iicComm3_i/ps7_0_axi_periph/s00_couplers/auto_pc/inst/gen_axilite.gen_b2s_conv.axilite_b2s/WR.aw_channel_0/aw_cmd_fsm_0/E[0]                                   | iicComm3_i/ps7_0_axi_periph/s00_couplers/auto_pc/inst/gen_axilite.gen_b2s_conv.axilite_b2s/WR.aw_channel_0/aw_cmd_fsm_0/axlen_cnt_reg[7] |                2 |              4 |
|  iicComm3_i/processing_system7_0/inst/FCLK_CLK0 | iicComm3_i/ps7_0_axi_periph/s01_couplers/auto_pc/inst/gen_axilite.gen_b2s_conv.axilite_b2s/WR.aw_channel_0/aw_cmd_fsm_0/b_push                                 |                                                                                                                                          |                1 |              4 |
|  iicComm3_i/processing_system7_0/inst/FCLK_CLK0 |                                                                                                                                                                | iicComm3_i/rst_ps7_0_100M/U0/EXT_LPF/lpf_int                                                                                             |                3 |              5 |
|  iicComm3_i/processing_system7_0/inst/FCLK_CLK0 | iicComm3_i/iiccomm3_0/inst/iiccomm3_iic_m_axi_U/bus_write/bus_equal_gen.fifo_burst/pop0                                                                        | iicComm3_i/iiccomm3_0/inst/iiccomm3_iic_m_axi_U/bus_read/buff_rdata/SR[0]                                                                |                2 |              5 |
|  iicComm3_i/processing_system7_0/inst/FCLK_CLK0 | iicComm3_i/iiccomm3_0/inst/iiccomm3_iic_m_axi_U/bus_write/buff_wdata/ap_CS_fsm_reg[45]                                                                         | iicComm3_i/iiccomm3_0/inst/iiccomm3_iic_m_axi_U/bus_read/buff_rdata/SR[0]                                                                |                1 |              5 |
|  iicComm3_i/processing_system7_0/inst/FCLK_CLK0 | iicComm3_i/iiccomm3_0/inst/iiccomm3_iic_m_axi_U/bus_write/fifo_wreq/align_len_reg[31][0]                                                                       | iicComm3_i/iiccomm3_0/inst/iiccomm3_iic_m_axi_U/bus_read/buff_rdata/SR[0]                                                                |                1 |              5 |
|  iicComm3_i/processing_system7_0/inst/FCLK_CLK0 | iicComm3_i/axi_iic_0/U0/X_IIC/X_AXI_IPIF_SSP1/AXI_LITE_IPIF_I/I_SLAVE_ATTACHMENT/I_DECODER/Bus2IIC_WrCE[11]                                                    | iicComm3_i/axi_iic_0/U0/X_IIC/X_AXI_IPIF_SSP1/X_SOFT_RESET/SR[0]                                                                         |                2 |              5 |
|  iicComm3_i/processing_system7_0/inst/FCLK_CLK0 | iicComm3_i/iiccomm3_0/inst/iiccomm3_iic_m_axi_U/bus_write/fifo_wreq/push_0                                                                                     |                                                                                                                                          |                2 |              6 |
|  iicComm3_i/processing_system7_0/inst/FCLK_CLK0 |                                                                                                                                                                | iicComm3_i/axi_iic_0/U0/X_IIC/X_AXI_IPIF_SSP1/X_SOFT_RESET/AXI_Bus2IP_Reset                                                              |                2 |              6 |
|  iicComm3_i/processing_system7_0/inst/FCLK_CLK0 | iicComm3_i/iiccomm3_0/inst/iiccomm3_iic_m_axi_U/bus_write/fifo_resp/push                                                                                       | iicComm3_i/iiccomm3_0/inst/iiccomm3_iic_m_axi_U/bus_write/fifo_resp/could_multi_bursts.loop_cnt_reg[5][0]                                |                2 |              6 |
|  iicComm3_i/processing_system7_0/inst/FCLK_CLK0 |                                                                                                                                                                | iicComm3_i/axi_iic_0/U0/X_IIC/REG_INTERFACE_I/Tx_fifo_rst                                                                                |                4 |              6 |
|  iicComm3_i/processing_system7_0/inst/FCLK_CLK0 | iicComm3_i/ps7_0_axi_periph/s01_mmu/inst/gen_write.w_cnt[5]_i_1_n_0                                                                                            | iicComm3_i/ps7_0_axi_periph/s01_mmu/inst/register_slice_inst/ar.ar_pipe/m_valid_i_reg_0                                                  |                2 |              6 |
|  iicComm3_i/processing_system7_0/inst/FCLK_CLK0 | iicComm3_i/ps7_0_axi_periph/s01_mmu/inst/register_slice_inst/aw.aw_pipe/E[0]                                                                                   | iicComm3_i/ps7_0_axi_periph/s01_mmu/inst/register_slice_inst/ar.ar_pipe/m_valid_i_reg_0                                                  |                2 |              6 |
|  iicComm3_i/processing_system7_0/inst/FCLK_CLK0 | iicComm3_i/rst_ps7_0_100M/U0/SEQ/seq_cnt_en                                                                                                                    | iicComm3_i/rst_ps7_0_100M/U0/SEQ/SEQ_COUNTER/clear                                                                                       |                1 |              6 |
|  iicComm3_i/processing_system7_0/inst/FCLK_CLK0 | iicComm3_i/ps7_0_axi_periph/s01_mmu/inst/register_slice_inst/ar.ar_pipe/gen_read.ar_cnt_reg[5][0]                                                              | iicComm3_i/ps7_0_axi_periph/s01_mmu/inst/register_slice_inst/ar.ar_pipe/m_valid_i_reg_0                                                  |                3 |              6 |
|  iicComm3_i/processing_system7_0/inst/FCLK_CLK0 | iicComm3_i/iiccomm3_0/inst/iiccomm3_iic_m_axi_U/bus_write/buff_wdata/ap_CS_fsm_reg[40]                                                                         | iicComm3_i/iiccomm3_0/inst/iiccomm3_iic_m_axi_U/bus_read/buff_rdata/SR[0]                                                                |                3 |              6 |
|  iicComm3_i/processing_system7_0/inst/FCLK_CLK0 | iicComm3_i/iiccomm3_0/inst/iiccomm3_iic_m_axi_U/bus_read/fifo_rctl/push                                                                                        | iicComm3_i/iiccomm3_0/inst/iiccomm3_iic_m_axi_U/bus_read/fifo_rctl/could_multi_bursts.loop_cnt_reg[5][0]                                 |                2 |              6 |
|  iicComm3_i/processing_system7_0/inst/FCLK_CLK0 | iicComm3_i/axi_iic_0/U0/X_IIC/IIC_CONTROL_I/BITCNT/E[0]                                                                                                        | iicComm3_i/axi_iic_0/U0/X_IIC/IIC_CONTROL_I/state0                                                                                       |                5 |              7 |
|  iicComm3_i/processing_system7_0/inst/FCLK_CLK0 | iicComm3_i/iiccomm3_0/inst/iiccomm3_iic_m_axi_U/bus_write/fifo_resp/empty_n_reg_0[0]                                                                           | iicComm3_i/iiccomm3_0/inst/iiccomm3_iic_m_axi_U/bus_read/buff_rdata/SR[0]                                                                |                3 |              7 |
|  iicComm3_i/processing_system7_0/inst/FCLK_CLK0 | iicComm3_i/iiccomm3_0/inst/iiccomm3_iic_m_axi_U/bus_read/fifo_rreq/push                                                                                        |                                                                                                                                          |                2 |              7 |
|  iicComm3_i/processing_system7_0/inst/FCLK_CLK0 | iicComm3_i/iiccomm3_0/inst/iiccomm3_AXILiteS_s_axi_U/waddr                                                                                                     |                                                                                                                                          |                1 |              7 |
|  iicComm3_i/processing_system7_0/inst/FCLK_CLK0 | iicComm3_i/axi_iic_0/U0/X_IIC/X_AXI_IPIF_SSP1/AXI_LITE_IPIF_I/I_SLAVE_ATTACHMENT/I_DECODER/Bus2IIC_WrCE[9]                                                     | iicComm3_i/axi_iic_0/U0/X_IIC/X_AXI_IPIF_SSP1/X_SOFT_RESET/SR[0]                                                                         |                2 |              7 |
|  iicComm3_i/processing_system7_0/inst/FCLK_CLK0 | iicComm3_i/iiccomm3_0/inst/iiccomm3_iic_m_axi_U/bus_read/fifo_rctl/E[0]                                                                                        | iicComm3_i/iiccomm3_0/inst/iiccomm3_iic_m_axi_U/bus_read/buff_rdata/SR[0]                                                                |                3 |              8 |
|  iicComm3_i/processing_system7_0/inst/FCLK_CLK0 | iicComm3_i/ps7_0_axi_periph/s01_couplers/auto_pc/inst/gen_axilite.gen_b2s_conv.axilite_b2s/WR.b_channel_0/mhandshake_r                                         | iicComm3_i/ps7_0_axi_periph/s01_couplers/auto_pc/inst/gen_axilite.gen_b2s_conv.axilite_b2s/WR.b_channel_0/bid_fifo_0/SR[0]               |                2 |              8 |
|  iicComm3_i/processing_system7_0/inst/FCLK_CLK0 | iicComm3_i/iiccomm3_0/inst/iiccomm3_iic_m_axi_U/bus_read/fifo_rreq/start_addr_reg[2][0]                                                                        | iicComm3_i/iiccomm3_0/inst/iiccomm3_iic_m_axi_U/bus_read/buff_rdata/SR[0]                                                                |                2 |              8 |
|  iicComm3_i/processing_system7_0/inst/FCLK_CLK0 | iicComm3_i/iiccomm3_0/inst/iiccomm3_iic_m_axi_U/bus_read/buff_rdata/usedw[7]_i_1__0_n_0                                                                        | iicComm3_i/iiccomm3_0/inst/iiccomm3_iic_m_axi_U/bus_read/buff_rdata/SR[0]                                                                |                2 |              8 |
|  iicComm3_i/processing_system7_0/inst/FCLK_CLK0 | iicComm3_i/iiccomm3_0/inst/iiccomm3_iic_m_axi_U/bus_write/buff_wdata/usedw[7]_i_1_n_0                                                                          | iicComm3_i/iiccomm3_0/inst/iiccomm3_iic_m_axi_U/bus_read/buff_rdata/SR[0]                                                                |                3 |              8 |
|  iicComm3_i/processing_system7_0/inst/FCLK_CLK0 | iicComm3_i/iiccomm3_0/inst/iiccomm3_iic_m_axi_U/bus_write/bus_equal_gen.fifo_burst/E[0]                                                                        | iicComm3_i/iiccomm3_0/inst/iiccomm3_iic_m_axi_U/bus_write/bus_equal_gen.fifo_burst/bus_equal_gen.len_cnt_reg[0][0]                       |                3 |              8 |
|  iicComm3_i/processing_system7_0/inst/FCLK_CLK0 | iicComm3_i/ps7_0_axi_periph/s01_couplers/auto_pc/inst/gen_axilite.gen_b2s_conv.axilite_b2s/RD.ar_channel_0/ar_cmd_fsm_0/axaddr_wrap_reg[11][0]                 |                                                                                                                                          |                3 |              8 |
|  iicComm3_i/processing_system7_0/inst/FCLK_CLK0 |                                                                                                                                                                | iicComm3_i/axi_iic_0/U0/X_IIC/X_AXI_IPIF_SSP1/AXI_LITE_IPIF_I/I_SLAVE_ATTACHMENT/rst                                                     |                4 |              8 |
|  iicComm3_i/processing_system7_0/inst/FCLK_CLK0 | iicComm3_i/ps7_0_axi_periph/s00_couplers/auto_pc/inst/gen_axilite.gen_b2s_conv.axilite_b2s/WR.b_channel_0/mhandshake_r                                         | iicComm3_i/ps7_0_axi_periph/s00_couplers/auto_pc/inst/gen_axilite.gen_b2s_conv.axilite_b2s/WR.b_channel_0/bid_fifo_0/SR[0]               |                2 |              8 |
|  iicComm3_i/processing_system7_0/inst/FCLK_CLK0 | iicComm3_i/iiccomm3_0/inst/iiccomm3_iic_m_axi_U/bus_write/fifo_resp_to_user/ap_CS_fsm_reg[29]                                                                  | iicComm3_i/iiccomm3_0/inst/iiccomm3_iic_m_axi_U/bus_read/buff_rdata/SR[0]                                                                |                1 |              8 |
|  iicComm3_i/processing_system7_0/inst/FCLK_CLK0 | iicComm3_i/ps7_0_axi_periph/s01_couplers/auto_pc/inst/gen_axilite.gen_b2s_conv.axilite_b2s/WR.aw_channel_0/aw_cmd_fsm_0/axaddr_wrap_reg[0][0]                  |                                                                                                                                          |                3 |              8 |
|  iicComm3_i/processing_system7_0/inst/FCLK_CLK0 | iicComm3_i/iiccomm3_0/inst/iiccomm3_iic_m_axi_U/bus_write/E[0]                                                                                                 | iicComm3_i/iiccomm3_0/inst/iiccomm3_iic_m_axi_U/bus_read/buff_rdata/SR[0]                                                                |                3 |              8 |
|  iicComm3_i/processing_system7_0/inst/FCLK_CLK0 | iicComm3_i/axi_iic_0/U0/X_IIC/IIC_CONTROL_I/i2c_header_en                                                                                                      | iicComm3_i/axi_iic_0/U0/X_IIC/REG_INTERFACE_I/SR[0]                                                                                      |                2 |              8 |
|  iicComm3_i/processing_system7_0/inst/FCLK_CLK0 | iicComm3_i/axi_iic_0/U0/X_IIC/X_AXI_IPIF_SSP1/AXI_LITE_IPIF_I/I_SLAVE_ATTACHMENT/I_DECODER/E[0]                                                                | iicComm3_i/axi_iic_0/U0/X_IIC/X_AXI_IPIF_SSP1/X_SOFT_RESET/SR[0]                                                                         |                1 |              8 |
|  iicComm3_i/processing_system7_0/inst/FCLK_CLK0 | iicComm3_i/axi_iic_0/U0/X_IIC/WRITE_FIFO_I/CI                                                                                                                  |                                                                                                                                          |                1 |              8 |
|  iicComm3_i/processing_system7_0/inst/FCLK_CLK0 | iicComm3_i/axi_iic_0/U0/X_IIC/IIC_CONTROL_I/data_i2c_i0                                                                                                        | iicComm3_i/axi_iic_0/U0/X_IIC/REG_INTERFACE_I/SR[0]                                                                                      |                1 |              8 |
|  iicComm3_i/processing_system7_0/inst/FCLK_CLK0 | iicComm3_i/axi_iic_0/U0/X_IIC/DYN_MASTER_I/rdByteCntr[0]_i_1_n_0                                                                                               | iicComm3_i/axi_iic_0/U0/X_IIC/REG_INTERFACE_I/Tx_fifo_rst                                                                                |                2 |              8 |
|  iicComm3_i/processing_system7_0/inst/FCLK_CLK0 | iicComm3_i/axi_iic_0/U0/X_IIC/IIC_CONTROL_I/I2CDATA_REG/data_int[7]_i_1_n_0                                                                                    | iicComm3_i/axi_iic_0/U0/X_IIC/REG_INTERFACE_I/SR[0]                                                                                      |                2 |              8 |
|  iicComm3_i/processing_system7_0/inst/FCLK_CLK0 | iicComm3_i/axi_iic_0/U0/X_IIC/READ_FIFO_I/CI                                                                                                                   |                                                                                                                                          |                1 |              8 |
|  iicComm3_i/processing_system7_0/inst/FCLK_CLK0 | iicComm3_i/axi_iic_0/U0/X_IIC/X_AXI_IPIF_SSP1/AXI_LITE_IPIF_I/I_SLAVE_ATTACHMENT/I_DECODER/Bus2IIC_WrCE[6]                                                     | iicComm3_i/axi_iic_0/U0/X_IIC/X_AXI_IPIF_SSP1/X_SOFT_RESET/SR[0]                                                                         |                4 |             10 |
|  iicComm3_i/processing_system7_0/inst/FCLK_CLK0 | iicComm3_i/axi_iic_0/U0/X_IIC/X_AXI_IPIF_SSP1/AXI_LITE_IPIF_I/I_SLAVE_ATTACHMENT/I_DECODER/Bus2IIC_WrCE[7]                                                     | iicComm3_i/axi_iic_0/U0/X_IIC/X_AXI_IPIF_SSP1/X_SOFT_RESET/SR[0]                                                                         |                4 |             10 |
|  iicComm3_i/processing_system7_0/inst/FCLK_CLK0 | iicComm3_i/axi_iic_0/U0/X_IIC/IIC_CONTROL_I/SETUP_CNT/q_int[0]_i_1__1_n_0                                                                                      | iicComm3_i/axi_iic_0/U0/X_IIC/REG_INTERFACE_I/SR[0]                                                                                      |                3 |             10 |
|  iicComm3_i/processing_system7_0/inst/FCLK_CLK0 | iicComm3_i/axi_iic_0/U0/X_IIC/X_AXI_IPIF_SSP1/AXI_LITE_IPIF_I/I_SLAVE_ATTACHMENT/I_DECODER/Bus2IIC_WrCE[4]                                                     | iicComm3_i/axi_iic_0/U0/X_IIC/X_AXI_IPIF_SSP1/X_SOFT_RESET/SR[0]                                                                         |                6 |             10 |
|  iicComm3_i/processing_system7_0/inst/FCLK_CLK0 | iicComm3_i/axi_iic_0/U0/X_IIC/IIC_CONTROL_I/CLKCNT/q_int[0]_i_1_n_0                                                                                            | iicComm3_i/axi_iic_0/U0/X_IIC/REG_INTERFACE_I/SR[0]                                                                                      |                2 |             10 |
|  iicComm3_i/processing_system7_0/inst/FCLK_CLK0 | iicComm3_i/axi_iic_0/U0/X_IIC/X_AXI_IPIF_SSP1/AXI_LITE_IPIF_I/I_SLAVE_ATTACHMENT/I_DECODER/Bus2IIC_WrCE[2]                                                     | iicComm3_i/axi_iic_0/U0/X_IIC/X_AXI_IPIF_SSP1/X_SOFT_RESET/SR[0]                                                                         |                3 |             10 |
|  iicComm3_i/processing_system7_0/inst/FCLK_CLK0 | iicComm3_i/iiccomm3_0/inst/iiccomm3_iic_m_axi_U/bus_read/fifo_rctl/sect_len_buf_reg[9]_0                                                                       | iicComm3_i/iiccomm3_0/inst/iiccomm3_iic_m_axi_U/bus_read/buff_rdata/SR[0]                                                                |                3 |             10 |
|  iicComm3_i/processing_system7_0/inst/FCLK_CLK0 | iicComm3_i/axi_iic_0/U0/X_IIC/X_AXI_IPIF_SSP1/AXI_LITE_IPIF_I/I_SLAVE_ATTACHMENT/I_DECODER/Bus2IIC_WrCE[5]                                                     | iicComm3_i/axi_iic_0/U0/X_IIC/X_AXI_IPIF_SSP1/X_SOFT_RESET/SR[0]                                                                         |                4 |             10 |
|  iicComm3_i/processing_system7_0/inst/FCLK_CLK0 |                                                                                                                                                                | iicComm3_i/ps7_0_axi_periph/xbar/inst/gen_sasd.crossbar_sasd_0/addr_arbiter_inst/SR[0]                                                   |                3 |             10 |
|  iicComm3_i/processing_system7_0/inst/FCLK_CLK0 | iicComm3_i/axi_iic_0/U0/X_IIC/X_AXI_IPIF_SSP1/AXI_LITE_IPIF_I/I_SLAVE_ATTACHMENT/bus2ip_addr_i[8]_i_1_n_0                                                      | iicComm3_i/axi_iic_0/U0/X_IIC/X_AXI_IPIF_SSP1/AXI_LITE_IPIF_I/I_SLAVE_ATTACHMENT/rst                                                     |                2 |             10 |
|  iicComm3_i/processing_system7_0/inst/FCLK_CLK0 | iicComm3_i/axi_iic_0/U0/X_IIC/X_AXI_IPIF_SSP1/AXI_LITE_IPIF_I/I_SLAVE_ATTACHMENT/I_DECODER/Bus2IIC_WrCE[0]                                                     | iicComm3_i/axi_iic_0/U0/X_IIC/X_AXI_IPIF_SSP1/X_SOFT_RESET/SR[0]                                                                         |                3 |             10 |
|  iicComm3_i/processing_system7_0/inst/FCLK_CLK0 | iicComm3_i/iiccomm3_0/inst/iiccomm3_iic_m_axi_U/bus_write/fifo_resp/sect_len_buf_reg[3]                                                                        | iicComm3_i/iiccomm3_0/inst/iiccomm3_iic_m_axi_U/bus_read/buff_rdata/SR[0]                                                                |                4 |             10 |
|  iicComm3_i/processing_system7_0/inst/FCLK_CLK0 | iicComm3_i/axi_iic_0/U0/X_IIC/X_AXI_IPIF_SSP1/AXI_LITE_IPIF_I/I_SLAVE_ATTACHMENT/I_DECODER/Bus2IIC_WrCE[1]                                                     | iicComm3_i/axi_iic_0/U0/X_IIC/X_AXI_IPIF_SSP1/X_SOFT_RESET/SR[0]                                                                         |                4 |             10 |
|  iicComm3_i/processing_system7_0/inst/FCLK_CLK0 | iicComm3_i/axi_iic_0/U0/X_IIC/X_AXI_IPIF_SSP1/AXI_LITE_IPIF_I/I_SLAVE_ATTACHMENT/I_DECODER/Bus2IIC_WrCE[3]                                                     | iicComm3_i/axi_iic_0/U0/X_IIC/X_AXI_IPIF_SSP1/X_SOFT_RESET/SR[0]                                                                         |                2 |             10 |
|  iicComm3_i/processing_system7_0/inst/FCLK_CLK0 | iicComm3_i/iiccomm3_0/inst/iiccomm3_iic_m_axi_U/bus_write/bus_equal_gen.fifo_burst/E[0]                                                                        |                                                                                                                                          |                3 |             11 |
|  iicComm3_i/processing_system7_0/inst/FCLK_CLK0 | iicComm3_i/iiccomm3_0/inst/iiccomm3_iic_m_axi_U/bus_write/buff_wdata/pop                                                                                       | iicComm3_i/iiccomm3_0/inst/iiccomm3_iic_m_axi_U/bus_read/buff_rdata/SR[0]                                                                |                5 |             12 |
|  iicComm3_i/processing_system7_0/inst/FCLK_CLK0 | iicComm3_i/axi_iic_0/U0/X_IIC/X_AXI_IPIF_SSP1/AXI_LITE_IPIF_I/I_SLAVE_ATTACHMENT/s_axi_rdata_i                                                                 | iicComm3_i/axi_iic_0/U0/X_IIC/X_AXI_IPIF_SSP1/AXI_LITE_IPIF_I/I_SLAVE_ATTACHMENT/rst                                                     |                5 |             12 |
|  iicComm3_i/processing_system7_0/inst/FCLK_CLK0 | iicComm3_i/ps7_0_axi_periph/s01_couplers/auto_pc/inst/gen_axilite.gen_b2s_conv.axilite_b2s/RD.ar_channel_0/ar_cmd_fsm_0/axaddr_incr_reg[0][0]                  |                                                                                                                                          |                3 |             12 |
|  iicComm3_i/processing_system7_0/inst/FCLK_CLK0 | iicComm3_i/ps7_0_axi_periph/s01_couplers/auto_pc/inst/gen_axilite.gen_b2s_conv.axilite_b2s/WR.aw_channel_0/cmd_translator_0/incr_cmd_0/axaddr_incr[11]_i_1_n_0 |                                                                                                                                          |                2 |             12 |
|  iicComm3_i/processing_system7_0/inst/FCLK_CLK0 | iicComm3_i/ps7_0_axi_periph/s00_couplers/auto_pc/inst/gen_axilite.gen_b2s_conv.axilite_b2s/RD.ar_channel_0/ar_cmd_fsm_0/E[0]                                   |                                                                                                                                          |                5 |             12 |
|  iicComm3_i/processing_system7_0/inst/FCLK_CLK0 | iicComm3_i/ps7_0_axi_periph/s00_couplers/auto_pc/inst/gen_axilite.gen_b2s_conv.axilite_b2s/RD.ar_channel_0/ar_cmd_fsm_0/axaddr_incr_reg[0][0]                  |                                                                                                                                          |                2 |             12 |
|  iicComm3_i/processing_system7_0/inst/FCLK_CLK0 | iicComm3_i/ps7_0_axi_periph/s00_couplers/auto_pc/inst/gen_axilite.gen_b2s_conv.axilite_b2s/WR.aw_channel_0/aw_cmd_fsm_0/wrap_boundary_axaddr_r_reg[0][0]       |                                                                                                                                          |                5 |             12 |
|  iicComm3_i/processing_system7_0/inst/FCLK_CLK0 | iicComm3_i/ps7_0_axi_periph/s00_couplers/auto_pc/inst/gen_axilite.gen_b2s_conv.axilite_b2s/WR.aw_channel_0/cmd_translator_0/incr_cmd_0/axaddr_incr[11]_i_1_n_0 |                                                                                                                                          |                3 |             12 |
|  iicComm3_i/processing_system7_0/inst/FCLK_CLK0 | iicComm3_i/ps7_0_axi_periph/s00_couplers/auto_pc/inst/gen_axilite.gen_b2s_conv.axilite_b2s/RD.r_channel_0/r_push_r                                             |                                                                                                                                          |                4 |             13 |
|  iicComm3_i/processing_system7_0/inst/FCLK_CLK0 |                                                                                                                                                                | iicComm3_i/ps7_0_axi_periph/s01_mmu/inst/register_slice_inst/ar.ar_pipe/m_valid_i_reg_0                                                  |                7 |             13 |
|  iicComm3_i/processing_system7_0/inst/FCLK_CLK0 | iicComm3_i/ps7_0_axi_periph/s00_couplers/auto_pc/inst/gen_axilite.gen_b2s_conv.axilite_b2s/SI_REG/b.b_pipe/p_1_in                                              |                                                                                                                                          |                2 |             14 |
|  iicComm3_i/processing_system7_0/inst/FCLK_CLK0 | iicComm3_i/ps7_0_axi_periph/s00_couplers/auto_pc/inst/gen_axilite.gen_b2s_conv.axilite_b2s/SI_REG/b.b_pipe/skid_buffer_reg[0]_0                                |                                                                                                                                          |                2 |             14 |
|  iicComm3_i/processing_system7_0/inst/FCLK_CLK0 | iicComm3_i/ps7_0_axi_periph/s00_couplers/auto_pc/inst/gen_axilite.gen_b2s_conv.axilite_b2s/WR.aw_channel_0/aw_cmd_fsm_0/b_push                                 |                                                                                                                                          |                3 |             16 |
|  iicComm3_i/processing_system7_0/inst/FCLK_CLK0 | iicComm3_i/iiccomm3_0/inst/iiccomm3_iic_m_axi_U/bus_write/buff_wdata/push_0                                                                                    | iicComm3_i/iiccomm3_0/inst/iiccomm3_iic_m_axi_U/bus_read/buff_rdata/SR[0]                                                                |                5 |             18 |
|  iicComm3_i/processing_system7_0/inst/FCLK_CLK0 | iicComm3_i/iiccomm3_0/inst/ap_NS_fsm129_out                                                                                                                    | iicComm3_i/iiccomm3_0/inst/iiccomm3_iic_m_axi_U/bus_write/fifo_resp_to_user/p_014_0_i9_reg_736                                           |                5 |             19 |
|  iicComm3_i/processing_system7_0/inst/FCLK_CLK0 | iicComm3_i/iiccomm3_0/inst/ap_NS_fsm123_out                                                                                                                    | iicComm3_i/iiccomm3_0/inst/p_014_0_i5_reg_801                                                                                            |                5 |             19 |
|  iicComm3_i/processing_system7_0/inst/FCLK_CLK0 | iicComm3_i/iiccomm3_0/inst/iiccomm3_iic_m_axi_U/bus_write/fifo_resp/E[0]                                                                                       | iicComm3_i/iiccomm3_0/inst/iiccomm3_iic_m_axi_U/bus_read/buff_rdata/SR[0]                                                                |                6 |             20 |
|  iicComm3_i/processing_system7_0/inst/FCLK_CLK0 | iicComm3_i/iiccomm3_0/inst/iiccomm3_iic_m_axi_U/bus_read/fifo_rctl/sect_cnt_reg[0][0]                                                                          | iicComm3_i/iiccomm3_0/inst/iiccomm3_iic_m_axi_U/bus_read/buff_rdata/SR[0]                                                                |                7 |             20 |
|  iicComm3_i/processing_system7_0/inst/FCLK_CLK0 | iicComm3_i/iiccomm3_0/inst/iiccomm3_iic_m_axi_U/bus_read/fifo_rctl/sect_addr_buf_reg[2]_0[0]                                                                   | iicComm3_i/iiccomm3_0/inst/iiccomm3_iic_m_axi_U/bus_read/buff_rdata/SR[0]                                                                |                5 |             20 |
|  iicComm3_i/processing_system7_0/inst/FCLK_CLK0 | iicComm3_i/iiccomm3_0/inst/iiccomm3_iic_m_axi_U/bus_write/fifo_resp/sect_addr_buf_reg[12][0]                                                                   | iicComm3_i/iiccomm3_0/inst/iiccomm3_iic_m_axi_U/bus_read/buff_rdata/SR[0]                                                                |                5 |             20 |
|  iicComm3_i/processing_system7_0/inst/FCLK_CLK0 | iicComm3_i/ps7_0_axi_periph/s00_couplers/auto_pc/inst/gen_axilite.gen_b2s_conv.axilite_b2s/RD.ar_channel_0/ar_cmd_fsm_0/axlen_cnt_reg[4][0]                    |                                                                                                                                          |                9 |             21 |
|  iicComm3_i/processing_system7_0/inst/FCLK_CLK0 | iicComm3_i/ps7_0_axi_periph/s00_couplers/auto_pc/inst/gen_axilite.gen_b2s_conv.axilite_b2s/WR.aw_channel_0/aw_cmd_fsm_0/E[0]                                   |                                                                                                                                          |                8 |             21 |
|  iicComm3_i/processing_system7_0/inst/FCLK_CLK0 | iicComm3_i/axi_iic_0/U0/X_IIC/X_AXI_IPIF_SSP1/AXI_LITE_IPIF_I/I_SLAVE_ATTACHMENT/start2                                                                        | iicComm3_i/axi_iic_0/U0/X_IIC/X_AXI_IPIF_SSP1/AXI_LITE_IPIF_I/I_SLAVE_ATTACHMENT/I_DECODER/cs_ce_clr                                     |                6 |             24 |
|  iicComm3_i/processing_system7_0/inst/FCLK_CLK0 | iicComm3_i/ps7_0_axi_periph/xbar/inst/gen_sasd.crossbar_sasd_0/addr_arbiter_inst/p_0_in                                                                        | iicComm3_i/ps7_0_axi_periph/xbar/inst/gen_sasd.crossbar_sasd_0/addr_arbiter_inst/SR[0]                                                   |               10 |             29 |
|  iicComm3_i/processing_system7_0/inst/FCLK_CLK0 | iicComm3_i/iiccomm3_0/inst/ap_NS_fsm138_out                                                                                                                    | iicComm3_i/iiccomm3_0/inst/iiccomm3_iic_m_axi_U/bus_write/fifo_resp_to_user/p_014_0_i_reg_725                                            |                8 |             29 |
|  iicComm3_i/processing_system7_0/inst/FCLK_CLK0 | iicComm3_i/iiccomm3_0/inst/iiccomm3_iic_m_axi_U/bus_read/fifo_rctl/push                                                                                        | iicComm3_i/iiccomm3_0/inst/iiccomm3_iic_m_axi_U/bus_read/buff_rdata/SR[0]                                                                |                8 |             30 |
|  iicComm3_i/processing_system7_0/inst/FCLK_CLK0 | iicComm3_i/iiccomm3_0/inst/iiccomm3_iic_m_axi_U/bus_read/rs_rdata/iic_addr_13_read_reg_1285_reg[0][0]                                                          |                                                                                                                                          |                9 |             32 |
|  iicComm3_i/processing_system7_0/inst/FCLK_CLK0 | iicComm3_i/iiccomm3_0/inst/iiccomm3_iic_m_axi_U/bus_read/buff_rdata/E[0]                                                                                       |                                                                                                                                          |                5 |             32 |
|  iicComm3_i/processing_system7_0/inst/FCLK_CLK0 | iicComm3_i/iiccomm3_0/inst/iiccomm3_iic_m_axi_U/bus_read/rs_rdata/iic_addr34_read_reg_1275_reg[0][0]                                                           |                                                                                                                                          |                5 |             32 |
|  iicComm3_i/processing_system7_0/inst/FCLK_CLK0 | iicComm3_i/ps7_0_axi_periph/xbar/inst/gen_sasd.crossbar_sasd_0/reg_slice_r/aa_rready                                                                           |                                                                                                                                          |                9 |             32 |
|  iicComm3_i/processing_system7_0/inst/FCLK_CLK0 | iicComm3_i/iiccomm3_0/inst/iiccomm3_iic_m_axi_U/bus_read/rs_rdata/iic_addr_1_read_reg_1270_reg[0][0]                                                           |                                                                                                                                          |                6 |             32 |
|  iicComm3_i/processing_system7_0/inst/FCLK_CLK0 | iicComm3_i/iiccomm3_0/inst/iiccomm3_iic_m_axi_U/bus_read/rs_rdata/load_p2                                                                                      |                                                                                                                                          |                5 |             32 |
|  iicComm3_i/processing_system7_0/inst/FCLK_CLK0 | iicComm3_i/iiccomm3_0/inst/iiccomm3_iic_m_axi_U/bus_read/rs_rdata/load_p1                                                                                      |                                                                                                                                          |                9 |             32 |
|  iicComm3_i/processing_system7_0/inst/FCLK_CLK0 | iicComm3_i/iiccomm3_0/inst/iiccomm3_iic_m_axi_U/bus_read/rs_rdata/ap_CS_fsm_reg[83][0]                                                                         |                                                                                                                                          |                8 |             32 |
|  iicComm3_i/processing_system7_0/inst/FCLK_CLK0 | iicComm3_i/iiccomm3_0/inst/iiccomm3_AXILiteS_s_axi_U/full_pirq_outValue_ap_vld                                                                                 | iicComm3_i/iiccomm3_0/inst/iiccomm3_iic_m_axi_U/bus_read/buff_rdata/SR[0]                                                                |               10 |             32 |
|  iicComm3_i/processing_system7_0/inst/FCLK_CLK0 | iicComm3_i/iiccomm3_0/inst/iiccomm3_AXILiteS_s_axi_U/empty_pirq_outValue_ap_vld                                                                                | iicComm3_i/iiccomm3_0/inst/iiccomm3_iic_m_axi_U/bus_read/buff_rdata/SR[0]                                                                |                6 |             32 |
|  iicComm3_i/processing_system7_0/inst/FCLK_CLK0 | iicComm3_i/iiccomm3_0/inst/iiccomm3_AXILiteS_s_axi_U/ar_hs                                                                                                     |                                                                                                                                          |               23 |             32 |
|  iicComm3_i/processing_system7_0/inst/FCLK_CLK0 | iicComm3_i/iiccomm3_0/inst/iiccomm3_iic_m_axi_U/bus_read/rs_rdata/ap_CS_fsm_reg[83][1]                                                                         |                                                                                                                                          |                7 |             32 |
|  iicComm3_i/processing_system7_0/inst/FCLK_CLK0 | iicComm3_i/iiccomm3_0/inst/iiccomm3_iic_m_axi_U/bus_read/rs_rdata/E[0]                                                                                         |                                                                                                                                          |               11 |             32 |
|  iicComm3_i/processing_system7_0/inst/FCLK_CLK0 | iicComm3_i/iiccomm3_0/inst/ap_CS_fsm_state76                                                                                                                   | iicComm3_i/iiccomm3_0/inst/iiccomm3_iic_m_axi_U/bus_read/buff_rdata/SR[0]                                                                |               10 |             32 |
|  iicComm3_i/processing_system7_0/inst/FCLK_CLK0 | iicComm3_i/iiccomm3_0/inst/iiccomm3_iic_m_axi_U/bus_read/buff_rdata/pop                                                                                        | iicComm3_i/iiccomm3_0/inst/iiccomm3_iic_m_axi_U/bus_read/buff_rdata/SR[0]                                                                |                9 |             33 |
|  iicComm3_i/processing_system7_0/inst/FCLK_CLK0 | iicComm3_i/ps7_0_axi_periph/s01_couplers/auto_pc/inst/gen_axilite.gen_b2s_conv.axilite_b2s/RD.r_channel_0/rd_data_fifo_0/wr_en0                                |                                                                                                                                          |               10 |             34 |
|  iicComm3_i/processing_system7_0/inst/FCLK_CLK0 | iicComm3_i/ps7_0_axi_periph/s00_couplers/auto_pc/inst/gen_axilite.gen_b2s_conv.axilite_b2s/RD.r_channel_0/rd_data_fifo_0/wr_en0                                |                                                                                                                                          |                9 |             34 |
|  iicComm3_i/processing_system7_0/inst/FCLK_CLK0 | iicComm3_i/iiccomm3_0/inst/iiccomm3_iic_m_axi_U/bus_write/fifo_resp/push                                                                                       | iicComm3_i/iiccomm3_0/inst/iiccomm3_iic_m_axi_U/bus_read/buff_rdata/SR[0]                                                                |               10 |             34 |
|  iicComm3_i/processing_system7_0/inst/FCLK_CLK0 | iicComm3_i/ps7_0_axi_periph/xbar/inst/gen_sasd.crossbar_sasd_0/addr_arbiter_inst/E[0]                                                                          |                                                                                                                                          |                9 |             35 |
|  iicComm3_i/processing_system7_0/inst/FCLK_CLK0 | iicComm3_i/ps7_0_axi_periph/s01_couplers/auto_pc/inst/gen_axilite.gen_b2s_conv.axilite_b2s/SI_REG/r.r_pipe/skid_buffer_reg[0]_0                                |                                                                                                                                          |                8 |             35 |
|  iicComm3_i/processing_system7_0/inst/FCLK_CLK0 | iicComm3_i/ps7_0_axi_periph/s01_couplers/auto_pc/inst/gen_axilite.gen_b2s_conv.axilite_b2s/SI_REG/r.r_pipe/p_1_in                                              |                                                                                                                                          |                6 |             35 |
|  iicComm3_i/processing_system7_0/inst/FCLK_CLK0 | iicComm3_i/ps7_0_axi_periph/s01_couplers/auto_pc/inst/gen_axilite.gen_b2s_conv.axilite_b2s/WR.aw_channel_0/aw_cmd_fsm_0/m_payload_i_reg[0][0]                  |                                                                                                                                          |                6 |             36 |
|  iicComm3_i/processing_system7_0/inst/FCLK_CLK0 | iicComm3_i/ps7_0_axi_periph/s01_couplers/auto_pc/inst/gen_axilite.gen_b2s_conv.axilite_b2s/RD.ar_channel_0/ar_cmd_fsm_0/m_payload_i_reg[0]_0[0]                |                                                                                                                                          |                8 |             36 |
|  iicComm3_i/processing_system7_0/inst/FCLK_CLK0 | iicComm3_i/ps7_0_axi_periph/s01_couplers/auto_pc/inst/gen_axilite.gen_b2s_conv.axilite_b2s/SI_REG/ar.ar_pipe/s_axi_arready                                     |                                                                                                                                          |                9 |             36 |
|  iicComm3_i/processing_system7_0/inst/FCLK_CLK0 | iicComm3_i/ps7_0_axi_periph/s01_couplers/auto_pc/inst/gen_axilite.gen_b2s_conv.axilite_b2s/SI_REG/aw.aw_pipe/s_axi_awready                                     |                                                                                                                                          |                7 |             36 |
|  iicComm3_i/processing_system7_0/inst/FCLK_CLK0 | iicComm3_i/ps7_0_axi_periph/s01_mmu/inst/register_slice_inst/aw.aw_pipe/m_payload_i[54]_i_1_n_0                                                                |                                                                                                                                          |               11 |             37 |
|  iicComm3_i/processing_system7_0/inst/FCLK_CLK0 | iicComm3_i/ps7_0_axi_periph/s01_mmu/inst/register_slice_inst/ar.ar_pipe/m_payload_i[54]_i_1__0_n_0                                                             |                                                                                                                                          |                9 |             37 |
|  iicComm3_i/processing_system7_0/inst/FCLK_CLK0 | iicComm3_i/iiccomm3_0/inst/iiccomm3_iic_m_axi_U/bus_write/fifo_resp/next_wreq                                                                                  | iicComm3_i/iiccomm3_0/inst/iiccomm3_iic_m_axi_U/bus_read/buff_rdata/SR[0]                                                                |               11 |             39 |
|  iicComm3_i/processing_system7_0/inst/FCLK_CLK0 |                                                                                                                                                                | iicComm3_i/axi_iic_0/U0/X_IIC/REG_INTERFACE_I/SR[0]                                                                                      |               16 |             40 |
|  iicComm3_i/processing_system7_0/inst/FCLK_CLK0 | iicComm3_i/iiccomm3_0/inst/iiccomm3_iic_m_axi_U/bus_read/fifo_rreq/next_rreq                                                                                   | iicComm3_i/iiccomm3_0/inst/iiccomm3_iic_m_axi_U/bus_read/buff_rdata/SR[0]                                                                |               11 |             41 |
|  iicComm3_i/processing_system7_0/inst/FCLK_CLK0 | iicComm3_i/iiccomm3_0/inst/iiccomm3_iic_m_axi_U/bus_read/buff_rdata/push                                                                                       | iicComm3_i/iiccomm3_0/inst/iiccomm3_iic_m_axi_U/bus_read/buff_rdata/SR[0]                                                                |                8 |             41 |
|  iicComm3_i/processing_system7_0/inst/FCLK_CLK0 |                                                                                                                                                                | iicComm3_i/axi_iic_0/U0/X_IIC/X_AXI_IPIF_SSP1/X_SOFT_RESET/SR[0]                                                                         |               14 |             42 |
|  iicComm3_i/processing_system7_0/inst/FCLK_CLK0 |                                                                                                                                                                | iicComm3_i/ps7_0_axi_periph/s01_couplers/auto_pc/inst/gen_axilite.gen_b2s_conv.axilite_b2s/areset_d1                                     |               14 |             44 |
|  iicComm3_i/processing_system7_0/inst/FCLK_CLK0 | iicComm3_i/ps7_0_axi_periph/s00_couplers/auto_pc/inst/gen_axilite.gen_b2s_conv.axilite_b2s/SI_REG/r.r_pipe/skid_buffer_reg[0]_0                                |                                                                                                                                          |                8 |             47 |
|  iicComm3_i/processing_system7_0/inst/FCLK_CLK0 | iicComm3_i/ps7_0_axi_periph/s00_couplers/auto_pc/inst/gen_axilite.gen_b2s_conv.axilite_b2s/SI_REG/r.r_pipe/p_1_in                                              |                                                                                                                                          |                7 |             47 |
|  iicComm3_i/processing_system7_0/inst/FCLK_CLK0 | iicComm3_i/ps7_0_axi_periph/s00_couplers/auto_pc/inst/gen_axilite.gen_b2s_conv.axilite_b2s/RD.ar_channel_0/ar_cmd_fsm_0/m_payload_i_reg[0]_1[0]                |                                                                                                                                          |                9 |             52 |
|  iicComm3_i/processing_system7_0/inst/FCLK_CLK0 | iicComm3_i/ps7_0_axi_periph/s00_couplers/auto_pc/inst/gen_axilite.gen_b2s_conv.axilite_b2s/WR.aw_channel_0/aw_cmd_fsm_0/m_payload_i_reg[0][0]                  |                                                                                                                                          |               11 |             52 |
|  iicComm3_i/processing_system7_0/inst/FCLK_CLK0 | iicComm3_i/ps7_0_axi_periph/s00_couplers/auto_pc/inst/gen_axilite.gen_b2s_conv.axilite_b2s/SI_REG/aw.aw_pipe/s_axi_awready                                     |                                                                                                                                          |               10 |             52 |
|  iicComm3_i/processing_system7_0/inst/FCLK_CLK0 | iicComm3_i/ps7_0_axi_periph/s00_couplers/auto_pc/inst/gen_axilite.gen_b2s_conv.axilite_b2s/SI_REG/ar.ar_pipe/s_axi_arready                                     |                                                                                                                                          |               11 |             52 |
|  iicComm3_i/processing_system7_0/inst/FCLK_CLK0 |                                                                                                                                                                | iicComm3_i/ps7_0_axi_periph/s00_couplers/auto_pc/inst/gen_axilite.gen_b2s_conv.axilite_b2s/areset_d1                                     |               11 |             59 |
|  iicComm3_i/processing_system7_0/inst/FCLK_CLK0 | iicComm3_i/iiccomm3_0/inst/iiccomm3_AXILiteS_s_axi_U/stat_reg_outValue1_ap_vld                                                                                 | iicComm3_i/iiccomm3_0/inst/iiccomm3_iic_m_axi_U/bus_read/buff_rdata/SR[0]                                                                |               17 |             64 |
|  iicComm3_i/processing_system7_0/inst/FCLK_CLK0 | iicComm3_i/iiccomm3_0/inst/ap_CS_fsm_state84                                                                                                                   |                                                                                                                                          |               13 |             96 |
|  iicComm3_i/processing_system7_0/inst/FCLK_CLK0 | iicComm3_i/iiccomm3_0/inst/iiccomm3_AXILiteS_s_axi_U/ap_done                                                                                                   | iicComm3_i/iiccomm3_0/inst/iiccomm3_iic_m_axi_U/bus_read/buff_rdata/SR[0]                                                                |               22 |             96 |
|  iicComm3_i/processing_system7_0/inst/FCLK_CLK0 | iicComm3_i/iiccomm3_0/inst/iiccomm3_iic_m_axi_U/bus_read/rs_rdata/sensorData_2_2_reg_747_reg[0][0]                                                             |                                                                                                                                          |               38 |            128 |
|  iicComm3_i/processing_system7_0/inst/FCLK_CLK0 |                                                                                                                                                                | iicComm3_i/iiccomm3_0/inst/iiccomm3_iic_m_axi_U/bus_read/buff_rdata/SR[0]                                                                |               54 |            135 |
|  iicComm3_i/processing_system7_0/inst/FCLK_CLK0 |                                                                                                                                                                |                                                                                                                                          |               93 |            242 |
+-------------------------------------------------+----------------------------------------------------------------------------------------------------------------------------------------------------------------+------------------------------------------------------------------------------------------------------------------------------------------+------------------+----------------+


+--------+-----------------------+
| Fanout | Number of ControlSets |
+--------+-----------------------+
| 1      |                     3 |
| 2      |                     5 |
| 4      |                    21 |
| 5      |                     5 |
| 6      |                    10 |
| 7      |                     5 |
| 8      |                    19 |
| 10     |                    14 |
| 11     |                     1 |
| 12     |                     8 |
| 13     |                     2 |
| 14     |                     2 |
| 16+    |                    60 |
+--------+-----------------------+


