Copyright 1986-2017 Xilinx, Inc. All Rights Reserved.
---------------------------------------------------------------------------------------------------------------------------------------------------
| Tool Version : Vivado v.2017.4 (lin64) Build 2086221 Fri Dec 15 20:54:30 MST 2017
| Date         : Tue Jul 17 20:28:30 2018
| Host         : fabricant running 64-bit Linux Mint 18 Sarah
| Command      : report_drc -file pid_overlay_wrapper_drc_routed.rpt -pb pid_overlay_wrapper_drc_routed.pb -rpx pid_overlay_wrapper_drc_routed.rpx
| Design       : pid_overlay_wrapper
| Device       : xc7z020clg400-1
| Speed File   : -1
| Design State : Routed
---------------------------------------------------------------------------------------------------------------------------------------------------

Report DRC

Table of Contents
-----------------
1. REPORT SUMMARY
2. REPORT DETAILS

1. REPORT SUMMARY
-----------------
            Netlist: netlist
          Floorplan: design_1
      Design limits: <entire design considered>
           Ruledeck: default
             Max violations: <unlimited>
             Violations found: 75
+-----------+----------+-------------------------------------------------------------------+------------+
| Rule      | Severity | Description                                                       | Violations |
+-----------+----------+-------------------------------------------------------------------+------------+
| BUFC-1    | Warning  | Input Buffer Connections                                          | 36         |
| DPIP-1    | Warning  | Input pipelining                                                  | 6          |
| DPOP-2    | Warning  | MREG Output pipelining                                            | 3          |
| AVAL-4    | Advisory | enum_USE_DPORT_FALSE_enum_DREG_ADREG_0_connects_CED_CEAD_RSTD_GND | 21         |
| AVAL-5    | Advisory | enum_USE_MULT_NONE_enum_DREG_ADREG_0_connects_CED_CEAD_RSTD_GND   | 6          |
| REQP-1725 | Advisory | DSP_Abus_sign_bit_alert                                           | 3          |
+-----------+----------+-------------------------------------------------------------------+------------+

2. REPORT DETAILS
-----------------
BUFC-1#1 Warning
Input Buffer Connections  
Input buffer arduino_iobuf_0/IBUF (in arduino_iobuf_0 macro) has no loads. It is recommended to have an input buffer drive an internal load.
Related violations: <none>

BUFC-1#2 Warning
Input Buffer Connections  
Input buffer arduino_iobuf_1/IBUF (in arduino_iobuf_1 macro) has no loads. It is recommended to have an input buffer drive an internal load.
Related violations: <none>

BUFC-1#3 Warning
Input Buffer Connections  
Input buffer arduino_iobuf_10/IBUF (in arduino_iobuf_10 macro) has no loads. It is recommended to have an input buffer drive an internal load.
Related violations: <none>

BUFC-1#4 Warning
Input Buffer Connections  
Input buffer arduino_iobuf_11/IBUF (in arduino_iobuf_11 macro) has no loads. It is recommended to have an input buffer drive an internal load.
Related violations: <none>

BUFC-1#5 Warning
Input Buffer Connections  
Input buffer arduino_iobuf_12/IBUF (in arduino_iobuf_12 macro) has no loads. It is recommended to have an input buffer drive an internal load.
Related violations: <none>

BUFC-1#6 Warning
Input Buffer Connections  
Input buffer arduino_iobuf_13/IBUF (in arduino_iobuf_13 macro) has no loads. It is recommended to have an input buffer drive an internal load.
Related violations: <none>

BUFC-1#7 Warning
Input Buffer Connections  
Input buffer arduino_iobuf_14/IBUF (in arduino_iobuf_14 macro) has no loads. It is recommended to have an input buffer drive an internal load.
Related violations: <none>

BUFC-1#8 Warning
Input Buffer Connections  
Input buffer arduino_iobuf_15/IBUF (in arduino_iobuf_15 macro) has no loads. It is recommended to have an input buffer drive an internal load.
Related violations: <none>

BUFC-1#9 Warning
Input Buffer Connections  
Input buffer arduino_iobuf_16/IBUF (in arduino_iobuf_16 macro) has no loads. It is recommended to have an input buffer drive an internal load.
Related violations: <none>

BUFC-1#10 Warning
Input Buffer Connections  
Input buffer arduino_iobuf_17/IBUF (in arduino_iobuf_17 macro) has no loads. It is recommended to have an input buffer drive an internal load.
Related violations: <none>

BUFC-1#11 Warning
Input Buffer Connections  
Input buffer arduino_iobuf_18/IBUF (in arduino_iobuf_18 macro) has no loads. It is recommended to have an input buffer drive an internal load.
Related violations: <none>

BUFC-1#12 Warning
Input Buffer Connections  
Input buffer arduino_iobuf_19/IBUF (in arduino_iobuf_19 macro) has no loads. It is recommended to have an input buffer drive an internal load.
Related violations: <none>

BUFC-1#13 Warning
Input Buffer Connections  
Input buffer arduino_iobuf_2/IBUF (in arduino_iobuf_2 macro) has no loads. It is recommended to have an input buffer drive an internal load.
Related violations: <none>

BUFC-1#14 Warning
Input Buffer Connections  
Input buffer arduino_iobuf_3/IBUF (in arduino_iobuf_3 macro) has no loads. It is recommended to have an input buffer drive an internal load.
Related violations: <none>

BUFC-1#15 Warning
Input Buffer Connections  
Input buffer arduino_iobuf_4/IBUF (in arduino_iobuf_4 macro) has no loads. It is recommended to have an input buffer drive an internal load.
Related violations: <none>

BUFC-1#16 Warning
Input Buffer Connections  
Input buffer arduino_iobuf_5/IBUF (in arduino_iobuf_5 macro) has no loads. It is recommended to have an input buffer drive an internal load.
Related violations: <none>

BUFC-1#17 Warning
Input Buffer Connections  
Input buffer arduino_iobuf_6/IBUF (in arduino_iobuf_6 macro) has no loads. It is recommended to have an input buffer drive an internal load.
Related violations: <none>

BUFC-1#18 Warning
Input Buffer Connections  
Input buffer arduino_iobuf_7/IBUF (in arduino_iobuf_7 macro) has no loads. It is recommended to have an input buffer drive an internal load.
Related violations: <none>

BUFC-1#19 Warning
Input Buffer Connections  
Input buffer arduino_iobuf_8/IBUF (in arduino_iobuf_8 macro) has no loads. It is recommended to have an input buffer drive an internal load.
Related violations: <none>

BUFC-1#20 Warning
Input Buffer Connections  
Input buffer arduino_iobuf_9/IBUF (in arduino_iobuf_9 macro) has no loads. It is recommended to have an input buffer drive an internal load.
Related violations: <none>

BUFC-1#21 Warning
Input Buffer Connections  
Input buffer pmodJA_iobuf_0/IBUF (in pmodJA_iobuf_0 macro) has no loads. It is recommended to have an input buffer drive an internal load.
Related violations: <none>

BUFC-1#22 Warning
Input Buffer Connections  
Input buffer pmodJA_iobuf_1/IBUF (in pmodJA_iobuf_1 macro) has no loads. It is recommended to have an input buffer drive an internal load.
Related violations: <none>

BUFC-1#23 Warning
Input Buffer Connections  
Input buffer pmodJA_iobuf_2/IBUF (in pmodJA_iobuf_2 macro) has no loads. It is recommended to have an input buffer drive an internal load.
Related violations: <none>

BUFC-1#24 Warning
Input Buffer Connections  
Input buffer pmodJA_iobuf_3/IBUF (in pmodJA_iobuf_3 macro) has no loads. It is recommended to have an input buffer drive an internal load.
Related violations: <none>

BUFC-1#25 Warning
Input Buffer Connections  
Input buffer pmodJA_iobuf_4/IBUF (in pmodJA_iobuf_4 macro) has no loads. It is recommended to have an input buffer drive an internal load.
Related violations: <none>

BUFC-1#26 Warning
Input Buffer Connections  
Input buffer pmodJA_iobuf_5/IBUF (in pmodJA_iobuf_5 macro) has no loads. It is recommended to have an input buffer drive an internal load.
Related violations: <none>

BUFC-1#27 Warning
Input Buffer Connections  
Input buffer pmodJA_iobuf_6/IBUF (in pmodJA_iobuf_6 macro) has no loads. It is recommended to have an input buffer drive an internal load.
Related violations: <none>

BUFC-1#28 Warning
Input Buffer Connections  
Input buffer pmodJA_iobuf_7/IBUF (in pmodJA_iobuf_7 macro) has no loads. It is recommended to have an input buffer drive an internal load.
Related violations: <none>

BUFC-1#29 Warning
Input Buffer Connections  
Input buffer pmodJB_iobuf_0/IBUF (in pmodJB_iobuf_0 macro) has no loads. It is recommended to have an input buffer drive an internal load.
Related violations: <none>

BUFC-1#30 Warning
Input Buffer Connections  
Input buffer pmodJB_iobuf_1/IBUF (in pmodJB_iobuf_1 macro) has no loads. It is recommended to have an input buffer drive an internal load.
Related violations: <none>

BUFC-1#31 Warning
Input Buffer Connections  
Input buffer pmodJB_iobuf_2/IBUF (in pmodJB_iobuf_2 macro) has no loads. It is recommended to have an input buffer drive an internal load.
Related violations: <none>

BUFC-1#32 Warning
Input Buffer Connections  
Input buffer pmodJB_iobuf_3/IBUF (in pmodJB_iobuf_3 macro) has no loads. It is recommended to have an input buffer drive an internal load.
Related violations: <none>

BUFC-1#33 Warning
Input Buffer Connections  
Input buffer pmodJB_iobuf_4/IBUF (in pmodJB_iobuf_4 macro) has no loads. It is recommended to have an input buffer drive an internal load.
Related violations: <none>

BUFC-1#34 Warning
Input Buffer Connections  
Input buffer pmodJB_iobuf_5/IBUF (in pmodJB_iobuf_5 macro) has no loads. It is recommended to have an input buffer drive an internal load.
Related violations: <none>

BUFC-1#35 Warning
Input Buffer Connections  
Input buffer pmodJB_iobuf_6/IBUF (in pmodJB_iobuf_6 macro) has no loads. It is recommended to have an input buffer drive an internal load.
Related violations: <none>

BUFC-1#36 Warning
Input Buffer Connections  
Input buffer pmodJB_iobuf_7/IBUF (in pmodJB_iobuf_7 macro) has no loads. It is recommended to have an input buffer drive an internal load.
Related violations: <none>

DPIP-1#1 Warning
Input pipelining  
DSP pid_overlay_i/pid_0/inst/pid_faddfsub_32nsbkb_U1/pid_ap_faddfsub_8_full_dsp_32_u/U0/i_synth/ADDSUB_OP.ADDSUB/SPEED_OP.DSP.OP/DSP48E1_BODY.ALIGN_ADD/DSP2/DSP input pid_overlay_i/pid_0/inst/pid_faddfsub_32nsbkb_U1/pid_ap_faddfsub_8_full_dsp_32_u/U0/i_synth/ADDSUB_OP.ADDSUB/SPEED_OP.DSP.OP/DSP48E1_BODY.ALIGN_ADD/DSP2/DSP/B[17:0] is not pipelined. Pipelining DSP48 input will improve performance.
Related violations: <none>

DPIP-1#2 Warning
Input pipelining  
DSP pid_overlay_i/pid_0/inst/pid_faddfsub_32nsbkb_U1/pid_ap_faddfsub_8_full_dsp_32_u/U0/i_synth/ADDSUB_OP.ADDSUB/SPEED_OP.DSP.OP/DSP48E1_BODY.NORM_RND/FULL_USAGE_DSP.SHIFT_RND/DSP input pid_overlay_i/pid_0/inst/pid_faddfsub_32nsbkb_U1/pid_ap_faddfsub_8_full_dsp_32_u/U0/i_synth/ADDSUB_OP.ADDSUB/SPEED_OP.DSP.OP/DSP48E1_BODY.NORM_RND/FULL_USAGE_DSP.SHIFT_RND/DSP/C[47:0] is not pipelined. Pipelining DSP48 input will improve performance.
Related violations: <none>

DPIP-1#3 Warning
Input pipelining  
DSP pid_overlay_i/pid_0/inst/pid_faddfsub_32nsbkb_U2/pid_ap_faddfsub_8_full_dsp_32_u/U0/i_synth/ADDSUB_OP.ADDSUB/SPEED_OP.DSP.OP/DSP48E1_BODY.ALIGN_ADD/DSP2/DSP input pid_overlay_i/pid_0/inst/pid_faddfsub_32nsbkb_U2/pid_ap_faddfsub_8_full_dsp_32_u/U0/i_synth/ADDSUB_OP.ADDSUB/SPEED_OP.DSP.OP/DSP48E1_BODY.ALIGN_ADD/DSP2/DSP/B[17:0] is not pipelined. Pipelining DSP48 input will improve performance.
Related violations: <none>

DPIP-1#4 Warning
Input pipelining  
DSP pid_overlay_i/pid_0/inst/pid_faddfsub_32nsbkb_U2/pid_ap_faddfsub_8_full_dsp_32_u/U0/i_synth/ADDSUB_OP.ADDSUB/SPEED_OP.DSP.OP/DSP48E1_BODY.NORM_RND/FULL_USAGE_DSP.SHIFT_RND/DSP input pid_overlay_i/pid_0/inst/pid_faddfsub_32nsbkb_U2/pid_ap_faddfsub_8_full_dsp_32_u/U0/i_synth/ADDSUB_OP.ADDSUB/SPEED_OP.DSP.OP/DSP48E1_BODY.NORM_RND/FULL_USAGE_DSP.SHIFT_RND/DSP/C[47:0] is not pipelined. Pipelining DSP48 input will improve performance.
Related violations: <none>

DPIP-1#5 Warning
Input pipelining  
DSP pid_overlay_i/pid_0/inst/pid_faddfsub_32nsbkb_U3/pid_ap_faddfsub_8_full_dsp_32_u/U0/i_synth/ADDSUB_OP.ADDSUB/SPEED_OP.DSP.OP/DSP48E1_BODY.ALIGN_ADD/DSP2/DSP input pid_overlay_i/pid_0/inst/pid_faddfsub_32nsbkb_U3/pid_ap_faddfsub_8_full_dsp_32_u/U0/i_synth/ADDSUB_OP.ADDSUB/SPEED_OP.DSP.OP/DSP48E1_BODY.ALIGN_ADD/DSP2/DSP/B[17:0] is not pipelined. Pipelining DSP48 input will improve performance.
Related violations: <none>

DPIP-1#6 Warning
Input pipelining  
DSP pid_overlay_i/pid_0/inst/pid_faddfsub_32nsbkb_U3/pid_ap_faddfsub_8_full_dsp_32_u/U0/i_synth/ADDSUB_OP.ADDSUB/SPEED_OP.DSP.OP/DSP48E1_BODY.NORM_RND/FULL_USAGE_DSP.SHIFT_RND/DSP input pid_overlay_i/pid_0/inst/pid_faddfsub_32nsbkb_U3/pid_ap_faddfsub_8_full_dsp_32_u/U0/i_synth/ADDSUB_OP.ADDSUB/SPEED_OP.DSP.OP/DSP48E1_BODY.NORM_RND/FULL_USAGE_DSP.SHIFT_RND/DSP/C[47:0] is not pipelined. Pipelining DSP48 input will improve performance.
Related violations: <none>

DPOP-2#1 Warning
MREG Output pipelining  
DSP pid_overlay_i/pid_0/inst/pid_faddfsub_32nsbkb_U1/pid_ap_faddfsub_8_full_dsp_32_u/U0/i_synth/ADDSUB_OP.ADDSUB/SPEED_OP.DSP.OP/DSP48E1_BODY.NORM_RND/FULL_USAGE_DSP.SHIFT_RND/DSP multiplier stage pid_overlay_i/pid_0/inst/pid_faddfsub_32nsbkb_U1/pid_ap_faddfsub_8_full_dsp_32_u/U0/i_synth/ADDSUB_OP.ADDSUB/SPEED_OP.DSP.OP/DSP48E1_BODY.NORM_RND/FULL_USAGE_DSP.SHIFT_RND/DSP/P[47:0] is not pipelined (MREG=0). Pipelining the multiplier function will improve performance and will save significant power so it is suggested whenever possible to fully pipeline this function.  If this multiplier was inferred, it is suggested to describe an additional register stage after this function.  If there is no registered adder/accumulator following the multiply function, two pipeline stages are suggested to allow both the MREG and PREG registers to be used.  If the DSP48 was instantiated in the design, it is suggested to set both the MREG and PREG attributes to 1 when performing multiply functions.
Related violations: <none>

DPOP-2#2 Warning
MREG Output pipelining  
DSP pid_overlay_i/pid_0/inst/pid_faddfsub_32nsbkb_U2/pid_ap_faddfsub_8_full_dsp_32_u/U0/i_synth/ADDSUB_OP.ADDSUB/SPEED_OP.DSP.OP/DSP48E1_BODY.NORM_RND/FULL_USAGE_DSP.SHIFT_RND/DSP multiplier stage pid_overlay_i/pid_0/inst/pid_faddfsub_32nsbkb_U2/pid_ap_faddfsub_8_full_dsp_32_u/U0/i_synth/ADDSUB_OP.ADDSUB/SPEED_OP.DSP.OP/DSP48E1_BODY.NORM_RND/FULL_USAGE_DSP.SHIFT_RND/DSP/P[47:0] is not pipelined (MREG=0). Pipelining the multiplier function will improve performance and will save significant power so it is suggested whenever possible to fully pipeline this function.  If this multiplier was inferred, it is suggested to describe an additional register stage after this function.  If there is no registered adder/accumulator following the multiply function, two pipeline stages are suggested to allow both the MREG and PREG registers to be used.  If the DSP48 was instantiated in the design, it is suggested to set both the MREG and PREG attributes to 1 when performing multiply functions.
Related violations: <none>

DPOP-2#3 Warning
MREG Output pipelining  
DSP pid_overlay_i/pid_0/inst/pid_faddfsub_32nsbkb_U3/pid_ap_faddfsub_8_full_dsp_32_u/U0/i_synth/ADDSUB_OP.ADDSUB/SPEED_OP.DSP.OP/DSP48E1_BODY.NORM_RND/FULL_USAGE_DSP.SHIFT_RND/DSP multiplier stage pid_overlay_i/pid_0/inst/pid_faddfsub_32nsbkb_U3/pid_ap_faddfsub_8_full_dsp_32_u/U0/i_synth/ADDSUB_OP.ADDSUB/SPEED_OP.DSP.OP/DSP48E1_BODY.NORM_RND/FULL_USAGE_DSP.SHIFT_RND/DSP/P[47:0] is not pipelined (MREG=0). Pipelining the multiplier function will improve performance and will save significant power so it is suggested whenever possible to fully pipeline this function.  If this multiplier was inferred, it is suggested to describe an additional register stage after this function.  If there is no registered adder/accumulator following the multiply function, two pipeline stages are suggested to allow both the MREG and PREG registers to be used.  If the DSP48 was instantiated in the design, it is suggested to set both the MREG and PREG attributes to 1 when performing multiply functions.
Related violations: <none>

AVAL-4#1 Advisory
enum_USE_DPORT_FALSE_enum_DREG_ADREG_0_connects_CED_CEAD_RSTD_GND  
pid_overlay_i/pid_0/inst/pid_faddfsub_32nsbkb_U1/pid_ap_faddfsub_8_full_dsp_32_u/U0/i_synth/ADDSUB_OP.ADDSUB/SPEED_OP.DSP.OP/DSP48E1_BODY.NORM_RND/FULL_USAGE_DSP.SHIFT_RND/DSP: DSP48E1 is not using the D port (USE_DPORT = FALSE). For improved power characteristics, set DREG and ADREG to '1', tie CED, CEAD, and RSTD to logic '0'.
Related violations: <none>

AVAL-4#2 Advisory
enum_USE_DPORT_FALSE_enum_DREG_ADREG_0_connects_CED_CEAD_RSTD_GND  
pid_overlay_i/pid_0/inst/pid_faddfsub_32nsbkb_U2/pid_ap_faddfsub_8_full_dsp_32_u/U0/i_synth/ADDSUB_OP.ADDSUB/SPEED_OP.DSP.OP/DSP48E1_BODY.NORM_RND/FULL_USAGE_DSP.SHIFT_RND/DSP: DSP48E1 is not using the D port (USE_DPORT = FALSE). For improved power characteristics, set DREG and ADREG to '1', tie CED, CEAD, and RSTD to logic '0'.
Related violations: <none>

AVAL-4#3 Advisory
enum_USE_DPORT_FALSE_enum_DREG_ADREG_0_connects_CED_CEAD_RSTD_GND  
pid_overlay_i/pid_0/inst/pid_faddfsub_32nsbkb_U3/pid_ap_faddfsub_8_full_dsp_32_u/U0/i_synth/ADDSUB_OP.ADDSUB/SPEED_OP.DSP.OP/DSP48E1_BODY.NORM_RND/FULL_USAGE_DSP.SHIFT_RND/DSP: DSP48E1 is not using the D port (USE_DPORT = FALSE). For improved power characteristics, set DREG and ADREG to '1', tie CED, CEAD, and RSTD to logic '0'.
Related violations: <none>

AVAL-4#4 Advisory
enum_USE_DPORT_FALSE_enum_DREG_ADREG_0_connects_CED_CEAD_RSTD_GND  
pid_overlay_i/pid_0/inst/pid_fmul_32ns_32ncud_U4/pid_ap_fmul_6_max_dsp_32_u/U0/i_synth/MULT.OP/MULT/DSP48E1_SPD_SGL_VARIANT.FIX_MULT/DSP1/DSP: DSP48E1 is not using the D port (USE_DPORT = FALSE). For improved power characteristics, set DREG and ADREG to '1', tie CED, CEAD, and RSTD to logic '0'.
Related violations: <none>

AVAL-4#5 Advisory
enum_USE_DPORT_FALSE_enum_DREG_ADREG_0_connects_CED_CEAD_RSTD_GND  
pid_overlay_i/pid_0/inst/pid_fmul_32ns_32ncud_U4/pid_ap_fmul_6_max_dsp_32_u/U0/i_synth/MULT.OP/MULT/DSP48E1_SPD_SGL_VARIANT.FIX_MULT/DSP2/DSP: DSP48E1 is not using the D port (USE_DPORT = FALSE). For improved power characteristics, set DREG and ADREG to '1', tie CED, CEAD, and RSTD to logic '0'.
Related violations: <none>

AVAL-4#6 Advisory
enum_USE_DPORT_FALSE_enum_DREG_ADREG_0_connects_CED_CEAD_RSTD_GND  
pid_overlay_i/pid_0/inst/pid_fmul_32ns_32ncud_U4/pid_ap_fmul_6_max_dsp_32_u/U0/i_synth/MULT.OP/R_AND_R/LAT_OPT.FULL.R_AND_R/DSP48E1_SGL_EXP_IP.OLD_ADD.ADD/DSP: DSP48E1 is not using the D port (USE_DPORT = FALSE). For improved power characteristics, set DREG and ADREG to '1', tie CED, CEAD, and RSTD to logic '0'.
Related violations: <none>

AVAL-4#7 Advisory
enum_USE_DPORT_FALSE_enum_DREG_ADREG_0_connects_CED_CEAD_RSTD_GND  
pid_overlay_i/pid_0/inst/pid_fmul_32ns_32ncud_U5/pid_ap_fmul_6_max_dsp_32_u/U0/i_synth/MULT.OP/MULT/DSP48E1_SPD_SGL_VARIANT.FIX_MULT/DSP1/DSP: DSP48E1 is not using the D port (USE_DPORT = FALSE). For improved power characteristics, set DREG and ADREG to '1', tie CED, CEAD, and RSTD to logic '0'.
Related violations: <none>

AVAL-4#8 Advisory
enum_USE_DPORT_FALSE_enum_DREG_ADREG_0_connects_CED_CEAD_RSTD_GND  
pid_overlay_i/pid_0/inst/pid_fmul_32ns_32ncud_U5/pid_ap_fmul_6_max_dsp_32_u/U0/i_synth/MULT.OP/MULT/DSP48E1_SPD_SGL_VARIANT.FIX_MULT/DSP2/DSP: DSP48E1 is not using the D port (USE_DPORT = FALSE). For improved power characteristics, set DREG and ADREG to '1', tie CED, CEAD, and RSTD to logic '0'.
Related violations: <none>

AVAL-4#9 Advisory
enum_USE_DPORT_FALSE_enum_DREG_ADREG_0_connects_CED_CEAD_RSTD_GND  
pid_overlay_i/pid_0/inst/pid_fmul_32ns_32ncud_U5/pid_ap_fmul_6_max_dsp_32_u/U0/i_synth/MULT.OP/R_AND_R/LAT_OPT.FULL.R_AND_R/DSP48E1_SGL_EXP_IP.OLD_ADD.ADD/DSP: DSP48E1 is not using the D port (USE_DPORT = FALSE). For improved power characteristics, set DREG and ADREG to '1', tie CED, CEAD, and RSTD to logic '0'.
Related violations: <none>

AVAL-4#10 Advisory
enum_USE_DPORT_FALSE_enum_DREG_ADREG_0_connects_CED_CEAD_RSTD_GND  
pid_overlay_i/pid_0/inst/pid_fmul_32ns_32ncud_U6/pid_ap_fmul_6_max_dsp_32_u/U0/i_synth/MULT.OP/MULT/DSP48E1_SPD_SGL_VARIANT.FIX_MULT/DSP1/DSP: DSP48E1 is not using the D port (USE_DPORT = FALSE). For improved power characteristics, set DREG and ADREG to '1', tie CED, CEAD, and RSTD to logic '0'.
Related violations: <none>

AVAL-4#11 Advisory
enum_USE_DPORT_FALSE_enum_DREG_ADREG_0_connects_CED_CEAD_RSTD_GND  
pid_overlay_i/pid_0/inst/pid_fmul_32ns_32ncud_U6/pid_ap_fmul_6_max_dsp_32_u/U0/i_synth/MULT.OP/MULT/DSP48E1_SPD_SGL_VARIANT.FIX_MULT/DSP2/DSP: DSP48E1 is not using the D port (USE_DPORT = FALSE). For improved power characteristics, set DREG and ADREG to '1', tie CED, CEAD, and RSTD to logic '0'.
Related violations: <none>

AVAL-4#12 Advisory
enum_USE_DPORT_FALSE_enum_DREG_ADREG_0_connects_CED_CEAD_RSTD_GND  
pid_overlay_i/pid_0/inst/pid_fmul_32ns_32ncud_U6/pid_ap_fmul_6_max_dsp_32_u/U0/i_synth/MULT.OP/R_AND_R/LAT_OPT.FULL.R_AND_R/DSP48E1_SGL_EXP_IP.OLD_ADD.ADD/DSP: DSP48E1 is not using the D port (USE_DPORT = FALSE). For improved power characteristics, set DREG and ADREG to '1', tie CED, CEAD, and RSTD to logic '0'.
Related violations: <none>

AVAL-4#13 Advisory
enum_USE_DPORT_FALSE_enum_DREG_ADREG_0_connects_CED_CEAD_RSTD_GND  
pid_overlay_i/pid_0/inst/pid_fmul_32ns_32ncud_U7/pid_ap_fmul_6_max_dsp_32_u/U0/i_synth/MULT.OP/MULT/DSP48E1_SPD_SGL_VARIANT.FIX_MULT/DSP1/DSP: DSP48E1 is not using the D port (USE_DPORT = FALSE). For improved power characteristics, set DREG and ADREG to '1', tie CED, CEAD, and RSTD to logic '0'.
Related violations: <none>

AVAL-4#14 Advisory
enum_USE_DPORT_FALSE_enum_DREG_ADREG_0_connects_CED_CEAD_RSTD_GND  
pid_overlay_i/pid_0/inst/pid_fmul_32ns_32ncud_U7/pid_ap_fmul_6_max_dsp_32_u/U0/i_synth/MULT.OP/MULT/DSP48E1_SPD_SGL_VARIANT.FIX_MULT/DSP2/DSP: DSP48E1 is not using the D port (USE_DPORT = FALSE). For improved power characteristics, set DREG and ADREG to '1', tie CED, CEAD, and RSTD to logic '0'.
Related violations: <none>

AVAL-4#15 Advisory
enum_USE_DPORT_FALSE_enum_DREG_ADREG_0_connects_CED_CEAD_RSTD_GND  
pid_overlay_i/pid_0/inst/pid_fmul_32ns_32ncud_U7/pid_ap_fmul_6_max_dsp_32_u/U0/i_synth/MULT.OP/R_AND_R/LAT_OPT.FULL.R_AND_R/DSP48E1_SGL_EXP_IP.OLD_ADD.ADD/DSP: DSP48E1 is not using the D port (USE_DPORT = FALSE). For improved power characteristics, set DREG and ADREG to '1', tie CED, CEAD, and RSTD to logic '0'.
Related violations: <none>

AVAL-4#16 Advisory
enum_USE_DPORT_FALSE_enum_DREG_ADREG_0_connects_CED_CEAD_RSTD_GND  
pid_overlay_i/pid_0/inst/pid_fmul_32ns_32ncud_U8/pid_ap_fmul_6_max_dsp_32_u/U0/i_synth/MULT.OP/MULT/DSP48E1_SPD_SGL_VARIANT.FIX_MULT/DSP1/DSP: DSP48E1 is not using the D port (USE_DPORT = FALSE). For improved power characteristics, set DREG and ADREG to '1', tie CED, CEAD, and RSTD to logic '0'.
Related violations: <none>

AVAL-4#17 Advisory
enum_USE_DPORT_FALSE_enum_DREG_ADREG_0_connects_CED_CEAD_RSTD_GND  
pid_overlay_i/pid_0/inst/pid_fmul_32ns_32ncud_U8/pid_ap_fmul_6_max_dsp_32_u/U0/i_synth/MULT.OP/MULT/DSP48E1_SPD_SGL_VARIANT.FIX_MULT/DSP2/DSP: DSP48E1 is not using the D port (USE_DPORT = FALSE). For improved power characteristics, set DREG and ADREG to '1', tie CED, CEAD, and RSTD to logic '0'.
Related violations: <none>

AVAL-4#18 Advisory
enum_USE_DPORT_FALSE_enum_DREG_ADREG_0_connects_CED_CEAD_RSTD_GND  
pid_overlay_i/pid_0/inst/pid_fmul_32ns_32ncud_U8/pid_ap_fmul_6_max_dsp_32_u/U0/i_synth/MULT.OP/R_AND_R/LAT_OPT.FULL.R_AND_R/DSP48E1_SGL_EXP_IP.OLD_ADD.ADD/DSP: DSP48E1 is not using the D port (USE_DPORT = FALSE). For improved power characteristics, set DREG and ADREG to '1', tie CED, CEAD, and RSTD to logic '0'.
Related violations: <none>

AVAL-4#19 Advisory
enum_USE_DPORT_FALSE_enum_DREG_ADREG_0_connects_CED_CEAD_RSTD_GND  
pid_overlay_i/pid_0/inst/pid_fmul_32ns_32ncud_U9/pid_ap_fmul_6_max_dsp_32_u/U0/i_synth/MULT.OP/MULT/DSP48E1_SPD_SGL_VARIANT.FIX_MULT/DSP1/DSP: DSP48E1 is not using the D port (USE_DPORT = FALSE). For improved power characteristics, set DREG and ADREG to '1', tie CED, CEAD, and RSTD to logic '0'.
Related violations: <none>

AVAL-4#20 Advisory
enum_USE_DPORT_FALSE_enum_DREG_ADREG_0_connects_CED_CEAD_RSTD_GND  
pid_overlay_i/pid_0/inst/pid_fmul_32ns_32ncud_U9/pid_ap_fmul_6_max_dsp_32_u/U0/i_synth/MULT.OP/MULT/DSP48E1_SPD_SGL_VARIANT.FIX_MULT/DSP2/DSP: DSP48E1 is not using the D port (USE_DPORT = FALSE). For improved power characteristics, set DREG and ADREG to '1', tie CED, CEAD, and RSTD to logic '0'.
Related violations: <none>

AVAL-4#21 Advisory
enum_USE_DPORT_FALSE_enum_DREG_ADREG_0_connects_CED_CEAD_RSTD_GND  
pid_overlay_i/pid_0/inst/pid_fmul_32ns_32ncud_U9/pid_ap_fmul_6_max_dsp_32_u/U0/i_synth/MULT.OP/R_AND_R/LAT_OPT.FULL.R_AND_R/DSP48E1_SGL_EXP_IP.OLD_ADD.ADD/DSP: DSP48E1 is not using the D port (USE_DPORT = FALSE). For improved power characteristics, set DREG and ADREG to '1', tie CED, CEAD, and RSTD to logic '0'.
Related violations: <none>

AVAL-5#1 Advisory
enum_USE_MULT_NONE_enum_DREG_ADREG_0_connects_CED_CEAD_RSTD_GND  
pid_overlay_i/pid_0/inst/pid_fmul_32ns_32ncud_U4/pid_ap_fmul_6_max_dsp_32_u/U0/i_synth/MULT.OP/R_AND_R/LAT_OPT.FULL.R_AND_R/DSP48E1_SGL_EXP_IP.OLD_ADD.ADD/DSP: DSP48E1 is not using the Multiplier (USE_MULT = NONE). For improved power characteristics, set DREG and ADREG to '1', tie CED, CEAD, and RSTD to logic '0'.
Related violations: <none>

AVAL-5#2 Advisory
enum_USE_MULT_NONE_enum_DREG_ADREG_0_connects_CED_CEAD_RSTD_GND  
pid_overlay_i/pid_0/inst/pid_fmul_32ns_32ncud_U5/pid_ap_fmul_6_max_dsp_32_u/U0/i_synth/MULT.OP/R_AND_R/LAT_OPT.FULL.R_AND_R/DSP48E1_SGL_EXP_IP.OLD_ADD.ADD/DSP: DSP48E1 is not using the Multiplier (USE_MULT = NONE). For improved power characteristics, set DREG and ADREG to '1', tie CED, CEAD, and RSTD to logic '0'.
Related violations: <none>

AVAL-5#3 Advisory
enum_USE_MULT_NONE_enum_DREG_ADREG_0_connects_CED_CEAD_RSTD_GND  
pid_overlay_i/pid_0/inst/pid_fmul_32ns_32ncud_U6/pid_ap_fmul_6_max_dsp_32_u/U0/i_synth/MULT.OP/R_AND_R/LAT_OPT.FULL.R_AND_R/DSP48E1_SGL_EXP_IP.OLD_ADD.ADD/DSP: DSP48E1 is not using the Multiplier (USE_MULT = NONE). For improved power characteristics, set DREG and ADREG to '1', tie CED, CEAD, and RSTD to logic '0'.
Related violations: <none>

AVAL-5#4 Advisory
enum_USE_MULT_NONE_enum_DREG_ADREG_0_connects_CED_CEAD_RSTD_GND  
pid_overlay_i/pid_0/inst/pid_fmul_32ns_32ncud_U7/pid_ap_fmul_6_max_dsp_32_u/U0/i_synth/MULT.OP/R_AND_R/LAT_OPT.FULL.R_AND_R/DSP48E1_SGL_EXP_IP.OLD_ADD.ADD/DSP: DSP48E1 is not using the Multiplier (USE_MULT = NONE). For improved power characteristics, set DREG and ADREG to '1', tie CED, CEAD, and RSTD to logic '0'.
Related violations: <none>

AVAL-5#5 Advisory
enum_USE_MULT_NONE_enum_DREG_ADREG_0_connects_CED_CEAD_RSTD_GND  
pid_overlay_i/pid_0/inst/pid_fmul_32ns_32ncud_U8/pid_ap_fmul_6_max_dsp_32_u/U0/i_synth/MULT.OP/R_AND_R/LAT_OPT.FULL.R_AND_R/DSP48E1_SGL_EXP_IP.OLD_ADD.ADD/DSP: DSP48E1 is not using the Multiplier (USE_MULT = NONE). For improved power characteristics, set DREG and ADREG to '1', tie CED, CEAD, and RSTD to logic '0'.
Related violations: <none>

AVAL-5#6 Advisory
enum_USE_MULT_NONE_enum_DREG_ADREG_0_connects_CED_CEAD_RSTD_GND  
pid_overlay_i/pid_0/inst/pid_fmul_32ns_32ncud_U9/pid_ap_fmul_6_max_dsp_32_u/U0/i_synth/MULT.OP/R_AND_R/LAT_OPT.FULL.R_AND_R/DSP48E1_SGL_EXP_IP.OLD_ADD.ADD/DSP: DSP48E1 is not using the Multiplier (USE_MULT = NONE). For improved power characteristics, set DREG and ADREG to '1', tie CED, CEAD, and RSTD to logic '0'.
Related violations: <none>

REQP-1725#1 Advisory
DSP_Abus_sign_bit_alert  
pid_overlay_i/pid_0/inst/pid_faddfsub_32nsbkb_U1/pid_ap_faddfsub_8_full_dsp_32_u/U0/i_synth/ADDSUB_OP.ADDSUB/SPEED_OP.DSP.OP/DSP48E1_BODY.ALIGN_ADD/DSP2/DSP: When using the PreAdder and USE_DPORT is TRUE, the A operand should be restricted to 24 bit two's complement (and sign extended) to avoid over/underflow in the pre-add stage.
Related violations: <none>

REQP-1725#2 Advisory
DSP_Abus_sign_bit_alert  
pid_overlay_i/pid_0/inst/pid_faddfsub_32nsbkb_U2/pid_ap_faddfsub_8_full_dsp_32_u/U0/i_synth/ADDSUB_OP.ADDSUB/SPEED_OP.DSP.OP/DSP48E1_BODY.ALIGN_ADD/DSP2/DSP: When using the PreAdder and USE_DPORT is TRUE, the A operand should be restricted to 24 bit two's complement (and sign extended) to avoid over/underflow in the pre-add stage.
Related violations: <none>

REQP-1725#3 Advisory
DSP_Abus_sign_bit_alert  
pid_overlay_i/pid_0/inst/pid_faddfsub_32nsbkb_U3/pid_ap_faddfsub_8_full_dsp_32_u/U0/i_synth/ADDSUB_OP.ADDSUB/SPEED_OP.DSP.OP/DSP48E1_BODY.ALIGN_ADD/DSP2/DSP: When using the PreAdder and USE_DPORT is TRUE, the A operand should be restricted to 24 bit two's complement (and sign extended) to avoid over/underflow in the pre-add stage.
Related violations: <none>


