#-----------------------------------------------------------
# Vivado v2017.4 (64-bit)
# SW Build 2086221 on Fri Dec 15 20:54:30 MST 2017
# IP Build 2085800 on Fri Dec 15 22:25:07 MST 2017
# Start of session at: Thu Jul 26 10:11:26 2018
# Process ID: 3021
# Current directory: /home/iavendano/pynq-copter/pynqcopter/sensor_overlay
# Command line: vivado sensor_overlay/sensor_overlay.xpr
# Log file: /home/iavendano/pynq-copter/pynqcopter/sensor_overlay/vivado.log
# Journal file: /home/iavendano/pynq-copter/pynqcopter/sensor_overlay/vivado.jou
#-----------------------------------------------------------
start_gui
open_project sensor_overlay/sensor_overlay.xpr
Scanning sources...
Finished scanning sources
INFO: [IP_Flow 19-234] Refreshing IP repositories
INFO: [IP_Flow 19-1700] Loaded user IP repository '/home/iavendano/pynq-copter/pynqcopter/ip'.
INFO: [IP_Flow 19-2313] Loaded Vivado IP repository '/data/opt/Xilinx/Vivado/2017.4/data/ip'.
CRITICAL WARNING: [IP_Flow 19-1663] Duplicate IP found for 'UCSD:hlsip:ctrlloop:1.0'. The one found in IP location '/home/iavendano/pynq-copter/pynqcopter/ip/ctrlloop/ctrlloop/ctrlloop/impl/ip' will take precedence over the same IP in location /home/iavendano/pynq-copter/pynqcopter/ip/pid/ctrlloop/ctrlloop/impl/ip
open_project: Time (s): cpu = 00:00:25 ; elapsed = 00:00:07 . Memory (MB): peak = 6224.691 ; gain = 59.969 ; free physical = 134521 ; free virtual = 504811
update_compile_order -fileset sources_1
open_bd_design {/home/iavendano/pynq-copter/pynqcopter/sensor_overlay/sensor_overlay/sensor_overlay.srcs/sources_1/bd/sensor_overlay/sensor_overlay.bd}
Adding cell -- xilinx.com:user:wire_distributor:1.0 - arduinoGpioBreakout
Adding cell -- xilinx.com:ip:axi_iic:2.0 - axi_iic_0
Adding cell -- xilinx.com:ip:processing_system7:5.5 - processing_system7_0
Adding cell -- xilinx.com:ip:proc_sys_reset:5.0 - userReset
Adding cell -- xilinx.com:ip:xlconcat:2.1 - xlconcat_0
Adding cell -- xilinx.com:ip:xlconcat:2.1 - xlconcat_1
Adding cell -- xilinx.com:ip:xlslice:1.0 - xlslice_0
Adding cell -- xilinx.com:ip:xlslice:1.0 - xlslice_1
Adding cell -- xilinx.com:ip:axi_protocol_converter:2.1 - auto_pc
Successfully read diagram <sensor_overlay> from BD file </home/iavendano/pynq-copter/pynqcopter/sensor_overlay/sensor_overlay/sensor_overlay.srcs/sources_1/bd/sensor_overlay/sensor_overlay.bd>
open_bd_design: Time (s): cpu = 00:00:09 ; elapsed = 00:00:05 . Memory (MB): peak = 6288.930 ; gain = 8.762 ; free physical = 134418 ; free virtual = 504709
delete_bd_objs [get_bd_nets axi_iic_0_scl_o]
undo
INFO: [Common 17-17] undo 'delete_bd_objs [get_bd_nets axi_iic_0_scl_o]'
delete_bd_objs [get_bd_nets axi_iic_0_sda_o]
delete_bd_objs [get_bd_nets axi_iic_0_scl_o]
delete_bd_objs [get_bd_nets axi_iic_0_scl_t]
delete_bd_objs [get_bd_nets axi_iic_0_sda_t]
connect_bd_net [get_bd_pins axi_iic_0/scl_o] [get_bd_pins xlconcat_0/In18]
WARNING: [BD 41-1306] The connection to interface pin /axi_iic_0/scl_o is being overridden by the user. This pin will not be connected as a part of interface connection IIC
connect_bd_net [get_bd_pins axi_iic_0/sda_o] [get_bd_pins xlconcat_0/In19]
WARNING: [BD 41-1306] The connection to interface pin /axi_iic_0/sda_o is being overridden by the user. This pin will not be connected as a part of interface connection IIC
connect_bd_net [get_bd_pins axi_iic_0/scl_t] [get_bd_pins xlconcat_1/In18]
WARNING: [BD 41-1306] The connection to interface pin /axi_iic_0/scl_t is being overridden by the user. This pin will not be connected as a part of interface connection IIC
connect_bd_net [get_bd_pins axi_iic_0/sda_t] [get_bd_pins xlconcat_1/In19]
WARNING: [BD 41-1306] The connection to interface pin /axi_iic_0/sda_t is being overridden by the user. This pin will not be connected as a part of interface connection IIC
save_bd_design
Wrote  : </home/iavendano/pynq-copter/pynqcopter/sensor_overlay/sensor_overlay/sensor_overlay.srcs/sources_1/bd/sensor_overlay/sensor_overlay.bd> 
Wrote  : </home/iavendano/pynq-copter/pynqcopter/sensor_overlay/sensor_overlay/sensor_overlay.srcs/sources_1/bd/sensor_overlay/ui/bd_57a3b7cb.ui> 
validate_bd_design
write_bd_tcl -force -hier_blks [get_bd_cells /] /home/iavendano/pynq-copter/pynqcopter/sensor_overlay/sensor_overlay.tcl
INFO: [BD 5-148] Tcl file written out </home/iavendano/pynq-copter/pynqcopter/sensor_overlay/sensor_overlay.tcl>.

save_bd_design
Wrote  : </home/iavendano/pynq-copter/pynqcopter/sensor_overlay/sensor_overlay/sensor_overlay.srcs/sources_1/bd/sensor_overlay/sensor_overlay.bd> 
write_bd_tcl -force -hier_blks [get_bd_cells /] /home/iavendano/pynq-copter/pynqcopter/sensor_overlay/sensor_overlay.tcl
INFO: [BD 5-148] Tcl file written out </home/iavendano/pynq-copter/pynqcopter/sensor_overlay/sensor_overlay.tcl>.

exit
INFO: [Common 17-206] Exiting Vivado at Thu Jul 26 13:17:23 2018...
