#-----------------------------------------------------------
# Vivado v2017.4 (64-bit)
# SW Build 2086221 on Fri Dec 15 20:54:30 MST 2017
# IP Build 2085800 on Fri Dec 15 22:25:07 MST 2017
# Start of session at: Mon Jul 23 14:42:39 2018
# Process ID: 11464
# Current directory: /home/iavendano/pynq-copter/pynqcopter/sensor_overlay
# Command line: vivado sensor_overlay/sensor_overlay.xpr
# Log file: /home/iavendano/pynq-copter/pynqcopter/sensor_overlay/vivado.log
# Journal file: /home/iavendano/pynq-copter/pynqcopter/sensor_overlay/vivado.jou
#-----------------------------------------------------------
start_gui
open_project sensor_overlay/sensor_overlay.xpr
Scanning sources...
Finished scanning sources
INFO: [IP_Flow 19-234] Refreshing IP repositories
INFO: [IP_Flow 19-1700] Loaded user IP repository '/home/iavendano/pynq-copter/pynqcopter/ip'.
INFO: [IP_Flow 19-2313] Loaded Vivado IP repository '/data/opt/Xilinx/Vivado/2017.4/data/ip'.
CRITICAL WARNING: [IP_Flow 19-1663] Duplicate IP found for 'UCSD:hlsip:ctrlloop:1.0'. The one found in IP location '/home/iavendano/pynq-copter/pynqcopter/ip/ctrlloop/ctrlloop/ctrlloop/impl/ip' will take precedence over the same IP in location /home/iavendano/pynq-copter/pynqcopter/ip/pid/ctrlloop/ctrlloop/impl/ip
open_project: Time (s): cpu = 00:00:26 ; elapsed = 00:00:07 . Memory (MB): peak = 6244.875 ; gain = 46.074 ; free physical = 138186 ; free virtual = 507460
update_compile_order -fileset sources_1
open_bd_design {/home/iavendano/pynq-copter/pynqcopter/sensor_overlay/sensor_overlay/sensor_overlay.srcs/sources_1/bd/sensor_overlay/sensor_overlay.bd}
Adding cell -- xilinx.com:user:wire_distributor:1.0 - arduinoGpioBreakout
Adding cell -- xilinx.com:ip:axi_iic:2.0 - axi_iic_0
Adding cell -- xilinx.com:ip:processing_system7:5.5 - processing_system7_0
Adding cell -- xilinx.com:ip:proc_sys_reset:5.0 - userReset
Adding cell -- xilinx.com:ip:xlconcat:2.1 - xlconcat_0
Adding cell -- xilinx.com:ip:xlconcat:2.1 - xlconcat_1
Adding cell -- xilinx.com:ip:xlslice:1.0 - xlslice_0
Adding cell -- xilinx.com:ip:xlslice:1.0 - xlslice_1
Adding cell -- xilinx.com:ip:axi_protocol_converter:2.1 - auto_pc
Successfully read diagram <sensor_overlay> from BD file </home/iavendano/pynq-copter/pynqcopter/sensor_overlay/sensor_overlay/sensor_overlay.srcs/sources_1/bd/sensor_overlay/sensor_overlay.bd>
open_bd_design: Time (s): cpu = 00:00:10 ; elapsed = 00:00:05 . Memory (MB): peak = 6330.008 ; gain = 56.941 ; free physical = 138115 ; free virtual = 507418
exit
INFO: [Common 17-206] Exiting Vivado at Mon Jul 23 14:43:22 2018...
