#
# An unexpected error has occurred (11)
#
Stack:
/lib/x86_64-linux-gnu/libc.so.6(+0x354b0) [0x7f4110c694b0]
/data/opt/Xilinx/Vivado/2017.4/lib/lnx64.o/libLLVM-3.1.so(+0x74e144) [0x7f40ff738144]
/data/opt/Xilinx/Vivado/2017.4/lib/lnx64.o/libLLVM-3.1.so(+0x7537d7) [0x7f40ff73d7d7]
/data/opt/Xilinx/Vivado/2017.4/lib/lnx64.o/libLLVM-3.1.so(+0x7549b3) [0x7f40ff73e9b3]
/data/opt/Xilinx/Vivado/2017.4/lib/lnx64.o/libLLVM-3.1.so(llvm::Value::print(llvm::raw_ostream&, llvm::AssemblyAnnotationWriter*) const+0x234) [0x7f40ff7409e4]
/data/opt/Xilinx/Vivado/2017.4/lib/lnx64.o/libLLVM-3.1.so(+0x80ad7d) [0x7f40ff7f4d7d]
/data/opt/Xilinx/Vivado/2017.4/lib/lnx64.o/libLLVM-3.1.so(+0x80ccd9) [0x7f40ff7f6cd9]
/data/opt/Xilinx/Vivado/2017.4/lib/lnx64.o/libLLVM-3.1.so(llvm::FPPassManager::runOnFunction(llvm::Function&)+0x220) [0x7f40ff7df0c0]
/data/opt/Xilinx/Vivado/2017.4/lib/lnx64.o/libLLVM-3.1.so(llvm::FPPassManager::runOnModule(llvm::Module&)+0x33) [0x7f40ff7df4d3]
/data/opt/Xilinx/Vivado/2017.4/lib/lnx64.o/libLLVM-3.1.so(llvm::MPPassManager::runOnModule(llvm::Module&)+0x182) [0x7f40ff7df682]
/data/opt/Xilinx/Vivado/2017.4/lib/lnx64.o/libLLVM-3.1.so(llvm::PassManagerImpl::run(llvm::Module&)+0xac) [0x7f40ff7df83c]
/data/opt/Xilinx/Vivado/2017.4/lib/lnx64.o/libhls_main.so(+0x160afa) [0x7f41009f0afa]
/data/opt/Xilinx/Vivado/2017.4/lib/lnx64.o/libhls_support.so(xpcl::TclCommand::callback(int, Tcl_Obj* const*)+0x158b) [0x7f410064bf5b]
/data/opt/Xilinx/Vivado/2017.4/lib/lnx64.o/libhls_support.so(+0x68692) [0x7f410064c692]
/data/opt/Xilinx/Vivado/2017.4/lib/lnx64.o/libtcl8.5.so(+0x334af) [0x7f410cae04af]
/data/opt/Xilinx/Vivado/2017.4/lib/lnx64.o/libtcl8.5.so(+0x76875) [0x7f410cb23875]
/data/opt/Xilinx/Vivado/2017.4/lib/lnx64.o/libtcl8.5.so(+0x7e029) [0x7f410cb2b029]
/data/opt/Xilinx/Vivado/2017.4/lib/lnx64.o/libtcl8.5.so(TclEvalObjEx+0x76) [0x7f410cae2156]
/data/opt/Xilinx/Vivado/2017.4/lib/lnx64.o/librdi_commontasks.so(+0x1b2317) [0x7f41033e2317]
/data/opt/Xilinx/Vivado/2017.4/lib/lnx64.o/libtcl8.5.so(+0x334af) [0x7f410cae04af]
/data/opt/Xilinx/Vivado/2017.4/lib/lnx64.o/libtcl8.5.so(+0x76875) [0x7f410cb23875]
/data/opt/Xilinx/Vivado/2017.4/lib/lnx64.o/libtcl8.5.so(TclObjInterpProcCore+0x420) [0x7f410cb64df0]
/data/opt/Xilinx/Vivado/2017.4/lib/lnx64.o/libtcl8.5.so(+0x334af) [0x7f410cae04af]
/data/opt/Xilinx/Vivado/2017.4/lib/lnx64.o/libtcl8.5.so(+0x76875) [0x7f410cb23875]
/data/opt/Xilinx/Vivado/2017.4/lib/lnx64.o/libtcl8.5.so(+0x7e029) [0x7f410cb2b029]
/data/opt/Xilinx/Vivado/2017.4/lib/lnx64.o/libtcl8.5.so(TclEvalObjEx+0x76) [0x7f410cae2156]
/data/opt/Xilinx/Vivado/2017.4/lib/lnx64.o/librdi_commontasks.so(+0x1b2317) [0x7f41033e2317]
/data/opt/Xilinx/Vivado/2017.4/lib/lnx64.o/libtcl8.5.so(+0x334af) [0x7f410cae04af]
/data/opt/Xilinx/Vivado/2017.4/lib/lnx64.o/libtcl8.5.so(+0x76875) [0x7f410cb23875]
/data/opt/Xilinx/Vivado/2017.4/lib/lnx64.o/libtcl8.5.so(TclObjInterpProcCore+0x420) [0x7f410cb64df0]
/data/opt/Xilinx/Vivado/2017.4/lib/lnx64.o/libtcl8.5.so(+0x334af) [0x7f410cae04af]
/data/opt/Xilinx/Vivado/2017.4/lib/lnx64.o/libtcl8.5.so(+0x76875) [0x7f410cb23875]
/data/opt/Xilinx/Vivado/2017.4/lib/lnx64.o/libtcl8.5.so(TclObjInterpProcCore+0x420) [0x7f410cb64df0]
/data/opt/Xilinx/Vivado/2017.4/lib/lnx64.o/libtcl8.5.so(+0x334af) [0x7f410cae04af]
/data/opt/Xilinx/Vivado/2017.4/lib/lnx64.o/libtcl8.5.so(+0x76875) [0x7f410cb23875]
/data/opt/Xilinx/Vivado/2017.4/lib/lnx64.o/libtcl8.5.so(+0x7e029) [0x7f410cb2b029]
/data/opt/Xilinx/Vivado/2017.4/lib/lnx64.o/libtcl8.5.so(TclEvalObjEx+0x76) [0x7f410cae2156]
/data/opt/Xilinx/Vivado/2017.4/lib/lnx64.o/librdi_commontasks.so(+0x1b2317) [0x7f41033e2317]
/data/opt/Xilinx/Vivado/2017.4/lib/lnx64.o/libtcl8.5.so(+0x334af) [0x7f410cae04af]
/data/opt/Xilinx/Vivado/2017.4/lib/lnx64.o/libtcl8.5.so(+0x34b38) [0x7f410cae1b38]
/data/opt/Xilinx/Vivado/2017.4/lib/lnx64.o/libtcl8.5.so(+0xad486) [0x7f410cb5a486]
/data/opt/Xilinx/Vivado/2017.4/lib/lnx64.o/libtcl8.5.so(+0x346c5) [0x7f410cae16c5]
/data/opt/Xilinx/Vivado/2017.4/lib/lnx64.o/libtcl8.5.so(Tcl_EvalEx+0x13) [0x7f410cae20a3]
/data/opt/Xilinx/Vivado/2017.4/lib/lnx64.o/libtcl8.5.so(Tcl_Eval+0x15) [0x7f410cae20c5]
/data/opt/Xilinx/Vivado/2017.4/lib/lnx64.o/libhls_main.so(+0x128ee0) [0x7f41009b8ee0]
/data/opt/Xilinx/Vivado/2017.4/lib/lnx64.o/libhls_support.so(xpcl::TclCommand::callback(int, Tcl_Obj* const*)+0xbde) [0x7f410064b5ae]
/data/opt/Xilinx/Vivado/2017.4/lib/lnx64.o/libhls_support.so(+0x68692) [0x7f410064c692]
/data/opt/Xilinx/Vivado/2017.4/lib/lnx64.o/libtcl8.5.so(+0x334af) [0x7f410cae04af]
/data/opt/Xilinx/Vivado/2017.4/lib/lnx64.o/libtcl8.5.so(+0x76875) [0x7f410cb23875]
/data/opt/Xilinx/Vivado/2017.4/lib/lnx64.o/libtcl8.5.so(TclObjInterpProcCore+0x420) [0x7f410cb64df0]
/data/opt/Xilinx/Vivado/2017.4/lib/lnx64.o/libtcl8.5.so(+0x334af) [0x7f410cae04af]
/data/opt/Xilinx/Vivado/2017.4/lib/lnx64.o/libtcl8.5.so(+0x76875) [0x7f410cb23875]
/data/opt/Xilinx/Vivado/2017.4/lib/lnx64.o/libtcl8.5.so(+0x7e029) [0x7f410cb2b029]
/data/opt/Xilinx/Vivado/2017.4/lib/lnx64.o/libtcl8.5.so(TclEvalObjEx+0x76) [0x7f410cae2156]
/data/opt/Xilinx/Vivado/2017.4/lib/lnx64.o/librdi_commontasks.so(+0x1b2317) [0x7f41033e2317]
/data/opt/Xilinx/Vivado/2017.4/lib/lnx64.o/libtcl8.5.so(+0x334af) [0x7f410cae04af]
/data/opt/Xilinx/Vivado/2017.4/lib/lnx64.o/libtcl8.5.so(+0x34b38) [0x7f410cae1b38]
/data/opt/Xilinx/Vivado/2017.4/lib/lnx64.o/libtcl8.5.so(+0xad486) [0x7f410cb5a486]
/data/opt/Xilinx/Vivado/2017.4/lib/lnx64.o/libtcl8.5.so(+0x346c5) [0x7f410cae16c5]
/data/opt/Xilinx/Vivado/2017.4/lib/lnx64.o/libtcl8.5.so(Tcl_EvalEx+0x13) [0x7f410cae20a3]
/data/opt/Xilinx/Vivado/2017.4/lib/lnx64.o/libtcl8.5.so(Tcl_Eval+0x15) [0x7f410cae20c5]
/data/opt/Xilinx/Vivado/2017.4/lib/lnx64.o/libhls_main.so(+0x128ee0) [0x7f41009b8ee0]
/data/opt/Xilinx/Vivado/2017.4/lib/lnx64.o/libhls_support.so(xpcl::TclCommand::callback(int, Tcl_Obj* const*)+0xbde) [0x7f410064b5ae]
/data/opt/Xilinx/Vivado/2017.4/lib/lnx64.o/libhls_support.so(+0x68692) [0x7f410064c692]
/data/opt/Xilinx/Vivado/2017.4/lib/lnx64.o/libtcl8.5.so(+0x334af) [0x7f410cae04af]
/data/opt/Xilinx/Vivado/2017.4/lib/lnx64.o/libtcl8.5.so(+0x76875) [0x7f410cb23875]
/data/opt/Xilinx/Vivado/2017.4/lib/lnx64.o/libtcl8.5.so(TclObjInterpProcCore+0x420) [0x7f410cb64df0]
/data/opt/Xilinx/Vivado/2017.4/lib/lnx64.o/libtcl8.5.so(+0x334af) [0x7f410cae04af]
/data/opt/Xilinx/Vivado/2017.4/lib/lnx64.o/libtcl8.5.so(+0x76875) [0x7f410cb23875]
/data/opt/Xilinx/Vivado/2017.4/lib/lnx64.o/libtcl8.5.so(+0x7e029) [0x7f410cb2b029]
/data/opt/Xilinx/Vivado/2017.4/lib/lnx64.o/libtcl8.5.so(TclEvalObjEx+0x76) [0x7f410cae2156]
/data/opt/Xilinx/Vivado/2017.4/lib/lnx64.o/librdi_commontasks.so(+0x1b2317) [0x7f41033e2317]
/data/opt/Xilinx/Vivado/2017.4/lib/lnx64.o/libtcl8.5.so(+0x334af) [0x7f410cae04af]
/data/opt/Xilinx/Vivado/2017.4/lib/lnx64.o/libtcl8.5.so(+0x34b38) [0x7f410cae1b38]
/data/opt/Xilinx/Vivado/2017.4/lib/lnx64.o/libtcl8.5.so(+0xad486) [0x7f410cb5a486]
/data/opt/Xilinx/Vivado/2017.4/lib/lnx64.o/libtcl8.5.so(+0x346c5) [0x7f410cae16c5]
/data/opt/Xilinx/Vivado/2017.4/lib/lnx64.o/libtcl8.5.so(Tcl_EvalEx+0x13) [0x7f410cae20a3]
/data/opt/Xilinx/Vivado/2017.4/lib/lnx64.o/libtcl8.5.so(Tcl_Eval+0x15) [0x7f410cae20c5]
/data/opt/Xilinx/Vivado/2017.4/lib/lnx64.o/libhls_main.so(+0x128ee0) [0x7f41009b8ee0]
/data/opt/Xilinx/Vivado/2017.4/lib/lnx64.o/libhls_support.so(xpcl::TclCommand::callback(int, Tcl_Obj* const*)+0xbde) [0x7f410064b5ae]
/data/opt/Xilinx/Vivado/2017.4/lib/lnx64.o/libhls_support.so(+0x68692) [0x7f410064c692]
/data/opt/Xilinx/Vivado/2017.4/lib/lnx64.o/libtcl8.5.so(+0x334af) [0x7f410cae04af]
/data/opt/Xilinx/Vivado/2017.4/lib/lnx64.o/libtcl8.5.so(+0x34b38) [0x7f410cae1b38]
/data/opt/Xilinx/Vivado/2017.4/lib/lnx64.o/libtcl8.5.so(Tcl_EvalEx+0x13) [0x7f410cae20a3]
/data/opt/Xilinx/Vivado/2017.4/lib/lnx64.o/libtcl8.5.so(Tcl_FSEvalFileEx+0x1da) [0x7f410cb46c5a]
/data/opt/Xilinx/Vivado/2017.4/lib/lnx64.o/libhls_main.so(ApSourceTclFile(std::__cxx11::basic_string<char, std::char_traits<char>, std::allocator<char> > const&, char const*)+0x77) [0x7f41009b4307]
/data/opt/Xilinx/Vivado/2017.4/lib/lnx64.o/libhls_main.so(+0x1289c9) [0x7f41009b89c9]
/data/opt/Xilinx/Vivado/2017.4/lib/lnx64.o/libhls_support.so(xpcl::TclCommand::callback(int, Tcl_Obj* const*)+0xbde) [0x7f410064b5ae]
/data/opt/Xilinx/Vivado/2017.4/lib/lnx64.o/libhls_support.so(+0x68692) [0x7f410064c692]
/data/opt/Xilinx/Vivado/2017.4/lib/lnx64.o/libtcl8.5.so(+0x334af) [0x7f410cae04af]
/data/opt/Xilinx/Vivado/2017.4/lib/lnx64.o/libtcl8.5.so(+0x76875) [0x7f410cb23875]
/data/opt/Xilinx/Vivado/2017.4/lib/lnx64.o/libtcl8.5.so(+0x7e029) [0x7f410cb2b029]
/data/opt/Xilinx/Vivado/2017.4/lib/lnx64.o/libtcl8.5.so(TclEvalObjEx+0x76) [0x7f410cae2156]
/data/opt/Xilinx/Vivado/2017.4/lib/lnx64.o/libtcl8.5.so(+0xb7557) [0x7f410cb64557]
/data/opt/Xilinx/Vivado/2017.4/lib/lnx64.o/libtcl8.5.so(+0x334af) [0x7f410cae04af]
/data/opt/Xilinx/Vivado/2017.4/lib/lnx64.o/libtcl8.5.so(+0x76875) [0x7f410cb23875]
/data/opt/Xilinx/Vivado/2017.4/lib/lnx64.o/libtcl8.5.so(+0x7e029) [0x7f410cb2b029]
/data/opt/Xilinx/Vivado/2017.4/lib/lnx64.o/libtcl8.5.so(TclEvalObjEx+0x76) [0x7f410cae2156]
/data/opt/Xilinx/Vivado/2017.4/lib/lnx64.o/librdi_commontasks.so(+0x1b2317) [0x7f41033e2317]
/data/opt/Xilinx/Vivado/2017.4/lib/lnx64.o/libtcl8.5.so(+0x334af) [0x7f410cae04af]
/data/opt/Xilinx/Vivado/2017.4/lib/lnx64.o/libtcl8.5.so(+0x76875) [0x7f410cb23875]
/data/opt/Xilinx/Vivado/2017.4/lib/lnx64.o/libtcl8.5.so(TclObjInterpProcCore+0x420) [0x7f410cb64df0]
/data/opt/Xilinx/Vivado/2017.4/lib/lnx64.o/libtcl8.5.so(+0x334af) [0x7f410cae04af]
/data/opt/Xilinx/Vivado/2017.4/lib/lnx64.o/libtcl8.5.so(+0x76875) [0x7f410cb23875]
/data/opt/Xilinx/Vivado/2017.4/lib/lnx64.o/libtcl8.5.so(TclObjInterpProcCore+0x420) [0x7f410cb64df0]
/data/opt/Xilinx/Vivado/2017.4/lib/lnx64.o/libtcl8.5.so(+0x334af) [0x7f410cae04af]
/data/opt/Xilinx/Vivado/2017.4/lib/lnx64.o/libtcl8.5.so(+0x76875) [0x7f410cb23875]
/data/opt/Xilinx/Vivado/2017.4/lib/lnx64.o/libtcl8.5.so(TclObjInterpProcCore+0x420) [0x7f410cb64df0]
/data/opt/Xilinx/Vivado/2017.4/lib/lnx64.o/libtcl8.5.so(+0x334af) [0x7f410cae04af]
/data/opt/Xilinx/Vivado/2017.4/lib/lnx64.o/libtcl8.5.so(+0x76875) [0x7f410cb23875]
/data/opt/Xilinx/Vivado/2017.4/lib/lnx64.o/libtcl8.5.so(+0x7e029) [0x7f410cb2b029]
/data/opt/Xilinx/Vivado/2017.4/lib/lnx64.o/libtcl8.5.so(TclEvalObjEx+0x76) [0x7f410cae2156]
/data/opt/Xilinx/Vivado/2017.4/lib/lnx64.o/librdi_commontasks.so(+0x1b2317) [0x7f41033e2317]
/data/opt/Xilinx/Vivado/2017.4/lib/lnx64.o/libtcl8.5.so(+0x334af) [0x7f410cae04af]
/data/opt/Xilinx/Vivado/2017.4/lib/lnx64.o/libtcl8.5.so(+0x34b38) [0x7f410cae1b38]
/data/opt/Xilinx/Vivado/2017.4/lib/lnx64.o/libtcl8.5.so(+0xad486) [0x7f410cb5a486]
/data/opt/Xilinx/Vivado/2017.4/lib/lnx64.o/libtcl8.5.so(+0x346c5) [0x7f410cae16c5]
/data/opt/Xilinx/Vivado/2017.4/lib/lnx64.o/libtcl8.5.so(Tcl_EvalEx+0x13) [0x7f410cae20a3]
/data/opt/Xilinx/Vivado/2017.4/lib/lnx64.o/libtcl8.5.so(Tcl_Eval+0x15) [0x7f410cae20c5]
/data/opt/Xilinx/Vivado/2017.4/lib/lnx64.o/libhls_main.so(+0x128ee0) [0x7f41009b8ee0]
/data/opt/Xilinx/Vivado/2017.4/lib/lnx64.o/libhls_support.so(xpcl::TclCommand::callback(int, Tcl_Obj* const*)+0xbde) [0x7f410064b5ae]
/data/opt/Xilinx/Vivado/2017.4/lib/lnx64.o/libhls_support.so(+0x68692) [0x7f410064c692]
/data/opt/Xilinx/Vivado/2017.4/lib/lnx64.o/libtcl8.5.so(+0x334af) [0x7f410cae04af]
/data/opt/Xilinx/Vivado/2017.4/lib/lnx64.o/libtcl8.5.so(+0x34b38) [0x7f410cae1b38]
/data/opt/Xilinx/Vivado/2017.4/lib/lnx64.o/libtcl8.5.so(Tcl_EvalEx+0x13) [0x7f410cae20a3]
/data/opt/Xilinx/Vivado/2017.4/lib/lnx64.o/libtcl8.5.so(TclEvalObjEx+0x1e0) [0x7f410cae22c0]
/data/opt/Xilinx/Vivado/2017.4/lib/lnx64.o/libtcl8.5.so(+0x3b375) [0x7f410cae8375]
/data/opt/Xilinx/Vivado/2017.4/lib/lnx64.o/libtcl8.5.so(+0x334af) [0x7f410cae04af]
/data/opt/Xilinx/Vivado/2017.4/lib/lnx64.o/libtcl8.5.so(+0x76875) [0x7f410cb23875]
/data/opt/Xilinx/Vivado/2017.4/lib/lnx64.o/libtcl8.5.so(+0x7e029) [0x7f410cb2b029]
/data/opt/Xilinx/Vivado/2017.4/lib/lnx64.o/libtcl8.5.so(TclEvalObjEx+0x76) [0x7f410cae2156]
/data/opt/Xilinx/Vivado/2017.4/lib/lnx64.o/librdi_commontasks.so(+0x1b2317) [0x7f41033e2317]
/data/opt/Xilinx/Vivado/2017.4/lib/lnx64.o/libtcl8.5.so(+0x334af) [0x7f410cae04af]
/data/opt/Xilinx/Vivado/2017.4/lib/lnx64.o/libtcl8.5.so(+0x76875) [0x7f410cb23875]
/data/opt/Xilinx/Vivado/2017.4/lib/lnx64.o/libtcl8.5.so(TclObjInterpProcCore+0x420) [0x7f410cb64df0]
/data/opt/Xilinx/Vivado/2017.4/lib/lnx64.o/libtcl8.5.so(+0x334af) [0x7f410cae04af]
/data/opt/Xilinx/Vivado/2017.4/lib/lnx64.o/libtcl8.5.so(+0x76875) [0x7f410cb23875]
/data/opt/Xilinx/Vivado/2017.4/lib/lnx64.o/libtcl8.5.so(TclObjInterpProcCore+0x420) [0x7f410cb64df0]
/data/opt/Xilinx/Vivado/2017.4/lib/lnx64.o/libtcl8.5.so(+0x334af) [0x7f410cae04af]
/data/opt/Xilinx/Vivado/2017.4/lib/lnx64.o/libtcl8.5.so(+0x34b38) [0x7f410cae1b38]
/data/opt/Xilinx/Vivado/2017.4/lib/lnx64.o/libtcl8.5.so(Tcl_EvalEx+0x13) [0x7f410cae20a3]
/data/opt/Xilinx/Vivado/2017.4/lib/lnx64.o/libtcl8.5.so(Tcl_Eval+0x15) [0x7f410cae20c5]
/data/opt/Xilinx/Vivado/2017.4/lib/lnx64.o/libhls_support.so(+0x637d0) [0x7f41006477d0]
/data/opt/Xilinx/Vivado/2017.4/lib/lnx64.o/libhls_support.so(xpcl::TclManager::tclMain(Tcl_Interp*)+0xc) [0x7f41006479bc]
/data/opt/Xilinx/Vivado/2017.4/lib/lnx64.o/librdi_hlstasks.so(+0xa2ed) [0x7f4100dfd2ed]
/data/opt/Xilinx/Vivado/2017.4/lib/lnx64.o/librdi_common.so(+0x747f82) [0x7f4111ee6f82]
/data/opt/Xilinx/Vivado/2017.4/lib/lnx64.o/libtcl8.5.so(+0x334af) [0x7f410cae04af]
/data/opt/Xilinx/Vivado/2017.4/lib/lnx64.o/libtcl8.5.so(+0x34b38) [0x7f410cae1b38]
/data/opt/Xilinx/Vivado/2017.4/lib/lnx64.o/libtcl8.5.so(Tcl_EvalEx+0x13) [0x7f410cae20a3]
/data/opt/Xilinx/Vivado/2017.4/lib/lnx64.o/libtcl8.5.so(TclEvalObjEx+0x3cf) [0x7f410cae24af]
/data/opt/Xilinx/Vivado/2017.4/lib/lnx64.o/libtcl8.5.so(+0xb74a9) [0x7f410cb644a9]
/data/opt/Xilinx/Vivado/2017.4/lib/lnx64.o/libtcl8.5.so(+0x334af) [0x7f410cae04af]
/data/opt/Xilinx/Vivado/2017.4/lib/lnx64.o/libtcl8.5.so(+0x76875) [0x7f410cb23875]
/data/opt/Xilinx/Vivado/2017.4/lib/lnx64.o/libtcl8.5.so(TclObjInterpProcCore+0x420) [0x7f410cb64df0]
/data/opt/Xilinx/Vivado/2017.4/lib/lnx64.o/libtcl8.5.so(+0x334af) [0x7f410cae04af]
/data/opt/Xilinx/Vivado/2017.4/lib/lnx64.o/libtcl8.5.so(+0x76875) [0x7f410cb23875]
/data/opt/Xilinx/Vivado/2017.4/lib/lnx64.o/libtcl8.5.so(+0x7e029) [0x7f410cb2b029]
/data/opt/Xilinx/Vivado/2017.4/lib/lnx64.o/libtcl8.5.so(TclEvalObjEx+0x76) [0x7f410cae2156]
/data/opt/Xilinx/Vivado/2017.4/lib/lnx64.o/librdi_commontasks.so(+0x1b23b4) [0x7f41033e23b4]
/data/opt/Xilinx/Vivado/2017.4/lib/lnx64.o/libtcl8.5.so(+0x334af) [0x7f410cae04af]
/data/opt/Xilinx/Vivado/2017.4/lib/lnx64.o/libtcl8.5.so(+0x34b38) [0x7f410cae1b38]
/data/opt/Xilinx/Vivado/2017.4/lib/lnx64.o/libtcl8.5.so(+0xad486) [0x7f410cb5a486]
/data/opt/Xilinx/Vivado/2017.4/lib/lnx64.o/libtcl8.5.so(+0x346c5) [0x7f410cae16c5]
/data/opt/Xilinx/Vivado/2017.4/lib/lnx64.o/libtcl8.5.so(Tcl_EvalEx+0x13) [0x7f410cae20a3]
/data/opt/Xilinx/Vivado/2017.4/lib/lnx64.o/libtcl8.5.so(Tcl_FSEvalFileEx+0x1da) [0x7f410cb46c5a]
/data/opt/Xilinx/Vivado/2017.4/lib/lnx64.o/librdi_commontasks.so(+0x1cf54d) [0x7f41033ff54d]
/data/opt/Xilinx/Vivado/2017.4/lib/lnx64.o/librdi_common.so(+0x747f82) [0x7f4111ee6f82]
/data/opt/Xilinx/Vivado/2017.4/lib/lnx64.o/libtcl8.5.so(+0x334af) [0x7f410cae04af]
/data/opt/Xilinx/Vivado/2017.4/lib/lnx64.o/libtcl8.5.so(Tcl_EvalObjv+0x32) [0x7f410cae05e2]
/data/opt/Xilinx/Vivado/2017.4/lib/lnx64.o/libtcl8.5.so(TclEvalObjEx+0x322) [0x7f410cae2402]
/data/opt/Xilinx/Vivado/2017.4/lib/lnx64.o/librdi_commontasks.so(+0x200b6f) [0x7f4103430b6f]
/data/opt/Xilinx/Vivado/2017.4/lib/lnx64.o/librdi_commontasks.so(+0x20223e) [0x7f410343223e]
/data/opt/Xilinx/Vivado/2017.4/lib/lnx64.o/librdi_common.so(+0x747f82) [0x7f4111ee6f82]
/data/opt/Xilinx/Vivado/2017.4/lib/lnx64.o/libtcl8.5.so(+0x334af) [0x7f410cae04af]
/data/opt/Xilinx/Vivado/2017.4/lib/lnx64.o/libtcl8.5.so(Tcl_EvalObjv+0x32) [0x7f410cae05e2]
/data/opt/Xilinx/Vivado/2017.4/lib/lnx64.o/libtcl8.5.so(TclEvalObjEx+0x322) [0x7f410cae2402]
/data/opt/Xilinx/Vivado/2017.4/lib/lnx64.o/librdi_commonmain.so(+0x7414) [0x7f411159b414]
/data/opt/Xilinx/Vivado/2017.4/lib/lnx64.o/libtcl8.5.so(Tcl_Main+0x1d0) [0x7f410cb4d210]
/data/opt/Xilinx/Vivado/2017.4/lib/lnx64.o/librdi_common.so(+0x78ad0b) [0x7f4111f29d0b]
/lib/x86_64-linux-gnu/libpthread.so.0(+0x76ba) [0x7f410ab026ba]
/lib/x86_64-linux-gnu/libc.so.6(clone+0x6d) [0x7f4110d3b41d]
