
*** Running vivado
    with args -log bmeSensor_wrapper.vdi -applog -m64 -product Vivado -messageDb vivado.pb -mode batch -source bmeSensor_wrapper.tcl -notrace


****** Vivado v2017.4 (64-bit)
  **** SW Build 2086221 on Fri Dec 15 20:54:30 MST 2017
  **** IP Build 2085800 on Fri Dec 15 22:25:07 MST 2017
    ** Copyright 1986-2017 Xilinx, Inc. All Rights Reserved.

source bmeSensor_wrapper.tcl -notrace
INFO: [IP_Flow 19-234] Refreshing IP repositories
INFO: [IP_Flow 19-1700] Loaded user IP repository '/home/iavendano/pynq-copter/pynqcopter/ip'.
INFO: [IP_Flow 19-2313] Loaded Vivado IP repository '/data/opt/Xilinx/Vivado/2017.4/data/ip'.
CRITICAL WARNING: [IP_Flow 19-1663] Duplicate IP found for 'UCSD:hlsip:bmesensor:1.0'. The one found in IP location '/home/iavendano/pynq-copter/pynqcopter/ip/bmesensor/bmesensor/bmesensor/impl/ip' will take precedence over the same IP in location /home/iavendano/pynq-copter/pynqcopter/ip/bmesensor2/bmesensor2/bmesensor/impl/ip
Command: link_design -top bmeSensor_wrapper -part xc7z020clg400-1
Design is defaulting to srcset: sources_1
Design is defaulting to constrset: constrs_1
INFO: [Project 1-454] Reading design checkpoint '/home/iavendano/pynq-copter/pynqcopter/bmeSensor/bmeSensor/bmeSensor.srcs/sources_1/bd/bmeSensor/ip/bmeSensor_axi_iic_0_0/bmeSensor_axi_iic_0_0.dcp' for cell 'bmeSensor_i/axi_iic_0'
INFO: [Project 1-454] Reading design checkpoint '/home/iavendano/pynq-copter/pynqcopter/bmeSensor/bmeSensor/bmeSensor.srcs/sources_1/bd/bmeSensor/ip/bmeSensor_bmesensor_0_0/bmeSensor_bmesensor_0_0.dcp' for cell 'bmeSensor_i/bmesensor_0'
INFO: [Project 1-454] Reading design checkpoint '/home/iavendano/pynq-copter/pynqcopter/bmeSensor/bmeSensor/bmeSensor.srcs/sources_1/bd/bmeSensor/ip/bmeSensor_processing_system7_0_0/bmeSensor_processing_system7_0_0.dcp' for cell 'bmeSensor_i/processing_system7_0'
INFO: [Project 1-454] Reading design checkpoint '/home/iavendano/pynq-copter/pynqcopter/bmeSensor/bmeSensor/bmeSensor.srcs/sources_1/bd/bmeSensor/ip/bmeSensor_rst_ps7_0_100M_0/bmeSensor_rst_ps7_0_100M_0.dcp' for cell 'bmeSensor_i/rst_ps7_0_100M'
INFO: [Project 1-454] Reading design checkpoint '/home/iavendano/pynq-copter/pynqcopter/bmeSensor/bmeSensor/bmeSensor.srcs/sources_1/bd/bmeSensor/ip/bmeSensor_s01_mmu_0/bmeSensor_s01_mmu_0.dcp' for cell 'bmeSensor_i/ps7_0_axi_periph/s01_mmu'
INFO: [Project 1-454] Reading design checkpoint '/home/iavendano/pynq-copter/pynqcopter/bmeSensor/bmeSensor/bmeSensor.srcs/sources_1/bd/bmeSensor/ip/bmeSensor_xbar_0/bmeSensor_xbar_0.dcp' for cell 'bmeSensor_i/ps7_0_axi_periph/xbar'
INFO: [Project 1-454] Reading design checkpoint '/home/iavendano/pynq-copter/pynqcopter/bmeSensor/bmeSensor/bmeSensor.srcs/sources_1/bd/bmeSensor/ip/bmeSensor_auto_pc_0/bmeSensor_auto_pc_0.dcp' for cell 'bmeSensor_i/ps7_0_axi_periph/s00_couplers/auto_pc'
INFO: [Project 1-454] Reading design checkpoint '/home/iavendano/pynq-copter/pynqcopter/bmeSensor/bmeSensor/bmeSensor.srcs/sources_1/bd/bmeSensor/ip/bmeSensor_auto_pc_1/bmeSensor_auto_pc_1.dcp' for cell 'bmeSensor_i/ps7_0_axi_periph/s01_couplers/auto_pc'
INFO: [Netlist 29-17] Analyzing 227 Unisim elements for replacement
INFO: [Netlist 29-28] Unisim Transformation completed in 0 CPU seconds
INFO: [Project 1-479] Netlist was created with Vivado 2017.4
INFO: [Device 21-403] Loading part xc7z020clg400-1
INFO: [Project 1-570] Preparing netlist for logic optimization
Parsing XDC File [/home/iavendano/pynq-copter/pynqcopter/bmeSensor/bmeSensor/bmeSensor.srcs/sources_1/bd/bmeSensor/ip/bmeSensor_axi_iic_0_0/bmeSensor_axi_iic_0_0_board.xdc] for cell 'bmeSensor_i/axi_iic_0/U0'
Finished Parsing XDC File [/home/iavendano/pynq-copter/pynqcopter/bmeSensor/bmeSensor/bmeSensor.srcs/sources_1/bd/bmeSensor/ip/bmeSensor_axi_iic_0_0/bmeSensor_axi_iic_0_0_board.xdc] for cell 'bmeSensor_i/axi_iic_0/U0'
Parsing XDC File [/home/iavendano/pynq-copter/pynqcopter/bmeSensor/bmeSensor/bmeSensor.srcs/sources_1/bd/bmeSensor/ip/bmeSensor_processing_system7_0_0/bmeSensor_processing_system7_0_0.xdc] for cell 'bmeSensor_i/processing_system7_0/inst'
Finished Parsing XDC File [/home/iavendano/pynq-copter/pynqcopter/bmeSensor/bmeSensor/bmeSensor.srcs/sources_1/bd/bmeSensor/ip/bmeSensor_processing_system7_0_0/bmeSensor_processing_system7_0_0.xdc] for cell 'bmeSensor_i/processing_system7_0/inst'
Parsing XDC File [/home/iavendano/pynq-copter/pynqcopter/bmeSensor/bmeSensor/bmeSensor.srcs/sources_1/bd/bmeSensor/ip/bmeSensor_rst_ps7_0_100M_0/bmeSensor_rst_ps7_0_100M_0_board.xdc] for cell 'bmeSensor_i/rst_ps7_0_100M/U0'
Finished Parsing XDC File [/home/iavendano/pynq-copter/pynqcopter/bmeSensor/bmeSensor/bmeSensor.srcs/sources_1/bd/bmeSensor/ip/bmeSensor_rst_ps7_0_100M_0/bmeSensor_rst_ps7_0_100M_0_board.xdc] for cell 'bmeSensor_i/rst_ps7_0_100M/U0'
Parsing XDC File [/home/iavendano/pynq-copter/pynqcopter/bmeSensor/bmeSensor/bmeSensor.srcs/sources_1/bd/bmeSensor/ip/bmeSensor_rst_ps7_0_100M_0/bmeSensor_rst_ps7_0_100M_0.xdc] for cell 'bmeSensor_i/rst_ps7_0_100M/U0'
Finished Parsing XDC File [/home/iavendano/pynq-copter/pynqcopter/bmeSensor/bmeSensor/bmeSensor.srcs/sources_1/bd/bmeSensor/ip/bmeSensor_rst_ps7_0_100M_0/bmeSensor_rst_ps7_0_100M_0.xdc] for cell 'bmeSensor_i/rst_ps7_0_100M/U0'
Parsing XDC File [/home/iavendano/pynq-copter/pynqcopter/bmeSensor/design.xdc]
WARNING: [Vivado 12-584] No ports matched 'arduino_gpio_tri_io[0]'. [/home/iavendano/pynq-copter/pynqcopter/bmeSensor/design.xdc:49]
CRITICAL WARNING: [Common 17-55] 'set_property' expects at least one object. [/home/iavendano/pynq-copter/pynqcopter/bmeSensor/design.xdc:49]
Resolution: If [get_<value>] was used to populate the object, check to make sure this command returns at least one valid object.
WARNING: [Vivado 12-584] No ports matched 'arduino_gpio_tri_io[1]'. [/home/iavendano/pynq-copter/pynqcopter/bmeSensor/design.xdc:50]
CRITICAL WARNING: [Common 17-55] 'set_property' expects at least one object. [/home/iavendano/pynq-copter/pynqcopter/bmeSensor/design.xdc:50]
Resolution: If [get_<value>] was used to populate the object, check to make sure this command returns at least one valid object.
WARNING: [Vivado 12-584] No ports matched 'arduino_gpio_tri_io[2]'. [/home/iavendano/pynq-copter/pynqcopter/bmeSensor/design.xdc:51]
CRITICAL WARNING: [Common 17-55] 'set_property' expects at least one object. [/home/iavendano/pynq-copter/pynqcopter/bmeSensor/design.xdc:51]
Resolution: If [get_<value>] was used to populate the object, check to make sure this command returns at least one valid object.
WARNING: [Vivado 12-584] No ports matched 'arduino_gpio_tri_io[3]'. [/home/iavendano/pynq-copter/pynqcopter/bmeSensor/design.xdc:52]
CRITICAL WARNING: [Common 17-55] 'set_property' expects at least one object. [/home/iavendano/pynq-copter/pynqcopter/bmeSensor/design.xdc:52]
Resolution: If [get_<value>] was used to populate the object, check to make sure this command returns at least one valid object.
WARNING: [Vivado 12-584] No ports matched 'arduino_gpio_tri_io[4]'. [/home/iavendano/pynq-copter/pynqcopter/bmeSensor/design.xdc:53]
CRITICAL WARNING: [Common 17-55] 'set_property' expects at least one object. [/home/iavendano/pynq-copter/pynqcopter/bmeSensor/design.xdc:53]
Resolution: If [get_<value>] was used to populate the object, check to make sure this command returns at least one valid object.
WARNING: [Vivado 12-584] No ports matched 'arduino_gpio_tri_io[5]'. [/home/iavendano/pynq-copter/pynqcopter/bmeSensor/design.xdc:55]
CRITICAL WARNING: [Common 17-55] 'set_property' expects at least one object. [/home/iavendano/pynq-copter/pynqcopter/bmeSensor/design.xdc:55]
Resolution: If [get_<value>] was used to populate the object, check to make sure this command returns at least one valid object.
WARNING: [Vivado 12-584] No ports matched 'arduino_gpio_tri_io[6]'. [/home/iavendano/pynq-copter/pynqcopter/bmeSensor/design.xdc:56]
CRITICAL WARNING: [Common 17-55] 'set_property' expects at least one object. [/home/iavendano/pynq-copter/pynqcopter/bmeSensor/design.xdc:56]
Resolution: If [get_<value>] was used to populate the object, check to make sure this command returns at least one valid object.
WARNING: [Vivado 12-584] No ports matched 'arduino_gpio_tri_io[7]'. [/home/iavendano/pynq-copter/pynqcopter/bmeSensor/design.xdc:57]
CRITICAL WARNING: [Common 17-55] 'set_property' expects at least one object. [/home/iavendano/pynq-copter/pynqcopter/bmeSensor/design.xdc:57]
Resolution: If [get_<value>] was used to populate the object, check to make sure this command returns at least one valid object.
WARNING: [Vivado 12-584] No ports matched 'arduino_gpio_tri_io[8]'. [/home/iavendano/pynq-copter/pynqcopter/bmeSensor/design.xdc:58]
CRITICAL WARNING: [Common 17-55] 'set_property' expects at least one object. [/home/iavendano/pynq-copter/pynqcopter/bmeSensor/design.xdc:58]
Resolution: If [get_<value>] was used to populate the object, check to make sure this command returns at least one valid object.
WARNING: [Vivado 12-584] No ports matched 'arduino_gpio_tri_io[9]'. [/home/iavendano/pynq-copter/pynqcopter/bmeSensor/design.xdc:59]
CRITICAL WARNING: [Common 17-55] 'set_property' expects at least one object. [/home/iavendano/pynq-copter/pynqcopter/bmeSensor/design.xdc:59]
Resolution: If [get_<value>] was used to populate the object, check to make sure this command returns at least one valid object.
WARNING: [Vivado 12-584] No ports matched 'arduino_gpio_tri_io[10]'. [/home/iavendano/pynq-copter/pynqcopter/bmeSensor/design.xdc:61]
CRITICAL WARNING: [Common 17-55] 'set_property' expects at least one object. [/home/iavendano/pynq-copter/pynqcopter/bmeSensor/design.xdc:61]
Resolution: If [get_<value>] was used to populate the object, check to make sure this command returns at least one valid object.
WARNING: [Vivado 12-584] No ports matched 'arduino_gpio_tri_io[11]'. [/home/iavendano/pynq-copter/pynqcopter/bmeSensor/design.xdc:62]
CRITICAL WARNING: [Common 17-55] 'set_property' expects at least one object. [/home/iavendano/pynq-copter/pynqcopter/bmeSensor/design.xdc:62]
Resolution: If [get_<value>] was used to populate the object, check to make sure this command returns at least one valid object.
WARNING: [Vivado 12-584] No ports matched 'arduino_gpio_tri_io[12]'. [/home/iavendano/pynq-copter/pynqcopter/bmeSensor/design.xdc:63]
CRITICAL WARNING: [Common 17-55] 'set_property' expects at least one object. [/home/iavendano/pynq-copter/pynqcopter/bmeSensor/design.xdc:63]
Resolution: If [get_<value>] was used to populate the object, check to make sure this command returns at least one valid object.
WARNING: [Vivado 12-584] No ports matched 'arduino_gpio_tri_io[13]'. [/home/iavendano/pynq-copter/pynqcopter/bmeSensor/design.xdc:64]
CRITICAL WARNING: [Common 17-55] 'set_property' expects at least one object. [/home/iavendano/pynq-copter/pynqcopter/bmeSensor/design.xdc:64]
Resolution: If [get_<value>] was used to populate the object, check to make sure this command returns at least one valid object.
WARNING: [Vivado 12-584] No ports matched 'arduino_gpio_tri_io[14]'. [/home/iavendano/pynq-copter/pynqcopter/bmeSensor/design.xdc:65]
CRITICAL WARNING: [Common 17-55] 'set_property' expects at least one object. [/home/iavendano/pynq-copter/pynqcopter/bmeSensor/design.xdc:65]
Resolution: If [get_<value>] was used to populate the object, check to make sure this command returns at least one valid object.
WARNING: [Vivado 12-584] No ports matched 'arduino_gpio_tri_io[15]'. [/home/iavendano/pynq-copter/pynqcopter/bmeSensor/design.xdc:67]
CRITICAL WARNING: [Common 17-55] 'set_property' expects at least one object. [/home/iavendano/pynq-copter/pynqcopter/bmeSensor/design.xdc:67]
Resolution: If [get_<value>] was used to populate the object, check to make sure this command returns at least one valid object.
WARNING: [Vivado 12-584] No ports matched 'arduino_gpio_tri_io[16]'. [/home/iavendano/pynq-copter/pynqcopter/bmeSensor/design.xdc:68]
CRITICAL WARNING: [Common 17-55] 'set_property' expects at least one object. [/home/iavendano/pynq-copter/pynqcopter/bmeSensor/design.xdc:68]
Resolution: If [get_<value>] was used to populate the object, check to make sure this command returns at least one valid object.
WARNING: [Vivado 12-584] No ports matched 'arduino_gpio_tri_io[17]'. [/home/iavendano/pynq-copter/pynqcopter/bmeSensor/design.xdc:69]
CRITICAL WARNING: [Common 17-55] 'set_property' expects at least one object. [/home/iavendano/pynq-copter/pynqcopter/bmeSensor/design.xdc:69]
Resolution: If [get_<value>] was used to populate the object, check to make sure this command returns at least one valid object.
WARNING: [Vivado 12-584] No ports matched 'arduino_gpio_tri_io[18]'. [/home/iavendano/pynq-copter/pynqcopter/bmeSensor/design.xdc:70]
CRITICAL WARNING: [Common 17-55] 'set_property' expects at least one object. [/home/iavendano/pynq-copter/pynqcopter/bmeSensor/design.xdc:70]
Resolution: If [get_<value>] was used to populate the object, check to make sure this command returns at least one valid object.
WARNING: [Vivado 12-584] No ports matched 'arduino_gpio_tri_io[19]'. [/home/iavendano/pynq-copter/pynqcopter/bmeSensor/design.xdc:71]
CRITICAL WARNING: [Common 17-55] 'set_property' expects at least one object. [/home/iavendano/pynq-copter/pynqcopter/bmeSensor/design.xdc:71]
Resolution: If [get_<value>] was used to populate the object, check to make sure this command returns at least one valid object.
WARNING: [Vivado 12-584] No ports matched 'arduino_gpio_tri_io[*]'. [/home/iavendano/pynq-copter/pynqcopter/bmeSensor/design.xdc:76]
CRITICAL WARNING: [Common 17-55] 'set_property' expects at least one object. [/home/iavendano/pynq-copter/pynqcopter/bmeSensor/design.xdc:76]
Resolution: If [get_<value>] was used to populate the object, check to make sure this command returns at least one valid object.
WARNING: [Vivado 12-584] No ports matched 'pmodJA_gpio_tri_io[1]'. [/home/iavendano/pynq-copter/pynqcopter/bmeSensor/design.xdc:79]
CRITICAL WARNING: [Common 17-55] 'set_property' expects at least one object. [/home/iavendano/pynq-copter/pynqcopter/bmeSensor/design.xdc:79]
Resolution: If [get_<value>] was used to populate the object, check to make sure this command returns at least one valid object.
WARNING: [Vivado 12-584] No ports matched 'pmodJA_gpio_tri_io[0]'. [/home/iavendano/pynq-copter/pynqcopter/bmeSensor/design.xdc:80]
CRITICAL WARNING: [Common 17-55] 'set_property' expects at least one object. [/home/iavendano/pynq-copter/pynqcopter/bmeSensor/design.xdc:80]
Resolution: If [get_<value>] was used to populate the object, check to make sure this command returns at least one valid object.
WARNING: [Vivado 12-584] No ports matched 'pmodJA_gpio_tri_io[3]'. [/home/iavendano/pynq-copter/pynqcopter/bmeSensor/design.xdc:81]
CRITICAL WARNING: [Common 17-55] 'set_property' expects at least one object. [/home/iavendano/pynq-copter/pynqcopter/bmeSensor/design.xdc:81]
Resolution: If [get_<value>] was used to populate the object, check to make sure this command returns at least one valid object.
WARNING: [Vivado 12-584] No ports matched 'pmodJA_gpio_tri_io[2]'. [/home/iavendano/pynq-copter/pynqcopter/bmeSensor/design.xdc:82]
CRITICAL WARNING: [Common 17-55] 'set_property' expects at least one object. [/home/iavendano/pynq-copter/pynqcopter/bmeSensor/design.xdc:82]
Resolution: If [get_<value>] was used to populate the object, check to make sure this command returns at least one valid object.
WARNING: [Vivado 12-584] No ports matched 'pmodJA_gpio_tri_io[5]'. [/home/iavendano/pynq-copter/pynqcopter/bmeSensor/design.xdc:83]
CRITICAL WARNING: [Common 17-55] 'set_property' expects at least one object. [/home/iavendano/pynq-copter/pynqcopter/bmeSensor/design.xdc:83]
Resolution: If [get_<value>] was used to populate the object, check to make sure this command returns at least one valid object.
WARNING: [Vivado 12-584] No ports matched 'pmodJA_gpio_tri_io[4]'. [/home/iavendano/pynq-copter/pynqcopter/bmeSensor/design.xdc:84]
CRITICAL WARNING: [Common 17-55] 'set_property' expects at least one object. [/home/iavendano/pynq-copter/pynqcopter/bmeSensor/design.xdc:84]
Resolution: If [get_<value>] was used to populate the object, check to make sure this command returns at least one valid object.
WARNING: [Vivado 12-584] No ports matched 'pmodJA_gpio_tri_io[7]'. [/home/iavendano/pynq-copter/pynqcopter/bmeSensor/design.xdc:85]
CRITICAL WARNING: [Common 17-55] 'set_property' expects at least one object. [/home/iavendano/pynq-copter/pynqcopter/bmeSensor/design.xdc:85]
Resolution: If [get_<value>] was used to populate the object, check to make sure this command returns at least one valid object.
WARNING: [Vivado 12-584] No ports matched 'pmodJA_gpio_tri_io[6]'. [/home/iavendano/pynq-copter/pynqcopter/bmeSensor/design.xdc:86]
CRITICAL WARNING: [Common 17-55] 'set_property' expects at least one object. [/home/iavendano/pynq-copter/pynqcopter/bmeSensor/design.xdc:86]
Resolution: If [get_<value>] was used to populate the object, check to make sure this command returns at least one valid object.
WARNING: [Vivado 12-584] No ports matched 'pmodJA_gpio_tri_io[2]'. [/home/iavendano/pynq-copter/pynqcopter/bmeSensor/design.xdc:87]
CRITICAL WARNING: [Common 17-55] 'set_property' expects at least one object. [/home/iavendano/pynq-copter/pynqcopter/bmeSensor/design.xdc:87]
Resolution: If [get_<value>] was used to populate the object, check to make sure this command returns at least one valid object.
WARNING: [Vivado 12-584] No ports matched 'pmodJA_gpio_tri_io[3]'. [/home/iavendano/pynq-copter/pynqcopter/bmeSensor/design.xdc:88]
CRITICAL WARNING: [Common 17-55] 'set_property' expects at least one object. [/home/iavendano/pynq-copter/pynqcopter/bmeSensor/design.xdc:88]
Resolution: If [get_<value>] was used to populate the object, check to make sure this command returns at least one valid object.
WARNING: [Vivado 12-584] No ports matched 'pmodJA_gpio_tri_io[6]'. [/home/iavendano/pynq-copter/pynqcopter/bmeSensor/design.xdc:89]
CRITICAL WARNING: [Common 17-55] 'set_property' expects at least one object. [/home/iavendano/pynq-copter/pynqcopter/bmeSensor/design.xdc:89]
Resolution: If [get_<value>] was used to populate the object, check to make sure this command returns at least one valid object.
WARNING: [Vivado 12-584] No ports matched 'pmodJA_gpio_tri_io[7]'. [/home/iavendano/pynq-copter/pynqcopter/bmeSensor/design.xdc:90]
CRITICAL WARNING: [Common 17-55] 'set_property' expects at least one object. [/home/iavendano/pynq-copter/pynqcopter/bmeSensor/design.xdc:90]
Resolution: If [get_<value>] was used to populate the object, check to make sure this command returns at least one valid object.
WARNING: [Vivado 12-584] No ports matched 'pmodJB_gpio_tri_io[1]'. [/home/iavendano/pynq-copter/pynqcopter/bmeSensor/design.xdc:93]
CRITICAL WARNING: [Common 17-55] 'set_property' expects at least one object. [/home/iavendano/pynq-copter/pynqcopter/bmeSensor/design.xdc:93]
Resolution: If [get_<value>] was used to populate the object, check to make sure this command returns at least one valid object.
WARNING: [Vivado 12-584] No ports matched 'pmodJB_gpio_tri_io[0]'. [/home/iavendano/pynq-copter/pynqcopter/bmeSensor/design.xdc:94]
CRITICAL WARNING: [Common 17-55] 'set_property' expects at least one object. [/home/iavendano/pynq-copter/pynqcopter/bmeSensor/design.xdc:94]
Resolution: If [get_<value>] was used to populate the object, check to make sure this command returns at least one valid object.
WARNING: [Vivado 12-584] No ports matched 'pmodJB_gpio_tri_io[3]'. [/home/iavendano/pynq-copter/pynqcopter/bmeSensor/design.xdc:95]
CRITICAL WARNING: [Common 17-55] 'set_property' expects at least one object. [/home/iavendano/pynq-copter/pynqcopter/bmeSensor/design.xdc:95]
Resolution: If [get_<value>] was used to populate the object, check to make sure this command returns at least one valid object.
WARNING: [Vivado 12-584] No ports matched 'pmodJB_gpio_tri_io[2]'. [/home/iavendano/pynq-copter/pynqcopter/bmeSensor/design.xdc:96]
CRITICAL WARNING: [Common 17-55] 'set_property' expects at least one object. [/home/iavendano/pynq-copter/pynqcopter/bmeSensor/design.xdc:96]
Resolution: If [get_<value>] was used to populate the object, check to make sure this command returns at least one valid object.
WARNING: [Vivado 12-584] No ports matched 'pmodJB_gpio_tri_io[5]'. [/home/iavendano/pynq-copter/pynqcopter/bmeSensor/design.xdc:97]
CRITICAL WARNING: [Common 17-55] 'set_property' expects at least one object. [/home/iavendano/pynq-copter/pynqcopter/bmeSensor/design.xdc:97]
Resolution: If [get_<value>] was used to populate the object, check to make sure this command returns at least one valid object.
WARNING: [Vivado 12-584] No ports matched 'pmodJB_gpio_tri_io[4]'. [/home/iavendano/pynq-copter/pynqcopter/bmeSensor/design.xdc:98]
CRITICAL WARNING: [Common 17-55] 'set_property' expects at least one object. [/home/iavendano/pynq-copter/pynqcopter/bmeSensor/design.xdc:98]
Resolution: If [get_<value>] was used to populate the object, check to make sure this command returns at least one valid object.
WARNING: [Vivado 12-584] No ports matched 'pmodJB_gpio_tri_io[7]'. [/home/iavendano/pynq-copter/pynqcopter/bmeSensor/design.xdc:99]
CRITICAL WARNING: [Common 17-55] 'set_property' expects at least one object. [/home/iavendano/pynq-copter/pynqcopter/bmeSensor/design.xdc:99]
Resolution: If [get_<value>] was used to populate the object, check to make sure this command returns at least one valid object.
WARNING: [Vivado 12-584] No ports matched 'pmodJB_gpio_tri_io[6]'. [/home/iavendano/pynq-copter/pynqcopter/bmeSensor/design.xdc:100]
CRITICAL WARNING: [Common 17-55] 'set_property' expects at least one object. [/home/iavendano/pynq-copter/pynqcopter/bmeSensor/design.xdc:100]
Resolution: If [get_<value>] was used to populate the object, check to make sure this command returns at least one valid object.
WARNING: [Vivado 12-584] No ports matched 'pmodJB_gpio_tri_io[2]'. [/home/iavendano/pynq-copter/pynqcopter/bmeSensor/design.xdc:101]
CRITICAL WARNING: [Common 17-55] 'set_property' expects at least one object. [/home/iavendano/pynq-copter/pynqcopter/bmeSensor/design.xdc:101]
Resolution: If [get_<value>] was used to populate the object, check to make sure this command returns at least one valid object.
WARNING: [Vivado 12-584] No ports matched 'pmodJB_gpio_tri_io[3]'. [/home/iavendano/pynq-copter/pynqcopter/bmeSensor/design.xdc:102]
CRITICAL WARNING: [Common 17-55] 'set_property' expects at least one object. [/home/iavendano/pynq-copter/pynqcopter/bmeSensor/design.xdc:102]
Resolution: If [get_<value>] was used to populate the object, check to make sure this command returns at least one valid object.
WARNING: [Vivado 12-584] No ports matched 'pmodJB_gpio_tri_io[6]'. [/home/iavendano/pynq-copter/pynqcopter/bmeSensor/design.xdc:103]
CRITICAL WARNING: [Common 17-55] 'set_property' expects at least one object. [/home/iavendano/pynq-copter/pynqcopter/bmeSensor/design.xdc:103]
Resolution: If [get_<value>] was used to populate the object, check to make sure this command returns at least one valid object.
WARNING: [Vivado 12-584] No ports matched 'pmodJB_gpio_tri_io[7]'. [/home/iavendano/pynq-copter/pynqcopter/bmeSensor/design.xdc:104]
CRITICAL WARNING: [Common 17-55] 'set_property' expects at least one object. [/home/iavendano/pynq-copter/pynqcopter/bmeSensor/design.xdc:104]
Resolution: If [get_<value>] was used to populate the object, check to make sure this command returns at least one valid object.
Finished Parsing XDC File [/home/iavendano/pynq-copter/pynqcopter/bmeSensor/design.xdc]
INFO: [Opt 31-138] Pushed 0 inverter(s) to 0 load pin(s).
INFO: [Project 1-111] Unisim Transformation Summary:
  A total of 2 instances were transformed.
  IOBUF => IOBUF (IBUF, OBUFT): 2 instances

18 Infos, 45 Warnings, 46 Critical Warnings and 0 Errors encountered.
link_design completed successfully
link_design: Time (s): cpu = 00:00:21 ; elapsed = 00:00:52 . Memory (MB): peak = 1566.266 ; gain = 392.535 ; free physical = 110776 ; free virtual = 495065
Command: opt_design
Attempting to get a license for feature 'Implementation' and/or device 'xc7z020'
INFO: [Common 17-349] Got license for feature 'Implementation' and/or device 'xc7z020'
Running DRC as a precondition to command opt_design

Starting DRC Task
INFO: [DRC 23-27] Running DRC with 8 threads
INFO: [Project 1-461] DRC finished with 0 Errors
INFO: [Project 1-462] Please refer to the DRC report (report_drc) for more information.

Time (s): cpu = 00:00:02 ; elapsed = 00:00:02 . Memory (MB): peak = 1651.289 ; gain = 85.023 ; free physical = 110940 ; free virtual = 495230
INFO: [Timing 38-35] Done setting XDC timing constraints.

Starting Logic Optimization Task

Phase 1 Retarget
INFO: [Opt 31-138] Pushed 0 inverter(s) to 0 load pin(s).
INFO: [Opt 31-49] Retargeted 0 cell(s).
Phase 1 Retarget | Checksum: 195c04d81

Time (s): cpu = 00:00:01 ; elapsed = 00:00:00.87 . Memory (MB): peak = 2104.781 ; gain = 0.000 ; free physical = 110893 ; free virtual = 495184
INFO: [Opt 31-389] Phase Retarget created 61 cells and removed 101 cells

Phase 2 Constant propagation
INFO: [Opt 31-138] Pushed 0 inverter(s) to 0 load pin(s).
Phase 2 Constant propagation | Checksum: 236beb065

Time (s): cpu = 00:00:01 ; elapsed = 00:00:01 . Memory (MB): peak = 2104.781 ; gain = 0.000 ; free physical = 110898 ; free virtual = 495189
INFO: [Opt 31-389] Phase Constant propagation created 92 cells and removed 256 cells

Phase 3 Sweep
Phase 3 Sweep | Checksum: 15fbab1ed

Time (s): cpu = 00:00:02 ; elapsed = 00:00:02 . Memory (MB): peak = 2104.781 ; gain = 0.000 ; free physical = 110859 ; free virtual = 495151
INFO: [Opt 31-389] Phase Sweep created 0 cells and removed 309 cells

Phase 4 BUFG optimization
Phase 4 BUFG optimization | Checksum: 15fbab1ed

Time (s): cpu = 00:00:02 ; elapsed = 00:00:02 . Memory (MB): peak = 2104.781 ; gain = 0.000 ; free physical = 110848 ; free virtual = 495139
INFO: [Opt 31-389] Phase BUFG optimization created 0 cells and removed 0 cells

Phase 5 Shift Register Optimization
Phase 5 Shift Register Optimization | Checksum: 15fbab1ed

Time (s): cpu = 00:00:03 ; elapsed = 00:00:02 . Memory (MB): peak = 2104.781 ; gain = 0.000 ; free physical = 110885 ; free virtual = 495177
INFO: [Opt 31-389] Phase Shift Register Optimization created 0 cells and removed 0 cells

Starting Connectivity Check Task

Time (s): cpu = 00:00:00.02 ; elapsed = 00:00:00.03 . Memory (MB): peak = 2104.781 ; gain = 0.000 ; free physical = 110905 ; free virtual = 495196
Ending Logic Optimization Task | Checksum: 22227b209

Time (s): cpu = 00:00:03 ; elapsed = 00:00:03 . Memory (MB): peak = 2104.781 ; gain = 0.000 ; free physical = 110905 ; free virtual = 495196

Starting Power Optimization Task
INFO: [Pwropt 34-132] Skipping clock gating for clocks with a period < 2.00 ns.
INFO: [Pwropt 34-9] Applying IDT optimizations ...
INFO: [Pwropt 34-10] Applying ODC optimizations ...
INFO: [Timing 38-35] Done setting XDC timing constraints.
INFO: [Physopt 32-619] Estimated Timing Summary | WNS=2.559 | TNS=0.000 |
Running Vector-less Activity Propagation...

Finished Running Vector-less Activity Propagation


Starting PowerOpt Patch Enables Task
INFO: [Pwropt 34-162] WRITE_MODE attribute of 0 BRAM(s) out of a total of 2 has been updated to save power. Run report_power_opt to get a complete listing of the BRAMs updated.
INFO: [Pwropt 34-201] Structural ODC has moved 0 WE to EN ports
Number of BRAM Ports augmented: 0 newly gated: 0 Total Ports: 4
Ending PowerOpt Patch Enables Task | Checksum: 1d038f254

Time (s): cpu = 00:00:00.06 ; elapsed = 00:00:00.08 . Memory (MB): peak = 2470.066 ; gain = 0.000 ; free physical = 110850 ; free virtual = 495142
Ending Power Optimization Task | Checksum: 1d038f254

Time (s): cpu = 00:00:08 ; elapsed = 00:00:05 . Memory (MB): peak = 2470.066 ; gain = 365.285 ; free physical = 110860 ; free virtual = 495152
INFO: [Common 17-83] Releasing license: Implementation
39 Infos, 45 Warnings, 46 Critical Warnings and 0 Errors encountered.
opt_design completed successfully
opt_design: Time (s): cpu = 00:00:27 ; elapsed = 00:00:46 . Memory (MB): peak = 2470.066 ; gain = 903.801 ; free physical = 110859 ; free virtual = 495151
Writing placer database...
Writing XDEF routing.
Writing XDEF routing logical nets.
Writing XDEF routing special nets.
Write XDEF Complete: Time (s): cpu = 00:00:00.18 ; elapsed = 00:00:00.07 . Memory (MB): peak = 2470.066 ; gain = 0.000 ; free physical = 110835 ; free virtual = 495129
INFO: [Common 17-1381] The checkpoint '/home/iavendano/pynq-copter/pynqcopter/bmeSensor/bmeSensor/bmeSensor.runs/impl_1/bmeSensor_wrapper_opt.dcp' has been generated.
INFO: [runtcl-4] Executing : report_drc -file bmeSensor_wrapper_drc_opted.rpt -pb bmeSensor_wrapper_drc_opted.pb -rpx bmeSensor_wrapper_drc_opted.rpx
Command: report_drc -file bmeSensor_wrapper_drc_opted.rpt -pb bmeSensor_wrapper_drc_opted.pb -rpx bmeSensor_wrapper_drc_opted.rpx
INFO: [IP_Flow 19-1839] IP Catalog is up to date.
INFO: [DRC 23-27] Running DRC with 8 threads
INFO: [Coretcl 2-168] The results of DRC are in file /home/iavendano/pynq-copter/pynqcopter/bmeSensor/bmeSensor/bmeSensor.runs/impl_1/bmeSensor_wrapper_drc_opted.rpt.
report_drc completed successfully
INFO: [Chipscope 16-241] No debug cores found in the current design.
Before running the implement_debug_core command, either use the Set Up Debug wizard (GUI mode)
or use the create_debug_core and connect_debug_core Tcl commands to insert debug cores into the design.
Command: place_design
Attempting to get a license for feature 'Implementation' and/or device 'xc7z020'
INFO: [Common 17-349] Got license for feature 'Implementation' and/or device 'xc7z020'
INFO: [DRC 23-27] Running DRC with 8 threads
INFO: [Vivado_Tcl 4-198] DRC finished with 0 Errors
INFO: [Vivado_Tcl 4-199] Please refer to the DRC report (report_drc) for more information.
Running DRC as a precondition to command place_design
INFO: [DRC 23-27] Running DRC with 8 threads
INFO: [Vivado_Tcl 4-198] DRC finished with 0 Errors
INFO: [Vivado_Tcl 4-199] Please refer to the DRC report (report_drc) for more information.

Starting Placer Task
INFO: [Place 30-611] Multithreading enabled for place_design using a maximum of 8 CPUs

Phase 1 Placer Initialization

Phase 1.1 Placer Initialization Netlist Sorting
Netlist sorting complete. Time (s): cpu = 00:00:00.02 ; elapsed = 00:00:00.03 . Memory (MB): peak = 2470.066 ; gain = 0.000 ; free physical = 110680 ; free virtual = 494974
Phase 1.1 Placer Initialization Netlist Sorting | Checksum: 181e86bf5

Time (s): cpu = 00:00:00.05 ; elapsed = 00:00:00.06 . Memory (MB): peak = 2470.066 ; gain = 0.000 ; free physical = 110680 ; free virtual = 494973
INFO: [Timing 38-35] Done setting XDC timing constraints.
INFO: [Opt 31-138] Pushed 0 inverter(s) to 0 load pin(s).
Netlist sorting complete. Time (s): cpu = 00:00:00.02 ; elapsed = 00:00:00.03 . Memory (MB): peak = 2470.066 ; gain = 0.000 ; free physical = 110680 ; free virtual = 494973

Phase 1.2 IO Placement/ Clock Placement/ Build Placer Device
INFO: [Timing 38-35] Done setting XDC timing constraints.
Phase 1.2 IO Placement/ Clock Placement/ Build Placer Device | Checksum: 4a7eda55

Time (s): cpu = 00:00:06 ; elapsed = 00:00:05 . Memory (MB): peak = 2470.066 ; gain = 0.000 ; free physical = 110979 ; free virtual = 495272

Phase 1.3 Build Placer Netlist Model
Phase 1.3 Build Placer Netlist Model | Checksum: 166250770

Time (s): cpu = 00:00:09 ; elapsed = 00:00:07 . Memory (MB): peak = 2470.066 ; gain = 0.000 ; free physical = 110819 ; free virtual = 495113

Phase 1.4 Constrain Clocks/Macros
Phase 1.4 Constrain Clocks/Macros | Checksum: 166250770

Time (s): cpu = 00:00:09 ; elapsed = 00:00:07 . Memory (MB): peak = 2470.066 ; gain = 0.000 ; free physical = 110828 ; free virtual = 495122
Phase 1 Placer Initialization | Checksum: 166250770

Time (s): cpu = 00:00:09 ; elapsed = 00:00:07 . Memory (MB): peak = 2470.066 ; gain = 0.000 ; free physical = 110837 ; free virtual = 495130

Phase 2 Global Placement
Phase 2 Global Placement | Checksum: eb05aa99

Time (s): cpu = 00:00:48 ; elapsed = 00:00:27 . Memory (MB): peak = 2478.152 ; gain = 8.086 ; free physical = 111232 ; free virtual = 495527

Phase 3 Detail Placement

Phase 3.1 Commit Multi Column Macros
Phase 3.1 Commit Multi Column Macros | Checksum: eb05aa99

Time (s): cpu = 00:00:48 ; elapsed = 00:00:27 . Memory (MB): peak = 2478.152 ; gain = 8.086 ; free physical = 111232 ; free virtual = 495527

Phase 3.2 Commit Most Macros & LUTRAMs
Phase 3.2 Commit Most Macros & LUTRAMs | Checksum: d95f8415

Time (s): cpu = 00:00:51 ; elapsed = 00:00:29 . Memory (MB): peak = 2478.152 ; gain = 8.086 ; free physical = 111298 ; free virtual = 495593

Phase 3.3 Area Swap Optimization
Phase 3.3 Area Swap Optimization | Checksum: 13e7b8192

Time (s): cpu = 00:00:52 ; elapsed = 00:00:29 . Memory (MB): peak = 2478.152 ; gain = 8.086 ; free physical = 111286 ; free virtual = 495581

Phase 3.4 Pipeline Register Optimization
Phase 3.4 Pipeline Register Optimization | Checksum: 13e7b8192

Time (s): cpu = 00:00:52 ; elapsed = 00:00:29 . Memory (MB): peak = 2478.152 ; gain = 8.086 ; free physical = 111284 ; free virtual = 495579

Phase 3.5 Small Shape Detail Placement
Phase 3.5 Small Shape Detail Placement | Checksum: 184b318fd

Time (s): cpu = 00:00:57 ; elapsed = 00:00:34 . Memory (MB): peak = 2478.152 ; gain = 8.086 ; free physical = 111310 ; free virtual = 495605

Phase 3.6 Re-assign LUT pins
Phase 3.6 Re-assign LUT pins | Checksum: 1b0501821

Time (s): cpu = 00:00:57 ; elapsed = 00:00:35 . Memory (MB): peak = 2478.152 ; gain = 8.086 ; free physical = 111302 ; free virtual = 495597

Phase 3.7 Pipeline Register Optimization
Phase 3.7 Pipeline Register Optimization | Checksum: 1b0501821

Time (s): cpu = 00:00:58 ; elapsed = 00:00:35 . Memory (MB): peak = 2478.152 ; gain = 8.086 ; free physical = 111346 ; free virtual = 495640
Phase 3 Detail Placement | Checksum: 1b0501821

Time (s): cpu = 00:00:58 ; elapsed = 00:00:35 . Memory (MB): peak = 2478.152 ; gain = 8.086 ; free physical = 111345 ; free virtual = 495640

Phase 4 Post Placement Optimization and Clean-Up

Phase 4.1 Post Commit Optimization
INFO: [Timing 38-35] Done setting XDC timing constraints.

Phase 4.1.1 Post Placement Optimization
Post Placement Optimization Initialization | Checksum: 18c8b3d40

Phase 4.1.1.1 BUFG Insertion
INFO: [Physopt 32-721] Multithreading enabled for phys_opt_design using a maximum of 8 CPUs
INFO: [Place 46-33] Processed net bmeSensor_i/bmesensor_0/inst/bmesensor_AXILiteS_s_axi_U/SR[0], BUFG insertion was skipped due to placement/routing conflicts.
INFO: [Place 46-31] BUFG insertion identified 1 candidate nets, 0 success, 1 skipped for placement/routing, 0 skipped for timing, 0 skipped for netlist change reason.
Phase 4.1.1.1 BUFG Insertion | Checksum: 18c8b3d40

Time (s): cpu = 00:01:02 ; elapsed = 00:00:37 . Memory (MB): peak = 2478.152 ; gain = 8.086 ; free physical = 111393 ; free virtual = 495688
INFO: [Place 30-746] Post Placement Timing Summary WNS=1.411. For the most accurate timing information please run report_timing.
Phase 4.1.1 Post Placement Optimization | Checksum: 159bb00f5

Time (s): cpu = 00:01:02 ; elapsed = 00:00:37 . Memory (MB): peak = 2478.152 ; gain = 8.086 ; free physical = 111390 ; free virtual = 495685
Phase 4.1 Post Commit Optimization | Checksum: 159bb00f5

Time (s): cpu = 00:01:02 ; elapsed = 00:00:37 . Memory (MB): peak = 2478.152 ; gain = 8.086 ; free physical = 111384 ; free virtual = 495679

Phase 4.2 Post Placement Cleanup
Phase 4.2 Post Placement Cleanup | Checksum: 159bb00f5

Time (s): cpu = 00:01:02 ; elapsed = 00:00:37 . Memory (MB): peak = 2478.152 ; gain = 8.086 ; free physical = 111384 ; free virtual = 495679

Phase 4.3 Placer Reporting
Phase 4.3 Placer Reporting | Checksum: 159bb00f5

Time (s): cpu = 00:01:02 ; elapsed = 00:00:37 . Memory (MB): peak = 2478.152 ; gain = 8.086 ; free physical = 111383 ; free virtual = 495678

Phase 4.4 Final Placement Cleanup
Phase 4.4 Final Placement Cleanup | Checksum: 133de577c

Time (s): cpu = 00:01:02 ; elapsed = 00:00:37 . Memory (MB): peak = 2478.152 ; gain = 8.086 ; free physical = 111382 ; free virtual = 495677
Phase 4 Post Placement Optimization and Clean-Up | Checksum: 133de577c

Time (s): cpu = 00:01:02 ; elapsed = 00:00:37 . Memory (MB): peak = 2478.152 ; gain = 8.086 ; free physical = 111381 ; free virtual = 495676
Ending Placer Task | Checksum: 11a3c3a43

Time (s): cpu = 00:01:02 ; elapsed = 00:00:37 . Memory (MB): peak = 2478.152 ; gain = 8.086 ; free physical = 111395 ; free virtual = 495690
INFO: [Common 17-83] Releasing license: Implementation
62 Infos, 45 Warnings, 46 Critical Warnings and 0 Errors encountered.
place_design completed successfully
place_design: Time (s): cpu = 00:01:06 ; elapsed = 00:00:42 . Memory (MB): peak = 2478.152 ; gain = 8.086 ; free physical = 111394 ; free virtual = 495689
Writing placer database...
Writing XDEF routing.
Writing XDEF routing logical nets.
Writing XDEF routing special nets.
Write XDEF Complete: Time (s): cpu = 00:00:02 ; elapsed = 00:00:00.66 . Memory (MB): peak = 2478.152 ; gain = 0.000 ; free physical = 111356 ; free virtual = 495661
INFO: [Common 17-1381] The checkpoint '/home/iavendano/pynq-copter/pynqcopter/bmeSensor/bmeSensor/bmeSensor.runs/impl_1/bmeSensor_wrapper_placed.dcp' has been generated.
INFO: [runtcl-4] Executing : report_io -file bmeSensor_wrapper_io_placed.rpt
report_io: Time (s): cpu = 00:00:00.21 ; elapsed = 00:00:00.31 . Memory (MB): peak = 2478.152 ; gain = 0.000 ; free physical = 111369 ; free virtual = 495667
INFO: [runtcl-4] Executing : report_utilization -file bmeSensor_wrapper_utilization_placed.rpt -pb bmeSensor_wrapper_utilization_placed.pb
report_utilization: Time (s): cpu = 00:00:00.25 ; elapsed = 00:00:00.30 . Memory (MB): peak = 2478.152 ; gain = 0.000 ; free physical = 111394 ; free virtual = 495692
INFO: [runtcl-4] Executing : report_control_sets -verbose -file bmeSensor_wrapper_control_sets_placed.rpt
report_control_sets: Time (s): cpu = 00:00:00.11 ; elapsed = 00:00:00.16 . Memory (MB): peak = 2478.152 ; gain = 0.000 ; free physical = 111393 ; free virtual = 495691
Command: route_design
Attempting to get a license for feature 'Implementation' and/or device 'xc7z020'
INFO: [Common 17-349] Got license for feature 'Implementation' and/or device 'xc7z020'
Running DRC as a precondition to command route_design
INFO: [DRC 23-27] Running DRC with 8 threads
INFO: [Vivado_Tcl 4-198] DRC finished with 0 Errors
INFO: [Vivado_Tcl 4-199] Please refer to the DRC report (report_drc) for more information.


Starting Routing Task
INFO: [Route 35-254] Multithreading enabled for route_design using a maximum of 8 CPUs
Checksum: PlaceDB: b3e9e999 ConstDB: 0 ShapeSum: 665250aa RouteDB: 0

Phase 1 Build RT Design
Phase 1 Build RT Design | Checksum: 70872fea

Time (s): cpu = 00:00:33 ; elapsed = 00:00:25 . Memory (MB): peak = 2478.152 ; gain = 0.000 ; free physical = 111404 ; free virtual = 495702
Post Restoration Checksum: NetGraph: 4064ee44 NumContArr: 302241a6 Constraints: 0 Timing: 0

Phase 2 Router Initialization

Phase 2.1 Create Timer
Phase 2.1 Create Timer | Checksum: 70872fea

Time (s): cpu = 00:00:33 ; elapsed = 00:00:25 . Memory (MB): peak = 2478.152 ; gain = 0.000 ; free physical = 111396 ; free virtual = 495694

Phase 2.2 Fix Topology Constraints
Phase 2.2 Fix Topology Constraints | Checksum: 70872fea

Time (s): cpu = 00:00:33 ; elapsed = 00:00:25 . Memory (MB): peak = 2478.152 ; gain = 0.000 ; free physical = 111366 ; free virtual = 495664

Phase 2.3 Pre Route Cleanup
Phase 2.3 Pre Route Cleanup | Checksum: 70872fea

Time (s): cpu = 00:00:33 ; elapsed = 00:00:25 . Memory (MB): peak = 2478.152 ; gain = 0.000 ; free physical = 111366 ; free virtual = 495664
 Number of Nodes with overlaps = 0

Phase 2.4 Update Timing
Phase 2.4 Update Timing | Checksum: 229309d18

Time (s): cpu = 00:00:38 ; elapsed = 00:00:28 . Memory (MB): peak = 2478.152 ; gain = 0.000 ; free physical = 111321 ; free virtual = 495619
INFO: [Route 35-416] Intermediate Timing Summary | WNS=1.600  | TNS=0.000  | WHS=-0.194 | THS=-81.469|

Phase 2 Router Initialization | Checksum: 2008e697f

Time (s): cpu = 00:00:40 ; elapsed = 00:00:29 . Memory (MB): peak = 2478.152 ; gain = 0.000 ; free physical = 111311 ; free virtual = 495609

Phase 3 Initial Routing
Phase 3 Initial Routing | Checksum: 1b531cefb

Time (s): cpu = 00:00:44 ; elapsed = 00:00:30 . Memory (MB): peak = 2478.152 ; gain = 0.000 ; free physical = 111278 ; free virtual = 495576

Phase 4 Rip-up And Reroute

Phase 4.1 Global Iteration 0
 Number of Nodes with overlaps = 583
 Number of Nodes with overlaps = 12
 Number of Nodes with overlaps = 2
 Number of Nodes with overlaps = 0
INFO: [Route 35-416] Intermediate Timing Summary | WNS=1.534  | TNS=0.000  | WHS=N/A    | THS=N/A    |

Phase 4.1 Global Iteration 0 | Checksum: 195d9aa65

Time (s): cpu = 00:02:31 ; elapsed = 00:01:02 . Memory (MB): peak = 2478.152 ; gain = 0.000 ; free physical = 111178 ; free virtual = 495476

Phase 4.2 Global Iteration 1
 Number of Nodes with overlaps = 1
 Number of Nodes with overlaps = 0
INFO: [Route 35-416] Intermediate Timing Summary | WNS=1.503  | TNS=0.000  | WHS=N/A    | THS=N/A    |

Phase 4.2 Global Iteration 1 | Checksum: 20d9686a6

Time (s): cpu = 00:02:41 ; elapsed = 00:01:05 . Memory (MB): peak = 2478.152 ; gain = 0.000 ; free physical = 111239 ; free virtual = 495537
Phase 4 Rip-up And Reroute | Checksum: 20d9686a6

Time (s): cpu = 00:02:41 ; elapsed = 00:01:05 . Memory (MB): peak = 2478.152 ; gain = 0.000 ; free physical = 111239 ; free virtual = 495537

Phase 5 Delay and Skew Optimization

Phase 5.1 Delay CleanUp
Phase 5.1 Delay CleanUp | Checksum: 20d9686a6

Time (s): cpu = 00:02:41 ; elapsed = 00:01:06 . Memory (MB): peak = 2478.152 ; gain = 0.000 ; free physical = 111239 ; free virtual = 495537

Phase 5.2 Clock Skew Optimization
Phase 5.2 Clock Skew Optimization | Checksum: 20d9686a6

Time (s): cpu = 00:02:41 ; elapsed = 00:01:06 . Memory (MB): peak = 2478.152 ; gain = 0.000 ; free physical = 111239 ; free virtual = 495537
Phase 5 Delay and Skew Optimization | Checksum: 20d9686a6

Time (s): cpu = 00:02:41 ; elapsed = 00:01:06 . Memory (MB): peak = 2478.152 ; gain = 0.000 ; free physical = 111239 ; free virtual = 495537

Phase 6 Post Hold Fix

Phase 6.1 Hold Fix Iter

Phase 6.1.1 Update Timing
Phase 6.1.1 Update Timing | Checksum: 18410ae0e

Time (s): cpu = 00:02:42 ; elapsed = 00:01:06 . Memory (MB): peak = 2478.152 ; gain = 0.000 ; free physical = 111239 ; free virtual = 495537
INFO: [Route 35-416] Intermediate Timing Summary | WNS=1.517  | TNS=0.000  | WHS=0.022  | THS=0.000  |

Phase 6.1 Hold Fix Iter | Checksum: 23cee76f2

Time (s): cpu = 00:02:42 ; elapsed = 00:01:06 . Memory (MB): peak = 2478.152 ; gain = 0.000 ; free physical = 111239 ; free virtual = 495537
Phase 6 Post Hold Fix | Checksum: 23cee76f2

Time (s): cpu = 00:02:42 ; elapsed = 00:01:06 . Memory (MB): peak = 2478.152 ; gain = 0.000 ; free physical = 111239 ; free virtual = 495537

Phase 7 Route finalize

Router Utilization Summary
  Global Vertical Routing Utilization    = 1.26504 %
  Global Horizontal Routing Utilization  = 1.5071 %
  Routable Net Status*
  *Does not include unroutable nets such as driverless and loadless.
  Run report_route_status for detailed report.
  Number of Failed Nets               = 0
  Number of Unrouted Nets             = 0
  Number of Partially Routed Nets     = 0
  Number of Node Overlaps             = 0

Phase 7 Route finalize | Checksum: 1e5c61786

Time (s): cpu = 00:02:42 ; elapsed = 00:01:06 . Memory (MB): peak = 2478.152 ; gain = 0.000 ; free physical = 111222 ; free virtual = 495520

Phase 8 Verifying routed nets

 Verification completed successfully
Phase 8 Verifying routed nets | Checksum: 1e5c61786

Time (s): cpu = 00:02:42 ; elapsed = 00:01:06 . Memory (MB): peak = 2478.152 ; gain = 0.000 ; free physical = 111218 ; free virtual = 495516

Phase 9 Depositing Routes
Phase 9 Depositing Routes | Checksum: 1e65ca597

Time (s): cpu = 00:02:43 ; elapsed = 00:01:07 . Memory (MB): peak = 2478.152 ; gain = 0.000 ; free physical = 111247 ; free virtual = 495545

Phase 10 Post Router Timing
INFO: [Route 35-57] Estimated Timing Summary | WNS=1.517  | TNS=0.000  | WHS=0.022  | THS=0.000  |

INFO: [Route 35-327] The final timing numbers are based on the router estimated timing analysis. For a complete and accurate timing signoff, please run report_timing_summary.
Phase 10 Post Router Timing | Checksum: 1e65ca597

Time (s): cpu = 00:02:43 ; elapsed = 00:01:07 . Memory (MB): peak = 2478.152 ; gain = 0.000 ; free physical = 111244 ; free virtual = 495542
INFO: [Route 35-16] Router Completed Successfully

Time (s): cpu = 00:02:43 ; elapsed = 00:01:07 . Memory (MB): peak = 2478.152 ; gain = 0.000 ; free physical = 111275 ; free virtual = 495573

Routing Is Done.
INFO: [Common 17-83] Releasing license: Implementation
79 Infos, 45 Warnings, 46 Critical Warnings and 0 Errors encountered.
route_design completed successfully
route_design: Time (s): cpu = 00:02:48 ; elapsed = 00:01:11 . Memory (MB): peak = 2478.152 ; gain = 0.000 ; free physical = 111275 ; free virtual = 495573
Writing placer database...
Writing XDEF routing.
Writing XDEF routing logical nets.
Writing XDEF routing special nets.
Write XDEF Complete: Time (s): cpu = 00:00:03 ; elapsed = 00:00:01 . Memory (MB): peak = 2478.152 ; gain = 0.000 ; free physical = 111245 ; free virtual = 495556
INFO: [Common 17-1381] The checkpoint '/home/iavendano/pynq-copter/pynqcopter/bmeSensor/bmeSensor/bmeSensor.runs/impl_1/bmeSensor_wrapper_routed.dcp' has been generated.
INFO: [runtcl-4] Executing : report_drc -file bmeSensor_wrapper_drc_routed.rpt -pb bmeSensor_wrapper_drc_routed.pb -rpx bmeSensor_wrapper_drc_routed.rpx
Command: report_drc -file bmeSensor_wrapper_drc_routed.rpt -pb bmeSensor_wrapper_drc_routed.pb -rpx bmeSensor_wrapper_drc_routed.rpx
INFO: [IP_Flow 19-1839] IP Catalog is up to date.
INFO: [DRC 23-27] Running DRC with 8 threads
INFO: [Coretcl 2-168] The results of DRC are in file /home/iavendano/pynq-copter/pynqcopter/bmeSensor/bmeSensor/bmeSensor.runs/impl_1/bmeSensor_wrapper_drc_routed.rpt.
report_drc completed successfully
INFO: [runtcl-4] Executing : report_methodology -file bmeSensor_wrapper_methodology_drc_routed.rpt -pb bmeSensor_wrapper_methodology_drc_routed.pb -rpx bmeSensor_wrapper_methodology_drc_routed.rpx
Command: report_methodology -file bmeSensor_wrapper_methodology_drc_routed.rpt -pb bmeSensor_wrapper_methodology_drc_routed.pb -rpx bmeSensor_wrapper_methodology_drc_routed.rpx
INFO: [Timing 38-35] Done setting XDC timing constraints.
INFO: [Timing 38-35] Done setting XDC timing constraints.
INFO: [DRC 23-133] Running Methodology with 8 threads
INFO: [Coretcl 2-1520] The results of Report Methodology are in file /home/iavendano/pynq-copter/pynqcopter/bmeSensor/bmeSensor/bmeSensor.runs/impl_1/bmeSensor_wrapper_methodology_drc_routed.rpt.
report_methodology completed successfully
report_methodology: Time (s): cpu = 00:00:10 ; elapsed = 00:00:05 . Memory (MB): peak = 2478.152 ; gain = 0.000 ; free physical = 111016 ; free virtual = 495318
INFO: [runtcl-4] Executing : report_power -file bmeSensor_wrapper_power_routed.rpt -pb bmeSensor_wrapper_power_summary_routed.pb -rpx bmeSensor_wrapper_power_routed.rpx
Command: report_power -file bmeSensor_wrapper_power_routed.rpt -pb bmeSensor_wrapper_power_summary_routed.pb -rpx bmeSensor_wrapper_power_routed.rpx
INFO: [Timing 38-35] Done setting XDC timing constraints.
Running Vector-less Activity Propagation...

Finished Running Vector-less Activity Propagation
91 Infos, 45 Warnings, 46 Critical Warnings and 0 Errors encountered.
report_power completed successfully
INFO: [runtcl-4] Executing : report_route_status -file bmeSensor_wrapper_route_status.rpt -pb bmeSensor_wrapper_route_status.pb
INFO: [runtcl-4] Executing : report_timing_summary -max_paths 10 -file bmeSensor_wrapper_timing_summary_routed.rpt -rpx bmeSensor_wrapper_timing_summary_routed.rpx -warn_on_violation 
INFO: [Timing 38-91] UpdateTimingParams: Speed grade: -1, Delay Type: min_max.
INFO: [Timing 38-191] Multithreading enabled for timing update using a maximum of 8 CPUs
INFO: [runtcl-4] Executing : report_incremental_reuse -file bmeSensor_wrapper_incremental_reuse_routed.rpt
INFO: [Vivado_Tcl 4-545] No incremental reuse to report, no incremental placement and routing data was found.
INFO: [runtcl-4] Executing : report_clock_utilization -file bmeSensor_wrapper_clock_utilization_routed.rpt
Command: write_bitstream -force bmeSensor_wrapper.bit
Attempting to get a license for feature 'Implementation' and/or device 'xc7z020'
INFO: [Common 17-349] Got license for feature 'Implementation' and/or device 'xc7z020'
Running DRC as a precondition to command write_bitstream
INFO: [IP_Flow 19-1839] IP Catalog is up to date.
INFO: [DRC 23-27] Running DRC with 8 threads
INFO: [Vivado 12-3199] DRC finished with 0 Errors
INFO: [Vivado 12-3200] Please refer to the DRC report (report_drc) for more information.
INFO: [Project 1-821] Please set project.enableDesignId to be 'true'.
INFO: [Designutils 20-2272] Running write_bitstream with 8 threads.
Loading data files...
Loading site data...
Loading route data...
Processing options...
Creating bitmap...
Creating bitstream...
Writing bitstream ./bmeSensor_wrapper.bit...
INFO: [Vivado 12-1842] Bitgen Completed Successfully.
INFO: [Project 1-118] WebTalk data collection is enabled (User setting is ON. Install Setting is ON.).
INFO: [Common 17-186] '/home/iavendano/pynq-copter/pynqcopter/bmeSensor/bmeSensor/bmeSensor.runs/impl_1/usage_statistics_webtalk.xml' has been successfully sent to Xilinx on Wed Aug 15 12:34:36 2018. For additional details about this file, please refer to the WebTalk help file at /data/opt/Xilinx/Vivado/2017.4/doc/webtalk_introduction.html.
INFO: [Common 17-83] Releasing license: Implementation
109 Infos, 45 Warnings, 46 Critical Warnings and 0 Errors encountered.
write_bitstream completed successfully
write_bitstream: Time (s): cpu = 00:00:29 ; elapsed = 00:02:28 . Memory (MB): peak = 2749.973 ; gain = 259.758 ; free physical = 111250 ; free virtual = 495583
INFO: [Common 17-206] Exiting Vivado at Wed Aug 15 12:34:36 2018...
