==============================================================
File generated by Vivado(TM) HLS - High-Level Synthesis from C, C++ and SystemC
Version: 2017.4
Copyright (C) 1986-2017 Xilinx, Inc. All Rights Reserved.

==============================================================

INFO: [SYN 201-201] Setting up clock 'default' with a period of 4ns.
INFO: [HLS 200-10] Setting target device to 'xc7z020clg400-1'
INFO: [SIM 211-2] *************** CSIM start ***************
INFO: [SIM 211-4] CSIM will launch CLANG as the compiler.
INFO: [SIM 211-1] CSim done with 0 errors.
INFO: [SIM 211-3] *************** CSIM finish ***************
INFO: [HLS 200-10] Analyzing design file 'iiccommmod.cpp' ...
INFO: [HLS 200-10] Analyzing design file 'main.cpp' ...
WARNING: [HLS 200-40] Cannot find source file iiccomm.cpp; skipping it.
INFO: [HLS 200-10] Validating synthesis directives ...
INFO: [HLS 200-111] Finished Checking Pragmas Time (s): cpu = 00:01:21 ; elapsed = 00:00:31 . Memory (MB): peak = 359.941 ; gain = 13.379 ; free physical = 118789 ; free virtual = 503502
INFO: [HLS 200-111] Finished Linking Time (s): cpu = 00:01:22 ; elapsed = 00:00:33 . Memory (MB): peak = 359.941 ; gain = 13.379 ; free physical = 118790 ; free virtual = 503503
INFO: [HLS 200-10] Starting code transformations ...
INFO: [HLS 200-111] Finished Standard Transforms Time (s): cpu = 00:01:24 ; elapsed = 00:00:34 . Memory (MB): peak = 360.145 ; gain = 13.582 ; free physical = 118734 ; free virtual = 503447
INFO: [HLS 200-10] Checking synthesizability ...
INFO: [HLS 200-111] Finished Checking Synthesizability Time (s): cpu = 00:01:24 ; elapsed = 00:00:35 . Memory (MB): peak = 360.145 ; gain = 13.582 ; free physical = 118738 ; free virtual = 503451
INFO: [HLS 200-111] Finished Pre-synthesis Time (s): cpu = 00:01:24 ; elapsed = 00:00:35 . Memory (MB): peak = 488.148 ; gain = 141.586 ; free physical = 118685 ; free virtual = 503399
INFO: [HLS 200-111] Finished Architecture Synthesis Time (s): cpu = 00:01:25 ; elapsed = 00:00:36 . Memory (MB): peak = 488.148 ; gain = 141.586 ; free physical = 118732 ; free virtual = 503445
INFO: [HLS 200-10] Starting hardware synthesis ...
INFO: [HLS 200-10] Synthesizing 'iiccommmod' ...
INFO: [HLS 200-10] ----------------------------------------------------------------
INFO: [HLS 200-42] -- Implementing module 'readData'
INFO: [HLS 200-10] ----------------------------------------------------------------
INFO: [SCHED 204-11] Starting scheduling ...
INFO: [SCHED 204-11] Finished scheduling.
INFO: [HLS 200-111]  Elapsed time: 36.15 seconds; current allocated memory: 86.596 MB.
INFO: [BIND 205-100] Starting micro-architecture generation ...
INFO: [BIND 205-101] Performing variable lifetime analysis.
INFO: [BIND 205-101] Exploring resource sharing.
INFO: [BIND 205-101] Binding ...
INFO: [BIND 205-100] Finished micro-architecture generation.
INFO: [HLS 200-111]  Elapsed time: 0.02 seconds; current allocated memory: 86.729 MB.
INFO: [HLS 200-10] ----------------------------------------------------------------
INFO: [HLS 200-42] -- Implementing module 'iiccommmod'
INFO: [HLS 200-10] ----------------------------------------------------------------
INFO: [SCHED 204-11] Starting scheduling ...
INFO: [SCHED 204-11] Finished scheduling.
INFO: [HLS 200-111]  Elapsed time: 0.03 seconds; current allocated memory: 87.028 MB.
INFO: [BIND 205-100] Starting micro-architecture generation ...
INFO: [BIND 205-101] Performing variable lifetime analysis.
INFO: [BIND 205-101] Exploring resource sharing.
INFO: [BIND 205-101] Binding ...
INFO: [BIND 205-100] Finished micro-architecture generation.
INFO: [HLS 200-111]  Elapsed time: 0.02 seconds; current allocated memory: 87.325 MB.
INFO: [HLS 200-10] ----------------------------------------------------------------
INFO: [HLS 200-10] -- Generating RTL for module 'readData'
INFO: [HLS 200-10] ----------------------------------------------------------------
INFO: [SYN 201-210] Renamed object name 'iiccommmod_mul_32s_31ns_32_7_1' to 'iiccommmod_mul_32bkb' due to the length limit 20
INFO: [RTGEN 206-100] Generating core module 'iiccommmod_mul_32bkb': 1 instance(s).
INFO: [RTGEN 206-100] Finished creating RTL model for 'readData'.
INFO: [HLS 200-111]  Elapsed time: 0.04 seconds; current allocated memory: 87.760 MB.
INFO: [HLS 200-10] ----------------------------------------------------------------
INFO: [HLS 200-10] -- Generating RTL for module 'iiccommmod'
INFO: [HLS 200-10] ----------------------------------------------------------------
INFO: [RTGEN 206-500] Setting interface mode on port 'iiccommmod/iic' to 'm_axi'.
INFO: [RTGEN 206-500] Setting interface mode on port 'iiccommmod/stat_reg_outValue1' to 's_axilite & ap_vld'.
INFO: [RTGEN 206-500] Setting interface mode on port 'iiccommmod/empty_pirq_outValue' to 's_axilite & ap_vld'.
INFO: [RTGEN 206-500] Setting interface mode on port 'iiccommmod/full_pirq_outValue' to 's_axilite & ap_vld'.
INFO: [RTGEN 206-500] Setting interface mode on port 'iiccommmod/stat_reg_outValue2' to 's_axilite & ap_none'.
INFO: [RTGEN 206-500] Setting interface mode on port 'iiccommmod/stat_reg_outValue3' to 's_axilite & ap_none'.
INFO: [RTGEN 206-500] Setting interface mode on port 'iiccommmod/stat_reg_outValue4' to 's_axilite & ap_none'.
INFO: [RTGEN 206-500] Setting interface mode on port 'iiccommmod/tx_fifo_outValue' to 's_axilite & ap_none'.
INFO: [RTGEN 206-500] Setting interface mode on port 'iiccommmod/rx_fifo_outValue' to 's_axilite & ap_vld'.
INFO: [RTGEN 206-500] Setting interface mode on port 'iiccommmod/ctrl_reg_outValue' to 's_axilite & ap_vld'.
INFO: [RTGEN 206-500] Setting interface mode on function 'iiccommmod' to 's_axilite & ap_ctrl_hs'.
INFO: [RTGEN 206-100] Bundling port 'return', 'empty_pirq_outValue', 'full_pirq_outValue', 'stat_reg_outValue2', 'stat_reg_outValue3', 'stat_reg_outValue4', 'tx_fifo_outValue', 'rx_fifo_outValue' and 'ctrl_reg_outValue' to AXI-Lite port AXILiteS.
INFO: [RTGEN 206-100] Finished creating RTL model for 'iiccommmod'.
INFO: [HLS 200-111]  Elapsed time: 0.06 seconds; current allocated memory: 89.196 MB.
INFO: [RTMG 210-282] Generating pipelined core: 'iiccommmod_mul_32bkb_MulnS_0'
INFO: [HLS 200-111] Finished generating all RTL models Time (s): cpu = 00:01:26 ; elapsed = 00:00:37 . Memory (MB): peak = 488.148 ; gain = 141.586 ; free physical = 118722 ; free virtual = 503435
INFO: [SYSC 207-301] Generating SystemC RTL for iiccommmod.
INFO: [VHDL 208-304] Generating VHDL RTL for iiccommmod.
INFO: [VLOG 209-307] Generating Verilog RTL for iiccommmod.
INFO: [IMPL 213-8] Exporting RTL as a Vivado IP.
INFO: [HLS 200-112] Total elapsed time: 69.73 seconds; peak allocated memory: 89.196 MB.
