

================================================================
== Vivado HLS Report for 'iiccomm5'
================================================================
* Date:           Sun Aug  5 20:39:58 2018

* Version:        2017.4 (Build 2086221 on Fri Dec 15 21:13:33 MST 2017)
* Project:        iiccomm5
* Solution:       iiccomm5
* Product family: zynq
* Target device:  xc7z020clg400-1


================================================================
== Performance Estimates
================================================================
+ Timing (ns): 
    * Summary: 
    +--------+-------+----------+------------+
    |  Clock | Target| Estimated| Uncertainty|
    +--------+-------+----------+------------+
    |ap_clk  |   4.00|      3.50|        0.50|
    +--------+-------+----------+------------+

+ Latency (clock cycles): 
    * Summary: 
    +-----+-----+-----+-----+---------+
    |  Latency  |  Interval | Pipeline|
    | min | max | min | max |   Type  |
    +-----+-----+-----+-----+---------+
    |   17|   17|   17|   17|   none  |
    +-----+-----+-----+-----+---------+

    + Detail: 
        * Instance: 
        N/A

        * Loop: 
        N/A

============================================================
+ Verbose Summary: Synthesis Manager
============================================================
InlineROM: 1
ExposeGlobal: 0
============================================================
+ Verbose Summary: CDFG Model
============================================================
IsTopModel: 1
ResetActiveHigh: 1
IsCombinational: 0
IsDatapathOnly: 0
HasWiredReturn: 1
HasMFsm: 0
HasVarLatency: 1
IsPipeline: 0
IsRtlPipelined: 0
IsInstanceOverlapped: 0
IsDontTouch: 0
HasImplIP: 0
IsGatedGlobalClock: 0


============================================================
+ Verbose Summary: Schedule
============================================================
* Number of FSM states : 18
* Pipeline : 0
* Dataflow Pipeline: 0

* FSM state transitions: 
1 --> 
	2  / true
2 --> 
	3  / true
3 --> 
	4  / true
4 --> 
	5  / true
5 --> 
	6  / true
6 --> 
	7  / true
7 --> 
	8  / true
8 --> 
	9  / true
9 --> 
	10  / true
10 --> 
	11  / true
11 --> 
	12  / true
12 --> 
	13  / true
13 --> 
	14  / true
14 --> 
	15  / true
15 --> 
	16  / true
16 --> 
	17  / true
17 --> 
	18  / true
18 --> 

* FSM state operations: 

 <State 1> : 3.50ns
ST_1 : Operation 19 [7/7] (3.50ns)   --->   "%iic_load_req = call i1 @_ssdm_op_ReadReq.m_axi.i32P(i32* %iic, i32 1)" [iiccomm5.cpp:71]   --->   Core 9 'm_axi' <Latency = 6> <II = 1> <Delay = 1.00> <Adapter> <Opcode : 'read' 'write' 'readreq' 'writereq' 'writeresp'>

 <State 2> : 3.50ns
ST_2 : Operation 20 [6/7] (3.50ns)   --->   "%iic_load_req = call i1 @_ssdm_op_ReadReq.m_axi.i32P(i32* %iic, i32 1)" [iiccomm5.cpp:71]   --->   Core 9 'm_axi' <Latency = 6> <II = 1> <Delay = 1.00> <Adapter> <Opcode : 'read' 'write' 'readreq' 'writereq' 'writeresp'>
ST_2 : Operation 21 [1/1] (0.00ns)   --->   "%iic_addr = getelementptr i32* %iic, i64 2"
ST_2 : Operation 22 [7/7] (3.50ns)   --->   "%iic_load_1_req = call i1 @_ssdm_op_ReadReq.m_axi.i32P(i32* %iic_addr, i32 1)" [iiccomm5.cpp:74]   --->   Core 9 'm_axi' <Latency = 6> <II = 1> <Delay = 1.00> <Adapter> <Opcode : 'read' 'write' 'readreq' 'writereq' 'writeresp'>

 <State 3> : 3.50ns
ST_3 : Operation 23 [5/7] (3.50ns)   --->   "%iic_load_req = call i1 @_ssdm_op_ReadReq.m_axi.i32P(i32* %iic, i32 1)" [iiccomm5.cpp:71]   --->   Core 9 'm_axi' <Latency = 6> <II = 1> <Delay = 1.00> <Adapter> <Opcode : 'read' 'write' 'readreq' 'writereq' 'writeresp'>
ST_3 : Operation 24 [6/7] (3.50ns)   --->   "%iic_load_1_req = call i1 @_ssdm_op_ReadReq.m_axi.i32P(i32* %iic_addr, i32 1)" [iiccomm5.cpp:74]   --->   Core 9 'm_axi' <Latency = 6> <II = 1> <Delay = 1.00> <Adapter> <Opcode : 'read' 'write' 'readreq' 'writereq' 'writeresp'>
ST_3 : Operation 25 [1/1] (0.00ns)   --->   "%iic_addr_1 = getelementptr i32* %iic, i64 268436545"
ST_3 : Operation 26 [7/7] (3.50ns)   --->   "%iic_load_2_req = call i1 @_ssdm_op_ReadReq.m_axi.i32P(i32* %iic_addr_1, i32 1)" [iiccomm5.cpp:79]   --->   Core 9 'm_axi' <Latency = 6> <II = 1> <Delay = 1.00> <Adapter> <Opcode : 'read' 'write' 'readreq' 'writereq' 'writeresp'>

 <State 4> : 3.50ns
ST_4 : Operation 27 [4/7] (3.50ns)   --->   "%iic_load_req = call i1 @_ssdm_op_ReadReq.m_axi.i32P(i32* %iic, i32 1)" [iiccomm5.cpp:71]   --->   Core 9 'm_axi' <Latency = 6> <II = 1> <Delay = 1.00> <Adapter> <Opcode : 'read' 'write' 'readreq' 'writereq' 'writeresp'>
ST_4 : Operation 28 [5/7] (3.50ns)   --->   "%iic_load_1_req = call i1 @_ssdm_op_ReadReq.m_axi.i32P(i32* %iic_addr, i32 1)" [iiccomm5.cpp:74]   --->   Core 9 'm_axi' <Latency = 6> <II = 1> <Delay = 1.00> <Adapter> <Opcode : 'read' 'write' 'readreq' 'writereq' 'writeresp'>
ST_4 : Operation 29 [6/7] (3.50ns)   --->   "%iic_load_2_req = call i1 @_ssdm_op_ReadReq.m_axi.i32P(i32* %iic_addr_1, i32 1)" [iiccomm5.cpp:79]   --->   Core 9 'm_axi' <Latency = 6> <II = 1> <Delay = 1.00> <Adapter> <Opcode : 'read' 'write' 'readreq' 'writereq' 'writeresp'>
ST_4 : Operation 30 [1/1] (0.00ns)   --->   "%iic_addr_2 = getelementptr i32* %iic, i64 268436740"
ST_4 : Operation 31 [7/7] (3.50ns)   --->   "%iic_load_3_req = call i1 @_ssdm_op_ReadReq.m_axi.i32P(i32* %iic_addr_2, i32 1)" [iiccomm5.cpp:82]   --->   Core 9 'm_axi' <Latency = 6> <II = 1> <Delay = 1.00> <Adapter> <Opcode : 'read' 'write' 'readreq' 'writereq' 'writeresp'>

 <State 5> : 3.50ns
ST_5 : Operation 32 [3/7] (3.50ns)   --->   "%iic_load_req = call i1 @_ssdm_op_ReadReq.m_axi.i32P(i32* %iic, i32 1)" [iiccomm5.cpp:71]   --->   Core 9 'm_axi' <Latency = 6> <II = 1> <Delay = 1.00> <Adapter> <Opcode : 'read' 'write' 'readreq' 'writereq' 'writeresp'>
ST_5 : Operation 33 [4/7] (3.50ns)   --->   "%iic_load_1_req = call i1 @_ssdm_op_ReadReq.m_axi.i32P(i32* %iic_addr, i32 1)" [iiccomm5.cpp:74]   --->   Core 9 'm_axi' <Latency = 6> <II = 1> <Delay = 1.00> <Adapter> <Opcode : 'read' 'write' 'readreq' 'writereq' 'writeresp'>
ST_5 : Operation 34 [5/7] (3.50ns)   --->   "%iic_load_2_req = call i1 @_ssdm_op_ReadReq.m_axi.i32P(i32* %iic_addr_1, i32 1)" [iiccomm5.cpp:79]   --->   Core 9 'm_axi' <Latency = 6> <II = 1> <Delay = 1.00> <Adapter> <Opcode : 'read' 'write' 'readreq' 'writereq' 'writeresp'>
ST_5 : Operation 35 [6/7] (3.50ns)   --->   "%iic_load_3_req = call i1 @_ssdm_op_ReadReq.m_axi.i32P(i32* %iic_addr_2, i32 1)" [iiccomm5.cpp:82]   --->   Core 9 'm_axi' <Latency = 6> <II = 1> <Delay = 1.00> <Adapter> <Opcode : 'read' 'write' 'readreq' 'writereq' 'writeresp'>
ST_5 : Operation 36 [1/1] (0.00ns)   --->   "%iic_addr_3 = getelementptr i32* %iic, i64 65"
ST_5 : Operation 37 [7/7] (3.50ns)   --->   "%iic_load_4_req = call i1 @_ssdm_op_ReadReq.m_axi.i32P(i32* %iic_addr_3, i32 1)" [iiccomm5.cpp:85]   --->   Core 9 'm_axi' <Latency = 6> <II = 1> <Delay = 1.00> <Adapter> <Opcode : 'read' 'write' 'readreq' 'writereq' 'writeresp'>

 <State 6> : 3.50ns
ST_6 : Operation 38 [2/7] (3.50ns)   --->   "%iic_load_req = call i1 @_ssdm_op_ReadReq.m_axi.i32P(i32* %iic, i32 1)" [iiccomm5.cpp:71]   --->   Core 9 'm_axi' <Latency = 6> <II = 1> <Delay = 1.00> <Adapter> <Opcode : 'read' 'write' 'readreq' 'writereq' 'writeresp'>
ST_6 : Operation 39 [3/7] (3.50ns)   --->   "%iic_load_1_req = call i1 @_ssdm_op_ReadReq.m_axi.i32P(i32* %iic_addr, i32 1)" [iiccomm5.cpp:74]   --->   Core 9 'm_axi' <Latency = 6> <II = 1> <Delay = 1.00> <Adapter> <Opcode : 'read' 'write' 'readreq' 'writereq' 'writeresp'>
ST_6 : Operation 40 [4/7] (3.50ns)   --->   "%iic_load_2_req = call i1 @_ssdm_op_ReadReq.m_axi.i32P(i32* %iic_addr_1, i32 1)" [iiccomm5.cpp:79]   --->   Core 9 'm_axi' <Latency = 6> <II = 1> <Delay = 1.00> <Adapter> <Opcode : 'read' 'write' 'readreq' 'writereq' 'writeresp'>
ST_6 : Operation 41 [5/7] (3.50ns)   --->   "%iic_load_3_req = call i1 @_ssdm_op_ReadReq.m_axi.i32P(i32* %iic_addr_2, i32 1)" [iiccomm5.cpp:82]   --->   Core 9 'm_axi' <Latency = 6> <II = 1> <Delay = 1.00> <Adapter> <Opcode : 'read' 'write' 'readreq' 'writereq' 'writeresp'>
ST_6 : Operation 42 [6/7] (3.50ns)   --->   "%iic_load_4_req = call i1 @_ssdm_op_ReadReq.m_axi.i32P(i32* %iic_addr_3, i32 1)" [iiccomm5.cpp:85]   --->   Core 9 'm_axi' <Latency = 6> <II = 1> <Delay = 1.00> <Adapter> <Opcode : 'read' 'write' 'readreq' 'writereq' 'writeresp'>
ST_6 : Operation 43 [1/1] (0.00ns)   --->   "%iic_addr_4 = getelementptr i32* %iic, i64 260"
ST_6 : Operation 44 [7/7] (3.50ns)   --->   "%iic_load_5_req = call i1 @_ssdm_op_ReadReq.m_axi.i32P(i32* %iic_addr_4, i32 1)" [iiccomm5.cpp:88]   --->   Core 9 'm_axi' <Latency = 6> <II = 1> <Delay = 1.00> <Adapter> <Opcode : 'read' 'write' 'readreq' 'writereq' 'writeresp'>

 <State 7> : 3.50ns
ST_7 : Operation 45 [1/7] (3.50ns)   --->   "%iic_load_req = call i1 @_ssdm_op_ReadReq.m_axi.i32P(i32* %iic, i32 1)" [iiccomm5.cpp:71]   --->   Core 9 'm_axi' <Latency = 6> <II = 1> <Delay = 1.00> <Adapter> <Opcode : 'read' 'write' 'readreq' 'writereq' 'writeresp'>
ST_7 : Operation 46 [2/7] (3.50ns)   --->   "%iic_load_1_req = call i1 @_ssdm_op_ReadReq.m_axi.i32P(i32* %iic_addr, i32 1)" [iiccomm5.cpp:74]   --->   Core 9 'm_axi' <Latency = 6> <II = 1> <Delay = 1.00> <Adapter> <Opcode : 'read' 'write' 'readreq' 'writereq' 'writeresp'>
ST_7 : Operation 47 [3/7] (3.50ns)   --->   "%iic_load_2_req = call i1 @_ssdm_op_ReadReq.m_axi.i32P(i32* %iic_addr_1, i32 1)" [iiccomm5.cpp:79]   --->   Core 9 'm_axi' <Latency = 6> <II = 1> <Delay = 1.00> <Adapter> <Opcode : 'read' 'write' 'readreq' 'writereq' 'writeresp'>
ST_7 : Operation 48 [4/7] (3.50ns)   --->   "%iic_load_3_req = call i1 @_ssdm_op_ReadReq.m_axi.i32P(i32* %iic_addr_2, i32 1)" [iiccomm5.cpp:82]   --->   Core 9 'm_axi' <Latency = 6> <II = 1> <Delay = 1.00> <Adapter> <Opcode : 'read' 'write' 'readreq' 'writereq' 'writeresp'>
ST_7 : Operation 49 [5/7] (3.50ns)   --->   "%iic_load_4_req = call i1 @_ssdm_op_ReadReq.m_axi.i32P(i32* %iic_addr_3, i32 1)" [iiccomm5.cpp:85]   --->   Core 9 'm_axi' <Latency = 6> <II = 1> <Delay = 1.00> <Adapter> <Opcode : 'read' 'write' 'readreq' 'writereq' 'writeresp'>
ST_7 : Operation 50 [6/7] (3.50ns)   --->   "%iic_load_5_req = call i1 @_ssdm_op_ReadReq.m_axi.i32P(i32* %iic_addr_4, i32 1)" [iiccomm5.cpp:88]   --->   Core 9 'm_axi' <Latency = 6> <II = 1> <Delay = 1.00> <Adapter> <Opcode : 'read' 'write' 'readreq' 'writereq' 'writeresp'>
ST_7 : Operation 51 [1/1] (0.00ns)   --->   "%iic_addr_5 = getelementptr i32* %iic, i64 268436488"
ST_7 : Operation 52 [7/7] (3.50ns)   --->   "%iic_load_6_req = call i1 @_ssdm_op_ReadReq.m_axi.i32P(i32* %iic_addr_5, i32 1)" [iiccomm5.cpp:93]   --->   Core 9 'm_axi' <Latency = 6> <II = 1> <Delay = 1.00> <Adapter> <Opcode : 'read' 'write' 'readreq' 'writereq' 'writeresp'>

 <State 8> : 3.50ns
ST_8 : Operation 53 [1/1] (1.00ns)   --->   "%outValue1_load = call i32 @_ssdm_op_Read.s_axilite.volatile.i32P(i32* %outValue1)" [iiccomm5.cpp:58]   --->   Core 10 's_axilite' <Latency = 0> <II = 1> <Delay = 1.00> <Adapter> <Opcode : 'read' 'write'>
ST_8 : Operation 54 [1/1] (1.00ns)   --->   "%outValue2_load = call i32 @_ssdm_op_Read.s_axilite.volatile.i32P(i32* %outValue2)" [iiccomm5.cpp:59]   --->   Core 10 's_axilite' <Latency = 0> <II = 1> <Delay = 1.00> <Adapter> <Opcode : 'read' 'write'>
ST_8 : Operation 55 [1/1] (1.00ns)   --->   "%outValue3_load = call i32 @_ssdm_op_Read.s_axilite.volatile.i32P(i32* %outValue3)" [iiccomm5.cpp:60]   --->   Core 10 's_axilite' <Latency = 0> <II = 1> <Delay = 1.00> <Adapter> <Opcode : 'read' 'write'>
ST_8 : Operation 56 [1/1] (1.00ns)   --->   "%outValue4_load = call i32 @_ssdm_op_Read.s_axilite.volatile.i32P(i32* %outValue4)" [iiccomm5.cpp:61]   --->   Core 10 's_axilite' <Latency = 0> <II = 1> <Delay = 1.00> <Adapter> <Opcode : 'read' 'write'>
ST_8 : Operation 57 [1/1] (1.00ns)   --->   "%outValue5_load = call i32 @_ssdm_op_Read.s_axilite.volatile.i32P(i32* %outValue5)" [iiccomm5.cpp:62]   --->   Core 10 's_axilite' <Latency = 0> <II = 1> <Delay = 1.00> <Adapter> <Opcode : 'read' 'write'>
ST_8 : Operation 58 [1/1] (1.00ns)   --->   "%outValue6_load = call i32 @_ssdm_op_Read.s_axilite.volatile.i32P(i32* %outValue6)" [iiccomm5.cpp:63]   --->   Core 10 's_axilite' <Latency = 0> <II = 1> <Delay = 1.00> <Adapter> <Opcode : 'read' 'write'>
ST_8 : Operation 59 [1/1] (1.00ns)   --->   "%outValue7_load = call i32 @_ssdm_op_Read.s_axilite.volatile.i32P(i32* %outValue7)" [iiccomm5.cpp:64]   --->   Core 10 's_axilite' <Latency = 0> <II = 1> <Delay = 1.00> <Adapter> <Opcode : 'read' 'write'>
ST_8 : Operation 60 [1/1] (1.00ns)   --->   "%outValue8_load = call i32 @_ssdm_op_Read.s_axilite.volatile.i32P(i32* %outValue8)" [iiccomm5.cpp:65]   --->   Core 10 's_axilite' <Latency = 0> <II = 1> <Delay = 1.00> <Adapter> <Opcode : 'read' 'write'>
ST_8 : Operation 61 [1/1] (1.00ns)   --->   "%outValue9_load = call i32 @_ssdm_op_Read.s_axilite.volatile.i32P(i32* %outValue9)" [iiccomm5.cpp:66]   --->   Core 10 's_axilite' <Latency = 0> <II = 1> <Delay = 1.00> <Adapter> <Opcode : 'read' 'write'>
ST_8 : Operation 62 [1/1] (1.00ns)   --->   "%outValue10_load = call i32 @_ssdm_op_Read.s_axilite.volatile.i32P(i32* %outValue10)" [iiccomm5.cpp:67]   --->   Core 10 's_axilite' <Latency = 0> <II = 1> <Delay = 1.00> <Adapter> <Opcode : 'read' 'write'>
ST_8 : Operation 63 [1/1] (1.00ns)   --->   "%outValue11_load = call i32 @_ssdm_op_Read.s_axilite.volatile.i32P(i32* %outValue11)" [iiccomm5.cpp:68]   --->   Core 10 's_axilite' <Latency = 0> <II = 1> <Delay = 1.00> <Adapter> <Opcode : 'read' 'write'>
ST_8 : Operation 64 [1/1] (3.50ns)   --->   "%iic_read = call i32 @_ssdm_op_Read.m_axi.volatile.i32P(i32* %iic)" [iiccomm5.cpp:71]   --->   Core 9 'm_axi' <Latency = 6> <II = 1> <Delay = 1.00> <Adapter> <Opcode : 'read' 'write' 'readreq' 'writereq' 'writeresp'>
ST_8 : Operation 65 [1/7] (3.50ns)   --->   "%iic_load_1_req = call i1 @_ssdm_op_ReadReq.m_axi.i32P(i32* %iic_addr, i32 1)" [iiccomm5.cpp:74]   --->   Core 9 'm_axi' <Latency = 6> <II = 1> <Delay = 1.00> <Adapter> <Opcode : 'read' 'write' 'readreq' 'writereq' 'writeresp'>
ST_8 : Operation 66 [2/7] (3.50ns)   --->   "%iic_load_2_req = call i1 @_ssdm_op_ReadReq.m_axi.i32P(i32* %iic_addr_1, i32 1)" [iiccomm5.cpp:79]   --->   Core 9 'm_axi' <Latency = 6> <II = 1> <Delay = 1.00> <Adapter> <Opcode : 'read' 'write' 'readreq' 'writereq' 'writeresp'>
ST_8 : Operation 67 [3/7] (3.50ns)   --->   "%iic_load_3_req = call i1 @_ssdm_op_ReadReq.m_axi.i32P(i32* %iic_addr_2, i32 1)" [iiccomm5.cpp:82]   --->   Core 9 'm_axi' <Latency = 6> <II = 1> <Delay = 1.00> <Adapter> <Opcode : 'read' 'write' 'readreq' 'writereq' 'writeresp'>
ST_8 : Operation 68 [4/7] (3.50ns)   --->   "%iic_load_4_req = call i1 @_ssdm_op_ReadReq.m_axi.i32P(i32* %iic_addr_3, i32 1)" [iiccomm5.cpp:85]   --->   Core 9 'm_axi' <Latency = 6> <II = 1> <Delay = 1.00> <Adapter> <Opcode : 'read' 'write' 'readreq' 'writereq' 'writeresp'>
ST_8 : Operation 69 [5/7] (3.50ns)   --->   "%iic_load_5_req = call i1 @_ssdm_op_ReadReq.m_axi.i32P(i32* %iic_addr_4, i32 1)" [iiccomm5.cpp:88]   --->   Core 9 'm_axi' <Latency = 6> <II = 1> <Delay = 1.00> <Adapter> <Opcode : 'read' 'write' 'readreq' 'writereq' 'writeresp'>
ST_8 : Operation 70 [6/7] (3.50ns)   --->   "%iic_load_6_req = call i1 @_ssdm_op_ReadReq.m_axi.i32P(i32* %iic_addr_5, i32 1)" [iiccomm5.cpp:93]   --->   Core 9 'm_axi' <Latency = 6> <II = 1> <Delay = 1.00> <Adapter> <Opcode : 'read' 'write' 'readreq' 'writereq' 'writeresp'>
ST_8 : Operation 71 [1/1] (0.00ns)   --->   "%iic_addr_6 = getelementptr i32* %iic, i64 268436512"
ST_8 : Operation 72 [7/7] (3.50ns)   --->   "%iic_load_7_req = call i1 @_ssdm_op_ReadReq.m_axi.i32P(i32* %iic_addr_6, i32 1)" [iiccomm5.cpp:96]   --->   Core 9 'm_axi' <Latency = 6> <II = 1> <Delay = 1.00> <Adapter> <Opcode : 'read' 'write' 'readreq' 'writereq' 'writeresp'>

 <State 9> : 3.50ns
ST_9 : Operation 73 [1/1] (3.50ns)   --->   "%iic_addr_read = call i32 @_ssdm_op_Read.m_axi.volatile.i32P(i32* %iic_addr)" [iiccomm5.cpp:74]   --->   Core 9 'm_axi' <Latency = 6> <II = 1> <Delay = 1.00> <Adapter> <Opcode : 'read' 'write' 'readreq' 'writereq' 'writeresp'>
ST_9 : Operation 74 [1/7] (3.50ns)   --->   "%iic_load_2_req = call i1 @_ssdm_op_ReadReq.m_axi.i32P(i32* %iic_addr_1, i32 1)" [iiccomm5.cpp:79]   --->   Core 9 'm_axi' <Latency = 6> <II = 1> <Delay = 1.00> <Adapter> <Opcode : 'read' 'write' 'readreq' 'writereq' 'writeresp'>
ST_9 : Operation 75 [2/7] (3.50ns)   --->   "%iic_load_3_req = call i1 @_ssdm_op_ReadReq.m_axi.i32P(i32* %iic_addr_2, i32 1)" [iiccomm5.cpp:82]   --->   Core 9 'm_axi' <Latency = 6> <II = 1> <Delay = 1.00> <Adapter> <Opcode : 'read' 'write' 'readreq' 'writereq' 'writeresp'>
ST_9 : Operation 76 [3/7] (3.50ns)   --->   "%iic_load_4_req = call i1 @_ssdm_op_ReadReq.m_axi.i32P(i32* %iic_addr_3, i32 1)" [iiccomm5.cpp:85]   --->   Core 9 'm_axi' <Latency = 6> <II = 1> <Delay = 1.00> <Adapter> <Opcode : 'read' 'write' 'readreq' 'writereq' 'writeresp'>
ST_9 : Operation 77 [4/7] (3.50ns)   --->   "%iic_load_5_req = call i1 @_ssdm_op_ReadReq.m_axi.i32P(i32* %iic_addr_4, i32 1)" [iiccomm5.cpp:88]   --->   Core 9 'm_axi' <Latency = 6> <II = 1> <Delay = 1.00> <Adapter> <Opcode : 'read' 'write' 'readreq' 'writereq' 'writeresp'>
ST_9 : Operation 78 [5/7] (3.50ns)   --->   "%iic_load_6_req = call i1 @_ssdm_op_ReadReq.m_axi.i32P(i32* %iic_addr_5, i32 1)" [iiccomm5.cpp:93]   --->   Core 9 'm_axi' <Latency = 6> <II = 1> <Delay = 1.00> <Adapter> <Opcode : 'read' 'write' 'readreq' 'writereq' 'writeresp'>
ST_9 : Operation 79 [6/7] (3.50ns)   --->   "%iic_load_7_req = call i1 @_ssdm_op_ReadReq.m_axi.i32P(i32* %iic_addr_6, i32 1)" [iiccomm5.cpp:96]   --->   Core 9 'm_axi' <Latency = 6> <II = 1> <Delay = 1.00> <Adapter> <Opcode : 'read' 'write' 'readreq' 'writereq' 'writeresp'>
ST_9 : Operation 80 [1/1] (0.00ns)   --->   "%iic_addr_7 = getelementptr i32* %iic, i64 8"
ST_9 : Operation 81 [7/7] (3.50ns)   --->   "%iic_load_8_req = call i1 @_ssdm_op_ReadReq.m_axi.i32P(i32* %iic_addr_7, i32 1)" [iiccomm5.cpp:99]   --->   Core 9 'm_axi' <Latency = 6> <II = 1> <Delay = 1.00> <Adapter> <Opcode : 'read' 'write' 'readreq' 'writereq' 'writeresp'>

 <State 10> : 3.50ns
ST_10 : Operation 82 [1/1] (3.50ns)   --->   "%iic_addr_1_read = call i32 @_ssdm_op_Read.m_axi.volatile.i32P(i32* %iic_addr_1)" [iiccomm5.cpp:79]   --->   Core 9 'm_axi' <Latency = 6> <II = 1> <Delay = 1.00> <Adapter> <Opcode : 'read' 'write' 'readreq' 'writereq' 'writeresp'>
ST_10 : Operation 83 [1/7] (3.50ns)   --->   "%iic_load_3_req = call i1 @_ssdm_op_ReadReq.m_axi.i32P(i32* %iic_addr_2, i32 1)" [iiccomm5.cpp:82]   --->   Core 9 'm_axi' <Latency = 6> <II = 1> <Delay = 1.00> <Adapter> <Opcode : 'read' 'write' 'readreq' 'writereq' 'writeresp'>
ST_10 : Operation 84 [2/7] (3.50ns)   --->   "%iic_load_4_req = call i1 @_ssdm_op_ReadReq.m_axi.i32P(i32* %iic_addr_3, i32 1)" [iiccomm5.cpp:85]   --->   Core 9 'm_axi' <Latency = 6> <II = 1> <Delay = 1.00> <Adapter> <Opcode : 'read' 'write' 'readreq' 'writereq' 'writeresp'>
ST_10 : Operation 85 [3/7] (3.50ns)   --->   "%iic_load_5_req = call i1 @_ssdm_op_ReadReq.m_axi.i32P(i32* %iic_addr_4, i32 1)" [iiccomm5.cpp:88]   --->   Core 9 'm_axi' <Latency = 6> <II = 1> <Delay = 1.00> <Adapter> <Opcode : 'read' 'write' 'readreq' 'writereq' 'writeresp'>
ST_10 : Operation 86 [4/7] (3.50ns)   --->   "%iic_load_6_req = call i1 @_ssdm_op_ReadReq.m_axi.i32P(i32* %iic_addr_5, i32 1)" [iiccomm5.cpp:93]   --->   Core 9 'm_axi' <Latency = 6> <II = 1> <Delay = 1.00> <Adapter> <Opcode : 'read' 'write' 'readreq' 'writereq' 'writeresp'>
ST_10 : Operation 87 [5/7] (3.50ns)   --->   "%iic_load_7_req = call i1 @_ssdm_op_ReadReq.m_axi.i32P(i32* %iic_addr_6, i32 1)" [iiccomm5.cpp:96]   --->   Core 9 'm_axi' <Latency = 6> <II = 1> <Delay = 1.00> <Adapter> <Opcode : 'read' 'write' 'readreq' 'writereq' 'writeresp'>
ST_10 : Operation 88 [6/7] (3.50ns)   --->   "%iic_load_8_req = call i1 @_ssdm_op_ReadReq.m_axi.i32P(i32* %iic_addr_7, i32 1)" [iiccomm5.cpp:99]   --->   Core 9 'm_axi' <Latency = 6> <II = 1> <Delay = 1.00> <Adapter> <Opcode : 'read' 'write' 'readreq' 'writereq' 'writeresp'>
ST_10 : Operation 89 [1/1] (0.00ns)   --->   "%iic_addr_8 = getelementptr i32* %iic, i64 32"
ST_10 : Operation 90 [7/7] (3.50ns)   --->   "%iic_load_9_req = call i1 @_ssdm_op_ReadReq.m_axi.i32P(i32* %iic_addr_8, i32 1)" [iiccomm5.cpp:102]   --->   Core 9 'm_axi' <Latency = 6> <II = 1> <Delay = 1.00> <Adapter> <Opcode : 'read' 'write' 'readreq' 'writereq' 'writeresp'>

 <State 11> : 3.50ns
ST_11 : Operation 91 [1/1] (3.50ns)   --->   "%iic_addr_2_read = call i32 @_ssdm_op_Read.m_axi.volatile.i32P(i32* %iic_addr_2)" [iiccomm5.cpp:82]   --->   Core 9 'm_axi' <Latency = 6> <II = 1> <Delay = 1.00> <Adapter> <Opcode : 'read' 'write' 'readreq' 'writereq' 'writeresp'>
ST_11 : Operation 92 [1/7] (3.50ns)   --->   "%iic_load_4_req = call i1 @_ssdm_op_ReadReq.m_axi.i32P(i32* %iic_addr_3, i32 1)" [iiccomm5.cpp:85]   --->   Core 9 'm_axi' <Latency = 6> <II = 1> <Delay = 1.00> <Adapter> <Opcode : 'read' 'write' 'readreq' 'writereq' 'writeresp'>
ST_11 : Operation 93 [2/7] (3.50ns)   --->   "%iic_load_5_req = call i1 @_ssdm_op_ReadReq.m_axi.i32P(i32* %iic_addr_4, i32 1)" [iiccomm5.cpp:88]   --->   Core 9 'm_axi' <Latency = 6> <II = 1> <Delay = 1.00> <Adapter> <Opcode : 'read' 'write' 'readreq' 'writereq' 'writeresp'>
ST_11 : Operation 94 [3/7] (3.50ns)   --->   "%iic_load_6_req = call i1 @_ssdm_op_ReadReq.m_axi.i32P(i32* %iic_addr_5, i32 1)" [iiccomm5.cpp:93]   --->   Core 9 'm_axi' <Latency = 6> <II = 1> <Delay = 1.00> <Adapter> <Opcode : 'read' 'write' 'readreq' 'writereq' 'writeresp'>
ST_11 : Operation 95 [4/7] (3.50ns)   --->   "%iic_load_7_req = call i1 @_ssdm_op_ReadReq.m_axi.i32P(i32* %iic_addr_6, i32 1)" [iiccomm5.cpp:96]   --->   Core 9 'm_axi' <Latency = 6> <II = 1> <Delay = 1.00> <Adapter> <Opcode : 'read' 'write' 'readreq' 'writereq' 'writeresp'>
ST_11 : Operation 96 [5/7] (3.50ns)   --->   "%iic_load_8_req = call i1 @_ssdm_op_ReadReq.m_axi.i32P(i32* %iic_addr_7, i32 1)" [iiccomm5.cpp:99]   --->   Core 9 'm_axi' <Latency = 6> <II = 1> <Delay = 1.00> <Adapter> <Opcode : 'read' 'write' 'readreq' 'writereq' 'writeresp'>
ST_11 : Operation 97 [6/7] (3.50ns)   --->   "%iic_load_9_req = call i1 @_ssdm_op_ReadReq.m_axi.i32P(i32* %iic_addr_8, i32 1)" [iiccomm5.cpp:102]   --->   Core 9 'm_axi' <Latency = 6> <II = 1> <Delay = 1.00> <Adapter> <Opcode : 'read' 'write' 'readreq' 'writereq' 'writeresp'>

 <State 12> : 3.50ns
ST_12 : Operation 98 [1/1] (3.50ns)   --->   "%iic_addr_3_read = call i32 @_ssdm_op_Read.m_axi.volatile.i32P(i32* %iic_addr_3)" [iiccomm5.cpp:85]   --->   Core 9 'm_axi' <Latency = 6> <II = 1> <Delay = 1.00> <Adapter> <Opcode : 'read' 'write' 'readreq' 'writereq' 'writeresp'>
ST_12 : Operation 99 [1/7] (3.50ns)   --->   "%iic_load_5_req = call i1 @_ssdm_op_ReadReq.m_axi.i32P(i32* %iic_addr_4, i32 1)" [iiccomm5.cpp:88]   --->   Core 9 'm_axi' <Latency = 6> <II = 1> <Delay = 1.00> <Adapter> <Opcode : 'read' 'write' 'readreq' 'writereq' 'writeresp'>
ST_12 : Operation 100 [2/7] (3.50ns)   --->   "%iic_load_6_req = call i1 @_ssdm_op_ReadReq.m_axi.i32P(i32* %iic_addr_5, i32 1)" [iiccomm5.cpp:93]   --->   Core 9 'm_axi' <Latency = 6> <II = 1> <Delay = 1.00> <Adapter> <Opcode : 'read' 'write' 'readreq' 'writereq' 'writeresp'>
ST_12 : Operation 101 [3/7] (3.50ns)   --->   "%iic_load_7_req = call i1 @_ssdm_op_ReadReq.m_axi.i32P(i32* %iic_addr_6, i32 1)" [iiccomm5.cpp:96]   --->   Core 9 'm_axi' <Latency = 6> <II = 1> <Delay = 1.00> <Adapter> <Opcode : 'read' 'write' 'readreq' 'writereq' 'writeresp'>
ST_12 : Operation 102 [4/7] (3.50ns)   --->   "%iic_load_8_req = call i1 @_ssdm_op_ReadReq.m_axi.i32P(i32* %iic_addr_7, i32 1)" [iiccomm5.cpp:99]   --->   Core 9 'm_axi' <Latency = 6> <II = 1> <Delay = 1.00> <Adapter> <Opcode : 'read' 'write' 'readreq' 'writereq' 'writeresp'>
ST_12 : Operation 103 [5/7] (3.50ns)   --->   "%iic_load_9_req = call i1 @_ssdm_op_ReadReq.m_axi.i32P(i32* %iic_addr_8, i32 1)" [iiccomm5.cpp:102]   --->   Core 9 'm_axi' <Latency = 6> <II = 1> <Delay = 1.00> <Adapter> <Opcode : 'read' 'write' 'readreq' 'writereq' 'writeresp'>

 <State 13> : 3.50ns
ST_13 : Operation 104 [1/1] (3.50ns)   --->   "%iic_addr_4_read = call i32 @_ssdm_op_Read.m_axi.volatile.i32P(i32* %iic_addr_4)" [iiccomm5.cpp:88]   --->   Core 9 'm_axi' <Latency = 6> <II = 1> <Delay = 1.00> <Adapter> <Opcode : 'read' 'write' 'readreq' 'writereq' 'writeresp'>
ST_13 : Operation 105 [1/7] (3.50ns)   --->   "%iic_load_6_req = call i1 @_ssdm_op_ReadReq.m_axi.i32P(i32* %iic_addr_5, i32 1)" [iiccomm5.cpp:93]   --->   Core 9 'm_axi' <Latency = 6> <II = 1> <Delay = 1.00> <Adapter> <Opcode : 'read' 'write' 'readreq' 'writereq' 'writeresp'>
ST_13 : Operation 106 [2/7] (3.50ns)   --->   "%iic_load_7_req = call i1 @_ssdm_op_ReadReq.m_axi.i32P(i32* %iic_addr_6, i32 1)" [iiccomm5.cpp:96]   --->   Core 9 'm_axi' <Latency = 6> <II = 1> <Delay = 1.00> <Adapter> <Opcode : 'read' 'write' 'readreq' 'writereq' 'writeresp'>
ST_13 : Operation 107 [3/7] (3.50ns)   --->   "%iic_load_8_req = call i1 @_ssdm_op_ReadReq.m_axi.i32P(i32* %iic_addr_7, i32 1)" [iiccomm5.cpp:99]   --->   Core 9 'm_axi' <Latency = 6> <II = 1> <Delay = 1.00> <Adapter> <Opcode : 'read' 'write' 'readreq' 'writereq' 'writeresp'>
ST_13 : Operation 108 [4/7] (3.50ns)   --->   "%iic_load_9_req = call i1 @_ssdm_op_ReadReq.m_axi.i32P(i32* %iic_addr_8, i32 1)" [iiccomm5.cpp:102]   --->   Core 9 'm_axi' <Latency = 6> <II = 1> <Delay = 1.00> <Adapter> <Opcode : 'read' 'write' 'readreq' 'writereq' 'writeresp'>

 <State 14> : 3.50ns
ST_14 : Operation 109 [1/1] (3.50ns)   --->   "%iic_addr_5_read = call i32 @_ssdm_op_Read.m_axi.volatile.i32P(i32* %iic_addr_5)" [iiccomm5.cpp:93]   --->   Core 9 'm_axi' <Latency = 6> <II = 1> <Delay = 1.00> <Adapter> <Opcode : 'read' 'write' 'readreq' 'writereq' 'writeresp'>
ST_14 : Operation 110 [1/7] (3.50ns)   --->   "%iic_load_7_req = call i1 @_ssdm_op_ReadReq.m_axi.i32P(i32* %iic_addr_6, i32 1)" [iiccomm5.cpp:96]   --->   Core 9 'm_axi' <Latency = 6> <II = 1> <Delay = 1.00> <Adapter> <Opcode : 'read' 'write' 'readreq' 'writereq' 'writeresp'>
ST_14 : Operation 111 [2/7] (3.50ns)   --->   "%iic_load_8_req = call i1 @_ssdm_op_ReadReq.m_axi.i32P(i32* %iic_addr_7, i32 1)" [iiccomm5.cpp:99]   --->   Core 9 'm_axi' <Latency = 6> <II = 1> <Delay = 1.00> <Adapter> <Opcode : 'read' 'write' 'readreq' 'writereq' 'writeresp'>
ST_14 : Operation 112 [3/7] (3.50ns)   --->   "%iic_load_9_req = call i1 @_ssdm_op_ReadReq.m_axi.i32P(i32* %iic_addr_8, i32 1)" [iiccomm5.cpp:102]   --->   Core 9 'm_axi' <Latency = 6> <II = 1> <Delay = 1.00> <Adapter> <Opcode : 'read' 'write' 'readreq' 'writereq' 'writeresp'>

 <State 15> : 3.50ns
ST_15 : Operation 113 [1/1] (3.50ns)   --->   "%iic_addr_6_read = call i32 @_ssdm_op_Read.m_axi.volatile.i32P(i32* %iic_addr_6)" [iiccomm5.cpp:96]   --->   Core 9 'm_axi' <Latency = 6> <II = 1> <Delay = 1.00> <Adapter> <Opcode : 'read' 'write' 'readreq' 'writereq' 'writeresp'>
ST_15 : Operation 114 [1/7] (3.50ns)   --->   "%iic_load_8_req = call i1 @_ssdm_op_ReadReq.m_axi.i32P(i32* %iic_addr_7, i32 1)" [iiccomm5.cpp:99]   --->   Core 9 'm_axi' <Latency = 6> <II = 1> <Delay = 1.00> <Adapter> <Opcode : 'read' 'write' 'readreq' 'writereq' 'writeresp'>
ST_15 : Operation 115 [2/7] (3.50ns)   --->   "%iic_load_9_req = call i1 @_ssdm_op_ReadReq.m_axi.i32P(i32* %iic_addr_8, i32 1)" [iiccomm5.cpp:102]   --->   Core 9 'm_axi' <Latency = 6> <II = 1> <Delay = 1.00> <Adapter> <Opcode : 'read' 'write' 'readreq' 'writereq' 'writeresp'>

 <State 16> : 3.50ns
ST_16 : Operation 116 [1/1] (3.50ns)   --->   "%iic_addr_7_read = call i32 @_ssdm_op_Read.m_axi.volatile.i32P(i32* %iic_addr_7)" [iiccomm5.cpp:99]   --->   Core 9 'm_axi' <Latency = 6> <II = 1> <Delay = 1.00> <Adapter> <Opcode : 'read' 'write' 'readreq' 'writereq' 'writeresp'>
ST_16 : Operation 117 [1/7] (3.50ns)   --->   "%iic_load_9_req = call i1 @_ssdm_op_ReadReq.m_axi.i32P(i32* %iic_addr_8, i32 1)" [iiccomm5.cpp:102]   --->   Core 9 'm_axi' <Latency = 6> <II = 1> <Delay = 1.00> <Adapter> <Opcode : 'read' 'write' 'readreq' 'writereq' 'writeresp'>

 <State 17> : 3.50ns
ST_17 : Operation 118 [1/1] (3.50ns)   --->   "%iic_addr_8_read = call i32 @_ssdm_op_Read.m_axi.volatile.i32P(i32* %iic_addr_8)" [iiccomm5.cpp:102]   --->   Core 9 'm_axi' <Latency = 6> <II = 1> <Delay = 1.00> <Adapter> <Opcode : 'read' 'write' 'readreq' 'writereq' 'writeresp'>

 <State 18> : 1.00ns
ST_18 : Operation 119 [1/1] (0.00ns)   --->   "call void (...)* @_ssdm_op_SpecBitsMap(i32* %iic), !map !20"
ST_18 : Operation 120 [1/1] (0.00ns)   --->   "call void (...)* @_ssdm_op_SpecBitsMap(i32* %outValue1) nounwind, !map !26"
ST_18 : Operation 121 [1/1] (0.00ns)   --->   "call void (...)* @_ssdm_op_SpecBitsMap(i32* %outValue2) nounwind, !map !30"
ST_18 : Operation 122 [1/1] (0.00ns)   --->   "call void (...)* @_ssdm_op_SpecBitsMap(i32* %outValue3) nounwind, !map !34"
ST_18 : Operation 123 [1/1] (0.00ns)   --->   "call void (...)* @_ssdm_op_SpecBitsMap(i32* %outValue4) nounwind, !map !38"
ST_18 : Operation 124 [1/1] (0.00ns)   --->   "call void (...)* @_ssdm_op_SpecBitsMap(i32* %outValue5) nounwind, !map !42"
ST_18 : Operation 125 [1/1] (0.00ns)   --->   "call void (...)* @_ssdm_op_SpecBitsMap(i32* %outValue6) nounwind, !map !46"
ST_18 : Operation 126 [1/1] (0.00ns)   --->   "call void (...)* @_ssdm_op_SpecBitsMap(i32* %outValue7) nounwind, !map !50"
ST_18 : Operation 127 [1/1] (0.00ns)   --->   "call void (...)* @_ssdm_op_SpecBitsMap(i32* %outValue8) nounwind, !map !54"
ST_18 : Operation 128 [1/1] (0.00ns)   --->   "call void (...)* @_ssdm_op_SpecBitsMap(i32* %outValue9) nounwind, !map !58"
ST_18 : Operation 129 [1/1] (0.00ns)   --->   "call void (...)* @_ssdm_op_SpecBitsMap(i32* %outValue10) nounwind, !map !62"
ST_18 : Operation 130 [1/1] (0.00ns)   --->   "call void (...)* @_ssdm_op_SpecBitsMap(i32* %outValue11) nounwind, !map !66"
ST_18 : Operation 131 [1/1] (0.00ns)   --->   "call void (...)* @_ssdm_op_SpecTopModule([9 x i8]* @iiccomm5_str) nounwind"
ST_18 : Operation 132 [1/1] (0.00ns)   --->   "call void (...)* @_ssdm_op_SpecInterface(i32 0, [10 x i8]* @p_str, i32 0, i32 0, [1 x i8]* @p_str1, i32 0, i32 0, [1 x i8]* @p_str1, [1 x i8]* @p_str1, [1 x i8]* @p_str1, i32 0, i32 0, i32 0, i32 0, [1 x i8]* @p_str1, [1 x i8]* @p_str1) nounwind" [iiccomm5.cpp:54]
ST_18 : Operation 133 [1/1] (0.00ns)   --->   "call void (...)* @_ssdm_op_SpecInterface(i32* %iic, [6 x i8]* @p_str2, i32 0, i32 0, [1 x i8]* @p_str1, i32 0, i32 0, [1 x i8]* @p_str1, [1 x i8]* @p_str1, [1 x i8]* @p_str1, i32 16, i32 16, i32 16, i32 16, [1 x i8]* @p_str1, [1 x i8]* @p_str1)"
ST_18 : Operation 134 [1/1] (0.00ns)   --->   "call void (...)* @_ssdm_op_SpecInterface(i32* %outValue1, [10 x i8]* @p_str, i32 0, i32 0, [1 x i8]* @p_str1, i32 0, i32 0, [1 x i8]* @p_str1, [1 x i8]* @p_str1, [1 x i8]* @p_str1, i32 0, i32 0, i32 0, i32 0, [1 x i8]* @p_str1, [1 x i8]* @p_str1) nounwind" [iiccomm5.cpp:58]
ST_18 : Operation 135 [1/1] (0.00ns)   --->   "call void (...)* @_ssdm_op_SpecInterface(i32* %outValue2, [10 x i8]* @p_str, i32 0, i32 0, [1 x i8]* @p_str1, i32 0, i32 0, [1 x i8]* @p_str1, [1 x i8]* @p_str1, [1 x i8]* @p_str1, i32 0, i32 0, i32 0, i32 0, [1 x i8]* @p_str1, [1 x i8]* @p_str1) nounwind" [iiccomm5.cpp:59]
ST_18 : Operation 136 [1/1] (0.00ns)   --->   "call void (...)* @_ssdm_op_SpecInterface(i32* %outValue3, [10 x i8]* @p_str, i32 0, i32 0, [1 x i8]* @p_str1, i32 0, i32 0, [1 x i8]* @p_str1, [1 x i8]* @p_str1, [1 x i8]* @p_str1, i32 0, i32 0, i32 0, i32 0, [1 x i8]* @p_str1, [1 x i8]* @p_str1) nounwind" [iiccomm5.cpp:60]
ST_18 : Operation 137 [1/1] (0.00ns)   --->   "call void (...)* @_ssdm_op_SpecInterface(i32* %outValue4, [10 x i8]* @p_str, i32 0, i32 0, [1 x i8]* @p_str1, i32 0, i32 0, [1 x i8]* @p_str1, [1 x i8]* @p_str1, [1 x i8]* @p_str1, i32 0, i32 0, i32 0, i32 0, [1 x i8]* @p_str1, [1 x i8]* @p_str1) nounwind" [iiccomm5.cpp:61]
ST_18 : Operation 138 [1/1] (0.00ns)   --->   "call void (...)* @_ssdm_op_SpecInterface(i32* %outValue5, [10 x i8]* @p_str, i32 0, i32 0, [1 x i8]* @p_str1, i32 0, i32 0, [1 x i8]* @p_str1, [1 x i8]* @p_str1, [1 x i8]* @p_str1, i32 0, i32 0, i32 0, i32 0, [1 x i8]* @p_str1, [1 x i8]* @p_str1) nounwind" [iiccomm5.cpp:62]
ST_18 : Operation 139 [1/1] (0.00ns)   --->   "call void (...)* @_ssdm_op_SpecInterface(i32* %outValue6, [10 x i8]* @p_str, i32 0, i32 0, [1 x i8]* @p_str1, i32 0, i32 0, [1 x i8]* @p_str1, [1 x i8]* @p_str1, [1 x i8]* @p_str1, i32 0, i32 0, i32 0, i32 0, [1 x i8]* @p_str1, [1 x i8]* @p_str1) nounwind" [iiccomm5.cpp:63]
ST_18 : Operation 140 [1/1] (0.00ns)   --->   "call void (...)* @_ssdm_op_SpecInterface(i32* %outValue7, [10 x i8]* @p_str, i32 0, i32 0, [1 x i8]* @p_str1, i32 0, i32 0, [1 x i8]* @p_str1, [1 x i8]* @p_str1, [1 x i8]* @p_str1, i32 0, i32 0, i32 0, i32 0, [1 x i8]* @p_str1, [1 x i8]* @p_str1) nounwind" [iiccomm5.cpp:64]
ST_18 : Operation 141 [1/1] (0.00ns)   --->   "call void (...)* @_ssdm_op_SpecInterface(i32* %outValue8, [10 x i8]* @p_str, i32 0, i32 0, [1 x i8]* @p_str1, i32 0, i32 0, [1 x i8]* @p_str1, [1 x i8]* @p_str1, [1 x i8]* @p_str1, i32 0, i32 0, i32 0, i32 0, [1 x i8]* @p_str1, [1 x i8]* @p_str1) nounwind" [iiccomm5.cpp:65]
ST_18 : Operation 142 [1/1] (0.00ns)   --->   "call void (...)* @_ssdm_op_SpecInterface(i32* %outValue9, [10 x i8]* @p_str, i32 0, i32 0, [1 x i8]* @p_str1, i32 0, i32 0, [1 x i8]* @p_str1, [1 x i8]* @p_str1, [1 x i8]* @p_str1, i32 0, i32 0, i32 0, i32 0, [1 x i8]* @p_str1, [1 x i8]* @p_str1) nounwind" [iiccomm5.cpp:66]
ST_18 : Operation 143 [1/1] (0.00ns)   --->   "call void (...)* @_ssdm_op_SpecInterface(i32* %outValue10, [10 x i8]* @p_str, i32 0, i32 0, [1 x i8]* @p_str1, i32 0, i32 0, [1 x i8]* @p_str1, [1 x i8]* @p_str1, [1 x i8]* @p_str1, i32 0, i32 0, i32 0, i32 0, [1 x i8]* @p_str1, [1 x i8]* @p_str1) nounwind" [iiccomm5.cpp:67]
ST_18 : Operation 144 [1/1] (0.00ns)   --->   "call void (...)* @_ssdm_op_SpecInterface(i32* %outValue11, [10 x i8]* @p_str, i32 0, i32 0, [1 x i8]* @p_str1, i32 0, i32 0, [1 x i8]* @p_str1, [1 x i8]* @p_str1, [1 x i8]* @p_str1, i32 0, i32 0, i32 0, i32 0, [1 x i8]* @p_str1, [1 x i8]* @p_str1) nounwind" [iiccomm5.cpp:68]
ST_18 : Operation 145 [1/1] (1.00ns)   --->   "call void @_ssdm_op_Write.s_axilite.volatile.i32P(i32* %outValue1, i32 %iic_read)" [iiccomm5.cpp:72]   --->   Core 10 's_axilite' <Latency = 0> <II = 1> <Delay = 1.00> <Adapter> <Opcode : 'read' 'write'>
ST_18 : Operation 146 [1/1] (1.00ns)   --->   "call void @_ssdm_op_Write.s_axilite.volatile.i32P(i32* %outValue2, i32 %iic_addr_read)" [iiccomm5.cpp:75]   --->   Core 10 's_axilite' <Latency = 0> <II = 1> <Delay = 1.00> <Adapter> <Opcode : 'read' 'write'>
ST_18 : Operation 147 [1/1] (1.00ns)   --->   "call void @_ssdm_op_Write.s_axilite.volatile.i32P(i32* %outValue3, i32 %iic_addr_1_read)" [iiccomm5.cpp:80]   --->   Core 10 's_axilite' <Latency = 0> <II = 1> <Delay = 1.00> <Adapter> <Opcode : 'read' 'write'>
ST_18 : Operation 148 [1/1] (1.00ns)   --->   "call void @_ssdm_op_Write.s_axilite.volatile.i32P(i32* %outValue4, i32 %iic_addr_2_read)" [iiccomm5.cpp:83]   --->   Core 10 's_axilite' <Latency = 0> <II = 1> <Delay = 1.00> <Adapter> <Opcode : 'read' 'write'>
ST_18 : Operation 149 [1/1] (1.00ns)   --->   "call void @_ssdm_op_Write.s_axilite.volatile.i32P(i32* %outValue5, i32 %iic_addr_3_read)" [iiccomm5.cpp:86]   --->   Core 10 's_axilite' <Latency = 0> <II = 1> <Delay = 1.00> <Adapter> <Opcode : 'read' 'write'>
ST_18 : Operation 150 [1/1] (1.00ns)   --->   "call void @_ssdm_op_Write.s_axilite.volatile.i32P(i32* %outValue6, i32 %iic_addr_4_read)" [iiccomm5.cpp:89]   --->   Core 10 's_axilite' <Latency = 0> <II = 1> <Delay = 1.00> <Adapter> <Opcode : 'read' 'write'>
ST_18 : Operation 151 [1/1] (1.00ns)   --->   "call void @_ssdm_op_Write.s_axilite.volatile.i32P(i32* %outValue7, i32 %iic_addr_5_read)" [iiccomm5.cpp:94]   --->   Core 10 's_axilite' <Latency = 0> <II = 1> <Delay = 1.00> <Adapter> <Opcode : 'read' 'write'>
ST_18 : Operation 152 [1/1] (1.00ns)   --->   "call void @_ssdm_op_Write.s_axilite.volatile.i32P(i32* %outValue8, i32 %iic_addr_6_read)" [iiccomm5.cpp:97]   --->   Core 10 's_axilite' <Latency = 0> <II = 1> <Delay = 1.00> <Adapter> <Opcode : 'read' 'write'>
ST_18 : Operation 153 [1/1] (1.00ns)   --->   "call void @_ssdm_op_Write.s_axilite.volatile.i32P(i32* %outValue9, i32 %iic_addr_7_read)" [iiccomm5.cpp:100]   --->   Core 10 's_axilite' <Latency = 0> <II = 1> <Delay = 1.00> <Adapter> <Opcode : 'read' 'write'>
ST_18 : Operation 154 [1/1] (1.00ns)   --->   "call void @_ssdm_op_Write.s_axilite.volatile.i32P(i32* %outValue10, i32 %iic_addr_8_read)" [iiccomm5.cpp:103]   --->   Core 10 's_axilite' <Latency = 0> <II = 1> <Delay = 1.00> <Adapter> <Opcode : 'read' 'write'>
ST_18 : Operation 155 [1/1] (1.00ns)   --->   "call void @_ssdm_op_Write.s_axilite.volatile.i32P(i32* %outValue11, i32 20)" [iiccomm5.cpp:105]   --->   Core 10 's_axilite' <Latency = 0> <II = 1> <Delay = 1.00> <Adapter> <Opcode : 'read' 'write'>
ST_18 : Operation 156 [1/1] (0.00ns)   --->   "ret void" [iiccomm5.cpp:108]


============================================================
+ Verbose Summary: Binding
============================================================
STG Binding: 
---------------- STG Properties BEGIN ----------------
- Is combinational: 0
- Is one-state seq: 0
- Is datapath-only: 0
- Is pipelined: 0
- Is top level: 1
Port [ Return ] is wired: 1; IO mode=ap_ctrl_hs:ce=0
Port [ iic]:  wired=1; compound=1; hidden=0; nouse=0; global=0; static=0; extern=0; dir=0; type=4; pingpong=0; private_global=0; IO mode=m_axi:ce=0
Port [ outValue1]:  wired=1; compound=0; hidden=0; nouse=0; global=0; static=0; extern=0; dir=2; type=0; pingpong=0; private_global=0; IO mode=ap_ovld:ce=0
Port [ outValue2]:  wired=1; compound=0; hidden=0; nouse=0; global=0; static=0; extern=0; dir=2; type=0; pingpong=0; private_global=0; IO mode=ap_ovld:ce=0
Port [ outValue3]:  wired=1; compound=0; hidden=0; nouse=0; global=0; static=0; extern=0; dir=2; type=0; pingpong=0; private_global=0; IO mode=ap_ovld:ce=0
Port [ outValue4]:  wired=1; compound=0; hidden=0; nouse=0; global=0; static=0; extern=0; dir=2; type=0; pingpong=0; private_global=0; IO mode=ap_ovld:ce=0
Port [ outValue5]:  wired=1; compound=0; hidden=0; nouse=0; global=0; static=0; extern=0; dir=2; type=0; pingpong=0; private_global=0; IO mode=ap_ovld:ce=0
Port [ outValue6]:  wired=1; compound=0; hidden=0; nouse=0; global=0; static=0; extern=0; dir=2; type=0; pingpong=0; private_global=0; IO mode=ap_ovld:ce=0
Port [ outValue7]:  wired=1; compound=0; hidden=0; nouse=0; global=0; static=0; extern=0; dir=2; type=0; pingpong=0; private_global=0; IO mode=ap_ovld:ce=0
Port [ outValue8]:  wired=1; compound=0; hidden=0; nouse=0; global=0; static=0; extern=0; dir=2; type=0; pingpong=0; private_global=0; IO mode=ap_ovld:ce=0
Port [ outValue9]:  wired=1; compound=0; hidden=0; nouse=0; global=0; static=0; extern=0; dir=2; type=0; pingpong=0; private_global=0; IO mode=ap_ovld:ce=0
Port [ outValue10]:  wired=1; compound=0; hidden=0; nouse=0; global=0; static=0; extern=0; dir=2; type=0; pingpong=0; private_global=0; IO mode=ap_ovld:ce=0
Port [ outValue11]:  wired=1; compound=0; hidden=0; nouse=0; global=0; static=0; extern=0; dir=2; type=0; pingpong=0; private_global=0; IO mode=ap_ovld:ce=0
---------------- STG Properties END ------------------

---------------- Datapath Model BEGIN ----------------

<LifeTime>
<method=bitvector/>
iic_addr        (getelementptr) [ 0001111111000000000]
iic_addr_1      (getelementptr) [ 0000111111100000000]
iic_addr_2      (getelementptr) [ 0000011111110000000]
iic_addr_3      (getelementptr) [ 0000001111111000000]
iic_addr_4      (getelementptr) [ 0000000111111100000]
iic_load_req    (readreq      ) [ 0000000000000000000]
iic_addr_5      (getelementptr) [ 0000000011111110000]
outValue1_load  (read         ) [ 0000000000000000000]
outValue2_load  (read         ) [ 0000000000000000000]
outValue3_load  (read         ) [ 0000000000000000000]
outValue4_load  (read         ) [ 0000000000000000000]
outValue5_load  (read         ) [ 0000000000000000000]
outValue6_load  (read         ) [ 0000000000000000000]
outValue7_load  (read         ) [ 0000000000000000000]
outValue8_load  (read         ) [ 0000000000000000000]
outValue9_load  (read         ) [ 0000000000000000000]
outValue10_load (read         ) [ 0000000000000000000]
outValue11_load (read         ) [ 0000000000000000000]
iic_read        (read         ) [ 0000000001111111111]
iic_load_1_req  (readreq      ) [ 0000000000000000000]
iic_addr_6      (getelementptr) [ 0000000001111111000]
iic_addr_read   (read         ) [ 0000000000111111111]
iic_load_2_req  (readreq      ) [ 0000000000000000000]
iic_addr_7      (getelementptr) [ 0000000000111111100]
iic_addr_1_read (read         ) [ 0000000000011111111]
iic_load_3_req  (readreq      ) [ 0000000000000000000]
iic_addr_8      (getelementptr) [ 0000000000011111110]
iic_addr_2_read (read         ) [ 0000000000001111111]
iic_load_4_req  (readreq      ) [ 0000000000000000000]
iic_addr_3_read (read         ) [ 0000000000000111111]
iic_load_5_req  (readreq      ) [ 0000000000000000000]
iic_addr_4_read (read         ) [ 0000000000000011111]
iic_load_6_req  (readreq      ) [ 0000000000000000000]
iic_addr_5_read (read         ) [ 0000000000000001111]
iic_load_7_req  (readreq      ) [ 0000000000000000000]
iic_addr_6_read (read         ) [ 0000000000000000111]
iic_load_8_req  (readreq      ) [ 0000000000000000000]
iic_addr_7_read (read         ) [ 0000000000000000011]
iic_load_9_req  (readreq      ) [ 0000000000000000000]
iic_addr_8_read (read         ) [ 0000000000000000001]
StgValue_119    (specbitsmap  ) [ 0000000000000000000]
StgValue_120    (specbitsmap  ) [ 0000000000000000000]
StgValue_121    (specbitsmap  ) [ 0000000000000000000]
StgValue_122    (specbitsmap  ) [ 0000000000000000000]
StgValue_123    (specbitsmap  ) [ 0000000000000000000]
StgValue_124    (specbitsmap  ) [ 0000000000000000000]
StgValue_125    (specbitsmap  ) [ 0000000000000000000]
StgValue_126    (specbitsmap  ) [ 0000000000000000000]
StgValue_127    (specbitsmap  ) [ 0000000000000000000]
StgValue_128    (specbitsmap  ) [ 0000000000000000000]
StgValue_129    (specbitsmap  ) [ 0000000000000000000]
StgValue_130    (specbitsmap  ) [ 0000000000000000000]
StgValue_131    (spectopmodule) [ 0000000000000000000]
StgValue_132    (specinterface) [ 0000000000000000000]
StgValue_133    (specinterface) [ 0000000000000000000]
StgValue_134    (specinterface) [ 0000000000000000000]
StgValue_135    (specinterface) [ 0000000000000000000]
StgValue_136    (specinterface) [ 0000000000000000000]
StgValue_137    (specinterface) [ 0000000000000000000]
StgValue_138    (specinterface) [ 0000000000000000000]
StgValue_139    (specinterface) [ 0000000000000000000]
StgValue_140    (specinterface) [ 0000000000000000000]
StgValue_141    (specinterface) [ 0000000000000000000]
StgValue_142    (specinterface) [ 0000000000000000000]
StgValue_143    (specinterface) [ 0000000000000000000]
StgValue_144    (specinterface) [ 0000000000000000000]
StgValue_145    (write        ) [ 0000000000000000000]
StgValue_146    (write        ) [ 0000000000000000000]
StgValue_147    (write        ) [ 0000000000000000000]
StgValue_148    (write        ) [ 0000000000000000000]
StgValue_149    (write        ) [ 0000000000000000000]
StgValue_150    (write        ) [ 0000000000000000000]
StgValue_151    (write        ) [ 0000000000000000000]
StgValue_152    (write        ) [ 0000000000000000000]
StgValue_153    (write        ) [ 0000000000000000000]
StgValue_154    (write        ) [ 0000000000000000000]
StgValue_155    (write        ) [ 0000000000000000000]
StgValue_156    (ret          ) [ 0000000000000000000]
</LifeTime>

<model>

<comp_list>
<comp id="0" class="1000" name="iic">
<pin_list>
<pin id="1" dir="1" index="0" bw="1" slack="0"/>
</pin_list>
<bind>
<StgValue><ssdm name="iic"/></StgValue>
</bind>
</comp>

<comp id="2" class="1000" name="outValue1">
<pin_list>
<pin id="3" dir="1" index="0" bw="1" slack="0"/>
</pin_list>
<bind>
<StgValue><ssdm name="outValue1"/></StgValue>
</bind>
</comp>

<comp id="4" class="1000" name="outValue2">
<pin_list>
<pin id="5" dir="1" index="0" bw="1" slack="0"/>
</pin_list>
<bind>
<StgValue><ssdm name="outValue2"/></StgValue>
</bind>
</comp>

<comp id="6" class="1000" name="outValue3">
<pin_list>
<pin id="7" dir="1" index="0" bw="1" slack="0"/>
</pin_list>
<bind>
<StgValue><ssdm name="outValue3"/></StgValue>
</bind>
</comp>

<comp id="8" class="1000" name="outValue4">
<pin_list>
<pin id="9" dir="1" index="0" bw="1" slack="0"/>
</pin_list>
<bind>
<StgValue><ssdm name="outValue4"/></StgValue>
</bind>
</comp>

<comp id="10" class="1000" name="outValue5">
<pin_list>
<pin id="11" dir="1" index="0" bw="1" slack="0"/>
</pin_list>
<bind>
<StgValue><ssdm name="outValue5"/></StgValue>
</bind>
</comp>

<comp id="12" class="1000" name="outValue6">
<pin_list>
<pin id="13" dir="1" index="0" bw="1" slack="0"/>
</pin_list>
<bind>
<StgValue><ssdm name="outValue6"/></StgValue>
</bind>
</comp>

<comp id="14" class="1000" name="outValue7">
<pin_list>
<pin id="15" dir="1" index="0" bw="1" slack="0"/>
</pin_list>
<bind>
<StgValue><ssdm name="outValue7"/></StgValue>
</bind>
</comp>

<comp id="16" class="1000" name="outValue8">
<pin_list>
<pin id="17" dir="1" index="0" bw="1" slack="0"/>
</pin_list>
<bind>
<StgValue><ssdm name="outValue8"/></StgValue>
</bind>
</comp>

<comp id="18" class="1000" name="outValue9">
<pin_list>
<pin id="19" dir="1" index="0" bw="1" slack="0"/>
</pin_list>
<bind>
<StgValue><ssdm name="outValue9"/></StgValue>
</bind>
</comp>

<comp id="20" class="1000" name="outValue10">
<pin_list>
<pin id="21" dir="1" index="0" bw="1" slack="0"/>
</pin_list>
<bind>
<StgValue><ssdm name="outValue10"/></StgValue>
</bind>
</comp>

<comp id="22" class="1000" name="outValue11">
<pin_list>
<pin id="23" dir="1" index="0" bw="1" slack="0"/>
</pin_list>
<bind>
<StgValue><ssdm name="outValue11"/></StgValue>
</bind>
</comp>

<comp id="24" class="1001" name="const_24">
<pin_list>
<pin id="25" dir="1" index="0" bw="1" slack="0"/>
</pin_list>
<bind>
<StgValue><ssdm name="_ssdm_op_ReadReq.m_axi.i32P"/></StgValue>
</bind>
</comp>

<comp id="26" class="1001" name="const_26">
<pin_list>
<pin id="27" dir="1" index="0" bw="1" slack="0"/>
</pin_list>
<bind>
<StgValue><ssdm name=""/></StgValue>
</bind>
</comp>

<comp id="28" class="1001" name="const_28">
<pin_list>
<pin id="29" dir="1" index="0" bw="1" slack="0"/>
</pin_list>
<bind>
<StgValue><ssdm name=""/></StgValue>
</bind>
</comp>

<comp id="30" class="1001" name="const_30">
<pin_list>
<pin id="31" dir="1" index="0" bw="1" slack="0"/>
</pin_list>
<bind>
<StgValue><ssdm name=""/></StgValue>
</bind>
</comp>

<comp id="32" class="1001" name="const_32">
<pin_list>
<pin id="33" dir="1" index="0" bw="1" slack="0"/>
</pin_list>
<bind>
<StgValue><ssdm name=""/></StgValue>
</bind>
</comp>

<comp id="34" class="1001" name="const_34">
<pin_list>
<pin id="35" dir="1" index="0" bw="1" slack="0"/>
</pin_list>
<bind>
<StgValue><ssdm name=""/></StgValue>
</bind>
</comp>

<comp id="36" class="1001" name="const_36">
<pin_list>
<pin id="37" dir="1" index="0" bw="1" slack="0"/>
</pin_list>
<bind>
<StgValue><ssdm name=""/></StgValue>
</bind>
</comp>

<comp id="38" class="1001" name="const_38">
<pin_list>
<pin id="39" dir="1" index="0" bw="1" slack="0"/>
</pin_list>
<bind>
<StgValue><ssdm name=""/></StgValue>
</bind>
</comp>

<comp id="40" class="1001" name="const_40">
<pin_list>
<pin id="41" dir="1" index="0" bw="1" slack="0"/>
</pin_list>
<bind>
<StgValue><ssdm name="_ssdm_op_Read.s_axilite.volatile.i32P"/></StgValue>
</bind>
</comp>

<comp id="42" class="1001" name="const_42">
<pin_list>
<pin id="43" dir="1" index="0" bw="1" slack="0"/>
</pin_list>
<bind>
<StgValue><ssdm name="_ssdm_op_Read.m_axi.volatile.i32P"/></StgValue>
</bind>
</comp>

<comp id="44" class="1001" name="const_44">
<pin_list>
<pin id="45" dir="1" index="0" bw="1" slack="0"/>
</pin_list>
<bind>
<StgValue><ssdm name=""/></StgValue>
</bind>
</comp>

<comp id="46" class="1001" name="const_46">
<pin_list>
<pin id="47" dir="1" index="0" bw="1" slack="0"/>
</pin_list>
<bind>
<StgValue><ssdm name=""/></StgValue>
</bind>
</comp>

<comp id="48" class="1001" name="const_48">
<pin_list>
<pin id="49" dir="1" index="0" bw="1" slack="0"/>
</pin_list>
<bind>
<StgValue><ssdm name=""/></StgValue>
</bind>
</comp>

<comp id="50" class="1001" name="const_50">
<pin_list>
<pin id="51" dir="1" index="0" bw="1" slack="2147483647"/>
</pin_list>
<bind>
<StgValue><ssdm name="_ssdm_op_SpecBitsMap"/></StgValue>
</bind>
</comp>

<comp id="52" class="1001" name="const_52">
<pin_list>
<pin id="53" dir="1" index="0" bw="1" slack="2147483647"/>
</pin_list>
<bind>
<StgValue><ssdm name="_ssdm_op_SpecTopModule"/></StgValue>
</bind>
</comp>

<comp id="54" class="1001" name="const_54">
<pin_list>
<pin id="55" dir="1" index="0" bw="1" slack="2147483647"/>
</pin_list>
<bind>
<StgValue><ssdm name="iiccomm5_str"/></StgValue>
</bind>
</comp>

<comp id="56" class="1001" name="const_56">
<pin_list>
<pin id="57" dir="1" index="0" bw="1" slack="2147483647"/>
</pin_list>
<bind>
<StgValue><ssdm name="_ssdm_op_SpecInterface"/></StgValue>
</bind>
</comp>

<comp id="58" class="1001" name="const_58">
<pin_list>
<pin id="59" dir="1" index="0" bw="1" slack="2147483647"/>
</pin_list>
<bind>
<StgValue><ssdm name=""/></StgValue>
</bind>
</comp>

<comp id="60" class="1001" name="const_60">
<pin_list>
<pin id="61" dir="1" index="0" bw="1" slack="2147483647"/>
</pin_list>
<bind>
<StgValue><ssdm name="p_str"/></StgValue>
</bind>
</comp>

<comp id="62" class="1001" name="const_62">
<pin_list>
<pin id="63" dir="1" index="0" bw="1" slack="2147483647"/>
</pin_list>
<bind>
<StgValue><ssdm name="p_str1"/></StgValue>
</bind>
</comp>

<comp id="64" class="1001" name="const_64">
<pin_list>
<pin id="65" dir="1" index="0" bw="1" slack="2147483647"/>
</pin_list>
<bind>
<StgValue><ssdm name="p_str2"/></StgValue>
</bind>
</comp>

<comp id="66" class="1001" name="const_66">
<pin_list>
<pin id="67" dir="1" index="0" bw="1" slack="2147483647"/>
</pin_list>
<bind>
<StgValue><ssdm name=""/></StgValue>
</bind>
</comp>

<comp id="68" class="1001" name="const_68">
<pin_list>
<pin id="69" dir="1" index="0" bw="1" slack="0"/>
</pin_list>
<bind>
<StgValue><ssdm name="_ssdm_op_Write.s_axilite.volatile.i32P"/></StgValue>
</bind>
</comp>

<comp id="70" class="1001" name="const_70">
<pin_list>
<pin id="71" dir="1" index="0" bw="1" slack="0"/>
</pin_list>
<bind>
<StgValue><ssdm name=""/></StgValue>
</bind>
</comp>

<comp id="72" class="1004" name="grp_readreq_fu_72">
<pin_list>
<pin id="73" dir="0" index="0" bw="1" slack="0"/>
<pin id="74" dir="0" index="1" bw="32" slack="0"/>
<pin id="75" dir="0" index="2" bw="1" slack="0"/>
<pin id="76" dir="1" index="3" bw="1" slack="2147483647"/>
</pin_list>
<bind>
<opcode="readreq(1154) " fcode="readreq"/>
<opset="iic_load_req/1 "/>
</bind>
</comp>

<comp id="80" class="1004" name="grp_readreq_fu_80">
<pin_list>
<pin id="81" dir="0" index="0" bw="1" slack="0"/>
<pin id="82" dir="0" index="1" bw="32" slack="0"/>
<pin id="83" dir="0" index="2" bw="1" slack="0"/>
<pin id="84" dir="1" index="3" bw="1" slack="2147483647"/>
</pin_list>
<bind>
<opcode="readreq(1154) " fcode="readreq"/>
<opset="iic_load_1_req/2 "/>
</bind>
</comp>

<comp id="87" class="1004" name="grp_readreq_fu_87">
<pin_list>
<pin id="88" dir="0" index="0" bw="1" slack="0"/>
<pin id="89" dir="0" index="1" bw="32" slack="0"/>
<pin id="90" dir="0" index="2" bw="1" slack="0"/>
<pin id="91" dir="1" index="3" bw="1" slack="2147483647"/>
</pin_list>
<bind>
<opcode="readreq(1154) " fcode="readreq"/>
<opset="iic_load_2_req/3 "/>
</bind>
</comp>

<comp id="94" class="1004" name="grp_readreq_fu_94">
<pin_list>
<pin id="95" dir="0" index="0" bw="1" slack="0"/>
<pin id="96" dir="0" index="1" bw="32" slack="0"/>
<pin id="97" dir="0" index="2" bw="1" slack="0"/>
<pin id="98" dir="1" index="3" bw="1" slack="2147483647"/>
</pin_list>
<bind>
<opcode="readreq(1154) " fcode="readreq"/>
<opset="iic_load_3_req/4 "/>
</bind>
</comp>

<comp id="101" class="1004" name="grp_readreq_fu_101">
<pin_list>
<pin id="102" dir="0" index="0" bw="1" slack="0"/>
<pin id="103" dir="0" index="1" bw="32" slack="0"/>
<pin id="104" dir="0" index="2" bw="1" slack="0"/>
<pin id="105" dir="1" index="3" bw="1" slack="2147483647"/>
</pin_list>
<bind>
<opcode="readreq(1154) " fcode="readreq"/>
<opset="iic_load_4_req/5 "/>
</bind>
</comp>

<comp id="108" class="1004" name="grp_readreq_fu_108">
<pin_list>
<pin id="109" dir="0" index="0" bw="1" slack="0"/>
<pin id="110" dir="0" index="1" bw="32" slack="0"/>
<pin id="111" dir="0" index="2" bw="1" slack="0"/>
<pin id="112" dir="1" index="3" bw="1" slack="2147483647"/>
</pin_list>
<bind>
<opcode="readreq(1154) " fcode="readreq"/>
<opset="iic_load_5_req/6 "/>
</bind>
</comp>

<comp id="115" class="1004" name="grp_readreq_fu_115">
<pin_list>
<pin id="116" dir="0" index="0" bw="1" slack="0"/>
<pin id="117" dir="0" index="1" bw="32" slack="0"/>
<pin id="118" dir="0" index="2" bw="1" slack="0"/>
<pin id="119" dir="1" index="3" bw="1" slack="2147483647"/>
</pin_list>
<bind>
<opcode="readreq(1154) " fcode="readreq"/>
<opset="iic_load_6_req/7 "/>
</bind>
</comp>

<comp id="122" class="1004" name="outValue1_load_read_fu_122">
<pin_list>
<pin id="123" dir="0" index="0" bw="32" slack="0"/>
<pin id="124" dir="0" index="1" bw="32" slack="0"/>
<pin id="125" dir="1" index="2" bw="32" slack="2147483647"/>
</pin_list>
<bind>
<opcode="read(1150) " fcode="read"/>
<opset="outValue1_load/8 "/>
</bind>
</comp>

<comp id="128" class="1004" name="outValue2_load_read_fu_128">
<pin_list>
<pin id="129" dir="0" index="0" bw="32" slack="0"/>
<pin id="130" dir="0" index="1" bw="32" slack="0"/>
<pin id="131" dir="1" index="2" bw="32" slack="2147483647"/>
</pin_list>
<bind>
<opcode="read(1150) " fcode="read"/>
<opset="outValue2_load/8 "/>
</bind>
</comp>

<comp id="134" class="1004" name="outValue3_load_read_fu_134">
<pin_list>
<pin id="135" dir="0" index="0" bw="32" slack="0"/>
<pin id="136" dir="0" index="1" bw="32" slack="0"/>
<pin id="137" dir="1" index="2" bw="32" slack="2147483647"/>
</pin_list>
<bind>
<opcode="read(1150) " fcode="read"/>
<opset="outValue3_load/8 "/>
</bind>
</comp>

<comp id="140" class="1004" name="outValue4_load_read_fu_140">
<pin_list>
<pin id="141" dir="0" index="0" bw="32" slack="0"/>
<pin id="142" dir="0" index="1" bw="32" slack="0"/>
<pin id="143" dir="1" index="2" bw="32" slack="2147483647"/>
</pin_list>
<bind>
<opcode="read(1150) " fcode="read"/>
<opset="outValue4_load/8 "/>
</bind>
</comp>

<comp id="146" class="1004" name="outValue5_load_read_fu_146">
<pin_list>
<pin id="147" dir="0" index="0" bw="32" slack="0"/>
<pin id="148" dir="0" index="1" bw="32" slack="0"/>
<pin id="149" dir="1" index="2" bw="32" slack="2147483647"/>
</pin_list>
<bind>
<opcode="read(1150) " fcode="read"/>
<opset="outValue5_load/8 "/>
</bind>
</comp>

<comp id="152" class="1004" name="outValue6_load_read_fu_152">
<pin_list>
<pin id="153" dir="0" index="0" bw="32" slack="0"/>
<pin id="154" dir="0" index="1" bw="32" slack="0"/>
<pin id="155" dir="1" index="2" bw="32" slack="2147483647"/>
</pin_list>
<bind>
<opcode="read(1150) " fcode="read"/>
<opset="outValue6_load/8 "/>
</bind>
</comp>

<comp id="158" class="1004" name="outValue7_load_read_fu_158">
<pin_list>
<pin id="159" dir="0" index="0" bw="32" slack="0"/>
<pin id="160" dir="0" index="1" bw="32" slack="0"/>
<pin id="161" dir="1" index="2" bw="32" slack="2147483647"/>
</pin_list>
<bind>
<opcode="read(1150) " fcode="read"/>
<opset="outValue7_load/8 "/>
</bind>
</comp>

<comp id="164" class="1004" name="outValue8_load_read_fu_164">
<pin_list>
<pin id="165" dir="0" index="0" bw="32" slack="0"/>
<pin id="166" dir="0" index="1" bw="32" slack="0"/>
<pin id="167" dir="1" index="2" bw="32" slack="2147483647"/>
</pin_list>
<bind>
<opcode="read(1150) " fcode="read"/>
<opset="outValue8_load/8 "/>
</bind>
</comp>

<comp id="170" class="1004" name="outValue9_load_read_fu_170">
<pin_list>
<pin id="171" dir="0" index="0" bw="32" slack="0"/>
<pin id="172" dir="0" index="1" bw="32" slack="0"/>
<pin id="173" dir="1" index="2" bw="32" slack="2147483647"/>
</pin_list>
<bind>
<opcode="read(1150) " fcode="read"/>
<opset="outValue9_load/8 "/>
</bind>
</comp>

<comp id="176" class="1004" name="outValue10_load_read_fu_176">
<pin_list>
<pin id="177" dir="0" index="0" bw="32" slack="0"/>
<pin id="178" dir="0" index="1" bw="32" slack="0"/>
<pin id="179" dir="1" index="2" bw="32" slack="2147483647"/>
</pin_list>
<bind>
<opcode="read(1150) " fcode="read"/>
<opset="outValue10_load/8 "/>
</bind>
</comp>

<comp id="182" class="1004" name="outValue11_load_read_fu_182">
<pin_list>
<pin id="183" dir="0" index="0" bw="32" slack="0"/>
<pin id="184" dir="0" index="1" bw="32" slack="0"/>
<pin id="185" dir="1" index="2" bw="32" slack="2147483647"/>
</pin_list>
<bind>
<opcode="read(1150) " fcode="read"/>
<opset="outValue11_load/8 "/>
</bind>
</comp>

<comp id="188" class="1004" name="iic_read_read_fu_188">
<pin_list>
<pin id="189" dir="0" index="0" bw="32" slack="0"/>
<pin id="190" dir="0" index="1" bw="32" slack="0"/>
<pin id="191" dir="1" index="2" bw="32" slack="10"/>
</pin_list>
<bind>
<opcode="read(1150) " fcode="read"/>
<opset="iic_read/8 "/>
</bind>
</comp>

<comp id="194" class="1004" name="grp_readreq_fu_194">
<pin_list>
<pin id="195" dir="0" index="0" bw="1" slack="0"/>
<pin id="196" dir="0" index="1" bw="32" slack="0"/>
<pin id="197" dir="0" index="2" bw="1" slack="0"/>
<pin id="198" dir="1" index="3" bw="1" slack="2147483647"/>
</pin_list>
<bind>
<opcode="readreq(1154) " fcode="readreq"/>
<opset="iic_load_7_req/8 "/>
</bind>
</comp>

<comp id="201" class="1004" name="iic_addr_read_read_fu_201">
<pin_list>
<pin id="202" dir="0" index="0" bw="32" slack="0"/>
<pin id="203" dir="0" index="1" bw="32" slack="7"/>
<pin id="204" dir="1" index="2" bw="32" slack="9"/>
</pin_list>
<bind>
<opcode="read(1150) " fcode="read"/>
<opset="iic_addr_read/9 "/>
</bind>
</comp>

<comp id="206" class="1004" name="grp_readreq_fu_206">
<pin_list>
<pin id="207" dir="0" index="0" bw="1" slack="0"/>
<pin id="208" dir="0" index="1" bw="32" slack="0"/>
<pin id="209" dir="0" index="2" bw="1" slack="0"/>
<pin id="210" dir="1" index="3" bw="1" slack="2147483647"/>
</pin_list>
<bind>
<opcode="readreq(1154) " fcode="readreq"/>
<opset="iic_load_8_req/9 "/>
</bind>
</comp>

<comp id="213" class="1004" name="iic_addr_1_read_read_fu_213">
<pin_list>
<pin id="214" dir="0" index="0" bw="32" slack="0"/>
<pin id="215" dir="0" index="1" bw="32" slack="7"/>
<pin id="216" dir="1" index="2" bw="32" slack="8"/>
</pin_list>
<bind>
<opcode="read(1150) " fcode="read"/>
<opset="iic_addr_1_read/10 "/>
</bind>
</comp>

<comp id="218" class="1004" name="grp_readreq_fu_218">
<pin_list>
<pin id="219" dir="0" index="0" bw="1" slack="0"/>
<pin id="220" dir="0" index="1" bw="32" slack="0"/>
<pin id="221" dir="0" index="2" bw="1" slack="0"/>
<pin id="222" dir="1" index="3" bw="1" slack="2147483647"/>
</pin_list>
<bind>
<opcode="readreq(1154) " fcode="readreq"/>
<opset="iic_load_9_req/10 "/>
</bind>
</comp>

<comp id="225" class="1004" name="iic_addr_2_read_read_fu_225">
<pin_list>
<pin id="226" dir="0" index="0" bw="32" slack="0"/>
<pin id="227" dir="0" index="1" bw="32" slack="7"/>
<pin id="228" dir="1" index="2" bw="32" slack="7"/>
</pin_list>
<bind>
<opcode="read(1150) " fcode="read"/>
<opset="iic_addr_2_read/11 "/>
</bind>
</comp>

<comp id="230" class="1004" name="iic_addr_3_read_read_fu_230">
<pin_list>
<pin id="231" dir="0" index="0" bw="32" slack="0"/>
<pin id="232" dir="0" index="1" bw="32" slack="7"/>
<pin id="233" dir="1" index="2" bw="32" slack="6"/>
</pin_list>
<bind>
<opcode="read(1150) " fcode="read"/>
<opset="iic_addr_3_read/12 "/>
</bind>
</comp>

<comp id="235" class="1004" name="iic_addr_4_read_read_fu_235">
<pin_list>
<pin id="236" dir="0" index="0" bw="32" slack="0"/>
<pin id="237" dir="0" index="1" bw="32" slack="7"/>
<pin id="238" dir="1" index="2" bw="32" slack="5"/>
</pin_list>
<bind>
<opcode="read(1150) " fcode="read"/>
<opset="iic_addr_4_read/13 "/>
</bind>
</comp>

<comp id="240" class="1004" name="iic_addr_5_read_read_fu_240">
<pin_list>
<pin id="241" dir="0" index="0" bw="32" slack="0"/>
<pin id="242" dir="0" index="1" bw="32" slack="7"/>
<pin id="243" dir="1" index="2" bw="32" slack="4"/>
</pin_list>
<bind>
<opcode="read(1150) " fcode="read"/>
<opset="iic_addr_5_read/14 "/>
</bind>
</comp>

<comp id="245" class="1004" name="iic_addr_6_read_read_fu_245">
<pin_list>
<pin id="246" dir="0" index="0" bw="32" slack="0"/>
<pin id="247" dir="0" index="1" bw="32" slack="7"/>
<pin id="248" dir="1" index="2" bw="32" slack="3"/>
</pin_list>
<bind>
<opcode="read(1150) " fcode="read"/>
<opset="iic_addr_6_read/15 "/>
</bind>
</comp>

<comp id="250" class="1004" name="iic_addr_7_read_read_fu_250">
<pin_list>
<pin id="251" dir="0" index="0" bw="32" slack="0"/>
<pin id="252" dir="0" index="1" bw="32" slack="7"/>
<pin id="253" dir="1" index="2" bw="32" slack="2"/>
</pin_list>
<bind>
<opcode="read(1150) " fcode="read"/>
<opset="iic_addr_7_read/16 "/>
</bind>
</comp>

<comp id="255" class="1004" name="iic_addr_8_read_read_fu_255">
<pin_list>
<pin id="256" dir="0" index="0" bw="32" slack="0"/>
<pin id="257" dir="0" index="1" bw="32" slack="7"/>
<pin id="258" dir="1" index="2" bw="32" slack="1"/>
</pin_list>
<bind>
<opcode="read(1150) " fcode="read"/>
<opset="iic_addr_8_read/17 "/>
</bind>
</comp>

<comp id="260" class="1004" name="StgValue_145_write_fu_260">
<pin_list>
<pin id="261" dir="0" index="0" bw="0" slack="0"/>
<pin id="262" dir="0" index="1" bw="32" slack="0"/>
<pin id="263" dir="0" index="2" bw="32" slack="10"/>
<pin id="264" dir="1" index="3" bw="0" slack="2147483647"/>
</pin_list>
<bind>
<opcode="write(1151) " fcode="write"/>
<opset="StgValue_145/18 "/>
</bind>
</comp>

<comp id="267" class="1004" name="StgValue_146_write_fu_267">
<pin_list>
<pin id="268" dir="0" index="0" bw="0" slack="0"/>
<pin id="269" dir="0" index="1" bw="32" slack="0"/>
<pin id="270" dir="0" index="2" bw="32" slack="9"/>
<pin id="271" dir="1" index="3" bw="0" slack="2147483647"/>
</pin_list>
<bind>
<opcode="write(1151) " fcode="write"/>
<opset="StgValue_146/18 "/>
</bind>
</comp>

<comp id="274" class="1004" name="StgValue_147_write_fu_274">
<pin_list>
<pin id="275" dir="0" index="0" bw="0" slack="0"/>
<pin id="276" dir="0" index="1" bw="32" slack="0"/>
<pin id="277" dir="0" index="2" bw="32" slack="8"/>
<pin id="278" dir="1" index="3" bw="0" slack="2147483647"/>
</pin_list>
<bind>
<opcode="write(1151) " fcode="write"/>
<opset="StgValue_147/18 "/>
</bind>
</comp>

<comp id="281" class="1004" name="StgValue_148_write_fu_281">
<pin_list>
<pin id="282" dir="0" index="0" bw="0" slack="0"/>
<pin id="283" dir="0" index="1" bw="32" slack="0"/>
<pin id="284" dir="0" index="2" bw="32" slack="7"/>
<pin id="285" dir="1" index="3" bw="0" slack="2147483647"/>
</pin_list>
<bind>
<opcode="write(1151) " fcode="write"/>
<opset="StgValue_148/18 "/>
</bind>
</comp>

<comp id="288" class="1004" name="StgValue_149_write_fu_288">
<pin_list>
<pin id="289" dir="0" index="0" bw="0" slack="0"/>
<pin id="290" dir="0" index="1" bw="32" slack="0"/>
<pin id="291" dir="0" index="2" bw="32" slack="6"/>
<pin id="292" dir="1" index="3" bw="0" slack="2147483647"/>
</pin_list>
<bind>
<opcode="write(1151) " fcode="write"/>
<opset="StgValue_149/18 "/>
</bind>
</comp>

<comp id="295" class="1004" name="StgValue_150_write_fu_295">
<pin_list>
<pin id="296" dir="0" index="0" bw="0" slack="0"/>
<pin id="297" dir="0" index="1" bw="32" slack="0"/>
<pin id="298" dir="0" index="2" bw="32" slack="5"/>
<pin id="299" dir="1" index="3" bw="0" slack="2147483647"/>
</pin_list>
<bind>
<opcode="write(1151) " fcode="write"/>
<opset="StgValue_150/18 "/>
</bind>
</comp>

<comp id="302" class="1004" name="StgValue_151_write_fu_302">
<pin_list>
<pin id="303" dir="0" index="0" bw="0" slack="0"/>
<pin id="304" dir="0" index="1" bw="32" slack="0"/>
<pin id="305" dir="0" index="2" bw="32" slack="4"/>
<pin id="306" dir="1" index="3" bw="0" slack="2147483647"/>
</pin_list>
<bind>
<opcode="write(1151) " fcode="write"/>
<opset="StgValue_151/18 "/>
</bind>
</comp>

<comp id="309" class="1004" name="StgValue_152_write_fu_309">
<pin_list>
<pin id="310" dir="0" index="0" bw="0" slack="0"/>
<pin id="311" dir="0" index="1" bw="32" slack="0"/>
<pin id="312" dir="0" index="2" bw="32" slack="3"/>
<pin id="313" dir="1" index="3" bw="0" slack="2147483647"/>
</pin_list>
<bind>
<opcode="write(1151) " fcode="write"/>
<opset="StgValue_152/18 "/>
</bind>
</comp>

<comp id="316" class="1004" name="StgValue_153_write_fu_316">
<pin_list>
<pin id="317" dir="0" index="0" bw="0" slack="0"/>
<pin id="318" dir="0" index="1" bw="32" slack="0"/>
<pin id="319" dir="0" index="2" bw="32" slack="2"/>
<pin id="320" dir="1" index="3" bw="0" slack="2147483647"/>
</pin_list>
<bind>
<opcode="write(1151) " fcode="write"/>
<opset="StgValue_153/18 "/>
</bind>
</comp>

<comp id="323" class="1004" name="StgValue_154_write_fu_323">
<pin_list>
<pin id="324" dir="0" index="0" bw="0" slack="0"/>
<pin id="325" dir="0" index="1" bw="32" slack="0"/>
<pin id="326" dir="0" index="2" bw="32" slack="1"/>
<pin id="327" dir="1" index="3" bw="0" slack="2147483647"/>
</pin_list>
<bind>
<opcode="write(1151) " fcode="write"/>
<opset="StgValue_154/18 "/>
</bind>
</comp>

<comp id="330" class="1004" name="StgValue_155_write_fu_330">
<pin_list>
<pin id="331" dir="0" index="0" bw="0" slack="0"/>
<pin id="332" dir="0" index="1" bw="32" slack="0"/>
<pin id="333" dir="0" index="2" bw="6" slack="0"/>
<pin id="334" dir="1" index="3" bw="0" slack="2147483647"/>
</pin_list>
<bind>
<opcode="write(1151) " fcode="write"/>
<opset="StgValue_155/18 "/>
</bind>
</comp>

<comp id="338" class="1004" name="iic_addr_fu_338">
<pin_list>
<pin id="339" dir="0" index="0" bw="32" slack="0"/>
<pin id="340" dir="0" index="1" bw="3" slack="0"/>
<pin id="341" dir="1" index="2" bw="32" slack="0"/>
</pin_list>
<bind>
<opcode="getelementptr(29) " fcode="getelementptr"/>
<opset="iic_addr/2 "/>
</bind>
</comp>

<comp id="345" class="1004" name="iic_addr_1_fu_345">
<pin_list>
<pin id="346" dir="0" index="0" bw="32" slack="0"/>
<pin id="347" dir="0" index="1" bw="30" slack="0"/>
<pin id="348" dir="1" index="2" bw="32" slack="0"/>
</pin_list>
<bind>
<opcode="getelementptr(29) " fcode="getelementptr"/>
<opset="iic_addr_1/3 "/>
</bind>
</comp>

<comp id="352" class="1004" name="iic_addr_2_fu_352">
<pin_list>
<pin id="353" dir="0" index="0" bw="32" slack="0"/>
<pin id="354" dir="0" index="1" bw="30" slack="0"/>
<pin id="355" dir="1" index="2" bw="32" slack="0"/>
</pin_list>
<bind>
<opcode="getelementptr(29) " fcode="getelementptr"/>
<opset="iic_addr_2/4 "/>
</bind>
</comp>

<comp id="359" class="1004" name="iic_addr_3_fu_359">
<pin_list>
<pin id="360" dir="0" index="0" bw="32" slack="0"/>
<pin id="361" dir="0" index="1" bw="8" slack="0"/>
<pin id="362" dir="1" index="2" bw="32" slack="0"/>
</pin_list>
<bind>
<opcode="getelementptr(29) " fcode="getelementptr"/>
<opset="iic_addr_3/5 "/>
</bind>
</comp>

<comp id="366" class="1004" name="iic_addr_4_fu_366">
<pin_list>
<pin id="367" dir="0" index="0" bw="32" slack="0"/>
<pin id="368" dir="0" index="1" bw="10" slack="0"/>
<pin id="369" dir="1" index="2" bw="32" slack="0"/>
</pin_list>
<bind>
<opcode="getelementptr(29) " fcode="getelementptr"/>
<opset="iic_addr_4/6 "/>
</bind>
</comp>

<comp id="373" class="1004" name="iic_addr_5_fu_373">
<pin_list>
<pin id="374" dir="0" index="0" bw="32" slack="0"/>
<pin id="375" dir="0" index="1" bw="30" slack="0"/>
<pin id="376" dir="1" index="2" bw="32" slack="0"/>
</pin_list>
<bind>
<opcode="getelementptr(29) " fcode="getelementptr"/>
<opset="iic_addr_5/7 "/>
</bind>
</comp>

<comp id="380" class="1004" name="iic_addr_6_fu_380">
<pin_list>
<pin id="381" dir="0" index="0" bw="32" slack="0"/>
<pin id="382" dir="0" index="1" bw="30" slack="0"/>
<pin id="383" dir="1" index="2" bw="32" slack="0"/>
</pin_list>
<bind>
<opcode="getelementptr(29) " fcode="getelementptr"/>
<opset="iic_addr_6/8 "/>
</bind>
</comp>

<comp id="387" class="1004" name="iic_addr_7_fu_387">
<pin_list>
<pin id="388" dir="0" index="0" bw="32" slack="0"/>
<pin id="389" dir="0" index="1" bw="5" slack="0"/>
<pin id="390" dir="1" index="2" bw="32" slack="0"/>
</pin_list>
<bind>
<opcode="getelementptr(29) " fcode="getelementptr"/>
<opset="iic_addr_7/9 "/>
</bind>
</comp>

<comp id="394" class="1004" name="iic_addr_8_fu_394">
<pin_list>
<pin id="395" dir="0" index="0" bw="32" slack="0"/>
<pin id="396" dir="0" index="1" bw="7" slack="0"/>
<pin id="397" dir="1" index="2" bw="32" slack="0"/>
</pin_list>
<bind>
<opcode="getelementptr(29) " fcode="getelementptr"/>
<opset="iic_addr_8/10 "/>
</bind>
</comp>

<comp id="401" class="1005" name="iic_addr_reg_401">
<pin_list>
<pin id="402" dir="0" index="0" bw="32" slack="1"/>
<pin id="403" dir="1" index="1" bw="32" slack="1"/>
</pin_list>
<bind>
<opset="iic_addr "/>
</bind>
</comp>

<comp id="407" class="1005" name="iic_addr_1_reg_407">
<pin_list>
<pin id="408" dir="0" index="0" bw="32" slack="1"/>
<pin id="409" dir="1" index="1" bw="32" slack="1"/>
</pin_list>
<bind>
<opset="iic_addr_1 "/>
</bind>
</comp>

<comp id="413" class="1005" name="iic_addr_2_reg_413">
<pin_list>
<pin id="414" dir="0" index="0" bw="32" slack="1"/>
<pin id="415" dir="1" index="1" bw="32" slack="1"/>
</pin_list>
<bind>
<opset="iic_addr_2 "/>
</bind>
</comp>

<comp id="419" class="1005" name="iic_addr_3_reg_419">
<pin_list>
<pin id="420" dir="0" index="0" bw="32" slack="1"/>
<pin id="421" dir="1" index="1" bw="32" slack="1"/>
</pin_list>
<bind>
<opset="iic_addr_3 "/>
</bind>
</comp>

<comp id="425" class="1005" name="iic_addr_4_reg_425">
<pin_list>
<pin id="426" dir="0" index="0" bw="32" slack="1"/>
<pin id="427" dir="1" index="1" bw="32" slack="1"/>
</pin_list>
<bind>
<opset="iic_addr_4 "/>
</bind>
</comp>

<comp id="431" class="1005" name="iic_addr_5_reg_431">
<pin_list>
<pin id="432" dir="0" index="0" bw="32" slack="1"/>
<pin id="433" dir="1" index="1" bw="32" slack="1"/>
</pin_list>
<bind>
<opset="iic_addr_5 "/>
</bind>
</comp>

<comp id="437" class="1005" name="iic_read_reg_437">
<pin_list>
<pin id="438" dir="0" index="0" bw="32" slack="10"/>
<pin id="439" dir="1" index="1" bw="32" slack="10"/>
</pin_list>
<bind>
<opset="iic_read "/>
</bind>
</comp>

<comp id="442" class="1005" name="iic_addr_6_reg_442">
<pin_list>
<pin id="443" dir="0" index="0" bw="32" slack="1"/>
<pin id="444" dir="1" index="1" bw="32" slack="1"/>
</pin_list>
<bind>
<opset="iic_addr_6 "/>
</bind>
</comp>

<comp id="448" class="1005" name="iic_addr_read_reg_448">
<pin_list>
<pin id="449" dir="0" index="0" bw="32" slack="9"/>
<pin id="450" dir="1" index="1" bw="32" slack="9"/>
</pin_list>
<bind>
<opset="iic_addr_read "/>
</bind>
</comp>

<comp id="453" class="1005" name="iic_addr_7_reg_453">
<pin_list>
<pin id="454" dir="0" index="0" bw="32" slack="1"/>
<pin id="455" dir="1" index="1" bw="32" slack="1"/>
</pin_list>
<bind>
<opset="iic_addr_7 "/>
</bind>
</comp>

<comp id="459" class="1005" name="iic_addr_1_read_reg_459">
<pin_list>
<pin id="460" dir="0" index="0" bw="32" slack="8"/>
<pin id="461" dir="1" index="1" bw="32" slack="8"/>
</pin_list>
<bind>
<opset="iic_addr_1_read "/>
</bind>
</comp>

<comp id="464" class="1005" name="iic_addr_8_reg_464">
<pin_list>
<pin id="465" dir="0" index="0" bw="32" slack="1"/>
<pin id="466" dir="1" index="1" bw="32" slack="1"/>
</pin_list>
<bind>
<opset="iic_addr_8 "/>
</bind>
</comp>

<comp id="470" class="1005" name="iic_addr_2_read_reg_470">
<pin_list>
<pin id="471" dir="0" index="0" bw="32" slack="7"/>
<pin id="472" dir="1" index="1" bw="32" slack="7"/>
</pin_list>
<bind>
<opset="iic_addr_2_read "/>
</bind>
</comp>

<comp id="475" class="1005" name="iic_addr_3_read_reg_475">
<pin_list>
<pin id="476" dir="0" index="0" bw="32" slack="6"/>
<pin id="477" dir="1" index="1" bw="32" slack="6"/>
</pin_list>
<bind>
<opset="iic_addr_3_read "/>
</bind>
</comp>

<comp id="480" class="1005" name="iic_addr_4_read_reg_480">
<pin_list>
<pin id="481" dir="0" index="0" bw="32" slack="5"/>
<pin id="482" dir="1" index="1" bw="32" slack="5"/>
</pin_list>
<bind>
<opset="iic_addr_4_read "/>
</bind>
</comp>

<comp id="485" class="1005" name="iic_addr_5_read_reg_485">
<pin_list>
<pin id="486" dir="0" index="0" bw="32" slack="4"/>
<pin id="487" dir="1" index="1" bw="32" slack="4"/>
</pin_list>
<bind>
<opset="iic_addr_5_read "/>
</bind>
</comp>

<comp id="490" class="1005" name="iic_addr_6_read_reg_490">
<pin_list>
<pin id="491" dir="0" index="0" bw="32" slack="3"/>
<pin id="492" dir="1" index="1" bw="32" slack="3"/>
</pin_list>
<bind>
<opset="iic_addr_6_read "/>
</bind>
</comp>

<comp id="495" class="1005" name="iic_addr_7_read_reg_495">
<pin_list>
<pin id="496" dir="0" index="0" bw="32" slack="2"/>
<pin id="497" dir="1" index="1" bw="32" slack="2"/>
</pin_list>
<bind>
<opset="iic_addr_7_read "/>
</bind>
</comp>

<comp id="500" class="1005" name="iic_addr_8_read_reg_500">
<pin_list>
<pin id="501" dir="0" index="0" bw="32" slack="1"/>
<pin id="502" dir="1" index="1" bw="32" slack="1"/>
</pin_list>
<bind>
<opset="iic_addr_8_read "/>
</bind>
</comp>

</comp_list>

<net_list>
<net id="77"><net_src comp="24" pin="0"/><net_sink comp="72" pin=0"/></net>

<net id="78"><net_src comp="0" pin="0"/><net_sink comp="72" pin=1"/></net>

<net id="79"><net_src comp="26" pin="0"/><net_sink comp="72" pin=2"/></net>

<net id="85"><net_src comp="24" pin="0"/><net_sink comp="80" pin=0"/></net>

<net id="86"><net_src comp="26" pin="0"/><net_sink comp="80" pin=2"/></net>

<net id="92"><net_src comp="24" pin="0"/><net_sink comp="87" pin=0"/></net>

<net id="93"><net_src comp="26" pin="0"/><net_sink comp="87" pin=2"/></net>

<net id="99"><net_src comp="24" pin="0"/><net_sink comp="94" pin=0"/></net>

<net id="100"><net_src comp="26" pin="0"/><net_sink comp="94" pin=2"/></net>

<net id="106"><net_src comp="24" pin="0"/><net_sink comp="101" pin=0"/></net>

<net id="107"><net_src comp="26" pin="0"/><net_sink comp="101" pin=2"/></net>

<net id="113"><net_src comp="24" pin="0"/><net_sink comp="108" pin=0"/></net>

<net id="114"><net_src comp="26" pin="0"/><net_sink comp="108" pin=2"/></net>

<net id="120"><net_src comp="24" pin="0"/><net_sink comp="115" pin=0"/></net>

<net id="121"><net_src comp="26" pin="0"/><net_sink comp="115" pin=2"/></net>

<net id="126"><net_src comp="40" pin="0"/><net_sink comp="122" pin=0"/></net>

<net id="127"><net_src comp="2" pin="0"/><net_sink comp="122" pin=1"/></net>

<net id="132"><net_src comp="40" pin="0"/><net_sink comp="128" pin=0"/></net>

<net id="133"><net_src comp="4" pin="0"/><net_sink comp="128" pin=1"/></net>

<net id="138"><net_src comp="40" pin="0"/><net_sink comp="134" pin=0"/></net>

<net id="139"><net_src comp="6" pin="0"/><net_sink comp="134" pin=1"/></net>

<net id="144"><net_src comp="40" pin="0"/><net_sink comp="140" pin=0"/></net>

<net id="145"><net_src comp="8" pin="0"/><net_sink comp="140" pin=1"/></net>

<net id="150"><net_src comp="40" pin="0"/><net_sink comp="146" pin=0"/></net>

<net id="151"><net_src comp="10" pin="0"/><net_sink comp="146" pin=1"/></net>

<net id="156"><net_src comp="40" pin="0"/><net_sink comp="152" pin=0"/></net>

<net id="157"><net_src comp="12" pin="0"/><net_sink comp="152" pin=1"/></net>

<net id="162"><net_src comp="40" pin="0"/><net_sink comp="158" pin=0"/></net>

<net id="163"><net_src comp="14" pin="0"/><net_sink comp="158" pin=1"/></net>

<net id="168"><net_src comp="40" pin="0"/><net_sink comp="164" pin=0"/></net>

<net id="169"><net_src comp="16" pin="0"/><net_sink comp="164" pin=1"/></net>

<net id="174"><net_src comp="40" pin="0"/><net_sink comp="170" pin=0"/></net>

<net id="175"><net_src comp="18" pin="0"/><net_sink comp="170" pin=1"/></net>

<net id="180"><net_src comp="40" pin="0"/><net_sink comp="176" pin=0"/></net>

<net id="181"><net_src comp="20" pin="0"/><net_sink comp="176" pin=1"/></net>

<net id="186"><net_src comp="40" pin="0"/><net_sink comp="182" pin=0"/></net>

<net id="187"><net_src comp="22" pin="0"/><net_sink comp="182" pin=1"/></net>

<net id="192"><net_src comp="42" pin="0"/><net_sink comp="188" pin=0"/></net>

<net id="193"><net_src comp="0" pin="0"/><net_sink comp="188" pin=1"/></net>

<net id="199"><net_src comp="24" pin="0"/><net_sink comp="194" pin=0"/></net>

<net id="200"><net_src comp="26" pin="0"/><net_sink comp="194" pin=2"/></net>

<net id="205"><net_src comp="42" pin="0"/><net_sink comp="201" pin=0"/></net>

<net id="211"><net_src comp="24" pin="0"/><net_sink comp="206" pin=0"/></net>

<net id="212"><net_src comp="26" pin="0"/><net_sink comp="206" pin=2"/></net>

<net id="217"><net_src comp="42" pin="0"/><net_sink comp="213" pin=0"/></net>

<net id="223"><net_src comp="24" pin="0"/><net_sink comp="218" pin=0"/></net>

<net id="224"><net_src comp="26" pin="0"/><net_sink comp="218" pin=2"/></net>

<net id="229"><net_src comp="42" pin="0"/><net_sink comp="225" pin=0"/></net>

<net id="234"><net_src comp="42" pin="0"/><net_sink comp="230" pin=0"/></net>

<net id="239"><net_src comp="42" pin="0"/><net_sink comp="235" pin=0"/></net>

<net id="244"><net_src comp="42" pin="0"/><net_sink comp="240" pin=0"/></net>

<net id="249"><net_src comp="42" pin="0"/><net_sink comp="245" pin=0"/></net>

<net id="254"><net_src comp="42" pin="0"/><net_sink comp="250" pin=0"/></net>

<net id="259"><net_src comp="42" pin="0"/><net_sink comp="255" pin=0"/></net>

<net id="265"><net_src comp="68" pin="0"/><net_sink comp="260" pin=0"/></net>

<net id="266"><net_src comp="2" pin="0"/><net_sink comp="260" pin=1"/></net>

<net id="272"><net_src comp="68" pin="0"/><net_sink comp="267" pin=0"/></net>

<net id="273"><net_src comp="4" pin="0"/><net_sink comp="267" pin=1"/></net>

<net id="279"><net_src comp="68" pin="0"/><net_sink comp="274" pin=0"/></net>

<net id="280"><net_src comp="6" pin="0"/><net_sink comp="274" pin=1"/></net>

<net id="286"><net_src comp="68" pin="0"/><net_sink comp="281" pin=0"/></net>

<net id="287"><net_src comp="8" pin="0"/><net_sink comp="281" pin=1"/></net>

<net id="293"><net_src comp="68" pin="0"/><net_sink comp="288" pin=0"/></net>

<net id="294"><net_src comp="10" pin="0"/><net_sink comp="288" pin=1"/></net>

<net id="300"><net_src comp="68" pin="0"/><net_sink comp="295" pin=0"/></net>

<net id="301"><net_src comp="12" pin="0"/><net_sink comp="295" pin=1"/></net>

<net id="307"><net_src comp="68" pin="0"/><net_sink comp="302" pin=0"/></net>

<net id="308"><net_src comp="14" pin="0"/><net_sink comp="302" pin=1"/></net>

<net id="314"><net_src comp="68" pin="0"/><net_sink comp="309" pin=0"/></net>

<net id="315"><net_src comp="16" pin="0"/><net_sink comp="309" pin=1"/></net>

<net id="321"><net_src comp="68" pin="0"/><net_sink comp="316" pin=0"/></net>

<net id="322"><net_src comp="18" pin="0"/><net_sink comp="316" pin=1"/></net>

<net id="328"><net_src comp="68" pin="0"/><net_sink comp="323" pin=0"/></net>

<net id="329"><net_src comp="20" pin="0"/><net_sink comp="323" pin=1"/></net>

<net id="335"><net_src comp="68" pin="0"/><net_sink comp="330" pin=0"/></net>

<net id="336"><net_src comp="22" pin="0"/><net_sink comp="330" pin=1"/></net>

<net id="337"><net_src comp="70" pin="0"/><net_sink comp="330" pin=2"/></net>

<net id="342"><net_src comp="0" pin="0"/><net_sink comp="338" pin=0"/></net>

<net id="343"><net_src comp="28" pin="0"/><net_sink comp="338" pin=1"/></net>

<net id="344"><net_src comp="338" pin="2"/><net_sink comp="80" pin=1"/></net>

<net id="349"><net_src comp="0" pin="0"/><net_sink comp="345" pin=0"/></net>

<net id="350"><net_src comp="30" pin="0"/><net_sink comp="345" pin=1"/></net>

<net id="351"><net_src comp="345" pin="2"/><net_sink comp="87" pin=1"/></net>

<net id="356"><net_src comp="0" pin="0"/><net_sink comp="352" pin=0"/></net>

<net id="357"><net_src comp="32" pin="0"/><net_sink comp="352" pin=1"/></net>

<net id="358"><net_src comp="352" pin="2"/><net_sink comp="94" pin=1"/></net>

<net id="363"><net_src comp="0" pin="0"/><net_sink comp="359" pin=0"/></net>

<net id="364"><net_src comp="34" pin="0"/><net_sink comp="359" pin=1"/></net>

<net id="365"><net_src comp="359" pin="2"/><net_sink comp="101" pin=1"/></net>

<net id="370"><net_src comp="0" pin="0"/><net_sink comp="366" pin=0"/></net>

<net id="371"><net_src comp="36" pin="0"/><net_sink comp="366" pin=1"/></net>

<net id="372"><net_src comp="366" pin="2"/><net_sink comp="108" pin=1"/></net>

<net id="377"><net_src comp="0" pin="0"/><net_sink comp="373" pin=0"/></net>

<net id="378"><net_src comp="38" pin="0"/><net_sink comp="373" pin=1"/></net>

<net id="379"><net_src comp="373" pin="2"/><net_sink comp="115" pin=1"/></net>

<net id="384"><net_src comp="0" pin="0"/><net_sink comp="380" pin=0"/></net>

<net id="385"><net_src comp="44" pin="0"/><net_sink comp="380" pin=1"/></net>

<net id="386"><net_src comp="380" pin="2"/><net_sink comp="194" pin=1"/></net>

<net id="391"><net_src comp="0" pin="0"/><net_sink comp="387" pin=0"/></net>

<net id="392"><net_src comp="46" pin="0"/><net_sink comp="387" pin=1"/></net>

<net id="393"><net_src comp="387" pin="2"/><net_sink comp="206" pin=1"/></net>

<net id="398"><net_src comp="0" pin="0"/><net_sink comp="394" pin=0"/></net>

<net id="399"><net_src comp="48" pin="0"/><net_sink comp="394" pin=1"/></net>

<net id="400"><net_src comp="394" pin="2"/><net_sink comp="218" pin=1"/></net>

<net id="404"><net_src comp="338" pin="2"/><net_sink comp="401" pin=0"/></net>

<net id="405"><net_src comp="401" pin="1"/><net_sink comp="80" pin=1"/></net>

<net id="406"><net_src comp="401" pin="1"/><net_sink comp="201" pin=1"/></net>

<net id="410"><net_src comp="345" pin="2"/><net_sink comp="407" pin=0"/></net>

<net id="411"><net_src comp="407" pin="1"/><net_sink comp="87" pin=1"/></net>

<net id="412"><net_src comp="407" pin="1"/><net_sink comp="213" pin=1"/></net>

<net id="416"><net_src comp="352" pin="2"/><net_sink comp="413" pin=0"/></net>

<net id="417"><net_src comp="413" pin="1"/><net_sink comp="94" pin=1"/></net>

<net id="418"><net_src comp="413" pin="1"/><net_sink comp="225" pin=1"/></net>

<net id="422"><net_src comp="359" pin="2"/><net_sink comp="419" pin=0"/></net>

<net id="423"><net_src comp="419" pin="1"/><net_sink comp="101" pin=1"/></net>

<net id="424"><net_src comp="419" pin="1"/><net_sink comp="230" pin=1"/></net>

<net id="428"><net_src comp="366" pin="2"/><net_sink comp="425" pin=0"/></net>

<net id="429"><net_src comp="425" pin="1"/><net_sink comp="108" pin=1"/></net>

<net id="430"><net_src comp="425" pin="1"/><net_sink comp="235" pin=1"/></net>

<net id="434"><net_src comp="373" pin="2"/><net_sink comp="431" pin=0"/></net>

<net id="435"><net_src comp="431" pin="1"/><net_sink comp="115" pin=1"/></net>

<net id="436"><net_src comp="431" pin="1"/><net_sink comp="240" pin=1"/></net>

<net id="440"><net_src comp="188" pin="2"/><net_sink comp="437" pin=0"/></net>

<net id="441"><net_src comp="437" pin="1"/><net_sink comp="260" pin=2"/></net>

<net id="445"><net_src comp="380" pin="2"/><net_sink comp="442" pin=0"/></net>

<net id="446"><net_src comp="442" pin="1"/><net_sink comp="194" pin=1"/></net>

<net id="447"><net_src comp="442" pin="1"/><net_sink comp="245" pin=1"/></net>

<net id="451"><net_src comp="201" pin="2"/><net_sink comp="448" pin=0"/></net>

<net id="452"><net_src comp="448" pin="1"/><net_sink comp="267" pin=2"/></net>

<net id="456"><net_src comp="387" pin="2"/><net_sink comp="453" pin=0"/></net>

<net id="457"><net_src comp="453" pin="1"/><net_sink comp="206" pin=1"/></net>

<net id="458"><net_src comp="453" pin="1"/><net_sink comp="250" pin=1"/></net>

<net id="462"><net_src comp="213" pin="2"/><net_sink comp="459" pin=0"/></net>

<net id="463"><net_src comp="459" pin="1"/><net_sink comp="274" pin=2"/></net>

<net id="467"><net_src comp="394" pin="2"/><net_sink comp="464" pin=0"/></net>

<net id="468"><net_src comp="464" pin="1"/><net_sink comp="218" pin=1"/></net>

<net id="469"><net_src comp="464" pin="1"/><net_sink comp="255" pin=1"/></net>

<net id="473"><net_src comp="225" pin="2"/><net_sink comp="470" pin=0"/></net>

<net id="474"><net_src comp="470" pin="1"/><net_sink comp="281" pin=2"/></net>

<net id="478"><net_src comp="230" pin="2"/><net_sink comp="475" pin=0"/></net>

<net id="479"><net_src comp="475" pin="1"/><net_sink comp="288" pin=2"/></net>

<net id="483"><net_src comp="235" pin="2"/><net_sink comp="480" pin=0"/></net>

<net id="484"><net_src comp="480" pin="1"/><net_sink comp="295" pin=2"/></net>

<net id="488"><net_src comp="240" pin="2"/><net_sink comp="485" pin=0"/></net>

<net id="489"><net_src comp="485" pin="1"/><net_sink comp="302" pin=2"/></net>

<net id="493"><net_src comp="245" pin="2"/><net_sink comp="490" pin=0"/></net>

<net id="494"><net_src comp="490" pin="1"/><net_sink comp="309" pin=2"/></net>

<net id="498"><net_src comp="250" pin="2"/><net_sink comp="495" pin=0"/></net>

<net id="499"><net_src comp="495" pin="1"/><net_sink comp="316" pin=2"/></net>

<net id="503"><net_src comp="255" pin="2"/><net_sink comp="500" pin=0"/></net>

<net id="504"><net_src comp="500" pin="1"/><net_sink comp="323" pin=2"/></net>

</net_list>

</model> 
---------------- Datapath Model END ------------------

* FSMD analyzer results:
  - Output states:
	Port: outValue1 | {18 }
	Port: outValue2 | {18 }
	Port: outValue3 | {18 }
	Port: outValue4 | {18 }
	Port: outValue5 | {18 }
	Port: outValue6 | {18 }
	Port: outValue7 | {18 }
	Port: outValue8 | {18 }
	Port: outValue9 | {18 }
	Port: outValue10 | {18 }
	Port: outValue11 | {18 }
 - Input state : 
	Port: iiccomm5 : iic | {1 2 3 4 5 6 7 8 9 10 11 12 13 14 15 16 17 }
	Port: iiccomm5 : outValue1 | {8 }
	Port: iiccomm5 : outValue2 | {8 }
	Port: iiccomm5 : outValue3 | {8 }
	Port: iiccomm5 : outValue4 | {8 }
	Port: iiccomm5 : outValue5 | {8 }
	Port: iiccomm5 : outValue6 | {8 }
	Port: iiccomm5 : outValue7 | {8 }
	Port: iiccomm5 : outValue8 | {8 }
	Port: iiccomm5 : outValue9 | {8 }
	Port: iiccomm5 : outValue10 | {8 }
	Port: iiccomm5 : outValue11 | {8 }
  - Chain level:
	State 1
	State 2
		iic_load_1_req : 1
	State 3
		iic_load_2_req : 1
	State 4
		iic_load_3_req : 1
	State 5
		iic_load_4_req : 1
	State 6
		iic_load_5_req : 1
	State 7
		iic_load_6_req : 1
	State 8
		iic_load_7_req : 1
	State 9
		iic_load_8_req : 1
	State 10
		iic_load_9_req : 1
	State 11
	State 12
	State 13
	State 14
	State 15
	State 16
	State 17
	State 18


============================================================
+ Verbose Summary: Datapath Resource usage 
============================================================

* Functional unit list:
|----------|-----------------------------|
| Operation|       Functional Unit       |
|----------|-----------------------------|
|          |      grp_readreq_fu_72      |
|          |      grp_readreq_fu_80      |
|          |      grp_readreq_fu_87      |
|          |      grp_readreq_fu_94      |
|  readreq |      grp_readreq_fu_101     |
|          |      grp_readreq_fu_108     |
|          |      grp_readreq_fu_115     |
|          |      grp_readreq_fu_194     |
|          |      grp_readreq_fu_206     |
|          |      grp_readreq_fu_218     |
|----------|-----------------------------|
|          |  outValue1_load_read_fu_122 |
|          |  outValue2_load_read_fu_128 |
|          |  outValue3_load_read_fu_134 |
|          |  outValue4_load_read_fu_140 |
|          |  outValue5_load_read_fu_146 |
|          |  outValue6_load_read_fu_152 |
|          |  outValue7_load_read_fu_158 |
|          |  outValue8_load_read_fu_164 |
|          |  outValue9_load_read_fu_170 |
|          | outValue10_load_read_fu_176 |
|   read   | outValue11_load_read_fu_182 |
|          |     iic_read_read_fu_188    |
|          |  iic_addr_read_read_fu_201  |
|          | iic_addr_1_read_read_fu_213 |
|          | iic_addr_2_read_read_fu_225 |
|          | iic_addr_3_read_read_fu_230 |
|          | iic_addr_4_read_read_fu_235 |
|          | iic_addr_5_read_read_fu_240 |
|          | iic_addr_6_read_read_fu_245 |
|          | iic_addr_7_read_read_fu_250 |
|          | iic_addr_8_read_read_fu_255 |
|----------|-----------------------------|
|          |  StgValue_145_write_fu_260  |
|          |  StgValue_146_write_fu_267  |
|          |  StgValue_147_write_fu_274  |
|          |  StgValue_148_write_fu_281  |
|          |  StgValue_149_write_fu_288  |
|   write  |  StgValue_150_write_fu_295  |
|          |  StgValue_151_write_fu_302  |
|          |  StgValue_152_write_fu_309  |
|          |  StgValue_153_write_fu_316  |
|          |  StgValue_154_write_fu_323  |
|          |  StgValue_155_write_fu_330  |
|----------|-----------------------------|
|   Total  |                             |
|----------|-----------------------------|

Memories:
N/A

* Register list:
+-----------------------+--------+
|                       |   FF   |
+-----------------------+--------+
|iic_addr_1_read_reg_459|   32   |
|   iic_addr_1_reg_407  |   32   |
|iic_addr_2_read_reg_470|   32   |
|   iic_addr_2_reg_413  |   32   |
|iic_addr_3_read_reg_475|   32   |
|   iic_addr_3_reg_419  |   32   |
|iic_addr_4_read_reg_480|   32   |
|   iic_addr_4_reg_425  |   32   |
|iic_addr_5_read_reg_485|   32   |
|   iic_addr_5_reg_431  |   32   |
|iic_addr_6_read_reg_490|   32   |
|   iic_addr_6_reg_442  |   32   |
|iic_addr_7_read_reg_495|   32   |
|   iic_addr_7_reg_453  |   32   |
|iic_addr_8_read_reg_500|   32   |
|   iic_addr_8_reg_464  |   32   |
| iic_addr_read_reg_448 |   32   |
|    iic_addr_reg_401   |   32   |
|    iic_read_reg_437   |   32   |
+-----------------------+--------+
|         Total         |   608  |
+-----------------------+--------+

* Multiplexer (MUX) list: 
|--------------------|------|------|------|--------||---------||---------|
|        Comp        |  Pin | Size |  BW  | S x BW ||  Delay  ||   LUT   |
|--------------------|------|------|------|--------||---------||---------|
|  grp_readreq_fu_80 |  p1  |   2  |  32  |   64   ||    9    |
|  grp_readreq_fu_87 |  p1  |   2  |  32  |   64   ||    9    |
|  grp_readreq_fu_94 |  p1  |   2  |  32  |   64   ||    9    |
| grp_readreq_fu_101 |  p1  |   2  |  32  |   64   ||    9    |
| grp_readreq_fu_108 |  p1  |   2  |  32  |   64   ||    9    |
| grp_readreq_fu_115 |  p1  |   2  |  32  |   64   ||    9    |
| grp_readreq_fu_194 |  p1  |   2  |  32  |   64   ||    9    |
| grp_readreq_fu_206 |  p1  |   2  |  32  |   64   ||    9    |
| grp_readreq_fu_218 |  p1  |   2  |  32  |   64   ||    9    |
|--------------------|------|------|------|--------||---------||---------|
|        Total       |      |      |      |   576  ||  15.921 ||    81   |
|--------------------|------|------|------|--------||---------||---------|



* Summary:
+-----------+--------+--------+--------+
|           |  Delay |   FF   |   LUT  |
+-----------+--------+--------+--------+
|  Function |    -   |    -   |    -   |
|   Memory  |    -   |    -   |    -   |
|Multiplexer|   15   |    -   |   81   |
|  Register |    -   |   608  |    -   |
+-----------+--------+--------+--------+
|   Total   |   15   |   608  |   81   |
+-----------+--------+--------+--------+
