

================================================================
== Vivado HLS Report for 'bmesensor'
================================================================
* Date:           Mon Aug 13 21:00:17 2018

* Version:        2017.4 (Build 2086221 on Fri Dec 15 21:13:33 MST 2017)
* Project:        bmesensor
* Solution:       bmesensor
* Product family: zynq
* Target device:  xc7z020clg400-1


================================================================
== Performance Estimates
================================================================
+ Timing (ns): 
    * Summary: 
    +--------+-------+----------+------------+
    |  Clock | Target| Estimated| Uncertainty|
    +--------+-------+----------+------------+
    |ap_clk  |   4.00|      3.50|        0.50|
    +--------+-------+----------+------------+

+ Latency (clock cycles): 
    * Summary: 
    +-----+-----+-----+-----+---------+
    |  Latency  |  Interval | Pipeline|
    | min | max | min | max |   Type  |
    +-----+-----+-----+-----+---------+
    |    ?|    ?|    ?|    ?|   none  |
    +-----+-----+-----+-----+---------+

    + Detail: 
        * Instance: 
        N/A

        * Loop: 
        +-------------+-----+-----+----------+-----------+-----------+------+----------+
        |             |  Latency  | Iteration|  Initiation Interval  | Trip |          |
        |  Loop Name  | min | max |  Latency |  achieved |   target  | Count| Pipelined|
        +-------------+-----+-----+----------+-----------+-----------+------+----------+
        |- Loop 1     |    ?|    ?|         ?|          -|          -|     3|    no    |
        | + Loop 1.1  |    ?|    ?|         8|          -|          -|     ?|    no    |
        |- Loop 2     |    ?|    ?|         8|          -|          -|     ?|    no    |
        |- Loop 3     |    ?|    ?|         9|          -|          -|     ?|    no    |
        +-------------+-----+-----+----------+-----------+-----------+------+----------+



================================================================
== Utilization Estimates
================================================================
* Summary: 
+-----------------+---------+-------+--------+-------+
|       Name      | BRAM_18K| DSP48E|   FF   |  LUT  |
+-----------------+---------+-------+--------+-------+
|DSP              |        -|      -|       -|      -|
|Expression       |        -|      -|       0|    437|
|FIFO             |        -|      -|       -|      -|
|Instance         |        2|      -|     966|   1324|
|Memory           |        -|      -|       -|      -|
|Multiplexer      |        -|      -|       -|   1186|
|Register         |        -|      -|     588|      -|
+-----------------+---------+-------+--------+-------+
|Total            |        2|      0|    1554|   2947|
+-----------------+---------+-------+--------+-------+
|Available        |      280|    220|  106400|  53200|
+-----------------+---------+-------+--------+-------+
|Utilization (%)  |    ~0   |      0|       1|      5|
+-----------------+---------+-------+--------+-------+

+ Detail: 
    * Instance: 
    +----------------------------+--------------------------+---------+-------+-----+-----+
    |          Instance          |          Module          | BRAM_18K| DSP48E|  FF | LUT |
    +----------------------------+--------------------------+---------+-------+-----+-----+
    |bmesensor_AXILiteS_s_axi_U  |bmesensor_AXILiteS_s_axi  |        0|      0|  454|  744|
    |bmesensor_iic_m_axi_U       |bmesensor_iic_m_axi       |        2|      0|  512|  580|
    +----------------------------+--------------------------+---------+-------+-----+-----+
    |Total                       |                          |        2|      0|  966| 1324|
    +----------------------------+--------------------------+---------+-------+-----+-----+

    * DSP48: 
    N/A

    * Memory: 
    N/A

    * FIFO: 
    N/A

    * Expression: 
    +----------------------------+----------+-------+---+----+------------+------------+
    |        Variable Name       | Operation| DSP48E| FF| LUT| Bitwidth P0| Bitwidth P1|
    +----------------------------+----------+-------+---+----+------------+------------+
    |phitmp_fu_802_p2            |     +    |      0|  0|  39|          32|           1|
    |pressByteCount_1_fu_761_p2  |     +    |      0|  0|  10|           2|           2|
    |ap_block_state103_io        |    and   |      0|  0|   8|           1|           1|
    |ap_block_state126           |    and   |      0|  0|   8|           1|           1|
    |ap_block_state143_io        |    and   |      0|  0|   8|           1|           1|
    |ap_block_state157           |    and   |      0|  0|   8|           1|           1|
    |ap_block_state157_io        |    and   |      0|  0|   8|           1|           1|
    |ap_block_state187_io        |    and   |      0|  0|   8|           1|           1|
    |ap_block_state201           |    and   |      0|  0|   8|           1|           1|
    |ap_block_state65_io         |    and   |      0|  0|   8|           1|           1|
    |ap_block_state72            |    and   |      0|  0|   8|           1|           1|
    |demorgan_fu_797_p2          |    and   |      0|  0|   8|           1|           1|
    |tmp_12_fu_791_p2            |   icmp   |      0|  0|  18|          32|          10|
    |tmp_4_fu_683_p2             |   icmp   |      0|  0|   8|           2|           2|
    |tmp_8_fu_658_p2             |   icmp   |      0|  0|   8|           2|           1|
    |tmp_9_fu_664_p2             |   icmp   |      0|  0|   8|           2|           1|
    |tmp_fu_602_p2               |   icmp   |      0|  0|  18|          32|           1|
    |tmp_s_fu_670_p2             |   icmp   |      0|  0|   9|           2|           3|
    |ap_block_state104_io        |    or    |      0|  0|   8|           1|           1|
    |lastByteRead_fu_676_p2      |    or    |      0|  0|  39|          32|           5|
    |p_mux_fu_689_p3             |  select  |      0|  0|  32|           1|          32|
    |rx_fifo_0_mux_fu_696_p3     |  select  |      0|  0|  32|           1|          32|
    |rx_fifo_1_fu_711_p3         |  select  |      0|  0|  32|           1|          32|
    |rx_fifo_2_fu_717_p3         |  select  |      0|  0|  32|           1|          32|
    |tmp_10_fu_725_p3            |  select  |      0|  0|  32|           1|          32|
    |tmp_13_fu_733_p3            |  select  |      0|  0|  32|           1|          32|
    +----------------------------+----------+-------+---+----+------------+------------+
    |Total                       |          |      0|  0| 437|         155|         229|
    +----------------------------+----------+-------+---+----+------------+------------+

    * Multiplexer: 
    +----------------------------+-----+-----------+-----+-----------+
    |            Name            | LUT | Input Size| Bits| Total Bits|
    +----------------------------+-----+-----------+-----+-----------+
    |ap_NS_fsm                   |  909|        211|    1|        211|
    |ap_sig_ioackin_iic_ARREADY  |    9|          2|    1|          2|
    |ap_sig_ioackin_iic_AWREADY  |    9|          2|    1|          2|
    |ap_sig_ioackin_iic_WREADY   |    9|          2|    1|          2|
    |counter_reg_528             |    9|          2|   32|         64|
    |iic_ARADDR                  |   44|          9|   32|        288|
    |iic_AWADDR                  |   38|          7|   32|        224|
    |iic_WDATA                   |  105|         22|   32|        704|
    |iic_blk_n_AR                |    9|          2|    1|          2|
    |iic_blk_n_AW                |    9|          2|    1|          2|
    |iic_blk_n_B                 |    9|          2|    1|          2|
    |iic_blk_n_R                 |    9|          2|    1|          2|
    |iic_blk_n_W                 |    9|          2|    1|          2|
    |pressByteCount_reg_516      |    9|          2|    2|          4|
    +----------------------------+-----+-----------+-----+-----------+
    |Total                       | 1186|        269|  139|       1511|
    +----------------------------+-----+-----------+-----+-----------+

    * Register: 
    +----------------------------------------------+-----+----+-----+-----------+
    |                     Name                     |  FF | LUT| Bits| Const Bits|
    +----------------------------------------------+-----+----+-----+-----------+
    |ap_CS_fsm                                     |  210|   0|  210|          0|
    |ap_reg_ioackin_ctrl_reg_outValue1_dummy_ack   |    1|   0|    1|          0|
    |ap_reg_ioackin_empty_pirq_outValue_dummy_ack  |    1|   0|    1|          0|
    |ap_reg_ioackin_full_pirq_outValue_dummy_ack   |    1|   0|    1|          0|
    |ap_reg_ioackin_iic_ARREADY                    |    1|   0|    1|          0|
    |ap_reg_ioackin_iic_AWREADY                    |    1|   0|    1|          0|
    |ap_reg_ioackin_iic_WREADY                     |    1|   0|    1|          0|
    |ap_reg_ioackin_stat_reg_outValue1_dummy_ack   |    1|   0|    1|          0|
    |counter_reg_528                               |   32|   0|   32|          0|
    |ctrl_reg_val2_copy_1_reg_879                  |    3|   0|    3|          0|
    |iic_addr_2_read_reg_834                       |   32|   0|   32|          0|
    |pressByteCount_1_reg_950                      |    2|   0|    2|          0|
    |pressByteCount_reg_516                        |    2|   0|    2|          0|
    |reg_563                                       |   32|   0|   32|          0|
    |reg_569                                       |   32|   0|   32|          0|
    |rx_fifo_2_reg_920                             |   32|   0|   32|          0|
    |rx_fifo_reg_913                               |   32|   0|   32|          0|
    |tmp_10_reg_925                                |   32|   0|   32|          0|
    |tmp_11_reg_884                                |    1|   0|    1|          0|
    |tmp_13_reg_930                                |   32|   0|   32|          0|
    |tmp_14_reg_888                                |    1|   0|    1|          0|
    |tmp_19_reg_958                                |    1|   0|    1|          0|
    |tmp_21_reg_935                                |    1|   0|    1|          0|
    |tmp_22_reg_940                                |    1|   0|    1|          0|
    |tmp_23_reg_945                                |    1|   0|    1|          0|
    |tmp_24_reg_962                                |    1|   0|    1|          0|
    |tmp_2_reg_869                                 |    1|   0|    1|          0|
    |tmp_3_reg_874                                 |    2|   0|    2|          0|
    |tmp_5_reg_477                                 |   32|   0|   32|          0|
    |tmp_6_reg_490                                 |   32|   0|   32|          0|
    |tmp_7_reg_503                                 |   32|   0|   32|          0|
    |tmp_9_reg_902                                 |    1|   0|    1|          0|
    |tmp_reg_856                                   |    1|   0|    1|          0|
    +----------------------------------------------+-----+----+-----+-----------+
    |Total                                         |  588|   0|  588|          0|
    +----------------------------------------------+-----+----+-----+-----------+



================================================================
== Interface
================================================================
* Summary: 
+------------------------+-----+-----+------------+--------------+--------------+
|        RTL Ports       | Dir | Bits|  Protocol  | Source Object|    C Type    |
+------------------------+-----+-----+------------+--------------+--------------+
|s_axi_AXILiteS_AWVALID  |  in |    1|    s_axi   |   AXILiteS   |    pointer   |
|s_axi_AXILiteS_AWREADY  | out |    1|    s_axi   |   AXILiteS   |    pointer   |
|s_axi_AXILiteS_AWADDR   |  in |    7|    s_axi   |   AXILiteS   |    pointer   |
|s_axi_AXILiteS_WVALID   |  in |    1|    s_axi   |   AXILiteS   |    pointer   |
|s_axi_AXILiteS_WREADY   | out |    1|    s_axi   |   AXILiteS   |    pointer   |
|s_axi_AXILiteS_WDATA    |  in |   32|    s_axi   |   AXILiteS   |    pointer   |
|s_axi_AXILiteS_WSTRB    |  in |    4|    s_axi   |   AXILiteS   |    pointer   |
|s_axi_AXILiteS_ARVALID  |  in |    1|    s_axi   |   AXILiteS   |    pointer   |
|s_axi_AXILiteS_ARREADY  | out |    1|    s_axi   |   AXILiteS   |    pointer   |
|s_axi_AXILiteS_ARADDR   |  in |    7|    s_axi   |   AXILiteS   |    pointer   |
|s_axi_AXILiteS_RVALID   | out |    1|    s_axi   |   AXILiteS   |    pointer   |
|s_axi_AXILiteS_RREADY   |  in |    1|    s_axi   |   AXILiteS   |    pointer   |
|s_axi_AXILiteS_RDATA    | out |   32|    s_axi   |   AXILiteS   |    pointer   |
|s_axi_AXILiteS_RRESP    | out |    2|    s_axi   |   AXILiteS   |    pointer   |
|s_axi_AXILiteS_BVALID   | out |    1|    s_axi   |   AXILiteS   |    pointer   |
|s_axi_AXILiteS_BREADY   |  in |    1|    s_axi   |   AXILiteS   |    pointer   |
|s_axi_AXILiteS_BRESP    | out |    2|    s_axi   |   AXILiteS   |    pointer   |
|ap_clk                  |  in |    1| ap_ctrl_hs |   bmesensor  | return value |
|ap_rst_n                |  in |    1| ap_ctrl_hs |   bmesensor  | return value |
|interrupt               | out |    1| ap_ctrl_hs |   bmesensor  | return value |
|m_axi_iic_AWVALID       | out |    1|    m_axi   |      iic     |    pointer   |
|m_axi_iic_AWREADY       |  in |    1|    m_axi   |      iic     |    pointer   |
|m_axi_iic_AWADDR        | out |   32|    m_axi   |      iic     |    pointer   |
|m_axi_iic_AWID          | out |    1|    m_axi   |      iic     |    pointer   |
|m_axi_iic_AWLEN         | out |    8|    m_axi   |      iic     |    pointer   |
|m_axi_iic_AWSIZE        | out |    3|    m_axi   |      iic     |    pointer   |
|m_axi_iic_AWBURST       | out |    2|    m_axi   |      iic     |    pointer   |
|m_axi_iic_AWLOCK        | out |    2|    m_axi   |      iic     |    pointer   |
|m_axi_iic_AWCACHE       | out |    4|    m_axi   |      iic     |    pointer   |
|m_axi_iic_AWPROT        | out |    3|    m_axi   |      iic     |    pointer   |
|m_axi_iic_AWQOS         | out |    4|    m_axi   |      iic     |    pointer   |
|m_axi_iic_AWREGION      | out |    4|    m_axi   |      iic     |    pointer   |
|m_axi_iic_AWUSER        | out |    1|    m_axi   |      iic     |    pointer   |
|m_axi_iic_WVALID        | out |    1|    m_axi   |      iic     |    pointer   |
|m_axi_iic_WREADY        |  in |    1|    m_axi   |      iic     |    pointer   |
|m_axi_iic_WDATA         | out |   32|    m_axi   |      iic     |    pointer   |
|m_axi_iic_WSTRB         | out |    4|    m_axi   |      iic     |    pointer   |
|m_axi_iic_WLAST         | out |    1|    m_axi   |      iic     |    pointer   |
|m_axi_iic_WID           | out |    1|    m_axi   |      iic     |    pointer   |
|m_axi_iic_WUSER         | out |    1|    m_axi   |      iic     |    pointer   |
|m_axi_iic_ARVALID       | out |    1|    m_axi   |      iic     |    pointer   |
|m_axi_iic_ARREADY       |  in |    1|    m_axi   |      iic     |    pointer   |
|m_axi_iic_ARADDR        | out |   32|    m_axi   |      iic     |    pointer   |
|m_axi_iic_ARID          | out |    1|    m_axi   |      iic     |    pointer   |
|m_axi_iic_ARLEN         | out |    8|    m_axi   |      iic     |    pointer   |
|m_axi_iic_ARSIZE        | out |    3|    m_axi   |      iic     |    pointer   |
|m_axi_iic_ARBURST       | out |    2|    m_axi   |      iic     |    pointer   |
|m_axi_iic_ARLOCK        | out |    2|    m_axi   |      iic     |    pointer   |
|m_axi_iic_ARCACHE       | out |    4|    m_axi   |      iic     |    pointer   |
|m_axi_iic_ARPROT        | out |    3|    m_axi   |      iic     |    pointer   |
|m_axi_iic_ARQOS         | out |    4|    m_axi   |      iic     |    pointer   |
|m_axi_iic_ARREGION      | out |    4|    m_axi   |      iic     |    pointer   |
|m_axi_iic_ARUSER        | out |    1|    m_axi   |      iic     |    pointer   |
|m_axi_iic_RVALID        |  in |    1|    m_axi   |      iic     |    pointer   |
|m_axi_iic_RREADY        | out |    1|    m_axi   |      iic     |    pointer   |
|m_axi_iic_RDATA         |  in |   32|    m_axi   |      iic     |    pointer   |
|m_axi_iic_RLAST         |  in |    1|    m_axi   |      iic     |    pointer   |
|m_axi_iic_RID           |  in |    1|    m_axi   |      iic     |    pointer   |
|m_axi_iic_RUSER         |  in |    1|    m_axi   |      iic     |    pointer   |
|m_axi_iic_RRESP         |  in |    2|    m_axi   |      iic     |    pointer   |
|m_axi_iic_BVALID        |  in |    1|    m_axi   |      iic     |    pointer   |
|m_axi_iic_BREADY        | out |    1|    m_axi   |      iic     |    pointer   |
|m_axi_iic_BRESP         |  in |    2|    m_axi   |      iic     |    pointer   |
|m_axi_iic_BID           |  in |    1|    m_axi   |      iic     |    pointer   |
|m_axi_iic_BUSER         |  in |    1|    m_axi   |      iic     |    pointer   |
+------------------------+-----+-----+------------+--------------+--------------+

