

================================================================
== Vivado HLS Report for 'bmesensor2'
================================================================
* Date:           Wed Aug 15 12:21:20 2018

* Version:        2017.4 (Build 2086221 on Fri Dec 15 21:13:33 MST 2017)
* Project:        bmesensor2
* Solution:       bmesensor2
* Product family: zynq
* Target device:  xc7z020clg400-1


================================================================
== Performance Estimates
================================================================
+ Timing (ns): 
    * Summary: 
    +--------+-------+----------+------------+
    |  Clock | Target| Estimated| Uncertainty|
    +--------+-------+----------+------------+
    |ap_clk  |   4.00|      3.50|        0.50|
    +--------+-------+----------+------------+

+ Latency (clock cycles): 
    * Summary: 
    +-----+-----+-----+-----+---------+
    |  Latency  |  Interval | Pipeline|
    | min | max | min | max |   Type  |
    +-----+-----+-----+-----+---------+
    |  239|  319|  239|  319|   none  |
    +-----+-----+-----+-----+---------+

    + Detail: 
        * Instance: 
        N/A

        * Loop: 
        +----------+-----+-----+----------+-----------+-----------+------+----------+
        |          |  Latency  | Iteration|  Initiation Interval  | Trip |          |
        | Loop Name| min | max |  Latency |  achieved |   target  | Count| Pipelined|
        +----------+-----+-----+----------+-----------+-----------+------+----------+
        |- Loop 1  |   81|  117|  27 ~ 39 |          -|          -|     3|    no    |
        +----------+-----+-----+----------+-----------+-----------+------+----------+



================================================================
== Utilization Estimates
================================================================
* Summary: 
+-----------------+---------+-------+--------+-------+
|       Name      | BRAM_18K| DSP48E|   FF   |  LUT  |
+-----------------+---------+-------+--------+-------+
|DSP              |        -|      -|       -|      -|
|Expression       |        -|      -|       0|    226|
|FIFO             |        -|      -|       -|      -|
|Instance         |        2|      -|    2676|   4204|
|Memory           |        -|      -|       -|      -|
|Multiplexer      |        -|      -|       -|   1373|
|Register         |        -|      -|     737|      -|
+-----------------+---------+-------+--------+-------+
|Total            |        2|      0|    3413|   5803|
+-----------------+---------+-------+--------+-------+
|Available        |      280|    220|  106400|  53200|
+-----------------+---------+-------+--------+-------+
|Utilization (%)  |    ~0   |      0|       3|     10|
+-----------------+---------+-------+--------+-------+

+ Detail: 
    * Instance: 
    +-----------------------------+---------------------------+---------+-------+------+------+
    |           Instance          |           Module          | BRAM_18K| DSP48E|  FF  |  LUT |
    +-----------------------------+---------------------------+---------+-------+------+------+
    |bmesensor2_AXILiteS_s_axi_U  |bmesensor2_AXILiteS_s_axi  |        0|      0|  2164|  3624|
    |bmesensor2_iic_m_axi_U       |bmesensor2_iic_m_axi       |        2|      0|   512|   580|
    +-----------------------------+---------------------------+---------+-------+------+------+
    |Total                        |                           |        2|      0|  2676|  4204|
    +-----------------------------+---------------------------+---------+-------+------+------+

    * DSP48: 
    N/A

    * Memory: 
    N/A

    * FIFO: 
    N/A

    * Expression: 
    +-----------------------------+----------+-------+---+----+------------+------------+
    |        Variable Name        | Operation| DSP48E| FF| LUT| Bitwidth P0| Bitwidth P1|
    +-----------------------------+----------+-------+---+----+------------+------------+
    |pressByteCount_1_fu_1057_p2  |     +    |      0|  0|  10|           2|           2|
    |ap_block_state196_io         |    and   |      0|  0|   8|           1|           1|
    |ap_block_state202            |    and   |      0|  0|   8|           1|           1|
    |ap_block_state65_io          |    and   |      0|  0|   8|           1|           1|
    |ap_block_state72             |    and   |      0|  0|   8|           1|           1|
    |tmp_2_fu_1008_p2             |   icmp   |      0|  0|  11|           6|           1|
    |tmp_3_fu_1051_p2             |   icmp   |      0|  0|   8|           2|           2|
    |tmp_8_fu_1024_p2             |   icmp   |      0|  0|   8|           2|           1|
    |tmp_9_fu_1030_p2             |   icmp   |      0|  0|   8|           2|           1|
    |tmp_fu_971_p2                |   icmp   |      0|  0|  18|          32|           1|
    |tmp_s_fu_1045_p2             |   icmp   |      0|  0|   9|           2|           3|
    |ap_block_state133_io         |    or    |      0|  0|   8|           1|           1|
    |ap_block_state134_io         |    or    |      0|  0|   8|           1|           1|
    |ap_block_state187_io         |    or    |      0|  0|   8|           1|           1|
    |byteTracker                  |  select  |      0|  0|   2|           1|           1|
    |tmp_10_fu_1075_p3            |  select  |      0|  0|  32|           1|          32|
    |tmp_11_fu_1081_p3            |  select  |      0|  0|  32|           1|          32|
    |tmp_4_fu_1069_p3             |  select  |      0|  0|  32|           1|          32|
    +-----------------------------+----------+-------+---+----+------------+------------+
    |Total                        |          |      0|  0| 226|          59|         115|
    +-----------------------------+----------+-------+---+----+------------+------------+

    * Multiplexer: 
    +----------------------------+------+-----------+-----+-----------+
    |            Name            |  LUT | Input Size| Bits| Total Bits|
    +----------------------------+------+-----------+-----+-----------+
    |ap_NS_fsm                   |  1061|        249|    1|        249|
    |ap_sig_ioackin_iic_ARREADY  |     9|          2|    1|          2|
    |ap_sig_ioackin_iic_AWREADY  |     9|          2|    1|          2|
    |ap_sig_ioackin_iic_WREADY   |     9|          2|    1|          2|
    |clearLatchedInterr_o        |     9|          2|   32|         64|
    |ctrl_reg_val3_o             |     9|          2|   32|         64|
    |iic_ARADDR                  |    47|         10|   32|        320|
    |iic_AWADDR                  |    38|          7|   32|        224|
    |iic_WDATA                   |   101|         21|   32|        672|
    |iic_blk_n_AR                |     9|          2|    1|          2|
    |iic_blk_n_AW                |     9|          2|    1|          2|
    |iic_blk_n_B                 |     9|          2|    1|          2|
    |iic_blk_n_R                 |     9|          2|    1|          2|
    |iic_blk_n_W                 |     9|          2|    1|          2|
    |interrStatus2_o             |     9|          2|   32|         64|
    |lastByteRead_o              |     9|          2|   32|         64|
    |pressByteCount_reg_894      |     9|          2|    2|          4|
    |rx_fifo_Outvalue_o          |     9|          2|   32|         64|
    +----------------------------+------+-----------+-----+-----------+
    |Total                       |  1373|        315|  267|       1805|
    +----------------------------+------+-----------+-----+-----------+

    * Register: 
    +------------------------------------------------+-----+----+-----+-----------+
    |                      Name                      |  FF | LUT| Bits| Const Bits|
    +------------------------------------------------+-----+----+-----+-----------+
    |ap_CS_fsm                                       |  248|   0|  248|          0|
    |ap_reg_ioackin_clearInterrStatus_dummy_ack      |    1|   0|    1|          0|
    |ap_reg_ioackin_clearedInterrStatus1_dummy_ack   |    1|   0|    1|          0|
    |ap_reg_ioackin_ctrl2RegState_enabled_dummy_ack  |    1|   0|    1|          0|
    |ap_reg_ioackin_ctrl_reg_check_dummy_ack         |    1|   0|    1|          0|
    |ap_reg_ioackin_ctrl_reg_outValue1_dummy_ack     |    1|   0|    1|          0|
    |ap_reg_ioackin_disableTxBitDirection_dummy_ack  |    1|   0|    1|          0|
    |ap_reg_ioackin_empty_pirq_outValue_dummy_ack    |    1|   0|    1|          0|
    |ap_reg_ioackin_full_pirq_outValue_dummy_ack     |    1|   0|    1|          0|
    |ap_reg_ioackin_iic_ARREADY                      |    1|   0|    1|          0|
    |ap_reg_ioackin_iic_AWREADY                      |    1|   0|    1|          0|
    |ap_reg_ioackin_iic_WREADY                       |    1|   0|    1|          0|
    |ap_reg_ioackin_interrStatus2_dummy_ack          |    1|   0|    1|          0|
    |ap_reg_ioackin_interrStatus5State_dummy_ack     |    1|   0|    1|          0|
    |ap_reg_ioackin_interrStatus_dummy_ack           |    1|   0|    1|          0|
    |ap_reg_ioackin_pressure_lsb_dummy_ack           |    1|   0|    1|          0|
    |ap_reg_ioackin_pressure_msb_dummy_ack           |    1|   0|    1|          0|
    |ap_reg_ioackin_pressure_xlsb_dummy_ack          |    1|   0|    1|          0|
    |ap_reg_ioackin_receivedSuccess_dummy_ack        |    1|   0|    1|          0|
    |ap_reg_ioackin_releaseBus_dummy_ack             |    1|   0|    1|          0|
    |ap_reg_ioackin_resetAxiEnabled_dummy_ack        |    1|   0|    1|          0|
    |ap_reg_ioackin_rx_fifo_Outvalue_dummy_ack       |    1|   0|    1|          0|
    |ap_reg_ioackin_statRegState_dummy_ack           |    1|   0|    1|          0|
    |ap_reg_ioackin_stat_reg_outValue1_dummy_ack     |    1|   0|    1|          0|
    |ap_reg_ioackin_stat_reg_val6_state_dummy_ack    |    1|   0|    1|          0|
    |ap_reg_ioackin_stat_reg_val_dummy_ack           |    1|   0|    1|          0|
    |ap_reg_ioackin_tx_fifo_1_dummy_ack              |    1|   0|    1|          0|
    |ap_reg_ioackin_tx_fifo_2_dummy_ack              |    1|   0|    1|          0|
    |ap_reg_ioackin_tx_fifo_3_dummy_ack              |    1|   0|    1|          0|
    |clearLatchedInterr_r_reg_1200                   |   32|   0|   32|          0|
    |ctrl_reg_val2_copy_1_reg_1144                   |    3|   0|    3|          0|
    |iic_addr_5_read_reg_1192                        |   32|   0|   32|          0|
    |lastByteRead_read_reg_1177                      |   32|   0|   32|          0|
    |pressByteCount_1_reg_1187                       |    2|   0|    2|          0|
    |pressByteCount_reg_894                          |    2|   0|    2|          0|
    |reg_906                                         |   32|   0|   32|          0|
    |reg_913                                         |   32|   0|   32|          0|
    |reg_921                                         |   32|   0|   32|          0|
    |reg_927                                         |   32|   0|   32|          0|
    |reg_934                                         |   32|   0|   32|          0|
    |tmp_10_reg_1210                                 |   32|   0|   32|          0|
    |tmp_11_reg_1215                                 |   32|   0|   32|          0|
    |tmp_13_reg_1149                                 |    1|   0|    1|          0|
    |tmp_2_reg_1154                                  |    1|   0|    1|          0|
    |tmp_3_reg_1182                                  |    1|   0|    1|          0|
    |tmp_4_reg_1205                                  |   32|   0|   32|          0|
    |tmp_5_reg_855                                   |   32|   0|   32|          0|
    |tmp_6_reg_868                                   |   32|   0|   32|          0|
    |tmp_7_reg_881                                   |   32|   0|   32|          0|
    |tmp_9_reg_1167                                  |    1|   0|    1|          0|
    |tmp_reg_1131                                    |    1|   0|    1|          0|
    |tmp_s_reg_1172                                  |    1|   0|    1|          0|
    +------------------------------------------------+-----+----+-----+-----------+
    |Total                                           |  737|   0|  737|          0|
    +------------------------------------------------+-----+----+-----+-----------+



================================================================
== Interface
================================================================
* Summary: 
+------------------------+-----+-----+------------+--------------+--------------+
|        RTL Ports       | Dir | Bits|  Protocol  | Source Object|    C Type    |
+------------------------+-----+-----+------------+--------------+--------------+
|s_axi_AXILiteS_AWVALID  |  in |    1|    s_axi   |   AXILiteS   |    pointer   |
|s_axi_AXILiteS_AWREADY  | out |    1|    s_axi   |   AXILiteS   |    pointer   |
|s_axi_AXILiteS_AWADDR   |  in |    9|    s_axi   |   AXILiteS   |    pointer   |
|s_axi_AXILiteS_WVALID   |  in |    1|    s_axi   |   AXILiteS   |    pointer   |
|s_axi_AXILiteS_WREADY   | out |    1|    s_axi   |   AXILiteS   |    pointer   |
|s_axi_AXILiteS_WDATA    |  in |   32|    s_axi   |   AXILiteS   |    pointer   |
|s_axi_AXILiteS_WSTRB    |  in |    4|    s_axi   |   AXILiteS   |    pointer   |
|s_axi_AXILiteS_ARVALID  |  in |    1|    s_axi   |   AXILiteS   |    pointer   |
|s_axi_AXILiteS_ARREADY  | out |    1|    s_axi   |   AXILiteS   |    pointer   |
|s_axi_AXILiteS_ARADDR   |  in |    9|    s_axi   |   AXILiteS   |    pointer   |
|s_axi_AXILiteS_RVALID   | out |    1|    s_axi   |   AXILiteS   |    pointer   |
|s_axi_AXILiteS_RREADY   |  in |    1|    s_axi   |   AXILiteS   |    pointer   |
|s_axi_AXILiteS_RDATA    | out |   32|    s_axi   |   AXILiteS   |    pointer   |
|s_axi_AXILiteS_RRESP    | out |    2|    s_axi   |   AXILiteS   |    pointer   |
|s_axi_AXILiteS_BVALID   | out |    1|    s_axi   |   AXILiteS   |    pointer   |
|s_axi_AXILiteS_BREADY   |  in |    1|    s_axi   |   AXILiteS   |    pointer   |
|s_axi_AXILiteS_BRESP    | out |    2|    s_axi   |   AXILiteS   |    pointer   |
|ap_clk                  |  in |    1| ap_ctrl_hs |  bmesensor2  | return value |
|ap_rst_n                |  in |    1| ap_ctrl_hs |  bmesensor2  | return value |
|interrupt               | out |    1| ap_ctrl_hs |  bmesensor2  | return value |
|m_axi_iic_AWVALID       | out |    1|    m_axi   |      iic     |    pointer   |
|m_axi_iic_AWREADY       |  in |    1|    m_axi   |      iic     |    pointer   |
|m_axi_iic_AWADDR        | out |   32|    m_axi   |      iic     |    pointer   |
|m_axi_iic_AWID          | out |    1|    m_axi   |      iic     |    pointer   |
|m_axi_iic_AWLEN         | out |    8|    m_axi   |      iic     |    pointer   |
|m_axi_iic_AWSIZE        | out |    3|    m_axi   |      iic     |    pointer   |
|m_axi_iic_AWBURST       | out |    2|    m_axi   |      iic     |    pointer   |
|m_axi_iic_AWLOCK        | out |    2|    m_axi   |      iic     |    pointer   |
|m_axi_iic_AWCACHE       | out |    4|    m_axi   |      iic     |    pointer   |
|m_axi_iic_AWPROT        | out |    3|    m_axi   |      iic     |    pointer   |
|m_axi_iic_AWQOS         | out |    4|    m_axi   |      iic     |    pointer   |
|m_axi_iic_AWREGION      | out |    4|    m_axi   |      iic     |    pointer   |
|m_axi_iic_AWUSER        | out |    1|    m_axi   |      iic     |    pointer   |
|m_axi_iic_WVALID        | out |    1|    m_axi   |      iic     |    pointer   |
|m_axi_iic_WREADY        |  in |    1|    m_axi   |      iic     |    pointer   |
|m_axi_iic_WDATA         | out |   32|    m_axi   |      iic     |    pointer   |
|m_axi_iic_WSTRB         | out |    4|    m_axi   |      iic     |    pointer   |
|m_axi_iic_WLAST         | out |    1|    m_axi   |      iic     |    pointer   |
|m_axi_iic_WID           | out |    1|    m_axi   |      iic     |    pointer   |
|m_axi_iic_WUSER         | out |    1|    m_axi   |      iic     |    pointer   |
|m_axi_iic_ARVALID       | out |    1|    m_axi   |      iic     |    pointer   |
|m_axi_iic_ARREADY       |  in |    1|    m_axi   |      iic     |    pointer   |
|m_axi_iic_ARADDR        | out |   32|    m_axi   |      iic     |    pointer   |
|m_axi_iic_ARID          | out |    1|    m_axi   |      iic     |    pointer   |
|m_axi_iic_ARLEN         | out |    8|    m_axi   |      iic     |    pointer   |
|m_axi_iic_ARSIZE        | out |    3|    m_axi   |      iic     |    pointer   |
|m_axi_iic_ARBURST       | out |    2|    m_axi   |      iic     |    pointer   |
|m_axi_iic_ARLOCK        | out |    2|    m_axi   |      iic     |    pointer   |
|m_axi_iic_ARCACHE       | out |    4|    m_axi   |      iic     |    pointer   |
|m_axi_iic_ARPROT        | out |    3|    m_axi   |      iic     |    pointer   |
|m_axi_iic_ARQOS         | out |    4|    m_axi   |      iic     |    pointer   |
|m_axi_iic_ARREGION      | out |    4|    m_axi   |      iic     |    pointer   |
|m_axi_iic_ARUSER        | out |    1|    m_axi   |      iic     |    pointer   |
|m_axi_iic_RVALID        |  in |    1|    m_axi   |      iic     |    pointer   |
|m_axi_iic_RREADY        | out |    1|    m_axi   |      iic     |    pointer   |
|m_axi_iic_RDATA         |  in |   32|    m_axi   |      iic     |    pointer   |
|m_axi_iic_RLAST         |  in |    1|    m_axi   |      iic     |    pointer   |
|m_axi_iic_RID           |  in |    1|    m_axi   |      iic     |    pointer   |
|m_axi_iic_RUSER         |  in |    1|    m_axi   |      iic     |    pointer   |
|m_axi_iic_RRESP         |  in |    2|    m_axi   |      iic     |    pointer   |
|m_axi_iic_BVALID        |  in |    1|    m_axi   |      iic     |    pointer   |
|m_axi_iic_BREADY        | out |    1|    m_axi   |      iic     |    pointer   |
|m_axi_iic_BRESP         |  in |    2|    m_axi   |      iic     |    pointer   |
|m_axi_iic_BID           |  in |    1|    m_axi   |      iic     |    pointer   |
|m_axi_iic_BUSER         |  in |    1|    m_axi   |      iic     |    pointer   |
+------------------------+-----+-----+------------+--------------+--------------+

