#-----------------------------------------------------------
# Vivado v2017.4 (64-bit)
# SW Build 2086221 on Fri Dec 15 20:54:30 MST 2017
# IP Build 2085800 on Fri Dec 15 22:25:07 MST 2017
# Start of session at: Sun Aug  5 18:44:37 2018
# Process ID: 19231
# Current directory: /home/iavendano/pynq-copter/pynqcopter/iicComm5
# Command line: vivado iicComm5/iicComm5.xpr
# Log file: /home/iavendano/pynq-copter/pynqcopter/iicComm5/vivado.log
# Journal file: /home/iavendano/pynq-copter/pynqcopter/iicComm5/vivado.jou
#-----------------------------------------------------------
start_gui
open_project iicComm5/iicComm5.xpr
Scanning sources...
Finished scanning sources
INFO: [IP_Flow 19-234] Refreshing IP repositories
INFO: [IP_Flow 19-1700] Loaded user IP repository '/home/iavendano/pynq-copter/pynqcopter/ip'.
INFO: [IP_Flow 19-2313] Loaded Vivado IP repository '/data/opt/Xilinx/Vivado/2017.4/data/ip'.
WARNING: [BD 41-1661] One or more IPs have been locked in the design 'iicComm5.bd'. Please run report_ip_status for more details and recommendations on how to fix this issue.
List of locked IPs:
iicComm5_iiccomm4_0_0

open_project: Time (s): cpu = 00:00:25 ; elapsed = 00:00:08 . Memory (MB): peak = 6230.547 ; gain = 90.984 ; free physical = 128125 ; free virtual = 505703
update_compile_order -fileset sources_1
open_bd_design {/home/iavendano/pynq-copter/pynqcopter/iicComm5/iicComm5/iicComm5.srcs/sources_1/bd/iicComm5/iicComm5.bd}
Adding cell -- xilinx.com:ip:axi_iic:2.0 - axi_iic_0
Adding cell -- UCSD:hlsip:iiccomm4:1.0 - iiccomm4_0
Adding cell -- xilinx.com:ip:processing_system7:5.5 - processing_system7_0
Adding cell -- xilinx.com:ip:proc_sys_reset:5.0 - rst_ps7_0_100M
Adding cell -- xilinx.com:ip:axi_crossbar:2.1 - xbar
Adding cell -- xilinx.com:ip:axi_protocol_converter:2.1 - auto_pc
Adding cell -- xilinx.com:ip:axi_protocol_converter:2.1 - auto_pc
Excluding </iiccomm4_0/s_axi_AXILiteS/Reg> from </iiccomm4_0/Data_m_axi_iic>
Successfully read diagram <iicComm5> from BD file </home/iavendano/pynq-copter/pynqcopter/iicComm5/iicComm5/iicComm5.srcs/sources_1/bd/iicComm5/iicComm5.bd>
open_bd_design: Time (s): cpu = 00:00:15 ; elapsed = 00:00:05 . Memory (MB): peak = 6316.477 ; gain = 32.027 ; free physical = 128016 ; free virtual = 505594
report_ip_status -name ip_status 
delete_bd_objs [get_bd_intf_nets ps7_0_axi_periph_M00_AXI] [get_bd_intf_nets iiccomm4_0_m_axi_iic] [get_bd_cells iiccomm4_0]
startgroup
create_bd_cell -type ip -vlnv UCSD:hlsip:iiccomm5:1.0 iiccomm5_0
endgroup
set_property location {2 458 113} [get_bd_cells iiccomm5_0]
connect_bd_net [get_bd_pins iiccomm5_0/ap_rst_n] [get_bd_pins rst_ps7_0_100M/peripheral_aresetn]
connect_bd_net [get_bd_pins iiccomm5_0/ap_clk] [get_bd_pins processing_system7_0/FCLK_CLK0]
connect_bd_intf_net -boundary_type upper [get_bd_intf_pins ps7_0_axi_periph/M00_AXI] [get_bd_intf_pins iiccomm5_0/s_axi_AXILiteS]
connect_bd_intf_net [get_bd_intf_pins iiccomm5_0/m_axi_iic] -boundary_type upper [get_bd_intf_pins ps7_0_axi_periph/S01_AXI]
save_bd_design
Wrote  : </home/iavendano/pynq-copter/pynqcopter/iicComm5/iicComm5/iicComm5.srcs/sources_1/bd/iicComm5/iicComm5.bd> 
Wrote  : </home/iavendano/pynq-copter/pynqcopter/iicComm5/iicComm5/iicComm5.srcs/sources_1/bd/iicComm5/ui/bd_e1ca8366.ui> 
assign_bd_address [get_bd_addr_segs {iiccomm5_0/s_axi_AXILiteS/Reg }]
</iiccomm5_0/s_axi_AXILiteS/Reg> is being mapped into </processing_system7_0/Data> at <0x43C00000 [ 64K ]>
set_property range 4K [get_bd_addr_segs {processing_system7_0/Data/SEG_iiccomm5_0_Reg}]
set_property offset 0x40000000 [get_bd_addr_segs {processing_system7_0/Data/SEG_iiccomm5_0_Reg}]
assign_bd_address [get_bd_addr_segs {axi_iic_0/S_AXI/Reg }]
</axi_iic_0/S_AXI/Reg> is being mapped into </iiccomm5_0/Data_m_axi_iic> at <0x40001000 [ 4K ]>
INFO: [BD 41-1051] The usage <register> of peripheral </axi_iic_0/S_AXI/Reg> does not match the usage <memory> of master </iiccomm5_0/Data_m_axi_iic> and will be excluded using sparse connectivity from its address space. Use the include_bd_addr_seg command to override this precaution and make this peripheral visible within this masters address space.
Excluding </axi_iic_0/S_AXI/Reg> from </iiccomm5_0/Data_m_axi_iic>
include_bd_addr_seg [get_bd_addr_segs -excluded iiccomm5_0/Data_m_axi_iic/SEG_axi_iic_0_Reg]
Including </axi_iic_0/S_AXI/Reg> into </iiccomm5_0/Data_m_axi_iic>
save_bd_design
Wrote  : </home/iavendano/pynq-copter/pynqcopter/iicComm5/iicComm5/iicComm5.srcs/sources_1/bd/iicComm5/iicComm5.bd> 
validate_bd_design
WARNING: [IP_Flow 19-4318] IP-XACT file does not exist: /home/iavendano/pynq-copter/pynqcopter/ip/iiccomm5/iiccomm5/iiccomm5/impl/ip/component.xml. It will be created.
exit
INFO: [Common 17-206] Exiting Vivado at Sun Aug  5 18:52:44 2018...
