
*** Running vivado
    with args -log bmeMultibyteOg_wrapper.vdi -applog -m64 -product Vivado -messageDb vivado.pb -mode batch -source bmeMultibyteOg_wrapper.tcl -notrace


****** Vivado v2017.4 (64-bit)
  **** SW Build 2086221 on Fri Dec 15 20:54:30 MST 2017
  **** IP Build 2085800 on Fri Dec 15 22:25:07 MST 2017
    ** Copyright 1986-2017 Xilinx, Inc. All Rights Reserved.

source bmeMultibyteOg_wrapper.tcl -notrace
INFO: [IP_Flow 19-234] Refreshing IP repositories
INFO: [IP_Flow 19-1700] Loaded user IP repository '/home/iavendano/pynq-copter/pynqcopter/ip'.
INFO: [IP_Flow 19-2313] Loaded Vivado IP repository '/data/opt/Xilinx/Vivado/2017.4/data/ip'.
Command: link_design -top bmeMultibyteOg_wrapper -part xc7z020clg400-1
Design is defaulting to srcset: sources_1
Design is defaulting to constrset: constrs_1
INFO: [Project 1-454] Reading design checkpoint '/home/iavendano/pynq-copter/pynqcopter/bmeMultibyteOg/bmeMultibyteOg/bmeMultibyteOg.srcs/sources_1/bd/bmeMultibyteOg/ip/bmeMultibyteOg_axi_iic_0_0/bmeMultibyteOg_axi_iic_0_0.dcp' for cell 'bmeMultibyteOg_i/axi_iic_0'
INFO: [Project 1-454] Reading design checkpoint '/home/iavendano/pynq-copter/pynqcopter/bmeMultibyteOg/bmeMultibyteOg/bmeMultibyteOg.srcs/sources_1/bd/bmeMultibyteOg/ip/bmeMultibyteOg_multibyteOg_0_0/bmeMultibyteOg_multibyteOg_0_0.dcp' for cell 'bmeMultibyteOg_i/multibyteOg_0'
INFO: [Project 1-454] Reading design checkpoint '/home/iavendano/pynq-copter/pynqcopter/bmeMultibyteOg/bmeMultibyteOg/bmeMultibyteOg.srcs/sources_1/bd/bmeMultibyteOg/ip/bmeMultibyteOg_processing_system7_0_0/bmeMultibyteOg_processing_system7_0_0.dcp' for cell 'bmeMultibyteOg_i/processing_system7_0'
INFO: [Project 1-454] Reading design checkpoint '/home/iavendano/pynq-copter/pynqcopter/bmeMultibyteOg/bmeMultibyteOg/bmeMultibyteOg.srcs/sources_1/bd/bmeMultibyteOg/ip/bmeMultibyteOg_rst_ps7_0_100M_0/bmeMultibyteOg_rst_ps7_0_100M_0.dcp' for cell 'bmeMultibyteOg_i/rst_ps7_0_100M'
INFO: [Project 1-454] Reading design checkpoint '/home/iavendano/pynq-copter/pynqcopter/bmeMultibyteOg/bmeMultibyteOg/bmeMultibyteOg.srcs/sources_1/bd/bmeMultibyteOg/ip/bmeMultibyteOg_s01_mmu_0/bmeMultibyteOg_s01_mmu_0.dcp' for cell 'bmeMultibyteOg_i/ps7_0_axi_periph/s01_mmu'
INFO: [Project 1-454] Reading design checkpoint '/home/iavendano/pynq-copter/pynqcopter/bmeMultibyteOg/bmeMultibyteOg/bmeMultibyteOg.srcs/sources_1/bd/bmeMultibyteOg/ip/bmeMultibyteOg_xbar_0/bmeMultibyteOg_xbar_0.dcp' for cell 'bmeMultibyteOg_i/ps7_0_axi_periph/xbar'
INFO: [Project 1-454] Reading design checkpoint '/home/iavendano/pynq-copter/pynqcopter/bmeMultibyteOg/bmeMultibyteOg/bmeMultibyteOg.srcs/sources_1/bd/bmeMultibyteOg/ip/bmeMultibyteOg_auto_pc_0/bmeMultibyteOg_auto_pc_0.dcp' for cell 'bmeMultibyteOg_i/ps7_0_axi_periph/s00_couplers/auto_pc'
INFO: [Project 1-454] Reading design checkpoint '/home/iavendano/pynq-copter/pynqcopter/bmeMultibyteOg/bmeMultibyteOg/bmeMultibyteOg.srcs/sources_1/bd/bmeMultibyteOg/ip/bmeMultibyteOg_auto_pc_1/bmeMultibyteOg_auto_pc_1.dcp' for cell 'bmeMultibyteOg_i/ps7_0_axi_periph/s01_couplers/auto_pc'
INFO: [Netlist 29-17] Analyzing 140 Unisim elements for replacement
INFO: [Netlist 29-28] Unisim Transformation completed in 0 CPU seconds
INFO: [Project 1-479] Netlist was created with Vivado 2017.4
INFO: [Device 21-403] Loading part xc7z020clg400-1
INFO: [Project 1-570] Preparing netlist for logic optimization
Parsing XDC File [/home/iavendano/pynq-copter/pynqcopter/bmeMultibyteOg/bmeMultibyteOg/bmeMultibyteOg.srcs/sources_1/bd/bmeMultibyteOg/ip/bmeMultibyteOg_axi_iic_0_0/bmeMultibyteOg_axi_iic_0_0_board.xdc] for cell 'bmeMultibyteOg_i/axi_iic_0/U0'
Finished Parsing XDC File [/home/iavendano/pynq-copter/pynqcopter/bmeMultibyteOg/bmeMultibyteOg/bmeMultibyteOg.srcs/sources_1/bd/bmeMultibyteOg/ip/bmeMultibyteOg_axi_iic_0_0/bmeMultibyteOg_axi_iic_0_0_board.xdc] for cell 'bmeMultibyteOg_i/axi_iic_0/U0'
Parsing XDC File [/home/iavendano/pynq-copter/pynqcopter/bmeMultibyteOg/bmeMultibyteOg/bmeMultibyteOg.srcs/sources_1/bd/bmeMultibyteOg/ip/bmeMultibyteOg_processing_system7_0_0/bmeMultibyteOg_processing_system7_0_0.xdc] for cell 'bmeMultibyteOg_i/processing_system7_0/inst'
Finished Parsing XDC File [/home/iavendano/pynq-copter/pynqcopter/bmeMultibyteOg/bmeMultibyteOg/bmeMultibyteOg.srcs/sources_1/bd/bmeMultibyteOg/ip/bmeMultibyteOg_processing_system7_0_0/bmeMultibyteOg_processing_system7_0_0.xdc] for cell 'bmeMultibyteOg_i/processing_system7_0/inst'
Parsing XDC File [/home/iavendano/pynq-copter/pynqcopter/bmeMultibyteOg/bmeMultibyteOg/bmeMultibyteOg.srcs/sources_1/bd/bmeMultibyteOg/ip/bmeMultibyteOg_rst_ps7_0_100M_0/bmeMultibyteOg_rst_ps7_0_100M_0_board.xdc] for cell 'bmeMultibyteOg_i/rst_ps7_0_100M/U0'
Finished Parsing XDC File [/home/iavendano/pynq-copter/pynqcopter/bmeMultibyteOg/bmeMultibyteOg/bmeMultibyteOg.srcs/sources_1/bd/bmeMultibyteOg/ip/bmeMultibyteOg_rst_ps7_0_100M_0/bmeMultibyteOg_rst_ps7_0_100M_0_board.xdc] for cell 'bmeMultibyteOg_i/rst_ps7_0_100M/U0'
Parsing XDC File [/home/iavendano/pynq-copter/pynqcopter/bmeMultibyteOg/bmeMultibyteOg/bmeMultibyteOg.srcs/sources_1/bd/bmeMultibyteOg/ip/bmeMultibyteOg_rst_ps7_0_100M_0/bmeMultibyteOg_rst_ps7_0_100M_0.xdc] for cell 'bmeMultibyteOg_i/rst_ps7_0_100M/U0'
Finished Parsing XDC File [/home/iavendano/pynq-copter/pynqcopter/bmeMultibyteOg/bmeMultibyteOg/bmeMultibyteOg.srcs/sources_1/bd/bmeMultibyteOg/ip/bmeMultibyteOg_rst_ps7_0_100M_0/bmeMultibyteOg_rst_ps7_0_100M_0.xdc] for cell 'bmeMultibyteOg_i/rst_ps7_0_100M/U0'
Parsing XDC File [/home/iavendano/pynq-copter/pynqcopter/bmeMultibyteOg/design.xdc]
WARNING: [Vivado 12-584] No ports matched 'arduino_gpio_tri_io[0]'. [/home/iavendano/pynq-copter/pynqcopter/bmeMultibyteOg/design.xdc:49]
CRITICAL WARNING: [Common 17-55] 'set_property' expects at least one object. [/home/iavendano/pynq-copter/pynqcopter/bmeMultibyteOg/design.xdc:49]
Resolution: If [get_<value>] was used to populate the object, check to make sure this command returns at least one valid object.
WARNING: [Vivado 12-584] No ports matched 'arduino_gpio_tri_io[1]'. [/home/iavendano/pynq-copter/pynqcopter/bmeMultibyteOg/design.xdc:50]
CRITICAL WARNING: [Common 17-55] 'set_property' expects at least one object. [/home/iavendano/pynq-copter/pynqcopter/bmeMultibyteOg/design.xdc:50]
Resolution: If [get_<value>] was used to populate the object, check to make sure this command returns at least one valid object.
WARNING: [Vivado 12-584] No ports matched 'arduino_gpio_tri_io[2]'. [/home/iavendano/pynq-copter/pynqcopter/bmeMultibyteOg/design.xdc:51]
CRITICAL WARNING: [Common 17-55] 'set_property' expects at least one object. [/home/iavendano/pynq-copter/pynqcopter/bmeMultibyteOg/design.xdc:51]
Resolution: If [get_<value>] was used to populate the object, check to make sure this command returns at least one valid object.
WARNING: [Vivado 12-584] No ports matched 'arduino_gpio_tri_io[3]'. [/home/iavendano/pynq-copter/pynqcopter/bmeMultibyteOg/design.xdc:52]
CRITICAL WARNING: [Common 17-55] 'set_property' expects at least one object. [/home/iavendano/pynq-copter/pynqcopter/bmeMultibyteOg/design.xdc:52]
Resolution: If [get_<value>] was used to populate the object, check to make sure this command returns at least one valid object.
WARNING: [Vivado 12-584] No ports matched 'arduino_gpio_tri_io[4]'. [/home/iavendano/pynq-copter/pynqcopter/bmeMultibyteOg/design.xdc:53]
CRITICAL WARNING: [Common 17-55] 'set_property' expects at least one object. [/home/iavendano/pynq-copter/pynqcopter/bmeMultibyteOg/design.xdc:53]
Resolution: If [get_<value>] was used to populate the object, check to make sure this command returns at least one valid object.
WARNING: [Vivado 12-584] No ports matched 'arduino_gpio_tri_io[5]'. [/home/iavendano/pynq-copter/pynqcopter/bmeMultibyteOg/design.xdc:55]
CRITICAL WARNING: [Common 17-55] 'set_property' expects at least one object. [/home/iavendano/pynq-copter/pynqcopter/bmeMultibyteOg/design.xdc:55]
Resolution: If [get_<value>] was used to populate the object, check to make sure this command returns at least one valid object.
WARNING: [Vivado 12-584] No ports matched 'arduino_gpio_tri_io[6]'. [/home/iavendano/pynq-copter/pynqcopter/bmeMultibyteOg/design.xdc:56]
CRITICAL WARNING: [Common 17-55] 'set_property' expects at least one object. [/home/iavendano/pynq-copter/pynqcopter/bmeMultibyteOg/design.xdc:56]
Resolution: If [get_<value>] was used to populate the object, check to make sure this command returns at least one valid object.
WARNING: [Vivado 12-584] No ports matched 'arduino_gpio_tri_io[7]'. [/home/iavendano/pynq-copter/pynqcopter/bmeMultibyteOg/design.xdc:57]
CRITICAL WARNING: [Common 17-55] 'set_property' expects at least one object. [/home/iavendano/pynq-copter/pynqcopter/bmeMultibyteOg/design.xdc:57]
Resolution: If [get_<value>] was used to populate the object, check to make sure this command returns at least one valid object.
WARNING: [Vivado 12-584] No ports matched 'arduino_gpio_tri_io[8]'. [/home/iavendano/pynq-copter/pynqcopter/bmeMultibyteOg/design.xdc:58]
CRITICAL WARNING: [Common 17-55] 'set_property' expects at least one object. [/home/iavendano/pynq-copter/pynqcopter/bmeMultibyteOg/design.xdc:58]
Resolution: If [get_<value>] was used to populate the object, check to make sure this command returns at least one valid object.
WARNING: [Vivado 12-584] No ports matched 'arduino_gpio_tri_io[9]'. [/home/iavendano/pynq-copter/pynqcopter/bmeMultibyteOg/design.xdc:59]
CRITICAL WARNING: [Common 17-55] 'set_property' expects at least one object. [/home/iavendano/pynq-copter/pynqcopter/bmeMultibyteOg/design.xdc:59]
Resolution: If [get_<value>] was used to populate the object, check to make sure this command returns at least one valid object.
WARNING: [Vivado 12-584] No ports matched 'arduino_gpio_tri_io[10]'. [/home/iavendano/pynq-copter/pynqcopter/bmeMultibyteOg/design.xdc:61]
CRITICAL WARNING: [Common 17-55] 'set_property' expects at least one object. [/home/iavendano/pynq-copter/pynqcopter/bmeMultibyteOg/design.xdc:61]
Resolution: If [get_<value>] was used to populate the object, check to make sure this command returns at least one valid object.
WARNING: [Vivado 12-584] No ports matched 'arduino_gpio_tri_io[11]'. [/home/iavendano/pynq-copter/pynqcopter/bmeMultibyteOg/design.xdc:62]
CRITICAL WARNING: [Common 17-55] 'set_property' expects at least one object. [/home/iavendano/pynq-copter/pynqcopter/bmeMultibyteOg/design.xdc:62]
Resolution: If [get_<value>] was used to populate the object, check to make sure this command returns at least one valid object.
WARNING: [Vivado 12-584] No ports matched 'arduino_gpio_tri_io[12]'. [/home/iavendano/pynq-copter/pynqcopter/bmeMultibyteOg/design.xdc:63]
CRITICAL WARNING: [Common 17-55] 'set_property' expects at least one object. [/home/iavendano/pynq-copter/pynqcopter/bmeMultibyteOg/design.xdc:63]
Resolution: If [get_<value>] was used to populate the object, check to make sure this command returns at least one valid object.
WARNING: [Vivado 12-584] No ports matched 'arduino_gpio_tri_io[13]'. [/home/iavendano/pynq-copter/pynqcopter/bmeMultibyteOg/design.xdc:64]
CRITICAL WARNING: [Common 17-55] 'set_property' expects at least one object. [/home/iavendano/pynq-copter/pynqcopter/bmeMultibyteOg/design.xdc:64]
Resolution: If [get_<value>] was used to populate the object, check to make sure this command returns at least one valid object.
WARNING: [Vivado 12-584] No ports matched 'arduino_gpio_tri_io[14]'. [/home/iavendano/pynq-copter/pynqcopter/bmeMultibyteOg/design.xdc:65]
CRITICAL WARNING: [Common 17-55] 'set_property' expects at least one object. [/home/iavendano/pynq-copter/pynqcopter/bmeMultibyteOg/design.xdc:65]
Resolution: If [get_<value>] was used to populate the object, check to make sure this command returns at least one valid object.
WARNING: [Vivado 12-584] No ports matched 'arduino_gpio_tri_io[15]'. [/home/iavendano/pynq-copter/pynqcopter/bmeMultibyteOg/design.xdc:67]
CRITICAL WARNING: [Common 17-55] 'set_property' expects at least one object. [/home/iavendano/pynq-copter/pynqcopter/bmeMultibyteOg/design.xdc:67]
Resolution: If [get_<value>] was used to populate the object, check to make sure this command returns at least one valid object.
WARNING: [Vivado 12-584] No ports matched 'arduino_gpio_tri_io[16]'. [/home/iavendano/pynq-copter/pynqcopter/bmeMultibyteOg/design.xdc:68]
CRITICAL WARNING: [Common 17-55] 'set_property' expects at least one object. [/home/iavendano/pynq-copter/pynqcopter/bmeMultibyteOg/design.xdc:68]
Resolution: If [get_<value>] was used to populate the object, check to make sure this command returns at least one valid object.
WARNING: [Vivado 12-584] No ports matched 'arduino_gpio_tri_io[17]'. [/home/iavendano/pynq-copter/pynqcopter/bmeMultibyteOg/design.xdc:69]
CRITICAL WARNING: [Common 17-55] 'set_property' expects at least one object. [/home/iavendano/pynq-copter/pynqcopter/bmeMultibyteOg/design.xdc:69]
Resolution: If [get_<value>] was used to populate the object, check to make sure this command returns at least one valid object.
WARNING: [Vivado 12-584] No ports matched 'arduino_gpio_tri_io[18]'. [/home/iavendano/pynq-copter/pynqcopter/bmeMultibyteOg/design.xdc:70]
CRITICAL WARNING: [Common 17-55] 'set_property' expects at least one object. [/home/iavendano/pynq-copter/pynqcopter/bmeMultibyteOg/design.xdc:70]
Resolution: If [get_<value>] was used to populate the object, check to make sure this command returns at least one valid object.
WARNING: [Vivado 12-584] No ports matched 'arduino_gpio_tri_io[19]'. [/home/iavendano/pynq-copter/pynqcopter/bmeMultibyteOg/design.xdc:71]
CRITICAL WARNING: [Common 17-55] 'set_property' expects at least one object. [/home/iavendano/pynq-copter/pynqcopter/bmeMultibyteOg/design.xdc:71]
Resolution: If [get_<value>] was used to populate the object, check to make sure this command returns at least one valid object.
WARNING: [Vivado 12-584] No ports matched 'arduino_gpio_tri_io[*]'. [/home/iavendano/pynq-copter/pynqcopter/bmeMultibyteOg/design.xdc:76]
CRITICAL WARNING: [Common 17-55] 'set_property' expects at least one object. [/home/iavendano/pynq-copter/pynqcopter/bmeMultibyteOg/design.xdc:76]
Resolution: If [get_<value>] was used to populate the object, check to make sure this command returns at least one valid object.
WARNING: [Vivado 12-584] No ports matched 'pmodJA_gpio_tri_io[1]'. [/home/iavendano/pynq-copter/pynqcopter/bmeMultibyteOg/design.xdc:79]
CRITICAL WARNING: [Common 17-55] 'set_property' expects at least one object. [/home/iavendano/pynq-copter/pynqcopter/bmeMultibyteOg/design.xdc:79]
Resolution: If [get_<value>] was used to populate the object, check to make sure this command returns at least one valid object.
WARNING: [Vivado 12-584] No ports matched 'pmodJA_gpio_tri_io[0]'. [/home/iavendano/pynq-copter/pynqcopter/bmeMultibyteOg/design.xdc:80]
CRITICAL WARNING: [Common 17-55] 'set_property' expects at least one object. [/home/iavendano/pynq-copter/pynqcopter/bmeMultibyteOg/design.xdc:80]
Resolution: If [get_<value>] was used to populate the object, check to make sure this command returns at least one valid object.
WARNING: [Vivado 12-584] No ports matched 'pmodJA_gpio_tri_io[3]'. [/home/iavendano/pynq-copter/pynqcopter/bmeMultibyteOg/design.xdc:81]
CRITICAL WARNING: [Common 17-55] 'set_property' expects at least one object. [/home/iavendano/pynq-copter/pynqcopter/bmeMultibyteOg/design.xdc:81]
Resolution: If [get_<value>] was used to populate the object, check to make sure this command returns at least one valid object.
WARNING: [Vivado 12-584] No ports matched 'pmodJA_gpio_tri_io[2]'. [/home/iavendano/pynq-copter/pynqcopter/bmeMultibyteOg/design.xdc:82]
CRITICAL WARNING: [Common 17-55] 'set_property' expects at least one object. [/home/iavendano/pynq-copter/pynqcopter/bmeMultibyteOg/design.xdc:82]
Resolution: If [get_<value>] was used to populate the object, check to make sure this command returns at least one valid object.
WARNING: [Vivado 12-584] No ports matched 'pmodJA_gpio_tri_io[5]'. [/home/iavendano/pynq-copter/pynqcopter/bmeMultibyteOg/design.xdc:83]
CRITICAL WARNING: [Common 17-55] 'set_property' expects at least one object. [/home/iavendano/pynq-copter/pynqcopter/bmeMultibyteOg/design.xdc:83]
Resolution: If [get_<value>] was used to populate the object, check to make sure this command returns at least one valid object.
WARNING: [Vivado 12-584] No ports matched 'pmodJA_gpio_tri_io[4]'. [/home/iavendano/pynq-copter/pynqcopter/bmeMultibyteOg/design.xdc:84]
CRITICAL WARNING: [Common 17-55] 'set_property' expects at least one object. [/home/iavendano/pynq-copter/pynqcopter/bmeMultibyteOg/design.xdc:84]
Resolution: If [get_<value>] was used to populate the object, check to make sure this command returns at least one valid object.
WARNING: [Vivado 12-584] No ports matched 'pmodJA_gpio_tri_io[7]'. [/home/iavendano/pynq-copter/pynqcopter/bmeMultibyteOg/design.xdc:85]
CRITICAL WARNING: [Common 17-55] 'set_property' expects at least one object. [/home/iavendano/pynq-copter/pynqcopter/bmeMultibyteOg/design.xdc:85]
Resolution: If [get_<value>] was used to populate the object, check to make sure this command returns at least one valid object.
WARNING: [Vivado 12-584] No ports matched 'pmodJA_gpio_tri_io[6]'. [/home/iavendano/pynq-copter/pynqcopter/bmeMultibyteOg/design.xdc:86]
CRITICAL WARNING: [Common 17-55] 'set_property' expects at least one object. [/home/iavendano/pynq-copter/pynqcopter/bmeMultibyteOg/design.xdc:86]
Resolution: If [get_<value>] was used to populate the object, check to make sure this command returns at least one valid object.
WARNING: [Vivado 12-584] No ports matched 'pmodJA_gpio_tri_io[2]'. [/home/iavendano/pynq-copter/pynqcopter/bmeMultibyteOg/design.xdc:87]
CRITICAL WARNING: [Common 17-55] 'set_property' expects at least one object. [/home/iavendano/pynq-copter/pynqcopter/bmeMultibyteOg/design.xdc:87]
Resolution: If [get_<value>] was used to populate the object, check to make sure this command returns at least one valid object.
WARNING: [Vivado 12-584] No ports matched 'pmodJA_gpio_tri_io[3]'. [/home/iavendano/pynq-copter/pynqcopter/bmeMultibyteOg/design.xdc:88]
CRITICAL WARNING: [Common 17-55] 'set_property' expects at least one object. [/home/iavendano/pynq-copter/pynqcopter/bmeMultibyteOg/design.xdc:88]
Resolution: If [get_<value>] was used to populate the object, check to make sure this command returns at least one valid object.
WARNING: [Vivado 12-584] No ports matched 'pmodJA_gpio_tri_io[6]'. [/home/iavendano/pynq-copter/pynqcopter/bmeMultibyteOg/design.xdc:89]
CRITICAL WARNING: [Common 17-55] 'set_property' expects at least one object. [/home/iavendano/pynq-copter/pynqcopter/bmeMultibyteOg/design.xdc:89]
Resolution: If [get_<value>] was used to populate the object, check to make sure this command returns at least one valid object.
WARNING: [Vivado 12-584] No ports matched 'pmodJA_gpio_tri_io[7]'. [/home/iavendano/pynq-copter/pynqcopter/bmeMultibyteOg/design.xdc:90]
CRITICAL WARNING: [Common 17-55] 'set_property' expects at least one object. [/home/iavendano/pynq-copter/pynqcopter/bmeMultibyteOg/design.xdc:90]
Resolution: If [get_<value>] was used to populate the object, check to make sure this command returns at least one valid object.
WARNING: [Vivado 12-584] No ports matched 'pmodJB_gpio_tri_io[1]'. [/home/iavendano/pynq-copter/pynqcopter/bmeMultibyteOg/design.xdc:93]
CRITICAL WARNING: [Common 17-55] 'set_property' expects at least one object. [/home/iavendano/pynq-copter/pynqcopter/bmeMultibyteOg/design.xdc:93]
Resolution: If [get_<value>] was used to populate the object, check to make sure this command returns at least one valid object.
WARNING: [Vivado 12-584] No ports matched 'pmodJB_gpio_tri_io[0]'. [/home/iavendano/pynq-copter/pynqcopter/bmeMultibyteOg/design.xdc:94]
CRITICAL WARNING: [Common 17-55] 'set_property' expects at least one object. [/home/iavendano/pynq-copter/pynqcopter/bmeMultibyteOg/design.xdc:94]
Resolution: If [get_<value>] was used to populate the object, check to make sure this command returns at least one valid object.
WARNING: [Vivado 12-584] No ports matched 'pmodJB_gpio_tri_io[3]'. [/home/iavendano/pynq-copter/pynqcopter/bmeMultibyteOg/design.xdc:95]
CRITICAL WARNING: [Common 17-55] 'set_property' expects at least one object. [/home/iavendano/pynq-copter/pynqcopter/bmeMultibyteOg/design.xdc:95]
Resolution: If [get_<value>] was used to populate the object, check to make sure this command returns at least one valid object.
WARNING: [Vivado 12-584] No ports matched 'pmodJB_gpio_tri_io[2]'. [/home/iavendano/pynq-copter/pynqcopter/bmeMultibyteOg/design.xdc:96]
CRITICAL WARNING: [Common 17-55] 'set_property' expects at least one object. [/home/iavendano/pynq-copter/pynqcopter/bmeMultibyteOg/design.xdc:96]
Resolution: If [get_<value>] was used to populate the object, check to make sure this command returns at least one valid object.
WARNING: [Vivado 12-584] No ports matched 'pmodJB_gpio_tri_io[5]'. [/home/iavendano/pynq-copter/pynqcopter/bmeMultibyteOg/design.xdc:97]
CRITICAL WARNING: [Common 17-55] 'set_property' expects at least one object. [/home/iavendano/pynq-copter/pynqcopter/bmeMultibyteOg/design.xdc:97]
Resolution: If [get_<value>] was used to populate the object, check to make sure this command returns at least one valid object.
WARNING: [Vivado 12-584] No ports matched 'pmodJB_gpio_tri_io[4]'. [/home/iavendano/pynq-copter/pynqcopter/bmeMultibyteOg/design.xdc:98]
CRITICAL WARNING: [Common 17-55] 'set_property' expects at least one object. [/home/iavendano/pynq-copter/pynqcopter/bmeMultibyteOg/design.xdc:98]
Resolution: If [get_<value>] was used to populate the object, check to make sure this command returns at least one valid object.
WARNING: [Vivado 12-584] No ports matched 'pmodJB_gpio_tri_io[7]'. [/home/iavendano/pynq-copter/pynqcopter/bmeMultibyteOg/design.xdc:99]
CRITICAL WARNING: [Common 17-55] 'set_property' expects at least one object. [/home/iavendano/pynq-copter/pynqcopter/bmeMultibyteOg/design.xdc:99]
Resolution: If [get_<value>] was used to populate the object, check to make sure this command returns at least one valid object.
WARNING: [Vivado 12-584] No ports matched 'pmodJB_gpio_tri_io[6]'. [/home/iavendano/pynq-copter/pynqcopter/bmeMultibyteOg/design.xdc:100]
CRITICAL WARNING: [Common 17-55] 'set_property' expects at least one object. [/home/iavendano/pynq-copter/pynqcopter/bmeMultibyteOg/design.xdc:100]
Resolution: If [get_<value>] was used to populate the object, check to make sure this command returns at least one valid object.
WARNING: [Vivado 12-584] No ports matched 'pmodJB_gpio_tri_io[2]'. [/home/iavendano/pynq-copter/pynqcopter/bmeMultibyteOg/design.xdc:101]
CRITICAL WARNING: [Common 17-55] 'set_property' expects at least one object. [/home/iavendano/pynq-copter/pynqcopter/bmeMultibyteOg/design.xdc:101]
Resolution: If [get_<value>] was used to populate the object, check to make sure this command returns at least one valid object.
WARNING: [Vivado 12-584] No ports matched 'pmodJB_gpio_tri_io[3]'. [/home/iavendano/pynq-copter/pynqcopter/bmeMultibyteOg/design.xdc:102]
CRITICAL WARNING: [Common 17-55] 'set_property' expects at least one object. [/home/iavendano/pynq-copter/pynqcopter/bmeMultibyteOg/design.xdc:102]
Resolution: If [get_<value>] was used to populate the object, check to make sure this command returns at least one valid object.
WARNING: [Vivado 12-584] No ports matched 'pmodJB_gpio_tri_io[6]'. [/home/iavendano/pynq-copter/pynqcopter/bmeMultibyteOg/design.xdc:103]
CRITICAL WARNING: [Common 17-55] 'set_property' expects at least one object. [/home/iavendano/pynq-copter/pynqcopter/bmeMultibyteOg/design.xdc:103]
Resolution: If [get_<value>] was used to populate the object, check to make sure this command returns at least one valid object.
WARNING: [Vivado 12-584] No ports matched 'pmodJB_gpio_tri_io[7]'. [/home/iavendano/pynq-copter/pynqcopter/bmeMultibyteOg/design.xdc:104]
CRITICAL WARNING: [Common 17-55] 'set_property' expects at least one object. [/home/iavendano/pynq-copter/pynqcopter/bmeMultibyteOg/design.xdc:104]
Resolution: If [get_<value>] was used to populate the object, check to make sure this command returns at least one valid object.
Finished Parsing XDC File [/home/iavendano/pynq-copter/pynqcopter/bmeMultibyteOg/design.xdc]
INFO: [Opt 31-138] Pushed 0 inverter(s) to 0 load pin(s).
INFO: [Project 1-111] Unisim Transformation Summary:
  A total of 2 instances were transformed.
  IOBUF => IOBUF (IBUF, OBUFT): 2 instances

18 Infos, 45 Warnings, 45 Critical Warnings and 0 Errors encountered.
link_design completed successfully
link_design: Time (s): cpu = 00:00:17 ; elapsed = 00:00:44 . Memory (MB): peak = 1561.488 ; gain = 386.535 ; free physical = 60363 ; free virtual = 449684
Command: opt_design
Attempting to get a license for feature 'Implementation' and/or device 'xc7z020'
INFO: [Common 17-349] Got license for feature 'Implementation' and/or device 'xc7z020'
Running DRC as a precondition to command opt_design

Starting DRC Task
INFO: [DRC 23-27] Running DRC with 8 threads
INFO: [Project 1-461] DRC finished with 0 Errors
INFO: [Project 1-462] Please refer to the DRC report (report_drc) for more information.

Time (s): cpu = 00:00:02 ; elapsed = 00:00:02 . Memory (MB): peak = 1633.512 ; gain = 72.023 ; free physical = 60664 ; free virtual = 449985
INFO: [Timing 38-35] Done setting XDC timing constraints.

Starting Logic Optimization Task

Phase 1 Retarget
INFO: [Opt 31-138] Pushed 0 inverter(s) to 0 load pin(s).
INFO: [Opt 31-49] Retargeted 0 cell(s).
Phase 1 Retarget | Checksum: 1d1911407

Time (s): cpu = 00:00:00.82 ; elapsed = 00:00:00.45 . Memory (MB): peak = 2101.004 ; gain = 0.000 ; free physical = 60595 ; free virtual = 449916
INFO: [Opt 31-389] Phase Retarget created 61 cells and removed 101 cells

Phase 2 Constant propagation
INFO: [Opt 31-138] Pushed 0 inverter(s) to 0 load pin(s).
Phase 2 Constant propagation | Checksum: 1a58ee298

Time (s): cpu = 00:00:01 ; elapsed = 00:00:00.67 . Memory (MB): peak = 2101.004 ; gain = 0.000 ; free physical = 60681 ; free virtual = 450002
INFO: [Opt 31-389] Phase Constant propagation created 92 cells and removed 256 cells

Phase 3 Sweep
Phase 3 Sweep | Checksum: 24884141d

Time (s): cpu = 00:00:02 ; elapsed = 00:00:01 . Memory (MB): peak = 2101.004 ; gain = 0.000 ; free physical = 60652 ; free virtual = 449973
INFO: [Opt 31-389] Phase Sweep created 0 cells and removed 405 cells

Phase 4 BUFG optimization
Phase 4 BUFG optimization | Checksum: 24884141d

Time (s): cpu = 00:00:02 ; elapsed = 00:00:01 . Memory (MB): peak = 2101.004 ; gain = 0.000 ; free physical = 60694 ; free virtual = 450015
INFO: [Opt 31-389] Phase BUFG optimization created 0 cells and removed 0 cells

Phase 5 Shift Register Optimization
Phase 5 Shift Register Optimization | Checksum: 24884141d

Time (s): cpu = 00:00:02 ; elapsed = 00:00:02 . Memory (MB): peak = 2101.004 ; gain = 0.000 ; free physical = 60751 ; free virtual = 450072
INFO: [Opt 31-389] Phase Shift Register Optimization created 0 cells and removed 0 cells

Starting Connectivity Check Task

Time (s): cpu = 00:00:00.02 ; elapsed = 00:00:00.02 . Memory (MB): peak = 2101.004 ; gain = 0.000 ; free physical = 60679 ; free virtual = 450000
Ending Logic Optimization Task | Checksum: 2184debaa

Time (s): cpu = 00:00:02 ; elapsed = 00:00:02 . Memory (MB): peak = 2101.004 ; gain = 0.000 ; free physical = 60672 ; free virtual = 449993

Starting Power Optimization Task
INFO: [Pwropt 34-132] Skipping clock gating for clocks with a period < 2.00 ns.
INFO: [Pwropt 34-9] Applying IDT optimizations ...
INFO: [Pwropt 34-10] Applying ODC optimizations ...
INFO: [Timing 38-35] Done setting XDC timing constraints.
INFO: [Physopt 32-619] Estimated Timing Summary | WNS=2.571 | TNS=0.000 |
Running Vector-less Activity Propagation...

Finished Running Vector-less Activity Propagation


Starting PowerOpt Patch Enables Task
INFO: [Pwropt 34-162] WRITE_MODE attribute of 0 BRAM(s) out of a total of 2 has been updated to save power. Run report_power_opt to get a complete listing of the BRAMs updated.
INFO: [Pwropt 34-201] Structural ODC has moved 0 WE to EN ports
Number of BRAM Ports augmented: 0 newly gated: 0 Total Ports: 4
Ending PowerOpt Patch Enables Task | Checksum: bde45a53

Time (s): cpu = 00:00:00.05 ; elapsed = 00:00:00.04 . Memory (MB): peak = 2452.305 ; gain = 0.000 ; free physical = 60660 ; free virtual = 449981
Ending Power Optimization Task | Checksum: bde45a53

Time (s): cpu = 00:00:05 ; elapsed = 00:00:03 . Memory (MB): peak = 2452.305 ; gain = 351.301 ; free physical = 60667 ; free virtual = 449988
INFO: [Common 17-83] Releasing license: Implementation
39 Infos, 45 Warnings, 45 Critical Warnings and 0 Errors encountered.
opt_design completed successfully
opt_design: Time (s): cpu = 00:00:23 ; elapsed = 00:00:40 . Memory (MB): peak = 2452.305 ; gain = 890.816 ; free physical = 60667 ; free virtual = 449988
Writing placer database...
Writing XDEF routing.
Writing XDEF routing logical nets.
Writing XDEF routing special nets.
Write XDEF Complete: Time (s): cpu = 00:00:00.09 ; elapsed = 00:00:00.04 . Memory (MB): peak = 2452.305 ; gain = 0.000 ; free physical = 60654 ; free virtual = 449977
INFO: [Common 17-1381] The checkpoint '/home/iavendano/pynq-copter/pynqcopter/bmeMultibyteOg/bmeMultibyteOg/bmeMultibyteOg.runs/impl_1/bmeMultibyteOg_wrapper_opt.dcp' has been generated.
INFO: [runtcl-4] Executing : report_drc -file bmeMultibyteOg_wrapper_drc_opted.rpt -pb bmeMultibyteOg_wrapper_drc_opted.pb -rpx bmeMultibyteOg_wrapper_drc_opted.rpx
Command: report_drc -file bmeMultibyteOg_wrapper_drc_opted.rpt -pb bmeMultibyteOg_wrapper_drc_opted.pb -rpx bmeMultibyteOg_wrapper_drc_opted.rpx
INFO: [IP_Flow 19-1839] IP Catalog is up to date.
INFO: [DRC 23-27] Running DRC with 8 threads
INFO: [Coretcl 2-168] The results of DRC are in file /home/iavendano/pynq-copter/pynqcopter/bmeMultibyteOg/bmeMultibyteOg/bmeMultibyteOg.runs/impl_1/bmeMultibyteOg_wrapper_drc_opted.rpt.
report_drc completed successfully
INFO: [Chipscope 16-241] No debug cores found in the current design.
Before running the implement_debug_core command, either use the Set Up Debug wizard (GUI mode)
or use the create_debug_core and connect_debug_core Tcl commands to insert debug cores into the design.
Command: place_design
Attempting to get a license for feature 'Implementation' and/or device 'xc7z020'
INFO: [Common 17-349] Got license for feature 'Implementation' and/or device 'xc7z020'
INFO: [DRC 23-27] Running DRC with 8 threads
INFO: [Vivado_Tcl 4-198] DRC finished with 0 Errors
INFO: [Vivado_Tcl 4-199] Please refer to the DRC report (report_drc) for more information.
Running DRC as a precondition to command place_design
INFO: [DRC 23-27] Running DRC with 8 threads
INFO: [Vivado_Tcl 4-198] DRC finished with 0 Errors
INFO: [Vivado_Tcl 4-199] Please refer to the DRC report (report_drc) for more information.

Starting Placer Task
INFO: [Place 30-611] Multithreading enabled for place_design using a maximum of 8 CPUs

Phase 1 Placer Initialization

Phase 1.1 Placer Initialization Netlist Sorting
Netlist sorting complete. Time (s): cpu = 00:00:00.02 ; elapsed = 00:00:00.02 . Memory (MB): peak = 2452.305 ; gain = 0.000 ; free physical = 60540 ; free virtual = 449863
Phase 1.1 Placer Initialization Netlist Sorting | Checksum: b34a5fb8

Time (s): cpu = 00:00:00.06 ; elapsed = 00:00:00.07 . Memory (MB): peak = 2452.305 ; gain = 0.000 ; free physical = 60597 ; free virtual = 449920
INFO: [Timing 38-35] Done setting XDC timing constraints.
INFO: [Opt 31-138] Pushed 0 inverter(s) to 0 load pin(s).
Netlist sorting complete. Time (s): cpu = 00:00:00.01 ; elapsed = 00:00:00 . Memory (MB): peak = 2452.305 ; gain = 0.000 ; free physical = 60651 ; free virtual = 449974

Phase 1.2 IO Placement/ Clock Placement/ Build Placer Device
INFO: [Timing 38-35] Done setting XDC timing constraints.
Phase 1.2 IO Placement/ Clock Placement/ Build Placer Device | Checksum: 92d63e22

Time (s): cpu = 00:00:04 ; elapsed = 00:00:03 . Memory (MB): peak = 2452.305 ; gain = 0.000 ; free physical = 60165 ; free virtual = 449488

Phase 1.3 Build Placer Netlist Model
Phase 1.3 Build Placer Netlist Model | Checksum: 11ed2e718

Time (s): cpu = 00:00:06 ; elapsed = 00:00:04 . Memory (MB): peak = 2452.305 ; gain = 0.000 ; free physical = 60051 ; free virtual = 449374

Phase 1.4 Constrain Clocks/Macros
Phase 1.4 Constrain Clocks/Macros | Checksum: 11ed2e718

Time (s): cpu = 00:00:06 ; elapsed = 00:00:04 . Memory (MB): peak = 2452.305 ; gain = 0.000 ; free physical = 60073 ; free virtual = 449396
Phase 1 Placer Initialization | Checksum: 11ed2e718

Time (s): cpu = 00:00:06 ; elapsed = 00:00:04 . Memory (MB): peak = 2452.305 ; gain = 0.000 ; free physical = 60073 ; free virtual = 449396

Phase 2 Global Placement
Phase 2 Global Placement | Checksum: 1a4365ded

Time (s): cpu = 00:00:29 ; elapsed = 00:00:10 . Memory (MB): peak = 2452.387 ; gain = 0.082 ; free physical = 59877 ; free virtual = 449200

Phase 3 Detail Placement

Phase 3.1 Commit Multi Column Macros
Phase 3.1 Commit Multi Column Macros | Checksum: 1a4365ded

Time (s): cpu = 00:00:29 ; elapsed = 00:00:10 . Memory (MB): peak = 2452.387 ; gain = 0.082 ; free physical = 59870 ; free virtual = 449193

Phase 3.2 Commit Most Macros & LUTRAMs
Phase 3.2 Commit Most Macros & LUTRAMs | Checksum: 87413dd8

Time (s): cpu = 00:00:31 ; elapsed = 00:00:11 . Memory (MB): peak = 2452.387 ; gain = 0.082 ; free physical = 59814 ; free virtual = 449136

Phase 3.3 Area Swap Optimization
Phase 3.3 Area Swap Optimization | Checksum: 11082c4d9

Time (s): cpu = 00:00:31 ; elapsed = 00:00:11 . Memory (MB): peak = 2452.387 ; gain = 0.082 ; free physical = 59802 ; free virtual = 449124

Phase 3.4 Pipeline Register Optimization
Phase 3.4 Pipeline Register Optimization | Checksum: 9f154adb

Time (s): cpu = 00:00:31 ; elapsed = 00:00:11 . Memory (MB): peak = 2452.387 ; gain = 0.082 ; free physical = 59791 ; free virtual = 449114

Phase 3.5 Small Shape Detail Placement
Phase 3.5 Small Shape Detail Placement | Checksum: 1171fbff4

Time (s): cpu = 00:00:34 ; elapsed = 00:00:13 . Memory (MB): peak = 2452.387 ; gain = 0.082 ; free physical = 59936 ; free virtual = 449258

Phase 3.6 Re-assign LUT pins
Phase 3.6 Re-assign LUT pins | Checksum: 1222cc5c8

Time (s): cpu = 00:00:34 ; elapsed = 00:00:13 . Memory (MB): peak = 2452.387 ; gain = 0.082 ; free physical = 59979 ; free virtual = 449302

Phase 3.7 Pipeline Register Optimization
Phase 3.7 Pipeline Register Optimization | Checksum: 1222cc5c8

Time (s): cpu = 00:00:34 ; elapsed = 00:00:13 . Memory (MB): peak = 2452.387 ; gain = 0.082 ; free physical = 59976 ; free virtual = 449298
Phase 3 Detail Placement | Checksum: 1222cc5c8

Time (s): cpu = 00:00:34 ; elapsed = 00:00:13 . Memory (MB): peak = 2452.387 ; gain = 0.082 ; free physical = 59971 ; free virtual = 449293

Phase 4 Post Placement Optimization and Clean-Up

Phase 4.1 Post Commit Optimization
INFO: [Timing 38-35] Done setting XDC timing constraints.

Phase 4.1.1 Post Placement Optimization
Post Placement Optimization Initialization | Checksum: 15e783144

Phase 4.1.1.1 BUFG Insertion
INFO: [Physopt 32-721] Multithreading enabled for phys_opt_design using a maximum of 8 CPUs
INFO: [Place 46-31] BUFG insertion identified 0 candidate nets, 0 success, 0 skipped for placement/routing, 0 skipped for timing, 0 skipped for netlist change reason.
Phase 4.1.1.1 BUFG Insertion | Checksum: 15e783144

Time (s): cpu = 00:00:36 ; elapsed = 00:00:14 . Memory (MB): peak = 2452.387 ; gain = 0.082 ; free physical = 59892 ; free virtual = 449215
INFO: [Place 30-746] Post Placement Timing Summary WNS=1.138. For the most accurate timing information please run report_timing.
Phase 4.1.1 Post Placement Optimization | Checksum: 15b9e833d

Time (s): cpu = 00:00:36 ; elapsed = 00:00:14 . Memory (MB): peak = 2452.387 ; gain = 0.082 ; free physical = 59892 ; free virtual = 449215
Phase 4.1 Post Commit Optimization | Checksum: 15b9e833d

Time (s): cpu = 00:00:36 ; elapsed = 00:00:14 . Memory (MB): peak = 2452.387 ; gain = 0.082 ; free physical = 59892 ; free virtual = 449215

Phase 4.2 Post Placement Cleanup
Phase 4.2 Post Placement Cleanup | Checksum: 15b9e833d

Time (s): cpu = 00:00:36 ; elapsed = 00:00:14 . Memory (MB): peak = 2452.387 ; gain = 0.082 ; free physical = 59892 ; free virtual = 449215

Phase 4.3 Placer Reporting
Phase 4.3 Placer Reporting | Checksum: 15b9e833d

Time (s): cpu = 00:00:36 ; elapsed = 00:00:14 . Memory (MB): peak = 2452.387 ; gain = 0.082 ; free physical = 59892 ; free virtual = 449215

Phase 4.4 Final Placement Cleanup
Phase 4.4 Final Placement Cleanup | Checksum: 1b96967de

Time (s): cpu = 00:00:37 ; elapsed = 00:00:15 . Memory (MB): peak = 2452.387 ; gain = 0.082 ; free physical = 59951 ; free virtual = 449274
Phase 4 Post Placement Optimization and Clean-Up | Checksum: 1b96967de

Time (s): cpu = 00:00:37 ; elapsed = 00:00:15 . Memory (MB): peak = 2452.387 ; gain = 0.082 ; free physical = 59951 ; free virtual = 449274
Ending Placer Task | Checksum: 15de5fd0f

Time (s): cpu = 00:00:37 ; elapsed = 00:00:15 . Memory (MB): peak = 2452.387 ; gain = 0.082 ; free physical = 59967 ; free virtual = 449290
INFO: [Common 17-83] Releasing license: Implementation
61 Infos, 45 Warnings, 45 Critical Warnings and 0 Errors encountered.
place_design completed successfully
place_design: Time (s): cpu = 00:00:40 ; elapsed = 00:00:18 . Memory (MB): peak = 2452.387 ; gain = 0.082 ; free physical = 59967 ; free virtual = 449290
Writing placer database...
Writing XDEF routing.
Writing XDEF routing logical nets.
Writing XDEF routing special nets.
Write XDEF Complete: Time (s): cpu = 00:00:00.91 ; elapsed = 00:00:00.33 . Memory (MB): peak = 2452.387 ; gain = 0.000 ; free physical = 59958 ; free virtual = 449287
INFO: [Common 17-1381] The checkpoint '/home/iavendano/pynq-copter/pynqcopter/bmeMultibyteOg/bmeMultibyteOg/bmeMultibyteOg.runs/impl_1/bmeMultibyteOg_wrapper_placed.dcp' has been generated.
INFO: [runtcl-4] Executing : report_io -file bmeMultibyteOg_wrapper_io_placed.rpt
report_io: Time (s): cpu = 00:00:00.21 ; elapsed = 00:00:00.29 . Memory (MB): peak = 2452.387 ; gain = 0.000 ; free physical = 59954 ; free virtual = 449279
INFO: [runtcl-4] Executing : report_utilization -file bmeMultibyteOg_wrapper_utilization_placed.rpt -pb bmeMultibyteOg_wrapper_utilization_placed.pb
report_utilization: Time (s): cpu = 00:00:00.19 ; elapsed = 00:00:00.25 . Memory (MB): peak = 2452.387 ; gain = 0.000 ; free physical = 59965 ; free virtual = 449290
INFO: [runtcl-4] Executing : report_control_sets -verbose -file bmeMultibyteOg_wrapper_control_sets_placed.rpt
report_control_sets: Time (s): cpu = 00:00:00.09 ; elapsed = 00:00:00.17 . Memory (MB): peak = 2452.387 ; gain = 0.000 ; free physical = 60066 ; free virtual = 449391
Command: route_design
Attempting to get a license for feature 'Implementation' and/or device 'xc7z020'
INFO: [Common 17-349] Got license for feature 'Implementation' and/or device 'xc7z020'
Running DRC as a precondition to command route_design
INFO: [DRC 23-27] Running DRC with 8 threads
INFO: [Vivado_Tcl 4-198] DRC finished with 0 Errors
INFO: [Vivado_Tcl 4-199] Please refer to the DRC report (report_drc) for more information.


Starting Routing Task
INFO: [Route 35-254] Multithreading enabled for route_design using a maximum of 8 CPUs
Checksum: PlaceDB: 8f1dd7a5 ConstDB: 0 ShapeSum: cec8256a RouteDB: 0

Phase 1 Build RT Design
Phase 1 Build RT Design | Checksum: 94930f6e

Time (s): cpu = 00:00:26 ; elapsed = 00:00:21 . Memory (MB): peak = 2452.387 ; gain = 0.000 ; free physical = 60412 ; free virtual = 449737
Post Restoration Checksum: NetGraph: 7fdaf35e NumContArr: 14b81c10 Constraints: 0 Timing: 0

Phase 2 Router Initialization

Phase 2.1 Create Timer
Phase 2.1 Create Timer | Checksum: 94930f6e

Time (s): cpu = 00:00:26 ; elapsed = 00:00:21 . Memory (MB): peak = 2452.387 ; gain = 0.000 ; free physical = 60412 ; free virtual = 449737

Phase 2.2 Fix Topology Constraints
Phase 2.2 Fix Topology Constraints | Checksum: 94930f6e

Time (s): cpu = 00:00:27 ; elapsed = 00:00:21 . Memory (MB): peak = 2452.387 ; gain = 0.000 ; free physical = 60382 ; free virtual = 449707

Phase 2.3 Pre Route Cleanup
Phase 2.3 Pre Route Cleanup | Checksum: 94930f6e

Time (s): cpu = 00:00:27 ; elapsed = 00:00:21 . Memory (MB): peak = 2452.387 ; gain = 0.000 ; free physical = 60382 ; free virtual = 449707
 Number of Nodes with overlaps = 0

Phase 2.4 Update Timing
Phase 2.4 Update Timing | Checksum: f4e14768

Time (s): cpu = 00:00:30 ; elapsed = 00:00:23 . Memory (MB): peak = 2452.387 ; gain = 0.000 ; free physical = 60474 ; free virtual = 449799
INFO: [Route 35-416] Intermediate Timing Summary | WNS=1.382  | TNS=0.000  | WHS=-0.175 | THS=-60.065|

Phase 2 Router Initialization | Checksum: 103d09afc

Time (s): cpu = 00:00:31 ; elapsed = 00:00:23 . Memory (MB): peak = 2452.387 ; gain = 0.000 ; free physical = 60460 ; free virtual = 449785

Phase 3 Initial Routing
Phase 3 Initial Routing | Checksum: 1eed36819

Time (s): cpu = 00:00:33 ; elapsed = 00:00:24 . Memory (MB): peak = 2452.387 ; gain = 0.000 ; free physical = 60433 ; free virtual = 449758

Phase 4 Rip-up And Reroute

Phase 4.1 Global Iteration 0
 Number of Nodes with overlaps = 400
 Number of Nodes with overlaps = 14
 Number of Nodes with overlaps = 1
 Number of Nodes with overlaps = 0
INFO: [Route 35-416] Intermediate Timing Summary | WNS=1.499  | TNS=0.000  | WHS=N/A    | THS=N/A    |

Phase 4.1 Global Iteration 0 | Checksum: fe6e16d8

Time (s): cpu = 00:00:40 ; elapsed = 00:00:25 . Memory (MB): peak = 2452.387 ; gain = 0.000 ; free physical = 60504 ; free virtual = 449829

Phase 4.2 Global Iteration 1
 Number of Nodes with overlaps = 2
 Number of Nodes with overlaps = 0
INFO: [Route 35-416] Intermediate Timing Summary | WNS=1.499  | TNS=0.000  | WHS=N/A    | THS=N/A    |

Phase 4.2 Global Iteration 1 | Checksum: 196087c52

Time (s): cpu = 00:00:40 ; elapsed = 00:00:25 . Memory (MB): peak = 2452.387 ; gain = 0.000 ; free physical = 60474 ; free virtual = 449799
Phase 4 Rip-up And Reroute | Checksum: 196087c52

Time (s): cpu = 00:00:40 ; elapsed = 00:00:25 . Memory (MB): peak = 2452.387 ; gain = 0.000 ; free physical = 60474 ; free virtual = 449799

Phase 5 Delay and Skew Optimization

Phase 5.1 Delay CleanUp
Phase 5.1 Delay CleanUp | Checksum: 196087c52

Time (s): cpu = 00:00:40 ; elapsed = 00:00:25 . Memory (MB): peak = 2452.387 ; gain = 0.000 ; free physical = 60474 ; free virtual = 449799

Phase 5.2 Clock Skew Optimization
Phase 5.2 Clock Skew Optimization | Checksum: 196087c52

Time (s): cpu = 00:00:40 ; elapsed = 00:00:25 . Memory (MB): peak = 2452.387 ; gain = 0.000 ; free physical = 60474 ; free virtual = 449799
Phase 5 Delay and Skew Optimization | Checksum: 196087c52

Time (s): cpu = 00:00:40 ; elapsed = 00:00:25 . Memory (MB): peak = 2452.387 ; gain = 0.000 ; free physical = 60474 ; free virtual = 449799

Phase 6 Post Hold Fix

Phase 6.1 Hold Fix Iter

Phase 6.1.1 Update Timing
Phase 6.1.1 Update Timing | Checksum: 1c03b2dc8

Time (s): cpu = 00:00:41 ; elapsed = 00:00:25 . Memory (MB): peak = 2452.387 ; gain = 0.000 ; free physical = 60441 ; free virtual = 449766
INFO: [Route 35-416] Intermediate Timing Summary | WNS=1.513  | TNS=0.000  | WHS=0.029  | THS=0.000  |

Phase 6.1 Hold Fix Iter | Checksum: 1bd21e695

Time (s): cpu = 00:00:41 ; elapsed = 00:00:25 . Memory (MB): peak = 2452.387 ; gain = 0.000 ; free physical = 60431 ; free virtual = 449756
Phase 6 Post Hold Fix | Checksum: 1bd21e695

Time (s): cpu = 00:00:41 ; elapsed = 00:00:25 . Memory (MB): peak = 2452.387 ; gain = 0.000 ; free physical = 60431 ; free virtual = 449756

Phase 7 Route finalize

Router Utilization Summary
  Global Vertical Routing Utilization    = 0.615201 %
  Global Horizontal Routing Utilization  = 0.756085 %
  Routable Net Status*
  *Does not include unroutable nets such as driverless and loadless.
  Run report_route_status for detailed report.
  Number of Failed Nets               = 0
  Number of Unrouted Nets             = 0
  Number of Partially Routed Nets     = 0
  Number of Node Overlaps             = 0

Phase 7 Route finalize | Checksum: 1568beb70

Time (s): cpu = 00:00:41 ; elapsed = 00:00:25 . Memory (MB): peak = 2452.387 ; gain = 0.000 ; free physical = 60430 ; free virtual = 449755

Phase 8 Verifying routed nets

 Verification completed successfully
Phase 8 Verifying routed nets | Checksum: 1568beb70

Time (s): cpu = 00:00:41 ; elapsed = 00:00:25 . Memory (MB): peak = 2452.387 ; gain = 0.000 ; free physical = 60428 ; free virtual = 449753

Phase 9 Depositing Routes
Phase 9 Depositing Routes | Checksum: 21a110d3b

Time (s): cpu = 00:00:42 ; elapsed = 00:00:26 . Memory (MB): peak = 2452.387 ; gain = 0.000 ; free physical = 60413 ; free virtual = 449738

Phase 10 Post Router Timing
INFO: [Route 35-57] Estimated Timing Summary | WNS=1.513  | TNS=0.000  | WHS=0.029  | THS=0.000  |

INFO: [Route 35-327] The final timing numbers are based on the router estimated timing analysis. For a complete and accurate timing signoff, please run report_timing_summary.
Phase 10 Post Router Timing | Checksum: 21a110d3b

Time (s): cpu = 00:00:42 ; elapsed = 00:00:26 . Memory (MB): peak = 2452.387 ; gain = 0.000 ; free physical = 60410 ; free virtual = 449735
INFO: [Route 35-16] Router Completed Successfully

Time (s): cpu = 00:00:42 ; elapsed = 00:00:26 . Memory (MB): peak = 2452.387 ; gain = 0.000 ; free physical = 60461 ; free virtual = 449786

Routing Is Done.
INFO: [Common 17-83] Releasing license: Implementation
78 Infos, 45 Warnings, 45 Critical Warnings and 0 Errors encountered.
route_design completed successfully
route_design: Time (s): cpu = 00:00:46 ; elapsed = 00:00:30 . Memory (MB): peak = 2452.387 ; gain = 0.000 ; free physical = 60461 ; free virtual = 449786
Writing placer database...
Writing XDEF routing.
Writing XDEF routing logical nets.
Writing XDEF routing special nets.
Write XDEF Complete: Time (s): cpu = 00:00:00.90 ; elapsed = 00:00:00.33 . Memory (MB): peak = 2452.387 ; gain = 0.000 ; free physical = 60452 ; free virtual = 449786
INFO: [Common 17-1381] The checkpoint '/home/iavendano/pynq-copter/pynqcopter/bmeMultibyteOg/bmeMultibyteOg/bmeMultibyteOg.runs/impl_1/bmeMultibyteOg_wrapper_routed.dcp' has been generated.
INFO: [runtcl-4] Executing : report_drc -file bmeMultibyteOg_wrapper_drc_routed.rpt -pb bmeMultibyteOg_wrapper_drc_routed.pb -rpx bmeMultibyteOg_wrapper_drc_routed.rpx
Command: report_drc -file bmeMultibyteOg_wrapper_drc_routed.rpt -pb bmeMultibyteOg_wrapper_drc_routed.pb -rpx bmeMultibyteOg_wrapper_drc_routed.rpx
INFO: [IP_Flow 19-1839] IP Catalog is up to date.
INFO: [DRC 23-27] Running DRC with 8 threads
INFO: [Coretcl 2-168] The results of DRC are in file /home/iavendano/pynq-copter/pynqcopter/bmeMultibyteOg/bmeMultibyteOg/bmeMultibyteOg.runs/impl_1/bmeMultibyteOg_wrapper_drc_routed.rpt.
report_drc completed successfully
INFO: [runtcl-4] Executing : report_methodology -file bmeMultibyteOg_wrapper_methodology_drc_routed.rpt -pb bmeMultibyteOg_wrapper_methodology_drc_routed.pb -rpx bmeMultibyteOg_wrapper_methodology_drc_routed.rpx
Command: report_methodology -file bmeMultibyteOg_wrapper_methodology_drc_routed.rpt -pb bmeMultibyteOg_wrapper_methodology_drc_routed.pb -rpx bmeMultibyteOg_wrapper_methodology_drc_routed.rpx
INFO: [Timing 38-35] Done setting XDC timing constraints.
INFO: [Timing 38-35] Done setting XDC timing constraints.
INFO: [DRC 23-133] Running Methodology with 8 threads
INFO: [Coretcl 2-1520] The results of Report Methodology are in file /home/iavendano/pynq-copter/pynqcopter/bmeMultibyteOg/bmeMultibyteOg/bmeMultibyteOg.runs/impl_1/bmeMultibyteOg_wrapper_methodology_drc_routed.rpt.
report_methodology completed successfully
INFO: [runtcl-4] Executing : report_power -file bmeMultibyteOg_wrapper_power_routed.rpt -pb bmeMultibyteOg_wrapper_power_summary_routed.pb -rpx bmeMultibyteOg_wrapper_power_routed.rpx
Command: report_power -file bmeMultibyteOg_wrapper_power_routed.rpt -pb bmeMultibyteOg_wrapper_power_summary_routed.pb -rpx bmeMultibyteOg_wrapper_power_routed.rpx
INFO: [Timing 38-35] Done setting XDC timing constraints.
Running Vector-less Activity Propagation...

Finished Running Vector-less Activity Propagation
90 Infos, 45 Warnings, 45 Critical Warnings and 0 Errors encountered.
report_power completed successfully
INFO: [runtcl-4] Executing : report_route_status -file bmeMultibyteOg_wrapper_route_status.rpt -pb bmeMultibyteOg_wrapper_route_status.pb
INFO: [runtcl-4] Executing : report_timing_summary -max_paths 10 -file bmeMultibyteOg_wrapper_timing_summary_routed.rpt -rpx bmeMultibyteOg_wrapper_timing_summary_routed.rpx -warn_on_violation 
INFO: [Timing 38-91] UpdateTimingParams: Speed grade: -1, Delay Type: min_max.
INFO: [Timing 38-191] Multithreading enabled for timing update using a maximum of 8 CPUs
INFO: [runtcl-4] Executing : report_incremental_reuse -file bmeMultibyteOg_wrapper_incremental_reuse_routed.rpt
INFO: [Vivado_Tcl 4-545] No incremental reuse to report, no incremental placement and routing data was found.
INFO: [runtcl-4] Executing : report_clock_utilization -file bmeMultibyteOg_wrapper_clock_utilization_routed.rpt
Command: write_bitstream -force bmeMultibyteOg_wrapper.bit
Attempting to get a license for feature 'Implementation' and/or device 'xc7z020'
INFO: [Common 17-349] Got license for feature 'Implementation' and/or device 'xc7z020'
Running DRC as a precondition to command write_bitstream
INFO: [IP_Flow 19-1839] IP Catalog is up to date.
INFO: [DRC 23-27] Running DRC with 8 threads
INFO: [Vivado 12-3199] DRC finished with 0 Errors
INFO: [Vivado 12-3200] Please refer to the DRC report (report_drc) for more information.
INFO: [Project 1-821] Please set project.enableDesignId to be 'true'.
INFO: [Designutils 20-2272] Running write_bitstream with 8 threads.
Loading data files...
Loading site data...
Loading route data...
Processing options...
Creating bitmap...
Creating bitstream...
Writing bitstream ./bmeMultibyteOg_wrapper.bit...
INFO: [Vivado 12-1842] Bitgen Completed Successfully.
INFO: [Project 1-118] WebTalk data collection is enabled (User setting is ON. Install Setting is ON.).
INFO: [Common 17-186] '/home/iavendano/pynq-copter/pynqcopter/bmeMultibyteOg/bmeMultibyteOg/bmeMultibyteOg.runs/impl_1/usage_statistics_webtalk.xml' has been successfully sent to Xilinx on Sun Aug 19 23:00:04 2018. For additional details about this file, please refer to the WebTalk help file at /data/opt/Xilinx/Vivado/2017.4/doc/webtalk_introduction.html.
INFO: [Common 17-83] Releasing license: Implementation
108 Infos, 45 Warnings, 45 Critical Warnings and 0 Errors encountered.
write_bitstream completed successfully
write_bitstream: Time (s): cpu = 00:00:20 ; elapsed = 00:02:25 . Memory (MB): peak = 2710.672 ; gain = 250.258 ; free physical = 60400 ; free virtual = 449735
INFO: [Common 17-206] Exiting Vivado at Sun Aug 19 23:00:04 2018...
