==============================================================
File generated by Vivado(TM) HLS - High-Level Synthesis from C, C++ and SystemC
Version: 2017.4
Copyright (C) 1986-2017 Xilinx, Inc. All Rights Reserved.

==============================================================

INFO: [SYN 201-201] Setting up clock 'default' with a period of 4ns.
INFO: [HLS 200-10] Setting target device to 'xc7z020clg400-1'
INFO: [SIM 211-2] *************** CSIM start ***************
INFO: [SIM 211-4] CSIM will launch CLANG as the compiler.
INFO: [SIM 211-1] CSim done with 0 errors.
INFO: [SIM 211-3] *************** CSIM finish ***************
INFO: [HLS 200-10] Analyzing design file 'bmeDriver.cpp' ...
INFO: [HLS 200-10] Analyzing design file 'main.cpp' ...
INFO: [HLS 200-10] Validating synthesis directives ...
INFO: [HLS 200-111] Finished Checking Pragmas Time (s): cpu = 00:01:02 ; elapsed = 00:00:35 . Memory (MB): peak = 359.938 ; gain = 13.379 ; free physical = 13001 ; free virtual = 463344
INFO: [HLS 200-111] Finished Linking Time (s): cpu = 00:01:04 ; elapsed = 00:00:37 . Memory (MB): peak = 359.938 ; gain = 13.379 ; free physical = 12959 ; free virtual = 463301
INFO: [HLS 200-10] Starting code transformations ...
INFO: [XFORM 203-603] Inlining function 'delay_until_ms<50ull, 50000000ull>' into 'bmeDriver' (bmeDriver.cpp:115).
INFO: [XFORM 203-603] Inlining function 'delay_until_ms<10ull, 50000000ull>' into 'bmeDriver' (bmeDriver.cpp:146).
INFO: [XFORM 203-603] Inlining function 'delay_until_ms<10ull, 50000000ull>' into 'bmeDriver' (bmeDriver.cpp:133).
INFO: [XFORM 203-603] Inlining function 'ap_fixed_base<137, 84, false, (ap_q_mode)5, (ap_o_mode)3, 0>::operator<<' into 'generic_cast_IEEE754<unsigned int, (ap_q_mode)6, double>' (/wrk/2017.4/nightly/2017_12_15_2086221/src/products/hls/hls_lib/hlsmath/src/../include/internal/hls_round.h:330).
INFO: [XFORM 203-603] Inlining function 'ap_fixed_base<1, 33, false, (ap_q_mode)5, (ap_o_mode)0, 0>::overflow_adjust' into 'ap_fixed_base<1, 33, false, (ap_q_mode)5, (ap_o_mode)0, 0>::ap_fixed_base<137, 84, false, (ap_q_mode)5, (ap_o_mode)3, 0>' ().
INFO: [HLS 200-111] Finished Standard Transforms Time (s): cpu = 00:01:08 ; elapsed = 00:00:42 . Memory (MB): peak = 490.887 ; gain = 144.328 ; free physical = 12907 ; free virtual = 463249
INFO: [HLS 200-10] Checking synthesizability ...
INFO: [XFORM 203-602] Inlining function 'fp_struct<double>::mantissa' into 'generic_cast_IEEE754<unsigned int, (ap_q_mode)6, double>' (/wrk/2017.4/nightly/2017_12_15_2086221/src/products/hls/hls_lib/hlsmath/src/../include/internal/hls_round.h:327) automatically.
INFO: [XFORM 203-602] Inlining function 'fp_struct<double>::expv' into 'generic_cast_IEEE754<unsigned int, (ap_q_mode)6, double>' (/wrk/2017.4/nightly/2017_12_15_2086221/src/products/hls/hls_lib/hlsmath/src/../include/internal/hls_round.h:330) automatically.
INFO: [XFORM 203-602] Inlining function 'fp_struct<double>::__signbit' into 'generic_cast_IEEE754<unsigned int, (ap_q_mode)6, double>' (/wrk/2017.4/nightly/2017_12_15_2086221/src/products/hls/hls_lib/hlsmath/src/../include/internal/hls_round.h:350) automatically.
INFO: [XFORM 203-602] Inlining function 'generic_cast_IEEE754<unsigned int, (ap_q_mode)6, double>' into 'generic_cast_IEEE754<unsigned int, double>' (/wrk/2017.4/nightly/2017_12_15_2086221/src/products/hls/hls_lib/hlsmath/src/../include/internal/hls_round.h:368) automatically.
INFO: [XFORM 203-602] Inlining function 'generic_cast_IEEE754<unsigned int, double>' into '__hls_fptoui_double_i32' (/wrk/2017.4/nightly/2017_12_15_2086221/src/products/hls/hls_lib/hlsmath/src/lib_floatconversion.cpp:67) automatically.
INFO: [XFORM 203-602] Inlining function '__hls_fptoui_double_i32' into 'bmeDriver' (bmeDriver.cpp:201) automatically.
INFO: [HLS 200-111] Finished Checking Synthesizability Time (s): cpu = 00:01:10 ; elapsed = 00:00:43 . Memory (MB): peak = 490.887 ; gain = 144.328 ; free physical = 12866 ; free virtual = 463208
INFO: [XFORM 203-602] Inlining function 'fp_struct<double>::mantissa' into 'generic_cast_IEEE754<unsigned int, (ap_q_mode)6, double>' (/wrk/2017.4/nightly/2017_12_15_2086221/src/products/hls/hls_lib/hlsmath/src/../include/internal/hls_round.h:327) automatically.
INFO: [XFORM 203-602] Inlining function 'fp_struct<double>::expv' into 'generic_cast_IEEE754<unsigned int, (ap_q_mode)6, double>' (/wrk/2017.4/nightly/2017_12_15_2086221/src/products/hls/hls_lib/hlsmath/src/../include/internal/hls_round.h:330) automatically.
INFO: [XFORM 203-602] Inlining function 'generic_cast_IEEE754<unsigned int, (ap_q_mode)6, double>' into 'generic_cast_IEEE754<unsigned int, double>' (/wrk/2017.4/nightly/2017_12_15_2086221/src/products/hls/hls_lib/hlsmath/src/../include/internal/hls_round.h:368) automatically.
INFO: [XFORM 203-602] Inlining function 'generic_cast_IEEE754<unsigned int, double>' into '__hls_fptoui_double_i32' (/wrk/2017.4/nightly/2017_12_15_2086221/src/products/hls/hls_lib/hlsmath/src/lib_floatconversion.cpp:67) automatically.
INFO: [XFORM 203-602] Inlining function '__hls_fptoui_double_i32' into 'bmeDriver' (bmeDriver.cpp:201) automatically.
INFO: [HLS 200-111] Finished Pre-synthesis Time (s): cpu = 00:01:12 ; elapsed = 00:00:46 . Memory (MB): peak = 554.355 ; gain = 207.797 ; free physical = 12821 ; free virtual = 463163
INFO: [HLS 200-111] Finished Architecture Synthesis Time (s): cpu = 00:01:14 ; elapsed = 00:00:47 . Memory (MB): peak = 554.355 ; gain = 207.797 ; free physical = 12830 ; free virtual = 463172
INFO: [HLS 200-10] Starting hardware synthesis ...
INFO: [HLS 200-10] Synthesizing 'bmeDriver' ...
INFO: [HLS 200-10] ----------------------------------------------------------------
INFO: [HLS 200-42] -- Implementing module 'bmeDriver'
INFO: [HLS 200-10] ----------------------------------------------------------------
INFO: [SCHED 204-11] Starting scheduling ...
WARNING: [SCHED 204-21] Estimated delay (6.97ns) of 'mul' operation ('tmp_54', bmeDriver.cpp:195) exceeds the target cycle time (target cycle time: 4ns, clock uncertainty: 0.5ns, effective cycle time: 3.5ns).
WARNING: [SCHED 204-21] Estimated clock period (6.973ns) exceeds the target (target clock period: 4ns, clock uncertainty: 0.5ns, effective delay budget: 3.5ns).
WARNING: [SCHED 204-21] The critical path consists of the following:
	'phi' operation ('pressure') with incoming values : ('pressure', bmeDriver.cpp:193) ('pressure', bmeDriver.cpp:189) (0 ns)
	'mul' operation ('tmp_54', bmeDriver.cpp:195) (6.97 ns)
INFO: [SCHED 204-11] Finished scheduling.
INFO: [HLS 200-111]  Elapsed time: 48.95 seconds; current allocated memory: 173.855 MB.
INFO: [BIND 205-100] Starting micro-architecture generation ...
INFO: [BIND 205-101] Performing variable lifetime analysis.
INFO: [BIND 205-101] Exploring resource sharing.
INFO: [BIND 205-101] Binding ...
INFO: [BIND 205-100] Finished micro-architecture generation.
INFO: [HLS 200-111]  Elapsed time: 0.75 seconds; current allocated memory: 176.808 MB.
INFO: [HLS 200-10] ----------------------------------------------------------------
INFO: [HLS 200-10] -- Generating RTL for module 'bmeDriver'
INFO: [HLS 200-10] ----------------------------------------------------------------
INFO: [RTGEN 206-500] Setting interface mode on port 'bmeDriver/iic' to 'm_axi'.
INFO: [RTGEN 206-500] Setting interface mode on port 'bmeDriver/pressure_diff' to 's_axilite & ap_vld'.
INFO: [RTGEN 206-500] Setting interface mode on function 'bmeDriver' to 's_axilite & ap_ctrl_hs'.
WARNING: [RTGEN 206-101] Register 'count' is power-on initialization.
INFO: [SYN 201-210] Renamed object name 'bmeDriver_basepointData' to 'bmeDriver_basepoibkb' due to the length limit 20
WARNING: [RTGEN 206-101] Register 'basepointSum' is power-on initialization.
WARNING: [RTGEN 206-101] Register 'basepoint' is power-on initialization.
INFO: [RTGEN 206-100] Bundling port 'return' to AXI-Lite port AXILiteS.
INFO: [SYN 201-210] Renamed object name 'bmeDriver_sensorData' to 'bmeDriver_sensorDcud' due to the length limit 20
INFO: [SYN 201-210] Renamed object name 'bmeDriver_ddiv_64ns_64ns_64_59_1' to 'bmeDriver_ddiv_64dEe' due to the length limit 20
INFO: [SYN 201-210] Renamed object name 'bmeDriver_uitodp_32ns_64_8_1' to 'bmeDriver_uitodp_eOg' due to the length limit 20
INFO: [SYN 201-210] Renamed object name 'bmeDriver_mul_29s_29s_57_7_1' to 'bmeDriver_mul_29sfYi' due to the length limit 20
INFO: [SYN 201-210] Renamed object name 'bmeDriver_mul_7ns_45s_51_12_1' to 'bmeDriver_mul_7nsg8j' due to the length limit 20
INFO: [SYN 201-210] Renamed object name 'bmeDriver_mul_16ns_29ns_44_7_1' to 'bmeDriver_mul_16nhbi' due to the length limit 20
INFO: [SYN 201-210] Renamed object name 'bmeDriver_mul_52s_52s_64_6_1' to 'bmeDriver_mul_52sibs' due to the length limit 20
INFO: [SYN 201-210] Renamed object name 'bmeDriver_mul_18ns_45s_64_12_1' to 'bmeDriver_mul_18njbC' due to the length limit 20
INFO: [SYN 201-210] Renamed object name 'bmeDriver_mul_17ns_45s_64_12_1' to 'bmeDriver_mul_17nkbM' due to the length limit 20
INFO: [SYN 201-210] Renamed object name 'bmeDriver_mul_17ns_53s_64_6_1' to 'bmeDriver_mul_17nlbW' due to the length limit 20
INFO: [SYN 201-210] Renamed object name 'bmeDriver_mul_13ns_51s_63_6_1' to 'bmeDriver_mul_13nmb6' due to the length limit 20
INFO: [SYN 201-210] Renamed object name 'bmeDriver_add_64ns_64ns_64_2_1' to 'bmeDriver_add_64nncg' due to the length limit 20
INFO: [SYN 201-210] Renamed object name 'bmeDriver_mul_17ns_46s_62_12_1' to 'bmeDriver_mul_17nocq' due to the length limit 20
INFO: [SYN 201-210] Renamed object name 'bmeDriver_mul_13ns_52s_63_6_1' to 'bmeDriver_mul_13npcA' due to the length limit 20
INFO: [SYN 201-210] Renamed object name 'bmeDriver_mul_52s_14ns_64_6_1' to 'bmeDriver_mul_52sqcK' due to the length limit 20
INFO: [SYN 201-210] Renamed object name 'bmeDriver_udiv_63ns_47s_63_67_1' to 'bmeDriver_udiv_63rcU' due to the length limit 20
INFO: [SYN 201-210] Renamed object name 'bmeDriver_udiv_64ns_47s_64_68_1' to 'bmeDriver_udiv_64sc4' due to the length limit 20
INFO: [SYN 201-210] Renamed object name 'bmeDriver_mul_61s_61s_61_7_1' to 'bmeDriver_mul_61stde' due to the length limit 20
INFO: [SYN 201-210] Renamed object name 'bmeDriver_mul_17ns_49s_49_12_1' to 'bmeDriver_mul_17nudo' due to the length limit 20
INFO: [SYN 201-210] Renamed object name 'bmeDriver_mul_14ns_48s_48_12_1' to 'bmeDriver_mul_14nvdy' due to the length limit 20
INFO: [SYN 201-210] Renamed object name 'bmeDriver_lshr_54ns_32ns_54_7_1' to 'bmeDriver_lshr_54wdI' due to the length limit 20
INFO: [SYN 201-210] Renamed object name 'bmeDriver_shl_137ns_32ns_137_7_1' to 'bmeDriver_shl_137xdS' due to the length limit 20
INFO: [SYN 201-210] Renamed object name 'bmeDriver_mul_32ns_34ns_65_7_1' to 'bmeDriver_mul_32nyd2' due to the length limit 20
INFO: [RTGEN 206-100] Generating core module 'bmeDriver_add_64nncg': 1 instance(s).
INFO: [RTGEN 206-100] Generating core module 'bmeDriver_ddiv_64dEe': 1 instance(s).
INFO: [RTGEN 206-100] Generating core module 'bmeDriver_lshr_54wdI': 1 instance(s).
INFO: [RTGEN 206-100] Generating core module 'bmeDriver_mul_13nmb6': 1 instance(s).
INFO: [RTGEN 206-100] Generating core module 'bmeDriver_mul_13npcA': 1 instance(s).
INFO: [RTGEN 206-100] Generating core module 'bmeDriver_mul_14nvdy': 1 instance(s).
INFO: [RTGEN 206-100] Generating core module 'bmeDriver_mul_16nhbi': 1 instance(s).
INFO: [RTGEN 206-100] Generating core module 'bmeDriver_mul_17nkbM': 1 instance(s).
INFO: [RTGEN 206-100] Generating core module 'bmeDriver_mul_17nlbW': 1 instance(s).
INFO: [RTGEN 206-100] Generating core module 'bmeDriver_mul_17nocq': 1 instance(s).
INFO: [RTGEN 206-100] Generating core module 'bmeDriver_mul_17nudo': 1 instance(s).
INFO: [RTGEN 206-100] Generating core module 'bmeDriver_mul_18njbC': 1 instance(s).
INFO: [RTGEN 206-100] Generating core module 'bmeDriver_mul_29sfYi': 1 instance(s).
INFO: [RTGEN 206-100] Generating core module 'bmeDriver_mul_32nyd2': 1 instance(s).
INFO: [RTGEN 206-100] Generating core module 'bmeDriver_mul_52sibs': 1 instance(s).
INFO: [RTGEN 206-100] Generating core module 'bmeDriver_mul_52sqcK': 1 instance(s).
INFO: [RTGEN 206-100] Generating core module 'bmeDriver_mul_61stde': 1 instance(s).
INFO: [RTGEN 206-100] Generating core module 'bmeDriver_mul_7nsg8j': 1 instance(s).
INFO: [RTGEN 206-100] Generating core module 'bmeDriver_shl_137xdS': 1 instance(s).
INFO: [RTGEN 206-100] Generating core module 'bmeDriver_udiv_63rcU': 1 instance(s).
INFO: [RTGEN 206-100] Generating core module 'bmeDriver_udiv_64sc4': 1 instance(s).
INFO: [RTGEN 206-100] Generating core module 'bmeDriver_uitodp_eOg': 1 instance(s).
INFO: [RTGEN 206-100] Finished creating RTL model for 'bmeDriver'.
INFO: [HLS 200-111]  Elapsed time: 1.32 seconds; current allocated memory: 182.374 MB.
INFO: [RTMG 210-282] Generating pipelined core: 'bmeDriver_mul_29sfYi_MulnS_0'
INFO: [RTMG 210-282] Generating pipelined core: 'bmeDriver_mul_7nsg8j_MulnS_1'
INFO: [RTMG 210-282] Generating pipelined core: 'bmeDriver_mul_16nhbi_MulnS_2'
INFO: [RTMG 210-282] Generating pipelined core: 'bmeDriver_mul_52sibs_Mul6S_0'
INFO: [RTMG 210-282] Generating pipelined core: 'bmeDriver_mul_18njbC_MulnS_3'
INFO: [RTMG 210-282] Generating pipelined core: 'bmeDriver_mul_17nkbM_MulnS_4'
INFO: [RTMG 210-282] Generating pipelined core: 'bmeDriver_mul_17nlbW_Mul6S_1'
INFO: [RTMG 210-282] Generating pipelined core: 'bmeDriver_mul_13nmb6_Mul6S_2'
INFO: [RTMG 210-283] Generating pipelined adder/subtractor : 'bmeDriver_add_64nncg_AddSubnS_0'
INFO: [RTMG 210-282] Generating pipelined core: 'bmeDriver_mul_17nocq_MulnS_5'
INFO: [RTMG 210-282] Generating pipelined core: 'bmeDriver_mul_13npcA_Mul6S_3'
INFO: [RTMG 210-282] Generating pipelined core: 'bmeDriver_mul_52sqcK_Mul6S_4'
INFO: [RTMG 210-282] Generating pipelined core: 'bmeDriver_udiv_63rcU_div'
INFO: [RTMG 210-282] Generating pipelined core: 'bmeDriver_udiv_64sc4_div'
INFO: [RTMG 210-282] Generating pipelined core: 'bmeDriver_mul_61stde_MulnS_6'
INFO: [RTMG 210-282] Generating pipelined core: 'bmeDriver_mul_17nudo_MulnS_7'
INFO: [RTMG 210-282] Generating pipelined core: 'bmeDriver_mul_14nvdy_MulnS_8'
INFO: [RTMG 210-286] Generating pipelined shifter : 'bmeDriver_lshr_54wdI'
INFO: [RTMG 210-286] Generating pipelined shifter : 'bmeDriver_shl_137xdS'
INFO: [RTMG 210-282] Generating pipelined core: 'bmeDriver_mul_32nyd2_MulnS_9'
INFO: [RTMG 210-278] Implementing memory 'bmeDriver_basepoibkb_ram (RAM)' using distributed RAMs with power-on initialization.
INFO: [RTMG 210-278] Implementing memory 'bmeDriver_sensorDcud_ram (RAM)' using distributed RAMs.
INFO: [HLS 200-111] Finished generating all RTL models Time (s): cpu = 00:01:20 ; elapsed = 00:00:55 . Memory (MB): peak = 554.355 ; gain = 207.797 ; free physical = 12842 ; free virtual = 463138
INFO: [SYSC 207-301] Generating SystemC RTL for bmeDriver.
INFO: [VHDL 208-304] Generating VHDL RTL for bmeDriver.
INFO: [VLOG 209-307] Generating Verilog RTL for bmeDriver.
INFO: [IMPL 213-8] Exporting RTL as a Vivado IP.
INFO: [HLS 200-112] Total elapsed time: 155.18 seconds; peak allocated memory: 182.374 MB.
