
*** Running vivado
    with args -log pwm_pwm_0_0.vds -m64 -product Vivado -mode batch -messageDb vivado.pb -notrace -source pwm_pwm_0_0.tcl


****** Vivado v2017.4 (64-bit)
  **** SW Build 2086221 on Fri Dec 15 20:54:30 MST 2017
  **** IP Build 2085800 on Fri Dec 15 22:25:07 MST 2017
    ** Copyright 1986-2017 Xilinx, Inc. All Rights Reserved.

source pwm_pwm_0_0.tcl -notrace
Command: synth_design -top pwm_pwm_0_0 -part xc7z020clg400-1 -mode out_of_context
Starting synth_design
Attempting to get a license for feature 'Synthesis' and/or device 'xc7z020'
INFO: [Common 17-349] Got license for feature 'Synthesis' and/or device 'xc7z020'
INFO: Launching helper process for spawning children vivado processes
INFO: Helper process launched with PID 30434 
---------------------------------------------------------------------------------
Starting RTL Elaboration : Time (s): cpu = 00:00:14 ; elapsed = 00:00:16 . Memory (MB): peak = 1254.332 ; gain = 79.996 ; free physical = 413 ; free virtual = 10405
---------------------------------------------------------------------------------
INFO: [Synth 8-638] synthesizing module 'pwm_pwm_0_0' [/home/brennan/Documents/pynq-copter/pynqcopter/pwm/pwm/pwm.srcs/sources_1/bd/pwm/ip/pwm_pwm_0_0/synth/pwm_pwm_0_0.v:56]
INFO: [Synth 8-638] synthesizing module 'pwm' [/home/brennan/Documents/pynq-copter/pynqcopter/pwm/pwm/pwm.srcs/sources_1/bd/pwm/ipshared/ca21/hdl/verilog/pwm.v:12]
	Parameter ap_ST_fsm_state1 bound to: 9'b000000001 
	Parameter ap_ST_fsm_state2 bound to: 9'b000000010 
	Parameter ap_ST_fsm_state3 bound to: 9'b000000100 
	Parameter ap_ST_fsm_state4 bound to: 9'b000001000 
	Parameter ap_ST_fsm_state5 bound to: 9'b000010000 
	Parameter ap_ST_fsm_state6 bound to: 9'b000100000 
	Parameter ap_ST_fsm_state7 bound to: 9'b001000000 
	Parameter ap_ST_fsm_state8 bound to: 9'b010000000 
	Parameter ap_ST_fsm_state9 bound to: 9'b100000000 
	Parameter C_S_AXI_AXILITES_DATA_WIDTH bound to: 32 - type: integer 
	Parameter C_S_AXI_AXILITES_ADDR_WIDTH bound to: 5 - type: integer 
	Parameter C_S_AXI_DATA_WIDTH bound to: 32 - type: integer 
	Parameter C_S_AXI_AXILITES_WSTRB_WIDTH bound to: 4 - type: integer 
	Parameter C_S_AXI_WSTRB_WIDTH bound to: 4 - type: integer 
INFO: [Synth 8-5534] Detected attribute (* fsm_encoding = "none" *) [/home/brennan/Documents/pynq-copter/pynqcopter/pwm/pwm/pwm.srcs/sources_1/bd/pwm/ipshared/ca21/hdl/verilog/pwm.v:78]
INFO: [Synth 8-638] synthesizing module 'pwm_AXILiteS_s_axi' [/home/brennan/Documents/pynq-copter/pynqcopter/pwm/pwm/pwm.srcs/sources_1/bd/pwm/ipshared/ca21/hdl/verilog/pwm_AXILiteS_s_axi.v:9]
	Parameter C_S_AXI_ADDR_WIDTH bound to: 5 - type: integer 
	Parameter C_S_AXI_DATA_WIDTH bound to: 32 - type: integer 
	Parameter ADDR_AP_CTRL bound to: 5'b00000 
	Parameter ADDR_GIE bound to: 5'b00100 
	Parameter ADDR_IER bound to: 5'b01000 
	Parameter ADDR_ISR bound to: 5'b01100 
	Parameter ADDR_M_V_BASE bound to: 5'b10000 
	Parameter ADDR_M_V_HIGH bound to: 5'b11111 
	Parameter WRIDLE bound to: 2'b00 
	Parameter WRDATA bound to: 2'b01 
	Parameter WRRESP bound to: 2'b10 
	Parameter WRRESET bound to: 2'b11 
	Parameter RDIDLE bound to: 2'b00 
	Parameter RDDATA bound to: 2'b01 
	Parameter RDRESET bound to: 2'b10 
	Parameter ADDR_BITS bound to: 5 - type: integer 
INFO: [Synth 8-638] synthesizing module 'pwm_AXILiteS_s_axi_ram' [/home/brennan/Documents/pynq-copter/pynqcopter/pwm/pwm/pwm.srcs/sources_1/bd/pwm/ipshared/ca21/hdl/verilog/pwm_AXILiteS_s_axi.v:411]
	Parameter BYTES bound to: 4 - type: integer 
	Parameter DEPTH bound to: 3 - type: integer 
	Parameter AWIDTH bound to: 2 - type: integer 
INFO: [Synth 8-256] done synthesizing module 'pwm_AXILiteS_s_axi_ram' (1#1) [/home/brennan/Documents/pynq-copter/pynqcopter/pwm/pwm/pwm.srcs/sources_1/bd/pwm/ipshared/ca21/hdl/verilog/pwm_AXILiteS_s_axi.v:411]
INFO: [Synth 8-155] case statement is not full and has no default [/home/brennan/Documents/pynq-copter/pynqcopter/pwm/pwm/pwm.srcs/sources_1/bd/pwm/ipshared/ca21/hdl/verilog/pwm_AXILiteS_s_axi.v:234]
INFO: [Synth 8-256] done synthesizing module 'pwm_AXILiteS_s_axi' (2#1) [/home/brennan/Documents/pynq-copter/pynqcopter/pwm/pwm/pwm.srcs/sources_1/bd/pwm/ipshared/ca21/hdl/verilog/pwm_AXILiteS_s_axi.v:9]
WARNING: [Synth 8-589] replacing case/wildcard equality operator === with logical equality operator == [/home/brennan/Documents/pynq-copter/pynqcopter/pwm/pwm/pwm.srcs/sources_1/bd/pwm/ipshared/ca21/hdl/verilog/pwm.v:330]
WARNING: [Synth 8-589] replacing case/wildcard equality operator === with logical equality operator == [/home/brennan/Documents/pynq-copter/pynqcopter/pwm/pwm/pwm.srcs/sources_1/bd/pwm/ipshared/ca21/hdl/verilog/pwm.v:332]
INFO: [Synth 8-256] done synthesizing module 'pwm' (3#1) [/home/brennan/Documents/pynq-copter/pynqcopter/pwm/pwm/pwm.srcs/sources_1/bd/pwm/ipshared/ca21/hdl/verilog/pwm.v:12]
INFO: [Synth 8-256] done synthesizing module 'pwm_pwm_0_0' (4#1) [/home/brennan/Documents/pynq-copter/pynqcopter/pwm/pwm/pwm.srcs/sources_1/bd/pwm/ip/pwm_pwm_0_0/synth/pwm_pwm_0_0.v:56]
---------------------------------------------------------------------------------
Finished RTL Elaboration : Time (s): cpu = 00:00:15 ; elapsed = 00:00:17 . Memory (MB): peak = 1296.863 ; gain = 122.527 ; free physical = 331 ; free virtual = 10324
---------------------------------------------------------------------------------

Report Check Netlist: 
+------+------------------+-------+---------+-------+------------------+
|      |Item              |Errors |Warnings |Status |Description       |
+------+------------------+-------+---------+-------+------------------+
|1     |multi_driven_nets |      0|        0|Passed |Multi driven nets |
+------+------------------+-------+---------+-------+------------------+
---------------------------------------------------------------------------------
Finished RTL Optimization Phase 1 : Time (s): cpu = 00:00:15 ; elapsed = 00:00:17 . Memory (MB): peak = 1296.863 ; gain = 122.527 ; free physical = 354 ; free virtual = 10347
---------------------------------------------------------------------------------
INFO: [Device 21-403] Loading part xc7z020clg400-1
INFO: [Project 1-570] Preparing netlist for logic optimization

Processing XDC Constraints
Initializing timing engine
Parsing XDC File [/home/brennan/Documents/pynq-copter/pynqcopter/pwm/pwm/pwm.srcs/sources_1/bd/pwm/ip/pwm_pwm_0_0/constraints/pwm_ooc.xdc] for cell 'inst'
Finished Parsing XDC File [/home/brennan/Documents/pynq-copter/pynqcopter/pwm/pwm/pwm.srcs/sources_1/bd/pwm/ip/pwm_pwm_0_0/constraints/pwm_ooc.xdc] for cell 'inst'
Parsing XDC File [/home/brennan/Documents/pynq-copter/pynqcopter/pwm/pwm/pwm.runs/pwm_pwm_0_0_synth_1/dont_touch.xdc]
Finished Parsing XDC File [/home/brennan/Documents/pynq-copter/pynqcopter/pwm/pwm/pwm.runs/pwm_pwm_0_0_synth_1/dont_touch.xdc]
Completed Processing XDC Constraints

INFO: [Project 1-111] Unisim Transformation Summary:
No Unisim elements were transformed.

Constraint Validation Runtime : Time (s): cpu = 00:00:00.02 ; elapsed = 00:00:00.02 . Memory (MB): peak = 1644.863 ; gain = 0.000 ; free physical = 138 ; free virtual = 9522
---------------------------------------------------------------------------------
Finished Constraint Validation : Time (s): cpu = 00:00:43 ; elapsed = 00:01:10 . Memory (MB): peak = 1644.863 ; gain = 470.527 ; free physical = 290 ; free virtual = 9656
---------------------------------------------------------------------------------
---------------------------------------------------------------------------------
Start Loading Part and Timing Information
---------------------------------------------------------------------------------
Loading part: xc7z020clg400-1
---------------------------------------------------------------------------------
Finished Loading Part and Timing Information : Time (s): cpu = 00:00:43 ; elapsed = 00:01:10 . Memory (MB): peak = 1644.863 ; gain = 470.527 ; free physical = 290 ; free virtual = 9656
---------------------------------------------------------------------------------
---------------------------------------------------------------------------------
Start Applying 'set_property' XDC Constraints
---------------------------------------------------------------------------------
Applied set_property DONT_TOUCH = true for inst. (constraint file  /home/brennan/Documents/pynq-copter/pynqcopter/pwm/pwm/pwm.runs/pwm_pwm_0_0_synth_1/dont_touch.xdc, line 9).
---------------------------------------------------------------------------------
Finished applying 'set_property' XDC Constraints : Time (s): cpu = 00:00:43 ; elapsed = 00:01:10 . Memory (MB): peak = 1644.863 ; gain = 470.527 ; free physical = 289 ; free virtual = 9656
---------------------------------------------------------------------------------
WARNING: [Synth 8-6014] Unused sequential element int_m_V_shift_reg was removed.  [/home/brennan/Documents/pynq-copter/pynqcopter/pwm/pwm/pwm.srcs/sources_1/bd/pwm/ipshared/ca21/hdl/verilog/pwm_AXILiteS_s_axi.v:367]
INFO: [Synth 8-4490] FSM extraction disabled for register 'ap_CS_fsm_reg' through user attribute
INFO: [Synth 8-4490] FSM extraction disabled for register 'ap_CS_fsm_reg' through user attribute
INFO: [Synth 8-5546] ROM "tmp_2_fu_142_p2" won't be mapped to RAM because it is too sparse
WARNING: [Synth 8-6014] Unused sequential element accumulator_V_reg was removed.  [/home/brennan/Documents/pynq-copter/pynqcopter/pwm/pwm/pwm.srcs/sources_1/bd/pwm/ipshared/ca21/hdl/verilog/pwm.v:168]
INFO: [Synth 8-5546] ROM "tmp_2_fu_142_p2" won't be mapped to RAM because it is too sparse
INFO: [Synth 8-5544] ROM "ap_NS_fsm" won't be mapped to Block RAM because address size (1) smaller than threshold (5)
INFO: [Synth 8-3971] The signal gen_write[1].mem_reg was recognized as a true dual port RAM template.
---------------------------------------------------------------------------------
Finished RTL Optimization Phase 2 : Time (s): cpu = 00:00:44 ; elapsed = 00:01:11 . Memory (MB): peak = 1644.863 ; gain = 470.527 ; free physical = 264 ; free virtual = 9632
---------------------------------------------------------------------------------

Report RTL Partitions: 
+-+--------------+------------+----------+
| |RTL Partition |Replication |Instances |
+-+--------------+------------+----------+
+-+--------------+------------+----------+
---------------------------------------------------------------------------------
Start RTL Component Statistics 
---------------------------------------------------------------------------------
Detailed RTL Component Info : 
+---XORs : 
	   2 Input      6 Bit         XORs := 2     
	   2 Input      1 Bit         XORs := 2     
+---Registers : 
	               32 Bit    Registers := 3     
	               16 Bit    Registers := 2     
	                9 Bit    Registers := 1     
	                6 Bit    Registers := 1     
	                5 Bit    Registers := 1     
	                2 Bit    Registers := 3     
	                1 Bit    Registers := 17    
+---RAMs : 
	               96 Bit         RAMs := 1     
+---Muxes : 
	   2 Input     32 Bit        Muxes := 14    
	   5 Input     32 Bit        Muxes := 1     
	  10 Input      9 Bit        Muxes := 1     
	   2 Input      8 Bit        Muxes := 2     
	   2 Input      6 Bit        Muxes := 2     
	   6 Input      3 Bit        Muxes := 1     
	   6 Input      2 Bit        Muxes := 1     
	   2 Input      2 Bit        Muxes := 2     
	   2 Input      1 Bit        Muxes := 6     
---------------------------------------------------------------------------------
Finished RTL Component Statistics 
---------------------------------------------------------------------------------
---------------------------------------------------------------------------------
Start RTL Hierarchical Component Statistics 
---------------------------------------------------------------------------------
Hierarchical RTL Component report 
Module pwm_AXILiteS_s_axi_ram 
Detailed RTL Component Info : 
+---Registers : 
	               32 Bit    Registers := 2     
+---RAMs : 
	               96 Bit         RAMs := 1     
+---Muxes : 
	   2 Input     32 Bit        Muxes := 12    
	   2 Input      8 Bit        Muxes := 2     
Module pwm_AXILiteS_s_axi 
Detailed RTL Component Info : 
+---XORs : 
	   2 Input      1 Bit         XORs := 2     
+---Registers : 
	               32 Bit    Registers := 1     
	                5 Bit    Registers := 1     
	                2 Bit    Registers := 3     
	                1 Bit    Registers := 10    
+---Muxes : 
	   5 Input     32 Bit        Muxes := 1     
	   2 Input     32 Bit        Muxes := 2     
	   6 Input      2 Bit        Muxes := 1     
	   2 Input      2 Bit        Muxes := 1     
	   2 Input      1 Bit        Muxes := 5     
Module pwm 
Detailed RTL Component Info : 
+---XORs : 
	   2 Input      6 Bit         XORs := 2     
+---Registers : 
	               16 Bit    Registers := 2     
	                9 Bit    Registers := 1     
	                6 Bit    Registers := 1     
	                1 Bit    Registers := 7     
+---Muxes : 
	  10 Input      9 Bit        Muxes := 1     
	   2 Input      6 Bit        Muxes := 2     
	   6 Input      3 Bit        Muxes := 1     
	   2 Input      2 Bit        Muxes := 1     
	   2 Input      1 Bit        Muxes := 1     
---------------------------------------------------------------------------------
Finished RTL Hierarchical Component Statistics
---------------------------------------------------------------------------------
---------------------------------------------------------------------------------
Start Part Resource Summary
---------------------------------------------------------------------------------
Part Resources:
DSPs: 220 (col length:60)
BRAMs: 280 (col length: RAMB18 60 RAMB36 30)
---------------------------------------------------------------------------------
Finished Part Resource Summary
---------------------------------------------------------------------------------
---------------------------------------------------------------------------------
Start Cross Boundary and Area Optimization
---------------------------------------------------------------------------------
INFO: [Synth 8-5546] ROM "tmp_2_fu_142_p2" won't be mapped to RAM because it is too sparse
WARNING: [Synth 8-6014] Unused sequential element accumulator_V_reg was removed.  [/home/brennan/Documents/pynq-copter/pynqcopter/pwm/pwm/pwm.srcs/sources_1/bd/pwm/ipshared/ca21/hdl/verilog/pwm.v:168]
INFO: [Synth 8-3971] The signal pwm_AXILiteS_s_axi_U/int_m_V/gen_write[1].mem_reg was recognized as a true dual port RAM template.
---------------------------------------------------------------------------------
Finished Cross Boundary and Area Optimization : Time (s): cpu = 00:00:45 ; elapsed = 00:01:13 . Memory (MB): peak = 1644.863 ; gain = 470.527 ; free physical = 223 ; free virtual = 9593
---------------------------------------------------------------------------------
---------------------------------------------------------------------------------
Start ROM, RAM, DSP and Shift Register Reporting
---------------------------------------------------------------------------------

Block RAM: Preliminary Mapping  Report (see note below)
+------------------------+----------------------+------------------------+---+---+------------------------+---+---+------------------+--------+--------+
|Module Name             | RTL Object           | PORT A (Depth x Width) | W | R | PORT B (Depth x Width) | W | R | Ports driving FF | RAMB18 | RAMB36 | 
+------------------------+----------------------+------------------------+---+---+------------------------+---+---+------------------+--------+--------+
|pwm_AXILiteS_s_axi_ram: | gen_write[1].mem_reg | 4 x 32(READ_FIRST)     | W | R | 4 x 32(READ_FIRST)     | W | R | Port A and B     | 0      | 1      | 
+------------------------+----------------------+------------------------+---+---+------------------------+---+---+------------------+--------+--------+

Note: The tale above is a preliminary report that shows the Block RAMs at the current stage of the synthesis flow. Some Block RAMs may be reimplemented as non Block RAM primitives later in the synthesis flow. Multiple instantiated Block RAMs are reported only once. 
---------------------------------------------------------------------------------
Finished ROM, RAM, DSP and Shift Register Reporting
---------------------------------------------------------------------------------

Report RTL Partitions: 
+-+--------------+------------+----------+
| |RTL Partition |Replication |Instances |
+-+--------------+------------+----------+
+-+--------------+------------+----------+
---------------------------------------------------------------------------------
Start Applying XDC Timing Constraints
---------------------------------------------------------------------------------
---------------------------------------------------------------------------------
Finished Applying XDC Timing Constraints : Time (s): cpu = 00:00:56 ; elapsed = 00:01:29 . Memory (MB): peak = 1644.863 ; gain = 470.527 ; free physical = 131 ; free virtual = 9207
---------------------------------------------------------------------------------
---------------------------------------------------------------------------------
Start Timing Optimization
---------------------------------------------------------------------------------
INFO: [Synth 8-3971] The signal pwm_AXILiteS_s_axi_U/int_m_V/gen_write[1].mem_reg was recognized as a true dual port RAM template.
---------------------------------------------------------------------------------
Finished Timing Optimization : Time (s): cpu = 00:00:56 ; elapsed = 00:01:30 . Memory (MB): peak = 1644.863 ; gain = 470.527 ; free physical = 142 ; free virtual = 9208
---------------------------------------------------------------------------------
---------------------------------------------------------------------------------
Start ROM, RAM, DSP and Shift Register Reporting
---------------------------------------------------------------------------------

Block RAM: Final Mapping  Report
+------------+---------------------------------------------------+------------------------+---+---+------------------------+---+---+------------------+--------+--------+
|Module Name | RTL Object                                        | PORT A (Depth x Width) | W | R | PORT B (Depth x Width) | W | R | Ports driving FF | RAMB18 | RAMB36 | 
+------------+---------------------------------------------------+------------------------+---+---+------------------------+---+---+------------------+--------+--------+
|inst        | pwm_AXILiteS_s_axi_U/int_m_V/gen_write[1].mem_reg | 4 x 32(READ_FIRST)     | W | R | 4 x 32(READ_FIRST)     | W | R | Port A and B     | 0      | 1      | 
+------------+---------------------------------------------------+------------------------+---+---+------------------------+---+---+------------------+--------+--------+

---------------------------------------------------------------------------------
Finished ROM, RAM, DSP and Shift Register Reporting
---------------------------------------------------------------------------------

Report RTL Partitions: 
+-+--------------+------------+----------+
| |RTL Partition |Replication |Instances |
+-+--------------+------------+----------+
+-+--------------+------------+----------+
---------------------------------------------------------------------------------
Start Technology Mapping
---------------------------------------------------------------------------------
INFO: [Synth 8-4480] The timing for the instance inst/pwm_AXILiteS_s_axi_U/int_m_V/gen_write[1].mem_reg (implemented as a block RAM) might be sub-optimal as no optional output register could be merged into the block ram. Providing additional output register may help in improving timing.
INFO: [Synth 8-4480] The timing for the instance inst/pwm_AXILiteS_s_axi_U/int_m_V/gen_write[1].mem_reg (implemented as a block RAM) might be sub-optimal as no optional output register could be merged into the block ram. Providing additional output register may help in improving timing.
---------------------------------------------------------------------------------
Finished Technology Mapping : Time (s): cpu = 00:00:56 ; elapsed = 00:01:30 . Memory (MB): peak = 1644.863 ; gain = 470.527 ; free physical = 163 ; free virtual = 9211
---------------------------------------------------------------------------------

Report RTL Partitions: 
+-+--------------+------------+----------+
| |RTL Partition |Replication |Instances |
+-+--------------+------------+----------+
+-+--------------+------------+----------+
---------------------------------------------------------------------------------
Start IO Insertion
---------------------------------------------------------------------------------
---------------------------------------------------------------------------------
Start Flattening Before IO Insertion
---------------------------------------------------------------------------------
---------------------------------------------------------------------------------
Finished Flattening Before IO Insertion
---------------------------------------------------------------------------------
---------------------------------------------------------------------------------
Start Final Netlist Cleanup
---------------------------------------------------------------------------------
---------------------------------------------------------------------------------
Finished Final Netlist Cleanup
---------------------------------------------------------------------------------
---------------------------------------------------------------------------------
Finished IO Insertion : Time (s): cpu = 00:00:57 ; elapsed = 00:01:31 . Memory (MB): peak = 1644.863 ; gain = 470.527 ; free physical = 157 ; free virtual = 9209
---------------------------------------------------------------------------------

Report Check Netlist: 
+------+------------------+-------+---------+-------+------------------+
|      |Item              |Errors |Warnings |Status |Description       |
+------+------------------+-------+---------+-------+------------------+
|1     |multi_driven_nets |      0|        0|Passed |Multi driven nets |
+------+------------------+-------+---------+-------+------------------+
---------------------------------------------------------------------------------
Start Renaming Generated Instances
---------------------------------------------------------------------------------
---------------------------------------------------------------------------------
Finished Renaming Generated Instances : Time (s): cpu = 00:00:57 ; elapsed = 00:01:31 . Memory (MB): peak = 1644.863 ; gain = 470.527 ; free physical = 156 ; free virtual = 9208
---------------------------------------------------------------------------------

Report RTL Partitions: 
+-+--------------+------------+----------+
| |RTL Partition |Replication |Instances |
+-+--------------+------------+----------+
+-+--------------+------------+----------+
---------------------------------------------------------------------------------
Start Rebuilding User Hierarchy
---------------------------------------------------------------------------------
---------------------------------------------------------------------------------
Finished Rebuilding User Hierarchy : Time (s): cpu = 00:00:57 ; elapsed = 00:01:31 . Memory (MB): peak = 1644.863 ; gain = 470.527 ; free physical = 153 ; free virtual = 9206
---------------------------------------------------------------------------------
---------------------------------------------------------------------------------
Start Renaming Generated Ports
---------------------------------------------------------------------------------
---------------------------------------------------------------------------------
Finished Renaming Generated Ports : Time (s): cpu = 00:00:57 ; elapsed = 00:01:31 . Memory (MB): peak = 1644.863 ; gain = 470.527 ; free physical = 153 ; free virtual = 9205
---------------------------------------------------------------------------------
---------------------------------------------------------------------------------
Start Handling Custom Attributes
---------------------------------------------------------------------------------
---------------------------------------------------------------------------------
Finished Handling Custom Attributes : Time (s): cpu = 00:00:57 ; elapsed = 00:01:31 . Memory (MB): peak = 1644.863 ; gain = 470.527 ; free physical = 151 ; free virtual = 9204
---------------------------------------------------------------------------------
---------------------------------------------------------------------------------
Start Renaming Generated Nets
---------------------------------------------------------------------------------
---------------------------------------------------------------------------------
Finished Renaming Generated Nets : Time (s): cpu = 00:00:57 ; elapsed = 00:01:31 . Memory (MB): peak = 1644.863 ; gain = 470.527 ; free physical = 151 ; free virtual = 9203
---------------------------------------------------------------------------------
---------------------------------------------------------------------------------
Start Writing Synthesis Report
---------------------------------------------------------------------------------

Report BlackBoxes: 
+-+--------------+----------+
| |BlackBox name |Instances |
+-+--------------+----------+
+-+--------------+----------+

Report Cell Usage: 
+------+---------+------+
|      |Cell     |Count |
+------+---------+------+
|1     |CARRY4   |     8|
|2     |LUT1     |     2|
|3     |LUT2     |    15|
|4     |LUT3     |    48|
|5     |LUT4     |    46|
|6     |LUT5     |    14|
|7     |LUT6     |    33|
|8     |RAMB36E1 |     1|
|9     |FDRE     |   180|
|10    |FDSE     |    10|
+------+---------+------+

Report Instance Areas: 
+------+-------------------------+-----------------------+------+
|      |Instance                 |Module                 |Cells |
+------+-------------------------+-----------------------+------+
|1     |top                      |                       |   357|
|2     |  inst                   |pwm                    |   357|
|3     |    pwm_AXILiteS_s_axi_U |pwm_AXILiteS_s_axi     |   155|
|4     |      int_m_V            |pwm_AXILiteS_s_axi_ram |    41|
+------+-------------------------+-----------------------+------+
---------------------------------------------------------------------------------
Finished Writing Synthesis Report : Time (s): cpu = 00:00:57 ; elapsed = 00:01:31 . Memory (MB): peak = 1644.863 ; gain = 470.527 ; free physical = 151 ; free virtual = 9203
---------------------------------------------------------------------------------
Synthesis finished with 0 errors, 0 critical warnings and 3 warnings.
Synthesis Optimization Runtime : Time (s): cpu = 00:00:42 ; elapsed = 00:00:52 . Memory (MB): peak = 1644.863 ; gain = 122.527 ; free physical = 207 ; free virtual = 9259
Synthesis Optimization Complete : Time (s): cpu = 00:00:57 ; elapsed = 00:01:31 . Memory (MB): peak = 1644.871 ; gain = 470.527 ; free physical = 207 ; free virtual = 9259
INFO: [Project 1-571] Translating synthesized netlist
INFO: [Netlist 29-17] Analyzing 9 Unisim elements for replacement
INFO: [Netlist 29-28] Unisim Transformation completed in 0 CPU seconds
INFO: [Project 1-570] Preparing netlist for logic optimization
INFO: [Opt 31-138] Pushed 0 inverter(s) to 0 load pin(s).
INFO: [Project 1-111] Unisim Transformation Summary:
No Unisim elements were transformed.

INFO: [Common 17-83] Releasing license: Synthesis
32 Infos, 5 Warnings, 0 Critical Warnings and 0 Errors encountered.
synth_design completed successfully
synth_design: Time (s): cpu = 00:00:59 ; elapsed = 00:01:34 . Memory (MB): peak = 1644.871 ; gain = 483.910 ; free physical = 233 ; free virtual = 9085
INFO: [Common 17-1381] The checkpoint '/home/brennan/Documents/pynq-copter/pynqcopter/pwm/pwm/pwm.runs/pwm_pwm_0_0_synth_1/pwm_pwm_0_0.dcp' has been generated.
