#-----------------------------------------------------------
# xsim v2017.4 (64-bit)
# SW Build 2086221 on Fri Dec 15 20:54:30 MST 2017
# IP Build 2085800 on Fri Dec 15 22:25:07 MST 2017
# Start of session at: Fri Jul 13 11:09:44 2018
# Process ID: 27010
# Current directory: /home/brennan/mixer/mixer/solution1/sim/verilog
# Command line: xsim -mode tcl -source {xsim.dir/rpy_to_duty/xsim_script.tcl}
# Log file: /home/brennan/mixer/mixer/solution1/sim/verilog/xsim.log
# Journal file: /home/brennan/mixer/mixer/solution1/sim/verilog/xsim.jou
#-----------------------------------------------------------
source xsim.dir/rpy_to_duty/xsim_script.tcl
# xsim {rpy_to_duty} -autoloadwcfg -tclbatch {rpy_to_duty.tcl}
Vivado Simulator 2017.4
Time resolution is 1 ps
source rpy_to_duty.tcl
## run all
////////////////////////////////////////////////////////////////////////////////////
// Inter-Transaction Progress: Completed Transaction / Total Transaction
// Intra-Transaction Progress: Measured Latency / Latency Estimation * 100%
//
// RTL Simulation : "Inter-Transaction Progress" ["Intra-Transaction Progress"] @ "Simulation Time"
////////////////////////////////////////////////////////////////////////////////////
// RTL Simulation : 0 / 956 [0.00%] @ "225000"
// RTL Simulation : 1 / 956 [0.00%] @ "2125000"
// RTL Simulation : 2 / 956 [0.00%] @ "4025000"
// RTL Simulation : 3 / 956 [0.00%] @ "5925000"
// RTL Simulation : 4 / 956 [0.00%] @ "7825000"
// RTL Simulation : 5 / 956 [0.00%] @ "9725000"
// RTL Simulation : 6 / 956 [0.00%] @ "11625000"
// RTL Simulation : 7 / 956 [0.00%] @ "13525000"
// RTL Simulation : 8 / 956 [0.00%] @ "15425000"
// RTL Simulation : 9 / 956 [0.00%] @ "17325000"
// RTL Simulation : 10 / 956 [0.00%] @ "19225000"
// RTL Simulation : 11 / 956 [0.00%] @ "21125000"
// RTL Simulation : 12 / 956 [0.00%] @ "23025000"
// RTL Simulation : 13 / 956 [0.00%] @ "24925000"
// RTL Simulation : 14 / 956 [0.00%] @ "26825000"
// RTL Simulation : 15 / 956 [0.00%] @ "28725000"
// RTL Simulation : 16 / 956 [0.00%] @ "30625000"
// RTL Simulation : 17 / 956 [0.00%] @ "32525000"
// RTL Simulation : 18 / 956 [0.00%] @ "34425000"
// RTL Simulation : 19 / 956 [0.00%] @ "36325000"
// RTL Simulation : 20 / 956 [0.00%] @ "38225000"
// RTL Simulation : 21 / 956 [0.00%] @ "40125000"
// RTL Simulation : 22 / 956 [0.00%] @ "42025000"
// RTL Simulation : 23 / 956 [0.00%] @ "43925000"
// RTL Simulation : 24 / 956 [0.00%] @ "45825000"
// RTL Simulation : 25 / 956 [0.00%] @ "47725000"
// RTL Simulation : 26 / 956 [0.00%] @ "49625000"
// RTL Simulation : 27 / 956 [0.00%] @ "51525000"
// RTL Simulation : 28 / 956 [0.00%] @ "53425000"
// RTL Simulation : 29 / 956 [0.00%] @ "55325000"
// RTL Simulation : 30 / 956 [0.00%] @ "57225000"
// RTL Simulation : 31 / 956 [0.00%] @ "59125000"
// RTL Simulation : 32 / 956 [0.00%] @ "61025000"
// RTL Simulation : 33 / 956 [0.00%] @ "62925000"
// RTL Simulation : 34 / 956 [0.00%] @ "64825000"
// RTL Simulation : 35 / 956 [0.00%] @ "66725000"
// RTL Simulation : 36 / 956 [0.00%] @ "68625000"
// RTL Simulation : 37 / 956 [0.00%] @ "70525000"
// RTL Simulation : 38 / 956 [0.00%] @ "72425000"
// RTL Simulation : 39 / 956 [0.00%] @ "74325000"
// RTL Simulation : 40 / 956 [0.00%] @ "76225000"
// RTL Simulation : 41 / 956 [0.00%] @ "78125000"
// RTL Simulation : 42 / 956 [0.00%] @ "80025000"
// RTL Simulation : 43 / 956 [0.00%] @ "81925000"
// RTL Simulation : 44 / 956 [0.00%] @ "83825000"
// RTL Simulation : 45 / 956 [0.00%] @ "85725000"
// RTL Simulation : 46 / 956 [0.00%] @ "87625000"
// RTL Simulation : 47 / 956 [0.00%] @ "89525000"
// RTL Simulation : 48 / 956 [0.00%] @ "91425000"
// RTL Simulation : 49 / 956 [0.00%] @ "93325000"
// RTL Simulation : 50 / 956 [0.00%] @ "95225000"
// RTL Simulation : 51 / 956 [0.00%] @ "97125000"
// RTL Simulation : 52 / 956 [0.00%] @ "99025000"
// RTL Simulation : 53 / 956 [0.00%] @ "100925000"
// RTL Simulation : 54 / 956 [0.00%] @ "102825000"
// RTL Simulation : 55 / 956 [0.00%] @ "104725000"
// RTL Simulation : 56 / 956 [0.00%] @ "106625000"
// RTL Simulation : 57 / 956 [0.00%] @ "108525000"
// RTL Simulation : 58 / 956 [0.00%] @ "110425000"
// RTL Simulation : 59 / 956 [0.00%] @ "112325000"
// RTL Simulation : 60 / 956 [0.00%] @ "114225000"
// RTL Simulation : 61 / 956 [0.00%] @ "116125000"
// RTL Simulation : 62 / 956 [0.00%] @ "118025000"
// RTL Simulation : 63 / 956 [0.00%] @ "119925000"
// RTL Simulation : 64 / 956 [0.00%] @ "121825000"
// RTL Simulation : 65 / 956 [0.00%] @ "123725000"
// RTL Simulation : 66 / 956 [0.00%] @ "125625000"
// RTL Simulation : 67 / 956 [0.00%] @ "127525000"
// RTL Simulation : 68 / 956 [0.00%] @ "129425000"
// RTL Simulation : 69 / 956 [0.00%] @ "131325000"
// RTL Simulation : 70 / 956 [0.00%] @ "133225000"
// RTL Simulation : 71 / 956 [0.00%] @ "135125000"
// RTL Simulation : 72 / 956 [0.00%] @ "137025000"
// RTL Simulation : 73 / 956 [0.00%] @ "138925000"
// RTL Simulation : 74 / 956 [0.00%] @ "140825000"
// RTL Simulation : 75 / 956 [0.00%] @ "142725000"
// RTL Simulation : 76 / 956 [0.00%] @ "144625000"
// RTL Simulation : 77 / 956 [0.00%] @ "146525000"
// RTL Simulation : 78 / 956 [0.00%] @ "148425000"
// RTL Simulation : 79 / 956 [0.00%] @ "150325000"
// RTL Simulation : 80 / 956 [0.00%] @ "152225000"
// RTL Simulation : 81 / 956 [0.00%] @ "154125000"
// RTL Simulation : 82 / 956 [0.00%] @ "156025000"
// RTL Simulation : 83 / 956 [0.00%] @ "157925000"
// RTL Simulation : 84 / 956 [0.00%] @ "159825000"
// RTL Simulation : 85 / 956 [0.00%] @ "161725000"
// RTL Simulation : 86 / 956 [0.00%] @ "163625000"
// RTL Simulation : 87 / 956 [0.00%] @ "165525000"
// RTL Simulation : 88 / 956 [0.00%] @ "167425000"
// RTL Simulation : 89 / 956 [0.00%] @ "169325000"
// RTL Simulation : 90 / 956 [0.00%] @ "171225000"
// RTL Simulation : 91 / 956 [0.00%] @ "173125000"
// RTL Simulation : 92 / 956 [0.00%] @ "175025000"
// RTL Simulation : 93 / 956 [0.00%] @ "176925000"
// RTL Simulation : 94 / 956 [0.00%] @ "178825000"
// RTL Simulation : 95 / 956 [0.00%] @ "180725000"
// RTL Simulation : 96 / 956 [0.00%] @ "182625000"
// RTL Simulation : 97 / 956 [0.00%] @ "184525000"
// RTL Simulation : 98 / 956 [0.00%] @ "186425000"
// RTL Simulation : 99 / 956 [0.00%] @ "188325000"
// RTL Simulation : 100 / 956 [0.00%] @ "190225000"
// RTL Simulation : 101 / 956 [0.00%] @ "192125000"
// RTL Simulation : 102 / 956 [0.00%] @ "194025000"
// RTL Simulation : 103 / 956 [0.00%] @ "195925000"
// RTL Simulation : 104 / 956 [0.00%] @ "197825000"
// RTL Simulation : 105 / 956 [0.00%] @ "199725000"
// RTL Simulation : 106 / 956 [0.00%] @ "201625000"
// RTL Simulation : 107 / 956 [0.00%] @ "203525000"
// RTL Simulation : 108 / 956 [0.00%] @ "205425000"
// RTL Simulation : 109 / 956 [0.00%] @ "207325000"
// RTL Simulation : 110 / 956 [0.00%] @ "209225000"
// RTL Simulation : 111 / 956 [0.00%] @ "211125000"
// RTL Simulation : 112 / 956 [0.00%] @ "213025000"
// RTL Simulation : 113 / 956 [0.00%] @ "214925000"
// RTL Simulation : 114 / 956 [0.00%] @ "216825000"
// RTL Simulation : 115 / 956 [0.00%] @ "218725000"
// RTL Simulation : 116 / 956 [0.00%] @ "220625000"
// RTL Simulation : 117 / 956 [0.00%] @ "222525000"
// RTL Simulation : 118 / 956 [0.00%] @ "224425000"
// RTL Simulation : 119 / 956 [0.00%] @ "226325000"
// RTL Simulation : 120 / 956 [0.00%] @ "228225000"
// RTL Simulation : 121 / 956 [0.00%] @ "230125000"
// RTL Simulation : 122 / 956 [0.00%] @ "232025000"
// RTL Simulation : 123 / 956 [0.00%] @ "233925000"
// RTL Simulation : 124 / 956 [0.00%] @ "235825000"
// RTL Simulation : 125 / 956 [0.00%] @ "237725000"
// RTL Simulation : 126 / 956 [0.00%] @ "239625000"
// RTL Simulation : 127 / 956 [0.00%] @ "241525000"
// RTL Simulation : 128 / 956 [0.00%] @ "243425000"
// RTL Simulation : 129 / 956 [0.00%] @ "245325000"
// RTL Simulation : 130 / 956 [0.00%] @ "247225000"
// RTL Simulation : 131 / 956 [0.00%] @ "249125000"
// RTL Simulation : 132 / 956 [0.00%] @ "251025000"
// RTL Simulation : 133 / 956 [0.00%] @ "252925000"
// RTL Simulation : 134 / 956 [0.00%] @ "254825000"
// RTL Simulation : 135 / 956 [0.00%] @ "256725000"
// RTL Simulation : 136 / 956 [0.00%] @ "258625000"
// RTL Simulation : 137 / 956 [0.00%] @ "260525000"
// RTL Simulation : 138 / 956 [0.00%] @ "262425000"
// RTL Simulation : 139 / 956 [0.00%] @ "264325000"
// RTL Simulation : 140 / 956 [0.00%] @ "266225000"
// RTL Simulation : 141 / 956 [0.00%] @ "268125000"
// RTL Simulation : 142 / 956 [0.00%] @ "270025000"
// RTL Simulation : 143 / 956 [0.00%] @ "271925000"
// RTL Simulation : 144 / 956 [0.00%] @ "273825000"
// RTL Simulation : 145 / 956 [0.00%] @ "275725000"
// RTL Simulation : 146 / 956 [0.00%] @ "277625000"
// RTL Simulation : 147 / 956 [0.00%] @ "279525000"
// RTL Simulation : 148 / 956 [0.00%] @ "281425000"
// RTL Simulation : 149 / 956 [0.00%] @ "283325000"
// RTL Simulation : 150 / 956 [0.00%] @ "285225000"
// RTL Simulation : 151 / 956 [0.00%] @ "287125000"
// RTL Simulation : 152 / 956 [0.00%] @ "289025000"
// RTL Simulation : 153 / 956 [0.00%] @ "290925000"
// RTL Simulation : 154 / 956 [0.00%] @ "292825000"
// RTL Simulation : 155 / 956 [0.00%] @ "294725000"
// RTL Simulation : 156 / 956 [0.00%] @ "296625000"
// RTL Simulation : 157 / 956 [0.00%] @ "298525000"
// RTL Simulation : 158 / 956 [0.00%] @ "300425000"
// RTL Simulation : 159 / 956 [0.00%] @ "302325000"
// RTL Simulation : 160 / 956 [0.00%] @ "304225000"
// RTL Simulation : 161 / 956 [0.00%] @ "306125000"
// RTL Simulation : 162 / 956 [0.00%] @ "308025000"
// RTL Simulation : 163 / 956 [0.00%] @ "309925000"
// RTL Simulation : 164 / 956 [0.00%] @ "311825000"
// RTL Simulation : 165 / 956 [0.00%] @ "313725000"
// RTL Simulation : 166 / 956 [0.00%] @ "315625000"
// RTL Simulation : 167 / 956 [0.00%] @ "317525000"
// RTL Simulation : 168 / 956 [0.00%] @ "319425000"
// RTL Simulation : 169 / 956 [0.00%] @ "321325000"
// RTL Simulation : 170 / 956 [0.00%] @ "323225000"
// RTL Simulation : 171 / 956 [0.00%] @ "325125000"
// RTL Simulation : 172 / 956 [0.00%] @ "327025000"
// RTL Simulation : 173 / 956 [0.00%] @ "328925000"
// RTL Simulation : 174 / 956 [0.00%] @ "330825000"
// RTL Simulation : 175 / 956 [0.00%] @ "332725000"
// RTL Simulation : 176 / 956 [0.00%] @ "334625000"
// RTL Simulation : 177 / 956 [0.00%] @ "336525000"
// RTL Simulation : 178 / 956 [0.00%] @ "338425000"
// RTL Simulation : 179 / 956 [0.00%] @ "340325000"
// RTL Simulation : 180 / 956 [0.00%] @ "342225000"
// RTL Simulation : 181 / 956 [0.00%] @ "344125000"
// RTL Simulation : 182 / 956 [0.00%] @ "346025000"
// RTL Simulation : 183 / 956 [0.00%] @ "347925000"
// RTL Simulation : 184 / 956 [0.00%] @ "349825000"
// RTL Simulation : 185 / 956 [0.00%] @ "351725000"
// RTL Simulation : 186 / 956 [0.00%] @ "353625000"
// RTL Simulation : 187 / 956 [0.00%] @ "355525000"
// RTL Simulation : 188 / 956 [0.00%] @ "357425000"
// RTL Simulation : 189 / 956 [0.00%] @ "359325000"
// RTL Simulation : 190 / 956 [0.00%] @ "361225000"
// RTL Simulation : 191 / 956 [0.00%] @ "363125000"
// RTL Simulation : 192 / 956 [0.00%] @ "365025000"
// RTL Simulation : 193 / 956 [0.00%] @ "366925000"
// RTL Simulation : 194 / 956 [0.00%] @ "368825000"
// RTL Simulation : 195 / 956 [0.00%] @ "370725000"
// RTL Simulation : 196 / 956 [0.00%] @ "372625000"
// RTL Simulation : 197 / 956 [0.00%] @ "374525000"
// RTL Simulation : 198 / 956 [0.00%] @ "376425000"
// RTL Simulation : 199 / 956 [0.00%] @ "378325000"
// RTL Simulation : 200 / 956 [0.00%] @ "380225000"
// RTL Simulation : 201 / 956 [0.00%] @ "382125000"
// RTL Simulation : 202 / 956 [0.00%] @ "384025000"
// RTL Simulation : 203 / 956 [0.00%] @ "385925000"
// RTL Simulation : 204 / 956 [0.00%] @ "387825000"
// RTL Simulation : 205 / 956 [0.00%] @ "389725000"
// RTL Simulation : 206 / 956 [0.00%] @ "391625000"
// RTL Simulation : 207 / 956 [0.00%] @ "393525000"
// RTL Simulation : 208 / 956 [0.00%] @ "395425000"
// RTL Simulation : 209 / 956 [0.00%] @ "397325000"
// RTL Simulation : 210 / 956 [0.00%] @ "399225000"
// RTL Simulation : 211 / 956 [0.00%] @ "401125000"
// RTL Simulation : 212 / 956 [0.00%] @ "403025000"
// RTL Simulation : 213 / 956 [0.00%] @ "404925000"
// RTL Simulation : 214 / 956 [0.00%] @ "406825000"
// RTL Simulation : 215 / 956 [0.00%] @ "408725000"
// RTL Simulation : 216 / 956 [0.00%] @ "410625000"
// RTL Simulation : 217 / 956 [0.00%] @ "412525000"
// RTL Simulation : 218 / 956 [0.00%] @ "414425000"
// RTL Simulation : 219 / 956 [0.00%] @ "416325000"
// RTL Simulation : 220 / 956 [0.00%] @ "418225000"
// RTL Simulation : 221 / 956 [0.00%] @ "420125000"
// RTL Simulation : 222 / 956 [0.00%] @ "422025000"
// RTL Simulation : 223 / 956 [0.00%] @ "423925000"
// RTL Simulation : 224 / 956 [0.00%] @ "425825000"
// RTL Simulation : 225 / 956 [0.00%] @ "427725000"
// RTL Simulation : 226 / 956 [0.00%] @ "429625000"
// RTL Simulation : 227 / 956 [0.00%] @ "431525000"
// RTL Simulation : 228 / 956 [0.00%] @ "433425000"
// RTL Simulation : 229 / 956 [0.00%] @ "435325000"
// RTL Simulation : 230 / 956 [0.00%] @ "437225000"
// RTL Simulation : 231 / 956 [0.00%] @ "439125000"
// RTL Simulation : 232 / 956 [0.00%] @ "441025000"
// RTL Simulation : 233 / 956 [0.00%] @ "442925000"
// RTL Simulation : 234 / 956 [0.00%] @ "444825000"
// RTL Simulation : 235 / 956 [0.00%] @ "446725000"
// RTL Simulation : 236 / 956 [0.00%] @ "448625000"
// RTL Simulation : 237 / 956 [0.00%] @ "450525000"
// RTL Simulation : 238 / 956 [0.00%] @ "452425000"
// RTL Simulation : 239 / 956 [0.00%] @ "454325000"
// RTL Simulation : 240 / 956 [0.00%] @ "456225000"
// RTL Simulation : 241 / 956 [0.00%] @ "458125000"
// RTL Simulation : 242 / 956 [0.00%] @ "460025000"
// RTL Simulation : 243 / 956 [0.00%] @ "461925000"
// RTL Simulation : 244 / 956 [0.00%] @ "463825000"
// RTL Simulation : 245 / 956 [0.00%] @ "465725000"
// RTL Simulation : 246 / 956 [0.00%] @ "467625000"
// RTL Simulation : 247 / 956 [0.00%] @ "469525000"
// RTL Simulation : 248 / 956 [0.00%] @ "471425000"
// RTL Simulation : 249 / 956 [0.00%] @ "473325000"
// RTL Simulation : 250 / 956 [0.00%] @ "475225000"
// RTL Simulation : 251 / 956 [0.00%] @ "477125000"
// RTL Simulation : 252 / 956 [0.00%] @ "479025000"
// RTL Simulation : 253 / 956 [0.00%] @ "480925000"
// RTL Simulation : 254 / 956 [0.00%] @ "482825000"
// RTL Simulation : 255 / 956 [0.00%] @ "484725000"
// RTL Simulation : 256 / 956 [0.00%] @ "486625000"
// RTL Simulation : 257 / 956 [0.00%] @ "488525000"
// RTL Simulation : 258 / 956 [0.00%] @ "490425000"
// RTL Simulation : 259 / 956 [0.00%] @ "492325000"
// RTL Simulation : 260 / 956 [0.00%] @ "494225000"
// RTL Simulation : 261 / 956 [0.00%] @ "496125000"
// RTL Simulation : 262 / 956 [0.00%] @ "498025000"
// RTL Simulation : 263 / 956 [0.00%] @ "499925000"
// RTL Simulation : 264 / 956 [0.00%] @ "501825000"
// RTL Simulation : 265 / 956 [0.00%] @ "503725000"
// RTL Simulation : 266 / 956 [0.00%] @ "505625000"
// RTL Simulation : 267 / 956 [0.00%] @ "507525000"
// RTL Simulation : 268 / 956 [0.00%] @ "509425000"
// RTL Simulation : 269 / 956 [0.00%] @ "511325000"
// RTL Simulation : 270 / 956 [0.00%] @ "513225000"
// RTL Simulation : 271 / 956 [0.00%] @ "515125000"
// RTL Simulation : 272 / 956 [0.00%] @ "517025000"
// RTL Simulation : 273 / 956 [0.00%] @ "518925000"
// RTL Simulation : 274 / 956 [0.00%] @ "520825000"
// RTL Simulation : 275 / 956 [0.00%] @ "522725000"
// RTL Simulation : 276 / 956 [0.00%] @ "524625000"
// RTL Simulation : 277 / 956 [0.00%] @ "526525000"
// RTL Simulation : 278 / 956 [0.00%] @ "528425000"
// RTL Simulation : 279 / 956 [0.00%] @ "530325000"
// RTL Simulation : 280 / 956 [0.00%] @ "532225000"
// RTL Simulation : 281 / 956 [0.00%] @ "534125000"
// RTL Simulation : 282 / 956 [0.00%] @ "536025000"
// RTL Simulation : 283 / 956 [0.00%] @ "537925000"
// RTL Simulation : 284 / 956 [0.00%] @ "539825000"
// RTL Simulation : 285 / 956 [0.00%] @ "541725000"
// RTL Simulation : 286 / 956 [0.00%] @ "543625000"
// RTL Simulation : 287 / 956 [0.00%] @ "545525000"
// RTL Simulation : 288 / 956 [0.00%] @ "547425000"
// RTL Simulation : 289 / 956 [0.00%] @ "549325000"
// RTL Simulation : 290 / 956 [0.00%] @ "551225000"
// RTL Simulation : 291 / 956 [0.00%] @ "553125000"
// RTL Simulation : 292 / 956 [0.00%] @ "555025000"
// RTL Simulation : 293 / 956 [0.00%] @ "556925000"
// RTL Simulation : 294 / 956 [0.00%] @ "558825000"
// RTL Simulation : 295 / 956 [0.00%] @ "560725000"
// RTL Simulation : 296 / 956 [0.00%] @ "562625000"
// RTL Simulation : 297 / 956 [0.00%] @ "564525000"
// RTL Simulation : 298 / 956 [0.00%] @ "566425000"
// RTL Simulation : 299 / 956 [0.00%] @ "568325000"
// RTL Simulation : 300 / 956 [0.00%] @ "570225000"
// RTL Simulation : 301 / 956 [0.00%] @ "572125000"
// RTL Simulation : 302 / 956 [0.00%] @ "574025000"
// RTL Simulation : 303 / 956 [0.00%] @ "575925000"
// RTL Simulation : 304 / 956 [0.00%] @ "577825000"
// RTL Simulation : 305 / 956 [0.00%] @ "579725000"
// RTL Simulation : 306 / 956 [0.00%] @ "581625000"
// RTL Simulation : 307 / 956 [0.00%] @ "583525000"
// RTL Simulation : 308 / 956 [0.00%] @ "585425000"
// RTL Simulation : 309 / 956 [0.00%] @ "587325000"
// RTL Simulation : 310 / 956 [0.00%] @ "589225000"
// RTL Simulation : 311 / 956 [0.00%] @ "591125000"
// RTL Simulation : 312 / 956 [0.00%] @ "593025000"
// RTL Simulation : 313 / 956 [0.00%] @ "594925000"
// RTL Simulation : 314 / 956 [0.00%] @ "596825000"
// RTL Simulation : 315 / 956 [0.00%] @ "598725000"
// RTL Simulation : 316 / 956 [0.00%] @ "600625000"
// RTL Simulation : 317 / 956 [0.00%] @ "602525000"
// RTL Simulation : 318 / 956 [0.00%] @ "604425000"
// RTL Simulation : 319 / 956 [0.00%] @ "606325000"
// RTL Simulation : 320 / 956 [0.00%] @ "608225000"
// RTL Simulation : 321 / 956 [0.00%] @ "610125000"
// RTL Simulation : 322 / 956 [0.00%] @ "612025000"
// RTL Simulation : 323 / 956 [0.00%] @ "613925000"
// RTL Simulation : 324 / 956 [0.00%] @ "615825000"
// RTL Simulation : 325 / 956 [0.00%] @ "617725000"
// RTL Simulation : 326 / 956 [0.00%] @ "619625000"
// RTL Simulation : 327 / 956 [0.00%] @ "621525000"
// RTL Simulation : 328 / 956 [0.00%] @ "623425000"
// RTL Simulation : 329 / 956 [0.00%] @ "625325000"
// RTL Simulation : 330 / 956 [0.00%] @ "627225000"
// RTL Simulation : 331 / 956 [0.00%] @ "629125000"
// RTL Simulation : 332 / 956 [0.00%] @ "631025000"
// RTL Simulation : 333 / 956 [0.00%] @ "632925000"
// RTL Simulation : 334 / 956 [0.00%] @ "634825000"
// RTL Simulation : 335 / 956 [0.00%] @ "636725000"
// RTL Simulation : 336 / 956 [0.00%] @ "638625000"
// RTL Simulation : 337 / 956 [0.00%] @ "640525000"
// RTL Simulation : 338 / 956 [0.00%] @ "642425000"
// RTL Simulation : 339 / 956 [0.00%] @ "644325000"
// RTL Simulation : 340 / 956 [0.00%] @ "646225000"
// RTL Simulation : 341 / 956 [0.00%] @ "648125000"
// RTL Simulation : 342 / 956 [0.00%] @ "650025000"
// RTL Simulation : 343 / 956 [0.00%] @ "651925000"
// RTL Simulation : 344 / 956 [0.00%] @ "653825000"
// RTL Simulation : 345 / 956 [0.00%] @ "655725000"
// RTL Simulation : 346 / 956 [0.00%] @ "657625000"
// RTL Simulation : 347 / 956 [0.00%] @ "659525000"
// RTL Simulation : 348 / 956 [0.00%] @ "661425000"
// RTL Simulation : 349 / 956 [0.00%] @ "663325000"
// RTL Simulation : 350 / 956 [0.00%] @ "665225000"
// RTL Simulation : 351 / 956 [0.00%] @ "667125000"
// RTL Simulation : 352 / 956 [0.00%] @ "669025000"
// RTL Simulation : 353 / 956 [0.00%] @ "670925000"
// RTL Simulation : 354 / 956 [0.00%] @ "672825000"
// RTL Simulation : 355 / 956 [0.00%] @ "674725000"
// RTL Simulation : 356 / 956 [0.00%] @ "676625000"
// RTL Simulation : 357 / 956 [0.00%] @ "678525000"
// RTL Simulation : 358 / 956 [0.00%] @ "680425000"
// RTL Simulation : 359 / 956 [0.00%] @ "682325000"
// RTL Simulation : 360 / 956 [0.00%] @ "684225000"
// RTL Simulation : 361 / 956 [0.00%] @ "686125000"
// RTL Simulation : 362 / 956 [0.00%] @ "688025000"
// RTL Simulation : 363 / 956 [0.00%] @ "689925000"
// RTL Simulation : 364 / 956 [0.00%] @ "691825000"
// RTL Simulation : 365 / 956 [0.00%] @ "693725000"
// RTL Simulation : 366 / 956 [0.00%] @ "695625000"
// RTL Simulation : 367 / 956 [0.00%] @ "697525000"
// RTL Simulation : 368 / 956 [0.00%] @ "699425000"
// RTL Simulation : 369 / 956 [0.00%] @ "701325000"
// RTL Simulation : 370 / 956 [0.00%] @ "703225000"
// RTL Simulation : 371 / 956 [0.00%] @ "705125000"
// RTL Simulation : 372 / 956 [0.00%] @ "707025000"
// RTL Simulation : 373 / 956 [0.00%] @ "708925000"
// RTL Simulation : 374 / 956 [0.00%] @ "710825000"
// RTL Simulation : 375 / 956 [0.00%] @ "712725000"
// RTL Simulation : 376 / 956 [0.00%] @ "714625000"
// RTL Simulation : 377 / 956 [0.00%] @ "716525000"
// RTL Simulation : 378 / 956 [0.00%] @ "718425000"
// RTL Simulation : 379 / 956 [0.00%] @ "720325000"
// RTL Simulation : 380 / 956 [0.00%] @ "722225000"
// RTL Simulation : 381 / 956 [0.00%] @ "724125000"
// RTL Simulation : 382 / 956 [0.00%] @ "726025000"
// RTL Simulation : 383 / 956 [0.00%] @ "727925000"
// RTL Simulation : 384 / 956 [0.00%] @ "729825000"
// RTL Simulation : 385 / 956 [0.00%] @ "731725000"
// RTL Simulation : 386 / 956 [0.00%] @ "733625000"
// RTL Simulation : 387 / 956 [0.00%] @ "735525000"
// RTL Simulation : 388 / 956 [0.00%] @ "737425000"
// RTL Simulation : 389 / 956 [0.00%] @ "739325000"
// RTL Simulation : 390 / 956 [0.00%] @ "741225000"
// RTL Simulation : 391 / 956 [0.00%] @ "743125000"
// RTL Simulation : 392 / 956 [0.00%] @ "745025000"
// RTL Simulation : 393 / 956 [0.00%] @ "746925000"
// RTL Simulation : 394 / 956 [0.00%] @ "748825000"
// RTL Simulation : 395 / 956 [0.00%] @ "750725000"
// RTL Simulation : 396 / 956 [0.00%] @ "752625000"
// RTL Simulation : 397 / 956 [0.00%] @ "754525000"
// RTL Simulation : 398 / 956 [0.00%] @ "756425000"
// RTL Simulation : 399 / 956 [0.00%] @ "758325000"
// RTL Simulation : 400 / 956 [0.00%] @ "760225000"
// RTL Simulation : 401 / 956 [0.00%] @ "762125000"
// RTL Simulation : 402 / 956 [0.00%] @ "764025000"
// RTL Simulation : 403 / 956 [0.00%] @ "765925000"
// RTL Simulation : 404 / 956 [0.00%] @ "767825000"
// RTL Simulation : 405 / 956 [0.00%] @ "769725000"
// RTL Simulation : 406 / 956 [0.00%] @ "771625000"
// RTL Simulation : 407 / 956 [0.00%] @ "773525000"
// RTL Simulation : 408 / 956 [0.00%] @ "775425000"
// RTL Simulation : 409 / 956 [0.00%] @ "777325000"
// RTL Simulation : 410 / 956 [0.00%] @ "779225000"
// RTL Simulation : 411 / 956 [0.00%] @ "781125000"
// RTL Simulation : 412 / 956 [0.00%] @ "783025000"
// RTL Simulation : 413 / 956 [0.00%] @ "784925000"
// RTL Simulation : 414 / 956 [0.00%] @ "786825000"
// RTL Simulation : 415 / 956 [0.00%] @ "788725000"
// RTL Simulation : 416 / 956 [0.00%] @ "790625000"
// RTL Simulation : 417 / 956 [0.00%] @ "792525000"
// RTL Simulation : 418 / 956 [0.00%] @ "794425000"
// RTL Simulation : 419 / 956 [0.00%] @ "796325000"
// RTL Simulation : 420 / 956 [0.00%] @ "798225000"
// RTL Simulation : 421 / 956 [0.00%] @ "800125000"
// RTL Simulation : 422 / 956 [0.00%] @ "802025000"
// RTL Simulation : 423 / 956 [0.00%] @ "803925000"
// RTL Simulation : 424 / 956 [0.00%] @ "805825000"
// RTL Simulation : 425 / 956 [0.00%] @ "807725000"
// RTL Simulation : 426 / 956 [0.00%] @ "809625000"
// RTL Simulation : 427 / 956 [0.00%] @ "811525000"
// RTL Simulation : 428 / 956 [0.00%] @ "813425000"
// RTL Simulation : 429 / 956 [0.00%] @ "815325000"
// RTL Simulation : 430 / 956 [0.00%] @ "817225000"
// RTL Simulation : 431 / 956 [0.00%] @ "819125000"
// RTL Simulation : 432 / 956 [0.00%] @ "821025000"
// RTL Simulation : 433 / 956 [0.00%] @ "822925000"
// RTL Simulation : 434 / 956 [0.00%] @ "824825000"
// RTL Simulation : 435 / 956 [0.00%] @ "826725000"
// RTL Simulation : 436 / 956 [0.00%] @ "828625000"
// RTL Simulation : 437 / 956 [0.00%] @ "830525000"
// RTL Simulation : 438 / 956 [0.00%] @ "832425000"
// RTL Simulation : 439 / 956 [0.00%] @ "834325000"
// RTL Simulation : 440 / 956 [0.00%] @ "836225000"
// RTL Simulation : 441 / 956 [0.00%] @ "838125000"
// RTL Simulation : 442 / 956 [0.00%] @ "840025000"
// RTL Simulation : 443 / 956 [0.00%] @ "841925000"
// RTL Simulation : 444 / 956 [0.00%] @ "843825000"
// RTL Simulation : 445 / 956 [0.00%] @ "845725000"
// RTL Simulation : 446 / 956 [0.00%] @ "847625000"
// RTL Simulation : 447 / 956 [0.00%] @ "849525000"
// RTL Simulation : 448 / 956 [0.00%] @ "851425000"
// RTL Simulation : 449 / 956 [0.00%] @ "853325000"
// RTL Simulation : 450 / 956 [0.00%] @ "855225000"
// RTL Simulation : 451 / 956 [0.00%] @ "857125000"
// RTL Simulation : 452 / 956 [0.00%] @ "859025000"
// RTL Simulation : 453 / 956 [0.00%] @ "860925000"
// RTL Simulation : 454 / 956 [0.00%] @ "862825000"
// RTL Simulation : 455 / 956 [0.00%] @ "864725000"
// RTL Simulation : 456 / 956 [0.00%] @ "866625000"
// RTL Simulation : 457 / 956 [0.00%] @ "868525000"
// RTL Simulation : 458 / 956 [0.00%] @ "870425000"
// RTL Simulation : 459 / 956 [0.00%] @ "872325000"
// RTL Simulation : 460 / 956 [0.00%] @ "874225000"
// RTL Simulation : 461 / 956 [0.00%] @ "876125000"
// RTL Simulation : 462 / 956 [0.00%] @ "878025000"
// RTL Simulation : 463 / 956 [0.00%] @ "879925000"
// RTL Simulation : 464 / 956 [0.00%] @ "881825000"
// RTL Simulation : 465 / 956 [0.00%] @ "883725000"
// RTL Simulation : 466 / 956 [0.00%] @ "885625000"
// RTL Simulation : 467 / 956 [0.00%] @ "887525000"
// RTL Simulation : 468 / 956 [0.00%] @ "889425000"
// RTL Simulation : 469 / 956 [0.00%] @ "891325000"
// RTL Simulation : 470 / 956 [0.00%] @ "893225000"
// RTL Simulation : 471 / 956 [0.00%] @ "895125000"
// RTL Simulation : 472 / 956 [0.00%] @ "897025000"
// RTL Simulation : 473 / 956 [0.00%] @ "898925000"
// RTL Simulation : 474 / 956 [0.00%] @ "900825000"
// RTL Simulation : 475 / 956 [0.00%] @ "902725000"
// RTL Simulation : 476 / 956 [0.00%] @ "904625000"
// RTL Simulation : 477 / 956 [0.00%] @ "906525000"
// RTL Simulation : 478 / 956 [0.00%] @ "908425000"
// RTL Simulation : 479 / 956 [0.00%] @ "910325000"
// RTL Simulation : 480 / 956 [0.00%] @ "912225000"
// RTL Simulation : 481 / 956 [0.00%] @ "914125000"
// RTL Simulation : 482 / 956 [0.00%] @ "916025000"
// RTL Simulation : 483 / 956 [0.00%] @ "917925000"
// RTL Simulation : 484 / 956 [0.00%] @ "919825000"
// RTL Simulation : 485 / 956 [0.00%] @ "921725000"
// RTL Simulation : 486 / 956 [0.00%] @ "923625000"
// RTL Simulation : 487 / 956 [0.00%] @ "925525000"
// RTL Simulation : 488 / 956 [0.00%] @ "927425000"
// RTL Simulation : 489 / 956 [0.00%] @ "929325000"
// RTL Simulation : 490 / 956 [0.00%] @ "931225000"
// RTL Simulation : 491 / 956 [0.00%] @ "933125000"
// RTL Simulation : 492 / 956 [0.00%] @ "935025000"
// RTL Simulation : 493 / 956 [0.00%] @ "936925000"
// RTL Simulation : 494 / 956 [0.00%] @ "938825000"
// RTL Simulation : 495 / 956 [0.00%] @ "940725000"
// RTL Simulation : 496 / 956 [0.00%] @ "942625000"
// RTL Simulation : 497 / 956 [0.00%] @ "944525000"
// RTL Simulation : 498 / 956 [0.00%] @ "946425000"
// RTL Simulation : 499 / 956 [0.00%] @ "948325000"
// RTL Simulation : 500 / 956 [0.00%] @ "950225000"
// RTL Simulation : 501 / 956 [0.00%] @ "952125000"
// RTL Simulation : 502 / 956 [0.00%] @ "954025000"
// RTL Simulation : 503 / 956 [0.00%] @ "955925000"
// RTL Simulation : 504 / 956 [0.00%] @ "957825000"
// RTL Simulation : 505 / 956 [0.00%] @ "959725000"
// RTL Simulation : 506 / 956 [0.00%] @ "961625000"
// RTL Simulation : 507 / 956 [0.00%] @ "963525000"
// RTL Simulation : 508 / 956 [0.00%] @ "965425000"
// RTL Simulation : 509 / 956 [0.00%] @ "967325000"
// RTL Simulation : 510 / 956 [0.00%] @ "969225000"
// RTL Simulation : 511 / 956 [0.00%] @ "971125000"
// RTL Simulation : 512 / 956 [0.00%] @ "973025000"
// RTL Simulation : 513 / 956 [0.00%] @ "974925000"
// RTL Simulation : 514 / 956 [0.00%] @ "976825000"
// RTL Simulation : 515 / 956 [0.00%] @ "978725000"
// RTL Simulation : 516 / 956 [0.00%] @ "980625000"
// RTL Simulation : 517 / 956 [0.00%] @ "982525000"
// RTL Simulation : 518 / 956 [0.00%] @ "984425000"
// RTL Simulation : 519 / 956 [0.00%] @ "986325000"
// RTL Simulation : 520 / 956 [0.00%] @ "988225000"
// RTL Simulation : 521 / 956 [0.00%] @ "990125000"
// RTL Simulation : 522 / 956 [0.00%] @ "992025000"
// RTL Simulation : 523 / 956 [0.00%] @ "993925000"
// RTL Simulation : 524 / 956 [0.00%] @ "995825000"
// RTL Simulation : 525 / 956 [0.00%] @ "997725000"
// RTL Simulation : 526 / 956 [0.00%] @ "999625000"
// RTL Simulation : 527 / 956 [0.00%] @ "1001525000"
// RTL Simulation : 528 / 956 [0.00%] @ "1003425000"
// RTL Simulation : 529 / 956 [0.00%] @ "1005325000"
// RTL Simulation : 530 / 956 [0.00%] @ "1007225000"
// RTL Simulation : 531 / 956 [0.00%] @ "1009125000"
// RTL Simulation : 532 / 956 [0.00%] @ "1011025000"
// RTL Simulation : 533 / 956 [0.00%] @ "1012925000"
// RTL Simulation : 534 / 956 [0.00%] @ "1014825000"
// RTL Simulation : 535 / 956 [0.00%] @ "1016725000"
// RTL Simulation : 536 / 956 [0.00%] @ "1018625000"
// RTL Simulation : 537 / 956 [0.00%] @ "1020525000"
// RTL Simulation : 538 / 956 [0.00%] @ "1022425000"
// RTL Simulation : 539 / 956 [0.00%] @ "1024325000"
// RTL Simulation : 540 / 956 [0.00%] @ "1026225000"
// RTL Simulation : 541 / 956 [0.00%] @ "1028125000"
// RTL Simulation : 542 / 956 [0.00%] @ "1030025000"
// RTL Simulation : 543 / 956 [0.00%] @ "1031925000"
// RTL Simulation : 544 / 956 [0.00%] @ "1033825000"
// RTL Simulation : 545 / 956 [0.00%] @ "1035725000"
// RTL Simulation : 546 / 956 [0.00%] @ "1037625000"
// RTL Simulation : 547 / 956 [0.00%] @ "1039525000"
// RTL Simulation : 548 / 956 [0.00%] @ "1041425000"
// RTL Simulation : 549 / 956 [0.00%] @ "1043325000"
// RTL Simulation : 550 / 956 [0.00%] @ "1045225000"
// RTL Simulation : 551 / 956 [0.00%] @ "1047125000"
// RTL Simulation : 552 / 956 [0.00%] @ "1049025000"
// RTL Simulation : 553 / 956 [0.00%] @ "1050925000"
// RTL Simulation : 554 / 956 [0.00%] @ "1052825000"
// RTL Simulation : 555 / 956 [0.00%] @ "1054725000"
// RTL Simulation : 556 / 956 [0.00%] @ "1056625000"
// RTL Simulation : 557 / 956 [0.00%] @ "1058525000"
// RTL Simulation : 558 / 956 [0.00%] @ "1060425000"
// RTL Simulation : 559 / 956 [0.00%] @ "1062325000"
// RTL Simulation : 560 / 956 [0.00%] @ "1064225000"
// RTL Simulation : 561 / 956 [0.00%] @ "1066125000"
// RTL Simulation : 562 / 956 [0.00%] @ "1068025000"
// RTL Simulation : 563 / 956 [0.00%] @ "1069925000"
// RTL Simulation : 564 / 956 [0.00%] @ "1071825000"
// RTL Simulation : 565 / 956 [0.00%] @ "1073725000"
// RTL Simulation : 566 / 956 [0.00%] @ "1075625000"
// RTL Simulation : 567 / 956 [0.00%] @ "1077525000"
// RTL Simulation : 568 / 956 [0.00%] @ "1079425000"
// RTL Simulation : 569 / 956 [0.00%] @ "1081325000"
// RTL Simulation : 570 / 956 [0.00%] @ "1083225000"
// RTL Simulation : 571 / 956 [0.00%] @ "1085125000"
// RTL Simulation : 572 / 956 [0.00%] @ "1087025000"
// RTL Simulation : 573 / 956 [0.00%] @ "1088925000"
// RTL Simulation : 574 / 956 [0.00%] @ "1090825000"
// RTL Simulation : 575 / 956 [0.00%] @ "1092725000"
// RTL Simulation : 576 / 956 [0.00%] @ "1094625000"
// RTL Simulation : 577 / 956 [0.00%] @ "1096525000"
// RTL Simulation : 578 / 956 [0.00%] @ "1098425000"
// RTL Simulation : 579 / 956 [0.00%] @ "1100325000"
// RTL Simulation : 580 / 956 [0.00%] @ "1102225000"
// RTL Simulation : 581 / 956 [0.00%] @ "1104125000"
// RTL Simulation : 582 / 956 [0.00%] @ "1106025000"
// RTL Simulation : 583 / 956 [0.00%] @ "1107925000"
// RTL Simulation : 584 / 956 [0.00%] @ "1109825000"
// RTL Simulation : 585 / 956 [0.00%] @ "1111725000"
// RTL Simulation : 586 / 956 [0.00%] @ "1113625000"
// RTL Simulation : 587 / 956 [0.00%] @ "1115525000"
// RTL Simulation : 588 / 956 [0.00%] @ "1117425000"
// RTL Simulation : 589 / 956 [0.00%] @ "1119325000"
// RTL Simulation : 590 / 956 [0.00%] @ "1121225000"
// RTL Simulation : 591 / 956 [0.00%] @ "1123125000"
// RTL Simulation : 592 / 956 [0.00%] @ "1125025000"
// RTL Simulation : 593 / 956 [0.00%] @ "1126925000"
// RTL Simulation : 594 / 956 [0.00%] @ "1128825000"
// RTL Simulation : 595 / 956 [0.00%] @ "1130725000"
// RTL Simulation : 596 / 956 [0.00%] @ "1132625000"
// RTL Simulation : 597 / 956 [0.00%] @ "1134525000"
// RTL Simulation : 598 / 956 [0.00%] @ "1136425000"
// RTL Simulation : 599 / 956 [0.00%] @ "1138325000"
// RTL Simulation : 600 / 956 [0.00%] @ "1140225000"
// RTL Simulation : 601 / 956 [0.00%] @ "1142125000"
// RTL Simulation : 602 / 956 [0.00%] @ "1144025000"
// RTL Simulation : 603 / 956 [0.00%] @ "1145925000"
// RTL Simulation : 604 / 956 [0.00%] @ "1147825000"
// RTL Simulation : 605 / 956 [0.00%] @ "1149725000"
// RTL Simulation : 606 / 956 [0.00%] @ "1151625000"
// RTL Simulation : 607 / 956 [0.00%] @ "1153525000"
// RTL Simulation : 608 / 956 [0.00%] @ "1155425000"
// RTL Simulation : 609 / 956 [0.00%] @ "1157325000"
// RTL Simulation : 610 / 956 [0.00%] @ "1159225000"
// RTL Simulation : 611 / 956 [0.00%] @ "1161125000"
// RTL Simulation : 612 / 956 [0.00%] @ "1163025000"
// RTL Simulation : 613 / 956 [0.00%] @ "1164925000"
// RTL Simulation : 614 / 956 [0.00%] @ "1166825000"
// RTL Simulation : 615 / 956 [0.00%] @ "1168725000"
// RTL Simulation : 616 / 956 [0.00%] @ "1170625000"
// RTL Simulation : 617 / 956 [0.00%] @ "1172525000"
// RTL Simulation : 618 / 956 [0.00%] @ "1174425000"
// RTL Simulation : 619 / 956 [0.00%] @ "1176325000"
// RTL Simulation : 620 / 956 [0.00%] @ "1178225000"
// RTL Simulation : 621 / 956 [0.00%] @ "1180125000"
// RTL Simulation : 622 / 956 [0.00%] @ "1182025000"
// RTL Simulation : 623 / 956 [0.00%] @ "1183925000"
// RTL Simulation : 624 / 956 [0.00%] @ "1185825000"
// RTL Simulation : 625 / 956 [0.00%] @ "1187725000"
// RTL Simulation : 626 / 956 [0.00%] @ "1189625000"
// RTL Simulation : 627 / 956 [0.00%] @ "1191525000"
// RTL Simulation : 628 / 956 [0.00%] @ "1193425000"
// RTL Simulation : 629 / 956 [0.00%] @ "1195325000"
// RTL Simulation : 630 / 956 [0.00%] @ "1197225000"
// RTL Simulation : 631 / 956 [0.00%] @ "1199125000"
// RTL Simulation : 632 / 956 [0.00%] @ "1201025000"
// RTL Simulation : 633 / 956 [0.00%] @ "1202925000"
// RTL Simulation : 634 / 956 [0.00%] @ "1204825000"
// RTL Simulation : 635 / 956 [0.00%] @ "1206725000"
// RTL Simulation : 636 / 956 [0.00%] @ "1208625000"
// RTL Simulation : 637 / 956 [0.00%] @ "1210525000"
// RTL Simulation : 638 / 956 [0.00%] @ "1212425000"
// RTL Simulation : 639 / 956 [0.00%] @ "1214325000"
// RTL Simulation : 640 / 956 [0.00%] @ "1216225000"
// RTL Simulation : 641 / 956 [0.00%] @ "1218125000"
// RTL Simulation : 642 / 956 [0.00%] @ "1220025000"
// RTL Simulation : 643 / 956 [0.00%] @ "1221925000"
// RTL Simulation : 644 / 956 [0.00%] @ "1223825000"
// RTL Simulation : 645 / 956 [0.00%] @ "1225725000"
// RTL Simulation : 646 / 956 [0.00%] @ "1227625000"
// RTL Simulation : 647 / 956 [0.00%] @ "1229525000"
// RTL Simulation : 648 / 956 [0.00%] @ "1231425000"
// RTL Simulation : 649 / 956 [0.00%] @ "1233325000"
// RTL Simulation : 650 / 956 [0.00%] @ "1235225000"
// RTL Simulation : 651 / 956 [0.00%] @ "1237125000"
// RTL Simulation : 652 / 956 [0.00%] @ "1239025000"
// RTL Simulation : 653 / 956 [0.00%] @ "1240925000"
// RTL Simulation : 654 / 956 [0.00%] @ "1242825000"
// RTL Simulation : 655 / 956 [0.00%] @ "1244725000"
// RTL Simulation : 656 / 956 [0.00%] @ "1246625000"
// RTL Simulation : 657 / 956 [0.00%] @ "1248525000"
// RTL Simulation : 658 / 956 [0.00%] @ "1250425000"
// RTL Simulation : 659 / 956 [0.00%] @ "1252325000"
// RTL Simulation : 660 / 956 [0.00%] @ "1254225000"
// RTL Simulation : 661 / 956 [0.00%] @ "1256125000"
// RTL Simulation : 662 / 956 [0.00%] @ "1258025000"
// RTL Simulation : 663 / 956 [0.00%] @ "1259925000"
// RTL Simulation : 664 / 956 [0.00%] @ "1261825000"
// RTL Simulation : 665 / 956 [0.00%] @ "1263725000"
// RTL Simulation : 666 / 956 [0.00%] @ "1265625000"
// RTL Simulation : 667 / 956 [0.00%] @ "1267525000"
// RTL Simulation : 668 / 956 [0.00%] @ "1269425000"
// RTL Simulation : 669 / 956 [0.00%] @ "1271325000"
// RTL Simulation : 670 / 956 [0.00%] @ "1273225000"
// RTL Simulation : 671 / 956 [0.00%] @ "1275125000"
// RTL Simulation : 672 / 956 [0.00%] @ "1277025000"
// RTL Simulation : 673 / 956 [0.00%] @ "1278925000"
// RTL Simulation : 674 / 956 [0.00%] @ "1280825000"
// RTL Simulation : 675 / 956 [0.00%] @ "1282725000"
// RTL Simulation : 676 / 956 [0.00%] @ "1284625000"
// RTL Simulation : 677 / 956 [0.00%] @ "1286525000"
// RTL Simulation : 678 / 956 [0.00%] @ "1288425000"
// RTL Simulation : 679 / 956 [0.00%] @ "1290325000"
// RTL Simulation : 680 / 956 [0.00%] @ "1292225000"
// RTL Simulation : 681 / 956 [0.00%] @ "1294125000"
// RTL Simulation : 682 / 956 [0.00%] @ "1296025000"
// RTL Simulation : 683 / 956 [0.00%] @ "1297925000"
// RTL Simulation : 684 / 956 [0.00%] @ "1299825000"
// RTL Simulation : 685 / 956 [0.00%] @ "1301725000"
// RTL Simulation : 686 / 956 [0.00%] @ "1303625000"
// RTL Simulation : 687 / 956 [0.00%] @ "1305525000"
// RTL Simulation : 688 / 956 [0.00%] @ "1307425000"
// RTL Simulation : 689 / 956 [0.00%] @ "1309325000"
// RTL Simulation : 690 / 956 [0.00%] @ "1311225000"
// RTL Simulation : 691 / 956 [0.00%] @ "1313125000"
// RTL Simulation : 692 / 956 [0.00%] @ "1315025000"
// RTL Simulation : 693 / 956 [0.00%] @ "1316925000"
// RTL Simulation : 694 / 956 [0.00%] @ "1318825000"
// RTL Simulation : 695 / 956 [0.00%] @ "1320725000"
// RTL Simulation : 696 / 956 [0.00%] @ "1322625000"
// RTL Simulation : 697 / 956 [0.00%] @ "1324525000"
// RTL Simulation : 698 / 956 [0.00%] @ "1326425000"
// RTL Simulation : 699 / 956 [0.00%] @ "1328325000"
// RTL Simulation : 700 / 956 [0.00%] @ "1330225000"
// RTL Simulation : 701 / 956 [0.00%] @ "1332125000"
// RTL Simulation : 702 / 956 [0.00%] @ "1334025000"
// RTL Simulation : 703 / 956 [0.00%] @ "1335925000"
// RTL Simulation : 704 / 956 [0.00%] @ "1337825000"
// RTL Simulation : 705 / 956 [0.00%] @ "1339725000"
// RTL Simulation : 706 / 956 [0.00%] @ "1341625000"
// RTL Simulation : 707 / 956 [0.00%] @ "1343525000"
// RTL Simulation : 708 / 956 [0.00%] @ "1345425000"
// RTL Simulation : 709 / 956 [0.00%] @ "1347325000"
// RTL Simulation : 710 / 956 [0.00%] @ "1349225000"
// RTL Simulation : 711 / 956 [0.00%] @ "1351125000"
// RTL Simulation : 712 / 956 [0.00%] @ "1353025000"
// RTL Simulation : 713 / 956 [0.00%] @ "1354925000"
// RTL Simulation : 714 / 956 [0.00%] @ "1356825000"
// RTL Simulation : 715 / 956 [0.00%] @ "1358725000"
// RTL Simulation : 716 / 956 [0.00%] @ "1360625000"
// RTL Simulation : 717 / 956 [0.00%] @ "1362525000"
// RTL Simulation : 718 / 956 [0.00%] @ "1364425000"
// RTL Simulation : 719 / 956 [0.00%] @ "1366325000"
// RTL Simulation : 720 / 956 [0.00%] @ "1368225000"
// RTL Simulation : 721 / 956 [0.00%] @ "1370125000"
// RTL Simulation : 722 / 956 [0.00%] @ "1372025000"
// RTL Simulation : 723 / 956 [0.00%] @ "1373925000"
// RTL Simulation : 724 / 956 [0.00%] @ "1375825000"
// RTL Simulation : 725 / 956 [0.00%] @ "1377725000"
// RTL Simulation : 726 / 956 [0.00%] @ "1379625000"
// RTL Simulation : 727 / 956 [0.00%] @ "1381525000"
// RTL Simulation : 728 / 956 [0.00%] @ "1383425000"
// RTL Simulation : 729 / 956 [0.00%] @ "1385325000"
// RTL Simulation : 730 / 956 [0.00%] @ "1387225000"
// RTL Simulation : 731 / 956 [0.00%] @ "1389125000"
// RTL Simulation : 732 / 956 [0.00%] @ "1391025000"
// RTL Simulation : 733 / 956 [0.00%] @ "1392925000"
// RTL Simulation : 734 / 956 [0.00%] @ "1394825000"
// RTL Simulation : 735 / 956 [0.00%] @ "1396725000"
// RTL Simulation : 736 / 956 [0.00%] @ "1398625000"
// RTL Simulation : 737 / 956 [0.00%] @ "1400525000"
// RTL Simulation : 738 / 956 [0.00%] @ "1402425000"
// RTL Simulation : 739 / 956 [0.00%] @ "1404325000"
// RTL Simulation : 740 / 956 [0.00%] @ "1406225000"
// RTL Simulation : 741 / 956 [0.00%] @ "1408125000"
// RTL Simulation : 742 / 956 [0.00%] @ "1410025000"
// RTL Simulation : 743 / 956 [0.00%] @ "1411925000"
// RTL Simulation : 744 / 956 [0.00%] @ "1413825000"
// RTL Simulation : 745 / 956 [0.00%] @ "1415725000"
// RTL Simulation : 746 / 956 [0.00%] @ "1417625000"
// RTL Simulation : 747 / 956 [0.00%] @ "1419525000"
// RTL Simulation : 748 / 956 [0.00%] @ "1421425000"
// RTL Simulation : 749 / 956 [0.00%] @ "1423325000"
// RTL Simulation : 750 / 956 [0.00%] @ "1425225000"
// RTL Simulation : 751 / 956 [0.00%] @ "1427125000"
// RTL Simulation : 752 / 956 [0.00%] @ "1429025000"
// RTL Simulation : 753 / 956 [0.00%] @ "1430925000"
// RTL Simulation : 754 / 956 [0.00%] @ "1432825000"
// RTL Simulation : 755 / 956 [0.00%] @ "1434725000"
// RTL Simulation : 756 / 956 [0.00%] @ "1436625000"
// RTL Simulation : 757 / 956 [0.00%] @ "1438525000"
// RTL Simulation : 758 / 956 [0.00%] @ "1440425000"
// RTL Simulation : 759 / 956 [0.00%] @ "1442325000"
// RTL Simulation : 760 / 956 [0.00%] @ "1444225000"
// RTL Simulation : 761 / 956 [0.00%] @ "1446125000"
// RTL Simulation : 762 / 956 [0.00%] @ "1448025000"
// RTL Simulation : 763 / 956 [0.00%] @ "1449925000"
// RTL Simulation : 764 / 956 [0.00%] @ "1451825000"
// RTL Simulation : 765 / 956 [0.00%] @ "1453725000"
// RTL Simulation : 766 / 956 [0.00%] @ "1455625000"
// RTL Simulation : 767 / 956 [0.00%] @ "1457525000"
// RTL Simulation : 768 / 956 [0.00%] @ "1459425000"
// RTL Simulation : 769 / 956 [0.00%] @ "1461325000"
// RTL Simulation : 770 / 956 [0.00%] @ "1463225000"
// RTL Simulation : 771 / 956 [0.00%] @ "1465125000"
// RTL Simulation : 772 / 956 [0.00%] @ "1467025000"
// RTL Simulation : 773 / 956 [0.00%] @ "1468925000"
// RTL Simulation : 774 / 956 [0.00%] @ "1470825000"
// RTL Simulation : 775 / 956 [0.00%] @ "1472725000"
// RTL Simulation : 776 / 956 [0.00%] @ "1474625000"
// RTL Simulation : 777 / 956 [0.00%] @ "1476525000"
// RTL Simulation : 778 / 956 [0.00%] @ "1478425000"
// RTL Simulation : 779 / 956 [0.00%] @ "1480325000"
// RTL Simulation : 780 / 956 [0.00%] @ "1482225000"
// RTL Simulation : 781 / 956 [0.00%] @ "1484125000"
// RTL Simulation : 782 / 956 [0.00%] @ "1486025000"
// RTL Simulation : 783 / 956 [0.00%] @ "1487925000"
// RTL Simulation : 784 / 956 [0.00%] @ "1489825000"
// RTL Simulation : 785 / 956 [0.00%] @ "1491725000"
// RTL Simulation : 786 / 956 [0.00%] @ "1493625000"
// RTL Simulation : 787 / 956 [0.00%] @ "1495525000"
// RTL Simulation : 788 / 956 [0.00%] @ "1497425000"
// RTL Simulation : 789 / 956 [0.00%] @ "1499325000"
// RTL Simulation : 790 / 956 [0.00%] @ "1501225000"
// RTL Simulation : 791 / 956 [0.00%] @ "1503125000"
// RTL Simulation : 792 / 956 [0.00%] @ "1505025000"
// RTL Simulation : 793 / 956 [0.00%] @ "1506925000"
// RTL Simulation : 794 / 956 [0.00%] @ "1508825000"
// RTL Simulation : 795 / 956 [0.00%] @ "1510725000"
// RTL Simulation : 796 / 956 [0.00%] @ "1512625000"
// RTL Simulation : 797 / 956 [0.00%] @ "1514525000"
// RTL Simulation : 798 / 956 [0.00%] @ "1516425000"
// RTL Simulation : 799 / 956 [0.00%] @ "1518325000"
// RTL Simulation : 800 / 956 [0.00%] @ "1520225000"
// RTL Simulation : 801 / 956 [0.00%] @ "1522125000"
// RTL Simulation : 802 / 956 [0.00%] @ "1524025000"
// RTL Simulation : 803 / 956 [0.00%] @ "1525925000"
// RTL Simulation : 804 / 956 [0.00%] @ "1527825000"
// RTL Simulation : 805 / 956 [0.00%] @ "1529725000"
// RTL Simulation : 806 / 956 [0.00%] @ "1531625000"
// RTL Simulation : 807 / 956 [0.00%] @ "1533525000"
// RTL Simulation : 808 / 956 [0.00%] @ "1535425000"
// RTL Simulation : 809 / 956 [0.00%] @ "1537325000"
// RTL Simulation : 810 / 956 [0.00%] @ "1539225000"
// RTL Simulation : 811 / 956 [0.00%] @ "1541125000"
// RTL Simulation : 812 / 956 [0.00%] @ "1543025000"
// RTL Simulation : 813 / 956 [0.00%] @ "1544925000"
// RTL Simulation : 814 / 956 [0.00%] @ "1546825000"
// RTL Simulation : 815 / 956 [0.00%] @ "1548725000"
// RTL Simulation : 816 / 956 [0.00%] @ "1550625000"
// RTL Simulation : 817 / 956 [0.00%] @ "1552525000"
// RTL Simulation : 818 / 956 [0.00%] @ "1554425000"
// RTL Simulation : 819 / 956 [0.00%] @ "1556325000"
// RTL Simulation : 820 / 956 [0.00%] @ "1558225000"
// RTL Simulation : 821 / 956 [0.00%] @ "1560125000"
// RTL Simulation : 822 / 956 [0.00%] @ "1562025000"
// RTL Simulation : 823 / 956 [0.00%] @ "1563925000"
// RTL Simulation : 824 / 956 [0.00%] @ "1565825000"
// RTL Simulation : 825 / 956 [0.00%] @ "1567725000"
// RTL Simulation : 826 / 956 [0.00%] @ "1569625000"
// RTL Simulation : 827 / 956 [0.00%] @ "1571525000"
// RTL Simulation : 828 / 956 [0.00%] @ "1573425000"
// RTL Simulation : 829 / 956 [0.00%] @ "1575325000"
// RTL Simulation : 830 / 956 [0.00%] @ "1577225000"
// RTL Simulation : 831 / 956 [0.00%] @ "1579125000"
// RTL Simulation : 832 / 956 [0.00%] @ "1581025000"
// RTL Simulation : 833 / 956 [0.00%] @ "1582925000"
// RTL Simulation : 834 / 956 [0.00%] @ "1584825000"
// RTL Simulation : 835 / 956 [0.00%] @ "1586725000"
// RTL Simulation : 836 / 956 [0.00%] @ "1588625000"
// RTL Simulation : 837 / 956 [0.00%] @ "1590525000"
// RTL Simulation : 838 / 956 [0.00%] @ "1592425000"
// RTL Simulation : 839 / 956 [0.00%] @ "1594325000"
// RTL Simulation : 840 / 956 [0.00%] @ "1596225000"
// RTL Simulation : 841 / 956 [0.00%] @ "1598125000"
// RTL Simulation : 842 / 956 [0.00%] @ "1600025000"
// RTL Simulation : 843 / 956 [0.00%] @ "1601925000"
// RTL Simulation : 844 / 956 [0.00%] @ "1603825000"
// RTL Simulation : 845 / 956 [0.00%] @ "1605725000"
// RTL Simulation : 846 / 956 [0.00%] @ "1607625000"
// RTL Simulation : 847 / 956 [0.00%] @ "1609525000"
// RTL Simulation : 848 / 956 [0.00%] @ "1611425000"
// RTL Simulation : 849 / 956 [0.00%] @ "1613325000"
// RTL Simulation : 850 / 956 [0.00%] @ "1615225000"
// RTL Simulation : 851 / 956 [0.00%] @ "1617125000"
// RTL Simulation : 852 / 956 [0.00%] @ "1619025000"
// RTL Simulation : 853 / 956 [0.00%] @ "1620925000"
// RTL Simulation : 854 / 956 [0.00%] @ "1622825000"
// RTL Simulation : 855 / 956 [0.00%] @ "1624725000"
// RTL Simulation : 856 / 956 [0.00%] @ "1626625000"
// RTL Simulation : 857 / 956 [0.00%] @ "1628525000"
// RTL Simulation : 858 / 956 [0.00%] @ "1630425000"
// RTL Simulation : 859 / 956 [0.00%] @ "1632325000"
// RTL Simulation : 860 / 956 [0.00%] @ "1634225000"
// RTL Simulation : 861 / 956 [0.00%] @ "1636125000"
// RTL Simulation : 862 / 956 [0.00%] @ "1638025000"
// RTL Simulation : 863 / 956 [0.00%] @ "1639925000"
// RTL Simulation : 864 / 956 [0.00%] @ "1641825000"
// RTL Simulation : 865 / 956 [0.00%] @ "1643725000"
// RTL Simulation : 866 / 956 [0.00%] @ "1645625000"
// RTL Simulation : 867 / 956 [0.00%] @ "1647525000"
// RTL Simulation : 868 / 956 [0.00%] @ "1649425000"
// RTL Simulation : 869 / 956 [0.00%] @ "1651325000"
// RTL Simulation : 870 / 956 [0.00%] @ "1653225000"
// RTL Simulation : 871 / 956 [0.00%] @ "1655125000"
// RTL Simulation : 872 / 956 [0.00%] @ "1657025000"
// RTL Simulation : 873 / 956 [0.00%] @ "1658925000"
// RTL Simulation : 874 / 956 [0.00%] @ "1660825000"
// RTL Simulation : 875 / 956 [0.00%] @ "1662725000"
// RTL Simulation : 876 / 956 [0.00%] @ "1664625000"
// RTL Simulation : 877 / 956 [0.00%] @ "1666525000"
// RTL Simulation : 878 / 956 [0.00%] @ "1668425000"
// RTL Simulation : 879 / 956 [0.00%] @ "1670325000"
// RTL Simulation : 880 / 956 [0.00%] @ "1672225000"
// RTL Simulation : 881 / 956 [0.00%] @ "1674125000"
// RTL Simulation : 882 / 956 [0.00%] @ "1676025000"
// RTL Simulation : 883 / 956 [0.00%] @ "1677925000"
// RTL Simulation : 884 / 956 [0.00%] @ "1679825000"
// RTL Simulation : 885 / 956 [0.00%] @ "1681725000"
// RTL Simulation : 886 / 956 [0.00%] @ "1683625000"
// RTL Simulation : 887 / 956 [0.00%] @ "1685525000"
// RTL Simulation : 888 / 956 [0.00%] @ "1687425000"
// RTL Simulation : 889 / 956 [0.00%] @ "1689325000"
// RTL Simulation : 890 / 956 [0.00%] @ "1691225000"
// RTL Simulation : 891 / 956 [0.00%] @ "1693125000"
// RTL Simulation : 892 / 956 [0.00%] @ "1695025000"
// RTL Simulation : 893 / 956 [0.00%] @ "1696925000"
// RTL Simulation : 894 / 956 [0.00%] @ "1698825000"
// RTL Simulation : 895 / 956 [0.00%] @ "1700725000"
// RTL Simulation : 896 / 956 [0.00%] @ "1702625000"
// RTL Simulation : 897 / 956 [0.00%] @ "1704525000"
// RTL Simulation : 898 / 956 [0.00%] @ "1706425000"
// RTL Simulation : 899 / 956 [0.00%] @ "1708325000"
// RTL Simulation : 900 / 956 [0.00%] @ "1710225000"
// RTL Simulation : 901 / 956 [0.00%] @ "1712125000"
// RTL Simulation : 902 / 956 [0.00%] @ "1714025000"
// RTL Simulation : 903 / 956 [0.00%] @ "1715925000"
// RTL Simulation : 904 / 956 [0.00%] @ "1717825000"
// RTL Simulation : 905 / 956 [0.00%] @ "1719725000"
// RTL Simulation : 906 / 956 [0.00%] @ "1721625000"
// RTL Simulation : 907 / 956 [0.00%] @ "1723525000"
// RTL Simulation : 908 / 956 [0.00%] @ "1725425000"
// RTL Simulation : 909 / 956 [0.00%] @ "1727325000"
// RTL Simulation : 910 / 956 [0.00%] @ "1729225000"
// RTL Simulation : 911 / 956 [0.00%] @ "1731125000"
// RTL Simulation : 912 / 956 [0.00%] @ "1733025000"
// RTL Simulation : 913 / 956 [0.00%] @ "1734925000"
// RTL Simulation : 914 / 956 [0.00%] @ "1736825000"
// RTL Simulation : 915 / 956 [0.00%] @ "1738725000"
// RTL Simulation : 916 / 956 [0.00%] @ "1740625000"
// RTL Simulation : 917 / 956 [0.00%] @ "1742525000"
// RTL Simulation : 918 / 956 [0.00%] @ "1744425000"
// RTL Simulation : 919 / 956 [0.00%] @ "1746325000"
// RTL Simulation : 920 / 956 [0.00%] @ "1748225000"
// RTL Simulation : 921 / 956 [0.00%] @ "1750125000"
// RTL Simulation : 922 / 956 [0.00%] @ "1752025000"
// RTL Simulation : 923 / 956 [0.00%] @ "1753925000"
// RTL Simulation : 924 / 956 [0.00%] @ "1755825000"
// RTL Simulation : 925 / 956 [0.00%] @ "1757725000"
// RTL Simulation : 926 / 956 [0.00%] @ "1759625000"
// RTL Simulation : 927 / 956 [0.00%] @ "1761525000"
// RTL Simulation : 928 / 956 [0.00%] @ "1763425000"
// RTL Simulation : 929 / 956 [0.00%] @ "1765325000"
// RTL Simulation : 930 / 956 [0.00%] @ "1767225000"
// RTL Simulation : 931 / 956 [0.00%] @ "1769125000"
// RTL Simulation : 932 / 956 [0.00%] @ "1771025000"
// RTL Simulation : 933 / 956 [0.00%] @ "1772925000"
// RTL Simulation : 934 / 956 [0.00%] @ "1774825000"
// RTL Simulation : 935 / 956 [0.00%] @ "1776725000"
// RTL Simulation : 936 / 956 [0.00%] @ "1778625000"
// RTL Simulation : 937 / 956 [0.00%] @ "1780525000"
// RTL Simulation : 938 / 956 [0.00%] @ "1782425000"
// RTL Simulation : 939 / 956 [0.00%] @ "1784325000"
// RTL Simulation : 940 / 956 [0.00%] @ "1786225000"
// RTL Simulation : 941 / 956 [0.00%] @ "1788125000"
// RTL Simulation : 942 / 956 [0.00%] @ "1790025000"
// RTL Simulation : 943 / 956 [0.00%] @ "1791925000"
// RTL Simulation : 944 / 956 [0.00%] @ "1793825000"
// RTL Simulation : 945 / 956 [0.00%] @ "1795725000"
// RTL Simulation : 946 / 956 [0.00%] @ "1797625000"
// RTL Simulation : 947 / 956 [0.00%] @ "1799525000"
// RTL Simulation : 948 / 956 [0.00%] @ "1801425000"
// RTL Simulation : 949 / 956 [0.00%] @ "1803325000"
// RTL Simulation : 950 / 956 [0.00%] @ "1805225000"
// RTL Simulation : 951 / 956 [0.00%] @ "1807125000"
// RTL Simulation : 952 / 956 [0.00%] @ "1809025000"
// RTL Simulation : 953 / 956 [0.00%] @ "1810925000"
// RTL Simulation : 954 / 956 [0.00%] @ "1812825000"
// RTL Simulation : 955 / 956 [0.00%] @ "1814725000"
// RTL Simulation : 956 / 956 [100.00%] @ "1816625000"
////////////////////////////////////////////////////////////////////////////////////
$finish called at time : 1816825 ns : File "/home/brennan/mixer/mixer/solution1/sim/verilog/rpy_to_duty.autotb.v" Line 648
## quit
INFO: [Common 17-206] Exiting xsim at Fri Jul 13 11:09:55 2018...
