Copyright 1986-2017 Xilinx, Inc. All Rights Reserved.
---------------------------------------------------------------------------------------------
| Tool Version : Vivado v.2017.4 (lin64) Build 2086221 Fri Dec 15 20:54:30 MST 2017
| Date         : Mon Aug 20 14:38:35 2018
| Host         : fabricant running 64-bit Linux Mint 18 Sarah
| Command      : report_control_sets -verbose -file iicComm2_wrapper_control_sets_placed.rpt
| Design       : iicComm2_wrapper
| Device       : xc7z020
---------------------------------------------------------------------------------------------

Control Set Information

Table of Contents
-----------------
1. Summary
2. Flip-Flop Distribution
3. Detailed Control Set Information

1. Summary
----------

+----------------------------------------------------------+-------+
|                          Status                          | Count |
+----------------------------------------------------------+-------+
| Number of unique control sets                            |   153 |
| Unused register locations in slices containing registers |   404 |
+----------------------------------------------------------+-------+


2. Flip-Flop Distribution
-------------------------

+--------------+-----------------------+------------------------+-----------------+--------------+
| Clock Enable | Synchronous Set/Reset | Asynchronous Set/Reset | Total Registers | Total Slices |
+--------------+-----------------------+------------------------+-----------------+--------------+
| No           | No                    | No                     |             228 |           87 |
| No           | No                    | Yes                    |               0 |            0 |
| No           | Yes                   | No                     |             385 |          138 |
| Yes          | No                    | No                     |            1185 |          272 |
| Yes          | No                    | Yes                    |               0 |            0 |
| Yes          | Yes                   | No                     |            1094 |          321 |
+--------------+-----------------------+------------------------+-----------------+--------------+


3. Detailed Control Set Information
-----------------------------------

+-------------------------------------------------+----------------------------------------------------------------------------------------------------------------------------------------------------------------+------------------------------------------------------------------------------------------------------------------------------------------+------------------+----------------+
|                   Clock Signal                  |                                                                          Enable Signal                                                                         |                                                             Set/Reset Signal                                                             | Slice Load Count | Bel Load Count |
+-------------------------------------------------+----------------------------------------------------------------------------------------------------------------------------------------------------------------+------------------------------------------------------------------------------------------------------------------------------------------+------------------+----------------+
|  iicComm2_i/processing_system7_0/inst/FCLK_CLK0 | iicComm2_i/ps7_0_axi_periph/s01_couplers/auto_pc/inst/gen_axilite.gen_b2s_conv.axilite_b2s/RD.r_channel_0/r_push_r                                             |                                                                                                                                          |                1 |              1 |
|  iicComm2_i/processing_system7_0/inst/FCLK_CLK0 | iicComm2_i/axi_iic_0/U0/X_IIC/REG_INTERFACE_I/p_3_in                                                                                                           | iicComm2_i/axi_iic_0/U0/X_IIC/REG_INTERFACE_I/Tx_fifo_rst                                                                                |                1 |              1 |
|  iicComm2_i/processing_system7_0/inst/FCLK_CLK0 | iicComm2_i/iiccomm2_0/inst/iiccomm2_iic_m_axi_U/bus_write/buff_wdata/p_32_in                                                                                   | iicComm2_i/iiccomm2_0/inst/iiccomm2_iic_m_axi_U/bus_read/buff_rdata/SR[0]                                                                |                1 |              1 |
|  iicComm2_i/processing_system7_0/inst/FCLK_CLK0 | iicComm2_i/axi_iic_0/U0/X_IIC/WRITE_FIFO_CTRL_I/CI                                                                                                             |                                                                                                                                          |                1 |              2 |
|  iicComm2_i/processing_system7_0/inst/FCLK_CLK0 | iicComm2_i/ps7_0_axi_periph/s00_couplers/auto_pc/inst/gen_axilite.gen_b2s_conv.axilite_b2s/WR.b_channel_0/bid_fifo_0/bresp_push                                |                                                                                                                                          |                1 |              2 |
|  iicComm2_i/processing_system7_0/inst/FCLK_CLK0 | iicComm2_i/iiccomm2_0/inst/iiccomm2_iic_m_axi_U/bus_write/fifo_wreq/align_len_reg[31][0]                                                                       | iicComm2_i/iiccomm2_0/inst/iiccomm2_iic_m_axi_U/bus_write/fifo_wreq/align_len_reg[31]_1[0]                                               |                1 |              2 |
|  iicComm2_i/processing_system7_0/inst/FCLK_CLK0 | iicComm2_i/iiccomm2_0/inst/iiccomm2_iic_m_axi_U/bus_write/bus_equal_gen.fifo_burst/could_multi_bursts.next_loop                                                |                                                                                                                                          |                1 |              2 |
|  iicComm2_i/processing_system7_0/inst/FCLK_CLK0 | iicComm2_i/iiccomm2_0/inst/iiccomm2_iic_m_axi_U/bus_write/fifo_resp/pop0                                                                                       | iicComm2_i/iiccomm2_0/inst/iiccomm2_iic_m_axi_U/bus_read/buff_rdata/SR[0]                                                                |                1 |              2 |
|  iicComm2_i/processing_system7_0/inst/FCLK_CLK0 | iicComm2_i/axi_iic_0/U0/X_IIC/X_AXI_IPIF_SSP1/AXI_LITE_IPIF_I/I_SLAVE_ATTACHMENT/I_DECODER/Bus2IIC_WrCE[8]                                                     | iicComm2_i/axi_iic_0/U0/X_IIC/X_AXI_IPIF_SSP1/X_SOFT_RESET/SR[0]                                                                         |                1 |              4 |
|  iicComm2_i/processing_system7_0/inst/FCLK_CLK0 | iicComm2_i/iiccomm2_0/inst/iiccomm2_iic_m_axi_U/bus_read/fifo_rctl/sect_addr_buf_reg[2]_0[0]                                                                   | iicComm2_i/iiccomm2_0/inst/iiccomm2_iic_m_axi_U/bus_read/fifo_rctl/sect_addr_buf_reg[2][0]                                               |                1 |              4 |
|  iicComm2_i/processing_system7_0/inst/FCLK_CLK0 | iicComm2_i/iiccomm2_0/inst/iiccomm2_iic_m_axi_U/bus_write/bus_equal_gen.fifo_burst/push                                                                        |                                                                                                                                          |                1 |              4 |
|  iicComm2_i/processing_system7_0/inst/FCLK_CLK0 | iicComm2_i/iiccomm2_0/inst/iiccomm2_iic_m_axi_U/bus_write/fifo_resp/pout[3]_i_1_n_0                                                                            | iicComm2_i/iiccomm2_0/inst/iiccomm2_iic_m_axi_U/bus_read/buff_rdata/SR[0]                                                                |                2 |              4 |
|  iicComm2_i/processing_system7_0/inst/FCLK_CLK0 | iicComm2_i/axi_iic_0/U0/X_IIC/WRITE_FIFO_I/Tx_data_exists                                                                                                      | iicComm2_i/axi_iic_0/U0/X_IIC/REG_INTERFACE_I/Tx_fifo_rst                                                                                |                1 |              4 |
|  iicComm2_i/processing_system7_0/inst/FCLK_CLK0 | iicComm2_i/axi_iic_0/U0/X_IIC/IIC_CONTROL_I/BITCNT/q_int[0]_i_1__0_n_0                                                                                         | iicComm2_i/axi_iic_0/U0/X_IIC/REG_INTERFACE_I/SR[0]                                                                                      |                1 |              4 |
|  iicComm2_i/processing_system7_0/inst/FCLK_CLK0 | iicComm2_i/axi_iic_0/U0/X_IIC/READ_FIFO_I/Rc_Data_Exists                                                                                                       | iicComm2_i/axi_iic_0/U0/X_IIC/X_AXI_IPIF_SSP1/X_SOFT_RESET/SR[0]                                                                         |                1 |              4 |
|  iicComm2_i/processing_system7_0/inst/FCLK_CLK0 | iicComm2_i/axi_iic_0/U0/X_IIC/WRITE_FIFO_CTRL_I/Addr_Counters[0].FDRE_I_0                                                                                      | iicComm2_i/axi_iic_0/U0/X_IIC/REG_INTERFACE_I/Tx_fifo_rst                                                                                |                1 |              4 |
|  iicComm2_i/processing_system7_0/inst/FCLK_CLK0 | iicComm2_i/axi_iic_0/U0/X_IIC/IIC_CONTROL_I/FSM_sequential_scl_state[3]_i_2_n_0                                                                                | iicComm2_i/axi_iic_0/U0/X_IIC/REG_INTERFACE_I/SR[0]                                                                                      |                4 |              4 |
|  iicComm2_i/processing_system7_0/inst/FCLK_CLK0 |                                                                                                                                                                | iicComm2_i/ps7_0_axi_periph/s00_couplers/auto_pc/inst/gen_axilite.gen_b2s_conv.axilite_b2s/SI_REG/ar.ar_pipe/m_valid_i_reg_0             |                1 |              4 |
|  iicComm2_i/processing_system7_0/inst/FCLK_CLK0 |                                                                                                                                                                | iicComm2_i/axi_iic_0/U0/X_IIC/X_AXI_IPIF_SSP1/AXI_LITE_IPIF_I/I_SLAVE_ATTACHMENT/INCLUDE_DPHASE_TIMER.dpto_cnt[3]_i_1_n_0                |                1 |              4 |
|  iicComm2_i/processing_system7_0/inst/FCLK_CLK0 | iicComm2_i/ps7_0_axi_periph/s00_couplers/auto_pc/inst/gen_axilite.gen_b2s_conv.axilite_b2s/RD.ar_channel_0/ar_cmd_fsm_0/axlen_cnt_reg[4][0]                    | iicComm2_i/ps7_0_axi_periph/s00_couplers/auto_pc/inst/gen_axilite.gen_b2s_conv.axilite_b2s/RD.ar_channel_0/ar_cmd_fsm_0/axlen_cnt_reg[7] |                1 |              4 |
|  iicComm2_i/processing_system7_0/inst/FCLK_CLK0 | iicComm2_i/ps7_0_axi_periph/xbar/inst/gen_sasd.crossbar_sasd_0/addr_arbiter_inst/m_grant_enc_i                                                                 | iicComm2_i/ps7_0_axi_periph/xbar/inst/gen_sasd.crossbar_sasd_0/addr_arbiter_inst/SR[0]                                                   |                1 |              4 |
|  iicComm2_i/processing_system7_0/inst/FCLK_CLK0 | iicComm2_i/ps7_0_axi_periph/s00_couplers/auto_pc/inst/gen_axilite.gen_b2s_conv.axilite_b2s/WR.aw_channel_0/aw_cmd_fsm_0/E[0]                                   | iicComm2_i/ps7_0_axi_periph/s00_couplers/auto_pc/inst/gen_axilite.gen_b2s_conv.axilite_b2s/WR.aw_channel_0/aw_cmd_fsm_0/axlen_cnt_reg[7] |                1 |              4 |
|  iicComm2_i/processing_system7_0/inst/FCLK_CLK0 |                                                                                                                                                                | iicComm2_i/ps7_0_axi_periph/xbar/inst/gen_sasd.crossbar_sasd_0/addr_arbiter_inst/s_arvalid_reg                                           |                2 |              4 |
|  iicComm2_i/processing_system7_0/inst/FCLK_CLK0 | iicComm2_i/ps7_0_axi_periph/s01_couplers/auto_pc/inst/gen_axilite.gen_b2s_conv.axilite_b2s/WR.aw_channel_0/aw_cmd_fsm_0/b_push                                 |                                                                                                                                          |                1 |              4 |
|  iicComm2_i/processing_system7_0/inst/FCLK_CLK0 |                                                                                                                                                                | iicComm2_i/ps7_0_axi_periph/s00_couplers/auto_pc/inst/gen_axilite.gen_b2s_conv.axilite_b2s/SI_REG/aw.aw_pipe/s_ready_i_reg_0             |                3 |              4 |
|  iicComm2_i/processing_system7_0/inst/FCLK_CLK0 | iicComm2_i/iiccomm2_0/inst/iiccomm2_iic_m_axi_U/bus_read/fifo_rctl/could_multi_bursts.arlen_buf_reg[0]_0                                                       | iicComm2_i/iiccomm2_0/inst/iiccomm2_iic_m_axi_U/bus_read/buff_rdata/SR[0]                                                                |                2 |              4 |
|  iicComm2_i/processing_system7_0/inst/FCLK_CLK0 |                                                                                                                                                                | iicComm2_i/ps7_0_axi_periph/s01_couplers/auto_pc/inst/gen_axilite.gen_b2s_conv.axilite_b2s/SI_REG/ar.ar_pipe/m_valid_i_reg_0             |                2 |              4 |
|  iicComm2_i/processing_system7_0/inst/FCLK_CLK0 |                                                                                                                                                                | iicComm2_i/ps7_0_axi_periph/s01_couplers/auto_pc/inst/gen_axilite.gen_b2s_conv.axilite_b2s/SI_REG/aw.aw_pipe/s_ready_i_reg_0             |                2 |              4 |
|  iicComm2_i/processing_system7_0/inst/FCLK_CLK0 | iicComm2_i/iiccomm2_0/inst/iiccomm2_iic_m_axi_U/bus_read/fifo_rctl/pout[3]_i_1__0_n_0                                                                          | iicComm2_i/iiccomm2_0/inst/iiccomm2_iic_m_axi_U/bus_read/buff_rdata/SR[0]                                                                |                2 |              4 |
|  iicComm2_i/processing_system7_0/inst/FCLK_CLK0 | iicComm2_i/axi_iic_0/U0/X_IIC/X_AXI_IPIF_SSP1/AXI_LITE_IPIF_I/I_SLAVE_ATTACHMENT/I_DECODER/Bus2IIC_WrCE[11]                                                    | iicComm2_i/axi_iic_0/U0/X_IIC/X_AXI_IPIF_SSP1/X_SOFT_RESET/SR[0]                                                                         |                2 |              5 |
|  iicComm2_i/processing_system7_0/inst/FCLK_CLK0 | iicComm2_i/iiccomm2_0/inst/iiccomm2_iic_m_axi_U/bus_write/bus_equal_gen.fifo_burst/pop0                                                                        | iicComm2_i/iiccomm2_0/inst/iiccomm2_iic_m_axi_U/bus_read/buff_rdata/SR[0]                                                                |                2 |              5 |
|  iicComm2_i/processing_system7_0/inst/FCLK_CLK0 |                                                                                                                                                                | iicComm2_i/rst_ps7_0_100M/U0/EXT_LPF/lpf_int                                                                                             |                1 |              5 |
|  iicComm2_i/processing_system7_0/inst/FCLK_CLK0 | iicComm2_i/iiccomm2_0/inst/iiccomm2_iic_m_axi_U/bus_write/fifo_wreq/align_len_reg[31][0]                                                                       | iicComm2_i/iiccomm2_0/inst/iiccomm2_iic_m_axi_U/bus_read/buff_rdata/SR[0]                                                                |                1 |              5 |
|  iicComm2_i/processing_system7_0/inst/FCLK_CLK0 | iicComm2_i/iiccomm2_0/inst/iiccomm2_iic_m_axi_U/bus_write/buff_wdata/ap_CS_fsm_reg[49]                                                                         | iicComm2_i/iiccomm2_0/inst/iiccomm2_iic_m_axi_U/bus_read/buff_rdata/SR[0]                                                                |                1 |              5 |
|  iicComm2_i/processing_system7_0/inst/FCLK_CLK0 |                                                                                                                                                                | iicComm2_i/axi_iic_0/U0/X_IIC/X_AXI_IPIF_SSP1/X_SOFT_RESET/AXI_Bus2IP_Reset                                                              |                1 |              6 |
|  iicComm2_i/processing_system7_0/inst/FCLK_CLK0 | iicComm2_i/rst_ps7_0_100M/U0/SEQ/seq_cnt_en                                                                                                                    | iicComm2_i/rst_ps7_0_100M/U0/SEQ/SEQ_COUNTER/clear                                                                                       |                1 |              6 |
|  iicComm2_i/processing_system7_0/inst/FCLK_CLK0 | iicComm2_i/iiccomm2_0/inst/iiccomm2_iic_m_axi_U/bus_write/rs_wreq/push                                                                                         |                                                                                                                                          |                2 |              6 |
|  iicComm2_i/processing_system7_0/inst/FCLK_CLK0 | iicComm2_i/iiccomm2_0/inst/iiccomm2_iic_m_axi_U/bus_write/rs_wreq/ap_CS_fsm_reg[40]                                                                            | iicComm2_i/iiccomm2_0/inst/iiccomm2_iic_m_axi_U/bus_read/buff_rdata/SR[0]                                                                |                2 |              6 |
|  iicComm2_i/processing_system7_0/inst/FCLK_CLK0 | iicComm2_i/ps7_0_axi_periph/s01_mmu/inst/gen_write.w_cnt[5]_i_1_n_0                                                                                            | iicComm2_i/ps7_0_axi_periph/s01_mmu/inst/register_slice_inst/ar.ar_pipe/m_valid_i_reg_0                                                  |                2 |              6 |
|  iicComm2_i/processing_system7_0/inst/FCLK_CLK0 | iicComm2_i/ps7_0_axi_periph/s01_mmu/inst/register_slice_inst/aw.aw_pipe/E[0]                                                                                   | iicComm2_i/ps7_0_axi_periph/s01_mmu/inst/register_slice_inst/ar.ar_pipe/m_valid_i_reg_0                                                  |                2 |              6 |
|  iicComm2_i/processing_system7_0/inst/FCLK_CLK0 | iicComm2_i/iiccomm2_0/inst/iiccomm2_iic_m_axi_U/bus_write/bus_equal_gen.fifo_burst/could_multi_bursts.next_loop                                                | iicComm2_i/iiccomm2_0/inst/iiccomm2_iic_m_axi_U/bus_write/bus_equal_gen.fifo_burst/could_multi_bursts.loop_cnt_reg[5][0]                 |                2 |              6 |
|  iicComm2_i/processing_system7_0/inst/FCLK_CLK0 | iicComm2_i/iiccomm2_0/inst/iiccomm2_iic_m_axi_U/bus_read/fifo_rctl/p_21_in                                                                                     | iicComm2_i/iiccomm2_0/inst/iiccomm2_iic_m_axi_U/bus_read/fifo_rctl/could_multi_bursts.loop_cnt_reg[5][0]                                 |                2 |              6 |
|  iicComm2_i/processing_system7_0/inst/FCLK_CLK0 |                                                                                                                                                                | iicComm2_i/axi_iic_0/U0/X_IIC/REG_INTERFACE_I/Tx_fifo_rst                                                                                |                3 |              6 |
|  iicComm2_i/processing_system7_0/inst/FCLK_CLK0 | iicComm2_i/ps7_0_axi_periph/s01_mmu/inst/register_slice_inst/ar.ar_pipe/gen_read.ar_cnt_reg[5][0]                                                              | iicComm2_i/ps7_0_axi_periph/s01_mmu/inst/register_slice_inst/ar.ar_pipe/m_valid_i_reg_0                                                  |                2 |              6 |
|  iicComm2_i/processing_system7_0/inst/FCLK_CLK0 | iicComm2_i/iiccomm2_0/inst/iiccomm2_iic_m_axi_U/bus_write/fifo_wreq/pop0                                                                                       | iicComm2_i/iiccomm2_0/inst/iiccomm2_iic_m_axi_U/bus_read/buff_rdata/SR[0]                                                                |                3 |              7 |
|  iicComm2_i/processing_system7_0/inst/FCLK_CLK0 | iicComm2_i/axi_iic_0/U0/X_IIC/X_AXI_IPIF_SSP1/AXI_LITE_IPIF_I/I_SLAVE_ATTACHMENT/I_DECODER/Bus2IIC_WrCE[9]                                                     | iicComm2_i/axi_iic_0/U0/X_IIC/X_AXI_IPIF_SSP1/X_SOFT_RESET/SR[0]                                                                         |                1 |              7 |
|  iicComm2_i/processing_system7_0/inst/FCLK_CLK0 | iicComm2_i/axi_iic_0/U0/X_IIC/IIC_CONTROL_I/BITCNT/E[0]                                                                                                        | iicComm2_i/axi_iic_0/U0/X_IIC/IIC_CONTROL_I/state0                                                                                       |                3 |              7 |
|  iicComm2_i/processing_system7_0/inst/FCLK_CLK0 | iicComm2_i/iiccomm2_0/inst/iiccomm2_AXILiteS_s_axi_U/waddr                                                                                                     |                                                                                                                                          |                1 |              7 |
|  iicComm2_i/processing_system7_0/inst/FCLK_CLK0 | iicComm2_i/iiccomm2_0/inst/iiccomm2_iic_m_axi_U/bus_read/rs_rreq/push                                                                                          |                                                                                                                                          |                2 |              7 |
|  iicComm2_i/processing_system7_0/inst/FCLK_CLK0 | iicComm2_i/iiccomm2_0/inst/iiccomm2_iic_m_axi_U/bus_read/fifo_rctl/E[0]                                                                                        | iicComm2_i/iiccomm2_0/inst/iiccomm2_iic_m_axi_U/bus_read/buff_rdata/SR[0]                                                                |                3 |              8 |
|  iicComm2_i/processing_system7_0/inst/FCLK_CLK0 | iicComm2_i/iiccomm2_0/inst/iiccomm2_iic_m_axi_U/bus_write/fifo_resp_to_user/ap_CS_fsm_reg[29]                                                                  | iicComm2_i/iiccomm2_0/inst/iiccomm2_iic_m_axi_U/bus_read/buff_rdata/SR[0]                                                                |                2 |              8 |
|  iicComm2_i/processing_system7_0/inst/FCLK_CLK0 | iicComm2_i/axi_iic_0/U0/X_IIC/X_AXI_IPIF_SSP1/AXI_LITE_IPIF_I/I_SLAVE_ATTACHMENT/I_DECODER/E[0]                                                                | iicComm2_i/axi_iic_0/U0/X_IIC/X_AXI_IPIF_SSP1/X_SOFT_RESET/SR[0]                                                                         |                1 |              8 |
|  iicComm2_i/processing_system7_0/inst/FCLK_CLK0 | iicComm2_i/iiccomm2_0/inst/iiccomm2_iic_m_axi_U/bus_write/buff_wdata/usedw[7]_i_1_n_0                                                                          | iicComm2_i/iiccomm2_0/inst/iiccomm2_iic_m_axi_U/bus_read/buff_rdata/SR[0]                                                                |                3 |              8 |
|  iicComm2_i/processing_system7_0/inst/FCLK_CLK0 | iicComm2_i/iiccomm2_0/inst/iiccomm2_iic_m_axi_U/bus_write/buff_wdata/p_32_in                                                                                   | iicComm2_i/iiccomm2_0/inst/iiccomm2_iic_m_axi_U/bus_write/bus_equal_gen.fifo_burst/bus_equal_gen.len_cnt_reg[0][0]                       |                3 |              8 |
|  iicComm2_i/processing_system7_0/inst/FCLK_CLK0 | iicComm2_i/iiccomm2_0/inst/iiccomm2_iic_m_axi_U/bus_read/fifo_rreq/start_addr_reg[2][0]                                                                        | iicComm2_i/iiccomm2_0/inst/iiccomm2_iic_m_axi_U/bus_read/buff_rdata/SR[0]                                                                |                2 |              8 |
|  iicComm2_i/processing_system7_0/inst/FCLK_CLK0 | iicComm2_i/axi_iic_0/U0/X_IIC/WRITE_FIFO_I/CI                                                                                                                  |                                                                                                                                          |                1 |              8 |
|  iicComm2_i/processing_system7_0/inst/FCLK_CLK0 | iicComm2_i/ps7_0_axi_periph/s01_couplers/auto_pc/inst/gen_axilite.gen_b2s_conv.axilite_b2s/RD.ar_channel_0/ar_cmd_fsm_0/axaddr_wrap_reg[11][0]                 |                                                                                                                                          |                2 |              8 |
|  iicComm2_i/processing_system7_0/inst/FCLK_CLK0 | iicComm2_i/iiccomm2_0/inst/iiccomm2_iic_m_axi_U/bus_read/buff_rdata/usedw[7]_i_1__0_n_0                                                                        | iicComm2_i/iiccomm2_0/inst/iiccomm2_iic_m_axi_U/bus_read/buff_rdata/SR[0]                                                                |                3 |              8 |
|  iicComm2_i/processing_system7_0/inst/FCLK_CLK0 |                                                                                                                                                                | iicComm2_i/axi_iic_0/U0/X_IIC/X_AXI_IPIF_SSP1/AXI_LITE_IPIF_I/I_SLAVE_ATTACHMENT/rst                                                     |                3 |              8 |
|  iicComm2_i/processing_system7_0/inst/FCLK_CLK0 | iicComm2_i/ps7_0_axi_periph/s00_couplers/auto_pc/inst/gen_axilite.gen_b2s_conv.axilite_b2s/WR.b_channel_0/mhandshake_r                                         | iicComm2_i/ps7_0_axi_periph/s00_couplers/auto_pc/inst/gen_axilite.gen_b2s_conv.axilite_b2s/WR.b_channel_0/bid_fifo_0/SR[0]               |                4 |              8 |
|  iicComm2_i/processing_system7_0/inst/FCLK_CLK0 | iicComm2_i/ps7_0_axi_periph/s01_couplers/auto_pc/inst/gen_axilite.gen_b2s_conv.axilite_b2s/WR.aw_channel_0/aw_cmd_fsm_0/axaddr_wrap_reg[0][0]                  |                                                                                                                                          |                3 |              8 |
|  iicComm2_i/processing_system7_0/inst/FCLK_CLK0 | iicComm2_i/ps7_0_axi_periph/s01_couplers/auto_pc/inst/gen_axilite.gen_b2s_conv.axilite_b2s/WR.b_channel_0/mhandshake_r                                         | iicComm2_i/ps7_0_axi_periph/s01_couplers/auto_pc/inst/gen_axilite.gen_b2s_conv.axilite_b2s/WR.b_channel_0/bid_fifo_0/SR[0]               |                4 |              8 |
|  iicComm2_i/processing_system7_0/inst/FCLK_CLK0 | iicComm2_i/axi_iic_0/U0/X_IIC/READ_FIFO_I/CI                                                                                                                   |                                                                                                                                          |                1 |              8 |
|  iicComm2_i/processing_system7_0/inst/FCLK_CLK0 | iicComm2_i/axi_iic_0/U0/X_IIC/IIC_CONTROL_I/data_i2c_i0                                                                                                        | iicComm2_i/axi_iic_0/U0/X_IIC/REG_INTERFACE_I/SR[0]                                                                                      |                1 |              8 |
|  iicComm2_i/processing_system7_0/inst/FCLK_CLK0 | iicComm2_i/axi_iic_0/U0/X_IIC/DYN_MASTER_I/rdByteCntr[0]_i_1_n_0                                                                                               | iicComm2_i/axi_iic_0/U0/X_IIC/REG_INTERFACE_I/Tx_fifo_rst                                                                                |                3 |              8 |
|  iicComm2_i/processing_system7_0/inst/FCLK_CLK0 | iicComm2_i/iiccomm2_0/inst/iiccomm2_iic_m_axi_U/bus_write/E[0]                                                                                                 | iicComm2_i/iiccomm2_0/inst/iiccomm2_iic_m_axi_U/bus_read/buff_rdata/SR[0]                                                                |                3 |              8 |
|  iicComm2_i/processing_system7_0/inst/FCLK_CLK0 | iicComm2_i/axi_iic_0/U0/X_IIC/IIC_CONTROL_I/I2CDATA_REG/data_int[7]_i_1_n_0                                                                                    | iicComm2_i/axi_iic_0/U0/X_IIC/REG_INTERFACE_I/SR[0]                                                                                      |                2 |              8 |
|  iicComm2_i/processing_system7_0/inst/FCLK_CLK0 | iicComm2_i/axi_iic_0/U0/X_IIC/IIC_CONTROL_I/i2c_header_en                                                                                                      | iicComm2_i/axi_iic_0/U0/X_IIC/REG_INTERFACE_I/SR[0]                                                                                      |                2 |              8 |
|  iicComm2_i/processing_system7_0/inst/FCLK_CLK0 | iicComm2_i/axi_iic_0/U0/X_IIC/IIC_CONTROL_I/CLKCNT/q_int[0]_i_1_n_0                                                                                            | iicComm2_i/axi_iic_0/U0/X_IIC/REG_INTERFACE_I/SR[0]                                                                                      |                3 |             10 |
|  iicComm2_i/processing_system7_0/inst/FCLK_CLK0 | iicComm2_i/axi_iic_0/U0/X_IIC/X_AXI_IPIF_SSP1/AXI_LITE_IPIF_I/I_SLAVE_ATTACHMENT/I_DECODER/Bus2IIC_WrCE[4]                                                     | iicComm2_i/axi_iic_0/U0/X_IIC/X_AXI_IPIF_SSP1/X_SOFT_RESET/SR[0]                                                                         |                4 |             10 |
|  iicComm2_i/processing_system7_0/inst/FCLK_CLK0 |                                                                                                                                                                | iicComm2_i/ps7_0_axi_periph/xbar/inst/gen_sasd.crossbar_sasd_0/addr_arbiter_inst/SR[0]                                                   |                4 |             10 |
|  iicComm2_i/processing_system7_0/inst/FCLK_CLK0 | iicComm2_i/axi_iic_0/U0/X_IIC/X_AXI_IPIF_SSP1/AXI_LITE_IPIF_I/I_SLAVE_ATTACHMENT/I_DECODER/Bus2IIC_WrCE[0]                                                     | iicComm2_i/axi_iic_0/U0/X_IIC/X_AXI_IPIF_SSP1/X_SOFT_RESET/SR[0]                                                                         |                3 |             10 |
|  iicComm2_i/processing_system7_0/inst/FCLK_CLK0 | iicComm2_i/axi_iic_0/U0/X_IIC/IIC_CONTROL_I/SETUP_CNT/q_int[0]_i_1__1_n_0                                                                                      | iicComm2_i/axi_iic_0/U0/X_IIC/REG_INTERFACE_I/SR[0]                                                                                      |                2 |             10 |
|  iicComm2_i/processing_system7_0/inst/FCLK_CLK0 | iicComm2_i/iiccomm2_0/inst/iiccomm2_iic_m_axi_U/bus_read/fifo_rctl/sect_len_buf_reg[9]_0                                                                       | iicComm2_i/iiccomm2_0/inst/iiccomm2_iic_m_axi_U/bus_read/buff_rdata/SR[0]                                                                |                3 |             10 |
|  iicComm2_i/processing_system7_0/inst/FCLK_CLK0 | iicComm2_i/axi_iic_0/U0/X_IIC/X_AXI_IPIF_SSP1/AXI_LITE_IPIF_I/I_SLAVE_ATTACHMENT/I_DECODER/Bus2IIC_WrCE[3]                                                     | iicComm2_i/axi_iic_0/U0/X_IIC/X_AXI_IPIF_SSP1/X_SOFT_RESET/SR[0]                                                                         |                3 |             10 |
|  iicComm2_i/processing_system7_0/inst/FCLK_CLK0 | iicComm2_i/axi_iic_0/U0/X_IIC/X_AXI_IPIF_SSP1/AXI_LITE_IPIF_I/I_SLAVE_ATTACHMENT/bus2ip_addr_i[8]_i_1_n_0                                                      | iicComm2_i/axi_iic_0/U0/X_IIC/X_AXI_IPIF_SSP1/AXI_LITE_IPIF_I/I_SLAVE_ATTACHMENT/rst                                                     |                2 |             10 |
|  iicComm2_i/processing_system7_0/inst/FCLK_CLK0 | iicComm2_i/axi_iic_0/U0/X_IIC/X_AXI_IPIF_SSP1/AXI_LITE_IPIF_I/I_SLAVE_ATTACHMENT/I_DECODER/Bus2IIC_WrCE[2]                                                     | iicComm2_i/axi_iic_0/U0/X_IIC/X_AXI_IPIF_SSP1/X_SOFT_RESET/SR[0]                                                                         |                3 |             10 |
|  iicComm2_i/processing_system7_0/inst/FCLK_CLK0 | iicComm2_i/axi_iic_0/U0/X_IIC/X_AXI_IPIF_SSP1/AXI_LITE_IPIF_I/I_SLAVE_ATTACHMENT/I_DECODER/Bus2IIC_WrCE[1]                                                     | iicComm2_i/axi_iic_0/U0/X_IIC/X_AXI_IPIF_SSP1/X_SOFT_RESET/SR[0]                                                                         |                3 |             10 |
|  iicComm2_i/processing_system7_0/inst/FCLK_CLK0 | iicComm2_i/axi_iic_0/U0/X_IIC/X_AXI_IPIF_SSP1/AXI_LITE_IPIF_I/I_SLAVE_ATTACHMENT/I_DECODER/Bus2IIC_WrCE[5]                                                     | iicComm2_i/axi_iic_0/U0/X_IIC/X_AXI_IPIF_SSP1/X_SOFT_RESET/SR[0]                                                                         |                4 |             10 |
|  iicComm2_i/processing_system7_0/inst/FCLK_CLK0 | iicComm2_i/iiccomm2_0/inst/iiccomm2_iic_m_axi_U/bus_write/bus_equal_gen.fifo_burst/sect_len_buf_reg[3]_0                                                       | iicComm2_i/iiccomm2_0/inst/iiccomm2_iic_m_axi_U/bus_read/buff_rdata/SR[0]                                                                |                4 |             10 |
|  iicComm2_i/processing_system7_0/inst/FCLK_CLK0 | iicComm2_i/axi_iic_0/U0/X_IIC/X_AXI_IPIF_SSP1/AXI_LITE_IPIF_I/I_SLAVE_ATTACHMENT/I_DECODER/Bus2IIC_WrCE[6]                                                     | iicComm2_i/axi_iic_0/U0/X_IIC/X_AXI_IPIF_SSP1/X_SOFT_RESET/SR[0]                                                                         |                3 |             10 |
|  iicComm2_i/processing_system7_0/inst/FCLK_CLK0 | iicComm2_i/axi_iic_0/U0/X_IIC/X_AXI_IPIF_SSP1/AXI_LITE_IPIF_I/I_SLAVE_ATTACHMENT/I_DECODER/Bus2IIC_WrCE[7]                                                     | iicComm2_i/axi_iic_0/U0/X_IIC/X_AXI_IPIF_SSP1/X_SOFT_RESET/SR[0]                                                                         |                4 |             10 |
|  iicComm2_i/processing_system7_0/inst/FCLK_CLK0 | iicComm2_i/iiccomm2_0/inst/iiccomm2_iic_m_axi_U/bus_write/buff_wdata/p_32_in                                                                                   |                                                                                                                                          |                3 |             11 |
|  iicComm2_i/processing_system7_0/inst/FCLK_CLK0 | iicComm2_i/ps7_0_axi_periph/s01_couplers/auto_pc/inst/gen_axilite.gen_b2s_conv.axilite_b2s/WR.aw_channel_0/cmd_translator_0/incr_cmd_0/axaddr_incr[11]_i_1_n_0 |                                                                                                                                          |                2 |             12 |
|  iicComm2_i/processing_system7_0/inst/FCLK_CLK0 | iicComm2_i/ps7_0_axi_periph/s01_couplers/auto_pc/inst/gen_axilite.gen_b2s_conv.axilite_b2s/RD.ar_channel_0/ar_cmd_fsm_0/axaddr_incr_reg[0][0]                  |                                                                                                                                          |                4 |             12 |
|  iicComm2_i/processing_system7_0/inst/FCLK_CLK0 | iicComm2_i/ps7_0_axi_periph/s00_couplers/auto_pc/inst/gen_axilite.gen_b2s_conv.axilite_b2s/WR.aw_channel_0/cmd_translator_0/incr_cmd_0/axaddr_incr[11]_i_1_n_0 |                                                                                                                                          |                2 |             12 |
|  iicComm2_i/processing_system7_0/inst/FCLK_CLK0 | iicComm2_i/ps7_0_axi_periph/s00_couplers/auto_pc/inst/gen_axilite.gen_b2s_conv.axilite_b2s/WR.aw_channel_0/aw_cmd_fsm_0/wrap_boundary_axaddr_r_reg[0][0]       |                                                                                                                                          |                7 |             12 |
|  iicComm2_i/processing_system7_0/inst/FCLK_CLK0 | iicComm2_i/axi_iic_0/U0/X_IIC/X_AXI_IPIF_SSP1/AXI_LITE_IPIF_I/I_SLAVE_ATTACHMENT/s_axi_rdata_i                                                                 | iicComm2_i/axi_iic_0/U0/X_IIC/X_AXI_IPIF_SSP1/AXI_LITE_IPIF_I/I_SLAVE_ATTACHMENT/rst                                                     |                5 |             12 |
|  iicComm2_i/processing_system7_0/inst/FCLK_CLK0 | iicComm2_i/ps7_0_axi_periph/s00_couplers/auto_pc/inst/gen_axilite.gen_b2s_conv.axilite_b2s/RD.ar_channel_0/ar_cmd_fsm_0/axaddr_incr_reg[0][0]                  |                                                                                                                                          |                2 |             12 |
|  iicComm2_i/processing_system7_0/inst/FCLK_CLK0 | iicComm2_i/ps7_0_axi_periph/s00_couplers/auto_pc/inst/gen_axilite.gen_b2s_conv.axilite_b2s/RD.ar_channel_0/ar_cmd_fsm_0/E[0]                                   |                                                                                                                                          |                5 |             12 |
|  iicComm2_i/processing_system7_0/inst/FCLK_CLK0 | iicComm2_i/iiccomm2_0/inst/iiccomm2_iic_m_axi_U/bus_write/buff_wdata/pop                                                                                       | iicComm2_i/iiccomm2_0/inst/iiccomm2_iic_m_axi_U/bus_read/buff_rdata/SR[0]                                                                |                4 |             12 |
|  iicComm2_i/processing_system7_0/inst/FCLK_CLK0 |                                                                                                                                                                | iicComm2_i/ps7_0_axi_periph/s01_mmu/inst/register_slice_inst/ar.ar_pipe/m_valid_i_reg_0                                                  |                7 |             13 |
|  iicComm2_i/processing_system7_0/inst/FCLK_CLK0 | iicComm2_i/ps7_0_axi_periph/s00_couplers/auto_pc/inst/gen_axilite.gen_b2s_conv.axilite_b2s/RD.r_channel_0/r_push_r                                             |                                                                                                                                          |                4 |             13 |
|  iicComm2_i/processing_system7_0/inst/FCLK_CLK0 | iicComm2_i/ps7_0_axi_periph/s00_couplers/auto_pc/inst/gen_axilite.gen_b2s_conv.axilite_b2s/SI_REG/b.b_pipe/p_1_in                                              |                                                                                                                                          |                2 |             14 |
|  iicComm2_i/processing_system7_0/inst/FCLK_CLK0 | iicComm2_i/ps7_0_axi_periph/s00_couplers/auto_pc/inst/gen_axilite.gen_b2s_conv.axilite_b2s/SI_REG/b.b_pipe/skid_buffer_reg[0]_0                                |                                                                                                                                          |                2 |             14 |
|  iicComm2_i/processing_system7_0/inst/FCLK_CLK0 | iicComm2_i/ps7_0_axi_periph/s00_couplers/auto_pc/inst/gen_axilite.gen_b2s_conv.axilite_b2s/WR.aw_channel_0/aw_cmd_fsm_0/b_push                                 |                                                                                                                                          |                3 |             16 |
|  iicComm2_i/processing_system7_0/inst/FCLK_CLK0 | iicComm2_i/iiccomm2_0/inst/iiccomm2_iic_m_axi_U/bus_write/buff_wdata/push                                                                                      | iicComm2_i/iiccomm2_0/inst/iiccomm2_iic_m_axi_U/bus_read/buff_rdata/SR[0]                                                                |                4 |             19 |
|  iicComm2_i/processing_system7_0/inst/FCLK_CLK0 | iicComm2_i/iiccomm2_0/inst/iiccomm2_iic_m_axi_U/bus_write/fifo_wreq/sect_cnt_reg[19][0]                                                                        | iicComm2_i/iiccomm2_0/inst/iiccomm2_iic_m_axi_U/bus_read/buff_rdata/SR[0]                                                                |                6 |             20 |
|  iicComm2_i/processing_system7_0/inst/FCLK_CLK0 | iicComm2_i/iiccomm2_0/inst/iiccomm2_iic_m_axi_U/bus_read/fifo_rctl/sect_addr_buf_reg[2]_0[0]                                                                   | iicComm2_i/iiccomm2_0/inst/iiccomm2_iic_m_axi_U/bus_read/buff_rdata/SR[0]                                                                |                6 |             20 |
|  iicComm2_i/processing_system7_0/inst/FCLK_CLK0 | iicComm2_i/iiccomm2_0/inst/iiccomm2_iic_m_axi_U/bus_write/bus_equal_gen.fifo_burst/sect_addr_buf_reg[31][0]                                                    | iicComm2_i/iiccomm2_0/inst/iiccomm2_iic_m_axi_U/bus_read/buff_rdata/SR[0]                                                                |                6 |             20 |
|  iicComm2_i/processing_system7_0/inst/FCLK_CLK0 | iicComm2_i/iiccomm2_0/inst/iiccomm2_iic_m_axi_U/bus_read/fifo_rreq/sect_cnt_reg[19][0]                                                                         | iicComm2_i/iiccomm2_0/inst/iiccomm2_iic_m_axi_U/bus_read/buff_rdata/SR[0]                                                                |                6 |             20 |
|  iicComm2_i/processing_system7_0/inst/FCLK_CLK0 | iicComm2_i/ps7_0_axi_periph/s00_couplers/auto_pc/inst/gen_axilite.gen_b2s_conv.axilite_b2s/RD.ar_channel_0/ar_cmd_fsm_0/axlen_cnt_reg[4][0]                    |                                                                                                                                          |                9 |             21 |
|  iicComm2_i/processing_system7_0/inst/FCLK_CLK0 | iicComm2_i/ps7_0_axi_periph/s00_couplers/auto_pc/inst/gen_axilite.gen_b2s_conv.axilite_b2s/WR.aw_channel_0/aw_cmd_fsm_0/E[0]                                   |                                                                                                                                          |                7 |             21 |
|  iicComm2_i/processing_system7_0/inst/FCLK_CLK0 | iicComm2_i/axi_iic_0/U0/X_IIC/X_AXI_IPIF_SSP1/AXI_LITE_IPIF_I/I_SLAVE_ATTACHMENT/start2                                                                        | iicComm2_i/axi_iic_0/U0/X_IIC/X_AXI_IPIF_SSP1/AXI_LITE_IPIF_I/I_SLAVE_ATTACHMENT/I_DECODER/cs_ce_clr                                     |                7 |             24 |
|  iicComm2_i/processing_system7_0/inst/FCLK_CLK0 | iicComm2_i/iiccomm2_0/inst/ap_NS_fsm128_out                                                                                                                    | iicComm2_i/iiccomm2_0/inst/iiccomm2_iic_m_axi_U/bus_write/fifo_resp_to_user/p_014_0_i_reg_666                                            |                8 |             29 |
|  iicComm2_i/processing_system7_0/inst/FCLK_CLK0 | iicComm2_i/ps7_0_axi_periph/xbar/inst/gen_sasd.crossbar_sasd_0/addr_arbiter_inst/p_0_in                                                                        | iicComm2_i/ps7_0_axi_periph/xbar/inst/gen_sasd.crossbar_sasd_0/addr_arbiter_inst/SR[0]                                                   |               11 |             29 |
|  iicComm2_i/processing_system7_0/inst/FCLK_CLK0 | iicComm2_i/iiccomm2_0/inst/iiccomm2_iic_m_axi_U/bus_read/fifo_rctl/p_21_in                                                                                     | iicComm2_i/iiccomm2_0/inst/iiccomm2_iic_m_axi_U/bus_read/buff_rdata/SR[0]                                                                |                9 |             30 |
|  iicComm2_i/processing_system7_0/inst/FCLK_CLK0 | iicComm2_i/iiccomm2_0/inst/iiccomm2_iic_m_axi_U/bus_read/rs_rdata/iic_addr_13_read_reg_1110_reg[0][0]                                                          |                                                                                                                                          |                9 |             32 |
|  iicComm2_i/processing_system7_0/inst/FCLK_CLK0 | iicComm2_i/iiccomm2_0/inst/iiccomm2_iic_m_axi_U/bus_read/rs_rdata/E[0]                                                                                         |                                                                                                                                          |                5 |             32 |
|  iicComm2_i/processing_system7_0/inst/FCLK_CLK0 | iicComm2_i/iiccomm2_0/inst/iiccomm2_iic_m_axi_U/bus_read/rs_rdata/load_p1                                                                                      |                                                                                                                                          |               10 |             32 |
|  iicComm2_i/processing_system7_0/inst/FCLK_CLK0 | iicComm2_i/iiccomm2_0/inst/iiccomm2_iic_m_axi_U/bus_write/rs_wreq/iic_addr34_read_reg_1095_reg[0][0]                                                           |                                                                                                                                          |                8 |             32 |
|  iicComm2_i/processing_system7_0/inst/FCLK_CLK0 | iicComm2_i/iiccomm2_0/inst/sensorData_2_2_reg_677[31]_i_1_n_0                                                                                                  |                                                                                                                                          |                7 |             32 |
|  iicComm2_i/processing_system7_0/inst/FCLK_CLK0 | iicComm2_i/ps7_0_axi_periph/xbar/inst/gen_sasd.crossbar_sasd_0/reg_slice_r/aa_rready                                                                           |                                                                                                                                          |                9 |             32 |
|  iicComm2_i/processing_system7_0/inst/FCLK_CLK0 | iicComm2_i/iiccomm2_0/inst/iiccomm2_iic_m_axi_U/bus_write/rs_wreq/iic_addr_1_read_reg_1090_reg[0][0]                                                           |                                                                                                                                          |                6 |             32 |
|  iicComm2_i/processing_system7_0/inst/FCLK_CLK0 | iicComm2_i/iiccomm2_0/inst/iiccomm2_iic_m_axi_U/bus_read/rs_rdata/load_p2                                                                                      |                                                                                                                                          |                5 |             32 |
|  iicComm2_i/processing_system7_0/inst/FCLK_CLK0 | iicComm2_i/iiccomm2_0/inst/iiccomm2_iic_m_axi_U/bus_read/buff_rdata/E[0]                                                                                       |                                                                                                                                          |                4 |             32 |
|  iicComm2_i/processing_system7_0/inst/FCLK_CLK0 | iicComm2_i/iiccomm2_0/inst/sensorData_1_2_reg_687[31]_i_1_n_0                                                                                                  |                                                                                                                                          |                8 |             32 |
|  iicComm2_i/processing_system7_0/inst/FCLK_CLK0 | iicComm2_i/iiccomm2_0/inst/sensorData_2_4_reg_697[31]_i_1_n_0                                                                                                  |                                                                                                                                          |                6 |             32 |
|  iicComm2_i/processing_system7_0/inst/FCLK_CLK0 | iicComm2_i/iiccomm2_0/inst/iiccomm2_AXILiteS_s_axi_U/empty_pirq_outValue_ap_vld                                                                                | iicComm2_i/iiccomm2_0/inst/iiccomm2_iic_m_axi_U/bus_read/buff_rdata/SR[0]                                                                |                7 |             32 |
|  iicComm2_i/processing_system7_0/inst/FCLK_CLK0 | iicComm2_i/iiccomm2_0/inst/iiccomm2_AXILiteS_s_axi_U/ar_hs                                                                                                     | iicComm2_i/iiccomm2_0/inst/iiccomm2_AXILiteS_s_axi_U/rdata[31]_i_1_n_0                                                                   |               17 |             32 |
|  iicComm2_i/processing_system7_0/inst/FCLK_CLK0 | iicComm2_i/iiccomm2_0/inst/iiccomm2_AXILiteS_s_axi_U/full_pirq_outValue_ap_vld                                                                                 | iicComm2_i/iiccomm2_0/inst/iiccomm2_iic_m_axi_U/bus_read/buff_rdata/SR[0]                                                                |                9 |             32 |
|  iicComm2_i/processing_system7_0/inst/FCLK_CLK0 | iicComm2_i/iiccomm2_0/inst/iiccomm2_iic_m_axi_U/bus_read/rs_rdata/ap_NS_fsm[5]                                                                                 |                                                                                                                                          |                7 |             32 |
|  iicComm2_i/processing_system7_0/inst/FCLK_CLK0 | iicComm2_i/iiccomm2_0/inst/ap_CS_fsm_state75                                                                                                                   | iicComm2_i/iiccomm2_0/inst/iiccomm2_iic_m_axi_U/bus_read/buff_rdata/SR[0]                                                                |                6 |             32 |
|  iicComm2_i/processing_system7_0/inst/FCLK_CLK0 | iicComm2_i/iiccomm2_0/inst/iiccomm2_iic_m_axi_U/bus_read/buff_rdata/pop                                                                                        | iicComm2_i/iiccomm2_0/inst/iiccomm2_iic_m_axi_U/bus_read/buff_rdata/SR[0]                                                                |                9 |             33 |
|  iicComm2_i/processing_system7_0/inst/FCLK_CLK0 | iicComm2_i/ps7_0_axi_periph/s01_couplers/auto_pc/inst/gen_axilite.gen_b2s_conv.axilite_b2s/RD.r_channel_0/rd_data_fifo_0/wr_en0                                |                                                                                                                                          |                9 |             34 |
|  iicComm2_i/processing_system7_0/inst/FCLK_CLK0 | iicComm2_i/iiccomm2_0/inst/iiccomm2_iic_m_axi_U/bus_write/bus_equal_gen.fifo_burst/could_multi_bursts.next_loop                                                | iicComm2_i/iiccomm2_0/inst/iiccomm2_iic_m_axi_U/bus_read/buff_rdata/SR[0]                                                                |               11 |             34 |
|  iicComm2_i/processing_system7_0/inst/FCLK_CLK0 | iicComm2_i/ps7_0_axi_periph/s00_couplers/auto_pc/inst/gen_axilite.gen_b2s_conv.axilite_b2s/RD.r_channel_0/rd_data_fifo_0/wr_en0                                |                                                                                                                                          |               10 |             34 |
|  iicComm2_i/processing_system7_0/inst/FCLK_CLK0 | iicComm2_i/ps7_0_axi_periph/xbar/inst/gen_sasd.crossbar_sasd_0/addr_arbiter_inst/E[0]                                                                          |                                                                                                                                          |               10 |             35 |
|  iicComm2_i/processing_system7_0/inst/FCLK_CLK0 | iicComm2_i/ps7_0_axi_periph/s01_couplers/auto_pc/inst/gen_axilite.gen_b2s_conv.axilite_b2s/SI_REG/r.r_pipe/skid_buffer_reg[0]_0                                |                                                                                                                                          |                8 |             35 |
|  iicComm2_i/processing_system7_0/inst/FCLK_CLK0 | iicComm2_i/ps7_0_axi_periph/s01_couplers/auto_pc/inst/gen_axilite.gen_b2s_conv.axilite_b2s/SI_REG/r.r_pipe/p_1_in                                              |                                                                                                                                          |                8 |             35 |
|  iicComm2_i/processing_system7_0/inst/FCLK_CLK0 | iicComm2_i/ps7_0_axi_periph/s01_couplers/auto_pc/inst/gen_axilite.gen_b2s_conv.axilite_b2s/WR.aw_channel_0/aw_cmd_fsm_0/m_payload_i_reg[0][0]                  |                                                                                                                                          |                8 |             36 |
|  iicComm2_i/processing_system7_0/inst/FCLK_CLK0 | iicComm2_i/ps7_0_axi_periph/s01_couplers/auto_pc/inst/gen_axilite.gen_b2s_conv.axilite_b2s/SI_REG/aw.aw_pipe/s_axi_awready                                     |                                                                                                                                          |                8 |             36 |
|  iicComm2_i/processing_system7_0/inst/FCLK_CLK0 | iicComm2_i/ps7_0_axi_periph/s01_couplers/auto_pc/inst/gen_axilite.gen_b2s_conv.axilite_b2s/SI_REG/ar.ar_pipe/s_axi_arready                                     |                                                                                                                                          |                9 |             36 |
|  iicComm2_i/processing_system7_0/inst/FCLK_CLK0 | iicComm2_i/ps7_0_axi_periph/s01_couplers/auto_pc/inst/gen_axilite.gen_b2s_conv.axilite_b2s/RD.ar_channel_0/ar_cmd_fsm_0/m_payload_i_reg[0]_0[0]                |                                                                                                                                          |                7 |             36 |
|  iicComm2_i/processing_system7_0/inst/FCLK_CLK0 | iicComm2_i/ps7_0_axi_periph/s01_mmu/inst/register_slice_inst/ar.ar_pipe/m_payload_i[54]_i_1__0_n_0                                                             |                                                                                                                                          |               11 |             37 |
|  iicComm2_i/processing_system7_0/inst/FCLK_CLK0 | iicComm2_i/ps7_0_axi_periph/s01_mmu/inst/register_slice_inst/aw.aw_pipe/m_payload_i[54]_i_1_n_0                                                                |                                                                                                                                          |                9 |             37 |
|  iicComm2_i/processing_system7_0/inst/FCLK_CLK0 | iicComm2_i/iiccomm2_0/inst/iiccomm2_iic_m_axi_U/bus_write/bus_equal_gen.fifo_burst/next_wreq                                                                   | iicComm2_i/iiccomm2_0/inst/iiccomm2_iic_m_axi_U/bus_read/buff_rdata/SR[0]                                                                |               11 |             39 |
|  iicComm2_i/processing_system7_0/inst/FCLK_CLK0 |                                                                                                                                                                | iicComm2_i/axi_iic_0/U0/X_IIC/REG_INTERFACE_I/SR[0]                                                                                      |               12 |             40 |
|  iicComm2_i/processing_system7_0/inst/FCLK_CLK0 | iicComm2_i/iiccomm2_0/inst/iiccomm2_iic_m_axi_U/bus_read/buff_rdata/push                                                                                       | iicComm2_i/iiccomm2_0/inst/iiccomm2_iic_m_axi_U/bus_read/buff_rdata/SR[0]                                                                |                9 |             41 |
|  iicComm2_i/processing_system7_0/inst/FCLK_CLK0 | iicComm2_i/iiccomm2_0/inst/iiccomm2_iic_m_axi_U/bus_read/fifo_rctl/next_rreq                                                                                   | iicComm2_i/iiccomm2_0/inst/iiccomm2_iic_m_axi_U/bus_read/buff_rdata/SR[0]                                                                |               11 |             41 |
|  iicComm2_i/processing_system7_0/inst/FCLK_CLK0 |                                                                                                                                                                | iicComm2_i/axi_iic_0/U0/X_IIC/X_AXI_IPIF_SSP1/X_SOFT_RESET/SR[0]                                                                         |               13 |             42 |
|  iicComm2_i/processing_system7_0/inst/FCLK_CLK0 |                                                                                                                                                                | iicComm2_i/ps7_0_axi_periph/s01_couplers/auto_pc/inst/gen_axilite.gen_b2s_conv.axilite_b2s/areset_d1                                     |               12 |             44 |
|  iicComm2_i/processing_system7_0/inst/FCLK_CLK0 | iicComm2_i/ps7_0_axi_periph/s00_couplers/auto_pc/inst/gen_axilite.gen_b2s_conv.axilite_b2s/SI_REG/r.r_pipe/skid_buffer_reg[0]_0                                |                                                                                                                                          |                8 |             47 |
|  iicComm2_i/processing_system7_0/inst/FCLK_CLK0 | iicComm2_i/ps7_0_axi_periph/s00_couplers/auto_pc/inst/gen_axilite.gen_b2s_conv.axilite_b2s/SI_REG/r.r_pipe/p_1_in                                              |                                                                                                                                          |                8 |             47 |
|  iicComm2_i/processing_system7_0/inst/FCLK_CLK0 | iicComm2_i/ps7_0_axi_periph/s00_couplers/auto_pc/inst/gen_axilite.gen_b2s_conv.axilite_b2s/SI_REG/ar.ar_pipe/s_axi_arready                                     |                                                                                                                                          |               12 |             52 |
|  iicComm2_i/processing_system7_0/inst/FCLK_CLK0 | iicComm2_i/ps7_0_axi_periph/s00_couplers/auto_pc/inst/gen_axilite.gen_b2s_conv.axilite_b2s/WR.aw_channel_0/aw_cmd_fsm_0/m_payload_i_reg[0][0]                  |                                                                                                                                          |               11 |             52 |
|  iicComm2_i/processing_system7_0/inst/FCLK_CLK0 | iicComm2_i/ps7_0_axi_periph/s00_couplers/auto_pc/inst/gen_axilite.gen_b2s_conv.axilite_b2s/RD.ar_channel_0/ar_cmd_fsm_0/m_payload_i_reg[0]_1[0]                |                                                                                                                                          |               11 |             52 |
|  iicComm2_i/processing_system7_0/inst/FCLK_CLK0 | iicComm2_i/ps7_0_axi_periph/s00_couplers/auto_pc/inst/gen_axilite.gen_b2s_conv.axilite_b2s/SI_REG/aw.aw_pipe/s_axi_awready                                     |                                                                                                                                          |                9 |             52 |
|  iicComm2_i/processing_system7_0/inst/FCLK_CLK0 |                                                                                                                                                                | iicComm2_i/ps7_0_axi_periph/s00_couplers/auto_pc/inst/gen_axilite.gen_b2s_conv.axilite_b2s/areset_d1                                     |               17 |             59 |
|  iicComm2_i/processing_system7_0/inst/FCLK_CLK0 | iicComm2_i/iiccomm2_0/inst/iiccomm2_AXILiteS_s_axi_U/ctrl_reg_outValue_ap_vld                                                                                  | iicComm2_i/iiccomm2_0/inst/iiccomm2_iic_m_axi_U/bus_read/buff_rdata/SR[0]                                                                |               14 |             64 |
|  iicComm2_i/processing_system7_0/inst/FCLK_CLK0 | iicComm2_i/iiccomm2_0/inst/iiccomm2_AXILiteS_s_axi_U/ap_done                                                                                                   | iicComm2_i/iiccomm2_0/inst/iiccomm2_iic_m_axi_U/bus_read/buff_rdata/SR[0]                                                                |               19 |             96 |
|  iicComm2_i/processing_system7_0/inst/FCLK_CLK0 |                                                                                                                                                                | iicComm2_i/iiccomm2_0/inst/iiccomm2_iic_m_axi_U/bus_read/buff_rdata/SR[0]                                                                |               54 |            128 |
|  iicComm2_i/processing_system7_0/inst/FCLK_CLK0 |                                                                                                                                                                |                                                                                                                                          |               90 |            234 |
+-------------------------------------------------+----------------------------------------------------------------------------------------------------------------------------------------------------------------+------------------------------------------------------------------------------------------------------------------------------------------+------------------+----------------+


+--------+-----------------------+
| Fanout | Number of ControlSets |
+--------+-----------------------+
| 1      |                     3 |
| 2      |                     5 |
| 4      |                    21 |
| 5      |                     5 |
| 6      |                    10 |
| 7      |                     5 |
| 8      |                    19 |
| 10     |                    14 |
| 11     |                     1 |
| 12     |                     8 |
| 13     |                     2 |
| 14     |                     2 |
| 16+    |                    58 |
+--------+-----------------------+


