INFO: [XSIM 43-3496] Using init file passed via -initfile option "/home/brennan/Vivado/Vivado/2017.4/data/xsim/ip/xsim_ip.ini".
Vivado Simulator 2017.4
Copyright 1986-1999, 2001-2016 Xilinx, Inc. All Rights Reserved.
Running: /home/brennan/Vivado/Vivado/2017.4/bin/unwrapped/lnx64.o/xelab xil_defaultlib.apatb_uint8_to_pwm_top glbl -prj uint8_to_pwm.prj -L smartconnect_v1_0 -L axi_protocol_checker_v1_1_12 -L axi_protocol_checker_v1_1_13 -L axis_protocol_checker_v1_1_11 -L axis_protocol_checker_v1_1_12 -L xil_defaultlib -L unisims_ver --initfile /home/brennan/Vivado/Vivado/2017.4/data/xsim/ip/xsim_ip.ini --lib ieee_proposed=./ieee_proposed -s uint8_to_pwm 
Multi-threading is on. Using 2 slave threads.
WARNING: [XSIM 43-3431] One or more environment variables have been detected which affect the operation of the C compiler. These are typically not set in standard installations and are not tested by Xilinx, however they may be appropriate for your system, so the flow will attempt to continue.  If errors occur, try running fuse with the "-mt off -v 1" switches to see more information from the C compiler. The following environment variables have been detected:
INFO: [VRFC 10-2263] Analyzing SystemVerilog file "/home/brennan/uint8_to_pwm/solution1/sim/verilog/glbl.v" into library work
INFO: [VRFC 10-311] analyzing module glbl
INFO: [VRFC 10-2263] Analyzing SystemVerilog file "/home/brennan/uint8_to_pwm/solution1/sim/verilog/uint8_to_pwm.autotb.v" into library xil_defaultlib
INFO: [VRFC 10-311] analyzing module apatb_uint8_to_pwm_top
INFO: [VRFC 10-2263] Analyzing SystemVerilog file "/home/brennan/uint8_to_pwm/solution1/sim/verilog/uint8_to_pwm.v" into library xil_defaultlib
INFO: [VRFC 10-311] analyzing module uint8_to_pwm
Starting static elaboration
Completed static elaboration
Starting simulation data flow analysis
Completed simulation data flow analysis
Time Resolution for simulation is 1ps
Compiling module xil_defaultlib.uint8_to_pwm
Compiling module xil_defaultlib.apatb_uint8_to_pwm_top
Compiling module work.glbl
Built simulation snapshot uint8_to_pwm
