

================================================================
== Vivado HLS Report for 'iiccommmod'
================================================================
* Date:           Thu Aug 16 11:28:38 2018

* Version:        2017.4 (Build 2086221 on Fri Dec 15 21:13:33 MST 2017)
* Project:        iiccommmod
* Solution:       iiccommmod
* Product family: zynq
* Target device:  xc7z020clg400-1


================================================================
== Performance Estimates
================================================================
+ Timing (ns): 
    * Summary: 
    +--------+-------+----------+------------+
    |  Clock | Target| Estimated| Uncertainty|
    +--------+-------+----------+------------+
    |ap_clk  |   4.00|      3.50|        0.50|
    +--------+-------+----------+------------+

+ Latency (clock cycles): 
    * Summary: 
    +------------+------------+------------+------------+---------+
    |         Latency         |         Interval        | Pipeline|
    |     min    |     max    |     min    |     max    |   Type  |
    +------------+------------+------------+------------+---------+
    |  1000000059|  1000000059|  1000000059|  1000000059|   none  |
    +------------+------------+------------+------------+---------+

    + Detail: 
        * Instance: 
        N/A

        * Loop: 
        +----------+-----------+-----------+----------+-----------+-----------+-----------+----------+
        |          |        Latency        | Iteration|  Initiation Interval  |    Trip   |          |
        | Loop Name|    min    |    max    |  Latency |  achieved |   target  |   Count   | Pipelined|
        +----------+-----------+-----------+----------+-----------+-----------+-----------+----------+
        |- Loop 1  |  500000000|  500000000|         1|          -|          -|  500000000|    no    |
        |- Loop 2  |  500000000|  500000000|         1|          -|          -|  500000000|    no    |
        +----------+-----------+-----------+----------+-----------+-----------+-----------+----------+

============================================================
+ Verbose Summary: Synthesis Manager
============================================================
InlineROM: 1
ExposeGlobal: 0
============================================================
+ Verbose Summary: CDFG Model
============================================================
IsTopModel: 1
ResetActiveHigh: 1
IsCombinational: 0
IsDatapathOnly: 0
HasWiredReturn: 1
HasMFsm: 0
HasVarLatency: 1
IsPipeline: 0
IsRtlPipelined: 0
IsInstanceOverlapped: 0
IsDontTouch: 0
HasImplIP: 0
IsGatedGlobalClock: 0


============================================================
+ Verbose Summary: Schedule
============================================================
* Number of FSM states : 40
* Pipeline : 0
* Dataflow Pipeline: 0

* FSM state transitions: 
1 --> 
	2  / true
2 --> 
	3  / true
3 --> 
	4  / true
4 --> 
	5  / true
5 --> 
	6  / true
6 --> 
	7  / true
7 --> 
	8  / true
8 --> 
	9  / true
9 --> 
	10  / true
10 --> 
	11  / true
11 --> 
	12  / true
12 --> 
	13  / true
13 --> 
	14  / true
14 --> 
	15  / true
15 --> 
	16  / true
16 --> 
	17  / true
17 --> 
	18  / true
18 --> 
	19  / true
19 --> 
	20  / true
20 --> 
	21  / true
21 --> 
	22  / true
22 --> 
	23  / true
23 --> 
	24  / true
24 --> 
	25  / true
25 --> 
	26  / true
26 --> 
	27  / true
27 --> 
	28  / true
28 --> 
	29  / true
29 --> 
	30  / true
30 --> 
	31  / (tmp)
	30  / (!tmp)
31 --> 
	32  / true
32 --> 
	33  / (tmp_5)
	32  / (!tmp_5)
33 --> 
	34  / true
34 --> 
	35  / true
35 --> 
	36  / true
36 --> 
	37  / true
37 --> 
	38  / true
38 --> 
	39  / true
39 --> 
	40  / true
40 --> 

* FSM state operations: 

 <State 1> : 3.50ns
ST_1 : Operation 41 [1/1] (0.00ns)   --->   "%dummy = alloca i8, align 1"
ST_1 : Operation 42 [1/1] (0.00ns)   --->   "%dummy_2 = alloca i8, align 1"
ST_1 : Operation 43 [1/1] (0.00ns)   --->   "%iic_addr = getelementptr i32* %iic, i64 268436552"
ST_1 : Operation 44 [7/7] (3.50ns)   --->   "%iic_load_req = call i1 @_ssdm_op_ReadReq.m_axi.i32P(i32* %iic_addr, i32 1)" [iiccommmod.cpp:71]   --->   Core 9 'm_axi' <Latency = 6> <II = 1> <Delay = 1.00> <Adapter> <Opcode : 'read' 'write' 'readreq' 'writereq' 'writeresp'>

 <State 2> : 3.50ns
ST_2 : Operation 45 [6/7] (3.50ns)   --->   "%iic_load_req = call i1 @_ssdm_op_ReadReq.m_axi.i32P(i32* %iic_addr, i32 1)" [iiccommmod.cpp:71]   --->   Core 9 'm_axi' <Latency = 6> <II = 1> <Delay = 1.00> <Adapter> <Opcode : 'read' 'write' 'readreq' 'writereq' 'writeresp'>

 <State 3> : 3.50ns
ST_3 : Operation 46 [5/7] (3.50ns)   --->   "%iic_load_req = call i1 @_ssdm_op_ReadReq.m_axi.i32P(i32* %iic_addr, i32 1)" [iiccommmod.cpp:71]   --->   Core 9 'm_axi' <Latency = 6> <II = 1> <Delay = 1.00> <Adapter> <Opcode : 'read' 'write' 'readreq' 'writereq' 'writeresp'>

 <State 4> : 3.50ns
ST_4 : Operation 47 [4/7] (3.50ns)   --->   "%iic_load_req = call i1 @_ssdm_op_ReadReq.m_axi.i32P(i32* %iic_addr, i32 1)" [iiccommmod.cpp:71]   --->   Core 9 'm_axi' <Latency = 6> <II = 1> <Delay = 1.00> <Adapter> <Opcode : 'read' 'write' 'readreq' 'writereq' 'writeresp'>

 <State 5> : 3.50ns
ST_5 : Operation 48 [3/7] (3.50ns)   --->   "%iic_load_req = call i1 @_ssdm_op_ReadReq.m_axi.i32P(i32* %iic_addr, i32 1)" [iiccommmod.cpp:71]   --->   Core 9 'm_axi' <Latency = 6> <II = 1> <Delay = 1.00> <Adapter> <Opcode : 'read' 'write' 'readreq' 'writereq' 'writeresp'>

 <State 6> : 3.50ns
ST_6 : Operation 49 [2/7] (3.50ns)   --->   "%iic_load_req = call i1 @_ssdm_op_ReadReq.m_axi.i32P(i32* %iic_addr, i32 1)" [iiccommmod.cpp:71]   --->   Core 9 'm_axi' <Latency = 6> <II = 1> <Delay = 1.00> <Adapter> <Opcode : 'read' 'write' 'readreq' 'writereq' 'writeresp'>

 <State 7> : 3.50ns
ST_7 : Operation 50 [1/7] (3.50ns)   --->   "%iic_load_req = call i1 @_ssdm_op_ReadReq.m_axi.i32P(i32* %iic_addr, i32 1)" [iiccommmod.cpp:71]   --->   Core 9 'm_axi' <Latency = 6> <II = 1> <Delay = 1.00> <Adapter> <Opcode : 'read' 'write' 'readreq' 'writereq' 'writeresp'>

 <State 8> : 3.50ns
ST_8 : Operation 51 [1/1] (0.00ns)   --->   "%iic_addr_1 = getelementptr i32* %iic, i64 268436552"
ST_8 : Operation 52 [1/1] (3.50ns)   --->   "%iic_addr_1_read = call i32 @_ssdm_op_Read.m_axi.i32P(i32* %iic_addr_1)" [iiccommmod.cpp:71]   --->   Core 9 'm_axi' <Latency = 6> <II = 1> <Delay = 1.00> <Adapter> <Opcode : 'read' 'write' 'readreq' 'writereq' 'writeresp'>
ST_8 : Operation 53 [1/1] (0.00ns)   --->   "%iic_addr_2 = getelementptr i32* %iic, i64 268436552"
ST_8 : Operation 54 [1/1] (3.50ns)   --->   "%iic_addr_req = call i1 @_ssdm_op_WriteReq.m_axi.i32P(i32* %iic_addr_2, i32 1)" [iiccommmod.cpp:75]   --->   Core 9 'm_axi' <Latency = 6> <II = 1> <Delay = 1.00> <Adapter> <Opcode : 'read' 'write' 'readreq' 'writereq' 'writeresp'>

 <State 9> : 3.50ns
ST_9 : Operation 55 [1/1] (1.00ns)   --->   "call void @_ssdm_op_Write.s_axilite.i32P(i32* %empty_pirq_outValue, i32 %iic_addr_1_read)" [iiccommmod.cpp:72]   --->   Core 10 's_axilite' <Latency = 0> <II = 1> <Delay = 1.00> <Adapter> <Opcode : 'read' 'write'>
ST_9 : Operation 56 [1/1] (0.00ns)   --->   "%iic_addr_3 = getelementptr i32* %iic, i64 268436552"
ST_9 : Operation 57 [1/1] (3.50ns)   --->   "call void @_ssdm_op_Write.m_axi.i32P(i32* %iic_addr_3, i32 15, i4 -1)" [iiccommmod.cpp:75]   --->   Core 9 'm_axi' <Latency = 6> <II = 1> <Delay = 1.00> <Adapter> <Opcode : 'read' 'write' 'readreq' 'writereq' 'writeresp'>
ST_9 : Operation 58 [1/1] (1.00ns)   --->   "call void @_ssdm_op_Write.s_axilite.i32P(i32* %full_pirq_outValue, i32 15)" [iiccommmod.cpp:77]   --->   Core 10 's_axilite' <Latency = 0> <II = 1> <Delay = 1.00> <Adapter> <Opcode : 'read' 'write'>
ST_9 : Operation 59 [1/1] (0.00ns)   --->   "%iic_addr_5 = getelementptr i32* %iic, i64 268436544"
ST_9 : Operation 60 [1/1] (3.50ns)   --->   "%iic_addr_1_req = call i1 @_ssdm_op_WriteReq.m_axi.i32P(i32* %iic_addr_5, i32 1)" [iiccommmod.cpp:83]   --->   Core 9 'm_axi' <Latency = 6> <II = 1> <Delay = 1.00> <Adapter> <Opcode : 'read' 'write' 'readreq' 'writereq' 'writeresp'>
ST_9 : Operation 61 [1/1] (1.00ns)   --->   "call void @_ssdm_op_Write.s_axilite.i32P(i32* %ctrl_reg_outValue, i32 1)" [iiccommmod.cpp:85]   --->   Core 10 's_axilite' <Latency = 0> <II = 1> <Delay = 1.00> <Adapter> <Opcode : 'read' 'write'>

 <State 10> : 3.50ns
ST_10 : Operation 62 [1/1] (0.00ns)   --->   "%iic_addr_4 = getelementptr i32* %iic, i64 268436552"
ST_10 : Operation 63 [5/5] (3.50ns)   --->   "%iic_addr_resp = call i1 @_ssdm_op_WriteResp.m_axi.i32P(i32* %iic_addr_4)" [iiccommmod.cpp:75]   --->   Core 9 'm_axi' <Latency = 6> <II = 1> <Delay = 1.00> <Adapter> <Opcode : 'read' 'write' 'readreq' 'writereq' 'writeresp'>
ST_10 : Operation 64 [1/1] (0.00ns)   --->   "%iic_addr_6 = getelementptr i32* %iic, i64 268436544"
ST_10 : Operation 65 [1/1] (3.50ns)   --->   "call void @_ssdm_op_Write.m_axi.i32P(i32* %iic_addr_6, i32 1, i4 -1)" [iiccommmod.cpp:83]   --->   Core 9 'm_axi' <Latency = 6> <II = 1> <Delay = 1.00> <Adapter> <Opcode : 'read' 'write' 'readreq' 'writereq' 'writeresp'>

 <State 11> : 3.50ns
ST_11 : Operation 66 [4/5] (3.50ns)   --->   "%iic_addr_resp = call i1 @_ssdm_op_WriteResp.m_axi.i32P(i32* %iic_addr_4)" [iiccommmod.cpp:75]   --->   Core 9 'm_axi' <Latency = 6> <II = 1> <Delay = 1.00> <Adapter> <Opcode : 'read' 'write' 'readreq' 'writereq' 'writeresp'>
ST_11 : Operation 67 [1/1] (0.00ns)   --->   "%iic_addr_7 = getelementptr i32* %iic, i64 268436544"
ST_11 : Operation 68 [5/5] (3.50ns)   --->   "%iic_addr_1_resp = call i1 @_ssdm_op_WriteResp.m_axi.i32P(i32* %iic_addr_7)" [iiccommmod.cpp:83]   --->   Core 9 'm_axi' <Latency = 6> <II = 1> <Delay = 1.00> <Adapter> <Opcode : 'read' 'write' 'readreq' 'writereq' 'writeresp'>

 <State 12> : 3.50ns
ST_12 : Operation 69 [3/5] (3.50ns)   --->   "%iic_addr_resp = call i1 @_ssdm_op_WriteResp.m_axi.i32P(i32* %iic_addr_4)" [iiccommmod.cpp:75]   --->   Core 9 'm_axi' <Latency = 6> <II = 1> <Delay = 1.00> <Adapter> <Opcode : 'read' 'write' 'readreq' 'writereq' 'writeresp'>
ST_12 : Operation 70 [4/5] (3.50ns)   --->   "%iic_addr_1_resp = call i1 @_ssdm_op_WriteResp.m_axi.i32P(i32* %iic_addr_7)" [iiccommmod.cpp:83]   --->   Core 9 'm_axi' <Latency = 6> <II = 1> <Delay = 1.00> <Adapter> <Opcode : 'read' 'write' 'readreq' 'writereq' 'writeresp'>

 <State 13> : 3.50ns
ST_13 : Operation 71 [2/5] (3.50ns)   --->   "%iic_addr_resp = call i1 @_ssdm_op_WriteResp.m_axi.i32P(i32* %iic_addr_4)" [iiccommmod.cpp:75]   --->   Core 9 'm_axi' <Latency = 6> <II = 1> <Delay = 1.00> <Adapter> <Opcode : 'read' 'write' 'readreq' 'writereq' 'writeresp'>
ST_13 : Operation 72 [3/5] (3.50ns)   --->   "%iic_addr_1_resp = call i1 @_ssdm_op_WriteResp.m_axi.i32P(i32* %iic_addr_7)" [iiccommmod.cpp:83]   --->   Core 9 'm_axi' <Latency = 6> <II = 1> <Delay = 1.00> <Adapter> <Opcode : 'read' 'write' 'readreq' 'writereq' 'writeresp'>

 <State 14> : 3.50ns
ST_14 : Operation 73 [1/5] (3.50ns)   --->   "%iic_addr_resp = call i1 @_ssdm_op_WriteResp.m_axi.i32P(i32* %iic_addr_4)" [iiccommmod.cpp:75]   --->   Core 9 'm_axi' <Latency = 6> <II = 1> <Delay = 1.00> <Adapter> <Opcode : 'read' 'write' 'readreq' 'writereq' 'writeresp'>
ST_14 : Operation 74 [2/5] (3.50ns)   --->   "%iic_addr_1_resp = call i1 @_ssdm_op_WriteResp.m_axi.i32P(i32* %iic_addr_7)" [iiccommmod.cpp:83]   --->   Core 9 'm_axi' <Latency = 6> <II = 1> <Delay = 1.00> <Adapter> <Opcode : 'read' 'write' 'readreq' 'writereq' 'writeresp'>

 <State 15> : 3.50ns
ST_15 : Operation 75 [1/5] (3.50ns)   --->   "%iic_addr_1_resp = call i1 @_ssdm_op_WriteResp.m_axi.i32P(i32* %iic_addr_7)" [iiccommmod.cpp:83]   --->   Core 9 'm_axi' <Latency = 6> <II = 1> <Delay = 1.00> <Adapter> <Opcode : 'read' 'write' 'readreq' 'writereq' 'writeresp'>

 <State 16> : 3.50ns
ST_16 : Operation 76 [1/1] (0.00ns)   --->   "%iic_addr_8 = getelementptr i32* %iic, i64 268436545"
ST_16 : Operation 77 [7/7] (3.50ns)   --->   "%iic_load_1_req = call i1 @_ssdm_op_ReadReq.m_axi.i32P(i32* %iic_addr_8, i32 1)" [iiccommmod.cpp:88]   --->   Core 9 'm_axi' <Latency = 6> <II = 1> <Delay = 1.00> <Adapter> <Opcode : 'read' 'write' 'readreq' 'writereq' 'writeresp'>

 <State 17> : 3.50ns
ST_17 : Operation 78 [6/7] (3.50ns)   --->   "%iic_load_1_req = call i1 @_ssdm_op_ReadReq.m_axi.i32P(i32* %iic_addr_8, i32 1)" [iiccommmod.cpp:88]   --->   Core 9 'm_axi' <Latency = 6> <II = 1> <Delay = 1.00> <Adapter> <Opcode : 'read' 'write' 'readreq' 'writereq' 'writeresp'>

 <State 18> : 3.50ns
ST_18 : Operation 79 [5/7] (3.50ns)   --->   "%iic_load_1_req = call i1 @_ssdm_op_ReadReq.m_axi.i32P(i32* %iic_addr_8, i32 1)" [iiccommmod.cpp:88]   --->   Core 9 'm_axi' <Latency = 6> <II = 1> <Delay = 1.00> <Adapter> <Opcode : 'read' 'write' 'readreq' 'writereq' 'writeresp'>

 <State 19> : 3.50ns
ST_19 : Operation 80 [4/7] (3.50ns)   --->   "%iic_load_1_req = call i1 @_ssdm_op_ReadReq.m_axi.i32P(i32* %iic_addr_8, i32 1)" [iiccommmod.cpp:88]   --->   Core 9 'm_axi' <Latency = 6> <II = 1> <Delay = 1.00> <Adapter> <Opcode : 'read' 'write' 'readreq' 'writereq' 'writeresp'>

 <State 20> : 3.50ns
ST_20 : Operation 81 [3/7] (3.50ns)   --->   "%iic_load_1_req = call i1 @_ssdm_op_ReadReq.m_axi.i32P(i32* %iic_addr_8, i32 1)" [iiccommmod.cpp:88]   --->   Core 9 'm_axi' <Latency = 6> <II = 1> <Delay = 1.00> <Adapter> <Opcode : 'read' 'write' 'readreq' 'writereq' 'writeresp'>

 <State 21> : 3.50ns
ST_21 : Operation 82 [2/7] (3.50ns)   --->   "%iic_load_1_req = call i1 @_ssdm_op_ReadReq.m_axi.i32P(i32* %iic_addr_8, i32 1)" [iiccommmod.cpp:88]   --->   Core 9 'm_axi' <Latency = 6> <II = 1> <Delay = 1.00> <Adapter> <Opcode : 'read' 'write' 'readreq' 'writereq' 'writeresp'>

 <State 22> : 3.50ns
ST_22 : Operation 83 [1/7] (3.50ns)   --->   "%iic_load_1_req = call i1 @_ssdm_op_ReadReq.m_axi.i32P(i32* %iic_addr_8, i32 1)" [iiccommmod.cpp:88]   --->   Core 9 'm_axi' <Latency = 6> <II = 1> <Delay = 1.00> <Adapter> <Opcode : 'read' 'write' 'readreq' 'writereq' 'writeresp'>

 <State 23> : 3.50ns
ST_23 : Operation 84 [1/1] (0.00ns)   --->   "%iic_addr_9 = getelementptr i32* %iic, i64 268436545"
ST_23 : Operation 85 [1/1] (3.50ns)   --->   "%iic_addr_9_read = call i32 @_ssdm_op_Read.m_axi.i32P(i32* %iic_addr_9)" [iiccommmod.cpp:88]   --->   Core 9 'm_axi' <Latency = 6> <II = 1> <Delay = 1.00> <Adapter> <Opcode : 'read' 'write' 'readreq' 'writereq' 'writeresp'>
ST_23 : Operation 86 [1/1] (0.00ns)   --->   "%iic_addr_10 = getelementptr i32* %iic, i64 268436546"
ST_23 : Operation 87 [1/1] (3.50ns)   --->   "%iic_addr_3_req = call i1 @_ssdm_op_WriteReq.m_axi.i32P(i32* %iic_addr_10, i32 1)" [iiccommmod.cpp:110]   --->   Core 9 'm_axi' <Latency = 6> <II = 1> <Delay = 1.00> <Adapter> <Opcode : 'read' 'write' 'readreq' 'writereq' 'writeresp'>

 <State 24> : 3.50ns
ST_24 : Operation 88 [1/1] (1.00ns)   --->   "call void @_ssdm_op_Write.s_axilite.i32P(i32* %stat_reg_outValue1, i32 %iic_addr_9_read)" [iiccommmod.cpp:89]   --->   Core 10 's_axilite' <Latency = 0> <II = 1> <Delay = 1.00> <Adapter> <Opcode : 'read' 'write'>
ST_24 : Operation 89 [1/1] (0.00ns)   --->   "%iic_addr_11 = getelementptr i32* %iic, i64 268436546"
ST_24 : Operation 90 [1/1] (3.50ns)   --->   "call void @_ssdm_op_Write.m_axi.i32P(i32* %iic_addr_11, i32 36, i4 -1)" [iiccommmod.cpp:110]   --->   Core 9 'm_axi' <Latency = 6> <II = 1> <Delay = 1.00> <Adapter> <Opcode : 'read' 'write' 'readreq' 'writereq' 'writeresp'>

 <State 25> : 3.50ns
ST_25 : Operation 91 [1/1] (0.00ns)   --->   "%iic_addr_12 = getelementptr i32* %iic, i64 268436546"
ST_25 : Operation 92 [5/5] (3.50ns)   --->   "%iic_addr_3_resp = call i1 @_ssdm_op_WriteResp.m_axi.i32P(i32* %iic_addr_12)" [iiccommmod.cpp:110]   --->   Core 9 'm_axi' <Latency = 6> <II = 1> <Delay = 1.00> <Adapter> <Opcode : 'read' 'write' 'readreq' 'writereq' 'writeresp'>

 <State 26> : 3.50ns
ST_26 : Operation 93 [4/5] (3.50ns)   --->   "%iic_addr_3_resp = call i1 @_ssdm_op_WriteResp.m_axi.i32P(i32* %iic_addr_12)" [iiccommmod.cpp:110]   --->   Core 9 'm_axi' <Latency = 6> <II = 1> <Delay = 1.00> <Adapter> <Opcode : 'read' 'write' 'readreq' 'writereq' 'writeresp'>

 <State 27> : 3.50ns
ST_27 : Operation 94 [3/5] (3.50ns)   --->   "%iic_addr_3_resp = call i1 @_ssdm_op_WriteResp.m_axi.i32P(i32* %iic_addr_12)" [iiccommmod.cpp:110]   --->   Core 9 'm_axi' <Latency = 6> <II = 1> <Delay = 1.00> <Adapter> <Opcode : 'read' 'write' 'readreq' 'writereq' 'writeresp'>

 <State 28> : 3.50ns
ST_28 : Operation 95 [2/5] (3.50ns)   --->   "%iic_addr_3_resp = call i1 @_ssdm_op_WriteResp.m_axi.i32P(i32* %iic_addr_12)" [iiccommmod.cpp:110]   --->   Core 9 'm_axi' <Latency = 6> <II = 1> <Delay = 1.00> <Adapter> <Opcode : 'read' 'write' 'readreq' 'writereq' 'writeresp'>

 <State 29> : 3.50ns
ST_29 : Operation 96 [1/1] (0.00ns)   --->   "call void (...)* @_ssdm_op_SpecBitsMap(i32* %iic), !map !41"
ST_29 : Operation 97 [1/1] (0.00ns)   --->   "call void (...)* @_ssdm_op_SpecBitsMap(i32* %stat_reg_outValue1) nounwind, !map !47"
ST_29 : Operation 98 [1/1] (0.00ns)   --->   "call void (...)* @_ssdm_op_SpecBitsMap(i32* %empty_pirq_outValue) nounwind, !map !51"
ST_29 : Operation 99 [1/1] (0.00ns)   --->   "call void (...)* @_ssdm_op_SpecBitsMap(i32* %full_pirq_outValue) nounwind, !map !55"
ST_29 : Operation 100 [1/1] (0.00ns)   --->   "call void (...)* @_ssdm_op_SpecBitsMap(i32* %stat_reg_outValue2) nounwind, !map !59"
ST_29 : Operation 101 [1/1] (0.00ns)   --->   "call void (...)* @_ssdm_op_SpecBitsMap(i32* %stat_reg_outValue3) nounwind, !map !63"
ST_29 : Operation 102 [1/1] (0.00ns)   --->   "call void (...)* @_ssdm_op_SpecBitsMap(i32* %stat_reg_outValue4) nounwind, !map !67"
ST_29 : Operation 103 [1/1] (0.00ns)   --->   "call void (...)* @_ssdm_op_SpecBitsMap(i32* %tx_fifo_outValue) nounwind, !map !71"
ST_29 : Operation 104 [1/1] (0.00ns)   --->   "call void (...)* @_ssdm_op_SpecBitsMap(i32* %rx_fifo_outValue) nounwind, !map !75"
ST_29 : Operation 105 [1/1] (0.00ns)   --->   "call void (...)* @_ssdm_op_SpecBitsMap(i32* %ctrl_reg_outValue) nounwind, !map !79"
ST_29 : Operation 106 [1/1] (0.00ns)   --->   "call void (...)* @_ssdm_op_SpecTopModule([11 x i8]* @iiccommmod_str) nounwind"
ST_29 : Operation 107 [1/1] (0.00ns)   --->   "call void (...)* @_ssdm_op_SpecInterface(i32 0, [10 x i8]* @p_str, i32 0, i32 0, [1 x i8]* @p_str1, i32 0, i32 0, [1 x i8]* @p_str1, [1 x i8]* @p_str1, [1 x i8]* @p_str1, i32 0, i32 0, i32 0, i32 0, [1 x i8]* @p_str1, [1 x i8]* @p_str1) nounwind" [iiccommmod.cpp:55]
ST_29 : Operation 108 [1/1] (0.00ns)   --->   "call void (...)* @_ssdm_op_SpecInterface(i32* %iic, [6 x i8]* @p_str2, i32 0, i32 0, [1 x i8]* @p_str1, i32 0, i32 0, [1 x i8]* @p_str1, [1 x i8]* @p_str1, [1 x i8]* @p_str1, i32 16, i32 16, i32 16, i32 16, [1 x i8]* @p_str1, [1 x i8]* @p_str1)"
ST_29 : Operation 109 [1/1] (0.00ns)   --->   "call void (...)* @_ssdm_op_SpecInterface(i32* %stat_reg_outValue1, [10 x i8]* @p_str, i32 0, i32 0, [1 x i8]* @p_str1, i32 0, i32 0, [1 x i8]* @p_str1, [1 x i8]* @p_str1, [1 x i8]* @p_str1, i32 0, i32 0, i32 0, i32 0, [1 x i8]* @p_str1, [1 x i8]* @p_str1) nounwind" [iiccommmod.cpp:59]
ST_29 : Operation 110 [1/1] (0.00ns)   --->   "call void (...)* @_ssdm_op_SpecInterface(i32* %stat_reg_outValue2, [10 x i8]* @p_str, i32 0, i32 0, [1 x i8]* @p_str1, i32 0, i32 0, [1 x i8]* @p_str1, [1 x i8]* @p_str1, [1 x i8]* @p_str1, i32 0, i32 0, i32 0, i32 0, [1 x i8]* @p_str1, [1 x i8]* @p_str1) nounwind" [iiccommmod.cpp:60]
ST_29 : Operation 111 [1/1] (0.00ns)   --->   "call void (...)* @_ssdm_op_SpecInterface(i32* %stat_reg_outValue3, [10 x i8]* @p_str, i32 0, i32 0, [1 x i8]* @p_str1, i32 0, i32 0, [1 x i8]* @p_str1, [1 x i8]* @p_str1, [1 x i8]* @p_str1, i32 0, i32 0, i32 0, i32 0, [1 x i8]* @p_str1, [1 x i8]* @p_str1) nounwind" [iiccommmod.cpp:61]
ST_29 : Operation 112 [1/1] (0.00ns)   --->   "call void (...)* @_ssdm_op_SpecInterface(i32* %stat_reg_outValue4, [10 x i8]* @p_str, i32 0, i32 0, [1 x i8]* @p_str1, i32 0, i32 0, [1 x i8]* @p_str1, [1 x i8]* @p_str1, [1 x i8]* @p_str1, i32 0, i32 0, i32 0, i32 0, [1 x i8]* @p_str1, [1 x i8]* @p_str1) nounwind" [iiccommmod.cpp:62]
ST_29 : Operation 113 [1/1] (0.00ns)   --->   "call void (...)* @_ssdm_op_SpecInterface(i32* %empty_pirq_outValue, [10 x i8]* @p_str, i32 0, i32 0, [1 x i8]* @p_str1, i32 0, i32 0, [1 x i8]* @p_str1, [1 x i8]* @p_str1, [1 x i8]* @p_str1, i32 0, i32 0, i32 0, i32 0, [1 x i8]* @p_str1, [1 x i8]* @p_str1) nounwind" [iiccommmod.cpp:63]
ST_29 : Operation 114 [1/1] (0.00ns)   --->   "call void (...)* @_ssdm_op_SpecInterface(i32* %full_pirq_outValue, [10 x i8]* @p_str, i32 0, i32 0, [1 x i8]* @p_str1, i32 0, i32 0, [1 x i8]* @p_str1, [1 x i8]* @p_str1, [1 x i8]* @p_str1, i32 0, i32 0, i32 0, i32 0, [1 x i8]* @p_str1, [1 x i8]* @p_str1) nounwind" [iiccommmod.cpp:64]
ST_29 : Operation 115 [1/1] (0.00ns)   --->   "call void (...)* @_ssdm_op_SpecInterface(i32* %rx_fifo_outValue, [10 x i8]* @p_str, i32 0, i32 0, [1 x i8]* @p_str1, i32 0, i32 0, [1 x i8]* @p_str1, [1 x i8]* @p_str1, [1 x i8]* @p_str1, i32 0, i32 0, i32 0, i32 0, [1 x i8]* @p_str1, [1 x i8]* @p_str1) nounwind" [iiccommmod.cpp:65]
ST_29 : Operation 116 [1/1] (0.00ns)   --->   "call void (...)* @_ssdm_op_SpecInterface(i32* %tx_fifo_outValue, [10 x i8]* @p_str, i32 0, i32 0, [1 x i8]* @p_str1, i32 0, i32 0, [1 x i8]* @p_str1, [1 x i8]* @p_str1, [1 x i8]* @p_str1, i32 0, i32 0, i32 0, i32 0, [1 x i8]* @p_str1, [1 x i8]* @p_str1) nounwind" [iiccommmod.cpp:66]
ST_29 : Operation 117 [1/1] (0.00ns)   --->   "call void (...)* @_ssdm_op_SpecInterface(i32* %ctrl_reg_outValue, [10 x i8]* @p_str, i32 0, i32 0, [1 x i8]* @p_str1, i32 0, i32 0, [1 x i8]* @p_str1, [1 x i8]* @p_str1, [1 x i8]* @p_str1, i32 0, i32 0, i32 0, i32 0, [1 x i8]* @p_str1, [1 x i8]* @p_str1) nounwind" [iiccommmod.cpp:67]
ST_29 : Operation 118 [1/5] (3.50ns)   --->   "%iic_addr_3_resp = call i1 @_ssdm_op_WriteResp.m_axi.i32P(i32* %iic_addr_12)" [iiccommmod.cpp:110]   --->   Core 9 'm_axi' <Latency = 6> <II = 1> <Delay = 1.00> <Adapter> <Opcode : 'read' 'write' 'readreq' 'writereq' 'writeresp'>
ST_29 : Operation 119 [1/1] (0.00ns)   --->   "%rbegin1 = call i32 (...)* @_ssdm_op_SpecRegionBegin([45 x i8]* @delay_until_ms_MD_10) nounwind"
ST_29 : Operation 120 [1/1] (0.00ns)   --->   "call void (...)* @_ssdm_op_SpecProtocol(i32 0, [1 x i8]* @p_str1) nounwind" [./iiccommmod.hpp:61->iiccommmod.cpp:112]
ST_29 : Operation 121 [1/1] (1.76ns)   --->   "br label %1" [./iiccommmod.hpp:65->iiccommmod.cpp:112]

 <State 30> : 2.46ns
ST_30 : Operation 122 [1/1] (0.00ns)   --->   "%p_014_0_i4 = phi i29 [ 0, %0 ], [ %ctr_V, %2 ]"
ST_30 : Operation 123 [1/1] (2.46ns)   --->   "%tmp = icmp eq i29 %p_014_0_i4, -36870912" [./iiccommmod.hpp:65->iiccommmod.cpp:112]   --->   Core 25 'Cmp' <Latency = 0> <II = 1> <Delay = 2.46> <FuncUnit> <Opcode : 'icmp'> <InPorts = 2> <OutPorts = 1>
ST_30 : Operation 124 [1/1] (0.00ns)   --->   "%empty = call i32 (...)* @_ssdm_op_SpecLoopTripCount(i64 500000000, i64 500000000, i64 500000000) nounwind"
ST_30 : Operation 125 [1/1] (2.46ns)   --->   "%ctr_V = add i29 %p_014_0_i4, 1" [./iiccommmod.hpp:65->iiccommmod.cpp:112]   --->   Core 14 'AddSub' <Latency = 0> <II = 1> <Delay = 2.46> <FuncUnit> <Opcode : 'add' 'sub'> <InPorts = 2> <OutPorts = 1>
ST_30 : Operation 126 [1/1] (0.00ns)   --->   "br i1 %tmp, label %"delay_until_ms<10000ull, 50000000ull>.exit5", label %2" [./iiccommmod.hpp:65->iiccommmod.cpp:112]
ST_30 : Operation 127 [1/1] (0.00ns)   --->   "%dummy_1 = load volatile i8* %dummy, align 1" [./iiccommmod.hpp:66->iiccommmod.cpp:112]
ST_30 : Operation 128 [1/1] (0.00ns)   --->   "store volatile i8 %dummy_1, i8* %dummy, align 1" [./iiccommmod.hpp:66->iiccommmod.cpp:112]
ST_30 : Operation 129 [1/1] (0.00ns)   --->   "br label %1" [./iiccommmod.hpp:65->iiccommmod.cpp:112]
ST_30 : Operation 130 [1/1] (0.00ns)   --->   "%rend2 = call i32 (...)* @_ssdm_op_SpecRegionEnd([45 x i8]* @delay_until_ms_MD_10, i32 %rbegin1) nounwind"
ST_30 : Operation 131 [2/2] (0.00ns)   --->   "call fastcc void @readData(i32* %iic)" [iiccommmod.cpp:114]   --->   Core 0 '' <Latency = 0> <II = 1> <Delay = 1.00> <Generic> <Opcode : >

 <State 31> : 1.77ns
ST_31 : Operation 132 [1/2] (0.00ns)   --->   "call fastcc void @readData(i32* %iic)" [iiccommmod.cpp:114]   --->   Core 0 '' <Latency = 0> <II = 1> <Delay = 1.00> <Generic> <Opcode : >
ST_31 : Operation 133 [1/1] (0.00ns)   --->   "%rbegin = call i32 (...)* @_ssdm_op_SpecRegionBegin([45 x i8]* @delay_until_ms_MD_10) nounwind"
ST_31 : Operation 134 [1/1] (0.00ns)   --->   "call void (...)* @_ssdm_op_SpecProtocol(i32 0, [1 x i8]* @p_str1) nounwind" [./iiccommmod.hpp:61->iiccommmod.cpp:116]
ST_31 : Operation 135 [1/1] (1.76ns)   --->   "br label %3" [./iiccommmod.hpp:65->iiccommmod.cpp:116]

 <State 32> : 3.50ns
ST_32 : Operation 136 [1/1] (0.00ns)   --->   "%p_014_0_i = phi i29 [ 0, %"delay_until_ms<10000ull, 50000000ull>.exit5" ], [ %ctr_V_1, %4 ]"
ST_32 : Operation 137 [1/1] (2.46ns)   --->   "%tmp_5 = icmp eq i29 %p_014_0_i, -36870912" [./iiccommmod.hpp:65->iiccommmod.cpp:116]   --->   Core 25 'Cmp' <Latency = 0> <II = 1> <Delay = 2.46> <FuncUnit> <Opcode : 'icmp'> <InPorts = 2> <OutPorts = 1>
ST_32 : Operation 138 [1/1] (0.00ns)   --->   "%empty_2 = call i32 (...)* @_ssdm_op_SpecLoopTripCount(i64 500000000, i64 500000000, i64 500000000) nounwind"
ST_32 : Operation 139 [1/1] (2.46ns)   --->   "%ctr_V_1 = add i29 %p_014_0_i, 1" [./iiccommmod.hpp:65->iiccommmod.cpp:116]   --->   Core 14 'AddSub' <Latency = 0> <II = 1> <Delay = 2.46> <FuncUnit> <Opcode : 'add' 'sub'> <InPorts = 2> <OutPorts = 1>
ST_32 : Operation 140 [1/1] (0.00ns)   --->   "br i1 %tmp_5, label %"delay_until_ms<10000ull, 50000000ull>.exit", label %4" [./iiccommmod.hpp:65->iiccommmod.cpp:116]
ST_32 : Operation 141 [1/1] (0.00ns)   --->   "%dummy_3 = load volatile i8* %dummy_2, align 1" [./iiccommmod.hpp:66->iiccommmod.cpp:116]
ST_32 : Operation 142 [1/1] (0.00ns)   --->   "store volatile i8 %dummy_3, i8* %dummy_2, align 1" [./iiccommmod.hpp:66->iiccommmod.cpp:116]
ST_32 : Operation 143 [1/1] (0.00ns)   --->   "br label %3" [./iiccommmod.hpp:65->iiccommmod.cpp:116]
ST_32 : Operation 144 [1/1] (0.00ns)   --->   "%rend = call i32 (...)* @_ssdm_op_SpecRegionEnd([45 x i8]* @delay_until_ms_MD_10, i32 %rbegin) nounwind"
ST_32 : Operation 145 [1/1] (0.00ns)   --->   "%iic_addr_13 = getelementptr i32* %iic, i64 268436547"
ST_32 : Operation 146 [7/7] (3.50ns)   --->   "%iic_load_2_req = call i1 @_ssdm_op_ReadReq.m_axi.i32P(i32* %iic_addr_13, i32 1)" [iiccommmod.cpp:118]   --->   Core 9 'm_axi' <Latency = 6> <II = 1> <Delay = 1.00> <Adapter> <Opcode : 'read' 'write' 'readreq' 'writereq' 'writeresp'>

 <State 33> : 3.50ns
ST_33 : Operation 147 [6/7] (3.50ns)   --->   "%iic_load_2_req = call i1 @_ssdm_op_ReadReq.m_axi.i32P(i32* %iic_addr_13, i32 1)" [iiccommmod.cpp:118]   --->   Core 9 'm_axi' <Latency = 6> <II = 1> <Delay = 1.00> <Adapter> <Opcode : 'read' 'write' 'readreq' 'writereq' 'writeresp'>

 <State 34> : 3.50ns
ST_34 : Operation 148 [5/7] (3.50ns)   --->   "%iic_load_2_req = call i1 @_ssdm_op_ReadReq.m_axi.i32P(i32* %iic_addr_13, i32 1)" [iiccommmod.cpp:118]   --->   Core 9 'm_axi' <Latency = 6> <II = 1> <Delay = 1.00> <Adapter> <Opcode : 'read' 'write' 'readreq' 'writereq' 'writeresp'>

 <State 35> : 3.50ns
ST_35 : Operation 149 [4/7] (3.50ns)   --->   "%iic_load_2_req = call i1 @_ssdm_op_ReadReq.m_axi.i32P(i32* %iic_addr_13, i32 1)" [iiccommmod.cpp:118]   --->   Core 9 'm_axi' <Latency = 6> <II = 1> <Delay = 1.00> <Adapter> <Opcode : 'read' 'write' 'readreq' 'writereq' 'writeresp'>

 <State 36> : 3.50ns
ST_36 : Operation 150 [3/7] (3.50ns)   --->   "%iic_load_2_req = call i1 @_ssdm_op_ReadReq.m_axi.i32P(i32* %iic_addr_13, i32 1)" [iiccommmod.cpp:118]   --->   Core 9 'm_axi' <Latency = 6> <II = 1> <Delay = 1.00> <Adapter> <Opcode : 'read' 'write' 'readreq' 'writereq' 'writeresp'>

 <State 37> : 3.50ns
ST_37 : Operation 151 [2/7] (3.50ns)   --->   "%iic_load_2_req = call i1 @_ssdm_op_ReadReq.m_axi.i32P(i32* %iic_addr_13, i32 1)" [iiccommmod.cpp:118]   --->   Core 9 'm_axi' <Latency = 6> <II = 1> <Delay = 1.00> <Adapter> <Opcode : 'read' 'write' 'readreq' 'writereq' 'writeresp'>

 <State 38> : 3.50ns
ST_38 : Operation 152 [1/7] (3.50ns)   --->   "%iic_load_2_req = call i1 @_ssdm_op_ReadReq.m_axi.i32P(i32* %iic_addr_13, i32 1)" [iiccommmod.cpp:118]   --->   Core 9 'm_axi' <Latency = 6> <II = 1> <Delay = 1.00> <Adapter> <Opcode : 'read' 'write' 'readreq' 'writereq' 'writeresp'>

 <State 39> : 3.50ns
ST_39 : Operation 153 [1/1] (0.00ns)   --->   "%iic_addr_14 = getelementptr i32* %iic, i64 268436547"
ST_39 : Operation 154 [1/1] (3.50ns)   --->   "%iic_addr_14_read = call i32 @_ssdm_op_Read.m_axi.i32P(i32* %iic_addr_14)" [iiccommmod.cpp:118]   --->   Core 9 'm_axi' <Latency = 6> <II = 1> <Delay = 1.00> <Adapter> <Opcode : 'read' 'write' 'readreq' 'writereq' 'writeresp'>

 <State 40> : 1.00ns
ST_40 : Operation 155 [1/1] (1.00ns)   --->   "call void @_ssdm_op_Write.s_axilite.i32P(i32* %rx_fifo_outValue, i32 %iic_addr_14_read)" [iiccommmod.cpp:119]   --->   Core 10 's_axilite' <Latency = 0> <II = 1> <Delay = 1.00> <Adapter> <Opcode : 'read' 'write'>
ST_40 : Operation 156 [1/1] (0.00ns)   --->   "ret void" [iiccommmod.cpp:121]


============================================================
+ Verbose Summary: Timing violations
============================================================
Target clock period: 4ns, clock uncertainty: 0.5ns.

 <State 1>: 3.5ns
The critical path consists of the following:
	'getelementptr' operation ('iic_addr') [35]  (0 ns)
	bus request on port 'iic' (iiccommmod.cpp:71) [36]  (3.5 ns)

 <State 2>: 3.5ns
The critical path consists of the following:
	bus request on port 'iic' (iiccommmod.cpp:71) [36]  (3.5 ns)

 <State 3>: 3.5ns
The critical path consists of the following:
	bus request on port 'iic' (iiccommmod.cpp:71) [36]  (3.5 ns)

 <State 4>: 3.5ns
The critical path consists of the following:
	bus request on port 'iic' (iiccommmod.cpp:71) [36]  (3.5 ns)

 <State 5>: 3.5ns
The critical path consists of the following:
	bus request on port 'iic' (iiccommmod.cpp:71) [36]  (3.5 ns)

 <State 6>: 3.5ns
The critical path consists of the following:
	bus request on port 'iic' (iiccommmod.cpp:71) [36]  (3.5 ns)

 <State 7>: 3.5ns
The critical path consists of the following:
	bus request on port 'iic' (iiccommmod.cpp:71) [36]  (3.5 ns)

 <State 8>: 3.5ns
The critical path consists of the following:
	'getelementptr' operation ('iic_addr_1') [37]  (0 ns)
	bus read on port 'iic' (iiccommmod.cpp:71) [38]  (3.5 ns)

 <State 9>: 3.5ns
The critical path consists of the following:
	'getelementptr' operation ('iic_addr_3') [42]  (0 ns)
	bus write on port 'iic' (iiccommmod.cpp:75) [43]  (3.5 ns)

 <State 10>: 3.5ns
The critical path consists of the following:
	'getelementptr' operation ('iic_addr_4') [44]  (0 ns)
	bus access on port 'iic' (iiccommmod.cpp:75) [45]  (3.5 ns)

 <State 11>: 3.5ns
The critical path consists of the following:
	bus access on port 'iic' (iiccommmod.cpp:75) [45]  (3.5 ns)

 <State 12>: 3.5ns
The critical path consists of the following:
	bus access on port 'iic' (iiccommmod.cpp:75) [45]  (3.5 ns)

 <State 13>: 3.5ns
The critical path consists of the following:
	bus access on port 'iic' (iiccommmod.cpp:75) [45]  (3.5 ns)

 <State 14>: 3.5ns
The critical path consists of the following:
	bus access on port 'iic' (iiccommmod.cpp:75) [45]  (3.5 ns)

 <State 15>: 3.5ns
The critical path consists of the following:
	bus access on port 'iic' (iiccommmod.cpp:83) [52]  (3.5 ns)

 <State 16>: 3.5ns
The critical path consists of the following:
	'getelementptr' operation ('iic_addr_8') [54]  (0 ns)
	bus request on port 'iic' (iiccommmod.cpp:88) [55]  (3.5 ns)

 <State 17>: 3.5ns
The critical path consists of the following:
	bus request on port 'iic' (iiccommmod.cpp:88) [55]  (3.5 ns)

 <State 18>: 3.5ns
The critical path consists of the following:
	bus request on port 'iic' (iiccommmod.cpp:88) [55]  (3.5 ns)

 <State 19>: 3.5ns
The critical path consists of the following:
	bus request on port 'iic' (iiccommmod.cpp:88) [55]  (3.5 ns)

 <State 20>: 3.5ns
The critical path consists of the following:
	bus request on port 'iic' (iiccommmod.cpp:88) [55]  (3.5 ns)

 <State 21>: 3.5ns
The critical path consists of the following:
	bus request on port 'iic' (iiccommmod.cpp:88) [55]  (3.5 ns)

 <State 22>: 3.5ns
The critical path consists of the following:
	bus request on port 'iic' (iiccommmod.cpp:88) [55]  (3.5 ns)

 <State 23>: 3.5ns
The critical path consists of the following:
	'getelementptr' operation ('iic_addr_9') [56]  (0 ns)
	bus read on port 'iic' (iiccommmod.cpp:88) [57]  (3.5 ns)

 <State 24>: 3.5ns
The critical path consists of the following:
	'getelementptr' operation ('iic_addr_11') [61]  (0 ns)
	bus write on port 'iic' (iiccommmod.cpp:110) [62]  (3.5 ns)

 <State 25>: 3.5ns
The critical path consists of the following:
	'getelementptr' operation ('iic_addr_12') [63]  (0 ns)
	bus access on port 'iic' (iiccommmod.cpp:110) [64]  (3.5 ns)

 <State 26>: 3.5ns
The critical path consists of the following:
	bus access on port 'iic' (iiccommmod.cpp:110) [64]  (3.5 ns)

 <State 27>: 3.5ns
The critical path consists of the following:
	bus access on port 'iic' (iiccommmod.cpp:110) [64]  (3.5 ns)

 <State 28>: 3.5ns
The critical path consists of the following:
	bus access on port 'iic' (iiccommmod.cpp:110) [64]  (3.5 ns)

 <State 29>: 3.5ns
The critical path consists of the following:
	bus access on port 'iic' (iiccommmod.cpp:110) [64]  (3.5 ns)

 <State 30>: 2.46ns
The critical path consists of the following:
	'phi' operation ('ctr.V') with incoming values : ('ctr.V', ./iiccommmod.hpp:65->iiccommmod.cpp:112) [69]  (0 ns)
	'icmp' operation ('tmp', ./iiccommmod.hpp:65->iiccommmod.cpp:112) [70]  (2.46 ns)

 <State 31>: 1.77ns
The critical path consists of the following:
	multiplexor before 'phi' operation ('ctr.V') with incoming values : ('ctr.V', ./iiccommmod.hpp:65->iiccommmod.cpp:116) [85]  (1.77 ns)

 <State 32>: 3.5ns
The critical path consists of the following:
	'getelementptr' operation ('iic_addr_13') [96]  (0 ns)
	bus request on port 'iic' (iiccommmod.cpp:118) [97]  (3.5 ns)

 <State 33>: 3.5ns
The critical path consists of the following:
	bus request on port 'iic' (iiccommmod.cpp:118) [97]  (3.5 ns)

 <State 34>: 3.5ns
The critical path consists of the following:
	bus request on port 'iic' (iiccommmod.cpp:118) [97]  (3.5 ns)

 <State 35>: 3.5ns
The critical path consists of the following:
	bus request on port 'iic' (iiccommmod.cpp:118) [97]  (3.5 ns)

 <State 36>: 3.5ns
The critical path consists of the following:
	bus request on port 'iic' (iiccommmod.cpp:118) [97]  (3.5 ns)

 <State 37>: 3.5ns
The critical path consists of the following:
	bus request on port 'iic' (iiccommmod.cpp:118) [97]  (3.5 ns)

 <State 38>: 3.5ns
The critical path consists of the following:
	bus request on port 'iic' (iiccommmod.cpp:118) [97]  (3.5 ns)

 <State 39>: 3.5ns
The critical path consists of the following:
	'getelementptr' operation ('iic_addr_14') [98]  (0 ns)
	bus read on port 'iic' (iiccommmod.cpp:118) [99]  (3.5 ns)

 <State 40>: 1ns
The critical path consists of the following:
	s_axi write on port 'rx_fifo_outValue' (iiccommmod.cpp:119) [100]  (1 ns)


============================================================
+ Verbose Summary: Binding
============================================================
N/A
* FSMD analyzer results:
  - Output states:
 - Input state : 
  - Chain level:
	State 1
	State 2
	State 3
	State 4
	State 5
	State 6
	State 7
	State 8
	State 9
	State 10
	State 11
	State 12
	State 13
	State 14
	State 15
	State 16
	State 17
	State 18
	State 19
	State 20
	State 21
	State 22
	State 23
	State 24
	State 25
	State 26
	State 27
	State 28
	State 29
	State 30
	State 31
	State 32
	State 33
	State 34
	State 35
	State 36
	State 37
	State 38
	State 39
	State 40


============================================================
+ Verbose Summary: Datapath Resource usage 
============================================================
N/A
