
*** Running vivado
    with args -log iicComm_xbar_0.vds -m64 -product Vivado -mode batch -messageDb vivado.pb -notrace -source iicComm_xbar_0.tcl


****** Vivado v2017.4 (64-bit)
  **** SW Build 2086221 on Fri Dec 15 20:54:30 MST 2017
  **** IP Build 2085800 on Fri Dec 15 22:25:07 MST 2017
    ** Copyright 1986-2017 Xilinx, Inc. All Rights Reserved.

source iicComm_xbar_0.tcl -notrace
Command: synth_design -top iicComm_xbar_0 -part xc7z020clg400-1 -mode out_of_context
Starting synth_design
Attempting to get a license for feature 'Synthesis' and/or device 'xc7z020'
INFO: [Common 17-349] Got license for feature 'Synthesis' and/or device 'xc7z020'
INFO: Launching helper process for spawning children vivado processes
INFO: Helper process launched with PID 31777 
---------------------------------------------------------------------------------
Starting RTL Elaboration : Time (s): cpu = 00:00:19 ; elapsed = 00:00:39 . Memory (MB): peak = 1268.059 ; gain = 87.992 ; free physical = 131998 ; free virtual = 503218
---------------------------------------------------------------------------------
INFO: [Synth 8-638] synthesizing module 'iicComm_xbar_0' [/home/iavendano/pynq-copter/pynqcopter/iicComm/iicComm/iicComm.srcs/sources_1/bd/iicComm/ip/iicComm_xbar_0/synth/iicComm_xbar_0.v:59]
INFO: [Synth 8-638] synthesizing module 'axi_crossbar_v2_1_16_axi_crossbar' [/home/iavendano/pynq-copter/pynqcopter/iicComm/iicComm/iicComm.srcs/sources_1/bd/iicComm/ipshared/c631/hdl/axi_crossbar_v2_1_vl_rfs.v:4882]
	Parameter C_FAMILY bound to: zynq - type: string 
	Parameter C_NUM_SLAVE_SLOTS bound to: 2 - type: integer 
	Parameter C_NUM_MASTER_SLOTS bound to: 2 - type: integer 
	Parameter C_AXI_ID_WIDTH bound to: 1 - type: integer 
	Parameter C_AXI_ADDR_WIDTH bound to: 32 - type: integer 
	Parameter C_AXI_DATA_WIDTH bound to: 32 - type: integer 
	Parameter C_AXI_PROTOCOL bound to: 2 - type: integer 
	Parameter C_NUM_ADDR_RANGES bound to: 1 - type: integer 
	Parameter C_M_AXI_BASE_ADDR bound to: 128'b00000000000000000000000000000000010000010110000000000000000000000000000000000000000000000000000001000000000000000000000000000000 
	Parameter C_M_AXI_ADDR_WIDTH bound to: 64'b0000000000000000000000000001000000000000000000000000000000010000 
	Parameter C_S_AXI_BASE_ID bound to: 64'b0000000000000000000000000000000100000000000000000000000000000000 
	Parameter C_S_AXI_THREAD_ID_WIDTH bound to: 64'b0000000000000000000000000000000000000000000000000000000000000000 
	Parameter C_AXI_SUPPORTS_USER_SIGNALS bound to: 0 - type: integer 
	Parameter C_AXI_AWUSER_WIDTH bound to: 1 - type: integer 
	Parameter C_AXI_ARUSER_WIDTH bound to: 1 - type: integer 
	Parameter C_AXI_WUSER_WIDTH bound to: 1 - type: integer 
	Parameter C_AXI_RUSER_WIDTH bound to: 1 - type: integer 
	Parameter C_AXI_BUSER_WIDTH bound to: 1 - type: integer 
	Parameter C_M_AXI_WRITE_CONNECTIVITY bound to: 64'b0000000000000000000000000000001100000000000000000000000000000011 
	Parameter C_M_AXI_READ_CONNECTIVITY bound to: 64'b0000000000000000000000000000001100000000000000000000000000000011 
	Parameter C_R_REGISTER bound to: 1 - type: integer 
	Parameter C_S_AXI_SINGLE_THREAD bound to: 64'b0000000000000000000000000000000100000000000000000000000000000001 
	Parameter C_S_AXI_WRITE_ACCEPTANCE bound to: 64'b0000000000000000000000000000000100000000000000000000000000000001 
	Parameter C_S_AXI_READ_ACCEPTANCE bound to: 64'b0000000000000000000000000000000100000000000000000000000000000001 
	Parameter C_M_AXI_WRITE_ISSUING bound to: 64'b0000000000000000000000000000000100000000000000000000000000000001 
	Parameter C_M_AXI_READ_ISSUING bound to: 64'b0000000000000000000000000000000100000000000000000000000000000001 
	Parameter C_S_AXI_ARB_PRIORITY bound to: 64'b0000000000000000000000000000000000000000000000000000000000000000 
	Parameter C_M_AXI_SECURE bound to: 64'b0000000000000000000000000000000000000000000000000000000000000000 
	Parameter C_CONNECTIVITY_MODE bound to: 0 - type: integer 
	Parameter P_ONES bound to: 65'b11111111111111111111111111111111111111111111111111111111111111111 
	Parameter P_S_AXI_BASE_ID bound to: 128'b00000000000000000000000000000000000000000000000000000000000000010000000000000000000000000000000000000000000000000000000000000000 
	Parameter P_S_AXI_HIGH_ID bound to: 128'b00000000000000000000000000000000000000000000000000000000000000010000000000000000000000000000000000000000000000000000000000000000 
	Parameter P_AXI4 bound to: 0 - type: integer 
	Parameter P_AXI3 bound to: 1 - type: integer 
	Parameter P_AXILITE bound to: 2 - type: integer 
	Parameter P_AXILITE_SIZE bound to: 3'b010 
	Parameter P_INCR bound to: 2'b01 
	Parameter P_M_AXI_SUPPORTS_WRITE bound to: 2'b11 
	Parameter P_M_AXI_SUPPORTS_READ bound to: 2'b11 
	Parameter P_S_AXI_SUPPORTS_WRITE bound to: 2'b11 
	Parameter P_S_AXI_SUPPORTS_READ bound to: 2'b11 
	Parameter C_DEBUG bound to: 1 - type: integer 
	Parameter P_RANGE_CHECK bound to: 1 - type: integer 
	Parameter P_ADDR_DECODE bound to: 1 - type: integer 
	Parameter P_M_AXI_ERR_MODE bound to: 64'b0000000000000000000000000000000000000000000000000000000000000000 
	Parameter P_LEN bound to: 8 - type: integer 
	Parameter P_LOCK bound to: 1 - type: integer 
	Parameter P_FAMILY bound to: zynq - type: string 
INFO: [Synth 8-638] synthesizing module 'axi_crossbar_v2_1_16_crossbar_sasd' [/home/iavendano/pynq-copter/pynqcopter/iicComm/iicComm/iicComm.srcs/sources_1/bd/iicComm/ipshared/c631/hdl/axi_crossbar_v2_1_vl_rfs.v:1240]
	Parameter C_FAMILY bound to: zynq - type: string 
	Parameter C_NUM_SLAVE_SLOTS bound to: 2 - type: integer 
	Parameter C_NUM_MASTER_SLOTS bound to: 2 - type: integer 
	Parameter C_NUM_ADDR_RANGES bound to: 1 - type: integer 
	Parameter C_AXI_ID_WIDTH bound to: 1 - type: integer 
	Parameter C_AXI_ADDR_WIDTH bound to: 32 - type: integer 
	Parameter C_AXI_DATA_WIDTH bound to: 32 - type: integer 
	Parameter C_AXI_PROTOCOL bound to: 2 - type: integer 
	Parameter C_M_AXI_BASE_ADDR bound to: 128'b00000000000000000000000000000000010000010110000000000000000000000000000000000000000000000000000001000000000000000000000000000000 
	Parameter C_M_AXI_HIGH_ADDR bound to: 128'b00000000000000000000000000000000010000010110000011111111111111110000000000000000000000000000000001000000000000001111111111111111 
	Parameter C_S_AXI_BASE_ID bound to: 128'b00000000000000000000000000000000000000000000000000000000000000010000000000000000000000000000000000000000000000000000000000000000 
	Parameter C_S_AXI_HIGH_ID bound to: 128'b00000000000000000000000000000000000000000000000000000000000000010000000000000000000000000000000000000000000000000000000000000000 
	Parameter C_AXI_SUPPORTS_USER_SIGNALS bound to: 0 - type: integer 
	Parameter C_AXI_AWUSER_WIDTH bound to: 1 - type: integer 
	Parameter C_AXI_ARUSER_WIDTH bound to: 1 - type: integer 
	Parameter C_AXI_WUSER_WIDTH bound to: 1 - type: integer 
	Parameter C_AXI_RUSER_WIDTH bound to: 1 - type: integer 
	Parameter C_AXI_BUSER_WIDTH bound to: 1 - type: integer 
	Parameter C_S_AXI_SUPPORTS_WRITE bound to: 2'b11 
	Parameter C_S_AXI_SUPPORTS_READ bound to: 2'b11 
	Parameter C_M_AXI_SUPPORTS_WRITE bound to: 2'b11 
	Parameter C_M_AXI_SUPPORTS_READ bound to: 2'b11 
	Parameter C_S_AXI_ARB_PRIORITY bound to: 64'b0000000000000000000000000000000000000000000000000000000000000000 
	Parameter C_M_AXI_SECURE bound to: 64'b0000000000000000000000000000000000000000000000000000000000000000 
	Parameter C_M_AXI_ERR_MODE bound to: 64'b0000000000000000000000000000000000000000000000000000000000000000 
	Parameter C_R_REGISTER bound to: 1 - type: integer 
	Parameter C_RANGE_CHECK bound to: 1 - type: integer 
	Parameter C_ADDR_DECODE bound to: 1 - type: integer 
	Parameter C_DEBUG bound to: 1 - type: integer 
	Parameter P_AXI4 bound to: 0 - type: integer 
	Parameter P_AXI3 bound to: 1 - type: integer 
	Parameter P_AXILITE bound to: 2 - type: integer 
	Parameter P_NUM_MASTER_SLOTS_DE bound to: 3 - type: integer 
	Parameter P_NUM_MASTER_SLOTS_LOG bound to: 1 - type: integer 
	Parameter P_NUM_MASTER_SLOTS_DE_LOG bound to: 2 - type: integer 
	Parameter P_NUM_SLAVE_SLOTS_LOG bound to: 1 - type: integer 
	Parameter P_AXI_AUSER_WIDTH bound to: 1 - type: integer 
	Parameter P_AXI_WID_WIDTH bound to: 1 - type: integer 
	Parameter P_AMESG_WIDTH bound to: 64 - type: integer 
	Parameter P_BMESG_WIDTH bound to: 3 - type: integer 
	Parameter P_RMESG_WIDTH bound to: 36 - type: integer 
	Parameter P_WMESG_WIDTH bound to: 39 - type: integer 
	Parameter P_AXILITE_ERRMODE bound to: 1 - type: integer 
	Parameter P_NONSECURE_BIT bound to: 1 - type: integer 
	Parameter P_M_SECURE_MASK bound to: 2'b00 
	Parameter P_M_AXILITE_MASK bound to: 2'b00 
	Parameter P_FIXED bound to: 2'b00 
	Parameter P_BYPASS bound to: 0 - type: integer 
	Parameter P_LIGHTWT bound to: 7 - type: integer 
	Parameter P_FULLY_REG bound to: 1 - type: integer 
	Parameter P_R_REG_CONFIG bound to: 1 - type: integer 
	Parameter P_DECERR bound to: 2'b11 
INFO: [Synth 8-638] synthesizing module 'axi_crossbar_v2_1_16_addr_decoder' [/home/iavendano/pynq-copter/pynqcopter/iicComm/iicComm/iicComm.srcs/sources_1/bd/iicComm/ipshared/c631/hdl/axi_crossbar_v2_1_vl_rfs.v:794]
	Parameter C_FAMILY bound to: zynq - type: string 
	Parameter C_NUM_TARGETS bound to: 2 - type: integer 
	Parameter C_NUM_TARGETS_LOG bound to: 1 - type: integer 
	Parameter C_NUM_RANGES bound to: 1 - type: integer 
	Parameter C_ADDR_WIDTH bound to: 32 - type: integer 
	Parameter C_TARGET_ENC bound to: 1 - type: integer 
	Parameter C_TARGET_HOT bound to: 1 - type: integer 
	Parameter C_REGION_ENC bound to: 1 - type: integer 
	Parameter C_BASE_ADDR bound to: 128'b00000000000000000000000000000000010000010110000000000000000000000000000000000000000000000000000001000000000000000000000000000000 
	Parameter C_HIGH_ADDR bound to: 128'b00000000000000000000000000000000010000010110000011111111111111110000000000000000000000000000000001000000000000001111111111111111 
	Parameter C_TARGET_QUAL bound to: 3'b011 
	Parameter C_RESOLUTION bound to: 2 - type: integer 
	Parameter C_COMPARATOR_THRESHOLD bound to: 6 - type: integer 
INFO: [Synth 8-638] synthesizing module 'generic_baseblocks_v2_1_0_comparator_static' [/home/iavendano/pynq-copter/pynqcopter/iicComm/iicComm/iicComm.srcs/sources_1/bd/iicComm/ipshared/b752/hdl/generic_baseblocks_v2_1_vl_rfs.v:2133]
	Parameter C_FAMILY bound to: rtl - type: string 
	Parameter C_VALUE bound to: 30'b010000000000000000000000000000 
	Parameter C_DATA_WIDTH bound to: 30 - type: integer 
	Parameter C_BITS_PER_LUT bound to: 6 - type: integer 
	Parameter C_NUM_LUT bound to: 5 - type: integer 
	Parameter C_FIX_DATA_WIDTH bound to: 30 - type: integer 
INFO: [Synth 8-638] synthesizing module 'generic_baseblocks_v2_1_0_carry_and' [/home/iavendano/pynq-copter/pynqcopter/iicComm/iicComm/iicComm.srcs/sources_1/bd/iicComm/ipshared/b752/hdl/generic_baseblocks_v2_1_vl_rfs.v:62]
	Parameter C_FAMILY bound to: rtl - type: string 
INFO: [Synth 8-256] done synthesizing module 'generic_baseblocks_v2_1_0_carry_and' (1#1) [/home/iavendano/pynq-copter/pynqcopter/iicComm/iicComm/iicComm.srcs/sources_1/bd/iicComm/ipshared/b752/hdl/generic_baseblocks_v2_1_vl_rfs.v:62]
INFO: [Synth 8-256] done synthesizing module 'generic_baseblocks_v2_1_0_comparator_static' (2#1) [/home/iavendano/pynq-copter/pynqcopter/iicComm/iicComm/iicComm.srcs/sources_1/bd/iicComm/ipshared/b752/hdl/generic_baseblocks_v2_1_vl_rfs.v:2133]
INFO: [Synth 8-638] synthesizing module 'generic_baseblocks_v2_1_0_comparator_static__parameterized0' [/home/iavendano/pynq-copter/pynqcopter/iicComm/iicComm/iicComm.srcs/sources_1/bd/iicComm/ipshared/b752/hdl/generic_baseblocks_v2_1_vl_rfs.v:2133]
	Parameter C_FAMILY bound to: rtl - type: string 
	Parameter C_VALUE bound to: 30'b010000010110000000000000000000 
	Parameter C_DATA_WIDTH bound to: 30 - type: integer 
	Parameter C_BITS_PER_LUT bound to: 6 - type: integer 
	Parameter C_NUM_LUT bound to: 5 - type: integer 
	Parameter C_FIX_DATA_WIDTH bound to: 30 - type: integer 
INFO: [Synth 8-256] done synthesizing module 'generic_baseblocks_v2_1_0_comparator_static__parameterized0' (2#1) [/home/iavendano/pynq-copter/pynqcopter/iicComm/iicComm/iicComm.srcs/sources_1/bd/iicComm/ipshared/b752/hdl/generic_baseblocks_v2_1_vl_rfs.v:2133]
INFO: [Synth 8-256] done synthesizing module 'axi_crossbar_v2_1_16_addr_decoder' (3#1) [/home/iavendano/pynq-copter/pynqcopter/iicComm/iicComm/iicComm.srcs/sources_1/bd/iicComm/ipshared/c631/hdl/axi_crossbar_v2_1_vl_rfs.v:794]
INFO: [Synth 8-638] synthesizing module 'generic_baseblocks_v2_1_0_mux_enc' [/home/iavendano/pynq-copter/pynqcopter/iicComm/iicComm/iicComm.srcs/sources_1/bd/iicComm/ipshared/b752/hdl/generic_baseblocks_v2_1_vl_rfs.v:2452]
	Parameter C_FAMILY bound to: rtl - type: string 
	Parameter C_RATIO bound to: 2 - type: integer 
	Parameter C_SEL_WIDTH bound to: 1 - type: integer 
	Parameter C_DATA_WIDTH bound to: 1 - type: integer 
INFO: [Synth 8-256] done synthesizing module 'generic_baseblocks_v2_1_0_mux_enc' (4#1) [/home/iavendano/pynq-copter/pynqcopter/iicComm/iicComm/iicComm.srcs/sources_1/bd/iicComm/ipshared/b752/hdl/generic_baseblocks_v2_1_vl_rfs.v:2452]
INFO: [Synth 8-638] synthesizing module 'generic_baseblocks_v2_1_0_mux_enc__parameterized0' [/home/iavendano/pynq-copter/pynqcopter/iicComm/iicComm/iicComm.srcs/sources_1/bd/iicComm/ipshared/b752/hdl/generic_baseblocks_v2_1_vl_rfs.v:2452]
	Parameter C_FAMILY bound to: rtl - type: string 
	Parameter C_RATIO bound to: 2 - type: integer 
	Parameter C_SEL_WIDTH bound to: 1 - type: integer 
	Parameter C_DATA_WIDTH bound to: 39 - type: integer 
INFO: [Synth 8-256] done synthesizing module 'generic_baseblocks_v2_1_0_mux_enc__parameterized0' (4#1) [/home/iavendano/pynq-copter/pynqcopter/iicComm/iicComm/iicComm.srcs/sources_1/bd/iicComm/ipshared/b752/hdl/generic_baseblocks_v2_1_vl_rfs.v:2452]
INFO: [Synth 8-638] synthesizing module 'axi_crossbar_v2_1_16_decerr_slave' [/home/iavendano/pynq-copter/pynqcopter/iicComm/iicComm/iicComm.srcs/sources_1/bd/iicComm/ipshared/c631/hdl/axi_crossbar_v2_1_vl_rfs.v:3500]
	Parameter C_AXI_ID_WIDTH bound to: 1 - type: integer 
	Parameter C_AXI_DATA_WIDTH bound to: 32 - type: integer 
	Parameter C_AXI_BUSER_WIDTH bound to: 1 - type: integer 
	Parameter C_AXI_RUSER_WIDTH bound to: 1 - type: integer 
	Parameter C_AXI_PROTOCOL bound to: 2 - type: integer 
	Parameter C_RESP bound to: 3 - type: integer 
	Parameter P_WRITE_IDLE bound to: 2'b00 
	Parameter P_WRITE_DATA bound to: 2'b01 
	Parameter P_WRITE_RESP bound to: 2'b10 
	Parameter P_READ_IDLE bound to: 1'b0 
	Parameter P_READ_DATA bound to: 1'b1 
	Parameter P_AXI4 bound to: 0 - type: integer 
	Parameter P_AXI3 bound to: 1 - type: integer 
	Parameter P_AXILITE bound to: 2 - type: integer 
INFO: [Synth 8-256] done synthesizing module 'axi_crossbar_v2_1_16_decerr_slave' (5#1) [/home/iavendano/pynq-copter/pynqcopter/iicComm/iicComm/iicComm.srcs/sources_1/bd/iicComm/ipshared/c631/hdl/axi_crossbar_v2_1_vl_rfs.v:3500]
INFO: [Synth 8-638] synthesizing module 'axi_crossbar_v2_1_16_addr_arbiter_sasd' [/home/iavendano/pynq-copter/pynqcopter/iicComm/iicComm/iicComm.srcs/sources_1/bd/iicComm/ipshared/c631/hdl/axi_crossbar_v2_1_vl_rfs.v:65]
	Parameter C_FAMILY bound to: zynq - type: string 
	Parameter C_NUM_S bound to: 2 - type: integer 
	Parameter C_NUM_S_LOG bound to: 1 - type: integer 
	Parameter C_AMESG_WIDTH bound to: 64 - type: integer 
	Parameter C_GRANT_ENC bound to: 1 - type: integer 
	Parameter C_ARB_PRIORITY bound to: 64'b0000000000000000000000000000000000000000000000000000000000000000 
	Parameter P_PRIO_MASK bound to: 2'b00 
INFO: [Synth 8-638] synthesizing module 'generic_baseblocks_v2_1_0_mux_enc__parameterized1' [/home/iavendano/pynq-copter/pynqcopter/iicComm/iicComm/iicComm.srcs/sources_1/bd/iicComm/ipshared/b752/hdl/generic_baseblocks_v2_1_vl_rfs.v:2452]
	Parameter C_FAMILY bound to: rtl - type: string 
	Parameter C_RATIO bound to: 2 - type: integer 
	Parameter C_SEL_WIDTH bound to: 1 - type: integer 
	Parameter C_DATA_WIDTH bound to: 64 - type: integer 
INFO: [Synth 8-256] done synthesizing module 'generic_baseblocks_v2_1_0_mux_enc__parameterized1' (5#1) [/home/iavendano/pynq-copter/pynqcopter/iicComm/iicComm/iicComm.srcs/sources_1/bd/iicComm/ipshared/b752/hdl/generic_baseblocks_v2_1_vl_rfs.v:2452]
INFO: [Synth 8-3936] Found unconnected internal register 'gen_arbiter.next_rr_hot_reg' and it is trimmed from '16' to '2' bits. [/home/iavendano/pynq-copter/pynqcopter/iicComm/iicComm/iicComm.srcs/sources_1/bd/iicComm/ipshared/c631/hdl/axi_crossbar_v2_1_vl_rfs.v:276]
INFO: [Synth 8-256] done synthesizing module 'axi_crossbar_v2_1_16_addr_arbiter_sasd' (6#1) [/home/iavendano/pynq-copter/pynqcopter/iicComm/iicComm/iicComm.srcs/sources_1/bd/iicComm/ipshared/c631/hdl/axi_crossbar_v2_1_vl_rfs.v:65]
INFO: [Synth 8-638] synthesizing module 'axi_crossbar_v2_1_16_splitter' [/home/iavendano/pynq-copter/pynqcopter/iicComm/iicComm/iicComm.srcs/sources_1/bd/iicComm/ipshared/c631/hdl/axi_crossbar_v2_1_vl_rfs.v:4459]
	Parameter C_NUM_M bound to: 3 - type: integer 
INFO: [Synth 8-256] done synthesizing module 'axi_crossbar_v2_1_16_splitter' (7#1) [/home/iavendano/pynq-copter/pynqcopter/iicComm/iicComm/iicComm.srcs/sources_1/bd/iicComm/ipshared/c631/hdl/axi_crossbar_v2_1_vl_rfs.v:4459]
INFO: [Synth 8-638] synthesizing module 'axi_crossbar_v2_1_16_splitter__parameterized0' [/home/iavendano/pynq-copter/pynqcopter/iicComm/iicComm/iicComm.srcs/sources_1/bd/iicComm/ipshared/c631/hdl/axi_crossbar_v2_1_vl_rfs.v:4459]
	Parameter C_NUM_M bound to: 2 - type: integer 
INFO: [Synth 8-256] done synthesizing module 'axi_crossbar_v2_1_16_splitter__parameterized0' (7#1) [/home/iavendano/pynq-copter/pynqcopter/iicComm/iicComm/iicComm.srcs/sources_1/bd/iicComm/ipshared/c631/hdl/axi_crossbar_v2_1_vl_rfs.v:4459]
INFO: [Synth 8-638] synthesizing module 'generic_baseblocks_v2_1_0_mux_enc__parameterized2' [/home/iavendano/pynq-copter/pynqcopter/iicComm/iicComm/iicComm.srcs/sources_1/bd/iicComm/ipshared/b752/hdl/generic_baseblocks_v2_1_vl_rfs.v:2452]
	Parameter C_FAMILY bound to: rtl - type: string 
	Parameter C_RATIO bound to: 3 - type: integer 
	Parameter C_SEL_WIDTH bound to: 2 - type: integer 
	Parameter C_DATA_WIDTH bound to: 1 - type: integer 
INFO: [Synth 8-256] done synthesizing module 'generic_baseblocks_v2_1_0_mux_enc__parameterized2' (7#1) [/home/iavendano/pynq-copter/pynqcopter/iicComm/iicComm/iicComm.srcs/sources_1/bd/iicComm/ipshared/b752/hdl/generic_baseblocks_v2_1_vl_rfs.v:2452]
INFO: [Synth 8-638] synthesizing module 'generic_baseblocks_v2_1_0_mux_enc__parameterized3' [/home/iavendano/pynq-copter/pynqcopter/iicComm/iicComm/iicComm.srcs/sources_1/bd/iicComm/ipshared/b752/hdl/generic_baseblocks_v2_1_vl_rfs.v:2452]
	Parameter C_FAMILY bound to: rtl - type: string 
	Parameter C_RATIO bound to: 3 - type: integer 
	Parameter C_SEL_WIDTH bound to: 2 - type: integer 
	Parameter C_DATA_WIDTH bound to: 36 - type: integer 
INFO: [Synth 8-256] done synthesizing module 'generic_baseblocks_v2_1_0_mux_enc__parameterized3' (7#1) [/home/iavendano/pynq-copter/pynqcopter/iicComm/iicComm/iicComm.srcs/sources_1/bd/iicComm/ipshared/b752/hdl/generic_baseblocks_v2_1_vl_rfs.v:2452]
INFO: [Synth 8-638] synthesizing module 'axi_register_slice_v2_1_15_axic_register_slice' [/home/iavendano/pynq-copter/pynqcopter/iicComm/iicComm/iicComm.srcs/sources_1/bd/iicComm/ipshared/3ed1/hdl/axi_register_slice_v2_1_vl_rfs.v:189]
	Parameter C_FAMILY bound to: zynq - type: string 
	Parameter C_DATA_WIDTH bound to: 36 - type: integer 
	Parameter C_REG_CONFIG bound to: 1 - type: integer 
INFO: [Synth 8-256] done synthesizing module 'axi_register_slice_v2_1_15_axic_register_slice' (8#1) [/home/iavendano/pynq-copter/pynqcopter/iicComm/iicComm/iicComm.srcs/sources_1/bd/iicComm/ipshared/3ed1/hdl/axi_register_slice_v2_1_vl_rfs.v:189]
INFO: [Synth 8-638] synthesizing module 'generic_baseblocks_v2_1_0_mux_enc__parameterized4' [/home/iavendano/pynq-copter/pynqcopter/iicComm/iicComm/iicComm.srcs/sources_1/bd/iicComm/ipshared/b752/hdl/generic_baseblocks_v2_1_vl_rfs.v:2452]
	Parameter C_FAMILY bound to: rtl - type: string 
	Parameter C_RATIO bound to: 3 - type: integer 
	Parameter C_SEL_WIDTH bound to: 2 - type: integer 
	Parameter C_DATA_WIDTH bound to: 3 - type: integer 
INFO: [Synth 8-256] done synthesizing module 'generic_baseblocks_v2_1_0_mux_enc__parameterized4' (8#1) [/home/iavendano/pynq-copter/pynqcopter/iicComm/iicComm/iicComm.srcs/sources_1/bd/iicComm/ipshared/b752/hdl/generic_baseblocks_v2_1_vl_rfs.v:2452]
WARNING: [Synth 8-6014] Unused sequential element gen_debug_trans_seq.debug_aw_trans_seq_i_reg was removed.  [/home/iavendano/pynq-copter/pynqcopter/iicComm/iicComm/iicComm.srcs/sources_1/bd/iicComm/ipshared/c631/hdl/axi_crossbar_v2_1_vl_rfs.v:2056]
WARNING: [Synth 8-6014] Unused sequential element gen_debug_trans_seq.debug_ar_trans_seq_i_reg was removed.  [/home/iavendano/pynq-copter/pynqcopter/iicComm/iicComm/iicComm.srcs/sources_1/bd/iicComm/ipshared/c631/hdl/axi_crossbar_v2_1_vl_rfs.v:2067]
WARNING: [Synth 8-6014] Unused sequential element gen_debug_trans_seq.debug_w_beat_cnt_i_reg was removed.  [/home/iavendano/pynq-copter/pynqcopter/iicComm/iicComm/iicComm.srcs/sources_1/bd/iicComm/ipshared/c631/hdl/axi_crossbar_v2_1_vl_rfs.v:2078]
WARNING: [Synth 8-6014] Unused sequential element gen_debug_trans_seq.debug_r_beat_cnt_i_reg was removed.  [/home/iavendano/pynq-copter/pynqcopter/iicComm/iicComm/iicComm.srcs/sources_1/bd/iicComm/ipshared/c631/hdl/axi_crossbar_v2_1_vl_rfs.v:2091]
INFO: [Synth 8-256] done synthesizing module 'axi_crossbar_v2_1_16_crossbar_sasd' (9#1) [/home/iavendano/pynq-copter/pynqcopter/iicComm/iicComm/iicComm.srcs/sources_1/bd/iicComm/ipshared/c631/hdl/axi_crossbar_v2_1_vl_rfs.v:1240]
INFO: [Synth 8-256] done synthesizing module 'axi_crossbar_v2_1_16_axi_crossbar' (10#1) [/home/iavendano/pynq-copter/pynqcopter/iicComm/iicComm/iicComm.srcs/sources_1/bd/iicComm/ipshared/c631/hdl/axi_crossbar_v2_1_vl_rfs.v:4882]
INFO: [Synth 8-256] done synthesizing module 'iicComm_xbar_0' (11#1) [/home/iavendano/pynq-copter/pynqcopter/iicComm/iicComm/iicComm.srcs/sources_1/bd/iicComm/ip/iicComm_xbar_0/synth/iicComm_xbar_0.v:59]
WARNING: [Synth 8-3331] design axi_crossbar_v2_1_16_decerr_slave has unconnected port S_AXI_AWID[0]
WARNING: [Synth 8-3331] design axi_crossbar_v2_1_16_decerr_slave has unconnected port S_AXI_WLAST
WARNING: [Synth 8-3331] design axi_crossbar_v2_1_16_decerr_slave has unconnected port S_AXI_ARID[0]
WARNING: [Synth 8-3331] design axi_crossbar_v2_1_16_decerr_slave has unconnected port S_AXI_ARLEN[7]
WARNING: [Synth 8-3331] design axi_crossbar_v2_1_16_decerr_slave has unconnected port S_AXI_ARLEN[6]
WARNING: [Synth 8-3331] design axi_crossbar_v2_1_16_decerr_slave has unconnected port S_AXI_ARLEN[5]
WARNING: [Synth 8-3331] design axi_crossbar_v2_1_16_decerr_slave has unconnected port S_AXI_ARLEN[4]
WARNING: [Synth 8-3331] design axi_crossbar_v2_1_16_decerr_slave has unconnected port S_AXI_ARLEN[3]
WARNING: [Synth 8-3331] design axi_crossbar_v2_1_16_decerr_slave has unconnected port S_AXI_ARLEN[2]
WARNING: [Synth 8-3331] design axi_crossbar_v2_1_16_decerr_slave has unconnected port S_AXI_ARLEN[1]
WARNING: [Synth 8-3331] design axi_crossbar_v2_1_16_decerr_slave has unconnected port S_AXI_ARLEN[0]
WARNING: [Synth 8-3331] design axi_crossbar_v2_1_16_addr_decoder has unconnected port ADDR[1]
WARNING: [Synth 8-3331] design axi_crossbar_v2_1_16_addr_decoder has unconnected port ADDR[0]
WARNING: [Synth 8-3331] design axi_crossbar_v2_1_16_crossbar_sasd has unconnected port S_AXI_AWID[1]
WARNING: [Synth 8-3331] design axi_crossbar_v2_1_16_crossbar_sasd has unconnected port S_AXI_AWID[0]
WARNING: [Synth 8-3331] design axi_crossbar_v2_1_16_crossbar_sasd has unconnected port S_AXI_WID[1]
WARNING: [Synth 8-3331] design axi_crossbar_v2_1_16_crossbar_sasd has unconnected port S_AXI_WID[0]
WARNING: [Synth 8-3331] design axi_crossbar_v2_1_16_crossbar_sasd has unconnected port S_AXI_ARID[1]
WARNING: [Synth 8-3331] design axi_crossbar_v2_1_16_crossbar_sasd has unconnected port S_AXI_ARID[0]
WARNING: [Synth 8-3331] design axi_crossbar_v2_1_16_crossbar_sasd has unconnected port M_AXI_BID[1]
WARNING: [Synth 8-3331] design axi_crossbar_v2_1_16_crossbar_sasd has unconnected port M_AXI_BID[0]
WARNING: [Synth 8-3331] design axi_crossbar_v2_1_16_crossbar_sasd has unconnected port M_AXI_RID[1]
WARNING: [Synth 8-3331] design axi_crossbar_v2_1_16_crossbar_sasd has unconnected port M_AXI_RID[0]
WARNING: [Synth 8-3331] design axi_crossbar_v2_1_16_axi_crossbar has unconnected port s_axi_awid[1]
WARNING: [Synth 8-3331] design axi_crossbar_v2_1_16_axi_crossbar has unconnected port s_axi_awid[0]
WARNING: [Synth 8-3331] design axi_crossbar_v2_1_16_axi_crossbar has unconnected port s_axi_awlen[15]
WARNING: [Synth 8-3331] design axi_crossbar_v2_1_16_axi_crossbar has unconnected port s_axi_awlen[14]
WARNING: [Synth 8-3331] design axi_crossbar_v2_1_16_axi_crossbar has unconnected port s_axi_awlen[13]
WARNING: [Synth 8-3331] design axi_crossbar_v2_1_16_axi_crossbar has unconnected port s_axi_awlen[12]
WARNING: [Synth 8-3331] design axi_crossbar_v2_1_16_axi_crossbar has unconnected port s_axi_awlen[11]
WARNING: [Synth 8-3331] design axi_crossbar_v2_1_16_axi_crossbar has unconnected port s_axi_awlen[10]
WARNING: [Synth 8-3331] design axi_crossbar_v2_1_16_axi_crossbar has unconnected port s_axi_awlen[9]
WARNING: [Synth 8-3331] design axi_crossbar_v2_1_16_axi_crossbar has unconnected port s_axi_awlen[8]
WARNING: [Synth 8-3331] design axi_crossbar_v2_1_16_axi_crossbar has unconnected port s_axi_awlen[7]
WARNING: [Synth 8-3331] design axi_crossbar_v2_1_16_axi_crossbar has unconnected port s_axi_awlen[6]
WARNING: [Synth 8-3331] design axi_crossbar_v2_1_16_axi_crossbar has unconnected port s_axi_awlen[5]
WARNING: [Synth 8-3331] design axi_crossbar_v2_1_16_axi_crossbar has unconnected port s_axi_awlen[4]
WARNING: [Synth 8-3331] design axi_crossbar_v2_1_16_axi_crossbar has unconnected port s_axi_awlen[3]
WARNING: [Synth 8-3331] design axi_crossbar_v2_1_16_axi_crossbar has unconnected port s_axi_awlen[2]
WARNING: [Synth 8-3331] design axi_crossbar_v2_1_16_axi_crossbar has unconnected port s_axi_awlen[1]
WARNING: [Synth 8-3331] design axi_crossbar_v2_1_16_axi_crossbar has unconnected port s_axi_awlen[0]
WARNING: [Synth 8-3331] design axi_crossbar_v2_1_16_axi_crossbar has unconnected port s_axi_awsize[5]
WARNING: [Synth 8-3331] design axi_crossbar_v2_1_16_axi_crossbar has unconnected port s_axi_awsize[4]
WARNING: [Synth 8-3331] design axi_crossbar_v2_1_16_axi_crossbar has unconnected port s_axi_awsize[3]
WARNING: [Synth 8-3331] design axi_crossbar_v2_1_16_axi_crossbar has unconnected port s_axi_awsize[2]
WARNING: [Synth 8-3331] design axi_crossbar_v2_1_16_axi_crossbar has unconnected port s_axi_awsize[1]
WARNING: [Synth 8-3331] design axi_crossbar_v2_1_16_axi_crossbar has unconnected port s_axi_awsize[0]
WARNING: [Synth 8-3331] design axi_crossbar_v2_1_16_axi_crossbar has unconnected port s_axi_awburst[3]
WARNING: [Synth 8-3331] design axi_crossbar_v2_1_16_axi_crossbar has unconnected port s_axi_awburst[2]
WARNING: [Synth 8-3331] design axi_crossbar_v2_1_16_axi_crossbar has unconnected port s_axi_awburst[1]
WARNING: [Synth 8-3331] design axi_crossbar_v2_1_16_axi_crossbar has unconnected port s_axi_awburst[0]
WARNING: [Synth 8-3331] design axi_crossbar_v2_1_16_axi_crossbar has unconnected port s_axi_awlock[1]
WARNING: [Synth 8-3331] design axi_crossbar_v2_1_16_axi_crossbar has unconnected port s_axi_awlock[0]
WARNING: [Synth 8-3331] design axi_crossbar_v2_1_16_axi_crossbar has unconnected port s_axi_awcache[7]
WARNING: [Synth 8-3331] design axi_crossbar_v2_1_16_axi_crossbar has unconnected port s_axi_awcache[6]
WARNING: [Synth 8-3331] design axi_crossbar_v2_1_16_axi_crossbar has unconnected port s_axi_awcache[5]
WARNING: [Synth 8-3331] design axi_crossbar_v2_1_16_axi_crossbar has unconnected port s_axi_awcache[4]
WARNING: [Synth 8-3331] design axi_crossbar_v2_1_16_axi_crossbar has unconnected port s_axi_awcache[3]
WARNING: [Synth 8-3331] design axi_crossbar_v2_1_16_axi_crossbar has unconnected port s_axi_awcache[2]
WARNING: [Synth 8-3331] design axi_crossbar_v2_1_16_axi_crossbar has unconnected port s_axi_awcache[1]
WARNING: [Synth 8-3331] design axi_crossbar_v2_1_16_axi_crossbar has unconnected port s_axi_awcache[0]
WARNING: [Synth 8-3331] design axi_crossbar_v2_1_16_axi_crossbar has unconnected port s_axi_awqos[7]
WARNING: [Synth 8-3331] design axi_crossbar_v2_1_16_axi_crossbar has unconnected port s_axi_awqos[6]
WARNING: [Synth 8-3331] design axi_crossbar_v2_1_16_axi_crossbar has unconnected port s_axi_awqos[5]
WARNING: [Synth 8-3331] design axi_crossbar_v2_1_16_axi_crossbar has unconnected port s_axi_awqos[4]
WARNING: [Synth 8-3331] design axi_crossbar_v2_1_16_axi_crossbar has unconnected port s_axi_awqos[3]
WARNING: [Synth 8-3331] design axi_crossbar_v2_1_16_axi_crossbar has unconnected port s_axi_awqos[2]
WARNING: [Synth 8-3331] design axi_crossbar_v2_1_16_axi_crossbar has unconnected port s_axi_awqos[1]
WARNING: [Synth 8-3331] design axi_crossbar_v2_1_16_axi_crossbar has unconnected port s_axi_awqos[0]
WARNING: [Synth 8-3331] design axi_crossbar_v2_1_16_axi_crossbar has unconnected port s_axi_awuser[1]
WARNING: [Synth 8-3331] design axi_crossbar_v2_1_16_axi_crossbar has unconnected port s_axi_awuser[0]
WARNING: [Synth 8-3331] design axi_crossbar_v2_1_16_axi_crossbar has unconnected port s_axi_wid[1]
WARNING: [Synth 8-3331] design axi_crossbar_v2_1_16_axi_crossbar has unconnected port s_axi_wid[0]
WARNING: [Synth 8-3331] design axi_crossbar_v2_1_16_axi_crossbar has unconnected port s_axi_wlast[1]
WARNING: [Synth 8-3331] design axi_crossbar_v2_1_16_axi_crossbar has unconnected port s_axi_wlast[0]
WARNING: [Synth 8-3331] design axi_crossbar_v2_1_16_axi_crossbar has unconnected port s_axi_wuser[1]
WARNING: [Synth 8-3331] design axi_crossbar_v2_1_16_axi_crossbar has unconnected port s_axi_wuser[0]
WARNING: [Synth 8-3331] design axi_crossbar_v2_1_16_axi_crossbar has unconnected port s_axi_arid[1]
WARNING: [Synth 8-3331] design axi_crossbar_v2_1_16_axi_crossbar has unconnected port s_axi_arid[0]
WARNING: [Synth 8-3331] design axi_crossbar_v2_1_16_axi_crossbar has unconnected port s_axi_arlen[15]
WARNING: [Synth 8-3331] design axi_crossbar_v2_1_16_axi_crossbar has unconnected port s_axi_arlen[14]
WARNING: [Synth 8-3331] design axi_crossbar_v2_1_16_axi_crossbar has unconnected port s_axi_arlen[13]
WARNING: [Synth 8-3331] design axi_crossbar_v2_1_16_axi_crossbar has unconnected port s_axi_arlen[12]
WARNING: [Synth 8-3331] design axi_crossbar_v2_1_16_axi_crossbar has unconnected port s_axi_arlen[11]
WARNING: [Synth 8-3331] design axi_crossbar_v2_1_16_axi_crossbar has unconnected port s_axi_arlen[10]
WARNING: [Synth 8-3331] design axi_crossbar_v2_1_16_axi_crossbar has unconnected port s_axi_arlen[9]
WARNING: [Synth 8-3331] design axi_crossbar_v2_1_16_axi_crossbar has unconnected port s_axi_arlen[8]
WARNING: [Synth 8-3331] design axi_crossbar_v2_1_16_axi_crossbar has unconnected port s_axi_arlen[7]
WARNING: [Synth 8-3331] design axi_crossbar_v2_1_16_axi_crossbar has unconnected port s_axi_arlen[6]
WARNING: [Synth 8-3331] design axi_crossbar_v2_1_16_axi_crossbar has unconnected port s_axi_arlen[5]
WARNING: [Synth 8-3331] design axi_crossbar_v2_1_16_axi_crossbar has unconnected port s_axi_arlen[4]
WARNING: [Synth 8-3331] design axi_crossbar_v2_1_16_axi_crossbar has unconnected port s_axi_arlen[3]
WARNING: [Synth 8-3331] design axi_crossbar_v2_1_16_axi_crossbar has unconnected port s_axi_arlen[2]
WARNING: [Synth 8-3331] design axi_crossbar_v2_1_16_axi_crossbar has unconnected port s_axi_arlen[1]
WARNING: [Synth 8-3331] design axi_crossbar_v2_1_16_axi_crossbar has unconnected port s_axi_arlen[0]
WARNING: [Synth 8-3331] design axi_crossbar_v2_1_16_axi_crossbar has unconnected port s_axi_arsize[5]
WARNING: [Synth 8-3331] design axi_crossbar_v2_1_16_axi_crossbar has unconnected port s_axi_arsize[4]
WARNING: [Synth 8-3331] design axi_crossbar_v2_1_16_axi_crossbar has unconnected port s_axi_arsize[3]
WARNING: [Synth 8-3331] design axi_crossbar_v2_1_16_axi_crossbar has unconnected port s_axi_arsize[2]
WARNING: [Synth 8-3331] design axi_crossbar_v2_1_16_axi_crossbar has unconnected port s_axi_arsize[1]
INFO: [Common 17-14] Message 'Synth 8-3331' appears 100 times and further instances of the messages will be disabled. Use the Tcl command set_msg_config to change the current settings.
---------------------------------------------------------------------------------
Finished RTL Elaboration : Time (s): cpu = 00:00:29 ; elapsed = 00:01:09 . Memory (MB): peak = 1389.590 ; gain = 209.523 ; free physical = 131900 ; free virtual = 503121
---------------------------------------------------------------------------------

Report Check Netlist: 
+------+------------------+-------+---------+-------+------------------+
|      |Item              |Errors |Warnings |Status |Description       |
+------+------------------+-------+---------+-------+------------------+
|1     |multi_driven_nets |      0|        0|Passed |Multi driven nets |
+------+------------------+-------+---------+-------+------------------+
---------------------------------------------------------------------------------
Finished RTL Optimization Phase 1 : Time (s): cpu = 00:00:29 ; elapsed = 00:01:10 . Memory (MB): peak = 1389.590 ; gain = 209.523 ; free physical = 131851 ; free virtual = 503072
---------------------------------------------------------------------------------
INFO: [Device 21-403] Loading part xc7z020clg400-1
INFO: [Project 1-570] Preparing netlist for logic optimization

Processing XDC Constraints
Initializing timing engine
Parsing XDC File [/home/iavendano/pynq-copter/pynqcopter/iicComm/iicComm/iicComm.srcs/sources_1/bd/iicComm/ip/iicComm_xbar_0/iicComm_xbar_0_ooc.xdc] for cell 'inst'
Finished Parsing XDC File [/home/iavendano/pynq-copter/pynqcopter/iicComm/iicComm/iicComm.srcs/sources_1/bd/iicComm/ip/iicComm_xbar_0/iicComm_xbar_0_ooc.xdc] for cell 'inst'
Parsing XDC File [/home/iavendano/pynq-copter/pynqcopter/iicComm/iicComm/iicComm.runs/iicComm_xbar_0_synth_1/dont_touch.xdc]
Finished Parsing XDC File [/home/iavendano/pynq-copter/pynqcopter/iicComm/iicComm/iicComm.runs/iicComm_xbar_0_synth_1/dont_touch.xdc]
Completed Processing XDC Constraints

INFO: [Project 1-111] Unisim Transformation Summary:
No Unisim elements were transformed.

Constraint Validation Runtime : Time (s): cpu = 00:00:00.04 ; elapsed = 00:00:00.02 . Memory (MB): peak = 1698.047 ; gain = 0.000 ; free physical = 131986 ; free virtual = 503209
---------------------------------------------------------------------------------
Finished Constraint Validation : Time (s): cpu = 00:00:56 ; elapsed = 00:02:14 . Memory (MB): peak = 1698.047 ; gain = 517.980 ; free physical = 131682 ; free virtual = 502905
---------------------------------------------------------------------------------
---------------------------------------------------------------------------------
Start Loading Part and Timing Information
---------------------------------------------------------------------------------
Loading part: xc7z020clg400-1
---------------------------------------------------------------------------------
Finished Loading Part and Timing Information : Time (s): cpu = 00:00:56 ; elapsed = 00:02:14 . Memory (MB): peak = 1698.047 ; gain = 517.980 ; free physical = 131682 ; free virtual = 502905
---------------------------------------------------------------------------------
---------------------------------------------------------------------------------
Start Applying 'set_property' XDC Constraints
---------------------------------------------------------------------------------
Applied set_property DONT_TOUCH = true for inst. (constraint file  /home/iavendano/pynq-copter/pynqcopter/iicComm/iicComm/iicComm.runs/iicComm_xbar_0_synth_1/dont_touch.xdc, line 9).
---------------------------------------------------------------------------------
Finished applying 'set_property' XDC Constraints : Time (s): cpu = 00:00:56 ; elapsed = 00:02:14 . Memory (MB): peak = 1698.047 ; gain = 517.980 ; free physical = 131684 ; free virtual = 502907
---------------------------------------------------------------------------------
INFO: [Synth 8-4471] merging register 'gen_axilite.s_axi_wready_i_reg' into 'gen_axilite.s_axi_awready_i_reg' [/home/iavendano/pynq-copter/pynqcopter/iicComm/iicComm/iicComm.srcs/sources_1/bd/iicComm/ipshared/c631/hdl/axi_crossbar_v2_1_vl_rfs.v:3572]
WARNING: [Synth 8-6014] Unused sequential element gen_axilite.s_axi_wready_i_reg was removed.  [/home/iavendano/pynq-copter/pynqcopter/iicComm/iicComm/iicComm.srcs/sources_1/bd/iicComm/ipshared/c631/hdl/axi_crossbar_v2_1_vl_rfs.v:3572]
INFO: [Synth 8-5544] ROM "f_mux_return2" won't be mapped to Block RAM because address size (2) smaller than threshold (5)
INFO: [Synth 8-5544] ROM "f_mux_return2" won't be mapped to Block RAM because address size (2) smaller than threshold (5)
INFO: [Synth 8-5544] ROM "f_mux_return1" won't be mapped to Block RAM because address size (2) smaller than threshold (5)
INFO: [Synth 8-5544] ROM "f_mux_return2" won't be mapped to Block RAM because address size (2) smaller than threshold (5)
INFO: [Synth 8-5544] ROM "f_mux_return2" won't be mapped to Block RAM because address size (2) smaller than threshold (5)
INFO: [Synth 8-5544] ROM "f_mux_return1" won't be mapped to Block RAM because address size (2) smaller than threshold (5)
INFO: [Synth 8-5544] ROM "f_mux_return2" won't be mapped to Block RAM because address size (2) smaller than threshold (5)
INFO: [Synth 8-5544] ROM "f_mux_return2" won't be mapped to Block RAM because address size (2) smaller than threshold (5)
INFO: [Synth 8-5544] ROM "f_mux_return1" won't be mapped to Block RAM because address size (2) smaller than threshold (5)
---------------------------------------------------------------------------------
Finished RTL Optimization Phase 2 : Time (s): cpu = 00:00:57 ; elapsed = 00:02:15 . Memory (MB): peak = 1698.047 ; gain = 517.980 ; free physical = 131674 ; free virtual = 502897
---------------------------------------------------------------------------------

Report RTL Partitions: 
+-+--------------+------------+----------+
| |RTL Partition |Replication |Instances |
+-+--------------+------------+----------+
+-+--------------+------------+----------+
---------------------------------------------------------------------------------
Start RTL Component Statistics 
---------------------------------------------------------------------------------
Detailed RTL Component Info : 
+---Registers : 
	               64 Bit    Registers := 1     
	               36 Bit    Registers := 2     
	                3 Bit    Registers := 2     
	                2 Bit    Registers := 8     
	                1 Bit    Registers := 11    
+---Muxes : 
	   2 Input     64 Bit        Muxes := 2     
	   2 Input     36 Bit        Muxes := 2     
	   2 Input      3 Bit        Muxes := 1     
	   2 Input      2 Bit        Muxes := 2     
	   2 Input      1 Bit        Muxes := 32    
---------------------------------------------------------------------------------
Finished RTL Component Statistics 
---------------------------------------------------------------------------------
---------------------------------------------------------------------------------
Start RTL Hierarchical Component Statistics 
---------------------------------------------------------------------------------
Hierarchical RTL Component report 
Module axi_crossbar_v2_1_16_addr_decoder 
Detailed RTL Component Info : 
+---Muxes : 
	   2 Input      2 Bit        Muxes := 1     
Module axi_crossbar_v2_1_16_decerr_slave 
Detailed RTL Component Info : 
+---Registers : 
	                1 Bit    Registers := 4     
+---Muxes : 
	   2 Input      1 Bit        Muxes := 3     
Module axi_crossbar_v2_1_16_addr_arbiter_sasd 
Detailed RTL Component Info : 
+---Registers : 
	               64 Bit    Registers := 1     
	                2 Bit    Registers := 5     
	                1 Bit    Registers := 4     
+---Muxes : 
	   2 Input     64 Bit        Muxes := 2     
	   2 Input      1 Bit        Muxes := 7     
Module axi_crossbar_v2_1_16_splitter 
Detailed RTL Component Info : 
+---Registers : 
	                3 Bit    Registers := 1     
Module axi_crossbar_v2_1_16_splitter__parameterized0 
Detailed RTL Component Info : 
+---Registers : 
	                2 Bit    Registers := 1     
Module generic_baseblocks_v2_1_0_mux_enc__parameterized2 
Detailed RTL Component Info : 
+---Muxes : 
	   2 Input      1 Bit        Muxes := 3     
Module generic_baseblocks_v2_1_0_mux_enc__parameterized3 
Detailed RTL Component Info : 
+---Muxes : 
	   2 Input      1 Bit        Muxes := 3     
Module axi_register_slice_v2_1_15_axic_register_slice 
Detailed RTL Component Info : 
+---Registers : 
	               36 Bit    Registers := 2     
	                2 Bit    Registers := 1     
	                1 Bit    Registers := 2     
+---Muxes : 
	   2 Input     36 Bit        Muxes := 2     
Module generic_baseblocks_v2_1_0_mux_enc__parameterized4 
Detailed RTL Component Info : 
+---Muxes : 
	   2 Input      1 Bit        Muxes := 3     
Module axi_crossbar_v2_1_16_crossbar_sasd 
Detailed RTL Component Info : 
+---Registers : 
	                3 Bit    Registers := 1     
	                2 Bit    Registers := 1     
	                1 Bit    Registers := 1     
+---Muxes : 
	   2 Input      3 Bit        Muxes := 1     
	   2 Input      2 Bit        Muxes := 1     
	   2 Input      1 Bit        Muxes := 1     
---------------------------------------------------------------------------------
Finished RTL Hierarchical Component Statistics
---------------------------------------------------------------------------------
---------------------------------------------------------------------------------
Start Part Resource Summary
---------------------------------------------------------------------------------
Part Resources:
DSPs: 220 (col length:60)
BRAMs: 280 (col length: RAMB18 60 RAMB36 30)
---------------------------------------------------------------------------------
Finished Part Resource Summary
---------------------------------------------------------------------------------
---------------------------------------------------------------------------------
Start Cross Boundary and Area Optimization
---------------------------------------------------------------------------------
INFO: [Synth 8-3936] Found unconnected internal register 'gen_sasd.crossbar_sasd_0/reg_slice_r/m_payload_i_reg' and it is trimmed from '36' to '35' bits. [/home/iavendano/pynq-copter/pynqcopter/iicComm/iicComm/iicComm.srcs/sources_1/bd/iicComm/ipshared/3ed1/hdl/axi_register_slice_v2_1_vl_rfs.v:422]
INFO: [Synth 8-3332] Sequential element (gen_sasd.crossbar_sasd_0/addr_arbiter_inst/gen_arbiter.m_amesg_i_reg[63]) is unused and will be removed from module axi_crossbar_v2_1_16_axi_crossbar.
INFO: [Synth 8-3332] Sequential element (gen_sasd.crossbar_sasd_0/addr_arbiter_inst/gen_arbiter.m_amesg_i_reg[62]) is unused and will be removed from module axi_crossbar_v2_1_16_axi_crossbar.
INFO: [Synth 8-3332] Sequential element (gen_sasd.crossbar_sasd_0/addr_arbiter_inst/gen_arbiter.m_amesg_i_reg[61]) is unused and will be removed from module axi_crossbar_v2_1_16_axi_crossbar.
INFO: [Synth 8-3332] Sequential element (gen_sasd.crossbar_sasd_0/addr_arbiter_inst/gen_arbiter.m_amesg_i_reg[60]) is unused and will be removed from module axi_crossbar_v2_1_16_axi_crossbar.
INFO: [Synth 8-3332] Sequential element (gen_sasd.crossbar_sasd_0/addr_arbiter_inst/gen_arbiter.m_amesg_i_reg[59]) is unused and will be removed from module axi_crossbar_v2_1_16_axi_crossbar.
INFO: [Synth 8-3332] Sequential element (gen_sasd.crossbar_sasd_0/addr_arbiter_inst/gen_arbiter.m_amesg_i_reg[58]) is unused and will be removed from module axi_crossbar_v2_1_16_axi_crossbar.
INFO: [Synth 8-3332] Sequential element (gen_sasd.crossbar_sasd_0/addr_arbiter_inst/gen_arbiter.m_amesg_i_reg[57]) is unused and will be removed from module axi_crossbar_v2_1_16_axi_crossbar.
INFO: [Synth 8-3332] Sequential element (gen_sasd.crossbar_sasd_0/addr_arbiter_inst/gen_arbiter.m_amesg_i_reg[56]) is unused and will be removed from module axi_crossbar_v2_1_16_axi_crossbar.
INFO: [Synth 8-3332] Sequential element (gen_sasd.crossbar_sasd_0/addr_arbiter_inst/gen_arbiter.m_amesg_i_reg[55]) is unused and will be removed from module axi_crossbar_v2_1_16_axi_crossbar.
INFO: [Synth 8-3332] Sequential element (gen_sasd.crossbar_sasd_0/addr_arbiter_inst/gen_arbiter.m_amesg_i_reg[54]) is unused and will be removed from module axi_crossbar_v2_1_16_axi_crossbar.
INFO: [Synth 8-3332] Sequential element (gen_sasd.crossbar_sasd_0/addr_arbiter_inst/gen_arbiter.m_amesg_i_reg[53]) is unused and will be removed from module axi_crossbar_v2_1_16_axi_crossbar.
INFO: [Synth 8-3332] Sequential element (gen_sasd.crossbar_sasd_0/addr_arbiter_inst/gen_arbiter.m_amesg_i_reg[52]) is unused and will be removed from module axi_crossbar_v2_1_16_axi_crossbar.
INFO: [Synth 8-3332] Sequential element (gen_sasd.crossbar_sasd_0/addr_arbiter_inst/gen_arbiter.m_amesg_i_reg[51]) is unused and will be removed from module axi_crossbar_v2_1_16_axi_crossbar.
INFO: [Synth 8-3332] Sequential element (gen_sasd.crossbar_sasd_0/addr_arbiter_inst/gen_arbiter.m_amesg_i_reg[50]) is unused and will be removed from module axi_crossbar_v2_1_16_axi_crossbar.
INFO: [Synth 8-3332] Sequential element (gen_sasd.crossbar_sasd_0/addr_arbiter_inst/gen_arbiter.m_amesg_i_reg[49]) is unused and will be removed from module axi_crossbar_v2_1_16_axi_crossbar.
INFO: [Synth 8-3332] Sequential element (gen_sasd.crossbar_sasd_0/addr_arbiter_inst/gen_arbiter.m_amesg_i_reg[45]) is unused and will be removed from module axi_crossbar_v2_1_16_axi_crossbar.
INFO: [Synth 8-3332] Sequential element (gen_sasd.crossbar_sasd_0/addr_arbiter_inst/gen_arbiter.m_amesg_i_reg[44]) is unused and will be removed from module axi_crossbar_v2_1_16_axi_crossbar.
INFO: [Synth 8-3332] Sequential element (gen_sasd.crossbar_sasd_0/addr_arbiter_inst/gen_arbiter.m_amesg_i_reg[43]) is unused and will be removed from module axi_crossbar_v2_1_16_axi_crossbar.
INFO: [Synth 8-3332] Sequential element (gen_sasd.crossbar_sasd_0/addr_arbiter_inst/gen_arbiter.m_amesg_i_reg[42]) is unused and will be removed from module axi_crossbar_v2_1_16_axi_crossbar.
INFO: [Synth 8-3332] Sequential element (gen_sasd.crossbar_sasd_0/addr_arbiter_inst/gen_arbiter.m_amesg_i_reg[41]) is unused and will be removed from module axi_crossbar_v2_1_16_axi_crossbar.
INFO: [Synth 8-3332] Sequential element (gen_sasd.crossbar_sasd_0/addr_arbiter_inst/gen_arbiter.m_amesg_i_reg[40]) is unused and will be removed from module axi_crossbar_v2_1_16_axi_crossbar.
INFO: [Synth 8-3332] Sequential element (gen_sasd.crossbar_sasd_0/addr_arbiter_inst/gen_arbiter.m_amesg_i_reg[39]) is unused and will be removed from module axi_crossbar_v2_1_16_axi_crossbar.
INFO: [Synth 8-3332] Sequential element (gen_sasd.crossbar_sasd_0/addr_arbiter_inst/gen_arbiter.m_amesg_i_reg[38]) is unused and will be removed from module axi_crossbar_v2_1_16_axi_crossbar.
INFO: [Synth 8-3332] Sequential element (gen_sasd.crossbar_sasd_0/addr_arbiter_inst/gen_arbiter.m_amesg_i_reg[37]) is unused and will be removed from module axi_crossbar_v2_1_16_axi_crossbar.
INFO: [Synth 8-3332] Sequential element (gen_sasd.crossbar_sasd_0/addr_arbiter_inst/gen_arbiter.m_amesg_i_reg[36]) is unused and will be removed from module axi_crossbar_v2_1_16_axi_crossbar.
INFO: [Synth 8-3332] Sequential element (gen_sasd.crossbar_sasd_0/addr_arbiter_inst/gen_arbiter.m_amesg_i_reg[35]) is unused and will be removed from module axi_crossbar_v2_1_16_axi_crossbar.
INFO: [Synth 8-3332] Sequential element (gen_sasd.crossbar_sasd_0/addr_arbiter_inst/gen_arbiter.m_amesg_i_reg[34]) is unused and will be removed from module axi_crossbar_v2_1_16_axi_crossbar.
INFO: [Synth 8-3332] Sequential element (gen_sasd.crossbar_sasd_0/addr_arbiter_inst/gen_arbiter.m_amesg_i_reg[33]) is unused and will be removed from module axi_crossbar_v2_1_16_axi_crossbar.
INFO: [Synth 8-3332] Sequential element (gen_sasd.crossbar_sasd_0/addr_arbiter_inst/gen_arbiter.m_amesg_i_reg[0]) is unused and will be removed from module axi_crossbar_v2_1_16_axi_crossbar.
INFO: [Synth 8-3332] Sequential element (gen_sasd.crossbar_sasd_0/reg_slice_r/skid_buffer_reg[35]) is unused and will be removed from module axi_crossbar_v2_1_16_axi_crossbar.
---------------------------------------------------------------------------------
Finished Cross Boundary and Area Optimization : Time (s): cpu = 00:00:58 ; elapsed = 00:02:16 . Memory (MB): peak = 1698.047 ; gain = 517.980 ; free physical = 131663 ; free virtual = 502886
---------------------------------------------------------------------------------

Report RTL Partitions: 
+-+--------------+------------+----------+
| |RTL Partition |Replication |Instances |
+-+--------------+------------+----------+
+-+--------------+------------+----------+
---------------------------------------------------------------------------------
Start Applying XDC Timing Constraints
---------------------------------------------------------------------------------
---------------------------------------------------------------------------------
Finished Applying XDC Timing Constraints : Time (s): cpu = 00:01:09 ; elapsed = 00:02:34 . Memory (MB): peak = 1698.047 ; gain = 517.980 ; free physical = 131674 ; free virtual = 502899
---------------------------------------------------------------------------------
---------------------------------------------------------------------------------
Start Timing Optimization
---------------------------------------------------------------------------------
---------------------------------------------------------------------------------
Finished Timing Optimization : Time (s): cpu = 00:01:10 ; elapsed = 00:02:35 . Memory (MB): peak = 1698.047 ; gain = 517.980 ; free physical = 131666 ; free virtual = 502891
---------------------------------------------------------------------------------

Report RTL Partitions: 
+-+--------------+------------+----------+
| |RTL Partition |Replication |Instances |
+-+--------------+------------+----------+
+-+--------------+------------+----------+
---------------------------------------------------------------------------------
Start Technology Mapping
---------------------------------------------------------------------------------
---------------------------------------------------------------------------------
Finished Technology Mapping : Time (s): cpu = 00:01:10 ; elapsed = 00:02:35 . Memory (MB): peak = 1698.047 ; gain = 517.980 ; free physical = 131699 ; free virtual = 502924
---------------------------------------------------------------------------------

Report RTL Partitions: 
+-+--------------+------------+----------+
| |RTL Partition |Replication |Instances |
+-+--------------+------------+----------+
+-+--------------+------------+----------+
---------------------------------------------------------------------------------
Start IO Insertion
---------------------------------------------------------------------------------
---------------------------------------------------------------------------------
Start Flattening Before IO Insertion
---------------------------------------------------------------------------------
---------------------------------------------------------------------------------
Finished Flattening Before IO Insertion
---------------------------------------------------------------------------------
---------------------------------------------------------------------------------
Start Final Netlist Cleanup
---------------------------------------------------------------------------------
---------------------------------------------------------------------------------
Finished Final Netlist Cleanup
---------------------------------------------------------------------------------
---------------------------------------------------------------------------------
Finished IO Insertion : Time (s): cpu = 00:01:11 ; elapsed = 00:02:36 . Memory (MB): peak = 1698.047 ; gain = 517.980 ; free physical = 131769 ; free virtual = 502995
---------------------------------------------------------------------------------

Report Check Netlist: 
+------+------------------+-------+---------+-------+------------------+
|      |Item              |Errors |Warnings |Status |Description       |
+------+------------------+-------+---------+-------+------------------+
|1     |multi_driven_nets |      0|        0|Passed |Multi driven nets |
+------+------------------+-------+---------+-------+------------------+
---------------------------------------------------------------------------------
Start Renaming Generated Instances
---------------------------------------------------------------------------------
---------------------------------------------------------------------------------
Finished Renaming Generated Instances : Time (s): cpu = 00:01:11 ; elapsed = 00:02:36 . Memory (MB): peak = 1698.047 ; gain = 517.980 ; free physical = 131769 ; free virtual = 502995
---------------------------------------------------------------------------------

Report RTL Partitions: 
+-+--------------+------------+----------+
| |RTL Partition |Replication |Instances |
+-+--------------+------------+----------+
+-+--------------+------------+----------+
---------------------------------------------------------------------------------
Start Rebuilding User Hierarchy
---------------------------------------------------------------------------------
---------------------------------------------------------------------------------
Finished Rebuilding User Hierarchy : Time (s): cpu = 00:01:11 ; elapsed = 00:02:36 . Memory (MB): peak = 1698.047 ; gain = 517.980 ; free physical = 131763 ; free virtual = 502989
---------------------------------------------------------------------------------
---------------------------------------------------------------------------------
Start Renaming Generated Ports
---------------------------------------------------------------------------------
---------------------------------------------------------------------------------
Finished Renaming Generated Ports : Time (s): cpu = 00:01:11 ; elapsed = 00:02:36 . Memory (MB): peak = 1698.047 ; gain = 517.980 ; free physical = 131762 ; free virtual = 502987
---------------------------------------------------------------------------------
---------------------------------------------------------------------------------
Start Handling Custom Attributes
---------------------------------------------------------------------------------
---------------------------------------------------------------------------------
Finished Handling Custom Attributes : Time (s): cpu = 00:01:11 ; elapsed = 00:02:36 . Memory (MB): peak = 1698.047 ; gain = 517.980 ; free physical = 131758 ; free virtual = 502983
---------------------------------------------------------------------------------
---------------------------------------------------------------------------------
Start Renaming Generated Nets
---------------------------------------------------------------------------------
---------------------------------------------------------------------------------
Finished Renaming Generated Nets : Time (s): cpu = 00:01:11 ; elapsed = 00:02:36 . Memory (MB): peak = 1698.047 ; gain = 517.980 ; free physical = 131759 ; free virtual = 502985
---------------------------------------------------------------------------------
---------------------------------------------------------------------------------
Start Writing Synthesis Report
---------------------------------------------------------------------------------

Report BlackBoxes: 
+-+--------------+----------+
| |BlackBox name |Instances |
+-+--------------+----------+
+-+--------------+----------+

Report Cell Usage: 
+------+-----+------+
|      |Cell |Count |
+------+-----+------+
|1     |LUT1 |     2|
|2     |LUT2 |    19|
|3     |LUT3 |    42|
|4     |LUT4 |    84|
|5     |LUT5 |    10|
|6     |LUT6 |   104|
|7     |FDRE |   137|
|8     |FDSE |     1|
+------+-----+------+

Report Instance Areas: 
+------+-------------------------------------+-----------------------------------------------+------+
|      |Instance                             |Module                                         |Cells |
+------+-------------------------------------+-----------------------------------------------+------+
|1     |top                                  |                                               |   399|
|2     |  inst                               |axi_crossbar_v2_1_16_axi_crossbar              |   399|
|3     |    \gen_sasd.crossbar_sasd_0        |axi_crossbar_v2_1_16_crossbar_sasd             |   399|
|4     |      addr_arbiter_inst              |axi_crossbar_v2_1_16_addr_arbiter_sasd         |   222|
|5     |      \gen_decerr.decerr_slave_inst  |axi_crossbar_v2_1_16_decerr_slave              |    12|
|6     |      reg_slice_r                    |axi_register_slice_v2_1_15_axic_register_slice |   146|
|7     |      splitter_ar                    |axi_crossbar_v2_1_16_splitter__parameterized0  |     5|
|8     |      splitter_aw                    |axi_crossbar_v2_1_16_splitter                  |     6|
+------+-------------------------------------+-----------------------------------------------+------+
---------------------------------------------------------------------------------
Finished Writing Synthesis Report : Time (s): cpu = 00:01:11 ; elapsed = 00:02:36 . Memory (MB): peak = 1698.047 ; gain = 517.980 ; free physical = 131759 ; free virtual = 502985
---------------------------------------------------------------------------------
Synthesis finished with 0 errors, 0 critical warnings and 113 warnings.
Synthesis Optimization Runtime : Time (s): cpu = 00:00:57 ; elapsed = 00:01:46 . Memory (MB): peak = 1698.047 ; gain = 209.523 ; free physical = 131818 ; free virtual = 503043
Synthesis Optimization Complete : Time (s): cpu = 00:01:12 ; elapsed = 00:02:36 . Memory (MB): peak = 1698.047 ; gain = 517.980 ; free physical = 131818 ; free virtual = 503043
INFO: [Project 1-571] Translating synthesized netlist
INFO: [Project 1-570] Preparing netlist for logic optimization
INFO: [Opt 31-138] Pushed 0 inverter(s) to 0 load pin(s).
INFO: [Project 1-111] Unisim Transformation Summary:
No Unisim elements were transformed.

INFO: [Common 17-83] Releasing license: Synthesis
88 Infos, 105 Warnings, 0 Critical Warnings and 0 Errors encountered.
synth_design completed successfully
synth_design: Time (s): cpu = 00:01:14 ; elapsed = 00:02:38 . Memory (MB): peak = 1706.055 ; gain = 545.094 ; free physical = 131724 ; free virtual = 502949
INFO: [Common 17-1381] The checkpoint '/home/iavendano/pynq-copter/pynqcopter/iicComm/iicComm/iicComm.runs/iicComm_xbar_0_synth_1/iicComm_xbar_0.dcp' has been generated.
