#-----------------------------------------------------------
# Vivado v2017.4 (64-bit)
# SW Build 2086221 on Fri Dec 15 20:54:30 MST 2017
# IP Build 2085800 on Fri Dec 15 22:25:07 MST 2017
# Start of session at: Wed Aug  8 11:44:04 2018
# Process ID: 18000
# Current directory: /home/iavendano/pynq-copter/pynqcopter/iicComm2
# Command line: vivado iicComm2/iicComm2.xpr
# Log file: /home/iavendano/pynq-copter/pynqcopter/iicComm2/vivado.log
# Journal file: /home/iavendano/pynq-copter/pynqcopter/iicComm2/vivado.jou
#-----------------------------------------------------------
start_gui
open_project iicComm2/iicComm2.xpr
Scanning sources...
Finished scanning sources
INFO: [IP_Flow 19-234] Refreshing IP repositories
INFO: [IP_Flow 19-1700] Loaded user IP repository '/home/iavendano/pynq-copter/pynqcopter/ip'.
INFO: [IP_Flow 19-2313] Loaded Vivado IP repository '/data/opt/Xilinx/Vivado/2017.4/data/ip'.
open_project: Time (s): cpu = 00:00:29 ; elapsed = 00:00:08 . Memory (MB): peak = 6252.414 ; gain = 103.117 ; free physical = 125609 ; free virtual = 505344
update_compile_order -fileset sources_1
open_bd_design {/home/iavendano/pynq-copter/pynqcopter/iicComm2/iicComm2/iicComm2.srcs/sources_1/bd/iicComm2/iicComm2.bd}
Adding cell -- xilinx.com:ip:axi_iic:2.0 - axi_iic_0
Adding cell -- UCSD:hlsip:iiccomm:1.0 - iiccomm_0
Adding cell -- xilinx.com:ip:processing_system7:5.5 - processing_system7_0
Adding cell -- xilinx.com:ip:proc_sys_reset:5.0 - rst_ps7_0_100M
Adding cell -- xilinx.com:ip:axi_crossbar:2.1 - xbar
Adding cell -- xilinx.com:ip:axi_mmu:2.1 - s01_mmu
Adding cell -- xilinx.com:ip:axi_protocol_converter:2.1 - auto_pc
Adding cell -- xilinx.com:ip:axi_protocol_converter:2.1 - auto_pc
Successfully read diagram <iicComm2> from BD file </home/iavendano/pynq-copter/pynqcopter/iicComm2/iicComm2/iicComm2.srcs/sources_1/bd/iicComm2/iicComm2.bd>
open_bd_design: Time (s): cpu = 00:00:15 ; elapsed = 00:00:06 . Memory (MB): peak = 6324.906 ; gain = 37.020 ; free physical = 124819 ; free virtual = 504560
delete_bd_objs [get_bd_intf_nets ps7_0_axi_periph_M00_AXI] [get_bd_intf_nets iiccomm_0_m_axi_iic] [get_bd_cells iiccomm_0]
startgroup
create_bd_cell -type ip -vlnv UCSD:hlsip:iiccomm2:1.0 iiccomm2_0
endgroup
set_property location {3 1058 176} [get_bd_cells iiccomm2_0]
connect_bd_intf_net -boundary_type upper [get_bd_intf_pins ps7_0_axi_periph/M00_AXI] [get_bd_intf_pins iiccomm2_0/s_axi_AXILiteS]
connect_bd_net [get_bd_pins iiccomm2_0/ap_clk] [get_bd_pins processing_system7_0/FCLK_CLK0]
connect_bd_net [get_bd_pins iiccomm2_0/ap_rst_n] [get_bd_pins rst_ps7_0_100M/peripheral_aresetn]
connect_bd_intf_net [get_bd_intf_pins iiccomm2_0/m_axi_iic_V] -boundary_type upper [get_bd_intf_pins ps7_0_axi_periph/S01_AXI]
save_bd_design
Wrote  : </home/iavendano/pynq-copter/pynqcopter/iicComm2/iicComm2/iicComm2.srcs/sources_1/bd/iicComm2/iicComm2.bd> 
Wrote  : </home/iavendano/pynq-copter/pynqcopter/iicComm2/iicComm2/iicComm2.srcs/sources_1/bd/iicComm2/ui/bd_e05054e3.ui> 
assign_bd_address [get_bd_addr_segs {iiccomm2_0/s_axi_AXILiteS/Reg }]
</iiccomm2_0/s_axi_AXILiteS/Reg> is being mapped into </processing_system7_0/Data> at <0x43C00000 [ 64K ]>
CRITICAL WARNING: [BD 41-1294] requested address <0x40000000 [ 64K ]> conflicts with peripheral </axi_iic_0/S_AXI/Reg> mapped into segment </processing_system7_0/Data/SEG_axi_iic_0_Reg> at <0x40001000 [ 4K ]>.
set_property offset 0x40000000 [get_bd_addr_segs {processing_system7_0/Data/SEG_iiccomm2_0_Reg}]
ERROR: [BD 41-70] Exec TCL: The proposed address 0x40000000 [ 64K ] conflicts with peripheral /axi_iic_0/S_AXI/Reg mapped into segment /processing_system7_0/Data/SEG_axi_iic_0_Reg at 0x40001000 [ 4K ]..
WARNING: [BD 41-1642] Cannot set the parameter 'offset' on '/processing_system7_0/Data/SEG_iiccomm2_0_Reg' - Parameter does not exist. 
ERROR: [Common 17-39] 'set_property' failed due to earlier errors.
set_property range 4K [get_bd_addr_segs {processing_system7_0/Data/SEG_iiccomm2_0_Reg}]
set_property offset 0x40000000 [get_bd_addr_segs {processing_system7_0/Data/SEG_iiccomm2_0_Reg}]
assign_bd_address [get_bd_addr_segs {axi_iic_0/S_AXI/Reg }]
</axi_iic_0/S_AXI/Reg> is being mapped into </iiccomm2_0/Data_m_axi_iic_V> at <0x40001000 [ 4K ]>
INFO: [BD 41-1051] The usage <register> of peripheral </axi_iic_0/S_AXI/Reg> does not match the usage <memory> of master </iiccomm2_0/Data_m_axi_iic_V> and will be excluded using sparse connectivity from its address space. Use the include_bd_addr_seg command to override this precaution and make this peripheral visible within this masters address space.
Excluding </axi_iic_0/S_AXI/Reg> from </iiccomm2_0/Data_m_axi_iic_V>
include_bd_addr_seg [get_bd_addr_segs -excluded iiccomm2_0/Data_m_axi_iic_V/SEG_axi_iic_0_Reg]
Including </axi_iic_0/S_AXI/Reg> into </iiccomm2_0/Data_m_axi_iic_V>
save_bd_design
Wrote  : </home/iavendano/pynq-copter/pynqcopter/iicComm2/iicComm2/iicComm2.srcs/sources_1/bd/iicComm2/iicComm2.bd> 
validate_bd_design
write_bd_tcl -force -hier_blks [get_bd_cells /] /home/iavendano/pynq-copter/pynqcopter/iicComm2/iicComm2.tcl
INFO: [BD 5-148] Tcl file written out </home/iavendano/pynq-copter/pynqcopter/iicComm2/iicComm2.tcl>.

save_bd_design
Wrote  : </home/iavendano/pynq-copter/pynqcopter/iicComm2/iicComm2/iicComm2.srcs/sources_1/bd/iicComm2/iicComm2.bd> 
write_bd_tcl -force -hier_blks [get_bd_cells /] /home/iavendano/pynq-copter/pynqcopter/iicComm2/iicComm2.tcl
INFO: [BD 5-148] Tcl file written out </home/iavendano/pynq-copter/pynqcopter/iicComm2/iicComm2.tcl>.

exit
INFO: [Common 17-206] Exiting Vivado at Wed Aug  8 11:48:45 2018...
