#-----------------------------------------------------------
# Vivado v2017.4 (64-bit)
# SW Build 2086221 on Fri Dec 15 20:54:30 MST 2017
# IP Build 2085800 on Fri Dec 15 22:25:07 MST 2017
# Start of session at: Wed Aug  1 15:29:30 2018
# Process ID: 17055
# Current directory: /home/iavendano/pynq-copter/pynqcopter/iicComm2
# Command line: vivado iicComm2/iicComm2.xpr
# Log file: /home/iavendano/pynq-copter/pynqcopter/iicComm2/vivado.log
# Journal file: /home/iavendano/pynq-copter/pynqcopter/iicComm2/vivado.jou
#-----------------------------------------------------------
start_gui
open_project iicComm2/iicComm2.xpr
Scanning sources...
Finished scanning sources
INFO: [IP_Flow 19-234] Refreshing IP repositories
INFO: [IP_Flow 19-1700] Loaded user IP repository '/home/iavendano/pynq-copter/pynqcopter/ip'.
INFO: [IP_Flow 19-2313] Loaded Vivado IP repository '/data/opt/Xilinx/Vivado/2017.4/data/ip'.
CRITICAL WARNING: [IP_Flow 19-1663] Duplicate IP found for 'UCSD:hlsip:ctrlloop:1.0'. The one found in IP location '/home/iavendano/pynq-copter/pynqcopter/ip/ctrlloop/ctrlloop/ctrlloop/impl/ip' will take precedence over the same IP in location /home/iavendano/pynq-copter/pynqcopter/ip/pid/ctrlloop/ctrlloop/impl/ip
open_project: Time (s): cpu = 00:00:27 ; elapsed = 00:00:09 . Memory (MB): peak = 6231.832 ; gain = 64.930 ; free physical = 131810 ; free virtual = 504871
update_compile_order -fileset sources_1
open_bd_design {/home/iavendano/pynq-copter/pynqcopter/iicComm2/iicComm2/iicComm2.srcs/sources_1/bd/iicComm2/iicComm2.bd}
Adding cell -- xilinx.com:ip:axi_iic:2.0 - axi_iic_0
Adding cell -- UCSD:hlsip:iiccomm:1.0 - iiccomm_0
Adding cell -- xilinx.com:ip:processing_system7:5.5 - processing_system7_0
Adding cell -- xilinx.com:ip:proc_sys_reset:5.0 - rst_ps7_0_100M
Adding cell -- xilinx.com:ip:axi_crossbar:2.1 - xbar
Adding cell -- xilinx.com:ip:axi_protocol_converter:2.1 - auto_pc
Adding cell -- xilinx.com:ip:axi_protocol_converter:2.1 - auto_pc
Excluding </axi_iic_0/S_AXI/Reg> from </iiccomm_0/Data_m_axi_bus_r>
Excluding </iiccomm_0/s_axi_AXILiteS/Reg> from </iiccomm_0/Data_m_axi_bus_r>
Successfully read diagram <iicComm2> from BD file </home/iavendano/pynq-copter/pynqcopter/iicComm2/iicComm2/iicComm2.srcs/sources_1/bd/iicComm2/iicComm2.bd>
open_bd_design: Time (s): cpu = 00:00:18 ; elapsed = 00:00:07 . Memory (MB): peak = 6332.535 ; gain = 25.020 ; free physical = 131809 ; free virtual = 504870
exit
INFO: [Common 17-206] Exiting Vivado at Wed Aug  1 15:37:38 2018...
