
*** Running vivado
    with args -log iicComm_wrapper.vdi -applog -m64 -product Vivado -messageDb vivado.pb -mode batch -source iicComm_wrapper.tcl -notrace


****** Vivado v2017.4 (64-bit)
  **** SW Build 2086221 on Fri Dec 15 20:54:30 MST 2017
  **** IP Build 2085800 on Fri Dec 15 22:25:07 MST 2017
    ** Copyright 1986-2017 Xilinx, Inc. All Rights Reserved.

source iicComm_wrapper.tcl -notrace
INFO: [IP_Flow 19-234] Refreshing IP repositories
INFO: [IP_Flow 19-1700] Loaded user IP repository '/home/iavendano/pynq-copter/pynqcopter/ip'.
INFO: [IP_Flow 19-2313] Loaded Vivado IP repository '/data/opt/Xilinx/Vivado/2017.4/data/ip'.
CRITICAL WARNING: [IP_Flow 19-1663] Duplicate IP found for 'UCSD:hlsip:bmesensor:1.0'. The one found in IP location '/home/iavendano/pynq-copter/pynqcopter/ip/bmesensor/bmesensor/bmesensor/impl/ip' will take precedence over the same IP in location /home/iavendano/pynq-copter/pynqcopter/ip/bmesensor2/bmesensor2/bmesensor/impl/ip
Command: link_design -top iicComm_wrapper -part xc7z020clg400-1
Design is defaulting to srcset: sources_1
Design is defaulting to constrset: constrs_1
INFO: [Project 1-454] Reading design checkpoint '/home/iavendano/pynq-copter/pynqcopter/iicComm/iicComm/iicComm.srcs/sources_1/bd/iicComm/ip/iicComm_axi_iic_0_0/iicComm_axi_iic_0_0.dcp' for cell 'iicComm_i/axi_iic_0'
INFO: [Project 1-454] Reading design checkpoint '/home/iavendano/pynq-copter/pynqcopter/iicComm/iicComm/iicComm.srcs/sources_1/bd/iicComm/ip/iicComm_iiccomm_0_0/iicComm_iiccomm_0_0.dcp' for cell 'iicComm_i/iiccomm_0'
INFO: [Project 1-454] Reading design checkpoint '/home/iavendano/pynq-copter/pynqcopter/iicComm/iicComm/iicComm.srcs/sources_1/bd/iicComm/ip/iicComm_processing_system7_0_0/iicComm_processing_system7_0_0.dcp' for cell 'iicComm_i/processing_system7_0'
INFO: [Project 1-454] Reading design checkpoint '/home/iavendano/pynq-copter/pynqcopter/iicComm/iicComm/iicComm.srcs/sources_1/bd/iicComm/ip/iicComm_rst_ps7_0_100M_0/iicComm_rst_ps7_0_100M_0.dcp' for cell 'iicComm_i/rst_ps7_0_100M'
INFO: [Project 1-454] Reading design checkpoint '/home/iavendano/pynq-copter/pynqcopter/iicComm/iicComm/iicComm.srcs/sources_1/bd/iicComm/ip/iicComm_s01_mmu_0/iicComm_s01_mmu_0.dcp' for cell 'iicComm_i/ps7_0_axi_periph/s01_mmu'
INFO: [Project 1-454] Reading design checkpoint '/home/iavendano/pynq-copter/pynqcopter/iicComm/iicComm/iicComm.srcs/sources_1/bd/iicComm/ip/iicComm_xbar_0/iicComm_xbar_0.dcp' for cell 'iicComm_i/ps7_0_axi_periph/xbar'
INFO: [Project 1-454] Reading design checkpoint '/home/iavendano/pynq-copter/pynqcopter/iicComm/iicComm/iicComm.srcs/sources_1/bd/iicComm/ip/iicComm_auto_pc_0/iicComm_auto_pc_0.dcp' for cell 'iicComm_i/ps7_0_axi_periph/s00_couplers/auto_pc'
INFO: [Project 1-454] Reading design checkpoint '/home/iavendano/pynq-copter/pynqcopter/iicComm/iicComm/iicComm.srcs/sources_1/bd/iicComm/ip/iicComm_auto_pc_1/iicComm_auto_pc_1.dcp' for cell 'iicComm_i/ps7_0_axi_periph/s01_couplers/auto_pc'
INFO: [Netlist 29-17] Analyzing 113 Unisim elements for replacement
INFO: [Netlist 29-28] Unisim Transformation completed in 0 CPU seconds
INFO: [Project 1-479] Netlist was created with Vivado 2017.4
INFO: [Device 21-403] Loading part xc7z020clg400-1
INFO: [Project 1-570] Preparing netlist for logic optimization
Parsing XDC File [/home/iavendano/pynq-copter/pynqcopter/iicComm/iicComm/iicComm.srcs/sources_1/bd/iicComm/ip/iicComm_axi_iic_0_0/iicComm_axi_iic_0_0_board.xdc] for cell 'iicComm_i/axi_iic_0/U0'
Finished Parsing XDC File [/home/iavendano/pynq-copter/pynqcopter/iicComm/iicComm/iicComm.srcs/sources_1/bd/iicComm/ip/iicComm_axi_iic_0_0/iicComm_axi_iic_0_0_board.xdc] for cell 'iicComm_i/axi_iic_0/U0'
Parsing XDC File [/home/iavendano/pynq-copter/pynqcopter/iicComm/iicComm/iicComm.srcs/sources_1/bd/iicComm/ip/iicComm_processing_system7_0_0/iicComm_processing_system7_0_0.xdc] for cell 'iicComm_i/processing_system7_0/inst'
Finished Parsing XDC File [/home/iavendano/pynq-copter/pynqcopter/iicComm/iicComm/iicComm.srcs/sources_1/bd/iicComm/ip/iicComm_processing_system7_0_0/iicComm_processing_system7_0_0.xdc] for cell 'iicComm_i/processing_system7_0/inst'
Parsing XDC File [/home/iavendano/pynq-copter/pynqcopter/iicComm/iicComm/iicComm.srcs/sources_1/bd/iicComm/ip/iicComm_rst_ps7_0_100M_0/iicComm_rst_ps7_0_100M_0_board.xdc] for cell 'iicComm_i/rst_ps7_0_100M/U0'
Finished Parsing XDC File [/home/iavendano/pynq-copter/pynqcopter/iicComm/iicComm/iicComm.srcs/sources_1/bd/iicComm/ip/iicComm_rst_ps7_0_100M_0/iicComm_rst_ps7_0_100M_0_board.xdc] for cell 'iicComm_i/rst_ps7_0_100M/U0'
Parsing XDC File [/home/iavendano/pynq-copter/pynqcopter/iicComm/iicComm/iicComm.srcs/sources_1/bd/iicComm/ip/iicComm_rst_ps7_0_100M_0/iicComm_rst_ps7_0_100M_0.xdc] for cell 'iicComm_i/rst_ps7_0_100M/U0'
Finished Parsing XDC File [/home/iavendano/pynq-copter/pynqcopter/iicComm/iicComm/iicComm.srcs/sources_1/bd/iicComm/ip/iicComm_rst_ps7_0_100M_0/iicComm_rst_ps7_0_100M_0.xdc] for cell 'iicComm_i/rst_ps7_0_100M/U0'
Parsing XDC File [/home/iavendano/pynq-copter/pynqcopter/iicComm/design.xdc]
WARNING: [Vivado 12-584] No ports matched 'arduino_gpio_tri_io[0]'. [/home/iavendano/pynq-copter/pynqcopter/iicComm/design.xdc:49]
CRITICAL WARNING: [Common 17-55] 'set_property' expects at least one object. [/home/iavendano/pynq-copter/pynqcopter/iicComm/design.xdc:49]
Resolution: If [get_<value>] was used to populate the object, check to make sure this command returns at least one valid object.
WARNING: [Vivado 12-584] No ports matched 'arduino_gpio_tri_io[1]'. [/home/iavendano/pynq-copter/pynqcopter/iicComm/design.xdc:50]
CRITICAL WARNING: [Common 17-55] 'set_property' expects at least one object. [/home/iavendano/pynq-copter/pynqcopter/iicComm/design.xdc:50]
Resolution: If [get_<value>] was used to populate the object, check to make sure this command returns at least one valid object.
WARNING: [Vivado 12-584] No ports matched 'arduino_gpio_tri_io[2]'. [/home/iavendano/pynq-copter/pynqcopter/iicComm/design.xdc:51]
CRITICAL WARNING: [Common 17-55] 'set_property' expects at least one object. [/home/iavendano/pynq-copter/pynqcopter/iicComm/design.xdc:51]
Resolution: If [get_<value>] was used to populate the object, check to make sure this command returns at least one valid object.
WARNING: [Vivado 12-584] No ports matched 'arduino_gpio_tri_io[3]'. [/home/iavendano/pynq-copter/pynqcopter/iicComm/design.xdc:52]
CRITICAL WARNING: [Common 17-55] 'set_property' expects at least one object. [/home/iavendano/pynq-copter/pynqcopter/iicComm/design.xdc:52]
Resolution: If [get_<value>] was used to populate the object, check to make sure this command returns at least one valid object.
WARNING: [Vivado 12-584] No ports matched 'arduino_gpio_tri_io[4]'. [/home/iavendano/pynq-copter/pynqcopter/iicComm/design.xdc:53]
CRITICAL WARNING: [Common 17-55] 'set_property' expects at least one object. [/home/iavendano/pynq-copter/pynqcopter/iicComm/design.xdc:53]
Resolution: If [get_<value>] was used to populate the object, check to make sure this command returns at least one valid object.
WARNING: [Vivado 12-584] No ports matched 'arduino_gpio_tri_io[5]'. [/home/iavendano/pynq-copter/pynqcopter/iicComm/design.xdc:55]
CRITICAL WARNING: [Common 17-55] 'set_property' expects at least one object. [/home/iavendano/pynq-copter/pynqcopter/iicComm/design.xdc:55]
Resolution: If [get_<value>] was used to populate the object, check to make sure this command returns at least one valid object.
WARNING: [Vivado 12-584] No ports matched 'arduino_gpio_tri_io[6]'. [/home/iavendano/pynq-copter/pynqcopter/iicComm/design.xdc:56]
CRITICAL WARNING: [Common 17-55] 'set_property' expects at least one object. [/home/iavendano/pynq-copter/pynqcopter/iicComm/design.xdc:56]
Resolution: If [get_<value>] was used to populate the object, check to make sure this command returns at least one valid object.
WARNING: [Vivado 12-584] No ports matched 'arduino_gpio_tri_io[7]'. [/home/iavendano/pynq-copter/pynqcopter/iicComm/design.xdc:57]
CRITICAL WARNING: [Common 17-55] 'set_property' expects at least one object. [/home/iavendano/pynq-copter/pynqcopter/iicComm/design.xdc:57]
Resolution: If [get_<value>] was used to populate the object, check to make sure this command returns at least one valid object.
WARNING: [Vivado 12-584] No ports matched 'arduino_gpio_tri_io[8]'. [/home/iavendano/pynq-copter/pynqcopter/iicComm/design.xdc:58]
CRITICAL WARNING: [Common 17-55] 'set_property' expects at least one object. [/home/iavendano/pynq-copter/pynqcopter/iicComm/design.xdc:58]
Resolution: If [get_<value>] was used to populate the object, check to make sure this command returns at least one valid object.
WARNING: [Vivado 12-584] No ports matched 'arduino_gpio_tri_io[9]'. [/home/iavendano/pynq-copter/pynqcopter/iicComm/design.xdc:59]
CRITICAL WARNING: [Common 17-55] 'set_property' expects at least one object. [/home/iavendano/pynq-copter/pynqcopter/iicComm/design.xdc:59]
Resolution: If [get_<value>] was used to populate the object, check to make sure this command returns at least one valid object.
WARNING: [Vivado 12-584] No ports matched 'arduino_gpio_tri_io[10]'. [/home/iavendano/pynq-copter/pynqcopter/iicComm/design.xdc:61]
CRITICAL WARNING: [Common 17-55] 'set_property' expects at least one object. [/home/iavendano/pynq-copter/pynqcopter/iicComm/design.xdc:61]
Resolution: If [get_<value>] was used to populate the object, check to make sure this command returns at least one valid object.
WARNING: [Vivado 12-584] No ports matched 'arduino_gpio_tri_io[11]'. [/home/iavendano/pynq-copter/pynqcopter/iicComm/design.xdc:62]
CRITICAL WARNING: [Common 17-55] 'set_property' expects at least one object. [/home/iavendano/pynq-copter/pynqcopter/iicComm/design.xdc:62]
Resolution: If [get_<value>] was used to populate the object, check to make sure this command returns at least one valid object.
WARNING: [Vivado 12-584] No ports matched 'arduino_gpio_tri_io[12]'. [/home/iavendano/pynq-copter/pynqcopter/iicComm/design.xdc:63]
CRITICAL WARNING: [Common 17-55] 'set_property' expects at least one object. [/home/iavendano/pynq-copter/pynqcopter/iicComm/design.xdc:63]
Resolution: If [get_<value>] was used to populate the object, check to make sure this command returns at least one valid object.
WARNING: [Vivado 12-584] No ports matched 'arduino_gpio_tri_io[13]'. [/home/iavendano/pynq-copter/pynqcopter/iicComm/design.xdc:64]
CRITICAL WARNING: [Common 17-55] 'set_property' expects at least one object. [/home/iavendano/pynq-copter/pynqcopter/iicComm/design.xdc:64]
Resolution: If [get_<value>] was used to populate the object, check to make sure this command returns at least one valid object.
WARNING: [Vivado 12-584] No ports matched 'arduino_gpio_tri_io[14]'. [/home/iavendano/pynq-copter/pynqcopter/iicComm/design.xdc:65]
CRITICAL WARNING: [Common 17-55] 'set_property' expects at least one object. [/home/iavendano/pynq-copter/pynqcopter/iicComm/design.xdc:65]
Resolution: If [get_<value>] was used to populate the object, check to make sure this command returns at least one valid object.
WARNING: [Vivado 12-584] No ports matched 'arduino_gpio_tri_io[15]'. [/home/iavendano/pynq-copter/pynqcopter/iicComm/design.xdc:67]
CRITICAL WARNING: [Common 17-55] 'set_property' expects at least one object. [/home/iavendano/pynq-copter/pynqcopter/iicComm/design.xdc:67]
Resolution: If [get_<value>] was used to populate the object, check to make sure this command returns at least one valid object.
WARNING: [Vivado 12-584] No ports matched 'arduino_gpio_tri_io[16]'. [/home/iavendano/pynq-copter/pynqcopter/iicComm/design.xdc:68]
CRITICAL WARNING: [Common 17-55] 'set_property' expects at least one object. [/home/iavendano/pynq-copter/pynqcopter/iicComm/design.xdc:68]
Resolution: If [get_<value>] was used to populate the object, check to make sure this command returns at least one valid object.
WARNING: [Vivado 12-584] No ports matched 'arduino_gpio_tri_io[17]'. [/home/iavendano/pynq-copter/pynqcopter/iicComm/design.xdc:69]
CRITICAL WARNING: [Common 17-55] 'set_property' expects at least one object. [/home/iavendano/pynq-copter/pynqcopter/iicComm/design.xdc:69]
Resolution: If [get_<value>] was used to populate the object, check to make sure this command returns at least one valid object.
WARNING: [Vivado 12-584] No ports matched 'arduino_gpio_tri_io[18]'. [/home/iavendano/pynq-copter/pynqcopter/iicComm/design.xdc:70]
CRITICAL WARNING: [Common 17-55] 'set_property' expects at least one object. [/home/iavendano/pynq-copter/pynqcopter/iicComm/design.xdc:70]
Resolution: If [get_<value>] was used to populate the object, check to make sure this command returns at least one valid object.
WARNING: [Vivado 12-584] No ports matched 'arduino_gpio_tri_io[19]'. [/home/iavendano/pynq-copter/pynqcopter/iicComm/design.xdc:71]
CRITICAL WARNING: [Common 17-55] 'set_property' expects at least one object. [/home/iavendano/pynq-copter/pynqcopter/iicComm/design.xdc:71]
Resolution: If [get_<value>] was used to populate the object, check to make sure this command returns at least one valid object.
WARNING: [Vivado 12-584] No ports matched 'arduino_gpio_tri_io[*]'. [/home/iavendano/pynq-copter/pynqcopter/iicComm/design.xdc:76]
CRITICAL WARNING: [Common 17-55] 'set_property' expects at least one object. [/home/iavendano/pynq-copter/pynqcopter/iicComm/design.xdc:76]
Resolution: If [get_<value>] was used to populate the object, check to make sure this command returns at least one valid object.
WARNING: [Vivado 12-584] No ports matched 'pmodJA_gpio_tri_io[1]'. [/home/iavendano/pynq-copter/pynqcopter/iicComm/design.xdc:79]
CRITICAL WARNING: [Common 17-55] 'set_property' expects at least one object. [/home/iavendano/pynq-copter/pynqcopter/iicComm/design.xdc:79]
Resolution: If [get_<value>] was used to populate the object, check to make sure this command returns at least one valid object.
WARNING: [Vivado 12-584] No ports matched 'pmodJA_gpio_tri_io[0]'. [/home/iavendano/pynq-copter/pynqcopter/iicComm/design.xdc:80]
CRITICAL WARNING: [Common 17-55] 'set_property' expects at least one object. [/home/iavendano/pynq-copter/pynqcopter/iicComm/design.xdc:80]
Resolution: If [get_<value>] was used to populate the object, check to make sure this command returns at least one valid object.
WARNING: [Vivado 12-584] No ports matched 'pmodJA_gpio_tri_io[3]'. [/home/iavendano/pynq-copter/pynqcopter/iicComm/design.xdc:81]
CRITICAL WARNING: [Common 17-55] 'set_property' expects at least one object. [/home/iavendano/pynq-copter/pynqcopter/iicComm/design.xdc:81]
Resolution: If [get_<value>] was used to populate the object, check to make sure this command returns at least one valid object.
WARNING: [Vivado 12-584] No ports matched 'pmodJA_gpio_tri_io[2]'. [/home/iavendano/pynq-copter/pynqcopter/iicComm/design.xdc:82]
CRITICAL WARNING: [Common 17-55] 'set_property' expects at least one object. [/home/iavendano/pynq-copter/pynqcopter/iicComm/design.xdc:82]
Resolution: If [get_<value>] was used to populate the object, check to make sure this command returns at least one valid object.
WARNING: [Vivado 12-584] No ports matched 'pmodJA_gpio_tri_io[5]'. [/home/iavendano/pynq-copter/pynqcopter/iicComm/design.xdc:83]
CRITICAL WARNING: [Common 17-55] 'set_property' expects at least one object. [/home/iavendano/pynq-copter/pynqcopter/iicComm/design.xdc:83]
Resolution: If [get_<value>] was used to populate the object, check to make sure this command returns at least one valid object.
WARNING: [Vivado 12-584] No ports matched 'pmodJA_gpio_tri_io[4]'. [/home/iavendano/pynq-copter/pynqcopter/iicComm/design.xdc:84]
CRITICAL WARNING: [Common 17-55] 'set_property' expects at least one object. [/home/iavendano/pynq-copter/pynqcopter/iicComm/design.xdc:84]
Resolution: If [get_<value>] was used to populate the object, check to make sure this command returns at least one valid object.
WARNING: [Vivado 12-584] No ports matched 'pmodJA_gpio_tri_io[7]'. [/home/iavendano/pynq-copter/pynqcopter/iicComm/design.xdc:85]
CRITICAL WARNING: [Common 17-55] 'set_property' expects at least one object. [/home/iavendano/pynq-copter/pynqcopter/iicComm/design.xdc:85]
Resolution: If [get_<value>] was used to populate the object, check to make sure this command returns at least one valid object.
WARNING: [Vivado 12-584] No ports matched 'pmodJA_gpio_tri_io[6]'. [/home/iavendano/pynq-copter/pynqcopter/iicComm/design.xdc:86]
CRITICAL WARNING: [Common 17-55] 'set_property' expects at least one object. [/home/iavendano/pynq-copter/pynqcopter/iicComm/design.xdc:86]
Resolution: If [get_<value>] was used to populate the object, check to make sure this command returns at least one valid object.
WARNING: [Vivado 12-584] No ports matched 'pmodJA_gpio_tri_io[2]'. [/home/iavendano/pynq-copter/pynqcopter/iicComm/design.xdc:87]
CRITICAL WARNING: [Common 17-55] 'set_property' expects at least one object. [/home/iavendano/pynq-copter/pynqcopter/iicComm/design.xdc:87]
Resolution: If [get_<value>] was used to populate the object, check to make sure this command returns at least one valid object.
WARNING: [Vivado 12-584] No ports matched 'pmodJA_gpio_tri_io[3]'. [/home/iavendano/pynq-copter/pynqcopter/iicComm/design.xdc:88]
CRITICAL WARNING: [Common 17-55] 'set_property' expects at least one object. [/home/iavendano/pynq-copter/pynqcopter/iicComm/design.xdc:88]
Resolution: If [get_<value>] was used to populate the object, check to make sure this command returns at least one valid object.
WARNING: [Vivado 12-584] No ports matched 'pmodJA_gpio_tri_io[6]'. [/home/iavendano/pynq-copter/pynqcopter/iicComm/design.xdc:89]
CRITICAL WARNING: [Common 17-55] 'set_property' expects at least one object. [/home/iavendano/pynq-copter/pynqcopter/iicComm/design.xdc:89]
Resolution: If [get_<value>] was used to populate the object, check to make sure this command returns at least one valid object.
WARNING: [Vivado 12-584] No ports matched 'pmodJA_gpio_tri_io[7]'. [/home/iavendano/pynq-copter/pynqcopter/iicComm/design.xdc:90]
CRITICAL WARNING: [Common 17-55] 'set_property' expects at least one object. [/home/iavendano/pynq-copter/pynqcopter/iicComm/design.xdc:90]
Resolution: If [get_<value>] was used to populate the object, check to make sure this command returns at least one valid object.
WARNING: [Vivado 12-584] No ports matched 'pmodJB_gpio_tri_io[1]'. [/home/iavendano/pynq-copter/pynqcopter/iicComm/design.xdc:93]
CRITICAL WARNING: [Common 17-55] 'set_property' expects at least one object. [/home/iavendano/pynq-copter/pynqcopter/iicComm/design.xdc:93]
Resolution: If [get_<value>] was used to populate the object, check to make sure this command returns at least one valid object.
WARNING: [Vivado 12-584] No ports matched 'pmodJB_gpio_tri_io[0]'. [/home/iavendano/pynq-copter/pynqcopter/iicComm/design.xdc:94]
CRITICAL WARNING: [Common 17-55] 'set_property' expects at least one object. [/home/iavendano/pynq-copter/pynqcopter/iicComm/design.xdc:94]
Resolution: If [get_<value>] was used to populate the object, check to make sure this command returns at least one valid object.
WARNING: [Vivado 12-584] No ports matched 'pmodJB_gpio_tri_io[3]'. [/home/iavendano/pynq-copter/pynqcopter/iicComm/design.xdc:95]
CRITICAL WARNING: [Common 17-55] 'set_property' expects at least one object. [/home/iavendano/pynq-copter/pynqcopter/iicComm/design.xdc:95]
Resolution: If [get_<value>] was used to populate the object, check to make sure this command returns at least one valid object.
WARNING: [Vivado 12-584] No ports matched 'pmodJB_gpio_tri_io[2]'. [/home/iavendano/pynq-copter/pynqcopter/iicComm/design.xdc:96]
CRITICAL WARNING: [Common 17-55] 'set_property' expects at least one object. [/home/iavendano/pynq-copter/pynqcopter/iicComm/design.xdc:96]
Resolution: If [get_<value>] was used to populate the object, check to make sure this command returns at least one valid object.
WARNING: [Vivado 12-584] No ports matched 'pmodJB_gpio_tri_io[5]'. [/home/iavendano/pynq-copter/pynqcopter/iicComm/design.xdc:97]
CRITICAL WARNING: [Common 17-55] 'set_property' expects at least one object. [/home/iavendano/pynq-copter/pynqcopter/iicComm/design.xdc:97]
Resolution: If [get_<value>] was used to populate the object, check to make sure this command returns at least one valid object.
WARNING: [Vivado 12-584] No ports matched 'pmodJB_gpio_tri_io[4]'. [/home/iavendano/pynq-copter/pynqcopter/iicComm/design.xdc:98]
CRITICAL WARNING: [Common 17-55] 'set_property' expects at least one object. [/home/iavendano/pynq-copter/pynqcopter/iicComm/design.xdc:98]
Resolution: If [get_<value>] was used to populate the object, check to make sure this command returns at least one valid object.
WARNING: [Vivado 12-584] No ports matched 'pmodJB_gpio_tri_io[7]'. [/home/iavendano/pynq-copter/pynqcopter/iicComm/design.xdc:99]
CRITICAL WARNING: [Common 17-55] 'set_property' expects at least one object. [/home/iavendano/pynq-copter/pynqcopter/iicComm/design.xdc:99]
Resolution: If [get_<value>] was used to populate the object, check to make sure this command returns at least one valid object.
WARNING: [Vivado 12-584] No ports matched 'pmodJB_gpio_tri_io[6]'. [/home/iavendano/pynq-copter/pynqcopter/iicComm/design.xdc:100]
CRITICAL WARNING: [Common 17-55] 'set_property' expects at least one object. [/home/iavendano/pynq-copter/pynqcopter/iicComm/design.xdc:100]
Resolution: If [get_<value>] was used to populate the object, check to make sure this command returns at least one valid object.
WARNING: [Vivado 12-584] No ports matched 'pmodJB_gpio_tri_io[2]'. [/home/iavendano/pynq-copter/pynqcopter/iicComm/design.xdc:101]
CRITICAL WARNING: [Common 17-55] 'set_property' expects at least one object. [/home/iavendano/pynq-copter/pynqcopter/iicComm/design.xdc:101]
Resolution: If [get_<value>] was used to populate the object, check to make sure this command returns at least one valid object.
WARNING: [Vivado 12-584] No ports matched 'pmodJB_gpio_tri_io[3]'. [/home/iavendano/pynq-copter/pynqcopter/iicComm/design.xdc:102]
CRITICAL WARNING: [Common 17-55] 'set_property' expects at least one object. [/home/iavendano/pynq-copter/pynqcopter/iicComm/design.xdc:102]
Resolution: If [get_<value>] was used to populate the object, check to make sure this command returns at least one valid object.
WARNING: [Vivado 12-584] No ports matched 'pmodJB_gpio_tri_io[6]'. [/home/iavendano/pynq-copter/pynqcopter/iicComm/design.xdc:103]
CRITICAL WARNING: [Common 17-55] 'set_property' expects at least one object. [/home/iavendano/pynq-copter/pynqcopter/iicComm/design.xdc:103]
Resolution: If [get_<value>] was used to populate the object, check to make sure this command returns at least one valid object.
WARNING: [Vivado 12-584] No ports matched 'pmodJB_gpio_tri_io[7]'. [/home/iavendano/pynq-copter/pynqcopter/iicComm/design.xdc:104]
CRITICAL WARNING: [Common 17-55] 'set_property' expects at least one object. [/home/iavendano/pynq-copter/pynqcopter/iicComm/design.xdc:104]
Resolution: If [get_<value>] was used to populate the object, check to make sure this command returns at least one valid object.
Finished Parsing XDC File [/home/iavendano/pynq-copter/pynqcopter/iicComm/design.xdc]
INFO: [Opt 31-138] Pushed 0 inverter(s) to 0 load pin(s).
INFO: [Project 1-111] Unisim Transformation Summary:
  A total of 2 instances were transformed.
  IOBUF => IOBUF (IBUF, OBUFT): 2 instances

18 Infos, 45 Warnings, 46 Critical Warnings and 0 Errors encountered.
link_design completed successfully
link_design: Time (s): cpu = 00:00:20 ; elapsed = 00:00:50 . Memory (MB): peak = 1562.270 ; gain = 388.543 ; free physical = 113544 ; free virtual = 497950
Command: opt_design
Attempting to get a license for feature 'Implementation' and/or device 'xc7z020'
INFO: [Common 17-349] Got license for feature 'Implementation' and/or device 'xc7z020'
Running DRC as a precondition to command opt_design

Starting DRC Task
INFO: [DRC 23-27] Running DRC with 8 threads
INFO: [Project 1-461] DRC finished with 0 Errors
INFO: [Project 1-462] Please refer to the DRC report (report_drc) for more information.

Time (s): cpu = 00:00:02 ; elapsed = 00:00:02 . Memory (MB): peak = 1651.293 ; gain = 89.023 ; free physical = 113555 ; free virtual = 497962
INFO: [Timing 38-35] Done setting XDC timing constraints.

Starting Logic Optimization Task

Phase 1 Retarget
INFO: [Opt 31-138] Pushed 0 inverter(s) to 0 load pin(s).
INFO: [Opt 31-49] Retargeted 0 cell(s).
Phase 1 Retarget | Checksum: da93eef2

Time (s): cpu = 00:00:00.80 ; elapsed = 00:00:00.64 . Memory (MB): peak = 2100.785 ; gain = 0.000 ; free physical = 113068 ; free virtual = 497474
INFO: [Opt 31-389] Phase Retarget created 61 cells and removed 101 cells

Phase 2 Constant propagation
INFO: [Opt 31-138] Pushed 0 inverter(s) to 0 load pin(s).
Phase 2 Constant propagation | Checksum: 11935a5f6

Time (s): cpu = 00:00:01 ; elapsed = 00:00:00.95 . Memory (MB): peak = 2100.785 ; gain = 0.000 ; free physical = 113063 ; free virtual = 497470
INFO: [Opt 31-389] Phase Constant propagation created 92 cells and removed 256 cells

Phase 3 Sweep
Phase 3 Sweep | Checksum: 167703f6a

Time (s): cpu = 00:00:02 ; elapsed = 00:00:02 . Memory (MB): peak = 2100.785 ; gain = 0.000 ; free physical = 113100 ; free virtual = 497507
INFO: [Opt 31-389] Phase Sweep created 0 cells and removed 309 cells

Phase 4 BUFG optimization
Phase 4 BUFG optimization | Checksum: 167703f6a

Time (s): cpu = 00:00:02 ; elapsed = 00:00:02 . Memory (MB): peak = 2100.785 ; gain = 0.000 ; free physical = 113089 ; free virtual = 497495
INFO: [Opt 31-389] Phase BUFG optimization created 0 cells and removed 0 cells

Phase 5 Shift Register Optimization
Phase 5 Shift Register Optimization | Checksum: 167703f6a

Time (s): cpu = 00:00:02 ; elapsed = 00:00:02 . Memory (MB): peak = 2100.785 ; gain = 0.000 ; free physical = 113106 ; free virtual = 497512
INFO: [Opt 31-389] Phase Shift Register Optimization created 0 cells and removed 0 cells

Starting Connectivity Check Task

Time (s): cpu = 00:00:00.02 ; elapsed = 00:00:00.02 . Memory (MB): peak = 2100.785 ; gain = 0.000 ; free physical = 113110 ; free virtual = 497517
Ending Logic Optimization Task | Checksum: 1143d559c

Time (s): cpu = 00:00:03 ; elapsed = 00:00:03 . Memory (MB): peak = 2100.785 ; gain = 0.000 ; free physical = 113111 ; free virtual = 497517

Starting Power Optimization Task
INFO: [Pwropt 34-132] Skipping clock gating for clocks with a period < 2.00 ns.
INFO: [Pwropt 34-9] Applying IDT optimizations ...
INFO: [Pwropt 34-10] Applying ODC optimizations ...
INFO: [Timing 38-35] Done setting XDC timing constraints.
INFO: [Physopt 32-619] Estimated Timing Summary | WNS=2.555 | TNS=0.000 |
Running Vector-less Activity Propagation...

Finished Running Vector-less Activity Propagation


Starting PowerOpt Patch Enables Task
INFO: [Pwropt 34-162] WRITE_MODE attribute of 0 BRAM(s) out of a total of 2 has been updated to save power. Run report_power_opt to get a complete listing of the BRAMs updated.
INFO: [Pwropt 34-201] Structural ODC has moved 0 WE to EN ports
Number of BRAM Ports augmented: 0 newly gated: 0 Total Ports: 4
Ending PowerOpt Patch Enables Task | Checksum: 176da6a9c

Time (s): cpu = 00:00:00.06 ; elapsed = 00:00:00.07 . Memory (MB): peak = 2460.008 ; gain = 0.000 ; free physical = 113049 ; free virtual = 497456
Ending Power Optimization Task | Checksum: 176da6a9c

Time (s): cpu = 00:00:06 ; elapsed = 00:00:04 . Memory (MB): peak = 2460.008 ; gain = 359.223 ; free physical = 113048 ; free virtual = 497455
INFO: [Common 17-83] Releasing license: Implementation
39 Infos, 45 Warnings, 46 Critical Warnings and 0 Errors encountered.
opt_design completed successfully
opt_design: Time (s): cpu = 00:00:27 ; elapsed = 00:00:47 . Memory (MB): peak = 2460.008 ; gain = 897.738 ; free physical = 113048 ; free virtual = 497455
Writing placer database...
Writing XDEF routing.
Writing XDEF routing logical nets.
Writing XDEF routing special nets.
Write XDEF Complete: Time (s): cpu = 00:00:00.14 ; elapsed = 00:00:00.06 . Memory (MB): peak = 2460.008 ; gain = 0.000 ; free physical = 113065 ; free virtual = 497474
INFO: [Common 17-1381] The checkpoint '/home/iavendano/pynq-copter/pynqcopter/iicComm/iicComm/iicComm.runs/impl_1/iicComm_wrapper_opt.dcp' has been generated.
INFO: [runtcl-4] Executing : report_drc -file iicComm_wrapper_drc_opted.rpt -pb iicComm_wrapper_drc_opted.pb -rpx iicComm_wrapper_drc_opted.rpx
Command: report_drc -file iicComm_wrapper_drc_opted.rpt -pb iicComm_wrapper_drc_opted.pb -rpx iicComm_wrapper_drc_opted.rpx
INFO: [IP_Flow 19-1839] IP Catalog is up to date.
INFO: [DRC 23-27] Running DRC with 8 threads
INFO: [Coretcl 2-168] The results of DRC are in file /home/iavendano/pynq-copter/pynqcopter/iicComm/iicComm/iicComm.runs/impl_1/iicComm_wrapper_drc_opted.rpt.
report_drc completed successfully
report_drc: Time (s): cpu = 00:00:06 ; elapsed = 00:00:05 . Memory (MB): peak = 2460.008 ; gain = 0.000 ; free physical = 112799 ; free virtual = 497207
INFO: [Chipscope 16-241] No debug cores found in the current design.
Before running the implement_debug_core command, either use the Set Up Debug wizard (GUI mode)
or use the create_debug_core and connect_debug_core Tcl commands to insert debug cores into the design.
Command: place_design
Attempting to get a license for feature 'Implementation' and/or device 'xc7z020'
INFO: [Common 17-349] Got license for feature 'Implementation' and/or device 'xc7z020'
INFO: [DRC 23-27] Running DRC with 8 threads
INFO: [Vivado_Tcl 4-198] DRC finished with 0 Errors
INFO: [Vivado_Tcl 4-199] Please refer to the DRC report (report_drc) for more information.
Running DRC as a precondition to command place_design
INFO: [DRC 23-27] Running DRC with 8 threads
INFO: [Vivado_Tcl 4-198] DRC finished with 0 Errors
INFO: [Vivado_Tcl 4-199] Please refer to the DRC report (report_drc) for more information.

Starting Placer Task
INFO: [Place 30-611] Multithreading enabled for place_design using a maximum of 8 CPUs

Phase 1 Placer Initialization

Phase 1.1 Placer Initialization Netlist Sorting
Netlist sorting complete. Time (s): cpu = 00:00:00.02 ; elapsed = 00:00:00.03 . Memory (MB): peak = 2460.008 ; gain = 0.000 ; free physical = 112943 ; free virtual = 497352
Phase 1.1 Placer Initialization Netlist Sorting | Checksum: f8e53bdb

Time (s): cpu = 00:00:00.05 ; elapsed = 00:00:00.06 . Memory (MB): peak = 2460.008 ; gain = 0.000 ; free physical = 112943 ; free virtual = 497352
INFO: [Timing 38-35] Done setting XDC timing constraints.
INFO: [Opt 31-138] Pushed 0 inverter(s) to 0 load pin(s).
Netlist sorting complete. Time (s): cpu = 00:00:00.02 ; elapsed = 00:00:00.01 . Memory (MB): peak = 2460.008 ; gain = 0.000 ; free physical = 112988 ; free virtual = 497396

Phase 1.2 IO Placement/ Clock Placement/ Build Placer Device
INFO: [Timing 38-35] Done setting XDC timing constraints.
Phase 1.2 IO Placement/ Clock Placement/ Build Placer Device | Checksum: 3d4fc796

Time (s): cpu = 00:00:05 ; elapsed = 00:00:04 . Memory (MB): peak = 2460.008 ; gain = 0.000 ; free physical = 113026 ; free virtual = 497435

Phase 1.3 Build Placer Netlist Model
Phase 1.3 Build Placer Netlist Model | Checksum: bda17bd8

Time (s): cpu = 00:00:07 ; elapsed = 00:00:06 . Memory (MB): peak = 2460.008 ; gain = 0.000 ; free physical = 113042 ; free virtual = 497450

Phase 1.4 Constrain Clocks/Macros
Phase 1.4 Constrain Clocks/Macros | Checksum: bda17bd8

Time (s): cpu = 00:00:07 ; elapsed = 00:00:06 . Memory (MB): peak = 2460.008 ; gain = 0.000 ; free physical = 113041 ; free virtual = 497449
Phase 1 Placer Initialization | Checksum: bda17bd8

Time (s): cpu = 00:00:07 ; elapsed = 00:00:06 . Memory (MB): peak = 2460.008 ; gain = 0.000 ; free physical = 113041 ; free virtual = 497450

Phase 2 Global Placement
Phase 2 Global Placement | Checksum: 23e29c263

Time (s): cpu = 00:00:59 ; elapsed = 00:00:31 . Memory (MB): peak = 2468.094 ; gain = 8.086 ; free physical = 113052 ; free virtual = 497461

Phase 3 Detail Placement

Phase 3.1 Commit Multi Column Macros
Phase 3.1 Commit Multi Column Macros | Checksum: 23e29c263

Time (s): cpu = 00:00:59 ; elapsed = 00:00:31 . Memory (MB): peak = 2468.094 ; gain = 8.086 ; free physical = 113052 ; free virtual = 497461

Phase 3.2 Commit Most Macros & LUTRAMs
Phase 3.2 Commit Most Macros & LUTRAMs | Checksum: 143ffad24

Time (s): cpu = 00:01:01 ; elapsed = 00:00:32 . Memory (MB): peak = 2468.094 ; gain = 8.086 ; free physical = 113003 ; free virtual = 497412

Phase 3.3 Area Swap Optimization
Phase 3.3 Area Swap Optimization | Checksum: 110164f66

Time (s): cpu = 00:01:02 ; elapsed = 00:00:33 . Memory (MB): peak = 2468.094 ; gain = 8.086 ; free physical = 112996 ; free virtual = 497404

Phase 3.4 Pipeline Register Optimization
Phase 3.4 Pipeline Register Optimization | Checksum: 110164f66

Time (s): cpu = 00:01:02 ; elapsed = 00:00:33 . Memory (MB): peak = 2468.094 ; gain = 8.086 ; free physical = 112992 ; free virtual = 497400

Phase 3.5 Small Shape Detail Placement
Phase 3.5 Small Shape Detail Placement | Checksum: 16186fc94

Time (s): cpu = 00:01:05 ; elapsed = 00:00:36 . Memory (MB): peak = 2468.094 ; gain = 8.086 ; free physical = 113012 ; free virtual = 497420

Phase 3.6 Re-assign LUT pins
Phase 3.6 Re-assign LUT pins | Checksum: 134823cee

Time (s): cpu = 00:01:05 ; elapsed = 00:00:36 . Memory (MB): peak = 2468.094 ; gain = 8.086 ; free physical = 113030 ; free virtual = 497439

Phase 3.7 Pipeline Register Optimization
Phase 3.7 Pipeline Register Optimization | Checksum: 134823cee

Time (s): cpu = 00:01:06 ; elapsed = 00:00:36 . Memory (MB): peak = 2468.094 ; gain = 8.086 ; free physical = 113030 ; free virtual = 497438
Phase 3 Detail Placement | Checksum: 134823cee

Time (s): cpu = 00:01:06 ; elapsed = 00:00:36 . Memory (MB): peak = 2468.094 ; gain = 8.086 ; free physical = 113030 ; free virtual = 497438

Phase 4 Post Placement Optimization and Clean-Up

Phase 4.1 Post Commit Optimization
INFO: [Timing 38-35] Done setting XDC timing constraints.

Phase 4.1.1 Post Placement Optimization
Post Placement Optimization Initialization | Checksum: 121326739

Phase 4.1.1.1 BUFG Insertion
INFO: [Physopt 32-721] Multithreading enabled for phys_opt_design using a maximum of 8 CPUs
INFO: [Place 46-33] Processed net iicComm_i/iiccomm_0/inst/iiccomm_AXILiteS_s_axi_U/SR[0], BUFG insertion was skipped due to placement/routing conflicts.
INFO: [Place 46-31] BUFG insertion identified 1 candidate nets, 0 success, 1 skipped for placement/routing, 0 skipped for timing, 0 skipped for netlist change reason.
Phase 4.1.1.1 BUFG Insertion | Checksum: 121326739

Time (s): cpu = 00:01:08 ; elapsed = 00:00:38 . Memory (MB): peak = 2468.094 ; gain = 8.086 ; free physical = 113032 ; free virtual = 497441
INFO: [Place 30-746] Post Placement Timing Summary WNS=0.995. For the most accurate timing information please run report_timing.
Phase 4.1.1 Post Placement Optimization | Checksum: 13867671e

Time (s): cpu = 00:01:09 ; elapsed = 00:00:38 . Memory (MB): peak = 2468.094 ; gain = 8.086 ; free physical = 113026 ; free virtual = 497435
Phase 4.1 Post Commit Optimization | Checksum: 13867671e

Time (s): cpu = 00:01:09 ; elapsed = 00:00:38 . Memory (MB): peak = 2468.094 ; gain = 8.086 ; free physical = 113045 ; free virtual = 497453

Phase 4.2 Post Placement Cleanup
Phase 4.2 Post Placement Cleanup | Checksum: 13867671e

Time (s): cpu = 00:01:09 ; elapsed = 00:00:38 . Memory (MB): peak = 2468.094 ; gain = 8.086 ; free physical = 113041 ; free virtual = 497449

Phase 4.3 Placer Reporting
Phase 4.3 Placer Reporting | Checksum: 13867671e

Time (s): cpu = 00:01:09 ; elapsed = 00:00:38 . Memory (MB): peak = 2468.094 ; gain = 8.086 ; free physical = 113037 ; free virtual = 497445

Phase 4.4 Final Placement Cleanup
Phase 4.4 Final Placement Cleanup | Checksum: 81c19615

Time (s): cpu = 00:01:09 ; elapsed = 00:00:38 . Memory (MB): peak = 2468.094 ; gain = 8.086 ; free physical = 113034 ; free virtual = 497442
Phase 4 Post Placement Optimization and Clean-Up | Checksum: 81c19615

Time (s): cpu = 00:01:09 ; elapsed = 00:00:38 . Memory (MB): peak = 2468.094 ; gain = 8.086 ; free physical = 113031 ; free virtual = 497439
Ending Placer Task | Checksum: 4c86ba31

Time (s): cpu = 00:01:09 ; elapsed = 00:00:38 . Memory (MB): peak = 2468.094 ; gain = 8.086 ; free physical = 113041 ; free virtual = 497450
INFO: [Common 17-83] Releasing license: Implementation
62 Infos, 45 Warnings, 46 Critical Warnings and 0 Errors encountered.
place_design completed successfully
place_design: Time (s): cpu = 00:01:13 ; elapsed = 00:00:43 . Memory (MB): peak = 2468.094 ; gain = 8.086 ; free physical = 113041 ; free virtual = 497449
Writing placer database...
Writing XDEF routing.
Writing XDEF routing logical nets.
Writing XDEF routing special nets.
Write XDEF Complete: Time (s): cpu = 00:00:02 ; elapsed = 00:00:00.60 . Memory (MB): peak = 2468.094 ; gain = 0.000 ; free physical = 113042 ; free virtual = 497459
INFO: [Common 17-1381] The checkpoint '/home/iavendano/pynq-copter/pynqcopter/iicComm/iicComm/iicComm.runs/impl_1/iicComm_wrapper_placed.dcp' has been generated.
INFO: [runtcl-4] Executing : report_io -file iicComm_wrapper_io_placed.rpt
report_io: Time (s): cpu = 00:00:00.23 ; elapsed = 00:00:00.30 . Memory (MB): peak = 2468.094 ; gain = 0.000 ; free physical = 112859 ; free virtual = 497269
INFO: [runtcl-4] Executing : report_utilization -file iicComm_wrapper_utilization_placed.rpt -pb iicComm_wrapper_utilization_placed.pb
report_utilization: Time (s): cpu = 00:00:00.16 ; elapsed = 00:00:00.22 . Memory (MB): peak = 2468.094 ; gain = 0.000 ; free physical = 112888 ; free virtual = 497298
INFO: [runtcl-4] Executing : report_control_sets -verbose -file iicComm_wrapper_control_sets_placed.rpt
report_control_sets: Time (s): cpu = 00:00:00.12 ; elapsed = 00:00:00.16 . Memory (MB): peak = 2468.094 ; gain = 0.000 ; free physical = 112864 ; free virtual = 497275
Command: route_design
Attempting to get a license for feature 'Implementation' and/or device 'xc7z020'
INFO: [Common 17-349] Got license for feature 'Implementation' and/or device 'xc7z020'
Running DRC as a precondition to command route_design
INFO: [DRC 23-27] Running DRC with 8 threads
INFO: [Vivado_Tcl 4-198] DRC finished with 0 Errors
INFO: [Vivado_Tcl 4-199] Please refer to the DRC report (report_drc) for more information.


Starting Routing Task
INFO: [Route 35-254] Multithreading enabled for route_design using a maximum of 8 CPUs
Checksum: PlaceDB: 43776409 ConstDB: 0 ShapeSum: 90f5628 RouteDB: 0

Phase 1 Build RT Design
Phase 1 Build RT Design | Checksum: f06357e3

Time (s): cpu = 00:00:38 ; elapsed = 00:00:31 . Memory (MB): peak = 2468.094 ; gain = 0.000 ; free physical = 112867 ; free virtual = 497277
Post Restoration Checksum: NetGraph: 2dfd08dd NumContArr: c2664f06 Constraints: 0 Timing: 0

Phase 2 Router Initialization

Phase 2.1 Create Timer
Phase 2.1 Create Timer | Checksum: f06357e3

Time (s): cpu = 00:00:39 ; elapsed = 00:00:32 . Memory (MB): peak = 2468.094 ; gain = 0.000 ; free physical = 112867 ; free virtual = 497277

Phase 2.2 Fix Topology Constraints
Phase 2.2 Fix Topology Constraints | Checksum: f06357e3

Time (s): cpu = 00:00:39 ; elapsed = 00:00:32 . Memory (MB): peak = 2468.094 ; gain = 0.000 ; free physical = 112836 ; free virtual = 497247

Phase 2.3 Pre Route Cleanup
Phase 2.3 Pre Route Cleanup | Checksum: f06357e3

Time (s): cpu = 00:00:39 ; elapsed = 00:00:32 . Memory (MB): peak = 2468.094 ; gain = 0.000 ; free physical = 112836 ; free virtual = 497247
 Number of Nodes with overlaps = 0

Phase 2.4 Update Timing
Phase 2.4 Update Timing | Checksum: d7c94840

Time (s): cpu = 00:00:43 ; elapsed = 00:00:34 . Memory (MB): peak = 2468.094 ; gain = 0.000 ; free physical = 112827 ; free virtual = 497237
INFO: [Route 35-416] Intermediate Timing Summary | WNS=1.187  | TNS=0.000  | WHS=-0.181 | THS=-59.077|

Phase 2 Router Initialization | Checksum: 10bd6250e

Time (s): cpu = 00:00:44 ; elapsed = 00:00:35 . Memory (MB): peak = 2468.094 ; gain = 0.000 ; free physical = 112813 ; free virtual = 497224

Phase 3 Initial Routing
Phase 3 Initial Routing | Checksum: 23e5345b8

Time (s): cpu = 00:00:47 ; elapsed = 00:00:36 . Memory (MB): peak = 2468.094 ; gain = 0.000 ; free physical = 112797 ; free virtual = 497208

Phase 4 Rip-up And Reroute

Phase 4.1 Global Iteration 0
 Number of Nodes with overlaps = 463
 Number of Nodes with overlaps = 7
 Number of Nodes with overlaps = 2
 Number of Nodes with overlaps = 1
 Number of Nodes with overlaps = 0
INFO: [Route 35-416] Intermediate Timing Summary | WNS=1.142  | TNS=0.000  | WHS=N/A    | THS=N/A    |

Phase 4.1 Global Iteration 0 | Checksum: fbbe7066

Time (s): cpu = 00:02:27 ; elapsed = 00:01:09 . Memory (MB): peak = 2468.094 ; gain = 0.000 ; free physical = 112845 ; free virtual = 497256
Phase 4 Rip-up And Reroute | Checksum: fbbe7066

Time (s): cpu = 00:02:27 ; elapsed = 00:01:09 . Memory (MB): peak = 2468.094 ; gain = 0.000 ; free physical = 112845 ; free virtual = 497256

Phase 5 Delay and Skew Optimization

Phase 5.1 Delay CleanUp

Phase 5.1.1 Update Timing
Phase 5.1.1 Update Timing | Checksum: 15f3a45dd

Time (s): cpu = 00:02:27 ; elapsed = 00:01:09 . Memory (MB): peak = 2468.094 ; gain = 0.000 ; free physical = 112894 ; free virtual = 497305
INFO: [Route 35-416] Intermediate Timing Summary | WNS=1.257  | TNS=0.000  | WHS=N/A    | THS=N/A    |

Phase 5.1 Delay CleanUp | Checksum: 15f3a45dd

Time (s): cpu = 00:02:27 ; elapsed = 00:01:09 . Memory (MB): peak = 2468.094 ; gain = 0.000 ; free physical = 112894 ; free virtual = 497305

Phase 5.2 Clock Skew Optimization
Phase 5.2 Clock Skew Optimization | Checksum: 15f3a45dd

Time (s): cpu = 00:02:27 ; elapsed = 00:01:09 . Memory (MB): peak = 2468.094 ; gain = 0.000 ; free physical = 112894 ; free virtual = 497305
Phase 5 Delay and Skew Optimization | Checksum: 15f3a45dd

Time (s): cpu = 00:02:27 ; elapsed = 00:01:09 . Memory (MB): peak = 2468.094 ; gain = 0.000 ; free physical = 112894 ; free virtual = 497305

Phase 6 Post Hold Fix

Phase 6.1 Hold Fix Iter

Phase 6.1.1 Update Timing
Phase 6.1.1 Update Timing | Checksum: 11c405284

Time (s): cpu = 00:02:28 ; elapsed = 00:01:10 . Memory (MB): peak = 2468.094 ; gain = 0.000 ; free physical = 112894 ; free virtual = 497305
INFO: [Route 35-416] Intermediate Timing Summary | WNS=1.257  | TNS=0.000  | WHS=0.016  | THS=0.000  |

Phase 6.1 Hold Fix Iter | Checksum: ff847f9b

Time (s): cpu = 00:02:28 ; elapsed = 00:01:10 . Memory (MB): peak = 2468.094 ; gain = 0.000 ; free physical = 112892 ; free virtual = 497303
Phase 6 Post Hold Fix | Checksum: ff847f9b

Time (s): cpu = 00:02:28 ; elapsed = 00:01:10 . Memory (MB): peak = 2468.094 ; gain = 0.000 ; free physical = 112892 ; free virtual = 497303

Phase 7 Route finalize

Router Utilization Summary
  Global Vertical Routing Utilization    = 0.717407 %
  Global Horizontal Routing Utilization  = 0.910497 %
  Routable Net Status*
  *Does not include unroutable nets such as driverless and loadless.
  Run report_route_status for detailed report.
  Number of Failed Nets               = 0
  Number of Unrouted Nets             = 0
  Number of Partially Routed Nets     = 0
  Number of Node Overlaps             = 0

Phase 7 Route finalize | Checksum: 16493b2ee

Time (s): cpu = 00:02:28 ; elapsed = 00:01:10 . Memory (MB): peak = 2468.094 ; gain = 0.000 ; free physical = 112872 ; free virtual = 497283

Phase 8 Verifying routed nets

 Verification completed successfully
Phase 8 Verifying routed nets | Checksum: 16493b2ee

Time (s): cpu = 00:02:28 ; elapsed = 00:01:10 . Memory (MB): peak = 2468.094 ; gain = 0.000 ; free physical = 112864 ; free virtual = 497275

Phase 9 Depositing Routes
Phase 9 Depositing Routes | Checksum: 157671a39

Time (s): cpu = 00:02:29 ; elapsed = 00:01:10 . Memory (MB): peak = 2468.094 ; gain = 0.000 ; free physical = 112773 ; free virtual = 497184

Phase 10 Post Router Timing
INFO: [Route 35-57] Estimated Timing Summary | WNS=1.257  | TNS=0.000  | WHS=0.016  | THS=0.000  |

INFO: [Route 35-327] The final timing numbers are based on the router estimated timing analysis. For a complete and accurate timing signoff, please run report_timing_summary.
Phase 10 Post Router Timing | Checksum: 157671a39

Time (s): cpu = 00:02:29 ; elapsed = 00:01:10 . Memory (MB): peak = 2468.094 ; gain = 0.000 ; free physical = 112773 ; free virtual = 497184
INFO: [Route 35-16] Router Completed Successfully

Time (s): cpu = 00:02:29 ; elapsed = 00:01:10 . Memory (MB): peak = 2468.094 ; gain = 0.000 ; free physical = 112828 ; free virtual = 497239

Routing Is Done.
INFO: [Common 17-83] Releasing license: Implementation
79 Infos, 45 Warnings, 46 Critical Warnings and 0 Errors encountered.
route_design completed successfully
route_design: Time (s): cpu = 00:02:34 ; elapsed = 00:01:13 . Memory (MB): peak = 2468.094 ; gain = 0.000 ; free physical = 112828 ; free virtual = 497239
Writing placer database...
Writing XDEF routing.
Writing XDEF routing logical nets.
Writing XDEF routing special nets.
Write XDEF Complete: Time (s): cpu = 00:00:02 ; elapsed = 00:00:00.65 . Memory (MB): peak = 2468.094 ; gain = 0.000 ; free physical = 112816 ; free virtual = 497237
INFO: [Common 17-1381] The checkpoint '/home/iavendano/pynq-copter/pynqcopter/iicComm/iicComm/iicComm.runs/impl_1/iicComm_wrapper_routed.dcp' has been generated.
INFO: [runtcl-4] Executing : report_drc -file iicComm_wrapper_drc_routed.rpt -pb iicComm_wrapper_drc_routed.pb -rpx iicComm_wrapper_drc_routed.rpx
Command: report_drc -file iicComm_wrapper_drc_routed.rpt -pb iicComm_wrapper_drc_routed.pb -rpx iicComm_wrapper_drc_routed.rpx
INFO: [IP_Flow 19-1839] IP Catalog is up to date.
INFO: [DRC 23-27] Running DRC with 8 threads
INFO: [Coretcl 2-168] The results of DRC are in file /home/iavendano/pynq-copter/pynqcopter/iicComm/iicComm/iicComm.runs/impl_1/iicComm_wrapper_drc_routed.rpt.
report_drc completed successfully
report_drc: Time (s): cpu = 00:00:07 ; elapsed = 00:00:05 . Memory (MB): peak = 2468.094 ; gain = 0.000 ; free physical = 113076 ; free virtual = 497490
INFO: [runtcl-4] Executing : report_methodology -file iicComm_wrapper_methodology_drc_routed.rpt -pb iicComm_wrapper_methodology_drc_routed.pb -rpx iicComm_wrapper_methodology_drc_routed.rpx
Command: report_methodology -file iicComm_wrapper_methodology_drc_routed.rpt -pb iicComm_wrapper_methodology_drc_routed.pb -rpx iicComm_wrapper_methodology_drc_routed.rpx
INFO: [Timing 38-35] Done setting XDC timing constraints.
INFO: [Timing 38-35] Done setting XDC timing constraints.
INFO: [DRC 23-133] Running Methodology with 8 threads
INFO: [Coretcl 2-1520] The results of Report Methodology are in file /home/iavendano/pynq-copter/pynqcopter/iicComm/iicComm/iicComm.runs/impl_1/iicComm_wrapper_methodology_drc_routed.rpt.
report_methodology completed successfully
report_methodology: Time (s): cpu = 00:00:08 ; elapsed = 00:00:05 . Memory (MB): peak = 2468.094 ; gain = 0.000 ; free physical = 112971 ; free virtual = 497385
INFO: [runtcl-4] Executing : report_power -file iicComm_wrapper_power_routed.rpt -pb iicComm_wrapper_power_summary_routed.pb -rpx iicComm_wrapper_power_routed.rpx
Command: report_power -file iicComm_wrapper_power_routed.rpt -pb iicComm_wrapper_power_summary_routed.pb -rpx iicComm_wrapper_power_routed.rpx
INFO: [Timing 38-35] Done setting XDC timing constraints.
Running Vector-less Activity Propagation...

Finished Running Vector-less Activity Propagation
91 Infos, 45 Warnings, 46 Critical Warnings and 0 Errors encountered.
report_power completed successfully
INFO: [runtcl-4] Executing : report_route_status -file iicComm_wrapper_route_status.rpt -pb iicComm_wrapper_route_status.pb
INFO: [runtcl-4] Executing : report_timing_summary -max_paths 10 -file iicComm_wrapper_timing_summary_routed.rpt -rpx iicComm_wrapper_timing_summary_routed.rpx -warn_on_violation 
INFO: [Timing 38-91] UpdateTimingParams: Speed grade: -1, Delay Type: min_max.
INFO: [Timing 38-191] Multithreading enabled for timing update using a maximum of 8 CPUs
INFO: [runtcl-4] Executing : report_incremental_reuse -file iicComm_wrapper_incremental_reuse_routed.rpt
INFO: [Vivado_Tcl 4-545] No incremental reuse to report, no incremental placement and routing data was found.
INFO: [runtcl-4] Executing : report_clock_utilization -file iicComm_wrapper_clock_utilization_routed.rpt
Command: write_bitstream -force iicComm_wrapper.bit
Attempting to get a license for feature 'Implementation' and/or device 'xc7z020'
INFO: [Common 17-349] Got license for feature 'Implementation' and/or device 'xc7z020'
Running DRC as a precondition to command write_bitstream
INFO: [IP_Flow 19-1839] IP Catalog is up to date.
INFO: [DRC 23-27] Running DRC with 8 threads
INFO: [Vivado 12-3199] DRC finished with 0 Errors
INFO: [Vivado 12-3200] Please refer to the DRC report (report_drc) for more information.
INFO: [Project 1-821] Please set project.enableDesignId to be 'true'.
INFO: [Designutils 20-2272] Running write_bitstream with 8 threads.
Loading data files...
Loading site data...
Loading route data...
Processing options...
Creating bitmap...
Creating bitstream...
Writing bitstream ./iicComm_wrapper.bit...
INFO: [Vivado 12-1842] Bitgen Completed Successfully.
INFO: [Project 1-118] WebTalk data collection is enabled (User setting is ON. Install Setting is ON.).
INFO: [Common 17-186] '/home/iavendano/pynq-copter/pynqcopter/iicComm/iicComm/iicComm.runs/impl_1/usage_statistics_webtalk.xml' has been successfully sent to Xilinx on Wed Aug 15 15:11:18 2018. For additional details about this file, please refer to the WebTalk help file at /data/opt/Xilinx/Vivado/2017.4/doc/webtalk_introduction.html.
INFO: [Common 17-83] Releasing license: Implementation
109 Infos, 45 Warnings, 46 Critical Warnings and 0 Errors encountered.
write_bitstream completed successfully
write_bitstream: Time (s): cpu = 00:00:26 ; elapsed = 00:02:27 . Memory (MB): peak = 2718.375 ; gain = 250.258 ; free physical = 112892 ; free virtual = 497313
INFO: [Common 17-206] Exiting Vivado at Wed Aug 15 15:11:18 2018...
