#-----------------------------------------------------------
# Vivado v2017.4 (64-bit)
# SW Build 2086221 on Fri Dec 15 20:54:30 MST 2017
# IP Build 2085800 on Fri Dec 15 22:25:07 MST 2017
# Start of session at: Fri Aug  3 10:48:19 2018
# Process ID: 25613
# Current directory: /home/iavendano/pynq-copter/pynqcopter/iicComm3
# Command line: vivado iicComm3/iicComm3.xpr
# Log file: /home/iavendano/pynq-copter/pynqcopter/iicComm3/vivado.log
# Journal file: /home/iavendano/pynq-copter/pynqcopter/iicComm3/vivado.jou
#-----------------------------------------------------------
start_gui
open_project iicComm3/iicComm3.xpr
Scanning sources...
Finished scanning sources
INFO: [IP_Flow 19-234] Refreshing IP repositories
INFO: [IP_Flow 19-1700] Loaded user IP repository '/home/iavendano/pynq-copter/pynqcopter/ip'.
INFO: [IP_Flow 19-2313] Loaded Vivado IP repository '/data/opt/Xilinx/Vivado/2017.4/data/ip'.
open_project: Time (s): cpu = 00:00:27 ; elapsed = 00:00:08 . Memory (MB): peak = 6225.539 ; gain = 69.637 ; free physical = 128052 ; free virtual = 504103
update_compile_order -fileset sources_1
open_bd_design {/home/iavendano/pynq-copter/pynqcopter/iicComm3/iicComm3/iicComm3.srcs/sources_1/bd/iicComm3/iicComm3.bd}
Adding cell -- xilinx.com:ip:axi_iic:2.0 - axi_iic_0
Adding cell -- UCSD:hlsip:iiccomm3:1.0 - iiccomm3_0
Adding cell -- xilinx.com:ip:processing_system7:5.5 - processing_system7_0
Adding cell -- xilinx.com:ip:proc_sys_reset:5.0 - rst_ps7_0_100M
Adding cell -- xilinx.com:ip:axi_crossbar:2.1 - xbar
Adding cell -- xilinx.com:ip:axi_protocol_converter:2.1 - auto_pc
Adding cell -- xilinx.com:ip:axi_protocol_converter:2.1 - auto_pc
Successfully read diagram <iicComm3> from BD file </home/iavendano/pynq-copter/pynqcopter/iicComm3/iicComm3/iicComm3.srcs/sources_1/bd/iicComm3/iicComm3.bd>
open_bd_design: Time (s): cpu = 00:00:10 ; elapsed = 00:00:05 . Memory (MB): peak = 6308.191 ; gain = 33.020 ; free physical = 128044 ; free virtual = 504095
set_property location {4 1338 79} [get_bd_cells iiccomm3_0]
set_property location {2.5 956 136} [get_bd_cells ps7_0_axi_periph]
set_property location {2 535 319} [get_bd_cells processing_system7_0]
set_property location {2 388 360} [get_bd_cells processing_system7_0]
set_property location {2 419 121} [get_bd_cells rst_ps7_0_100M]
set_property location {2 937 139} [get_bd_cells ps7_0_axi_periph]
set_property location {1.5 953 129} [get_bd_cells ps7_0_axi_periph]
set_property location {2.5 1340 72} [get_bd_cells iiccomm3_0]
set_property location {3 1376 238} [get_bd_cells axi_iic_0]
set_property location {1690 216} [get_bd_intf_ports arduino_iic]
set_property location {3 1188 230} [get_bd_cells axi_iic_0]
set_property location {1588 224} [get_bd_intf_ports arduino_iic]
set_property location {1833 203} [get_bd_intf_ports arduino_iic]
set_property location {1833 220} [get_bd_intf_ports arduino_iic]
set_property name sensor_ip [get_bd_cells iiccomm3_0]
set_property name iiccomm3_0 [get_bd_cells sensor_ip]
save_bd_design
Wrote  : </home/iavendano/pynq-copter/pynqcopter/iicComm3/iicComm3/iicComm3.srcs/sources_1/bd/iicComm3/iicComm3.bd> 
Wrote  : </home/iavendano/pynq-copter/pynqcopter/iicComm3/iicComm3/iicComm3.srcs/sources_1/bd/iicComm3/ui/bd_e0ce6464.ui> 
exit
INFO: [Common 17-206] Exiting Vivado at Fri Aug  3 11:10:03 2018...
