#-----------------------------------------------------------
# Vivado v2017.4 (64-bit)
# SW Build 2086221 on Fri Dec 15 20:54:30 MST 2017
# IP Build 2085800 on Fri Dec 15 22:25:07 MST 2017
# Start of session at: Thu Aug  2 09:42:50 2018
# Process ID: 24827
# Current directory: /home/iavendano/pynq-copter/pynqcopter/iicComm3
# Command line: vivado iicComm3/iicComm3.xpr
# Log file: /home/iavendano/pynq-copter/pynqcopter/iicComm3/vivado.log
# Journal file: /home/iavendano/pynq-copter/pynqcopter/iicComm3/vivado.jou
#-----------------------------------------------------------
start_gui
open_project iicComm3/iicComm3.xpr
Scanning sources...
Finished scanning sources
INFO: [IP_Flow 19-234] Refreshing IP repositories
INFO: [IP_Flow 19-1700] Loaded user IP repository '/home/iavendano/pynq-copter/pynqcopter/ip'.
INFO: [IP_Flow 19-2313] Loaded Vivado IP repository '/data/opt/Xilinx/Vivado/2017.4/data/ip'.
CRITICAL WARNING: [IP_Flow 19-1663] Duplicate IP found for 'UCSD:hlsip:ctrlloop:1.0'. The one found in IP location '/home/iavendano/pynq-copter/pynqcopter/ip/ctrlloop/ctrlloop/ctrlloop/impl/ip' will take precedence over the same IP in location /home/iavendano/pynq-copter/pynqcopter/ip/pid/ctrlloop/ctrlloop/impl/ip
open_project: Time (s): cpu = 00:00:26 ; elapsed = 00:00:08 . Memory (MB): peak = 6247.086 ; gain = 64.363 ; free physical = 132545 ; free virtual = 505814
update_compile_order -fileset sources_1
open_bd_design {/home/iavendano/pynq-copter/pynqcopter/iicComm3/iicComm3/iicComm3.srcs/sources_1/bd/iicComm3/iicComm3.bd}
Adding cell -- xilinx.com:ip:axi_iic:2.0 - axi_iic_0
Adding cell -- UCSD:hlsip:iiccomm:1.0 - iiccomm_0
Adding cell -- xilinx.com:ip:processing_system7:5.5 - processing_system7_0
Adding cell -- xilinx.com:ip:proc_sys_reset:5.0 - rst_ps7_0_100M
Adding cell -- xilinx.com:ip:axi_crossbar:2.1 - xbar
Adding cell -- xilinx.com:ip:axi_protocol_converter:2.1 - auto_pc
Adding cell -- xilinx.com:ip:axi_protocol_converter:2.1 - auto_pc
Excluding </axi_iic_0/S_AXI/Reg> from </iiccomm_0/Data_m_axi_bus_r>
Excluding </iiccomm_0/s_axi_AXILiteS/Reg> from </iiccomm_0/Data_m_axi_bus_r>
Successfully read diagram <iicComm3> from BD file </home/iavendano/pynq-copter/pynqcopter/iicComm3/iicComm3/iicComm3.srcs/sources_1/bd/iicComm3/iicComm3.bd>
open_bd_design: Time (s): cpu = 00:00:17 ; elapsed = 00:00:05 . Memory (MB): peak = 6328.914 ; gain = 43.629 ; free physical = 132426 ; free virtual = 505696
delete_bd_objs [get_bd_intf_nets ps7_0_axi_periph_M00_AXI] [get_bd_intf_nets iiccomm_0_m_axi_bus_r] [get_bd_cells iiccomm_0]
startgroup
create_bd_cell -type ip -vlnv UCSD:hlsip:iiccomm3:1.0 iiccomm3_0
endgroup
set_property location {3 909 21} [get_bd_cells iiccomm3_0]
connect_bd_intf_net [get_bd_intf_pins iiccomm3_0/s_axi_AXILiteS] -boundary_type upper [get_bd_intf_pins ps7_0_axi_periph/M00_AXI]
connect_bd_intf_net [get_bd_intf_pins iiccomm3_0/m_axi_iic] -boundary_type upper [get_bd_intf_pins ps7_0_axi_periph/S01_AXI]
connect_bd_net [get_bd_pins iiccomm3_0/ap_clk] [get_bd_pins processing_system7_0/FCLK_CLK0]
connect_bd_net [get_bd_pins iiccomm3_0/ap_rst_n] [get_bd_pins rst_ps7_0_100M/peripheral_aresetn]
save_bd_design
Wrote  : </home/iavendano/pynq-copter/pynqcopter/iicComm3/iicComm3/iicComm3.srcs/sources_1/bd/iicComm3/iicComm3.bd> 
Wrote  : </home/iavendano/pynq-copter/pynqcopter/iicComm3/iicComm3/iicComm3.srcs/sources_1/bd/iicComm3/ui/bd_e0ce6464.ui> 
write_bd_tcl -force -hier_blks [get_bd_cells /] /home/iavendano/pynq-copter/pynqcopter/iicComm3/iicComm3.tcl
INFO: [BD 5-148] Tcl file written out </home/iavendano/pynq-copter/pynqcopter/iicComm3/iicComm3.tcl>.

WARNING: [BD 5-339] The block design <iicComm3> has not been validated, therefore, a block design created using this Tcl file
</home/iavendano/pynq-copter/pynqcopter/iicComm3/iicComm3.tcl> may result in errors during validation.
::xilinx.com_ip_axi_interconnect_2.1::pre_propagate
set_property range 4K [get_bd_addr_segs {processing_system7_0/Data/SEG_axi_iic_0_Reg}]
set_property offset 0x40003000 [get_bd_addr_segs {processing_system7_0/Data/SEG_axi_iic_0_Reg}]
assign_bd_address [get_bd_addr_segs {axi_iic_0/S_AXI/Reg }]
</axi_iic_0/S_AXI/Reg> is being mapped into </iiccomm3_0/Data_m_axi_iic> at <0x40003000 [ 4K ]>
INFO: [BD 41-1051] The usage <register> of peripheral </axi_iic_0/S_AXI/Reg> does not match the usage <memory> of master </iiccomm3_0/Data_m_axi_iic> and will be excluded using sparse connectivity from its address space. Use the include_bd_addr_seg command to override this precaution and make this peripheral visible within this masters address space.
Excluding </axi_iic_0/S_AXI/Reg> from </iiccomm3_0/Data_m_axi_iic>
assign_bd_address [get_bd_addr_segs {iiccomm3_0/s_axi_AXILiteS/Reg }]
</iiccomm3_0/s_axi_AXILiteS/Reg> is being mapped into </processing_system7_0/Data> at <0x40010000 [ 64K ]>
</iiccomm3_0/s_axi_AXILiteS/Reg> is being mapped into </iiccomm3_0/Data_m_axi_iic> at <0x40010000 [ 64K ]>
INFO: [BD 41-1051] The usage <register> of peripheral </iiccomm3_0/s_axi_AXILiteS/Reg> does not match the usage <memory> of master </iiccomm3_0/Data_m_axi_iic> and will be excluded using sparse connectivity from its address space. Use the include_bd_addr_seg command to override this precaution and make this peripheral visible within this masters address space.
Excluding </iiccomm3_0/s_axi_AXILiteS/Reg> from </iiccomm3_0/Data_m_axi_iic>
CRITICAL WARNING: [BD 41-1294] requested address <0x40000000 [ 64K ]> conflicts with peripheral </axi_iic_0/S_AXI/Reg> mapped into segment </processing_system7_0/Data/SEG_axi_iic_0_Reg> at <0x40003000 [ 4K ]>.
set_property offset 0x40000000 [get_bd_addr_segs {processing_system7_0/Data/SEG_iiccomm3_0_Reg}]
ERROR: [BD 41-70] Exec TCL: The proposed address 0x40000000 [ 64K ] conflicts with peripheral /axi_iic_0/S_AXI/Reg mapped into segment /processing_system7_0/Data/SEG_axi_iic_0_Reg at 0x40003000 [ 4K ]..
WARNING: [BD 41-1642] Cannot set the parameter 'offset' on '/processing_system7_0/Data/SEG_iiccomm3_0_Reg' - Parameter does not exist. 
ERROR: [Common 17-39] 'set_property' failed due to earlier errors.
set_property range 4K [get_bd_addr_segs {processing_system7_0/Data/SEG_iiccomm3_0_Reg}]
set_property offset 0x40000000 [get_bd_addr_segs {processing_system7_0/Data/SEG_iiccomm3_0_Reg}]
delete_bd_objs [get_bd_addr_segs -excluded iiccomm3_0/Data_m_axi_iic/SEG_iiccomm3_0_Reg]
assign_bd_address [get_bd_addr_segs {iiccomm3_0/s_axi_AXILiteS/Reg }]
</iiccomm3_0/s_axi_AXILiteS/Reg> is being mapped into </iiccomm3_0/Data_m_axi_iic> at <0x40000000 [ 4K ]>
INFO: [BD 41-1051] The usage <register> of peripheral </iiccomm3_0/s_axi_AXILiteS/Reg> does not match the usage <memory> of master </iiccomm3_0/Data_m_axi_iic> and will be excluded using sparse connectivity from its address space. Use the include_bd_addr_seg command to override this precaution and make this peripheral visible within this masters address space.
Excluding </iiccomm3_0/s_axi_AXILiteS/Reg> from </iiccomm3_0/Data_m_axi_iic>
save_bd_design
Wrote  : </home/iavendano/pynq-copter/pynqcopter/iicComm3/iicComm3/iicComm3.srcs/sources_1/bd/iicComm3/iicComm3.bd> 
write_bd_tcl -force -hier_blks [get_bd_cells /] /home/iavendano/pynq-copter/pynqcopter/iicComm3/iicComm3.tcl
INFO: [BD 5-148] Tcl file written out </home/iavendano/pynq-copter/pynqcopter/iicComm3/iicComm3.tcl>.

WARNING: [BD 5-339] The block design <iicComm3> has not been validated, therefore, a block design created using this Tcl file
</home/iavendano/pynq-copter/pynqcopter/iicComm3/iicComm3.tcl> may result in errors during validation.
exit
INFO: [Common 17-206] Exiting Vivado at Thu Aug  2 09:52:00 2018...
