#-----------------------------------------------------------
# Vivado v2017.4 (64-bit)
# SW Build 2086221 on Fri Dec 15 20:54:30 MST 2017
# IP Build 2085800 on Fri Dec 15 22:25:07 MST 2017
# Start of session at: Fri Aug  3 09:17:46 2018
# Process ID: 19135
# Current directory: /home/iavendano/pynq-copter/pynqcopter/iicComm3
# Command line: vivado iicComm3/iicComm3.xpr
# Log file: /home/iavendano/pynq-copter/pynqcopter/iicComm3/vivado.log
# Journal file: /home/iavendano/pynq-copter/pynqcopter/iicComm3/vivado.jou
#-----------------------------------------------------------
start_gui
open_project iicComm3/iicComm3.xpr
Scanning sources...
Finished scanning sources
INFO: [IP_Flow 19-234] Refreshing IP repositories
INFO: [IP_Flow 19-1700] Loaded user IP repository '/home/iavendano/pynq-copter/pynqcopter/ip'.
INFO: [IP_Flow 19-2313] Loaded Vivado IP repository '/data/opt/Xilinx/Vivado/2017.4/data/ip'.
open_project: Time (s): cpu = 00:00:30 ; elapsed = 00:00:09 . Memory (MB): peak = 6270.059 ; gain = 111.539 ; free physical = 130322 ; free virtual = 505668
update_compile_order -fileset sources_1
open_bd_design {/home/iavendano/pynq-copter/pynqcopter/iicComm3/iicComm3/iicComm3.srcs/sources_1/bd/iicComm3/iicComm3.bd}
Adding cell -- xilinx.com:ip:axi_iic:2.0 - axi_iic_0
Adding cell -- UCSD:hlsip:iiccomm3:1.0 - iiccomm3_0
Adding cell -- xilinx.com:ip:processing_system7:5.5 - processing_system7_0
Adding cell -- xilinx.com:ip:proc_sys_reset:5.0 - rst_ps7_0_100M
Adding cell -- xilinx.com:ip:axi_crossbar:2.1 - xbar
Adding cell -- xilinx.com:ip:axi_protocol_converter:2.1 - auto_pc
Adding cell -- xilinx.com:ip:axi_protocol_converter:2.1 - auto_pc
Successfully read diagram <iicComm3> from BD file </home/iavendano/pynq-copter/pynqcopter/iicComm3/iicComm3/iicComm3.srcs/sources_1/bd/iicComm3/iicComm3.bd>
open_bd_design: Time (s): cpu = 00:00:17 ; elapsed = 00:00:06 . Memory (MB): peak = 6323.262 ; gain = 25.020 ; free physical = 130295 ; free virtual = 505640
open_run impl_1
INFO: [Netlist 29-17] Analyzing 73 Unisim elements for replacement
INFO: [Netlist 29-28] Unisim Transformation completed in 0 CPU seconds
INFO: [Project 1-479] Netlist was created with Vivado 2017.4
INFO: [Device 21-403] Loading part xc7z020clg400-1
INFO: [Common 17-41] Interrupt caught. Command should exit soon.
open_run: Time (s): cpu = 00:00:18 ; elapsed = 00:00:30 . Memory (MB): peak = 6549.047 ; gain = 225.785 ; free physical = 130038 ; free virtual = 505384
INFO: [Common 17-344] 'open_run' was cancelled
file mkdir /home/iavendano/pynq-copter/pynqcopter/iicComm3/iicComm3/iicComm3.sdk
write_hwdef -force  -file /home/iavendano/Desktop/vivado_sdk_projects/iicComm3_wrapper.hdf
launch_sdk -workspace /home/iavendano/Desktop/vivado_sdk_projects -hwspec /home/iavendano/Desktop/vivado_sdk_projects/iicComm3_wrapper.hdf
INFO: [Vivado 12-393] Launching SDK...
INFO: [Vivado 12-417] Running xsdk -workspace /home/iavendano/Desktop/vivado_sdk_projects -hwspec /home/iavendano/Desktop/vivado_sdk_projects/iicComm3_wrapper.hdf
INFO: [Vivado 12-3157] SDK launch initiated. Please check console for any further messages.
exit
INFO: [Common 17-206] Exiting Vivado at Fri Aug  3 10:21:02 2018...
