Copyright 1986-2017 Xilinx, Inc. All Rights Reserved.
---------------------------------------------------------------------------------------------
| Tool Version : Vivado v.2017.4 (lin64) Build 2086221 Fri Dec 15 20:54:30 MST 2017
| Date         : Mon Aug  6 02:05:53 2018
| Host         : fabricant running 64-bit Linux Mint 18 Sarah
| Command      : report_control_sets -verbose -file iicComm4_wrapper_control_sets_placed.rpt
| Design       : iicComm4_wrapper
| Device       : xc7z020
---------------------------------------------------------------------------------------------

Control Set Information

Table of Contents
-----------------
1. Summary
2. Flip-Flop Distribution
3. Detailed Control Set Information

1. Summary
----------

+----------------------------------------------------------+-------+
|                          Status                          | Count |
+----------------------------------------------------------+-------+
| Number of unique control sets                            |   108 |
| Unused register locations in slices containing registers |   343 |
+----------------------------------------------------------+-------+


2. Flip-Flop Distribution
-------------------------

+--------------+-----------------------+------------------------+-----------------+--------------+
| Clock Enable | Synchronous Set/Reset | Asynchronous Set/Reset | Total Registers | Total Slices |
+--------------+-----------------------+------------------------+-----------------+--------------+
| No           | No                    | No                     |             179 |           66 |
| No           | No                    | Yes                    |               0 |            0 |
| No           | Yes                   | No                     |             279 |           97 |
| Yes          | No                    | No                     |             568 |          143 |
| Yes          | No                    | Yes                    |               0 |            0 |
| Yes          | Yes                   | No                     |             487 |          163 |
+--------------+-----------------------+------------------------+-----------------+--------------+


3. Detailed Control Set Information
-----------------------------------

+-------------------------------------------------+----------------------------------------------------------------------------------------------------------------------------------------------------------------+------------------------------------------------------------------------------------------------------------------------------------------+------------------+----------------+
|                   Clock Signal                  |                                                                          Enable Signal                                                                         |                                                             Set/Reset Signal                                                             | Slice Load Count | Bel Load Count |
+-------------------------------------------------+----------------------------------------------------------------------------------------------------------------------------------------------------------------+------------------------------------------------------------------------------------------------------------------------------------------+------------------+----------------+
|  iicComm4_i/processing_system7_0/inst/FCLK_CLK0 | iicComm4_i/iiccomm4_0/inst/iiccomm4_iic_m_axi_U/bus_read/buff_rdata/pop                                                                                        | iicComm4_i/iiccomm4_0/inst/iiccomm4_OUTPUTS_s_axi_U/ap_rst_n_inv                                                                         |                1 |              1 |
|  iicComm4_i/processing_system7_0/inst/FCLK_CLK0 | iicComm4_i/axi_iic_0/U0/X_IIC/REG_INTERFACE_I/p_3_in                                                                                                           | iicComm4_i/axi_iic_0/U0/X_IIC/REG_INTERFACE_I/Tx_fifo_rst                                                                                |                1 |              1 |
|  iicComm4_i/processing_system7_0/inst/FCLK_CLK0 | iicComm4_i/ps7_0_axi_periph/s01_couplers/auto_pc/inst/gen_axilite.gen_b2s_conv.axilite_b2s/RD.r_channel_0/r_push_r                                             |                                                                                                                                          |                1 |              1 |
|  iicComm4_i/processing_system7_0/inst/FCLK_CLK0 | iicComm4_i/axi_iic_0/U0/X_IIC/WRITE_FIFO_CTRL_I/CI                                                                                                             |                                                                                                                                          |                1 |              2 |
|  iicComm4_i/processing_system7_0/inst/FCLK_CLK0 | iicComm4_i/ps7_0_axi_periph/s00_couplers/auto_pc/inst/gen_axilite.gen_b2s_conv.axilite_b2s/WR.b_channel_0/bid_fifo_0/bresp_push                                |                                                                                                                                          |                1 |              2 |
|  iicComm4_i/processing_system7_0/inst/FCLK_CLK0 | iicComm4_i/ps7_0_axi_periph/s01_couplers/auto_pc/inst/gen_axilite.gen_b2s_conv.axilite_b2s/SI_REG/aw.aw_pipe/s_axi_awready                                     |                                                                                                                                          |                1 |              2 |
|  iicComm4_i/processing_system7_0/inst/FCLK_CLK0 | iicComm4_i/ps7_0_axi_periph/s01_couplers/auto_pc/inst/gen_axilite.gen_b2s_conv.axilite_b2s/WR.aw_channel_0/aw_cmd_fsm_0/m_payload_i_reg[0][0]                  |                                                                                                                                          |                1 |              2 |
|  iicComm4_i/processing_system7_0/inst/FCLK_CLK0 |                                                                                                                                                                | iicComm4_i/ps7_0_axi_periph/s01_couplers/auto_pc/inst/gen_axilite.gen_b2s_conv.axilite_b2s/SI_REG/ar.ar_pipe/m_valid_i_reg_0             |                3 |              3 |
|  iicComm4_i/processing_system7_0/inst/FCLK_CLK0 | iicComm4_i/axi_iic_0/U0/X_IIC/READ_FIFO_I/Rc_Data_Exists                                                                                                       | iicComm4_i/axi_iic_0/U0/X_IIC/X_AXI_IPIF_SSP1/X_SOFT_RESET/SR[0]                                                                         |                1 |              4 |
|  iicComm4_i/processing_system7_0/inst/FCLK_CLK0 | iicComm4_i/axi_iic_0/U0/X_IIC/IIC_CONTROL_I/FSM_sequential_scl_state[3]_i_2_n_0                                                                                | iicComm4_i/axi_iic_0/U0/X_IIC/REG_INTERFACE_I/SR[0]                                                                                      |                4 |              4 |
|  iicComm4_i/processing_system7_0/inst/FCLK_CLK0 | iicComm4_i/axi_iic_0/U0/X_IIC/IIC_CONTROL_I/BITCNT/q_int[0]_i_1__0_n_0                                                                                         | iicComm4_i/axi_iic_0/U0/X_IIC/REG_INTERFACE_I/SR[0]                                                                                      |                1 |              4 |
|  iicComm4_i/processing_system7_0/inst/FCLK_CLK0 | iicComm4_i/axi_iic_0/U0/X_IIC/X_AXI_IPIF_SSP1/AXI_LITE_IPIF_I/I_SLAVE_ATTACHMENT/I_DECODER/Bus2IIC_WrCE[8]                                                     | iicComm4_i/axi_iic_0/U0/X_IIC/X_AXI_IPIF_SSP1/X_SOFT_RESET/SR[0]                                                                         |                1 |              4 |
|  iicComm4_i/processing_system7_0/inst/FCLK_CLK0 | iicComm4_i/axi_iic_0/U0/X_IIC/WRITE_FIFO_I/Tx_data_exists                                                                                                      | iicComm4_i/axi_iic_0/U0/X_IIC/REG_INTERFACE_I/Tx_fifo_rst                                                                                |                1 |              4 |
|  iicComm4_i/processing_system7_0/inst/FCLK_CLK0 | iicComm4_i/ps7_0_axi_periph/xbar/inst/gen_sasd.crossbar_sasd_0/addr_arbiter_inst/m_grant_enc_i                                                                 | iicComm4_i/ps7_0_axi_periph/xbar/inst/gen_sasd.crossbar_sasd_0/addr_arbiter_inst/SR[0]                                                   |                3 |              4 |
|  iicComm4_i/processing_system7_0/inst/FCLK_CLK0 | iicComm4_i/axi_iic_0/U0/X_IIC/WRITE_FIFO_CTRL_I/Addr_Counters[0].FDRE_I_0                                                                                      | iicComm4_i/axi_iic_0/U0/X_IIC/REG_INTERFACE_I/Tx_fifo_rst                                                                                |                1 |              4 |
|  iicComm4_i/processing_system7_0/inst/FCLK_CLK0 | iicComm4_i/iiccomm4_0/inst/iiccomm4_iic_m_axi_U/bus_read/fifo_rctl/pout[3]_i_1_n_0                                                                             | iicComm4_i/iiccomm4_0/inst/iiccomm4_OUTPUTS_s_axi_U/ap_rst_n_inv                                                                         |                1 |              4 |
|  iicComm4_i/processing_system7_0/inst/FCLK_CLK0 | iicComm4_i/iiccomm4_0/inst/iiccomm4_iic_m_axi_U/bus_read/fifo_rctl/could_multi_bursts.arlen_buf_reg[0]_0                                                       | iicComm4_i/iiccomm4_0/inst/iiccomm4_OUTPUTS_s_axi_U/ap_rst_n_inv                                                                         |                1 |              4 |
|  iicComm4_i/processing_system7_0/inst/FCLK_CLK0 |                                                                                                                                                                | iicComm4_i/ps7_0_axi_periph/s01_couplers/auto_pc/inst/gen_axilite.gen_b2s_conv.axilite_b2s/SI_REG/aw.aw_pipe/s_ready_i_reg_0             |                4 |              4 |
|  iicComm4_i/processing_system7_0/inst/FCLK_CLK0 |                                                                                                                                                                | iicComm4_i/axi_iic_0/U0/X_IIC/X_AXI_IPIF_SSP1/AXI_LITE_IPIF_I/I_SLAVE_ATTACHMENT/INCLUDE_DPHASE_TIMER.dpto_cnt[3]_i_1_n_0                |                1 |              4 |
|  iicComm4_i/processing_system7_0/inst/FCLK_CLK0 | iicComm4_i/ps7_0_axi_periph/s00_couplers/auto_pc/inst/gen_axilite.gen_b2s_conv.axilite_b2s/WR.aw_channel_0/aw_cmd_fsm_0/E[0]                                   | iicComm4_i/ps7_0_axi_periph/s00_couplers/auto_pc/inst/gen_axilite.gen_b2s_conv.axilite_b2s/WR.aw_channel_0/aw_cmd_fsm_0/axlen_cnt_reg[7] |                1 |              4 |
|  iicComm4_i/processing_system7_0/inst/FCLK_CLK0 | iicComm4_i/ps7_0_axi_periph/s00_couplers/auto_pc/inst/gen_axilite.gen_b2s_conv.axilite_b2s/RD.ar_channel_0/ar_cmd_fsm_0/axlen_cnt_reg[4][0]                    | iicComm4_i/ps7_0_axi_periph/s00_couplers/auto_pc/inst/gen_axilite.gen_b2s_conv.axilite_b2s/RD.ar_channel_0/ar_cmd_fsm_0/axlen_cnt_reg[7] |                2 |              4 |
|  iicComm4_i/processing_system7_0/inst/FCLK_CLK0 |                                                                                                                                                                | iicComm4_i/ps7_0_axi_periph/xbar/inst/gen_sasd.crossbar_sasd_0/addr_arbiter_inst/s_arvalid_reg                                           |                1 |              4 |
|  iicComm4_i/processing_system7_0/inst/FCLK_CLK0 |                                                                                                                                                                | iicComm4_i/ps7_0_axi_periph/s00_couplers/auto_pc/inst/gen_axilite.gen_b2s_conv.axilite_b2s/SI_REG/ar.ar_pipe/m_valid_i_reg_0             |                2 |              4 |
|  iicComm4_i/processing_system7_0/inst/FCLK_CLK0 |                                                                                                                                                                | iicComm4_i/ps7_0_axi_periph/s00_couplers/auto_pc/inst/gen_axilite.gen_b2s_conv.axilite_b2s/SI_REG/aw.aw_pipe/s_ready_i_reg_0             |                2 |              4 |
|  iicComm4_i/processing_system7_0/inst/FCLK_CLK0 | iicComm4_i/iiccomm4_0/inst/iiccomm4_AXILiteS_s_axi_U/waddr                                                                                                     |                                                                                                                                          |                1 |              4 |
|  iicComm4_i/processing_system7_0/inst/FCLK_CLK0 | iicComm4_i/axi_iic_0/U0/X_IIC/X_AXI_IPIF_SSP1/AXI_LITE_IPIF_I/I_SLAVE_ATTACHMENT/I_DECODER/Bus2IIC_WrCE[11]                                                    | iicComm4_i/axi_iic_0/U0/X_IIC/X_AXI_IPIF_SSP1/X_SOFT_RESET/SR[0]                                                                         |                1 |              5 |
|  iicComm4_i/processing_system7_0/inst/FCLK_CLK0 | iicComm4_i/iiccomm4_0/inst/iiccomm4_AXILiteS_s_axi_U/ar_hs                                                                                                     |                                                                                                                                          |                2 |              5 |
|  iicComm4_i/processing_system7_0/inst/FCLK_CLK0 |                                                                                                                                                                | iicComm4_i/rst_ps7_0_100M/U0/EXT_LPF/lpf_int                                                                                             |                3 |              5 |
|  iicComm4_i/processing_system7_0/inst/FCLK_CLK0 | iicComm4_i/iiccomm4_0/inst/iiccomm4_iic_m_axi_U/bus_read/rs_rreq/ap_CS_fsm_reg[1]                                                                              | iicComm4_i/iiccomm4_0/inst/iiccomm4_OUTPUTS_s_axi_U/ap_rst_n_inv                                                                         |                1 |              6 |
|  iicComm4_i/processing_system7_0/inst/FCLK_CLK0 | iicComm4_i/iiccomm4_0/inst/iiccomm4_iic_m_axi_U/bus_read/rs_rdata/data_p2_reg[10]_0[0]                                                                         |                                                                                                                                          |                2 |              6 |
|  iicComm4_i/processing_system7_0/inst/FCLK_CLK0 | iicComm4_i/rst_ps7_0_100M/U0/SEQ/seq_cnt_en                                                                                                                    | iicComm4_i/rst_ps7_0_100M/U0/SEQ/SEQ_COUNTER/clear                                                                                       |                1 |              6 |
|  iicComm4_i/processing_system7_0/inst/FCLK_CLK0 | iicComm4_i/iiccomm4_0/inst/iiccomm4_iic_m_axi_U/bus_read/rs_rdata/ap_CS_fsm_reg[11][0]                                                                         | iicComm4_i/iiccomm4_0/inst/iiccomm4_OUTPUTS_s_axi_U/ap_rst_n_inv                                                                         |                2 |              6 |
|  iicComm4_i/processing_system7_0/inst/FCLK_CLK0 | iicComm4_i/iiccomm4_0/inst/iiccomm4_iic_m_axi_U/bus_read/fifo_rctl/p_21_in                                                                                     | iicComm4_i/iiccomm4_0/inst/iiccomm4_iic_m_axi_U/bus_read/fifo_rctl/could_multi_bursts.loop_cnt_reg[5][0]                                 |                2 |              6 |
|  iicComm4_i/processing_system7_0/inst/FCLK_CLK0 | iicComm4_i/iiccomm4_0/inst/iiccomm4_iic_m_axi_U/bus_read/rs_rreq/load_p1                                                                                       |                                                                                                                                          |                3 |              6 |
|  iicComm4_i/processing_system7_0/inst/FCLK_CLK0 |                                                                                                                                                                | iicComm4_i/axi_iic_0/U0/X_IIC/X_AXI_IPIF_SSP1/X_SOFT_RESET/AXI_Bus2IP_Reset                                                              |                1 |              6 |
|  iicComm4_i/processing_system7_0/inst/FCLK_CLK0 |                                                                                                                                                                | iicComm4_i/axi_iic_0/U0/X_IIC/REG_INTERFACE_I/Tx_fifo_rst                                                                                |                3 |              6 |
|  iicComm4_i/processing_system7_0/inst/FCLK_CLK0 | iicComm4_i/iiccomm4_0/inst/iiccomm4_iic_m_axi_U/bus_read/fifo_rctl/E[0]                                                                                        | iicComm4_i/iiccomm4_0/inst/iiccomm4_iic_m_axi_U/bus_read/fifo_rctl/SR[0]                                                                 |                3 |              7 |
|  iicComm4_i/processing_system7_0/inst/FCLK_CLK0 | iicComm4_i/axi_iic_0/U0/X_IIC/X_AXI_IPIF_SSP1/AXI_LITE_IPIF_I/I_SLAVE_ATTACHMENT/I_DECODER/Bus2IIC_WrCE[9]                                                     | iicComm4_i/axi_iic_0/U0/X_IIC/X_AXI_IPIF_SSP1/X_SOFT_RESET/SR[0]                                                                         |                2 |              7 |
|  iicComm4_i/processing_system7_0/inst/FCLK_CLK0 | iicComm4_i/axi_iic_0/U0/X_IIC/IIC_CONTROL_I/BITCNT/E[0]                                                                                                        | iicComm4_i/axi_iic_0/U0/X_IIC/IIC_CONTROL_I/state0                                                                                       |                4 |              7 |
|  iicComm4_i/processing_system7_0/inst/FCLK_CLK0 | iicComm4_i/axi_iic_0/U0/X_IIC/IIC_CONTROL_I/I2CDATA_REG/data_int[7]_i_1_n_0                                                                                    | iicComm4_i/axi_iic_0/U0/X_IIC/REG_INTERFACE_I/SR[0]                                                                                      |                2 |              8 |
|  iicComm4_i/processing_system7_0/inst/FCLK_CLK0 | iicComm4_i/ps7_0_axi_periph/s01_couplers/auto_pc/inst/gen_axilite.gen_b2s_conv.axilite_b2s/WR.aw_channel_0/aw_cmd_fsm_0/axaddr_wrap_reg[0][0]                  |                                                                                                                                          |                4 |              8 |
|  iicComm4_i/processing_system7_0/inst/FCLK_CLK0 | iicComm4_i/ps7_0_axi_periph/s00_couplers/auto_pc/inst/gen_axilite.gen_b2s_conv.axilite_b2s/WR.b_channel_0/mhandshake_r                                         | iicComm4_i/ps7_0_axi_periph/s00_couplers/auto_pc/inst/gen_axilite.gen_b2s_conv.axilite_b2s/WR.b_channel_0/bid_fifo_0/SR[0]               |                2 |              8 |
|  iicComm4_i/processing_system7_0/inst/FCLK_CLK0 | iicComm4_i/axi_iic_0/U0/X_IIC/WRITE_FIFO_I/CI                                                                                                                  |                                                                                                                                          |                1 |              8 |
|  iicComm4_i/processing_system7_0/inst/FCLK_CLK0 | iicComm4_i/axi_iic_0/U0/X_IIC/X_AXI_IPIF_SSP1/AXI_LITE_IPIF_I/I_SLAVE_ATTACHMENT/I_DECODER/E[0]                                                                | iicComm4_i/axi_iic_0/U0/X_IIC/X_AXI_IPIF_SSP1/X_SOFT_RESET/SR[0]                                                                         |                1 |              8 |
|  iicComm4_i/processing_system7_0/inst/FCLK_CLK0 | iicComm4_i/ps7_0_axi_periph/s01_couplers/auto_pc/inst/gen_axilite.gen_b2s_conv.axilite_b2s/RD.ar_channel_0/ar_cmd_fsm_0/axaddr_wrap_reg[11][0]                 |                                                                                                                                          |                3 |              8 |
|  iicComm4_i/processing_system7_0/inst/FCLK_CLK0 | iicComm4_i/axi_iic_0/U0/X_IIC/DYN_MASTER_I/rdByteCntr[0]_i_1_n_0                                                                                               | iicComm4_i/axi_iic_0/U0/X_IIC/REG_INTERFACE_I/Tx_fifo_rst                                                                                |                3 |              8 |
|  iicComm4_i/processing_system7_0/inst/FCLK_CLK0 | iicComm4_i/iiccomm4_0/inst/iiccomm4_iic_m_axi_U/bus_read/buff_rdata/usedw[7]_i_1_n_0                                                                           | iicComm4_i/iiccomm4_0/inst/iiccomm4_OUTPUTS_s_axi_U/ap_rst_n_inv                                                                         |                3 |              8 |
|  iicComm4_i/processing_system7_0/inst/FCLK_CLK0 |                                                                                                                                                                | iicComm4_i/axi_iic_0/U0/X_IIC/X_AXI_IPIF_SSP1/AXI_LITE_IPIF_I/I_SLAVE_ATTACHMENT/rst                                                     |                4 |              8 |
|  iicComm4_i/processing_system7_0/inst/FCLK_CLK0 | iicComm4_i/ps7_0_axi_periph/s01_couplers/auto_pc/inst/gen_axilite.gen_b2s_conv.axilite_b2s/WR.b_channel_0/mhandshake_r                                         | iicComm4_i/ps7_0_axi_periph/s01_couplers/auto_pc/inst/gen_axilite.gen_b2s_conv.axilite_b2s/WR.b_channel_0/bid_fifo_0/SR[0]               |                3 |              8 |
|  iicComm4_i/processing_system7_0/inst/FCLK_CLK0 | iicComm4_i/axi_iic_0/U0/X_IIC/IIC_CONTROL_I/data_i2c_i0                                                                                                        | iicComm4_i/axi_iic_0/U0/X_IIC/REG_INTERFACE_I/SR[0]                                                                                      |                1 |              8 |
|  iicComm4_i/processing_system7_0/inst/FCLK_CLK0 | iicComm4_i/axi_iic_0/U0/X_IIC/IIC_CONTROL_I/i2c_header_en                                                                                                      | iicComm4_i/axi_iic_0/U0/X_IIC/REG_INTERFACE_I/SR[0]                                                                                      |                1 |              8 |
|  iicComm4_i/processing_system7_0/inst/FCLK_CLK0 | iicComm4_i/axi_iic_0/U0/X_IIC/READ_FIFO_I/CI                                                                                                                   |                                                                                                                                          |                1 |              8 |
|  iicComm4_i/processing_system7_0/inst/FCLK_CLK0 | iicComm4_i/iiccomm4_0/inst/iiccomm4_iic_m_axi_U/bus_read/buff_rdata/push                                                                                       | iicComm4_i/iiccomm4_0/inst/iiccomm4_OUTPUTS_s_axi_U/ap_rst_n_inv                                                                         |                2 |              9 |
|  iicComm4_i/processing_system7_0/inst/FCLK_CLK0 | iicComm4_i/iiccomm4_0/inst/iiccomm4_iic_m_axi_U/bus_read/rs_rreq/push                                                                                          |                                                                                                                                          |                3 |              9 |
|  iicComm4_i/processing_system7_0/inst/FCLK_CLK0 |                                                                                                                                                                | iicComm4_i/ps7_0_axi_periph/xbar/inst/gen_sasd.crossbar_sasd_0/addr_arbiter_inst/SR[0]                                                   |                7 |             10 |
|  iicComm4_i/processing_system7_0/inst/FCLK_CLK0 | iicComm4_i/axi_iic_0/U0/X_IIC/IIC_CONTROL_I/SETUP_CNT/q_int[0]_i_1__1_n_0                                                                                      | iicComm4_i/axi_iic_0/U0/X_IIC/REG_INTERFACE_I/SR[0]                                                                                      |                2 |             10 |
|  iicComm4_i/processing_system7_0/inst/FCLK_CLK0 | iicComm4_i/axi_iic_0/U0/X_IIC/X_AXI_IPIF_SSP1/AXI_LITE_IPIF_I/I_SLAVE_ATTACHMENT/I_DECODER/Bus2IIC_WrCE[2]                                                     | iicComm4_i/axi_iic_0/U0/X_IIC/X_AXI_IPIF_SSP1/X_SOFT_RESET/SR[0]                                                                         |                3 |             10 |
|  iicComm4_i/processing_system7_0/inst/FCLK_CLK0 | iicComm4_i/axi_iic_0/U0/X_IIC/IIC_CONTROL_I/CLKCNT/q_int[0]_i_1_n_0                                                                                            | iicComm4_i/axi_iic_0/U0/X_IIC/REG_INTERFACE_I/SR[0]                                                                                      |                2 |             10 |
|  iicComm4_i/processing_system7_0/inst/FCLK_CLK0 | iicComm4_i/axi_iic_0/U0/X_IIC/X_AXI_IPIF_SSP1/AXI_LITE_IPIF_I/I_SLAVE_ATTACHMENT/bus2ip_addr_i[8]_i_1_n_0                                                      | iicComm4_i/axi_iic_0/U0/X_IIC/X_AXI_IPIF_SSP1/AXI_LITE_IPIF_I/I_SLAVE_ATTACHMENT/rst                                                     |                5 |             10 |
|  iicComm4_i/processing_system7_0/inst/FCLK_CLK0 | iicComm4_i/axi_iic_0/U0/X_IIC/X_AXI_IPIF_SSP1/AXI_LITE_IPIF_I/I_SLAVE_ATTACHMENT/I_DECODER/Bus2IIC_WrCE[0]                                                     | iicComm4_i/axi_iic_0/U0/X_IIC/X_AXI_IPIF_SSP1/X_SOFT_RESET/SR[0]                                                                         |                5 |             10 |
|  iicComm4_i/processing_system7_0/inst/FCLK_CLK0 | iicComm4_i/axi_iic_0/U0/X_IIC/X_AXI_IPIF_SSP1/AXI_LITE_IPIF_I/I_SLAVE_ATTACHMENT/I_DECODER/Bus2IIC_WrCE[1]                                                     | iicComm4_i/axi_iic_0/U0/X_IIC/X_AXI_IPIF_SSP1/X_SOFT_RESET/SR[0]                                                                         |                4 |             10 |
|  iicComm4_i/processing_system7_0/inst/FCLK_CLK0 | iicComm4_i/iiccomm4_0/inst/iiccomm4_iic_m_axi_U/bus_read/fifo_rctl/sect_len_buf_reg[9]_0                                                                       | iicComm4_i/iiccomm4_0/inst/iiccomm4_OUTPUTS_s_axi_U/ap_rst_n_inv                                                                         |                4 |             10 |
|  iicComm4_i/processing_system7_0/inst/FCLK_CLK0 | iicComm4_i/axi_iic_0/U0/X_IIC/X_AXI_IPIF_SSP1/AXI_LITE_IPIF_I/I_SLAVE_ATTACHMENT/I_DECODER/Bus2IIC_WrCE[3]                                                     | iicComm4_i/axi_iic_0/U0/X_IIC/X_AXI_IPIF_SSP1/X_SOFT_RESET/SR[0]                                                                         |                3 |             10 |
|  iicComm4_i/processing_system7_0/inst/FCLK_CLK0 | iicComm4_i/iiccomm4_0/inst/iiccomm4_iic_m_axi_U/bus_read/fifo_rreq/pop0                                                                                        | iicComm4_i/iiccomm4_0/inst/iiccomm4_OUTPUTS_s_axi_U/ap_rst_n_inv                                                                         |                4 |             10 |
|  iicComm4_i/processing_system7_0/inst/FCLK_CLK0 | iicComm4_i/iiccomm4_0/inst/iiccomm4_iic_m_axi_U/bus_read/fifo_rreq/E[0]                                                                                        | iicComm4_i/iiccomm4_0/inst/iiccomm4_OUTPUTS_s_axi_U/ap_rst_n_inv                                                                         |                2 |             10 |
|  iicComm4_i/processing_system7_0/inst/FCLK_CLK0 | iicComm4_i/axi_iic_0/U0/X_IIC/X_AXI_IPIF_SSP1/AXI_LITE_IPIF_I/I_SLAVE_ATTACHMENT/I_DECODER/Bus2IIC_WrCE[7]                                                     | iicComm4_i/axi_iic_0/U0/X_IIC/X_AXI_IPIF_SSP1/X_SOFT_RESET/SR[0]                                                                         |                3 |             10 |
|  iicComm4_i/processing_system7_0/inst/FCLK_CLK0 | iicComm4_i/axi_iic_0/U0/X_IIC/X_AXI_IPIF_SSP1/AXI_LITE_IPIF_I/I_SLAVE_ATTACHMENT/I_DECODER/Bus2IIC_WrCE[6]                                                     | iicComm4_i/axi_iic_0/U0/X_IIC/X_AXI_IPIF_SSP1/X_SOFT_RESET/SR[0]                                                                         |                4 |             10 |
|  iicComm4_i/processing_system7_0/inst/FCLK_CLK0 | iicComm4_i/axi_iic_0/U0/X_IIC/X_AXI_IPIF_SSP1/AXI_LITE_IPIF_I/I_SLAVE_ATTACHMENT/I_DECODER/Bus2IIC_WrCE[5]                                                     | iicComm4_i/axi_iic_0/U0/X_IIC/X_AXI_IPIF_SSP1/X_SOFT_RESET/SR[0]                                                                         |                3 |             10 |
|  iicComm4_i/processing_system7_0/inst/FCLK_CLK0 | iicComm4_i/axi_iic_0/U0/X_IIC/X_AXI_IPIF_SSP1/AXI_LITE_IPIF_I/I_SLAVE_ATTACHMENT/I_DECODER/Bus2IIC_WrCE[4]                                                     | iicComm4_i/axi_iic_0/U0/X_IIC/X_AXI_IPIF_SSP1/X_SOFT_RESET/SR[0]                                                                         |                4 |             10 |
|  iicComm4_i/processing_system7_0/inst/FCLK_CLK0 | iicComm4_i/ps7_0_axi_periph/xbar/inst/gen_sasd.crossbar_sasd_0/reg_slice_r/aa_rready                                                                           |                                                                                                                                          |                3 |             11 |
|  iicComm4_i/processing_system7_0/inst/FCLK_CLK0 | iicComm4_i/ps7_0_axi_periph/s00_couplers/auto_pc/inst/gen_axilite.gen_b2s_conv.axilite_b2s/RD.ar_channel_0/ar_cmd_fsm_0/E[0]                                   |                                                                                                                                          |                6 |             12 |
|  iicComm4_i/processing_system7_0/inst/FCLK_CLK0 | iicComm4_i/ps7_0_axi_periph/s00_couplers/auto_pc/inst/gen_axilite.gen_b2s_conv.axilite_b2s/RD.ar_channel_0/ar_cmd_fsm_0/axaddr_incr_reg[0][0]                  |                                                                                                                                          |                3 |             12 |
|  iicComm4_i/processing_system7_0/inst/FCLK_CLK0 | iicComm4_i/ps7_0_axi_periph/s01_couplers/auto_pc/inst/gen_axilite.gen_b2s_conv.axilite_b2s/WR.aw_channel_0/cmd_translator_0/incr_cmd_0/axaddr_incr[11]_i_1_n_0 |                                                                                                                                          |                2 |             12 |
|  iicComm4_i/processing_system7_0/inst/FCLK_CLK0 | iicComm4_i/ps7_0_axi_periph/s00_couplers/auto_pc/inst/gen_axilite.gen_b2s_conv.axilite_b2s/WR.aw_channel_0/aw_cmd_fsm_0/wrap_boundary_axaddr_r_reg[0][0]       |                                                                                                                                          |                6 |             12 |
|  iicComm4_i/processing_system7_0/inst/FCLK_CLK0 | iicComm4_i/ps7_0_axi_periph/s00_couplers/auto_pc/inst/gen_axilite.gen_b2s_conv.axilite_b2s/WR.aw_channel_0/cmd_translator_0/incr_cmd_0/axaddr_incr[11]_i_1_n_0 |                                                                                                                                          |                3 |             12 |
|  iicComm4_i/processing_system7_0/inst/FCLK_CLK0 | iicComm4_i/ps7_0_axi_periph/s01_couplers/auto_pc/inst/gen_axilite.gen_b2s_conv.axilite_b2s/RD.ar_channel_0/ar_cmd_fsm_0/axaddr_incr_reg[0][0]                  |                                                                                                                                          |                3 |             12 |
|  iicComm4_i/processing_system7_0/inst/FCLK_CLK0 | iicComm4_i/axi_iic_0/U0/X_IIC/X_AXI_IPIF_SSP1/AXI_LITE_IPIF_I/I_SLAVE_ATTACHMENT/s_axi_rdata_i                                                                 | iicComm4_i/axi_iic_0/U0/X_IIC/X_AXI_IPIF_SSP1/AXI_LITE_IPIF_I/I_SLAVE_ATTACHMENT/rst                                                     |                5 |             12 |
|  iicComm4_i/processing_system7_0/inst/FCLK_CLK0 | iicComm4_i/ps7_0_axi_periph/s00_couplers/auto_pc/inst/gen_axilite.gen_b2s_conv.axilite_b2s/RD.r_channel_0/rd_data_fifo_0/wr_en0                                |                                                                                                                                          |                4 |             13 |
|  iicComm4_i/processing_system7_0/inst/FCLK_CLK0 | iicComm4_i/ps7_0_axi_periph/s00_couplers/auto_pc/inst/gen_axilite.gen_b2s_conv.axilite_b2s/RD.r_channel_0/r_push_r                                             |                                                                                                                                          |                4 |             13 |
|  iicComm4_i/processing_system7_0/inst/FCLK_CLK0 | iicComm4_i/ps7_0_axi_periph/s01_couplers/auto_pc/inst/gen_axilite.gen_b2s_conv.axilite_b2s/RD.r_channel_0/rd_data_fifo_0/wr_en0                                |                                                                                                                                          |                4 |             13 |
|  iicComm4_i/processing_system7_0/inst/FCLK_CLK0 | iicComm4_i/ps7_0_axi_periph/xbar/inst/gen_sasd.crossbar_sasd_0/addr_arbiter_inst/E[0]                                                                          |                                                                                                                                          |                3 |             14 |
|  iicComm4_i/processing_system7_0/inst/FCLK_CLK0 | iicComm4_i/ps7_0_axi_periph/s01_couplers/auto_pc/inst/gen_axilite.gen_b2s_conv.axilite_b2s/SI_REG/r.r_pipe/skid_buffer_reg[0]_0                                |                                                                                                                                          |                2 |             14 |
|  iicComm4_i/processing_system7_0/inst/FCLK_CLK0 | iicComm4_i/ps7_0_axi_periph/s01_couplers/auto_pc/inst/gen_axilite.gen_b2s_conv.axilite_b2s/SI_REG/r.r_pipe/p_1_in                                              |                                                                                                                                          |                2 |             14 |
|  iicComm4_i/processing_system7_0/inst/FCLK_CLK0 | iicComm4_i/ps7_0_axi_periph/s00_couplers/auto_pc/inst/gen_axilite.gen_b2s_conv.axilite_b2s/SI_REG/b.b_pipe/p_1_in                                              |                                                                                                                                          |                3 |             14 |
|  iicComm4_i/processing_system7_0/inst/FCLK_CLK0 | iicComm4_i/ps7_0_axi_periph/s00_couplers/auto_pc/inst/gen_axilite.gen_b2s_conv.axilite_b2s/SI_REG/b.b_pipe/skid_buffer_reg[0]_0                                |                                                                                                                                          |                2 |             14 |
|  iicComm4_i/processing_system7_0/inst/FCLK_CLK0 | iicComm4_i/ps7_0_axi_periph/s00_couplers/auto_pc/inst/gen_axilite.gen_b2s_conv.axilite_b2s/WR.aw_channel_0/aw_cmd_fsm_0/b_push                                 |                                                                                                                                          |                3 |             16 |
|  iicComm4_i/processing_system7_0/inst/FCLK_CLK0 | iicComm4_i/iiccomm4_0/inst/iiccomm4_iic_m_axi_U/bus_read/fifo_rreq/sect_cnt_reg[19][0]                                                                         | iicComm4_i/iiccomm4_0/inst/iiccomm4_OUTPUTS_s_axi_U/ap_rst_n_inv                                                                         |                6 |             20 |
|  iicComm4_i/processing_system7_0/inst/FCLK_CLK0 | iicComm4_i/iiccomm4_0/inst/iiccomm4_iic_m_axi_U/bus_read/fifo_rctl/E[0]                                                                                        | iicComm4_i/iiccomm4_0/inst/iiccomm4_OUTPUTS_s_axi_U/ap_rst_n_inv                                                                         |                8 |             20 |
|  iicComm4_i/processing_system7_0/inst/FCLK_CLK0 | iicComm4_i/ps7_0_axi_periph/s00_couplers/auto_pc/inst/gen_axilite.gen_b2s_conv.axilite_b2s/RD.ar_channel_0/ar_cmd_fsm_0/axlen_cnt_reg[4][0]                    |                                                                                                                                          |                7 |             21 |
|  iicComm4_i/processing_system7_0/inst/FCLK_CLK0 | iicComm4_i/ps7_0_axi_periph/s00_couplers/auto_pc/inst/gen_axilite.gen_b2s_conv.axilite_b2s/WR.aw_channel_0/aw_cmd_fsm_0/E[0]                                   |                                                                                                                                          |                9 |             21 |
|  iicComm4_i/processing_system7_0/inst/FCLK_CLK0 | iicComm4_i/axi_iic_0/U0/X_IIC/X_AXI_IPIF_SSP1/AXI_LITE_IPIF_I/I_SLAVE_ATTACHMENT/start2                                                                        | iicComm4_i/axi_iic_0/U0/X_IIC/X_AXI_IPIF_SSP1/AXI_LITE_IPIF_I/I_SLAVE_ATTACHMENT/I_DECODER/cs_ce_clr                                     |                8 |             24 |
|  iicComm4_i/processing_system7_0/inst/FCLK_CLK0 | iicComm4_i/ps7_0_axi_periph/s00_couplers/auto_pc/inst/gen_axilite.gen_b2s_conv.axilite_b2s/SI_REG/r.r_pipe/skid_buffer_reg[0]_0                                |                                                                                                                                          |                4 |             26 |
|  iicComm4_i/processing_system7_0/inst/FCLK_CLK0 | iicComm4_i/ps7_0_axi_periph/s00_couplers/auto_pc/inst/gen_axilite.gen_b2s_conv.axilite_b2s/SI_REG/r.r_pipe/p_1_in                                              |                                                                                                                                          |                4 |             26 |
|  iicComm4_i/processing_system7_0/inst/FCLK_CLK0 | iicComm4_i/ps7_0_axi_periph/xbar/inst/gen_sasd.crossbar_sasd_0/addr_arbiter_inst/p_0_in                                                                        | iicComm4_i/ps7_0_axi_periph/xbar/inst/gen_sasd.crossbar_sasd_0/addr_arbiter_inst/SR[0]                                                   |               14 |             29 |
|  iicComm4_i/processing_system7_0/inst/FCLK_CLK0 | iicComm4_i/iiccomm4_0/inst/iiccomm4_iic_m_axi_U/bus_read/fifo_rctl/p_21_in                                                                                     | iicComm4_i/iiccomm4_0/inst/iiccomm4_OUTPUTS_s_axi_U/ap_rst_n_inv                                                                         |                9 |             30 |
|  iicComm4_i/processing_system7_0/inst/FCLK_CLK0 | iicComm4_i/ps7_0_axi_periph/s01_couplers/auto_pc/inst/gen_axilite.gen_b2s_conv.axilite_b2s/RD.ar_channel_0/ar_cmd_fsm_0/m_payload_i_reg[0]_0[0]                |                                                                                                                                          |                6 |             36 |
|  iicComm4_i/processing_system7_0/inst/FCLK_CLK0 | iicComm4_i/ps7_0_axi_periph/s01_couplers/auto_pc/inst/gen_axilite.gen_b2s_conv.axilite_b2s/SI_REG/ar.ar_pipe/s_axi_arready                                     |                                                                                                                                          |               10 |             36 |
|  iicComm4_i/processing_system7_0/inst/FCLK_CLK0 |                                                                                                                                                                | iicComm4_i/ps7_0_axi_periph/s01_couplers/auto_pc/inst/gen_axilite.gen_b2s_conv.axilite_b2s/areset_d1                                     |               12 |             37 |
|  iicComm4_i/processing_system7_0/inst/FCLK_CLK0 |                                                                                                                                                                | iicComm4_i/axi_iic_0/U0/X_IIC/REG_INTERFACE_I/SR[0]                                                                                      |               14 |             40 |
|  iicComm4_i/processing_system7_0/inst/FCLK_CLK0 |                                                                                                                                                                | iicComm4_i/axi_iic_0/U0/X_IIC/X_AXI_IPIF_SSP1/X_SOFT_RESET/SR[0]                                                                         |                9 |             42 |
|  iicComm4_i/processing_system7_0/inst/FCLK_CLK0 | iicComm4_i/iiccomm4_0/inst/iiccomm4_iic_m_axi_U/bus_read/fifo_rctl/next_rreq                                                                                   | iicComm4_i/iiccomm4_0/inst/iiccomm4_OUTPUTS_s_axi_U/ap_rst_n_inv                                                                         |               12 |             43 |
|  iicComm4_i/processing_system7_0/inst/FCLK_CLK0 |                                                                                                                                                                | iicComm4_i/iiccomm4_0/inst/iiccomm4_OUTPUTS_s_axi_U/ap_rst_n_inv                                                                         |               17 |             48 |
|  iicComm4_i/processing_system7_0/inst/FCLK_CLK0 | iicComm4_i/ps7_0_axi_periph/s00_couplers/auto_pc/inst/gen_axilite.gen_b2s_conv.axilite_b2s/SI_REG/aw.aw_pipe/s_axi_awready                                     |                                                                                                                                          |               12 |             52 |
|  iicComm4_i/processing_system7_0/inst/FCLK_CLK0 | iicComm4_i/ps7_0_axi_periph/s00_couplers/auto_pc/inst/gen_axilite.gen_b2s_conv.axilite_b2s/SI_REG/ar.ar_pipe/s_axi_arready                                     |                                                                                                                                          |               11 |             52 |
|  iicComm4_i/processing_system7_0/inst/FCLK_CLK0 | iicComm4_i/ps7_0_axi_periph/s00_couplers/auto_pc/inst/gen_axilite.gen_b2s_conv.axilite_b2s/RD.ar_channel_0/ar_cmd_fsm_0/m_payload_i_reg[0]_1[0]                |                                                                                                                                          |               14 |             52 |
|  iicComm4_i/processing_system7_0/inst/FCLK_CLK0 | iicComm4_i/ps7_0_axi_periph/s00_couplers/auto_pc/inst/gen_axilite.gen_b2s_conv.axilite_b2s/WR.aw_channel_0/aw_cmd_fsm_0/m_payload_i_reg[0][0]                  |                                                                                                                                          |               11 |             52 |
|  iicComm4_i/processing_system7_0/inst/FCLK_CLK0 |                                                                                                                                                                | iicComm4_i/ps7_0_axi_periph/s00_couplers/auto_pc/inst/gen_axilite.gen_b2s_conv.axilite_b2s/areset_d1                                     |               14 |             54 |
|  iicComm4_i/processing_system7_0/inst/FCLK_CLK0 |                                                                                                                                                                |                                                                                                                                          |               67 |            180 |
+-------------------------------------------------+----------------------------------------------------------------------------------------------------------------------------------------------------------------+------------------------------------------------------------------------------------------------------------------------------------------+------------------+----------------+


+--------+-----------------------+
| Fanout | Number of ControlSets |
+--------+-----------------------+
| 1      |                     3 |
| 2      |                     4 |
| 3      |                     1 |
| 4      |                    17 |
| 5      |                     3 |
| 6      |                     8 |
| 7      |                     3 |
| 8      |                    13 |
| 9      |                     2 |
| 10     |                    15 |
| 11     |                     1 |
| 12     |                     7 |
| 13     |                     3 |
| 14     |                     5 |
| 16+    |                    23 |
+--------+-----------------------+


